Hydro_R2_AR1_T12_N5_15_I10000_Time60_DW_DUAL_MC_DS_0.0080_cube
Multicut: True
Dynamic Sampling: True
==============================================================================================
Pass              LB             iUB             iHW    Wall time           Other
==============================================================================================
   0 -1.00000858e+08             inf     0.00000e+00            0.01     0.00000e+00
  10 -5.07077363e+03             inf     0.00000e+00            0.82     0.00000e+00
  20 -5.06116774e+03             inf     0.00000e+00            2.55     0.00000e+00
  30 -5.05914289e+03             inf     0.00000e+00            4.79     0.00000e+00
  40 -5.05663869e+03             inf     0.00000e+00            6.85     0.00000e+00
  50 -5.05625945e+03             inf     0.00000e+00            9.39     0.00000e+00
  60 -5.05617638e+03             inf     0.00000e+00           12.53     0.00000e+00
  70 -5.05615790e+03             inf     0.00000e+00           16.55     0.00000e+00
  80 -5.05589701e+03             inf     0.00000e+00           22.56     0.00000e+00
  90 -5.05586510e+03             inf     0.00000e+00           29.17     0.00000e+00
 100 -5.05568049e+03             inf     0.00000e+00           36.03     0.00000e+00
 110 -5.05510810e+03             inf     0.00000e+00           43.87     0.00000e+00
 120 -5.05504205e+03             inf     0.00000e+00           50.88     0.00000e+00
 130 -5.05503346e+03             inf     0.00000e+00           57.63     0.00000e+00
 134 -5.05502813e+03             inf     0.00000e+00           60.47     0.00000e+00
==============================================================================================
Pass              LB             iUB             iHW       F time       B time    Wall time
Sim1000    -5.05503e+03    -1.18971e+03     8.75229e+02         0.00         0.00        80.63
==============================================================================================
