Hydro_R10_AR1_T10_N10_I10000ESS_DUAL_MC_DW_100.000000_DS
Multicut: True
Dynamic Sampling: True
==============================================================================================
Pass              LB             iUB             iHW    Wall time           Other
==============================================================================================
   0 -1.00006458e+08             inf     0.00000e+00            0.01     0.00000e+00
  10 -4.60530941e+04             inf     0.00000e+00            0.70     0.00000e+00
  20 -4.55631196e+04             inf     0.00000e+00            1.52     0.00000e+00
  30 -4.55335602e+04             inf     0.00000e+00            2.39     0.00000e+00
  40 -4.55297661e+04             inf     0.00000e+00            3.33     0.00000e+00
  50 -4.55293946e+04             inf     0.00000e+00            4.31     0.00000e+00
  60 -4.55293942e+04             inf     0.00000e+00            5.34     0.00000e+00
  70 -4.55293942e+04             inf     0.00000e+00            6.37     0.00000e+00
  80 -4.55293942e+04             inf     0.00000e+00            7.41     0.00000e+00
  90 -4.55293942e+04             inf     0.00000e+00            8.50     0.00000e+00
 100 -4.55293942e+04             inf     0.00000e+00            9.63     0.00000e+00
 110 -4.55293942e+04             inf     0.00000e+00           10.80     0.00000e+00
 120 -4.55293942e+04             inf     0.00000e+00           11.99     0.00000e+00
 130 -4.55293942e+04             inf     0.00000e+00           13.21     0.00000e+00
 140 -4.55293942e+04             inf     0.00000e+00           14.48     0.00000e+00
 150 -4.55293942e+04             inf     0.00000e+00           15.77     0.00000e+00
 160 -4.55293942e+04             inf     0.00000e+00           17.15     0.00000e+00
 170 -4.55293942e+04             inf     0.00000e+00           18.49     0.00000e+00
 180 -4.55293942e+04             inf     0.00000e+00           19.87     0.00000e+00
 190 -4.55293942e+04             inf     0.00000e+00           21.28     0.00000e+00
 200 -4.55293942e+04             inf     0.00000e+00           22.72     0.00000e+00
 210 -4.55293942e+04             inf     0.00000e+00           24.27     0.00000e+00
 220 -4.55293942e+04             inf     0.00000e+00           25.79     0.00000e+00
 230 -4.55293942e+04             inf     0.00000e+00           27.37     0.00000e+00
 240 -4.55293942e+04             inf     0.00000e+00           28.95     0.00000e+00
 250 -4.55293942e+04             inf     0.00000e+00           30.61     0.00000e+00
 260 -4.55293942e+04             inf     0.00000e+00           32.25     0.00000e+00
 270 -4.55293942e+04             inf     0.00000e+00           33.98     0.00000e+00
 280 -4.55293942e+04             inf     0.00000e+00           35.72     0.00000e+00
 290 -4.55293942e+04             inf     0.00000e+00           37.50     0.00000e+00
 300 -4.55293942e+04             inf     0.00000e+00           39.29     0.00000e+00
 310 -4.55293942e+04             inf     0.00000e+00           41.10     0.00000e+00
 320 -4.55293942e+04             inf     0.00000e+00           42.95     0.00000e+00
 330 -4.55293942e+04             inf     0.00000e+00           44.94     0.00000e+00
 340 -4.55293942e+04             inf     0.00000e+00           46.89     0.00000e+00
 350 -4.55293942e+04             inf     0.00000e+00           48.89     0.00000e+00
 360 -4.55293942e+04             inf     0.00000e+00           50.91     0.00000e+00
 370 -4.55293942e+04             inf     0.00000e+00           53.26     0.00000e+00
