Hydro_R10_AR1_T12_N10_10_I10000_Time20_DW_DUAL_MC_DS_0.6000000_None
Multicut: True
Dynamic Sampling: True
==============================================================================================
Pass              LB             iUB             iHW    Wall time           Other
==============================================================================================
   0 -1.00004104e+08             inf     0.00000e+00            0.01     0.00000e+00
  10 -3.34038122e+04             inf     0.00000e+00            0.79     0.00000e+00
  20 -3.32998410e+04             inf     0.00000e+00            1.89     0.00000e+00
  30 -3.32806705e+04             inf     0.00000e+00            3.22     0.00000e+00
  40 -3.32765553e+04             inf     0.00000e+00            4.93     0.00000e+00
  50 -3.32720660e+04             inf     0.00000e+00            6.92     0.00000e+00
  60 -3.32704759e+04             inf     0.00000e+00            9.18     0.00000e+00
  70 -3.32685312e+04             inf     0.00000e+00           11.68     0.00000e+00
  80 -3.32670384e+04             inf     0.00000e+00           14.49     0.00000e+00
  90 -3.32653500e+04             inf     0.00000e+00           17.57     0.00000e+00
  98 -3.32648489e+04             inf     0.00000e+00           20.33     0.00000e+00
Time profiling
           Pass        # LPs        setup      simplex       output   cut update      cut gen        other        total
        Forward         1188         0.19         0.79         0.07         0.00         0.00         0.40         1.45
       Backward        10780         1.85         6.05         9.14         0.03         1.53         0.27        18.88
==============================================================================================
Pass              LB             iUB             iHW       F time       B time    Wall time
Sim500    -3.32648e+04    -3.45109e+04     2.01974e+02         0.00         0.00        33.72
==============================================================================================
Mean:   	 -34510.95
Median: 	 -34475.51
SD:     	   2258.14
20-80: 	( -36220.90,  -32663.10)
10-90: 	( -37314.77,  -31633.49)
05-95: 	( -38293.65,  -30866.33)
