Hydro_R2_AR1_T12_N5_15_I10000_Time60_DW_DUAL_MC_DS_0.0400_cvx_hull2
Multicut: True
Dynamic Sampling: True
==============================================================================================
Pass              LB             iUB             iHW    Wall time           Other
==============================================================================================
   0 -1.00000858e+08             inf     0.00000e+00            0.01     0.00000e+00
  10 -5.05153215e+03             inf     0.00000e+00            1.41     0.00000e+00
  20 -5.04141227e+03             inf     0.00000e+00            3.83     0.00000e+00
  30 -5.03985262e+03             inf     0.00000e+00            6.48     0.00000e+00
  40 -5.03745181e+03             inf     0.00000e+00            9.28     0.00000e+00
  50 -5.03728331e+03             inf     0.00000e+00           12.62     0.00000e+00
  60 -5.03713145e+03             inf     0.00000e+00           16.85     0.00000e+00
  70 -5.03711239e+03             inf     0.00000e+00           21.58     0.00000e+00
  80 -5.03683865e+03             inf     0.00000e+00           26.93     0.00000e+00
  90 -5.03681235e+03             inf     0.00000e+00           32.95     0.00000e+00
 100 -5.03665343e+03             inf     0.00000e+00           39.77     0.00000e+00
 110 -5.03569986e+03             inf     0.00000e+00           46.82     0.00000e+00
 120 -5.03557718e+03             inf     0.00000e+00           53.85     0.00000e+00
 128 -5.03556409e+03             inf     0.00000e+00           60.20     0.00000e+00
==============================================================================================
Pass              LB             iUB             iHW       F time       B time    Wall time
Sim1000    -5.03556e+03    -2.69277e+03     8.27217e+02         0.00         0.00        87.00
==============================================================================================
