Hydro_R2_AR1_T12_N5_30_I10000_Time100_DW_DUAL_MC_DS_0.0050_cvx_hull
Multicut: True
Dynamic Sampling: True
==============================================================================================
Pass              LB             iUB             iHW    Wall time           Other
==============================================================================================
   0 -1.00000858e+08             inf     0.00000e+00            0.01     0.00000e+00
  10 -5.07295795e+03             inf     0.00000e+00            1.99     0.00000e+00
  20 -5.06200826e+03             inf     0.00000e+00            5.47     0.00000e+00
  30 -5.06096965e+03             inf     0.00000e+00           11.12     0.00000e+00
  40 -5.05881294e+03             inf     0.00000e+00           18.19     0.00000e+00
  50 -5.05874267e+03             inf     0.00000e+00           27.52     0.00000e+00
  60 -5.05863545e+03             inf     0.00000e+00           39.16     0.00000e+00
  70 -5.05861092e+03             inf     0.00000e+00           52.98     0.00000e+00
  80 -5.05833154e+03             inf     0.00000e+00           69.93     0.00000e+00
  90 -5.05829610e+03             inf     0.00000e+00           88.97     0.00000e+00
  96 -5.05813224e+03             inf     0.00000e+00          101.59     0.00000e+00
==============================================================================================
Pass              LB             iUB             iHW       F time       B time    Wall time
Sim1000    -5.05813e+03     6.68400e+00     9.40350e+02         0.00         0.00       124.83
==============================================================================================
