Hydro_R2_AR1_T12_N5_15_I10000_Time60_DW_DUAL_MC_DS_1.0000_cvx_hull2
Multicut: True
Dynamic Sampling: True
==============================================================================================
Pass              LB             iUB             iHW    Wall time           Other
==============================================================================================
   0 -1.00000858e+08             inf     0.00000e+00            0.01     0.00000e+00
  10 -4.54425840e+03             inf     0.00000e+00            0.84     0.00000e+00
  20 -4.51488477e+03             inf     0.00000e+00            1.97     0.00000e+00
  30 -4.50914248e+03             inf     0.00000e+00            4.03     0.00000e+00
  40 -4.50753934e+03             inf     0.00000e+00            6.13     0.00000e+00
  50 -4.50689438e+03             inf     0.00000e+00            8.77     0.00000e+00
  60 -4.50659941e+03             inf     0.00000e+00           11.66     0.00000e+00
  70 -4.50595636e+03             inf     0.00000e+00           16.93     0.00000e+00
  80 -4.50529687e+03             inf     0.00000e+00           20.96     0.00000e+00
  90 -4.50516524e+03             inf     0.00000e+00           25.36     0.00000e+00
 100 -4.50507293e+03             inf     0.00000e+00           30.31     0.00000e+00
 110 -4.50506191e+03             inf     0.00000e+00           35.22     0.00000e+00
 120 -4.50502750e+03             inf     0.00000e+00           43.84     0.00000e+00
 130 -4.50482594e+03             inf     0.00000e+00           49.81     0.00000e+00
 140 -4.50481231e+03             inf     0.00000e+00           56.23     0.00000e+00
 146 -4.50467719e+03             inf     0.00000e+00           60.44     0.00000e+00
==============================================================================================
Pass              LB             iUB             iHW       F time       B time    Wall time
Sim1000    -4.50468e+03    -3.27962e+03     7.09753e+02         0.00         0.00        85.38
==============================================================================================
