Hydro_R2_AR1_T12_N5_30_I10000_Time100_DW_DUAL_MC_DS_0.0005_None
Multicut: True
Dynamic Sampling: True
==============================================================================================
Pass              LB             iUB             iHW    Wall time           Other
==============================================================================================
   0 -1.00000858e+08             inf     0.00000e+00            0.02     0.00000e+00
  10 -5.07296283e+03             inf     0.00000e+00            2.78     0.00000e+00
  20 -5.06223480e+03             inf     0.00000e+00            6.52     0.00000e+00
  30 -5.06065400e+03             inf     0.00000e+00           11.74     0.00000e+00
  40 -5.05840741e+03             inf     0.00000e+00           16.96     0.00000e+00
  50 -5.05824645e+03             inf     0.00000e+00           23.37     0.00000e+00
  60 -5.05811493e+03             inf     0.00000e+00           31.16     0.00000e+00
  70 -5.05809830e+03             inf     0.00000e+00           40.39     0.00000e+00
  80 -5.05781299e+03             inf     0.00000e+00           51.16     0.00000e+00
  90 -5.05778275e+03             inf     0.00000e+00           63.79     0.00000e+00
 100 -5.05763472e+03             inf     0.00000e+00           78.47     0.00000e+00
 110 -5.05675156e+03             inf     0.00000e+00           94.77     0.00000e+00
 114 -5.05674810e+03             inf     0.00000e+00          101.76     0.00000e+00
==============================================================================================
Pass              LB             iUB             iHW       F time       B time    Wall time
Sim1000    -5.05675e+03    -2.59162e+02     9.31754e+02         0.00         0.00       123.43
==============================================================================================
