Hydro_R10_AR1_T12_N10_10_I101000_Time50_PhiVar_PRIMAL_MC_ES_0.3000_None
Multicut: True
Dynamic Sampling: False
==============================================================================================
Pass              LB             iUB             iHW    Wall time           Other
==============================================================================================
   0 -1.00006458e+08             inf     0.00000e+00            0.02     0.00000e+00
  10 -5.67087774e+04             inf     0.00000e+00            1.02     0.00000e+00
  20 -5.62048560e+04             inf     0.00000e+00            2.20     0.00000e+00
  30 -5.61161276e+04             inf     0.00000e+00            3.71     0.00000e+00
  40 -5.60754414e+04             inf     0.00000e+00            5.52     0.00000e+00
  50 -5.60304179e+04             inf     0.00000e+00            7.52     0.00000e+00
  60 -5.60133235e+04             inf     0.00000e+00            9.84     0.00000e+00
  70 -5.59966569e+04             inf     0.00000e+00           12.45     0.00000e+00
  80 -5.59880137e+04             inf     0.00000e+00           15.39     0.00000e+00
  90 -5.59842103e+04             inf     0.00000e+00           18.65     0.00000e+00
 100 -5.59799037e+04             inf     0.00000e+00           22.31     0.00000e+00
 110 -5.59756796e+04             inf     0.00000e+00           26.30     0.00000e+00
 120 -5.59672018e+04             inf     0.00000e+00           30.85     0.00000e+00
 130 -5.59626618e+04             inf     0.00000e+00           35.88     0.00000e+00
 140 -5.59588662e+04             inf     0.00000e+00           41.08     0.00000e+00
 150 -5.59576111e+04             inf     0.00000e+00           46.72     0.00000e+00
 156 -5.59563113e+04             inf     0.00000e+00           50.32     0.00000e+00
==============================================================================================
Pass              LB             iUB             iHW       F time       B time    Wall time
Sim1000    -5.59563e+04    -5.25153e+04     2.15230e+03         0.00         0.00        89.21
==============================================================================================
