Hydro_R2_AR1_T12_N4_24_I10000_Time100_DW_DUAL_MC_DS_5.0000_None
Multicut: True
Dynamic Sampling: True
==============================================================================================
Pass              LB             iUB             iHW    Wall time           Other
==============================================================================================
   0 -1.00000858e+08             inf     0.00000e+00            0.01     0.00000e+00
  10 -2.75822082e+03             inf     0.00000e+00            1.33     0.00000e+00
  20 -2.75753334e+03             inf     0.00000e+00            3.42     0.00000e+00
  30 -2.75727699e+03             inf     0.00000e+00            6.40     0.00000e+00
  40 -2.75705374e+03             inf     0.00000e+00           10.14     0.00000e+00
  50 -2.75694864e+03             inf     0.00000e+00           14.70     0.00000e+00
  60 -2.75685996e+03             inf     0.00000e+00           20.53     0.00000e+00
  70 -2.75677390e+03             inf     0.00000e+00           28.23     0.00000e+00
  80 -2.75671374e+03             inf     0.00000e+00           36.43     0.00000e+00
  90 -2.75668875e+03             inf     0.00000e+00           46.62     0.00000e+00
 100 -2.75667378e+03             inf     0.00000e+00           57.63     0.00000e+00
 110 -2.75665655e+03             inf     0.00000e+00           69.74     0.00000e+00
 120 -2.75663921e+03             inf     0.00000e+00           83.55     0.00000e+00
 130 -2.75663759e+03             inf     0.00000e+00           96.03     0.00000e+00
 134 -2.75663650e+03             inf     0.00000e+00          101.07     0.00000e+00
==============================================================================================
Pass              LB             iUB             iHW       F time       B time    Wall time
Sim1000    -2.75664e+03    -4.43959e+03     6.05902e+01         0.00         0.00       120.70
==============================================================================================
