Hydro_R2_AR1_T12_N5_30_I10000_Time100_DW_DUAL_MC_DS_0.3000_cube
Multicut: True
Dynamic Sampling: True
==============================================================================================
Pass              LB             iUB             iHW    Wall time           Other
==============================================================================================
   0 -1.00000858e+08             inf     0.00000e+00            0.03     0.00000e+00
  10 -4.93387289e+03             inf     0.00000e+00            2.01     0.00000e+00
  20 -4.90578214e+03             inf     0.00000e+00            5.33     0.00000e+00
  30 -4.90519099e+03             inf     0.00000e+00           10.55     0.00000e+00
  40 -4.90469761e+03             inf     0.00000e+00           17.00     0.00000e+00
  50 -4.90462396e+03             inf     0.00000e+00           25.08     0.00000e+00
  60 -4.90458064e+03             inf     0.00000e+00           34.96     0.00000e+00
  70 -4.90436861e+03             inf     0.00000e+00           47.61     0.00000e+00
  80 -4.90424426e+03             inf     0.00000e+00           71.19     0.00000e+00
  90 -4.90421654e+03             inf     0.00000e+00           91.16     0.00000e+00
  95 -4.90411239e+03             inf     0.00000e+00          101.78     0.00000e+00
==============================================================================================
Pass              LB             iUB             iHW       F time       B time    Wall time
Sim1000    -4.90411e+03    -1.21715e+03     8.75391e+02         0.00         0.00       125.04
==============================================================================================
