Hydro_R2_AR1_T12_N5_15_I10000_Time300_DW_DUAL_MC_DS_10.0000_None
Multicut: True
Dynamic Sampling: True
==============================================================================================
Pass              LB             iUB             iHW    Wall time           Other
==============================================================================================
   0 -1.00000858e+08             inf     0.00000e+00            0.02     0.00000e+00
  10 -1.98294035e+03             inf     0.00000e+00            0.68     0.00000e+00
  20 -1.98294035e+03             inf     0.00000e+00            1.93     0.00000e+00
  30 -1.98294035e+03             inf     0.00000e+00            3.51     0.00000e+00
  40 -1.98294035e+03             inf     0.00000e+00            5.80     0.00000e+00
  50 -1.98294035e+03             inf     0.00000e+00            8.08     0.00000e+00
  60 -1.98294035e+03             inf     0.00000e+00           10.50     0.00000e+00
  70 -1.98294035e+03             inf     0.00000e+00           12.96     0.00000e+00
  80 -1.98294035e+03             inf     0.00000e+00           15.79     0.00000e+00
  90 -1.98294035e+03             inf     0.00000e+00           19.57     0.00000e+00
 100 -1.98294035e+03             inf     0.00000e+00           23.62     0.00000e+00
 110 -1.98294035e+03             inf     0.00000e+00           28.29     0.00000e+00
 120 -1.98294035e+03             inf     0.00000e+00           33.00     0.00000e+00
 130 -1.98294035e+03             inf     0.00000e+00           37.90     0.00000e+00
 140 -1.98294035e+03             inf     0.00000e+00           43.52     0.00000e+00
 150 -1.98294035e+03             inf     0.00000e+00           48.92     0.00000e+00
 160 -1.98294035e+03             inf     0.00000e+00           54.94     0.00000e+00
 170 -1.98294035e+03             inf     0.00000e+00           62.15     0.00000e+00
 180 -1.98294035e+03             inf     0.00000e+00           70.33     0.00000e+00
 190 -1.98294035e+03             inf     0.00000e+00           77.94     0.00000e+00
 200 -1.98294035e+03             inf     0.00000e+00           86.69     0.00000e+00
 210 -1.98294035e+03             inf     0.00000e+00           96.07     0.00000e+00
 220 -1.98294035e+03             inf     0.00000e+00          105.01     0.00000e+00
 230 -1.98294035e+03             inf     0.00000e+00          114.29     0.00000e+00
 240 -1.98294035e+03             inf     0.00000e+00          124.88     0.00000e+00
 250 -1.98294035e+03             inf     0.00000e+00          135.33     0.00000e+00
 260 -1.98294035e+03             inf     0.00000e+00          146.09     0.00000e+00
 270 -1.98294035e+03             inf     0.00000e+00          157.14     0.00000e+00
 280 -1.98294035e+03             inf     0.00000e+00          168.38     0.00000e+00
 290 -1.98294035e+03             inf     0.00000e+00          180.31     0.00000e+00
 300 -1.98294035e+03             inf     0.00000e+00          192.69     0.00000e+00
 310 -1.98294035e+03             inf     0.00000e+00          205.82     0.00000e+00
 320 -1.98294035e+03             inf     0.00000e+00          219.85     0.00000e+00
 330 -1.98294035e+03             inf     0.00000e+00          235.67     0.00000e+00
 340 -1.98294035e+03             inf     0.00000e+00          251.32     0.00000e+00
 350 -1.98294035e+03             inf     0.00000e+00          266.74     0.00000e+00
 360 -1.98294035e+03             inf     0.00000e+00          282.56     0.00000e+00
 368 -1.98294035e+03             inf     0.00000e+00          300.26     0.00000e+00
==============================================================================================
Pass              LB             iUB             iHW       F time       B time    Wall time
Sim1000    -1.98294e+03    -4.36457e+03     6.42307e+01         0.00         0.00       334.83
==============================================================================================
