Hydro_R10_AR1_T12_N10_10_I101000_Time20_PhiVar_PRIMAL_MC_ES_0.1000000_None
Multicut: True
Dynamic Sampling: False
==============================================================================================
Pass              LB             iUB             iHW    Wall time           Other
==============================================================================================
   0 -1.00006609e+08             inf     0.00000e+00            0.01     0.00000e+00
  10 -8.03886205e+04             inf     0.00000e+00            0.92     0.00000e+00
  20 -8.00558808e+04             inf     0.00000e+00            2.06     0.00000e+00
  30 -8.00015902e+04             inf     0.00000e+00            3.39     0.00000e+00
  40 -7.99565742e+04             inf     0.00000e+00            4.97     0.00000e+00
  50 -7.99275192e+04             inf     0.00000e+00            6.97     0.00000e+00
  60 -7.99092556e+04             inf     0.00000e+00            9.28     0.00000e+00
  70 -7.98959931e+04             inf     0.00000e+00           11.75     0.00000e+00
  80 -7.98849303e+04             inf     0.00000e+00           14.56     0.00000e+00
  90 -7.98776849e+04             inf     0.00000e+00           18.05     0.00000e+00
  96 -7.98745975e+04             inf     0.00000e+00           20.05     0.00000e+00
==============================================================================================
Pass              LB             iUB             iHW       F time       B time    Wall time
Sim1000    -7.98746e+04    -7.71885e+04     4.23805e+02         0.00         0.00        46.44
==============================================================================================
Mean:   	 -77188.54
Median: 	 -79304.67
SD:     	   6700.95
20-80: 	( -82268.25,  -73049.72)
10-90: 	( -83113.28,  -68455.81)
05-95: 	( -83582.23,  -64145.61)
