Hydro_R2_AR1_T12_N5_30_I10000_Time100_DW_DUAL_MC_DS_0.0080_None
Multicut: True
Dynamic Sampling: True
==============================================================================================
Pass              LB             iUB             iHW    Wall time           Other
==============================================================================================
   0 -1.00000858e+08             inf     0.00000e+00            0.02     0.00000e+00
  10 -5.06618614e+03             inf     0.00000e+00            2.77     0.00000e+00
  20 -5.05668447e+03             inf     0.00000e+00            6.58     0.00000e+00
  30 -5.05426069e+03             inf     0.00000e+00           11.63     0.00000e+00
  40 -5.05224040e+03             inf     0.00000e+00           17.84     0.00000e+00
  50 -5.05194173e+03             inf     0.00000e+00           26.08     0.00000e+00
  60 -5.05176452e+03             inf     0.00000e+00           35.66     0.00000e+00
  70 -5.05174402e+03             inf     0.00000e+00           46.73     0.00000e+00
  80 -5.05146129e+03             inf     0.00000e+00           59.78     0.00000e+00
  90 -5.05142539e+03             inf     0.00000e+00           75.43     0.00000e+00
 100 -5.05127444e+03             inf     0.00000e+00           92.72     0.00000e+00
 104 -5.05096429e+03             inf     0.00000e+00          100.11     0.00000e+00
==============================================================================================
Pass              LB             iUB             iHW       F time       B time    Wall time
Sim1000    -5.05096e+03    -3.01598e+03     8.23039e+02         0.00         0.00       122.00
==============================================================================================
