Hydro_R2_AR1_T12_N5_15_I10000_Time60_DW_DUAL_MC_DS_0.0005_cube
Multicut: True
Dynamic Sampling: True
==============================================================================================
Pass              LB             iUB             iHW    Wall time           Other
==============================================================================================
   0 -1.00000858e+08             inf     0.00000e+00            0.01     0.00000e+00
  10 -5.07474667e+03             inf     0.00000e+00            0.74     0.00000e+00
  20 -5.06356849e+03             inf     0.00000e+00            1.93     0.00000e+00
  30 -5.06255937e+03             inf     0.00000e+00            3.39     0.00000e+00
  40 -5.06021165e+03             inf     0.00000e+00            5.33     0.00000e+00
  50 -5.06003334e+03             inf     0.00000e+00            7.76     0.00000e+00
  60 -5.06000057e+03             inf     0.00000e+00           10.61     0.00000e+00
  70 -5.05998228e+03             inf     0.00000e+00           13.72     0.00000e+00
  80 -5.05972413e+03             inf     0.00000e+00           17.20     0.00000e+00
  90 -5.05969130e+03             inf     0.00000e+00           21.20     0.00000e+00
 100 -5.05950562e+03             inf     0.00000e+00           25.58     0.00000e+00
 110 -5.05891660e+03             inf     0.00000e+00           30.57     0.00000e+00
 120 -5.05878277e+03             inf     0.00000e+00           36.30     0.00000e+00
 130 -5.05876989e+03             inf     0.00000e+00           42.54     0.00000e+00
 140 -5.05851638e+03             inf     0.00000e+00           49.22     0.00000e+00
 150 -5.05850964e+03             inf     0.00000e+00           56.51     0.00000e+00
 155 -5.05850827e+03             inf     0.00000e+00           60.37     0.00000e+00
==============================================================================================
Pass              LB             iUB             iHW       F time       B time    Wall time
Sim1000    -5.05851e+03    -1.18800e+03     8.75381e+02         0.00         0.00        79.50
==============================================================================================
