Hydro_R2_AR1_T12_N5_15_I10000_Time300_DW_DUAL_MC_DS_0.8000_cvx_hull
Multicut: True
Dynamic Sampling: True
==============================================================================================
Pass              LB             iUB             iHW    Wall time           Other
==============================================================================================
   0 -1.00000858e+08             inf     0.00000e+00            0.01     0.00000e+00
  10 -4.68556552e+03             inf     0.00000e+00            0.79     0.00000e+00
  20 -4.68214578e+03             inf     0.00000e+00            1.98     0.00000e+00
  30 -4.68094491e+03             inf     0.00000e+00            3.52     0.00000e+00
  40 -4.67973372e+03             inf     0.00000e+00            5.47     0.00000e+00
  50 -4.67950006e+03             inf     0.00000e+00            7.69     0.00000e+00
  60 -4.67945258e+03             inf     0.00000e+00           10.28     0.00000e+00
  70 -4.67944229e+03             inf     0.00000e+00           13.18     0.00000e+00
  80 -4.67943850e+03             inf     0.00000e+00           16.43     0.00000e+00
  90 -4.67942127e+03             inf     0.00000e+00           20.07     0.00000e+00
 100 -4.67940326e+03             inf     0.00000e+00           24.02     0.00000e+00
 110 -4.67916852e+03             inf     0.00000e+00           28.47     0.00000e+00
 120 -4.67912033e+03             inf     0.00000e+00           33.47     0.00000e+00
 130 -4.67911333e+03             inf     0.00000e+00           39.04     0.00000e+00
 140 -4.67883876e+03             inf     0.00000e+00           45.04     0.00000e+00
 150 -4.67877520e+03             inf     0.00000e+00           51.48     0.00000e+00
 160 -4.67877247e+03             inf     0.00000e+00           58.42     0.00000e+00
 170 -4.67856318e+03             inf     0.00000e+00           65.97     0.00000e+00
 180 -4.67853374e+03             inf     0.00000e+00           74.14     0.00000e+00
 190 -4.67840378e+03             inf     0.00000e+00           82.68     0.00000e+00
 200 -4.67840318e+03             inf     0.00000e+00           91.80     0.00000e+00
 210 -4.67827100e+03             inf     0.00000e+00          101.54     0.00000e+00
 220 -4.67826742e+03             inf     0.00000e+00          111.82     0.00000e+00
 230 -4.67825953e+03             inf     0.00000e+00          122.64     0.00000e+00
 240 -4.67822655e+03             inf     0.00000e+00          134.32     0.00000e+00
 250 -4.67820278e+03             inf     0.00000e+00          146.55     0.00000e+00
 260 -4.67820176e+03             inf     0.00000e+00          159.23     0.00000e+00
 270 -4.67816669e+03             inf     0.00000e+00          172.64     0.00000e+00
 280 -4.67815818e+03             inf     0.00000e+00          186.49     0.00000e+00
 290 -4.67815330e+03             inf     0.00000e+00          201.00     0.00000e+00
 300 -4.67815072e+03             inf     0.00000e+00          216.12     0.00000e+00
 310 -4.67814982e+03             inf     0.00000e+00          231.75     0.00000e+00
 320 -4.67814123e+03             inf     0.00000e+00          247.85     0.00000e+00
 330 -4.67813335e+03             inf     0.00000e+00          264.74     0.00000e+00
 340 -4.67811325e+03             inf     0.00000e+00          282.01     0.00000e+00
 350 -4.67811110e+03             inf     0.00000e+00          299.90     0.00000e+00
 351 -4.67811110e+03             inf     0.00000e+00          301.72     0.00000e+00
==============================================================================================
Pass              LB             iUB             iHW       F time       B time    Wall time
Sim1000    -4.67811e+03    -7.13762e+01     9.37918e+02         0.00         0.00       327.26
==============================================================================================
