Hydro_R10_AR1_T12_N10_10_I10000_Time20_DW_DUAL_MC_DS_0.5000000_None
Multicut: True
Dynamic Sampling: True
==============================================================================================
Pass              LB             iUB             iHW    Wall time           Other
==============================================================================================
   0 -1.00004104e+08             inf     0.00000e+00            0.01     0.00000e+00
  10 -3.35005135e+04             inf     0.00000e+00            0.79     0.00000e+00
  20 -3.34152264e+04             inf     0.00000e+00            1.86     0.00000e+00
  30 -3.33900911e+04             inf     0.00000e+00            3.21     0.00000e+00
  40 -3.33844814e+04             inf     0.00000e+00            4.88     0.00000e+00
  50 -3.33793556e+04             inf     0.00000e+00            6.81     0.00000e+00
  60 -3.33772734e+04             inf     0.00000e+00            9.10     0.00000e+00
  70 -3.33755091e+04             inf     0.00000e+00           11.65     0.00000e+00
  80 -3.33746318e+04             inf     0.00000e+00           14.42     0.00000e+00
  90 -3.33729779e+04             inf     0.00000e+00           17.56     0.00000e+00
  98 -3.33723650e+04             inf     0.00000e+00           20.31     0.00000e+00
Time profiling
           Pass        # LPs        setup      simplex       output   cut update      cut gen        other        total
        Forward         1188         0.19         0.79         0.07         0.00         0.00         0.39         1.44
       Backward        10780         1.84         6.10         9.09         0.03         1.53         0.27        18.86
==============================================================================================
Pass              LB             iUB             iHW       F time       B time    Wall time
Sim500    -3.33724e+04    -3.45129e+04     2.02364e+02         0.00         0.00        33.76
==============================================================================================
Mean:   	 -34512.87
Median: 	 -34459.03
SD:     	   2262.50
20-80: 	( -36215.81,  -32701.66)
10-90: 	( -37294.36,  -31627.21)
05-95: 	( -38277.40,  -30885.56)
