Hydro_R2_AR1_T12_N5_15_I10000_Time60_DW_DUAL_MC_DS_0.0060_cvx_hull2
Multicut: True
Dynamic Sampling: True
==============================================================================================
Pass              LB             iUB             iHW    Wall time           Other
==============================================================================================
   0 -1.00000858e+08             inf     0.00000e+00            0.01     0.00000e+00
  10 -5.06982693e+03             inf     0.00000e+00            1.20     0.00000e+00
  20 -5.05975036e+03             inf     0.00000e+00            2.79     0.00000e+00
  30 -5.05801114e+03             inf     0.00000e+00            4.74     0.00000e+00
  40 -5.05568946e+03             inf     0.00000e+00            7.39     0.00000e+00
  50 -5.05545941e+03             inf     0.00000e+00           10.42     0.00000e+00
  60 -5.05535087e+03             inf     0.00000e+00           15.03     0.00000e+00
  70 -5.05533231e+03             inf     0.00000e+00           19.66     0.00000e+00
  80 -5.05504331e+03             inf     0.00000e+00           24.29     0.00000e+00
  90 -5.05501556e+03             inf     0.00000e+00           29.44     0.00000e+00
 100 -5.05485475e+03             inf     0.00000e+00           35.08     0.00000e+00
 110 -5.05385073e+03             inf     0.00000e+00           43.08     0.00000e+00
 120 -5.05372926e+03             inf     0.00000e+00           50.79     0.00000e+00
 130 -5.05371537e+03             inf     0.00000e+00           57.84     0.00000e+00
 133 -5.05370501e+03             inf     0.00000e+00           60.12     0.00000e+00
==============================================================================================
Pass              LB             iUB             iHW       F time       B time    Wall time
Sim1000    -5.05371e+03    -2.69224e+03     8.27228e+02         0.00         0.00        86.39
==============================================================================================
