Hydro_R2_AR1_T12_N5_5_I10000_Time10_DW_DUAL_MC_DS_0.0100000_None
Multicut: True
Dynamic Sampling: True
==============================================================================================
Pass              LB             iUB             iHW    Wall time           Other
==============================================================================================
   0 -9.99966359e+07             inf     0.00000e+00            0.01     0.00000e+00
  10  5.40012319e+04             inf     0.00000e+00            0.26     0.00000e+00
  20  5.40014289e+04             inf     0.00000e+00            0.60     0.00000e+00
  30  5.40014554e+04             inf     0.00000e+00            1.05     0.00000e+00
  40  5.40014633e+04             inf     0.00000e+00            1.60     0.00000e+00
  50  5.40014655e+04             inf     0.00000e+00            2.09     0.00000e+00
  60  5.40014660e+04             inf     0.00000e+00            2.73     0.00000e+00
  70  5.40014681e+04             inf     0.00000e+00            3.44     0.00000e+00
  80  5.40014686e+04             inf     0.00000e+00            4.24     0.00000e+00
  90  5.40014697e+04             inf     0.00000e+00            5.12     0.00000e+00
 100  5.40014699e+04             inf     0.00000e+00            6.27     0.00000e+00
 110  5.40014702e+04             inf     0.00000e+00            7.34     0.00000e+00
 120  5.40014703e+04             inf     0.00000e+00            8.57     0.00000e+00
 130  5.40014707e+04             inf     0.00000e+00           10.01     0.00000e+00
Time profiling
           Pass        # LPs        setup      simplex       output   cut update      cut gen        other        total
        Forward         1572         0.11         0.30         0.07         0.01         0.00         0.40         0.88
       Backward         7150         0.60         1.29         6.19         0.03         0.74         0.26         9.12
==============================================================================================
Pass              LB             iUB             iHW       F time       B time    Wall time
Sim500     5.40015e+04     5.38745e+04     3.49801e+01         0.00         0.00        19.21
==============================================================================================
Mean:   	  53874.49
Median: 	  53884.75
SD:     	    391.09
20-80: 	(  53593.08,   54200.79)
10-90: 	(  53358.27,   54334.56)
05-95: 	(  53202.72,   54474.12)
