Hydro_R10_AR1_T12_N5_5_I101000_Time50_DW_DUAL_MC_DS_0.1000_cube
Multicut: True
Dynamic Sampling: True
==============================================================================================
Pass              LB             iUB             iHW    Wall time           Other
==============================================================================================
   0 -1.00006458e+08             inf     0.00000e+00            0.02     0.00000e+00
  10 -6.03956840e+04             inf     0.00000e+00            0.50     0.00000e+00
  20 -6.01042623e+04             inf     0.00000e+00            1.01     0.00000e+00
  30 -6.00309374e+04             inf     0.00000e+00            1.64     0.00000e+00
  40 -6.00014707e+04             inf     0.00000e+00            2.35     0.00000e+00
  50 -5.99815247e+04             inf     0.00000e+00            3.11     0.00000e+00
  60 -5.99724653e+04             inf     0.00000e+00            3.93     0.00000e+00
  70 -5.99642930e+04             inf     0.00000e+00            4.89     0.00000e+00
  80 -5.99583955e+04             inf     0.00000e+00            6.06     0.00000e+00
  90 -5.99544060e+04             inf     0.00000e+00            7.16     0.00000e+00
 100 -5.99515160e+04             inf     0.00000e+00            8.40     0.00000e+00
 110 -5.99477876e+04             inf     0.00000e+00            9.67     0.00000e+00
 120 -5.99445557e+04             inf     0.00000e+00           11.08     0.00000e+00
 130 -5.99427479e+04             inf     0.00000e+00           12.59     0.00000e+00
 140 -5.99401416e+04             inf     0.00000e+00           14.20     0.00000e+00
 150 -5.99388342e+04             inf     0.00000e+00           15.89     0.00000e+00
 160 -5.99374547e+04             inf     0.00000e+00           17.72     0.00000e+00
 170 -5.99349929e+04             inf     0.00000e+00           19.61     0.00000e+00
 180 -5.99339339e+04             inf     0.00000e+00           21.57     0.00000e+00
 190 -5.99327255e+04             inf     0.00000e+00           23.59     0.00000e+00
 200 -5.99315958e+04             inf     0.00000e+00           25.77     0.00000e+00
 210 -5.99308756e+04             inf     0.00000e+00           28.04     0.00000e+00
 220 -5.99301436e+04             inf     0.00000e+00           30.36     0.00000e+00
 230 -5.99291605e+04             inf     0.00000e+00           32.76     0.00000e+00
 240 -5.99284978e+04             inf     0.00000e+00           35.26     0.00000e+00
 250 -5.99280091e+04             inf     0.00000e+00           37.86     0.00000e+00
 260 -5.99275031e+04             inf     0.00000e+00           40.54     0.00000e+00
 270 -5.99271577e+04             inf     0.00000e+00           43.31     0.00000e+00
 280 -5.99266797e+04             inf     0.00000e+00           46.25     0.00000e+00
 290 -5.99263243e+04             inf     0.00000e+00           49.27     0.00000e+00
 293 -5.99260722e+04             inf     0.00000e+00           50.21     0.00000e+00
==============================================================================================
Pass              LB             iUB             iHW       F time       B time    Wall time
Sim1000    -5.99261e+04    -4.81461e+04     2.21236e+03         0.00         0.00        84.32
==============================================================================================
