Hydro_R2_AR1_T12_N5_15_I10000_Time300_DW_DUAL_MC_DS_0.0080_cvx_hull2
Multicut: True
Dynamic Sampling: True
==============================================================================================
Pass              LB             iUB             iHW    Wall time           Other
==============================================================================================
   0 -1.00000858e+08             inf     0.00000e+00            0.01     0.00000e+00
  10 -5.06875303e+03             inf     0.00000e+00            0.81     0.00000e+00
  20 -5.05867419e+03             inf     0.00000e+00            2.04     0.00000e+00
  30 -5.05693876e+03             inf     0.00000e+00            3.55     0.00000e+00
  40 -5.05461795e+03             inf     0.00000e+00            5.51     0.00000e+00
  50 -5.05438820e+03             inf     0.00000e+00            7.94     0.00000e+00
  60 -5.05427983e+03             inf     0.00000e+00           10.70     0.00000e+00
  70 -5.05426119e+03             inf     0.00000e+00           13.61     0.00000e+00
  80 -5.05397246e+03             inf     0.00000e+00           16.85     0.00000e+00
  90 -5.05394477e+03             inf     0.00000e+00           20.67     0.00000e+00
 100 -5.05378377e+03             inf     0.00000e+00           25.03     0.00000e+00
 110 -5.05278215e+03             inf     0.00000e+00           29.93     0.00000e+00
 120 -5.05266097e+03             inf     0.00000e+00           34.94     0.00000e+00
 130 -5.05264709e+03             inf     0.00000e+00           40.48     0.00000e+00
 140 -5.05263105e+03             inf     0.00000e+00           46.88     0.00000e+00
 150 -5.05262561e+03             inf     0.00000e+00           53.62     0.00000e+00
 160 -5.05262043e+03             inf     0.00000e+00           61.53     0.00000e+00
 170 -5.05255505e+03             inf     0.00000e+00           69.67     0.00000e+00
 180 -5.05249265e+03             inf     0.00000e+00           77.73     0.00000e+00
 190 -5.05238098e+03             inf     0.00000e+00           86.41     0.00000e+00
 200 -5.05233907e+03             inf     0.00000e+00           95.68     0.00000e+00
 210 -5.05233453e+03             inf     0.00000e+00          105.70     0.00000e+00
 220 -5.05233238e+03             inf     0.00000e+00          115.37     0.00000e+00
 230 -5.05233152e+03             inf     0.00000e+00          125.49     0.00000e+00
 240 -5.05233071e+03             inf     0.00000e+00          136.98     0.00000e+00
 250 -5.05233009e+03             inf     0.00000e+00          148.81     0.00000e+00
 260 -5.05232876e+03             inf     0.00000e+00          160.55     0.00000e+00
 270 -5.05232138e+03             inf     0.00000e+00          173.07     0.00000e+00
 280 -5.05228316e+03             inf     0.00000e+00          186.38     0.00000e+00
 290 -5.05228246e+03             inf     0.00000e+00          200.22     0.00000e+00
 300 -5.05215702e+03             inf     0.00000e+00          214.33     0.00000e+00
 310 -5.05214925e+03             inf     0.00000e+00          229.49     0.00000e+00
 320 -5.05214511e+03             inf     0.00000e+00          248.10     0.00000e+00
 330 -5.05213595e+03             inf     0.00000e+00          268.10     0.00000e+00
 340 -5.05213335e+03             inf     0.00000e+00          285.01     0.00000e+00
 350 -5.05213207e+03             inf     0.00000e+00          301.34     0.00000e+00
==============================================================================================
Pass              LB             iUB             iHW       F time       B time    Wall time
Sim1000    -5.05213e+03    -2.69265e+03     8.27217e+02         0.00         0.00       330.00
==============================================================================================
