Hydro_R10_AR1_T12_N5_5_I101000_Time20_SP_MC_ES
Multicut: True
Dynamic Sampling: False
==============================================================================================
Pass              LB             iUB             iHW    Wall time           Other
==============================================================================================
   0 -5.00006458e+08             inf     0.00000e+00            0.01     0.00000e+00
  10 -6.34675317e+04             inf     0.00000e+00            0.81     0.00000e+00
  20 -6.28001715e+04             inf     0.00000e+00            1.58     0.00000e+00
  30 -6.26383251e+04             inf     0.00000e+00            2.52     0.00000e+00
  40 -6.25931162e+04             inf     0.00000e+00            3.65     0.00000e+00
  50 -6.25580703e+04             inf     0.00000e+00            4.72     0.00000e+00
  60 -6.24420830e+04             inf     0.00000e+00            5.86     0.00000e+00
  70 -6.24098768e+04             inf     0.00000e+00            7.11     0.00000e+00
  80 -6.24034195e+04             inf     0.00000e+00            8.48     0.00000e+00
  90 -6.23936143e+04             inf     0.00000e+00            9.93     0.00000e+00
 100 -6.23864358e+04             inf     0.00000e+00           11.39     0.00000e+00
 110 -6.23787196e+04             inf     0.00000e+00           13.24     0.00000e+00
 120 -6.23703896e+04             inf     0.00000e+00           15.02     0.00000e+00
 130 -6.23652366e+04             inf     0.00000e+00           16.93     0.00000e+00
 140 -6.23585652e+04             inf     0.00000e+00           18.83     0.00000e+00
 146 -6.23553357e+04             inf     0.00000e+00           20.00     0.00000e+00
==============================================================================================
Pass              LB             iUB             iHW       F time       B time    Wall time
Sim1000    -6.23553e+04    -5.33236e+04     1.30292e+03         0.00         0.00        41.40
==============================================================================================
Mean:   	 -53323.59
Median: 	 -56912.36
SD:     	  20600.90
10-90: 	( -62520.18,  -44695.72)
