Hydro_R2_AR1_T12_N5_30_I10000_Time100_DW_DUAL_MC_DS_0.0080_cvx_hull2
Multicut: True
Dynamic Sampling: True
==============================================================================================
Pass              LB             iUB             iHW    Wall time           Other
==============================================================================================
   0 -1.00000858e+08             inf     0.00000e+00            0.02     0.00000e+00
  10 -5.06453727e+03             inf     0.00000e+00            2.47     0.00000e+00
  20 -5.05941012e+03             inf     0.00000e+00            6.15     0.00000e+00
  30 -5.05647038e+03             inf     0.00000e+00           11.24     0.00000e+00
  40 -5.05450465e+03             inf     0.00000e+00           16.90     0.00000e+00
  50 -5.05419615e+03             inf     0.00000e+00           23.54     0.00000e+00
  60 -5.05406978e+03             inf     0.00000e+00           31.62     0.00000e+00
  70 -5.05405180e+03             inf     0.00000e+00           41.53     0.00000e+00
  80 -5.05379321e+03             inf     0.00000e+00           53.65     0.00000e+00
  90 -5.05375820e+03             inf     0.00000e+00           65.92     0.00000e+00
 100 -5.05360158e+03             inf     0.00000e+00           79.91     0.00000e+00
 110 -5.05268007e+03             inf     0.00000e+00           95.41     0.00000e+00
 113 -5.05267212e+03             inf     0.00000e+00          100.39     0.00000e+00
==============================================================================================
Pass              LB             iUB             iHW       F time       B time    Wall time
Sim1000    -5.05267e+03    -2.76821e+03     8.26191e+02         0.00         0.00       120.40
==============================================================================================
