Hydro_R10_AR1_T12_N10_I1000ESS_DUAL_MC_DW_20.000000_ES
Multicut: True
Dynamic Sampling: False
==============================================================================================
Pass              LB             iUB             iHW    Wall time           Other
==============================================================================================
   0 -1.00006458e+08             inf     0.00000e+00            0.01     0.00000e+00
  10 -5.42211611e+04             inf     0.00000e+00            0.93     0.00000e+00
  20 -5.30685378e+04             inf     0.00000e+00            2.21     0.00000e+00
  30 -5.30137608e+04             inf     0.00000e+00            4.07     0.00000e+00
  40 -5.25147939e+04             inf     0.00000e+00            6.30     0.00000e+00
  50 -5.23462814e+04             inf     0.00000e+00            8.86     0.00000e+00
  60 -5.22447372e+04             inf     0.00000e+00           11.61     0.00000e+00
  70 -5.22382317e+04             inf     0.00000e+00           14.61     0.00000e+00
  80 -5.22172041e+04             inf     0.00000e+00           17.95     0.00000e+00
  90 -5.22019048e+04             inf     0.00000e+00           21.65     0.00000e+00
 100 -5.21980545e+04             inf     0.00000e+00           25.74     0.00000e+00
 110 -5.21925438e+04             inf     0.00000e+00           30.19     0.00000e+00
 120 -5.21393141e+04             inf     0.00000e+00           34.71     0.00000e+00
 130 -5.21289906e+04             inf     0.00000e+00           39.85     0.00000e+00
 140 -5.21250987e+04             inf     0.00000e+00           45.31     0.00000e+00
 150 -5.21223420e+04             inf     0.00000e+00           51.52     0.00000e+00
 160 -5.21189163e+04             inf     0.00000e+00           57.29     0.00000e+00
 170 -5.21167030e+04             inf     0.00000e+00           63.00     0.00000e+00
 180 -5.21122451e+04             inf     0.00000e+00           68.97     0.00000e+00
 190 -5.21067714e+04             inf     0.00000e+00           75.06     0.00000e+00
 200 -5.21031836e+04             inf     0.00000e+00           82.12     0.00000e+00
 210 -5.21018853e+04             inf     0.00000e+00           90.00     0.00000e+00
 220 -5.20816484e+04             inf     0.00000e+00           97.37     0.00000e+00
 230 -5.20797521e+04             inf     0.00000e+00          104.07     0.00000e+00
 240 -5.20788066e+04             inf     0.00000e+00          110.60     0.00000e+00
 250 -5.20781706e+04             inf     0.00000e+00          118.05     0.00000e+00
 260 -5.20763144e+04             inf     0.00000e+00          125.97     0.00000e+00
 270 -5.20760320e+04             inf     0.00000e+00          133.15     0.00000e+00
 280 -5.20750971e+04             inf     0.00000e+00          140.55     0.00000e+00
 290 -5.20745427e+04             inf     0.00000e+00          148.30     0.00000e+00
 300 -5.20741390e+04             inf     0.00000e+00          155.36     0.00000e+00
 310 -5.20740535e+04             inf     0.00000e+00          162.80     0.00000e+00
 320 -5.20731467e+04             inf     0.00000e+00          171.36     0.00000e+00
 330 -5.20722470e+04             inf     0.00000e+00          179.81     0.00000e+00
 340 -5.20720262e+04             inf     0.00000e+00          188.18     0.00000e+00
 350 -5.20717584e+04             inf     0.00000e+00          196.41     0.00000e+00
 360 -5.20713980e+04             inf     0.00000e+00          204.64     0.00000e+00
 370 -5.20712753e+04             inf     0.00000e+00          211.94     0.00000e+00
 380 -5.20711800e+04             inf     0.00000e+00          220.34     0.00000e+00
 390 -5.20708919e+04             inf     0.00000e+00          228.65     0.00000e+00
 400 -5.20707016e+04             inf     0.00000e+00          237.10     0.00000e+00
 410 -5.20703202e+04             inf     0.00000e+00          247.30     0.00000e+00
 420 -5.20702577e+04             inf     0.00000e+00          257.54     0.00000e+00
 430 -5.20701673e+04             inf     0.00000e+00          265.94     0.00000e+00
 440 -5.20700063e+04             inf     0.00000e+00          273.86     0.00000e+00
 450 -5.20697471e+04             inf     0.00000e+00          282.96     0.00000e+00
 460 -5.20692214e+04             inf     0.00000e+00          291.25     0.00000e+00
 470 -5.20686602e+04             inf     0.00000e+00          299.39     0.00000e+00
 480 -5.20582592e+04             inf     0.00000e+00          307.32     0.00000e+00
 490 -5.20563110e+04             inf     0.00000e+00          315.67     0.00000e+00
 500 -5.20551776e+04             inf     0.00000e+00          325.18     0.00000e+00
 510 -5.20545889e+04             inf     0.00000e+00          334.02     0.00000e+00
 520 -5.20539861e+04             inf     0.00000e+00          343.00     0.00000e+00
 530 -5.20536136e+04             inf     0.00000e+00          351.82     0.00000e+00
 540 -5.20523488e+04             inf     0.00000e+00          359.46     0.00000e+00
 550 -5.20515367e+04             inf     0.00000e+00          368.21     0.00000e+00
 560 -5.20509962e+04             inf     0.00000e+00          377.47     0.00000e+00
 570 -5.20507048e+04             inf     0.00000e+00          386.59     0.00000e+00
 580 -5.20505117e+04             inf     0.00000e+00          396.30     0.00000e+00
 590 -5.20503703e+04             inf     0.00000e+00          405.68     0.00000e+00
 600 -5.20491193e+04             inf     0.00000e+00          415.32     0.00000e+00
 610 -5.20434939e+04             inf     0.00000e+00          424.62     0.00000e+00
 620 -5.20416685e+04             inf     0.00000e+00          433.31     0.00000e+00
 630 -5.20411849e+04             inf     0.00000e+00          444.06     0.00000e+00
 640 -5.20108783e+04             inf     0.00000e+00          455.07     0.00000e+00
 650 -5.20086684e+04             inf     0.00000e+00          465.86     0.00000e+00
 660 -5.20073684e+04             inf     0.00000e+00          476.51     0.00000e+00
 670 -5.20058354e+04             inf     0.00000e+00          487.10     0.00000e+00
 680 -5.20040766e+04             inf     0.00000e+00          497.80     0.00000e+00
 690 -5.20017386e+04             inf     0.00000e+00          508.95     0.00000e+00
 700 -5.19989190e+04             inf     0.00000e+00          519.16     0.00000e+00
 710 -5.19847787e+04             inf     0.00000e+00          529.39     0.00000e+00
 720 -5.19808052e+04             inf     0.00000e+00          542.64     0.00000e+00
 730 -5.19796915e+04             inf     0.00000e+00          554.13     0.00000e+00
 740 -5.19794105e+04             inf     0.00000e+00          565.10     0.00000e+00
 750 -5.19790279e+04             inf     0.00000e+00          575.89     0.00000e+00
 760 -5.19788496e+04             inf     0.00000e+00          587.03     0.00000e+00
 770 -5.19787324e+04             inf     0.00000e+00          597.63     0.00000e+00
 780 -5.19775334e+04             inf     0.00000e+00          608.42     0.00000e+00
 790 -5.19773347e+04             inf     0.00000e+00          620.47     0.00000e+00
 800 -5.19770686e+04             inf     0.00000e+00          633.00     0.00000e+00
 810 -5.19767674e+04             inf     0.00000e+00          643.86     0.00000e+00
 820 -5.19674303e+04             inf     0.00000e+00          655.05     0.00000e+00
 830 -5.19643527e+04             inf     0.00000e+00          666.72     0.00000e+00
 840 -5.19639300e+04             inf     0.00000e+00          678.71     0.00000e+00
 850 -5.19625403e+04             inf     0.00000e+00          689.90     0.00000e+00
 860 -5.19624604e+04             inf     0.00000e+00          700.58     0.00000e+00
 870 -5.19622382e+04             inf     0.00000e+00          712.33     0.00000e+00
 880 -5.19618269e+04             inf     0.00000e+00          725.09     0.00000e+00
 890 -5.19613897e+04             inf     0.00000e+00          737.28     0.00000e+00
 900 -5.19613128e+04             inf     0.00000e+00          749.40     0.00000e+00
 910 -5.19609504e+04             inf     0.00000e+00          761.30     0.00000e+00
 920 -5.19609175e+04             inf     0.00000e+00          773.33     0.00000e+00
 930 -5.19606970e+04             inf     0.00000e+00          785.54     0.00000e+00
 940 -5.19592369e+04             inf     0.00000e+00          797.99     0.00000e+00
 950 -5.19589915e+04             inf     0.00000e+00          808.94     0.00000e+00
 960 -5.19581351e+04             inf     0.00000e+00          820.75     0.00000e+00
 970 -5.19539618e+04             inf     0.00000e+00          832.58     0.00000e+00
 980 -5.19476664e+04             inf     0.00000e+00          844.74     0.00000e+00
 990 -5.19415199e+04             inf     0.00000e+00          857.76     0.00000e+00
1000 -5.19395251e+04             inf     0.00000e+00          869.91     0.00000e+00
==============================================================================================
Pass              LB             iUB             iHW       F time       B time    Wall time
Sim1000    -5.19395e+04    -5.22577e+04     1.67196e+03         0.00         0.00       977.03
==============================================================================================
