Hydro_R2_AR1_T12_N5_15_I10000_Time60_DW_DUAL_MC_DS_0.8000_cube
Multicut: True
Dynamic Sampling: True
==============================================================================================
Pass              LB             iUB             iHW    Wall time           Other
==============================================================================================
   0 -1.00000858e+08             inf     0.00000e+00            0.01     0.00000e+00
  10 -4.64972730e+03             inf     0.00000e+00            0.77     0.00000e+00
  20 -4.64332302e+03             inf     0.00000e+00            2.18     0.00000e+00
  30 -4.64275890e+03             inf     0.00000e+00            3.90     0.00000e+00
  40 -4.64161761e+03             inf     0.00000e+00            6.19     0.00000e+00
  50 -4.64155384e+03             inf     0.00000e+00            9.93     0.00000e+00
  60 -4.64151425e+03             inf     0.00000e+00           17.22     0.00000e+00
  70 -4.64151071e+03             inf     0.00000e+00           26.84     0.00000e+00
  80 -4.64150267e+03             inf     0.00000e+00           32.80     0.00000e+00
  90 -4.64149283e+03             inf     0.00000e+00           38.75     0.00000e+00
 100 -4.64128703e+03             inf     0.00000e+00           44.10     0.00000e+00
 110 -4.64114752e+03             inf     0.00000e+00           51.63     0.00000e+00
 120 -4.64110705e+03             inf     0.00000e+00           59.80     0.00000e+00
 121 -4.64110665e+03             inf     0.00000e+00           60.46     0.00000e+00
==============================================================================================
Pass              LB             iUB             iHW       F time       B time    Wall time
Sim1000    -4.64111e+03    -1.22781e+03     8.74807e+02         0.00         0.00        80.32
==============================================================================================
