Hydro_R2_AR1_T12_N5_15_I10000_Time60_DW_DUAL_MC_DS_900.0000_cvx_hull2
Multicut: True
Dynamic Sampling: True
==============================================================================================
Pass              LB             iUB             iHW    Wall time           Other
==============================================================================================
   0 -1.00000858e+08             inf     0.00000e+00            0.01     0.00000e+00
  10 -2.33366191e+03             inf     0.00000e+00            0.80     0.00000e+00
  20 -2.33366191e+03             inf     0.00000e+00            1.78     0.00000e+00
  30 -2.33366191e+03             inf     0.00000e+00            3.04     0.00000e+00
  40 -2.33366191e+03             inf     0.00000e+00            4.62     0.00000e+00
  50 -2.33366191e+03             inf     0.00000e+00            6.71     0.00000e+00
  60 -2.33366191e+03             inf     0.00000e+00            9.14     0.00000e+00
  70 -2.33366191e+03             inf     0.00000e+00           11.44     0.00000e+00
  80 -2.33366191e+03             inf     0.00000e+00           14.74     0.00000e+00
  90 -2.33366191e+03             inf     0.00000e+00           18.63     0.00000e+00
 100 -2.33366191e+03             inf     0.00000e+00           22.84     0.00000e+00
 110 -2.33366191e+03             inf     0.00000e+00           27.20     0.00000e+00
 120 -2.33366191e+03             inf     0.00000e+00           31.00     0.00000e+00
 130 -2.33366191e+03             inf     0.00000e+00           35.07     0.00000e+00
 140 -2.33366191e+03             inf     0.00000e+00           39.63     0.00000e+00
 150 -2.33366191e+03             inf     0.00000e+00           46.26     0.00000e+00
 160 -2.33366191e+03             inf     0.00000e+00           52.25     0.00000e+00
 170 -2.33366191e+03             inf     0.00000e+00           57.66     0.00000e+00
 174 -2.33366191e+03             inf     0.00000e+00           60.03     0.00000e+00
==============================================================================================
Pass              LB             iUB             iHW       F time       B time    Wall time
Sim1000    -2.33366e+03    -2.59007e+03     8.29260e+02         0.00         0.00        84.13
==============================================================================================
