Hydro_R2_AR1_T12_N5_30_I10000_Time100_DW_DUAL_MC_DS_0.0800_cvx_hull2
Multicut: True
Dynamic Sampling: True
==============================================================================================
Pass              LB             iUB             iHW    Wall time           Other
==============================================================================================
   0 -1.00000858e+08             inf     0.00000e+00            0.02     0.00000e+00
  10 -5.02533214e+03             inf     0.00000e+00            2.18     0.00000e+00
  20 -5.02063282e+03             inf     0.00000e+00            5.96     0.00000e+00
  30 -5.01762775e+03             inf     0.00000e+00           11.15     0.00000e+00
  40 -5.01558015e+03             inf     0.00000e+00           17.09     0.00000e+00
  50 -5.01547369e+03             inf     0.00000e+00           32.48     0.00000e+00
  60 -5.01538667e+03             inf     0.00000e+00           41.44     0.00000e+00
  70 -5.01536462e+03             inf     0.00000e+00           52.05     0.00000e+00
  80 -5.01507951e+03             inf     0.00000e+00           63.12     0.00000e+00
  90 -5.01503447e+03             inf     0.00000e+00           75.77     0.00000e+00
 100 -5.01492549e+03             inf     0.00000e+00           90.17     0.00000e+00
 106 -5.01435715e+03             inf     0.00000e+00          100.16     0.00000e+00
==============================================================================================
Pass              LB             iUB             iHW       F time       B time    Wall time
Sim1000    -5.01436e+03    -2.76844e+03     8.26190e+02         0.00         0.00       120.40
==============================================================================================
