Hydro_R2_AR1_T12_N5_15_I10000_Time60_DW_DUAL_MC_DS_0.0200_cvx_hull2
Multicut: True
Dynamic Sampling: True
==============================================================================================
Pass              LB             iUB             iHW    Wall time           Other
==============================================================================================
   0 -1.00000858e+08             inf     0.00000e+00            0.01     0.00000e+00
  10 -5.06227140e+03             inf     0.00000e+00            1.17     0.00000e+00
  20 -5.05217171e+03             inf     0.00000e+00            2.99     0.00000e+00
  30 -5.05059614e+03             inf     0.00000e+00            6.14     0.00000e+00
  40 -5.04816303e+03             inf     0.00000e+00            9.83     0.00000e+00
  50 -5.04799480e+03             inf     0.00000e+00           14.00     0.00000e+00
  60 -5.04784395e+03             inf     0.00000e+00           18.69     0.00000e+00
  70 -5.04782481e+03             inf     0.00000e+00           23.55     0.00000e+00
  80 -5.04754040e+03             inf     0.00000e+00           29.04     0.00000e+00
  90 -5.04751449e+03             inf     0.00000e+00           34.85     0.00000e+00
 100 -5.04735684e+03             inf     0.00000e+00           41.05     0.00000e+00
 110 -5.04637908e+03             inf     0.00000e+00           47.98     0.00000e+00
 120 -5.04625288e+03             inf     0.00000e+00           55.07     0.00000e+00
 127 -5.04624574e+03             inf     0.00000e+00           60.18     0.00000e+00
==============================================================================================
Pass              LB             iUB             iHW       F time       B time    Wall time
Sim1000    -5.04625e+03    -2.69276e+03     8.27217e+02         0.00         0.00        86.79
==============================================================================================
