Hydro_R2_AR1_T12_N5_15_I10000_Time60_DW_DUAL_MC_DS_0.1000_None
Multicut: True
Dynamic Sampling: True
==============================================================================================
Pass              LB             iUB             iHW    Wall time           Other
==============================================================================================
   0 -1.00000858e+08             inf     0.00000e+00            0.01     0.00000e+00
  10 -5.01474374e+03             inf     0.00000e+00            0.66     0.00000e+00
  20 -5.00761743e+03             inf     0.00000e+00            1.70     0.00000e+00
  30 -5.00451139e+03             inf     0.00000e+00            3.10     0.00000e+00
  40 -5.00293910e+03             inf     0.00000e+00            4.98     0.00000e+00
  50 -5.00263733e+03             inf     0.00000e+00            6.98     0.00000e+00
  60 -5.00249510e+03             inf     0.00000e+00            9.29     0.00000e+00
  70 -5.00247195e+03             inf     0.00000e+00           11.77     0.00000e+00
  80 -5.00232688e+03             inf     0.00000e+00           14.57     0.00000e+00
  90 -5.00228085e+03             inf     0.00000e+00           17.84     0.00000e+00
 100 -5.00206949e+03             inf     0.00000e+00           21.41     0.00000e+00
 110 -5.00183680e+03             inf     0.00000e+00           25.15     0.00000e+00
 120 -5.00159051e+03             inf     0.00000e+00           29.28     0.00000e+00
 130 -5.00156507e+03             inf     0.00000e+00           33.94     0.00000e+00
 140 -5.00148178e+03             inf     0.00000e+00           39.09     0.00000e+00
 150 -5.00147499e+03             inf     0.00000e+00           44.64     0.00000e+00
 160 -5.00146642e+03             inf     0.00000e+00           50.69     0.00000e+00
 170 -5.00134933e+03             inf     0.00000e+00           57.20     0.00000e+00
 175 -5.00134130e+03             inf     0.00000e+00           60.59     0.00000e+00
==============================================================================================
Pass              LB             iUB             iHW       F time       B time    Wall time
Sim1000    -5.00134e+03    -2.95382e+03     8.23111e+02         0.00         0.00        79.02
==============================================================================================
