Hydro_R10_AR1_T12_N10_10_I101000_Time20_DW_DUAL_MC_ES_50.0000000_None
Multicut: True
Dynamic Sampling: False
==============================================================================================
Pass              LB             iUB             iHW    Wall time           Other
==============================================================================================
   0 -1.00004104e+08             inf     0.00000e+00            0.01     0.00000e+00
  10 -2.58599844e+04             inf     0.00000e+00            0.71     0.00000e+00
  20 -2.56261035e+04             inf     0.00000e+00            1.55     0.00000e+00
  30 -2.55993590e+04             inf     0.00000e+00            2.56     0.00000e+00
  40 -2.55993590e+04             inf     0.00000e+00            3.72     0.00000e+00
  50 -2.55852079e+04             inf     0.00000e+00            4.97     0.00000e+00
  60 -2.55845133e+04             inf     0.00000e+00            6.40     0.00000e+00
  70 -2.55845133e+04             inf     0.00000e+00            8.05     0.00000e+00
  80 -2.55816901e+04             inf     0.00000e+00            9.80     0.00000e+00
  90 -2.55640282e+04             inf     0.00000e+00           11.67     0.00000e+00
 100 -2.55622930e+04             inf     0.00000e+00           13.71     0.00000e+00
 110 -2.55618978e+04             inf     0.00000e+00           15.88     0.00000e+00
 120 -2.55618978e+04             inf     0.00000e+00           18.16     0.00000e+00
 128 -2.55618978e+04             inf     0.00000e+00           20.11     0.00000e+00
Time profiling
           Pass        # LPs        setup      simplex       output   cut update      cut gen        other        total
        Forward         1548         0.23         0.69         0.08         0.00         0.00         0.12         1.12
       Backward        14080         2.34         5.69         9.07         0.03         1.62         0.23        18.99
==============================================================================================
Pass              LB             iUB             iHW       F time       B time    Wall time
Sim100    -2.55619e+04    -3.35122e+04     3.99748e+02         0.00         0.00        23.05
==============================================================================================
Mean:   	 -33512.21
Median: 	 -33538.22
SD:     	   1998.74
20-80: 	( -34932.13,  -31937.11)
10-90: 	( -35950.75,  -31049.84)
05-95: 	( -37026.70,  -30385.45)
