Hydro_R10_AR1_T12_N5_5_I10000_Time20_DW_DUAL_MC_DS_0.0400000_None
Multicut: True
Dynamic Sampling: True
==============================================================================================
Pass              LB             iUB             iHW    Wall time           Other
==============================================================================================
   0 -1.00003827e+08             inf     0.00000e+00            0.01     0.00000e+00
  10 -3.52193788e+04             inf     0.00000e+00            0.47     0.00000e+00
  20 -3.51156727e+04             inf     0.00000e+00            1.07     0.00000e+00
  30 -3.50990044e+04             inf     0.00000e+00            1.74     0.00000e+00
  40 -3.50897187e+04             inf     0.00000e+00            2.56     0.00000e+00
  50 -3.50871532e+04             inf     0.00000e+00            3.37     0.00000e+00
  60 -3.50849009e+04             inf     0.00000e+00            4.28     0.00000e+00
  70 -3.50835489e+04             inf     0.00000e+00            5.48     0.00000e+00
  80 -3.50827857e+04             inf     0.00000e+00            6.84     0.00000e+00
  90 -3.50821163e+04             inf     0.00000e+00            8.26     0.00000e+00
 100 -3.50812573e+04             inf     0.00000e+00            9.39     0.00000e+00
 110 -3.50806649e+04             inf     0.00000e+00           10.67     0.00000e+00
 120 -3.50802985e+04             inf     0.00000e+00           12.09     0.00000e+00
 130 -3.50798115e+04             inf     0.00000e+00           13.70     0.00000e+00
 140 -3.50793651e+04             inf     0.00000e+00           15.43     0.00000e+00
 150 -3.50791539e+04             inf     0.00000e+00           17.16     0.00000e+00
 160 -3.50787703e+04             inf     0.00000e+00           18.98     0.00000e+00
 166 -3.50785975e+04             inf     0.00000e+00           20.14     0.00000e+00
Time profiling
           Pass        # LPs        setup      simplex       output   cut update      cut gen        other        total
        Forward         2004         0.39         1.33         0.16         0.01         0.00         0.50         2.39
       Backward         9130         2.03         5.33         8.32         0.03         1.74         0.30        17.75
==============================================================================================
Pass              LB             iUB             iHW       F time       B time    Wall time
Sim500    -3.50786e+04    -3.51440e+04     2.32734e+02         0.00         0.00        33.15
==============================================================================================
Mean:   	 -35144.01
Median: 	 -35084.95
SD:     	   2602.05
20-80: 	( -37305.76,  -32982.23)
10-90: 	( -38368.33,  -31888.86)
05-95: 	( -39464.28,  -30989.54)
