Hydro_R2_AR1_T12_N5_15_I10000_Time300_DW_DUAL_MC_DS_30.0000_cube
Multicut: True
Dynamic Sampling: True
==============================================================================================
Pass              LB             iUB             iHW    Wall time           Other
==============================================================================================
   0 -1.00000858e+08             inf     0.00000e+00            0.02     0.00000e+00
  10 -3.21944836e+03             inf     0.00000e+00            0.81     0.00000e+00
  20 -3.21944836e+03             inf     0.00000e+00            2.23     0.00000e+00
  30 -3.21944836e+03             inf     0.00000e+00            4.27     0.00000e+00
  40 -3.21944836e+03             inf     0.00000e+00            6.69     0.00000e+00
  50 -3.21944836e+03             inf     0.00000e+00            9.42     0.00000e+00
  60 -3.21944836e+03             inf     0.00000e+00           12.31     0.00000e+00
  70 -3.21944836e+03             inf     0.00000e+00           15.47     0.00000e+00
  80 -3.21944836e+03             inf     0.00000e+00           19.09     0.00000e+00
  90 -3.21944836e+03             inf     0.00000e+00           23.09     0.00000e+00
 100 -3.21944836e+03             inf     0.00000e+00           28.87     0.00000e+00
 110 -3.21944836e+03             inf     0.00000e+00           34.67     0.00000e+00
 120 -3.21944836e+03             inf     0.00000e+00           40.62     0.00000e+00
 130 -3.21944836e+03             inf     0.00000e+00           46.88     0.00000e+00
 140 -3.21944836e+03             inf     0.00000e+00           53.41     0.00000e+00
 150 -3.21944836e+03             inf     0.00000e+00           60.53     0.00000e+00
 160 -3.21944836e+03             inf     0.00000e+00           68.08     0.00000e+00
 170 -3.21944836e+03             inf     0.00000e+00           75.14     0.00000e+00
 180 -3.21944836e+03             inf     0.00000e+00           82.60     0.00000e+00
 190 -3.21944836e+03             inf     0.00000e+00           90.65     0.00000e+00
 200 -3.21944836e+03             inf     0.00000e+00           99.90     0.00000e+00
 210 -3.21944836e+03             inf     0.00000e+00          108.72     0.00000e+00
 220 -3.21944836e+03             inf     0.00000e+00          118.01     0.00000e+00
 230 -3.21944836e+03             inf     0.00000e+00          129.49     0.00000e+00
 240 -3.21944836e+03             inf     0.00000e+00          140.13     0.00000e+00
 250 -3.21944836e+03             inf     0.00000e+00          151.33     0.00000e+00
 260 -3.21944836e+03             inf     0.00000e+00          162.49     0.00000e+00
 270 -3.21944836e+03             inf     0.00000e+00          176.98     0.00000e+00
 280 -3.21944836e+03             inf     0.00000e+00          197.16     0.00000e+00
 290 -3.21944836e+03             inf     0.00000e+00          216.53     0.00000e+00
 300 -3.21944836e+03             inf     0.00000e+00          236.15     0.00000e+00
 310 -3.21944836e+03             inf     0.00000e+00          253.10     0.00000e+00
 320 -3.21944836e+03             inf     0.00000e+00          269.99     0.00000e+00
 330 -3.21944836e+03             inf     0.00000e+00          289.03     0.00000e+00
 336 -3.21944836e+03             inf     0.00000e+00          301.18     0.00000e+00
==============================================================================================
Pass              LB             iUB             iHW       F time       B time    Wall time
Sim1000    -3.21945e+03    -8.91140e+02     9.21778e+02         0.00         0.00       337.65
==============================================================================================
