Hydro_R2_AR1_T12_N5_30_I10000_Time100_DW_DUAL_MC_DS_3.0000_None
Multicut: True
Dynamic Sampling: True
==============================================================================================
Pass              LB             iUB             iHW    Wall time           Other
==============================================================================================
   0 -1.00000858e+08             inf     0.00000e+00            0.01     0.00000e+00
  10 -3.41960632e+03             inf     0.00000e+00            2.05     0.00000e+00
  20 -3.41838624e+03             inf     0.00000e+00            5.63     0.00000e+00
  30 -3.41719366e+03             inf     0.00000e+00           10.41     0.00000e+00
  40 -3.41695569e+03             inf     0.00000e+00           16.08     0.00000e+00
  50 -3.41690522e+03             inf     0.00000e+00           23.15     0.00000e+00
  60 -3.41628130e+03             inf     0.00000e+00           31.64     0.00000e+00
  70 -3.41615200e+03             inf     0.00000e+00           44.34     0.00000e+00
  80 -3.41608893e+03             inf     0.00000e+00           63.06     0.00000e+00
  90 -3.41607011e+03             inf     0.00000e+00           77.14     0.00000e+00
 100 -3.41605905e+03             inf     0.00000e+00           93.30     0.00000e+00
 104 -3.41604989e+03             inf     0.00000e+00          100.40     0.00000e+00
==============================================================================================
Pass              LB             iUB             iHW       F time       B time    Wall time
Sim1000    -3.41605e+03    -4.48239e+03     6.32432e+01         0.00         0.00       121.77
==============================================================================================
