Hydro_R2_AR1_T12_N5_15_I10000_Time300_DW_DUAL_MC_DS_0.1000_cvx_hull2
Multicut: True
Dynamic Sampling: True
==============================================================================================
Pass              LB             iUB             iHW    Wall time           Other
==============================================================================================
   0 -1.00000858e+08             inf     0.00000e+00            0.01     0.00000e+00
  10 -5.01686179e+03             inf     0.00000e+00            0.81     0.00000e+00
  20 -5.00964936e+03             inf     0.00000e+00            1.98     0.00000e+00
  30 -5.00704037e+03             inf     0.00000e+00            3.34     0.00000e+00
  40 -5.00526140e+03             inf     0.00000e+00            5.18     0.00000e+00
  50 -5.00503490e+03             inf     0.00000e+00            7.32     0.00000e+00
  60 -5.00491877e+03             inf     0.00000e+00            9.75     0.00000e+00
  70 -5.00489753e+03             inf     0.00000e+00           12.40     0.00000e+00
  80 -5.00461467e+03             inf     0.00000e+00           15.32     0.00000e+00
  90 -5.00458882e+03             inf     0.00000e+00           18.67     0.00000e+00
 100 -5.00446933e+03             inf     0.00000e+00           22.48     0.00000e+00
 110 -5.00367979e+03             inf     0.00000e+00           26.67     0.00000e+00
 120 -5.00354850e+03             inf     0.00000e+00           31.23     0.00000e+00
 130 -5.00353578e+03             inf     0.00000e+00           36.20     0.00000e+00
 140 -5.00351036e+03             inf     0.00000e+00           41.67     0.00000e+00
 150 -5.00350274e+03             inf     0.00000e+00           47.60     0.00000e+00
 160 -5.00349761e+03             inf     0.00000e+00           53.97     0.00000e+00
 170 -5.00341458e+03             inf     0.00000e+00           60.92     0.00000e+00
 180 -5.00336387e+03             inf     0.00000e+00           68.24     0.00000e+00
 190 -5.00322982e+03             inf     0.00000e+00           76.10     0.00000e+00
 200 -5.00318717e+03             inf     0.00000e+00           84.59     0.00000e+00
 210 -5.00318219e+03             inf     0.00000e+00           93.49     0.00000e+00
 220 -5.00318101e+03             inf     0.00000e+00          103.20     0.00000e+00
 230 -5.00317995e+03             inf     0.00000e+00          113.34     0.00000e+00
 240 -5.00317912e+03             inf     0.00000e+00          124.27     0.00000e+00
 250 -5.00317854e+03             inf     0.00000e+00          135.57     0.00000e+00
 260 -5.00317793e+03             inf     0.00000e+00          147.41     0.00000e+00
 270 -5.00317359e+03             inf     0.00000e+00          159.84     0.00000e+00
 280 -5.00314706e+03             inf     0.00000e+00          172.84     0.00000e+00
 290 -5.00314505e+03             inf     0.00000e+00          186.82     0.00000e+00
 300 -5.00307197e+03             inf     0.00000e+00          201.55     0.00000e+00
 310 -5.00306736e+03             inf     0.00000e+00          216.81     0.00000e+00
 320 -5.00305882e+03             inf     0.00000e+00          232.30     0.00000e+00
 330 -5.00305156e+03             inf     0.00000e+00          248.14     0.00000e+00
 340 -5.00304737e+03             inf     0.00000e+00          264.88     0.00000e+00
 350 -5.00304661e+03             inf     0.00000e+00          281.88     0.00000e+00
 360 -5.00304604e+03             inf     0.00000e+00          299.58     0.00000e+00
 361 -5.00304603e+03             inf     0.00000e+00          301.40     0.00000e+00
==============================================================================================
Pass              LB             iUB             iHW       F time       B time    Wall time
Sim1000    -5.00305e+03    -2.69278e+03     8.27214e+02         0.00         0.00       327.24
==============================================================================================
