Hydro_R10_AR1_T12_N10_10_I101000_Time1800__SP_MC_ES
Multicut: True
Dynamic Sampling: False
==============================================================================================
Pass              LB             iUB             iHW    Wall time           Other
==============================================================================================
   0 -1.00000646e+09             inf     0.00000e+00            0.01     0.00000e+00
  10 -6.00942496e+04             inf     0.00000e+00            1.34     0.00000e+00
  20 -5.98250781e+04             inf     0.00000e+00            2.93     0.00000e+00
  30 -5.97610807e+04             inf     0.00000e+00            4.79     0.00000e+00
  40 -5.97382619e+04             inf     0.00000e+00            7.04     0.00000e+00
  50 -5.97213538e+04             inf     0.00000e+00            9.49     0.00000e+00
  60 -5.97028159e+04             inf     0.00000e+00           12.28     0.00000e+00
  70 -5.96939123e+04             inf     0.00000e+00           15.31     0.00000e+00
  80 -5.96878946e+04             inf     0.00000e+00           18.66     0.00000e+00
  90 -5.96830717e+04             inf     0.00000e+00           22.31     0.00000e+00
 100 -5.96788566e+04             inf     0.00000e+00           26.61     0.00000e+00
 110 -5.96752318e+04             inf     0.00000e+00           31.26     0.00000e+00
 120 -5.96722339e+04             inf     0.00000e+00           35.95     0.00000e+00
 130 -5.96690349e+04             inf     0.00000e+00           41.16     0.00000e+00
 140 -5.96665442e+04             inf     0.00000e+00           46.84     0.00000e+00
 150 -5.96645088e+04             inf     0.00000e+00           53.26     0.00000e+00
 160 -5.96629507e+04             inf     0.00000e+00           60.67     0.00000e+00
 170 -5.96608983e+04             inf     0.00000e+00           67.30     0.00000e+00
 180 -5.96586611e+04             inf     0.00000e+00           74.27     0.00000e+00
 190 -5.96569612e+04             inf     0.00000e+00           81.83     0.00000e+00
 200 -5.96551586e+04             inf     0.00000e+00           89.90     0.00000e+00
 210 -5.96537654e+04             inf     0.00000e+00           97.97     0.00000e+00
 220 -5.96524914e+04             inf     0.00000e+00          106.37     0.00000e+00
 230 -5.96512704e+04             inf     0.00000e+00          115.12     0.00000e+00
 240 -5.96502357e+04             inf     0.00000e+00          124.47     0.00000e+00
 250 -5.96492171e+04             inf     0.00000e+00          134.28     0.00000e+00
 260 -5.96481953e+04             inf     0.00000e+00          144.04     0.00000e+00
 270 -5.96475012e+04             inf     0.00000e+00          153.73     0.00000e+00
 280 -5.96467580e+04             inf     0.00000e+00          164.07     0.00000e+00
 290 -5.96461661e+04             inf     0.00000e+00          174.91     0.00000e+00
 300 -5.96453283e+04             inf     0.00000e+00          186.29     0.00000e+00
 310 -5.96448313e+04             inf     0.00000e+00          198.09     0.00000e+00
 320 -5.96441237e+04             inf     0.00000e+00          210.52     0.00000e+00
 330 -5.96436811e+04             inf     0.00000e+00          224.82     0.00000e+00
 340 -5.96429528e+04             inf     0.00000e+00          239.26     0.00000e+00
 350 -5.96423011e+04             inf     0.00000e+00          252.50     0.00000e+00
 360 -5.96417621e+04             inf     0.00000e+00          265.90     0.00000e+00
 370 -5.96412511e+04             inf     0.00000e+00          279.47     0.00000e+00
 380 -5.96407253e+04             inf     0.00000e+00          293.57     0.00000e+00
 390 -5.96402663e+04             inf     0.00000e+00          307.93     0.00000e+00
 400 -5.96398721e+04             inf     0.00000e+00          322.62     0.00000e+00
 410 -5.96394994e+04             inf     0.00000e+00          336.90     0.00000e+00
 420 -5.96389695e+04             inf     0.00000e+00          352.39     0.00000e+00
 430 -5.96385780e+04             inf     0.00000e+00          368.54     0.00000e+00
 440 -5.96380772e+04             inf     0.00000e+00          385.63     0.00000e+00
 450 -5.96376121e+04             inf     0.00000e+00          402.22     0.00000e+00
