Hydro_R10_AR1_T2_N10_10_I101000_DW_PRIMAL_MC_DS_100.000000
Multicut: True
Dynamic Sampling: True
==============================================================================================
Pass              LB             iUB             iHW    Wall time           Other
==============================================================================================
   0 -1.00006458e+08             inf     0.00000e+00            0.01     0.00000e+00
  10 -1.44991024e+04             inf     0.00000e+00            0.13     0.00000e+00
  20 -1.44991024e+04             inf     0.00000e+00            0.29     0.00000e+00
  30 -1.44991024e+04             inf     0.00000e+00            0.41     0.00000e+00
  40 -1.44991024e+04             inf     0.00000e+00            0.52     0.00000e+00
  50 -1.44991024e+04             inf     0.00000e+00            0.63     0.00000e+00
  60 -1.44991024e+04             inf     0.00000e+00            0.78     0.00000e+00
  70 -1.44991024e+04             inf     0.00000e+00            0.90     0.00000e+00
  80 -1.44991024e+04             inf     0.00000e+00            1.03     0.00000e+00
  90 -1.44991024e+04             inf     0.00000e+00            1.15     0.00000e+00
 100 -1.44991024e+04             inf     0.00000e+00            1.26     0.00000e+00
 110 -1.44991024e+04             inf     0.00000e+00            1.38     0.00000e+00
 120 -1.44991024e+04             inf     0.00000e+00            1.54     0.00000e+00
 130 -1.44991024e+04             inf     0.00000e+00            1.69     0.00000e+00
 140 -1.44991024e+04             inf     0.00000e+00            1.83     0.00000e+00
 150 -1.44991024e+04             inf     0.00000e+00            1.96     0.00000e+00
 160 -1.44991024e+04             inf     0.00000e+00            2.09     0.00000e+00
 170 -1.44991024e+04             inf     0.00000e+00            2.25     0.00000e+00
 180 -1.44991024e+04             inf     0.00000e+00            2.37     0.00000e+00
 190 -1.44991024e+04             inf     0.00000e+00            2.51     0.00000e+00
 200 -1.44991024e+04             inf     0.00000e+00            2.66     0.00000e+00
 210 -1.44991024e+04             inf     0.00000e+00            2.83     0.00000e+00
 220 -1.44991024e+04             inf     0.00000e+00            3.03     0.00000e+00
 230 -1.44991024e+04             inf     0.00000e+00            3.17     0.00000e+00
 240 -1.44991024e+04             inf     0.00000e+00            3.32     0.00000e+00
 250 -1.44991024e+04             inf     0.00000e+00            3.48     0.00000e+00
 260 -1.44991024e+04             inf     0.00000e+00            3.61     0.00000e+00
 270 -1.44991024e+04             inf     0.00000e+00            3.75     0.00000e+00
 280 -1.44991024e+04             inf     0.00000e+00            3.89     0.00000e+00
 290 -1.44991024e+04             inf     0.00000e+00            4.04     0.00000e+00
 300 -1.44991024e+04             inf     0.00000e+00            4.19     0.00000e+00
 310 -1.44991024e+04             inf     0.00000e+00            4.35     0.00000e+00
 320 -1.44991024e+04             inf     0.00000e+00            4.52     0.00000e+00
 330 -1.44991024e+04             inf     0.00000e+00            4.67     0.00000e+00
 340 -1.44991024e+04             inf     0.00000e+00            4.80     0.00000e+00
 350 -1.44991024e+04             inf     0.00000e+00            4.93     0.00000e+00
 360 -1.44991024e+04             inf     0.00000e+00            5.08     0.00000e+00
 370 -1.44991024e+04             inf     0.00000e+00            5.23     0.00000e+00
 380 -1.44991024e+04             inf     0.00000e+00            5.37     0.00000e+00
 390 -1.44991024e+04             inf     0.00000e+00            5.55     0.00000e+00
 400 -1.44991024e+04             inf     0.00000e+00            5.69     0.00000e+00
 410 -1.44991024e+04             inf     0.00000e+00            5.83     0.00000e+00
 420 -1.44991024e+04             inf     0.00000e+00            5.97     0.00000e+00
 430 -1.44991024e+04             inf     0.00000e+00            6.13     0.00000e+00
 440 -1.44991024e+04             inf     0.00000e+00            6.28     0.00000e+00
 450 -1.44991024e+04             inf     0.00000e+00            6.43     0.00000e+00
 460 -1.44991024e+04             inf     0.00000e+00            6.61     0.00000e+00
 470 -1.44991024e+04             inf     0.00000e+00            6.76     0.00000e+00
 480 -1.44991024e+04             inf     0.00000e+00            6.90     0.00000e+00
 490 -1.44991024e+04             inf     0.00000e+00            7.06     0.00000e+00
 500 -1.44991024e+04             inf     0.00000e+00            7.23     0.00000e+00
 510 -1.44991024e+04             inf     0.00000e+00            7.38     0.00000e+00
 520 -1.44991024e+04             inf     0.00000e+00            7.55     0.00000e+00
 530 -1.44991024e+04             inf     0.00000e+00            7.73     0.00000e+00
 540 -1.44991024e+04             inf     0.00000e+00            7.89     0.00000e+00
 550 -1.44991024e+04             inf     0.00000e+00            8.05     0.00000e+00
