Hydro_R2_AR1_T12_N5_5_I10000_Time10_DW_DUAL_MC_DS_0.0300000_None
Multicut: True
Dynamic Sampling: True
==============================================================================================
Pass              LB             iUB             iHW    Wall time           Other
==============================================================================================
   0 -9.99966359e+07             inf     0.00000e+00            0.01     0.00000e+00
  10  5.40135010e+04             inf     0.00000e+00            0.28     0.00000e+00
  20  5.40137060e+04             inf     0.00000e+00            0.62     0.00000e+00
  30  5.40137226e+04             inf     0.00000e+00            1.04     0.00000e+00
  40  5.40137289e+04             inf     0.00000e+00            1.57     0.00000e+00
  50  5.40137317e+04             inf     0.00000e+00            2.08     0.00000e+00
  60  5.40137321e+04             inf     0.00000e+00            2.65     0.00000e+00
  70  5.40137337e+04             inf     0.00000e+00            3.28     0.00000e+00
  80  5.40137342e+04             inf     0.00000e+00            3.96     0.00000e+00
  90  5.40137348e+04             inf     0.00000e+00            4.78     0.00000e+00
 100  5.40137351e+04             inf     0.00000e+00            5.66     0.00000e+00
 110  5.40137355e+04             inf     0.00000e+00            6.65     0.00000e+00
 120  5.40137356e+04             inf     0.00000e+00            8.03     0.00000e+00
 130  5.40137370e+04             inf     0.00000e+00            9.37     0.00000e+00
 135  5.40137370e+04             inf     0.00000e+00           10.02     0.00000e+00
Time profiling
           Pass        # LPs        setup      simplex       output   cut update      cut gen        other        total
        Forward         1632         0.10         0.30         0.07         0.01         0.00         0.39         0.87
       Backward         7425         0.58         1.31         6.26         0.03         0.72         0.24         9.14
==============================================================================================
Pass              LB             iUB             iHW       F time       B time    Wall time
Sim500     5.40137e+04     5.38746e+04     3.49692e+01         0.00         0.00        17.53
==============================================================================================
Mean:   	  53874.56
Median: 	  53884.86
SD:     	    390.97
20-80: 	(  53593.20,   54200.78)
10-90: 	(  53358.57,   54334.29)
05-95: 	(  53202.84,   54473.86)
