Hydro_R2_AR1_T12_N5_15_I10000_Time300_DW_DUAL_MC_DS_80.0000_cube
Multicut: True
Dynamic Sampling: True
==============================================================================================
Pass              LB             iUB             iHW    Wall time           Other
==============================================================================================
   0 -1.00000858e+08             inf     0.00000e+00            0.01     0.00000e+00
  10 -3.21944836e+03             inf     0.00000e+00            0.85     0.00000e+00
  20 -3.21944836e+03             inf     0.00000e+00            2.40     0.00000e+00
  30 -3.21944836e+03             inf     0.00000e+00            4.13     0.00000e+00
  40 -3.21944836e+03             inf     0.00000e+00            5.74     0.00000e+00
  50 -3.21944836e+03             inf     0.00000e+00            7.69     0.00000e+00
  60 -3.21944836e+03             inf     0.00000e+00           10.03     0.00000e+00
  70 -3.21944836e+03             inf     0.00000e+00           12.91     0.00000e+00
  80 -3.21944836e+03             inf     0.00000e+00           16.42     0.00000e+00
  90 -3.21944836e+03             inf     0.00000e+00           20.33     0.00000e+00
 100 -3.21944836e+03             inf     0.00000e+00           24.33     0.00000e+00
 110 -3.21944836e+03             inf     0.00000e+00           30.45     0.00000e+00
 120 -3.21944836e+03             inf     0.00000e+00           37.05     0.00000e+00
 130 -3.21944836e+03             inf     0.00000e+00           42.18     0.00000e+00
 140 -3.21944836e+03             inf     0.00000e+00           47.51     0.00000e+00
 150 -3.21944836e+03             inf     0.00000e+00           53.61     0.00000e+00
 160 -3.21944836e+03             inf     0.00000e+00           60.41     0.00000e+00
 170 -3.21944836e+03             inf     0.00000e+00           68.18     0.00000e+00
 180 -3.21944836e+03             inf     0.00000e+00           76.99     0.00000e+00
 190 -3.21944836e+03             inf     0.00000e+00           86.31     0.00000e+00
 200 -3.21944836e+03             inf     0.00000e+00           94.92     0.00000e+00
 210 -3.21944836e+03             inf     0.00000e+00          104.41     0.00000e+00
 220 -3.21944836e+03             inf     0.00000e+00          115.07     0.00000e+00
 230 -3.21944836e+03             inf     0.00000e+00          126.00     0.00000e+00
 240 -3.21944836e+03             inf     0.00000e+00          137.92     0.00000e+00
 250 -3.21944836e+03             inf     0.00000e+00          150.52     0.00000e+00
 260 -3.21944836e+03             inf     0.00000e+00          163.76     0.00000e+00
 270 -3.21944836e+03             inf     0.00000e+00          177.86     0.00000e+00
 280 -3.21944836e+03             inf     0.00000e+00          190.32     0.00000e+00
 290 -3.21944836e+03             inf     0.00000e+00          203.02     0.00000e+00
 300 -3.21944836e+03             inf     0.00000e+00          216.60     0.00000e+00
 310 -3.21944836e+03             inf     0.00000e+00          230.44     0.00000e+00
 320 -3.21944836e+03             inf     0.00000e+00          245.80     0.00000e+00
 330 -3.21944836e+03             inf     0.00000e+00          261.42     0.00000e+00
 340 -3.21944836e+03             inf     0.00000e+00          278.22     0.00000e+00
 350 -3.21944836e+03             inf     0.00000e+00          293.45     0.00000e+00
 354 -3.21944836e+03             inf     0.00000e+00          301.01     0.00000e+00
==============================================================================================
Pass              LB             iUB             iHW       F time       B time    Wall time
Sim1000    -3.21945e+03    -8.91140e+02     9.21778e+02         0.00         0.00       332.84
==============================================================================================
