Hydro_R10_AR1_T12_N5_5_I101000_Time20_DW_PRIMAL_SC_DS_15.0000000_None
Multicut: False
Dynamic Sampling: True
==============================================================================================
Pass              LB             iUB             iHW    Wall time           Other
==============================================================================================
   0 -1.00003692e+08             inf     0.00000e+00            0.03     0.00000e+00
  10  2.82134073e+04             inf     0.00000e+00            0.58     0.00000e+00
  20  2.84088536e+04             inf     0.00000e+00            1.18     0.00000e+00
  30  2.84093161e+04             inf     0.00000e+00            1.81     0.00000e+00
  40  2.84093161e+04             inf     0.00000e+00            2.44     0.00000e+00
  50  2.84093161e+04             inf     0.00000e+00            3.10     0.00000e+00
  60  2.84093161e+04             inf     0.00000e+00            3.83     0.00000e+00
  70  2.84093161e+04             inf     0.00000e+00            4.57     0.00000e+00
  80  2.84093161e+04             inf     0.00000e+00            5.34     0.00000e+00
  90  2.84093161e+04             inf     0.00000e+00            6.23     0.00000e+00
 100  2.84093161e+04             inf     0.00000e+00            7.06     0.00000e+00
 110  2.84093161e+04             inf     0.00000e+00            7.96     0.00000e+00
 120  2.84093161e+04             inf     0.00000e+00            8.87     0.00000e+00
 130  2.84093161e+04             inf     0.00000e+00            9.86     0.00000e+00
 140  2.84093161e+04             inf     0.00000e+00           10.86     0.00000e+00
 150  2.84093161e+04             inf     0.00000e+00           11.82     0.00000e+00
 160  2.84093161e+04             inf     0.00000e+00           12.90     0.00000e+00
 170  2.84093161e+04             inf     0.00000e+00           13.99     0.00000e+00
 180  2.84093161e+04             inf     0.00000e+00           15.23     0.00000e+00
 190  2.84093161e+04             inf     0.00000e+00           16.64     0.00000e+00
 200  2.84093161e+04             inf     0.00000e+00           17.85     0.00000e+00
 210  2.84093161e+04             inf     0.00000e+00           19.57     0.00000e+00
 214  2.84093161e+04             inf     0.00000e+00           20.03     0.00000e+00
Time profiling
           Pass        # LPs        setup      simplex       output   cut update      cut gen        other        total
        Forward         2580         0.42         0.66         0.15         0.01         0.00         8.31         9.55
       Backward        11770         2.19         2.41         3.28         0.04         2.35         0.20        10.47
==============================================================================================
Pass              LB             iUB             iHW       F time       B time    Wall time
Sim500     2.84093e+04     1.13224e+04     3.92698e+02         0.00         0.00        31.77
==============================================================================================
Mean:   	  11322.41
Median: 	  11037.57
SD:     	   4390.50
20-80: 	(   7722.47,   14886.92)
10-90: 	(   5777.23,   16574.05)
05-95: 	(   4581.67,   18766.13)
