Hydro_R10_AR1_T12_N3_15_I101000_Time50_DW_DUAL_MC_DS_10.0000_cube
Multicut: True
Dynamic Sampling: True
==============================================================================================
Pass              LB             iUB             iHW    Wall time           Other
==============================================================================================
   0 -1.00006458e+08             inf     0.00000e+00            0.02     0.00000e+00
  10 -5.42593839e+04             inf     0.00000e+00            1.82     0.00000e+00
  20 -5.42217166e+04             inf     0.00000e+00            4.46     0.00000e+00
  30 -5.42042205e+04             inf     0.00000e+00            7.95     0.00000e+00
  40 -5.41945788e+04             inf     0.00000e+00           12.16     0.00000e+00
  50 -5.41896956e+04             inf     0.00000e+00           17.18     0.00000e+00
  60 -5.41853180e+04             inf     0.00000e+00           22.99     0.00000e+00
  70 -5.41832253e+04             inf     0.00000e+00           29.80     0.00000e+00
  80 -5.41814077e+04             inf     0.00000e+00           37.50     0.00000e+00
  90 -5.41799651e+04             inf     0.00000e+00           46.04     0.00000e+00
  94 -5.41795986e+04             inf     0.00000e+00           50.05     0.00000e+00
==============================================================================================
Pass              LB             iUB             iHW       F time       B time    Wall time
Sim1000    -5.41796e+04    -5.58306e+04     1.65754e+02         0.00         0.00       160.21
==============================================================================================
Hydro_R10_AR1_T12_N3_15_I101000_Time50_DW_DUAL_MC_DS_10.0000_cube
Multicut: True
Dynamic Sampling: True
==============================================================================================
Pass              LB             iUB             iHW    Wall time           Other
==============================================================================================
   0 -1.00006458e+08             inf     0.00000e+00            0.03     0.00000e+00
  10 -5.80757738e+04             inf     0.00000e+00            1.46     0.00000e+00
  20 -5.79708827e+04             inf     0.00000e+00            3.61     0.00000e+00
  30 -5.79498841e+04             inf     0.00000e+00            6.68     0.00000e+00
  40 -5.79320455e+04             inf     0.00000e+00            9.85     0.00000e+00
  50 -5.79270728e+04             inf     0.00000e+00           14.02     0.00000e+00
  60 -5.79228443e+04             inf     0.00000e+00           19.52     0.00000e+00
  70 -5.79194603e+04             inf     0.00000e+00           24.74     0.00000e+00
  80 -5.79180627e+04             inf     0.00000e+00           30.77     0.00000e+00
  90 -5.79168517e+04             inf     0.00000e+00           36.59     0.00000e+00
 100 -5.79156658e+04             inf     0.00000e+00           42.70     0.00000e+00
 110 -5.79149795e+04             inf     0.00000e+00           49.61     0.00000e+00
 111 -5.79148607e+04             inf     0.00000e+00           50.36     0.00000e+00
==============================================================================================
Pass              LB             iUB             iHW       F time       B time    Wall time
Sim1000    -5.79149e+04    -5.56915e+04     1.91692e+02         0.00         0.00       112.29
==============================================================================================
