Hydro_R2_AR1_T12_N5_30_I10000_Time100_DW_DUAL_MC_DS_0.0100_cvx_hull
Multicut: True
Dynamic Sampling: True
==============================================================================================
Pass              LB             iUB             iHW    Wall time           Other
==============================================================================================
   0 -1.00000858e+08             inf     0.00000e+00            0.01     0.00000e+00
  10 -5.07035090e+03             inf     0.00000e+00            1.87     0.00000e+00
  20 -5.05938350e+03             inf     0.00000e+00            5.37     0.00000e+00
  30 -5.05837021e+03             inf     0.00000e+00           10.69     0.00000e+00
  40 -5.05590132e+03             inf     0.00000e+00           17.20     0.00000e+00
  50 -5.05576286e+03             inf     0.00000e+00           25.84     0.00000e+00
  60 -5.05568538e+03             inf     0.00000e+00           36.81     0.00000e+00
  70 -5.05566122e+03             inf     0.00000e+00           50.06     0.00000e+00
  80 -5.05544653e+03             inf     0.00000e+00           65.64     0.00000e+00
  90 -5.05540777e+03             inf     0.00000e+00           83.74     0.00000e+00
  99 -5.05523688e+03             inf     0.00000e+00          101.68     0.00000e+00
==============================================================================================
Pass              LB             iUB             iHW       F time       B time    Wall time
Sim1000    -5.05524e+03     6.70507e+00     9.40344e+02         0.00         0.00       124.07
==============================================================================================
