Hydro_R2_AR1_T12_N5_30_I10000_Time100_DW_DUAL_MC_DS_0.0005_cvx_hull
Multicut: True
Dynamic Sampling: True
==============================================================================================
Pass              LB             iUB             iHW    Wall time           Other
==============================================================================================
   0 -1.00000858e+08             inf     0.00000e+00            0.01     0.00000e+00
  10 -5.07530808e+03             inf     0.00000e+00            2.24     0.00000e+00
  20 -5.06435841e+03             inf     0.00000e+00            6.59     0.00000e+00
  30 -5.06334340e+03             inf     0.00000e+00           12.37     0.00000e+00
  40 -5.06094158e+03             inf     0.00000e+00           21.21     0.00000e+00
  50 -5.06080054e+03             inf     0.00000e+00           30.22     0.00000e+00
  60 -5.06072606e+03             inf     0.00000e+00           40.78     0.00000e+00
  70 -5.06070576e+03             inf     0.00000e+00           54.59     0.00000e+00
  80 -5.06046423e+03             inf     0.00000e+00           71.20     0.00000e+00
  90 -5.06043609e+03             inf     0.00000e+00           90.46     0.00000e+00
  95 -5.06027214e+03             inf     0.00000e+00          101.06     0.00000e+00
==============================================================================================
Pass              LB             iUB             iHW       F time       B time    Wall time
Sim1000    -5.06027e+03     6.36184e+00     9.40338e+02         0.00         0.00       124.05
==============================================================================================
