Hydro_R10_AR1_T12_N5_5_I10000_Time20_DW_DUAL_MC_DS_0.1000000_None
Multicut: True
Dynamic Sampling: True
==============================================================================================
Pass              LB             iUB             iHW    Wall time           Other
==============================================================================================
   0 -1.00004104e+08             inf     0.00000e+00            0.01     0.00000e+00
  10 -3.45910717e+04             inf     0.00000e+00            0.38     0.00000e+00
  20 -3.44930857e+04             inf     0.00000e+00            0.91     0.00000e+00
  30 -3.44834298e+04             inf     0.00000e+00            1.49     0.00000e+00
  40 -3.44759612e+04             inf     0.00000e+00            2.06     0.00000e+00
  50 -3.44728254e+04             inf     0.00000e+00            2.79     0.00000e+00
  60 -3.44692433e+04             inf     0.00000e+00            3.61     0.00000e+00
  70 -3.44680975e+04             inf     0.00000e+00            4.55     0.00000e+00
  80 -3.44673694e+04             inf     0.00000e+00            5.53     0.00000e+00
  90 -3.44664278e+04             inf     0.00000e+00            6.59     0.00000e+00
 100 -3.44659491e+04             inf     0.00000e+00            7.68     0.00000e+00
 110 -3.44655491e+04             inf     0.00000e+00            8.86     0.00000e+00
 120 -3.44652611e+04             inf     0.00000e+00           10.12     0.00000e+00
 130 -3.44648939e+04             inf     0.00000e+00           11.51     0.00000e+00
 140 -3.44645553e+04             inf     0.00000e+00           12.97     0.00000e+00
 150 -3.44642833e+04             inf     0.00000e+00           14.55     0.00000e+00
 160 -3.44640592e+04             inf     0.00000e+00           16.25     0.00000e+00
 170 -3.44638802e+04             inf     0.00000e+00           17.97     0.00000e+00
 180 -3.44637312e+04             inf     0.00000e+00           19.82     0.00000e+00
 181 -3.44637277e+04             inf     0.00000e+00           20.01     0.00000e+00
Time profiling
           Pass        # LPs        setup      simplex       output   cut update      cut gen        other        total
        Forward         2184         0.37         1.24         0.13         0.01         0.00         0.46         2.20
       Backward         9955         1.94         5.38         8.48         0.03         1.70         0.28        17.81
==============================================================================================
Pass              LB             iUB             iHW       F time       B time    Wall time
Sim500    -3.44637e+04    -3.45449e+04     2.06270e+02         0.00         0.00        32.46
==============================================================================================
Mean:   	 -34544.92
Median: 	 -34487.21
SD:     	   2306.17
20-80: 	( -36329.12,  -32687.80)
10-90: 	( -37410.55,  -31571.57)
05-95: 	( -38421.84,  -30774.65)
