Hydro_R2_AR1_T12_N5_15_I10000_Time60_DW_DUAL_MC_DS_0.0080_cvx_hull2
Multicut: True
Dynamic Sampling: True
==============================================================================================
Pass              LB             iUB             iHW    Wall time           Other
==============================================================================================
   0 -1.00000858e+08             inf     0.00000e+00            0.02     0.00000e+00
  10 -5.06875303e+03             inf     0.00000e+00            1.36     0.00000e+00
  20 -5.05867419e+03             inf     0.00000e+00            4.44     0.00000e+00
  30 -5.05693876e+03             inf     0.00000e+00            8.70     0.00000e+00
  40 -5.05461795e+03             inf     0.00000e+00           13.41     0.00000e+00
  50 -5.05438820e+03             inf     0.00000e+00           18.36     0.00000e+00
  60 -5.05427983e+03             inf     0.00000e+00           23.91     0.00000e+00
  70 -5.05426119e+03             inf     0.00000e+00           31.75     0.00000e+00
  80 -5.05397246e+03             inf     0.00000e+00           38.28     0.00000e+00
  90 -5.05394477e+03             inf     0.00000e+00           44.85     0.00000e+00
 100 -5.05378377e+03             inf     0.00000e+00           51.86     0.00000e+00
 110 -5.05278215e+03             inf     0.00000e+00           59.08     0.00000e+00
 111 -5.05277476e+03             inf     0.00000e+00           60.15     0.00000e+00
==============================================================================================
Pass              LB             iUB             iHW       F time       B time    Wall time
Sim1000    -5.05277e+03    -2.69272e+03     8.27219e+02         0.00         0.00        98.23
==============================================================================================
