Hydro_R10_AR1_T12_N10_10_I10000_Time20_DW_DUAL_MC_DS_1.0000000_None
Multicut: True
Dynamic Sampling: True
==============================================================================================
Pass              LB             iUB             iHW    Wall time           Other
==============================================================================================
   0 -1.00004104e+08             inf     0.00000e+00            0.01     0.00000e+00
  10 -3.29984193e+04             inf     0.00000e+00            0.82     0.00000e+00
  20 -3.28630491e+04             inf     0.00000e+00            1.89     0.00000e+00
  30 -3.28492122e+04             inf     0.00000e+00            3.19     0.00000e+00
  40 -3.28462625e+04             inf     0.00000e+00            4.84     0.00000e+00
  50 -3.28402597e+04             inf     0.00000e+00            6.76     0.00000e+00
  60 -3.28381373e+04             inf     0.00000e+00            8.89     0.00000e+00
  70 -3.28359981e+04             inf     0.00000e+00           11.32     0.00000e+00
  80 -3.28346133e+04             inf     0.00000e+00           14.09     0.00000e+00
  90 -3.28335638e+04             inf     0.00000e+00           17.12     0.00000e+00
  99 -3.28329337e+04             inf     0.00000e+00           20.17     0.00000e+00
Time profiling
           Pass        # LPs        setup      simplex       output   cut update      cut gen        other        total
        Forward         1200         0.18         0.79         0.07         0.00         0.00         0.38         1.43
       Backward        10890         1.86         6.09         8.95         0.03         1.54         0.27        18.74
==============================================================================================
Pass              LB             iUB             iHW       F time       B time    Wall time
Sim500    -3.28329e+04    -3.44863e+04     2.00458e+02         0.00         0.00        33.48
==============================================================================================
Mean:   	 -34486.30
Median: 	 -34424.41
SD:     	   2241.19
20-80: 	( -36202.93,  -32662.73)
10-90: 	( -37233.70,  -31666.83)
05-95: 	( -38218.20,  -30880.32)
