Hydro_R2_AR1_T12_N5_15_I10000_Time60_DW_DUAL_MC_DS_0.0500_cvx_hull2
Multicut: True
Dynamic Sampling: True
==============================================================================================
Pass              LB             iUB             iHW    Wall time           Other
==============================================================================================
   0 -1.00000858e+08             inf     0.00000e+00            0.03     0.00000e+00
  10 -5.04616252e+03             inf     0.00000e+00            1.32     0.00000e+00
  20 -5.03603094e+03             inf     0.00000e+00            3.22     0.00000e+00
  30 -5.03448151e+03             inf     0.00000e+00            5.55     0.00000e+00
  40 -5.03208719e+03             inf     0.00000e+00            8.63     0.00000e+00
  50 -5.03191855e+03             inf     0.00000e+00           12.19     0.00000e+00
  60 -5.03177403e+03             inf     0.00000e+00           16.75     0.00000e+00
  70 -5.03175471e+03             inf     0.00000e+00           21.54     0.00000e+00
  80 -5.03148302e+03             inf     0.00000e+00           27.00     0.00000e+00
  90 -5.03145655e+03             inf     0.00000e+00           33.51     0.00000e+00
 100 -5.03129232e+03             inf     0.00000e+00           42.59     0.00000e+00
 110 -5.03035408e+03             inf     0.00000e+00           51.06     0.00000e+00
 119 -5.03024883e+03             inf     0.00000e+00           60.50     0.00000e+00
==============================================================================================
Pass              LB             iUB             iHW       F time       B time    Wall time
Sim1000    -5.03025e+03    -2.69279e+03     8.27218e+02         0.00         0.00        93.17
==============================================================================================
