Hydro_R2_AR1_T12_N5_15_I10000_Time60_DW_DUAL_MC_DS_3.0000_cube
Multicut: True
Dynamic Sampling: True
==============================================================================================
Pass              LB             iUB             iHW    Wall time           Other
==============================================================================================
   0 -1.00000858e+08             inf     0.00000e+00            0.01     0.00000e+00
  10 -3.47754545e+03             inf     0.00000e+00            0.66     0.00000e+00
  20 -3.47754545e+03             inf     0.00000e+00            1.74     0.00000e+00
  30 -3.47754545e+03             inf     0.00000e+00            3.13     0.00000e+00
  40 -3.47754522e+03             inf     0.00000e+00            4.79     0.00000e+00
  50 -3.47754508e+03             inf     0.00000e+00            6.74     0.00000e+00
  60 -3.47754506e+03             inf     0.00000e+00            8.97     0.00000e+00
  70 -3.47754504e+03             inf     0.00000e+00           11.50     0.00000e+00
  80 -3.47754504e+03             inf     0.00000e+00           14.39     0.00000e+00
  90 -3.47754503e+03             inf     0.00000e+00           17.62     0.00000e+00
 100 -3.47754501e+03             inf     0.00000e+00           21.26     0.00000e+00
 110 -3.47754501e+03             inf     0.00000e+00           25.34     0.00000e+00
 120 -3.47754501e+03             inf     0.00000e+00           29.81     0.00000e+00
 130 -3.47754501e+03             inf     0.00000e+00           34.90     0.00000e+00
 140 -3.47754501e+03             inf     0.00000e+00           40.43     0.00000e+00
 150 -3.47754501e+03             inf     0.00000e+00           46.50     0.00000e+00
 160 -3.47754500e+03             inf     0.00000e+00           53.02     0.00000e+00
 170 -3.47754500e+03             inf     0.00000e+00           60.07     0.00000e+00
==============================================================================================
Pass              LB             iUB             iHW       F time       B time    Wall time
Sim1000    -3.47755e+03    -1.25946e+03     8.73533e+02         0.00         0.00        78.29
==============================================================================================
