Hydro_R2_AR1_T12_N5_15_I10000_Time60_DW_DUAL_MC_DS_1.5000_cvx_hull2
Multicut: True
Dynamic Sampling: True
==============================================================================================
Pass              LB             iUB             iHW    Wall time           Other
==============================================================================================
   0 -1.00000858e+08             inf     0.00000e+00            0.01     0.00000e+00
  10 -4.26779936e+03             inf     0.00000e+00            0.89     0.00000e+00
  20 -4.25975944e+03             inf     0.00000e+00            2.26     0.00000e+00
  30 -4.25502583e+03             inf     0.00000e+00            4.20     0.00000e+00
  40 -4.25356400e+03             inf     0.00000e+00            6.51     0.00000e+00
  50 -4.25219162e+03             inf     0.00000e+00            9.45     0.00000e+00
  60 -4.25174859e+03             inf     0.00000e+00           13.78     0.00000e+00
  70 -4.25166556e+03             inf     0.00000e+00           17.23     0.00000e+00
  80 -4.25162853e+03             inf     0.00000e+00           21.13     0.00000e+00
  90 -4.25160763e+03             inf     0.00000e+00           25.61     0.00000e+00
 100 -4.25158467e+03             inf     0.00000e+00           30.14     0.00000e+00
 110 -4.25084533e+03             inf     0.00000e+00           38.02     0.00000e+00
 120 -4.25077048e+03             inf     0.00000e+00           44.22     0.00000e+00
 130 -4.25076154e+03             inf     0.00000e+00           50.14     0.00000e+00
 140 -4.25070573e+03             inf     0.00000e+00           57.41     0.00000e+00
 144 -4.25069662e+03             inf     0.00000e+00           60.19     0.00000e+00
==============================================================================================
Pass              LB             iUB             iHW       F time       B time    Wall time
Sim1000    -4.25070e+03    -4.22255e+03     1.33568e+02         0.00         0.00        83.53
==============================================================================================
