Hydro_R10_AR1_T12_N10_I500ESS_SDDP_MC_EV_prob_-1.000000_ES
Multicut: True
Dynamic Sampling: False
==============================================================================================
Pass              LB             iUB             iHW    Wall time           Other
==============================================================================================
   0 -1.00000646e+09             inf     0.00000e+00            0.01     0.00000e+00
  10 -6.29396003e+04             inf     0.00000e+00            1.35     0.00000e+00
  20 -6.24748248e+04             inf     0.00000e+00            3.04     0.00000e+00
  30 -6.24001715e+04             inf     0.00000e+00            5.05     0.00000e+00
  40 -6.23408817e+04             inf     0.00000e+00            7.27     0.00000e+00
  50 -6.23098546e+04             inf     0.00000e+00            9.83     0.00000e+00
  60 -6.22822491e+04             inf     0.00000e+00           12.91     0.00000e+00
  70 -6.22657683e+04             inf     0.00000e+00           16.42     0.00000e+00
  80 -6.22546029e+04             inf     0.00000e+00           20.37     0.00000e+00
  90 -6.22439582e+04             inf     0.00000e+00           24.34     0.00000e+00
 100 -6.22372925e+04             inf     0.00000e+00           28.75     0.00000e+00
 110 -6.22327063e+04             inf     0.00000e+00           33.70     0.00000e+00
 120 -6.22284150e+04             inf     0.00000e+00           39.16     0.00000e+00
 130 -6.22256714e+04             inf     0.00000e+00           44.96     0.00000e+00
 140 -6.22215604e+04             inf     0.00000e+00           51.54     0.00000e+00
 150 -6.22185730e+04             inf     0.00000e+00           58.34     0.00000e+00
 160 -6.22151053e+04             inf     0.00000e+00           65.36     0.00000e+00
 170 -6.22123479e+04             inf     0.00000e+00           72.87     0.00000e+00
 180 -6.22096311e+04             inf     0.00000e+00           80.77     0.00000e+00
 190 -6.22075059e+04             inf     0.00000e+00           89.06     0.00000e+00
 200 -6.22056400e+04             inf     0.00000e+00           97.96     0.00000e+00
 210 -6.22044296e+04             inf     0.00000e+00          107.16     0.00000e+00
 220 -6.22025901e+04             inf     0.00000e+00          116.73     0.00000e+00
 230 -6.22011291e+04             inf     0.00000e+00          126.45     0.00000e+00
 240 -6.21995817e+04             inf     0.00000e+00          135.79     0.00000e+00
 250 -6.21976592e+04             inf     0.00000e+00          147.41     0.00000e+00
 260 -6.21965239e+04             inf     0.00000e+00          159.79     0.00000e+00
 270 -6.21954289e+04             inf     0.00000e+00          171.72     0.00000e+00
 280 -6.21945625e+04             inf     0.00000e+00          184.63     0.00000e+00
 290 -6.21936281e+04             inf     0.00000e+00          198.99     0.00000e+00
 300 -6.21927719e+04             inf     0.00000e+00          213.31     0.00000e+00
 310 -6.21918433e+04             inf     0.00000e+00          227.67     0.00000e+00
 320 -6.21909504e+04             inf     0.00000e+00          242.11     0.00000e+00
 330 -6.21902548e+04             inf     0.00000e+00          258.42     0.00000e+00
 340 -6.21895471e+04             inf     0.00000e+00          272.27     0.00000e+00
 350 -6.21886451e+04             inf     0.00000e+00          288.81     0.00000e+00
 360 -6.21879686e+04             inf     0.00000e+00          305.69     0.00000e+00
 370 -6.21874346e+04             inf     0.00000e+00          330.82     0.00000e+00
 380 -6.21866457e+04             inf     0.00000e+00          358.51     0.00000e+00
 390 -6.21856356e+04             inf     0.00000e+00          376.03     0.00000e+00
 400 -6.21848979e+04             inf     0.00000e+00          398.38     0.00000e+00
 410 -6.21842465e+04             inf     0.00000e+00          419.94     0.00000e+00
 420 -6.21833663e+04             inf     0.00000e+00          440.43     0.00000e+00
 430 -6.21828077e+04             inf     0.00000e+00          460.32     0.00000e+00
 440 -6.21822580e+04             inf     0.00000e+00          480.95     0.00000e+00
 450 -6.21816437e+04             inf     0.00000e+00          501.23     0.00000e+00
==============================================================================================
Pass              LB             iUB             iHW       F time       B time    Wall time
Sim1000    -6.21816e+04    -5.08484e+04     1.65703e+03         0.00         0.00       708.85
==============================================================================================
