Hydro_R2_AR1_T12_N6_36_I10000_Time100_DW_DUAL_MC_DS_10.0000_None
Multicut: True
Dynamic Sampling: True
==============================================================================================
Pass              LB             iUB             iHW    Wall time           Other
==============================================================================================
   0 -1.00000858e+08             inf     0.00000e+00            0.02     0.00000e+00
  10 -1.93334640e+03             inf     0.00000e+00            3.15     0.00000e+00
  20 -1.93334640e+03             inf     0.00000e+00            8.18     0.00000e+00
  30 -1.93334640e+03             inf     0.00000e+00           14.58     0.00000e+00
  40 -1.93334640e+03             inf     0.00000e+00           23.94     0.00000e+00
  50 -1.93334640e+03             inf     0.00000e+00           36.91     0.00000e+00
  60 -1.93334640e+03             inf     0.00000e+00           50.95     0.00000e+00
  70 -1.93334640e+03             inf     0.00000e+00           70.23     0.00000e+00
  80 -1.93334640e+03             inf     0.00000e+00           88.63     0.00000e+00
  86 -1.93334640e+03             inf     0.00000e+00          101.14     0.00000e+00
==============================================================================================
Pass              LB             iUB             iHW       F time       B time    Wall time
Sim1000    -1.93335e+03    -3.31316e+03     3.65187e+02         0.00         0.00       122.99
==============================================================================================
