Hydro_R2_AR1_T12_N5_15_I10000_Time60_DW_DUAL_MC_DS_0.0100_cvx_hull2
Multicut: True
Dynamic Sampling: True
==============================================================================================
Pass              LB             iUB             iHW    Wall time           Other
==============================================================================================
   0 -1.00000858e+08             inf     0.00000e+00            0.02     0.00000e+00
  10 -5.06767948e+03             inf     0.00000e+00            1.42     0.00000e+00
  20 -5.05759832e+03             inf     0.00000e+00            4.06     0.00000e+00
  30 -5.05586663e+03             inf     0.00000e+00            7.88     0.00000e+00
  40 -5.05354664e+03             inf     0.00000e+00           11.52     0.00000e+00
  50 -5.05331756e+03             inf     0.00000e+00           15.10     0.00000e+00
  60 -5.05320915e+03             inf     0.00000e+00           19.67     0.00000e+00
  70 -5.05319055e+03             inf     0.00000e+00           24.74     0.00000e+00
  80 -5.05290203e+03             inf     0.00000e+00           30.07     0.00000e+00
  90 -5.05287439e+03             inf     0.00000e+00           37.16     0.00000e+00
 100 -5.05271326e+03             inf     0.00000e+00           45.34     0.00000e+00
 110 -5.05171405e+03             inf     0.00000e+00           53.73     0.00000e+00
 115 -5.05169618e+03             inf     0.00000e+00           60.05     0.00000e+00
==============================================================================================
Pass              LB             iUB             iHW       F time       B time    Wall time
Sim1000    -5.05170e+03    -2.69273e+03     8.27219e+02         0.00         0.00        92.58
==============================================================================================
