Hydro_R2_AR1_T12_N5_15_I10000_Time300_DW_DUAL_MC_DS_0.3000_cvx_hull2
Multicut: True
Dynamic Sampling: True
==============================================================================================
Pass              LB             iUB             iHW    Wall time           Other
==============================================================================================
   0 -1.00000858e+08             inf     0.00000e+00            0.02     0.00000e+00
  10 -4.90881626e+03             inf     0.00000e+00            0.84     0.00000e+00
  20 -4.90183363e+03             inf     0.00000e+00            1.91     0.00000e+00
  30 -4.89962087e+03             inf     0.00000e+00            3.25     0.00000e+00
  40 -4.89830329e+03             inf     0.00000e+00            4.94     0.00000e+00
  50 -4.89818056e+03             inf     0.00000e+00            6.96     0.00000e+00
  60 -4.89811398e+03             inf     0.00000e+00            9.27     0.00000e+00
  70 -4.89809277e+03             inf     0.00000e+00           11.79     0.00000e+00
  80 -4.89782993e+03             inf     0.00000e+00           14.69     0.00000e+00
  90 -4.89780713e+03             inf     0.00000e+00           17.96     0.00000e+00
 100 -4.89768148e+03             inf     0.00000e+00           21.55     0.00000e+00
 110 -4.89687643e+03             inf     0.00000e+00           25.55     0.00000e+00
 120 -4.89660117e+03             inf     0.00000e+00           30.24     0.00000e+00
 130 -4.89659664e+03             inf     0.00000e+00           35.23     0.00000e+00
 140 -4.89657223e+03             inf     0.00000e+00           40.59     0.00000e+00
 150 -4.89656155e+03             inf     0.00000e+00           46.44     0.00000e+00
 160 -4.89655904e+03             inf     0.00000e+00           52.62     0.00000e+00
 170 -4.89645707e+03             inf     0.00000e+00           59.39     0.00000e+00
 180 -4.89644747e+03             inf     0.00000e+00           66.73     0.00000e+00
 190 -4.89627916e+03             inf     0.00000e+00           74.13     0.00000e+00
 200 -4.89624291e+03             inf     0.00000e+00           82.10     0.00000e+00
 210 -4.89621469e+03             inf     0.00000e+00           90.62     0.00000e+00
 220 -4.89621344e+03             inf     0.00000e+00           99.62     0.00000e+00
 230 -4.89621080e+03             inf     0.00000e+00          108.89     0.00000e+00
 240 -4.89620902e+03             inf     0.00000e+00          118.98     0.00000e+00
 250 -4.89619048e+03             inf     0.00000e+00          129.68     0.00000e+00
 260 -4.89617806e+03             inf     0.00000e+00          140.72     0.00000e+00
 270 -4.89617490e+03             inf     0.00000e+00          152.13     0.00000e+00
 280 -4.89616897e+03             inf     0.00000e+00          164.31     0.00000e+00
 290 -4.89616830e+03             inf     0.00000e+00          176.96     0.00000e+00
 300 -4.89612586e+03             inf     0.00000e+00          190.24     0.00000e+00
 310 -4.89612244e+03             inf     0.00000e+00          203.91     0.00000e+00
 320 -4.89611924e+03             inf     0.00000e+00          218.22     0.00000e+00
 330 -4.89611277e+03             inf     0.00000e+00          232.96     0.00000e+00
 340 -4.89609080e+03             inf     0.00000e+00          248.34     0.00000e+00
 350 -4.89608926e+03             inf     0.00000e+00          264.14     0.00000e+00
 360 -4.89608897e+03             inf     0.00000e+00          280.27     0.00000e+00
 370 -4.89605229e+03             inf     0.00000e+00          295.40     0.00000e+00
 373 -4.89605203e+03             inf     0.00000e+00          300.11     0.00000e+00
==============================================================================================
Pass              LB             iUB             iHW       F time       B time    Wall time
Sim1000    -4.89605e+03    -2.69244e+03     8.27205e+02         0.00         0.00       325.18
==============================================================================================
