Hydro_R2_AR1_T12_N5_15_I10000_Time60_DW_DUAL_MC_DS_0.0003_cvx_hull
Multicut: True
Dynamic Sampling: True
==============================================================================================
Pass              LB             iUB             iHW    Wall time           Other
==============================================================================================
   0 -1.00000858e+08             inf     0.00000e+00            0.01     0.00000e+00
  10 -5.07540333e+03             inf     0.00000e+00            0.68     0.00000e+00
  20 -5.06445648e+03             inf     0.00000e+00            1.80     0.00000e+00
  30 -5.06344630e+03             inf     0.00000e+00            3.35     0.00000e+00
  40 -5.06100526e+03             inf     0.00000e+00            5.20     0.00000e+00
  50 -5.06083130e+03             inf     0.00000e+00            7.40     0.00000e+00
  60 -5.06079019e+03             inf     0.00000e+00           10.06     0.00000e+00
  70 -5.06077252e+03             inf     0.00000e+00           13.08     0.00000e+00
  80 -5.06053022e+03             inf     0.00000e+00           16.50     0.00000e+00
  90 -5.06050205e+03             inf     0.00000e+00           20.33     0.00000e+00
 100 -5.06034014e+03             inf     0.00000e+00           24.62     0.00000e+00
 110 -5.05977537e+03             inf     0.00000e+00           29.44     0.00000e+00
 120 -5.05960764e+03             inf     0.00000e+00           34.85     0.00000e+00
 130 -5.05959453e+03             inf     0.00000e+00           40.90     0.00000e+00
 140 -5.05937724e+03             inf     0.00000e+00           47.55     0.00000e+00
 150 -5.05937044e+03             inf     0.00000e+00           54.64     0.00000e+00
 157 -5.05936788e+03             inf     0.00000e+00           60.06     0.00000e+00
==============================================================================================
Pass              LB             iUB             iHW       F time       B time    Wall time
Sim1000    -5.05937e+03    -7.41176e+00     9.39786e+02         0.00         0.00        79.02
==============================================================================================
