Hydro_R2_AR1_T12_N5_15_I10000_Time60_DW_DUAL_MC_DS_5.0000_cvx_hull
Multicut: True
Dynamic Sampling: True
==============================================================================================
Pass              LB             iUB             iHW    Wall time           Other
==============================================================================================
   0 -1.00000858e+08             inf     0.00000e+00            0.01     0.00000e+00
  10 -3.29336880e+03             inf     0.00000e+00            0.65     0.00000e+00
  20 -3.29336880e+03             inf     0.00000e+00            1.70     0.00000e+00
  30 -3.29336880e+03             inf     0.00000e+00            3.05     0.00000e+00
  40 -3.29336880e+03             inf     0.00000e+00            4.86     0.00000e+00
  50 -3.29336880e+03             inf     0.00000e+00            6.88     0.00000e+00
  60 -3.29336880e+03             inf     0.00000e+00            9.22     0.00000e+00
  70 -3.29336880e+03             inf     0.00000e+00           11.75     0.00000e+00
  80 -3.29336880e+03             inf     0.00000e+00           14.70     0.00000e+00
  90 -3.29336880e+03             inf     0.00000e+00           18.12     0.00000e+00
 100 -3.29336880e+03             inf     0.00000e+00           21.81     0.00000e+00
 110 -3.29336880e+03             inf     0.00000e+00           25.83     0.00000e+00
 120 -3.29336880e+03             inf     0.00000e+00           30.28     0.00000e+00
 130 -3.29336880e+03             inf     0.00000e+00           35.27     0.00000e+00
 140 -3.29336880e+03             inf     0.00000e+00           40.76     0.00000e+00
 150 -3.29336880e+03             inf     0.00000e+00           46.82     0.00000e+00
 160 -3.29336880e+03             inf     0.00000e+00           53.29     0.00000e+00
 170 -3.29336880e+03             inf     0.00000e+00           60.22     0.00000e+00
==============================================================================================
Pass              LB             iUB             iHW       F time       B time    Wall time
Sim1000    -3.29337e+03     3.40739e+02     9.87648e+02         0.00         0.00        77.87
==============================================================================================
