Hydro_R2_AR1_T12_N5_15_I10000_Time60_DW_DUAL_MC_DS_6.0000_cvx_hull2
Multicut: True
Dynamic Sampling: True
==============================================================================================
Pass              LB             iUB             iHW    Wall time           Other
==============================================================================================
   0 -1.00000858e+08             inf     0.00000e+00            0.01     0.00000e+00
  10 -2.33366191e+03             inf     0.00000e+00            0.98     0.00000e+00
  20 -2.33366191e+03             inf     0.00000e+00            2.22     0.00000e+00
  30 -2.33366191e+03             inf     0.00000e+00            3.90     0.00000e+00
  40 -2.33366191e+03             inf     0.00000e+00            6.02     0.00000e+00
  50 -2.33366191e+03             inf     0.00000e+00            8.72     0.00000e+00
  60 -2.33366191e+03             inf     0.00000e+00           12.47     0.00000e+00
  70 -2.33366191e+03             inf     0.00000e+00           16.20     0.00000e+00
  80 -2.33366191e+03             inf     0.00000e+00           20.63     0.00000e+00
  90 -2.33366191e+03             inf     0.00000e+00           26.16     0.00000e+00
 100 -2.33366191e+03             inf     0.00000e+00           31.16     0.00000e+00
 110 -2.33366191e+03             inf     0.00000e+00           36.69     0.00000e+00
 120 -2.33366191e+03             inf     0.00000e+00           43.83     0.00000e+00
 130 -2.33366191e+03             inf     0.00000e+00           49.82     0.00000e+00
 140 -2.33366191e+03             inf     0.00000e+00           56.17     0.00000e+00
 146 -2.33366191e+03             inf     0.00000e+00           60.39     0.00000e+00
==============================================================================================
Pass              LB             iUB             iHW       F time       B time    Wall time
Sim1000    -2.33366e+03    -2.59007e+03     8.29260e+02         0.00         0.00        85.87
==============================================================================================
