Hydro_R10_AR1_T12_N10_I101000ESS_DUAL_MC_DW_10.000000_DS
Multicut: True
Dynamic Sampling: True
==============================================================================================
Pass              LB             iUB             iHW    Wall time           Other
==============================================================================================
   0 -1.00006458e+08             inf     0.00000e+00            0.01     0.00000e+00
  10 -5.67236629e+04             inf     0.00000e+00            0.91     0.00000e+00
  20 -5.64926712e+04             inf     0.00000e+00            1.95     0.00000e+00
  30 -5.63885049e+04             inf     0.00000e+00            3.31     0.00000e+00
  40 -5.63321246e+04             inf     0.00000e+00            4.86     0.00000e+00
  50 -5.63137170e+04             inf     0.00000e+00            6.96     0.00000e+00
  60 -5.62924662e+04             inf     0.00000e+00            9.31     0.00000e+00
  70 -5.62743512e+04             inf     0.00000e+00           11.64     0.00000e+00
  80 -5.62655798e+04             inf     0.00000e+00           14.12     0.00000e+00
  90 -5.62588632e+04             inf     0.00000e+00           16.91     0.00000e+00
 100 -5.62529451e+04             inf     0.00000e+00           19.98     0.00000e+00
 110 -5.62444265e+04             inf     0.00000e+00           23.49     0.00000e+00
 120 -5.62407531e+04             inf     0.00000e+00           27.31     0.00000e+00
 130 -5.62372070e+04             inf     0.00000e+00           31.43     0.00000e+00
 140 -5.62339886e+04             inf     0.00000e+00           36.37     0.00000e+00
 150 -5.62325799e+04             inf     0.00000e+00           41.65     0.00000e+00
 160 -5.62310209e+04             inf     0.00000e+00           47.43     0.00000e+00
 165 -5.62297239e+04             inf     0.00000e+00           50.17     0.00000e+00
==============================================================================================
Pass              LB             iUB             iHW       F time       B time    Wall time
Sim1000    -5.62297e+04    -5.21362e+04     1.62853e+03         0.00         0.00        83.06
==============================================================================================
