Hydro_R10_AR1_T12_N5_5_I10000_Time20_DW_DUAL_MC_DS_0.0150000_None
Multicut: True
Dynamic Sampling: True
==============================================================================================
Pass              LB             iUB             iHW    Wall time           Other
==============================================================================================
   0 -1.00003827e+08             inf     0.00000e+00            0.01     0.00000e+00
  10 -3.51812408e+04             inf     0.00000e+00            0.47     0.00000e+00
  20 -3.51294733e+04             inf     0.00000e+00            0.95     0.00000e+00
  30 -3.51213229e+04             inf     0.00000e+00            1.65     0.00000e+00
  40 -3.51164914e+04             inf     0.00000e+00            2.35     0.00000e+00
  50 -3.51138064e+04             inf     0.00000e+00            3.06     0.00000e+00
  60 -3.51118739e+04             inf     0.00000e+00            3.95     0.00000e+00
  70 -3.51105015e+04             inf     0.00000e+00            4.85     0.00000e+00
  80 -3.51096064e+04             inf     0.00000e+00            6.03     0.00000e+00
  90 -3.51087632e+04             inf     0.00000e+00            7.24     0.00000e+00
 100 -3.51080051e+04             inf     0.00000e+00            8.88     0.00000e+00
 110 -3.51074048e+04             inf     0.00000e+00           10.42     0.00000e+00
 120 -3.51068703e+04             inf     0.00000e+00           11.67     0.00000e+00
 130 -3.51062789e+04             inf     0.00000e+00           13.04     0.00000e+00
 140 -3.51057948e+04             inf     0.00000e+00           14.80     0.00000e+00
 150 -3.51055754e+04             inf     0.00000e+00           16.84     0.00000e+00
 160 -3.51051077e+04             inf     0.00000e+00           18.84     0.00000e+00
 166 -3.51048155e+04             inf     0.00000e+00           20.16     0.00000e+00
Time profiling
           Pass        # LPs        setup      simplex       output   cut update      cut gen        other        total
        Forward         2004         0.36         1.30         0.14         0.01         0.00         0.50         2.30
       Backward         9130         1.99         5.36         8.45         0.04         1.73         0.29        17.85
==============================================================================================
Pass              LB             iUB             iHW       F time       B time    Wall time
Sim500    -3.51048e+04    -3.51480e+04     2.33653e+02         0.00         0.00        34.27
==============================================================================================
Mean:   	 -35148.03
Median: 	 -35076.12
SD:     	   2612.32
20-80: 	( -37308.11,  -32981.27)
10-90: 	( -38382.61,  -31885.12)
05-95: 	( -39472.27,  -30988.38)
