Hydro_R2_AR1_T12_N5_30_I10000_Time100_DW_DUAL_MC_DS_0.0010_cvx_hull
Multicut: True
Dynamic Sampling: True
==============================================================================================
Pass              LB             iUB             iHW    Wall time           Other
==============================================================================================
   0 -1.00000858e+08             inf     0.00000e+00            0.01     0.00000e+00
  10 -5.07504705e+03             inf     0.00000e+00            2.11     0.00000e+00
  20 -5.06488413e+03             inf     0.00000e+00            6.03     0.00000e+00
  30 -5.06340773e+03             inf     0.00000e+00           12.60     0.00000e+00
  40 -5.06082513e+03             inf     0.00000e+00           23.41     0.00000e+00
  50 -5.06065940e+03             inf     0.00000e+00           33.27     0.00000e+00
  60 -5.06053008e+03             inf     0.00000e+00           44.90     0.00000e+00
  70 -5.06051058e+03             inf     0.00000e+00           58.81     0.00000e+00
  80 -5.06027285e+03             inf     0.00000e+00           75.87     0.00000e+00
  90 -5.06024571e+03             inf     0.00000e+00           94.68     0.00000e+00
  93 -5.06009752e+03             inf     0.00000e+00          100.80     0.00000e+00
==============================================================================================
Pass              LB             iUB             iHW       F time       B time    Wall time
Sim1000    -5.06010e+03     1.15551e+01     9.40300e+02         0.00         0.00       124.29
==============================================================================================
