Hydro_R2_AR1_T12_N5_15_I10000_Time300_DW_DUAL_MC_DS_0.0000_None
Multicut: True
Dynamic Sampling: True
==============================================================================================
Pass              LB             iUB             iHW    Wall time           Other
==============================================================================================
   0 -1.00000858e+08             inf     0.00000e+00            0.01     0.00000e+00
  10 -5.07547937e+03             inf     0.00000e+00            0.62     0.00000e+00
  20 -5.06377537e+03             inf     0.00000e+00            1.69     0.00000e+00
  30 -5.06271079e+03             inf     0.00000e+00            3.13     0.00000e+00
  40 -5.06082620e+03             inf     0.00000e+00            4.95     0.00000e+00
  50 -5.06065316e+03             inf     0.00000e+00            7.01     0.00000e+00
  60 -5.06053666e+03             inf     0.00000e+00            9.61     0.00000e+00
  70 -5.06051473e+03             inf     0.00000e+00           12.41     0.00000e+00
  80 -5.06027168e+03             inf     0.00000e+00           15.59     0.00000e+00
  90 -5.06024201e+03             inf     0.00000e+00           18.97     0.00000e+00
 100 -5.06008473e+03             inf     0.00000e+00           22.63     0.00000e+00
 110 -5.05986975e+03             inf     0.00000e+00           26.74     0.00000e+00
 120 -5.05971324e+03             inf     0.00000e+00           31.27     0.00000e+00
 130 -5.05969861e+03             inf     0.00000e+00           36.63     0.00000e+00
 140 -5.05954034e+03             inf     0.00000e+00           42.41     0.00000e+00
 150 -5.05953526e+03             inf     0.00000e+00           48.38     0.00000e+00
 160 -5.05952986e+03             inf     0.00000e+00           56.38     0.00000e+00
 170 -5.05946950e+03             inf     0.00000e+00           64.24     0.00000e+00
 180 -5.05944427e+03             inf     0.00000e+00           71.75     0.00000e+00
 190 -5.05931713e+03             inf     0.00000e+00           79.71     0.00000e+00
 200 -5.05928268e+03             inf     0.00000e+00           88.14     0.00000e+00
 210 -5.05927482e+03             inf     0.00000e+00           97.22     0.00000e+00
 220 -5.05927213e+03             inf     0.00000e+00          106.72     0.00000e+00
 230 -5.05927057e+03             inf     0.00000e+00          116.75     0.00000e+00
 240 -5.05926963e+03             inf     0.00000e+00          127.59     0.00000e+00
 250 -5.05926739e+03             inf     0.00000e+00          138.76     0.00000e+00
 260 -5.05926641e+03             inf     0.00000e+00          149.86     0.00000e+00
 270 -5.05926328e+03             inf     0.00000e+00          160.96     0.00000e+00
 280 -5.05923516e+03             inf     0.00000e+00          174.05     0.00000e+00
 290 -5.05923320e+03             inf     0.00000e+00          187.62     0.00000e+00
 300 -5.05919407e+03             inf     0.00000e+00          201.97     0.00000e+00
 310 -5.05919056e+03             inf     0.00000e+00          216.78     0.00000e+00
 320 -5.05918803e+03             inf     0.00000e+00          231.83     0.00000e+00
 330 -5.05918126e+03             inf     0.00000e+00          247.83     0.00000e+00
 340 -5.05917925e+03             inf     0.00000e+00          264.48     0.00000e+00
 350 -5.05917782e+03             inf     0.00000e+00          280.71     0.00000e+00
 360 -5.05917571e+03             inf     0.00000e+00          298.50     0.00000e+00
 361 -5.05917564e+03             inf     0.00000e+00          300.26     0.00000e+00
==============================================================================================
Pass              LB             iUB             iHW       F time       B time    Wall time
Sim1000    -5.05918e+03     7.58108e+00     9.39766e+02         0.00         0.00       325.77
==============================================================================================
