Hydro_R2_AR1_T12_N5_30_I10000_Time100_DW_DUAL_MC_DS_0.8000_cvx_hull
Multicut: True
Dynamic Sampling: True
==============================================================================================
Pass              LB             iUB             iHW    Wall time           Other
==============================================================================================
   0 -1.00000858e+08             inf     0.00000e+00            0.01     0.00000e+00
  10 -4.69270371e+03             inf     0.00000e+00            1.81     0.00000e+00
  20 -4.68232893e+03             inf     0.00000e+00            5.22     0.00000e+00
  30 -4.68096360e+03             inf     0.00000e+00           10.02     0.00000e+00
  40 -4.67969372e+03             inf     0.00000e+00           16.18     0.00000e+00
  50 -4.67957016e+03             inf     0.00000e+00           23.67     0.00000e+00
  60 -4.67954325e+03             inf     0.00000e+00           32.86     0.00000e+00
  70 -4.67953500e+03             inf     0.00000e+00           44.25     0.00000e+00
  80 -4.67952321e+03             inf     0.00000e+00           57.76     0.00000e+00
  90 -4.67949532e+03             inf     0.00000e+00           73.21     0.00000e+00
 100 -4.67946743e+03             inf     0.00000e+00           91.06     0.00000e+00
 105 -4.67944416e+03             inf     0.00000e+00          101.04     0.00000e+00
==============================================================================================
Pass              LB             iUB             iHW       F time       B time    Wall time
Sim1000    -4.67944e+03    -5.25538e+01     9.38421e+02         0.00         0.00       122.71
==============================================================================================
