Hydro_R2_AR1_T12_N5_15_I10000_Time300_DW_DUAL_MC_DS_0.0300_None
Multicut: True
Dynamic Sampling: True
==============================================================================================
Pass              LB             iUB             iHW    Wall time           Other
==============================================================================================
   0 -1.00000858e+08             inf     0.00000e+00            0.01     0.00000e+00
  10 -5.05304825e+03             inf     0.00000e+00            0.83     0.00000e+00
  20 -5.04492728e+03             inf     0.00000e+00            2.37     0.00000e+00
  30 -5.04211644e+03             inf     0.00000e+00            4.24     0.00000e+00
  40 -5.04034589e+03             inf     0.00000e+00            6.19     0.00000e+00
  50 -5.04000238e+03             inf     0.00000e+00            8.53     0.00000e+00
  60 -5.03982408e+03             inf     0.00000e+00           11.33     0.00000e+00
  70 -5.03979301e+03             inf     0.00000e+00           14.54     0.00000e+00
  80 -5.03954107e+03             inf     0.00000e+00           17.85     0.00000e+00
  90 -5.03951205e+03             inf     0.00000e+00           21.92     0.00000e+00
 100 -5.03934344e+03             inf     0.00000e+00           26.17     0.00000e+00
 110 -5.03906895e+03             inf     0.00000e+00           30.92     0.00000e+00
 120 -5.03892733e+03             inf     0.00000e+00           36.03     0.00000e+00
 130 -5.03890586e+03             inf     0.00000e+00           41.49     0.00000e+00
 140 -5.03869948e+03             inf     0.00000e+00           48.00     0.00000e+00
 150 -5.03869418e+03             inf     0.00000e+00           54.32     0.00000e+00
 160 -5.03868866e+03             inf     0.00000e+00           61.16     0.00000e+00
 170 -5.03862857e+03             inf     0.00000e+00           68.53     0.00000e+00
 180 -5.03858120e+03             inf     0.00000e+00           76.99     0.00000e+00
 190 -5.03845729e+03             inf     0.00000e+00           86.56     0.00000e+00
 200 -5.03841776e+03             inf     0.00000e+00           96.45     0.00000e+00
 210 -5.03840847e+03             inf     0.00000e+00          105.92     0.00000e+00
 220 -5.03840538e+03             inf     0.00000e+00          115.59     0.00000e+00
 230 -5.03840212e+03             inf     0.00000e+00          126.82     0.00000e+00
 240 -5.03840155e+03             inf     0.00000e+00          137.55     0.00000e+00
 250 -5.03840072e+03             inf     0.00000e+00          150.87     0.00000e+00
 260 -5.03839904e+03             inf     0.00000e+00          163.38     0.00000e+00
 270 -5.03839781e+03             inf     0.00000e+00          176.07     0.00000e+00
 280 -5.03837439e+03             inf     0.00000e+00          189.75     0.00000e+00
 290 -5.03837243e+03             inf     0.00000e+00          203.04     0.00000e+00
 300 -5.03834084e+03             inf     0.00000e+00          217.33     0.00000e+00
 310 -5.03833738e+03             inf     0.00000e+00          231.43     0.00000e+00
 320 -5.03833496e+03             inf     0.00000e+00          246.34     0.00000e+00
 330 -5.03833253e+03             inf     0.00000e+00          262.20     0.00000e+00
 340 -5.03833160e+03             inf     0.00000e+00          279.43     0.00000e+00
 350 -5.03833109e+03             inf     0.00000e+00          295.83     0.00000e+00
 353 -5.03833104e+03             inf     0.00000e+00          300.47     0.00000e+00
==============================================================================================
Pass              LB             iUB             iHW       F time       B time    Wall time
Sim1000    -5.03833e+03    -2.95394e+03     8.23111e+02         0.00         0.00       329.83
==============================================================================================
