Hydro_R2_AR1_T12_N5_15_I10000_Time300_DW_DUAL_MC_DS_0.0005_cvx_hull2
Multicut: True
Dynamic Sampling: True
==============================================================================================
Pass              LB             iUB             iHW    Wall time           Other
==============================================================================================
   0 -1.00000858e+08             inf     0.00000e+00            0.01     0.00000e+00
  10 -5.07339327e+03             inf     0.00000e+00            0.73     0.00000e+00
  20 -5.06237572e+03             inf     0.00000e+00            1.76     0.00000e+00
  30 -5.06125357e+03             inf     0.00000e+00            3.13     0.00000e+00
  40 -5.05913219e+03             inf     0.00000e+00            4.75     0.00000e+00
  50 -5.05901347e+03             inf     0.00000e+00            6.70     0.00000e+00
  60 -5.05894335e+03             inf     0.00000e+00            8.94     0.00000e+00
  70 -5.05892328e+03             inf     0.00000e+00           11.38     0.00000e+00
  80 -5.05864192e+03             inf     0.00000e+00           14.16     0.00000e+00
  90 -5.05861414e+03             inf     0.00000e+00           17.23     0.00000e+00
 100 -5.05845290e+03             inf     0.00000e+00           20.56     0.00000e+00
 110 -5.05743057e+03             inf     0.00000e+00           24.21     0.00000e+00
 120 -5.05724202e+03             inf     0.00000e+00           28.14     0.00000e+00
 130 -5.05722496e+03             inf     0.00000e+00           32.44     0.00000e+00
 140 -5.05720635e+03             inf     0.00000e+00           37.21     0.00000e+00
 150 -5.05719938e+03             inf     0.00000e+00           42.38     0.00000e+00
 160 -5.05719423e+03             inf     0.00000e+00           48.00     0.00000e+00
 170 -5.05714043e+03             inf     0.00000e+00           54.04     0.00000e+00
 180 -5.05708142e+03             inf     0.00000e+00           60.34     0.00000e+00
 190 -5.05697422e+03             inf     0.00000e+00           67.15     0.00000e+00
 200 -5.05693558e+03             inf     0.00000e+00           74.40     0.00000e+00
 210 -5.05693179e+03             inf     0.00000e+00           82.03     0.00000e+00
 220 -5.05693030e+03             inf     0.00000e+00           90.06     0.00000e+00
 230 -5.05692859e+03             inf     0.00000e+00           98.65     0.00000e+00
 240 -5.05692774e+03             inf     0.00000e+00          107.77     0.00000e+00
 250 -5.05692679e+03             inf     0.00000e+00          117.40     0.00000e+00
 260 -5.05692362e+03             inf     0.00000e+00          127.45     0.00000e+00
 270 -5.05691928e+03             inf     0.00000e+00          138.03     0.00000e+00
 280 -5.05687992e+03             inf     0.00000e+00          149.00     0.00000e+00
 290 -5.05687916e+03             inf     0.00000e+00          160.54     0.00000e+00
 300 -5.05683205e+03             inf     0.00000e+00          172.67     0.00000e+00
 310 -5.05682600e+03             inf     0.00000e+00          185.15     0.00000e+00
 320 -5.05682295e+03             inf     0.00000e+00          198.10     0.00000e+00
 330 -5.05681464e+03             inf     0.00000e+00          211.56     0.00000e+00
 340 -5.05681058e+03             inf     0.00000e+00          225.64     0.00000e+00
 350 -5.05680917e+03             inf     0.00000e+00          240.19     0.00000e+00
 360 -5.05680732e+03             inf     0.00000e+00          255.22     0.00000e+00
 370 -5.05674458e+03             inf     0.00000e+00          270.67     0.00000e+00
 380 -5.05672392e+03             inf     0.00000e+00          286.65     0.00000e+00
 389 -5.05671568e+03             inf     0.00000e+00          301.48     0.00000e+00
==============================================================================================
Pass              LB             iUB             iHW       F time       B time    Wall time
Sim1000    -5.05672e+03    -1.63332e+03     8.68732e+02         0.00         0.00       325.73
==============================================================================================
