Hydro_R2_AR1_T12_N5_15_I10000_Time300_DW_DUAL_MC_DS_0.0030_cube
Multicut: True
Dynamic Sampling: True
==============================================================================================
Pass              LB             iUB             iHW    Wall time           Other
==============================================================================================
   0 -1.00000858e+08             inf     0.00000e+00            0.01     0.00000e+00
  10 -5.07339417e+03             inf     0.00000e+00            0.74     0.00000e+00
  20 -5.06381671e+03             inf     0.00000e+00            2.00     0.00000e+00
  30 -5.06176411e+03             inf     0.00000e+00            3.76     0.00000e+00
  40 -5.05925028e+03             inf     0.00000e+00            5.99     0.00000e+00
  50 -5.05886814e+03             inf     0.00000e+00            8.37     0.00000e+00
  60 -5.05878467e+03             inf     0.00000e+00           11.39     0.00000e+00
  70 -5.05876627e+03             inf     0.00000e+00           15.51     0.00000e+00
  80 -5.05850560e+03             inf     0.00000e+00           19.67     0.00000e+00
  90 -5.05847332e+03             inf     0.00000e+00           24.02     0.00000e+00
 100 -5.05828837e+03             inf     0.00000e+00           28.91     0.00000e+00
 110 -5.05771252e+03             inf     0.00000e+00           34.39     0.00000e+00
 120 -5.05764965e+03             inf     0.00000e+00           41.41     0.00000e+00
 130 -5.05763709e+03             inf     0.00000e+00           48.44     0.00000e+00
 140 -5.05762679e+03             inf     0.00000e+00           55.79     0.00000e+00
 150 -5.05762211e+03             inf     0.00000e+00           63.71     0.00000e+00
 160 -5.05761657e+03             inf     0.00000e+00           73.86     0.00000e+00
 170 -5.05736937e+03             inf     0.00000e+00           84.99     0.00000e+00
 180 -5.05726838e+03             inf     0.00000e+00           96.68     0.00000e+00
 190 -5.05707897e+03             inf     0.00000e+00          109.07     0.00000e+00
 200 -5.05701125e+03             inf     0.00000e+00          122.13     0.00000e+00
 210 -5.05697914e+03             inf     0.00000e+00          136.16     0.00000e+00
 220 -5.05697717e+03             inf     0.00000e+00          148.27     0.00000e+00
 230 -5.05697602e+03             inf     0.00000e+00          160.64     0.00000e+00
 240 -5.05697438e+03             inf     0.00000e+00          174.47     0.00000e+00
 250 -5.05697358e+03             inf     0.00000e+00          189.33     0.00000e+00
 260 -5.05697180e+03             inf     0.00000e+00          204.69     0.00000e+00
 270 -5.05696916e+03             inf     0.00000e+00          222.70     0.00000e+00
 280 -5.05693081e+03             inf     0.00000e+00          239.17     0.00000e+00
 290 -5.05692890e+03             inf     0.00000e+00          256.17     0.00000e+00
 300 -5.05685328e+03             inf     0.00000e+00          276.86     0.00000e+00
 310 -5.05684849e+03             inf     0.00000e+00          297.67     0.00000e+00
 312 -5.05684847e+03             inf     0.00000e+00          301.29     0.00000e+00
==============================================================================================
Pass              LB             iUB             iHW       F time       B time    Wall time
Sim1000    -5.05685e+03    -1.18716e+03     8.75161e+02         0.00         0.00       334.05
==============================================================================================
