Hydro_R2_AR1_T12_N5_15_I10000_Time60_DW_DUAL_MC_DS_0.3000_cube
Multicut: True
Dynamic Sampling: True
==============================================================================================
Pass              LB             iUB             iHW    Wall time           Other
==============================================================================================
   0 -1.00000858e+08             inf     0.00000e+00            0.01     0.00000e+00
  10 -4.91306764e+03             inf     0.00000e+00            0.67     0.00000e+00
  20 -4.90533507e+03             inf     0.00000e+00            2.00     0.00000e+00
  30 -4.90485482e+03             inf     0.00000e+00            3.55     0.00000e+00
  40 -4.90450219e+03             inf     0.00000e+00            5.66     0.00000e+00
  50 -4.90441503e+03             inf     0.00000e+00            8.03     0.00000e+00
  60 -4.90436862e+03             inf     0.00000e+00           10.78     0.00000e+00
  70 -4.90434420e+03             inf     0.00000e+00           13.84     0.00000e+00
  80 -4.90404749e+03             inf     0.00000e+00           17.49     0.00000e+00
  90 -4.90402770e+03             inf     0.00000e+00           21.58     0.00000e+00
 100 -4.90392173e+03             inf     0.00000e+00           26.26     0.00000e+00
 110 -4.90330318e+03             inf     0.00000e+00           31.35     0.00000e+00
 120 -4.90296764e+03             inf     0.00000e+00           37.05     0.00000e+00
 130 -4.90296203e+03             inf     0.00000e+00           43.33     0.00000e+00
 140 -4.90294770e+03             inf     0.00000e+00           49.51     0.00000e+00
 150 -4.90293317e+03             inf     0.00000e+00           57.01     0.00000e+00
 154 -4.90293265e+03             inf     0.00000e+00           60.17     0.00000e+00
==============================================================================================
Pass              LB             iUB             iHW       F time       B time    Wall time
Sim1000    -4.90293e+03    -1.21440e+03     8.75325e+02         0.00         0.00        79.37
==============================================================================================
