Hydro_R2_AR1_T12_N5_15_I10000_Time300_DW_DUAL_MC_DS_1.0000_cube
Multicut: True
Dynamic Sampling: True
==============================================================================================
Pass              LB             iUB             iHW    Wall time           Other
==============================================================================================
   0 -1.00000858e+08             inf     0.00000e+00            0.01     0.00000e+00
  10 -4.54420763e+03             inf     0.00000e+00            0.83     0.00000e+00
  20 -4.53973936e+03             inf     0.00000e+00            2.01     0.00000e+00
  30 -4.53747543e+03             inf     0.00000e+00            3.46     0.00000e+00
  40 -4.53620426e+03             inf     0.00000e+00            5.35     0.00000e+00
  50 -4.53597153e+03             inf     0.00000e+00            7.74     0.00000e+00
  60 -4.53592716e+03             inf     0.00000e+00           10.45     0.00000e+00
  70 -4.53591994e+03             inf     0.00000e+00           13.64     0.00000e+00
  80 -4.53569300e+03             inf     0.00000e+00           17.18     0.00000e+00
  90 -4.53562762e+03             inf     0.00000e+00           21.24     0.00000e+00
 100 -4.53545109e+03             inf     0.00000e+00           25.81     0.00000e+00
 110 -4.53527672e+03             inf     0.00000e+00           30.98     0.00000e+00
 120 -4.53524523e+03             inf     0.00000e+00           36.73     0.00000e+00
 130 -4.53524240e+03             inf     0.00000e+00           43.19     0.00000e+00
 140 -4.53522791e+03             inf     0.00000e+00           50.19     0.00000e+00
 150 -4.53522351e+03             inf     0.00000e+00           57.71     0.00000e+00
 160 -4.53522158e+03             inf     0.00000e+00           65.84     0.00000e+00
 170 -4.53521262e+03             inf     0.00000e+00           74.53     0.00000e+00
 180 -4.53521141e+03             inf     0.00000e+00           83.90     0.00000e+00
 190 -4.53503169e+03             inf     0.00000e+00           94.09     0.00000e+00
 200 -4.53503123e+03             inf     0.00000e+00          105.04     0.00000e+00
 210 -4.53500016e+03             inf     0.00000e+00          116.57     0.00000e+00
 220 -4.53499922e+03             inf     0.00000e+00          128.71     0.00000e+00
 230 -4.53499868e+03             inf     0.00000e+00          141.82     0.00000e+00
 240 -4.53499692e+03             inf     0.00000e+00          155.09     0.00000e+00
 250 -4.53498903e+03             inf     0.00000e+00          167.97     0.00000e+00
 260 -4.53498841e+03             inf     0.00000e+00          183.02     0.00000e+00
 270 -4.53495041e+03             inf     0.00000e+00          198.71     0.00000e+00
 280 -4.53493187e+03             inf     0.00000e+00          214.96     0.00000e+00
 290 -4.53492858e+03             inf     0.00000e+00          232.02     0.00000e+00
 300 -4.53492606e+03             inf     0.00000e+00          249.84     0.00000e+00
 310 -4.53492126e+03             inf     0.00000e+00          268.21     0.00000e+00
 320 -4.53491554e+03             inf     0.00000e+00          287.43     0.00000e+00
 327 -4.53490396e+03             inf     0.00000e+00          301.20     0.00000e+00
==============================================================================================
Pass              LB             iUB             iHW       F time       B time    Wall time
Sim1000    -4.53490e+03    -1.22237e+03     8.74818e+02         0.00         0.00       328.56
==============================================================================================
