Hydro_R2_AR1_T12_N5_15_I10000_Time60_DW_DUAL_MC_DS_8.0000_None
Multicut: True
Dynamic Sampling: True
==============================================================================================
Pass              LB             iUB             iHW    Wall time           Other
==============================================================================================
   0 -1.00000858e+08             inf     0.00000e+00            0.01     0.00000e+00
  10 -1.98294035e+03             inf     0.00000e+00            0.57     0.00000e+00
  20 -1.98294035e+03             inf     0.00000e+00            1.55     0.00000e+00
  30 -1.98294035e+03             inf     0.00000e+00            2.74     0.00000e+00
  40 -1.98294035e+03             inf     0.00000e+00            4.14     0.00000e+00
  50 -1.98294035e+03             inf     0.00000e+00            5.84     0.00000e+00
  60 -1.98294035e+03             inf     0.00000e+00            7.95     0.00000e+00
  70 -1.98294035e+03             inf     0.00000e+00           10.20     0.00000e+00
  80 -1.98294035e+03             inf     0.00000e+00           12.75     0.00000e+00
  90 -1.98294035e+03             inf     0.00000e+00           15.55     0.00000e+00
 100 -1.98294035e+03             inf     0.00000e+00           18.79     0.00000e+00
 110 -1.98294035e+03             inf     0.00000e+00           22.17     0.00000e+00
 120 -1.98294035e+03             inf     0.00000e+00           26.11     0.00000e+00
 130 -1.98294035e+03             inf     0.00000e+00           30.38     0.00000e+00
 140 -1.98294035e+03             inf     0.00000e+00           34.96     0.00000e+00
 150 -1.98294035e+03             inf     0.00000e+00           39.96     0.00000e+00
 160 -1.98294035e+03             inf     0.00000e+00           45.26     0.00000e+00
 170 -1.98294035e+03             inf     0.00000e+00           51.18     0.00000e+00
 180 -1.98294035e+03             inf     0.00000e+00           57.33     0.00000e+00
 185 -1.98294035e+03             inf     0.00000e+00           60.61     0.00000e+00
==============================================================================================
Pass              LB             iUB             iHW       F time       B time    Wall time
Sim1000    -1.98294e+03    -4.36167e+03     6.39116e+01         0.00         0.00        77.85
==============================================================================================
