Hydro_R2_AR1_T12_N5_30_I10000_Time100_DW_DUAL_MC_DS_0.8000_None
Multicut: True
Dynamic Sampling: True
==============================================================================================
Pass              LB             iUB             iHW    Wall time           Other
==============================================================================================
   0 -1.00000858e+08             inf     0.00000e+00            0.01     0.00000e+00
  10 -4.63665686e+03             inf     0.00000e+00            1.86     0.00000e+00
  20 -4.63010149e+03             inf     0.00000e+00            5.02     0.00000e+00
  30 -4.62785413e+03             inf     0.00000e+00            9.51     0.00000e+00
  40 -4.62636013e+03             inf     0.00000e+00           14.89     0.00000e+00
  50 -4.62607638e+03             inf     0.00000e+00           21.70     0.00000e+00
  60 -4.62574481e+03             inf     0.00000e+00           29.61     0.00000e+00
  70 -4.62555848e+03             inf     0.00000e+00           38.90     0.00000e+00
  80 -4.62548976e+03             inf     0.00000e+00           50.18     0.00000e+00
  90 -4.62546530e+03             inf     0.00000e+00           63.12     0.00000e+00
 100 -4.62521981e+03             inf     0.00000e+00           77.78     0.00000e+00
 110 -4.62514613e+03             inf     0.00000e+00           94.54     0.00000e+00
 114 -4.62508295e+03             inf     0.00000e+00          101.81     0.00000e+00
==============================================================================================
Pass              LB             iUB             iHW       F time       B time    Wall time
Sim1000    -4.62508e+03    -4.47704e+03     7.11650e+01         0.00         0.00       123.18
==============================================================================================
