Hydro_R2_AR1_T12_N5_5_I10000_Time10_DW_DUAL_MC_DS_0.3000000_None
Multicut: True
Dynamic Sampling: True
==============================================================================================
Pass              LB             iUB             iHW    Wall time           Other
==============================================================================================
   0 -9.99966359e+07             inf     0.00000e+00            0.01     0.00000e+00
  10  5.41687777e+04             inf     0.00000e+00            0.16     0.00000e+00
  20  5.41688806e+04             inf     0.00000e+00            0.35     0.00000e+00
  30  5.41688919e+04             inf     0.00000e+00            0.62     0.00000e+00
  40  5.41688957e+04             inf     0.00000e+00            0.95     0.00000e+00
  50  5.41688973e+04             inf     0.00000e+00            1.27     0.00000e+00
  60  5.41689018e+04             inf     0.00000e+00            1.65     0.00000e+00
  70  5.41689025e+04             inf     0.00000e+00            2.09     0.00000e+00
  80  5.41689027e+04             inf     0.00000e+00            2.58     0.00000e+00
  90  5.41689028e+04             inf     0.00000e+00            3.08     0.00000e+00
 100  5.41689029e+04             inf     0.00000e+00            3.61     0.00000e+00
 110  5.41689032e+04             inf     0.00000e+00            4.19     0.00000e+00
 120  5.41689032e+04             inf     0.00000e+00            4.87     0.00000e+00
 130  5.41689033e+04             inf     0.00000e+00            5.55     0.00000e+00
 140  5.41689033e+04             inf     0.00000e+00            6.32     0.00000e+00
 150  5.41689033e+04             inf     0.00000e+00            7.08     0.00000e+00
 160  5.41689033e+04             inf     0.00000e+00            7.89     0.00000e+00
 170  5.41689033e+04             inf     0.00000e+00            8.73     0.00000e+00
 180  5.41689033e+04             inf     0.00000e+00            9.63     0.00000e+00
 184  5.41689033e+04             inf     0.00000e+00           10.02     0.00000e+00
Time profiling
           Pass        # LPs        setup      simplex       output   cut update      cut gen        other        total
        Forward         2220         0.09         0.34         0.06         0.00         0.00         0.35         0.85
       Backward        10120         0.50         1.38         6.45         0.02         0.60         0.21         9.16
==============================================================================================
Pass              LB             iUB             iHW       F time       B time    Wall time
Sim500     5.41689e+04     5.38757e+04     3.48669e+01         0.00         0.00        17.02
==============================================================================================
Mean:   	  53875.65
Median: 	  53886.90
SD:     	    389.82
20-80: 	(  53596.17,   54200.54)
10-90: 	(  53359.99,   54334.71)
05-95: 	(  53204.36,   54472.67)
