Hydro_R2_AR1_T12_N5_15_I10000_Time60_DW_DUAL_MC_DS_0.0010_cvx_hull
Multicut: True
Dynamic Sampling: True
==============================================================================================
Pass              LB             iUB             iHW    Wall time           Other
==============================================================================================
   0 -1.00000858e+08             inf     0.00000e+00            0.02     0.00000e+00
  10 -5.07503769e+03             inf     0.00000e+00            1.53     0.00000e+00
  20 -5.06409096e+03             inf     0.00000e+00            3.86     0.00000e+00
  30 -5.06308161e+03             inf     0.00000e+00            7.58     0.00000e+00
  40 -5.06064132e+03             inf     0.00000e+00           11.76     0.00000e+00
  50 -5.06046748e+03             inf     0.00000e+00           15.66     0.00000e+00
  60 -5.06042612e+03             inf     0.00000e+00           21.41     0.00000e+00
  70 -5.06040852e+03             inf     0.00000e+00           27.55     0.00000e+00
  80 -5.06016703e+03             inf     0.00000e+00           33.69     0.00000e+00
  90 -5.06013762e+03             inf     0.00000e+00           42.31     0.00000e+00
 100 -5.05997500e+03             inf     0.00000e+00           50.88     0.00000e+00
 110 -5.05915481e+03             inf     0.00000e+00           59.62     0.00000e+00
 111 -5.05914603e+03             inf     0.00000e+00           60.40     0.00000e+00
==============================================================================================
Pass              LB             iUB             iHW       F time       B time    Wall time
Sim1000    -5.05915e+03    -6.72568e+00     9.39810e+02         0.00         0.00        86.21
==============================================================================================
