Hydro_R10_AR1_T12_N10_10_I101000_Time50_DW_DUAL_MC_DS_10.0000_None
Multicut: True
Dynamic Sampling: True
==============================================================================================
Pass              LB             iUB             iHW    Wall time           Other
==============================================================================================
   0 -1.00006458e+08             inf     0.00000e+00            0.02     0.00000e+00
  10 -4.72262189e+04             inf     0.00000e+00            1.26     0.00000e+00
  20 -4.70188578e+04             inf     0.00000e+00            2.84     0.00000e+00
  30 -4.69779032e+04             inf     0.00000e+00            4.79     0.00000e+00
  40 -4.69664865e+04             inf     0.00000e+00            7.31     0.00000e+00
  50 -4.69585340e+04             inf     0.00000e+00           10.06     0.00000e+00
  60 -4.69556695e+04             inf     0.00000e+00           12.96     0.00000e+00
  70 -4.69506603e+04             inf     0.00000e+00           16.18     0.00000e+00
  80 -4.69464641e+04             inf     0.00000e+00           19.87     0.00000e+00
  90 -4.69452758e+04             inf     0.00000e+00           24.13     0.00000e+00
 100 -4.69434404e+04             inf     0.00000e+00           28.49     0.00000e+00
 110 -4.69422873e+04             inf     0.00000e+00           33.34     0.00000e+00
 120 -4.69416392e+04             inf     0.00000e+00           38.62     0.00000e+00
 130 -4.69405979e+04             inf     0.00000e+00           44.37     0.00000e+00
 139 -4.69401634e+04             inf     0.00000e+00           50.26     0.00000e+00
==============================================================================================
Pass              LB             iUB             iHW       F time       B time    Wall time
Sim1000    -4.69402e+04    -5.03849e+04     1.78885e+03         0.00         0.00       177.13
==============================================================================================
