Hydro_R2_AR1_T12_N5_15_I10000_Time60_DW_DUAL_MC_DS_0.9000_cvx_hull2
Multicut: True
Dynamic Sampling: True
==============================================================================================
Pass              LB             iUB             iHW    Wall time           Other
==============================================================================================
   0 -1.00000858e+08             inf     0.00000e+00            0.02     0.00000e+00
  10 -4.59810727e+03             inf     0.00000e+00            1.30     0.00000e+00
  20 -4.57115936e+03             inf     0.00000e+00            3.92     0.00000e+00
  30 -4.56652071e+03             inf     0.00000e+00            7.18     0.00000e+00
  40 -4.56576424e+03             inf     0.00000e+00           10.83     0.00000e+00
  50 -4.56131682e+03             inf     0.00000e+00           16.32     0.00000e+00
  60 -4.56067730e+03             inf     0.00000e+00           20.33     0.00000e+00
  70 -4.55953267e+03             inf     0.00000e+00           23.69     0.00000e+00
  80 -4.55908113e+03             inf     0.00000e+00           27.62     0.00000e+00
  90 -4.55874414e+03             inf     0.00000e+00           31.97     0.00000e+00
 100 -4.55852108e+03             inf     0.00000e+00           37.98     0.00000e+00
 110 -4.55847268e+03             inf     0.00000e+00           44.71     0.00000e+00
 120 -4.55842991e+03             inf     0.00000e+00           50.51     0.00000e+00
 130 -4.55821394e+03             inf     0.00000e+00           56.67     0.00000e+00
 135 -4.55820432e+03             inf     0.00000e+00           60.02     0.00000e+00
==============================================================================================
Pass              LB             iUB             iHW       F time       B time    Wall time
Sim1000    -4.55820e+03    -3.27986e+03     7.09758e+02         0.00         0.00        82.09
==============================================================================================
