Hydro_R2_AR1_T12_N5_15_I10000_Time60_DW_DUAL_MC_DS_0.0002_cvx_hull2
Multicut: True
Dynamic Sampling: True
==============================================================================================
Pass              LB             iUB             iHW    Wall time           Other
==============================================================================================
   0 -1.00000858e+08             inf     0.00000e+00            0.02     0.00000e+00
  10 -5.07244071e+03             inf     0.00000e+00            0.97     0.00000e+00
  20 -5.06143875e+03             inf     0.00000e+00            2.34     0.00000e+00
  30 -5.06027361e+03             inf     0.00000e+00            4.02     0.00000e+00
  40 -5.05675011e+03             inf     0.00000e+00            5.95     0.00000e+00
  50 -5.05581758e+03             inf     0.00000e+00            8.52     0.00000e+00
  60 -5.05545896e+03             inf     0.00000e+00           11.29     0.00000e+00
  70 -5.05487177e+03             inf     0.00000e+00           14.66     0.00000e+00
  80 -5.05470580e+03             inf     0.00000e+00           19.30     0.00000e+00
  90 -5.05462218e+03             inf     0.00000e+00           24.62     0.00000e+00
 100 -5.05455472e+03             inf     0.00000e+00           29.61     0.00000e+00
 110 -5.05428014e+03             inf     0.00000e+00           34.96     0.00000e+00
 120 -5.05423561e+03             inf     0.00000e+00           41.68     0.00000e+00
 130 -5.05415542e+03             inf     0.00000e+00           48.57     0.00000e+00
 140 -5.05414498e+03             inf     0.00000e+00           55.19     0.00000e+00
 148 -5.05410336e+03             inf     0.00000e+00           60.67     0.00000e+00
==============================================================================================
Pass              LB             iUB             iHW       F time       B time    Wall time
Sim1000    -5.05410e+03    -2.56564e+03     7.28399e+02         0.00         0.00        81.73
==============================================================================================
