Hydro_R2_AR1_T12_N5_30_I10000_Time100_DW_DUAL_MC_DS_0.0800_None
Multicut: True
Dynamic Sampling: True
==============================================================================================
Pass              LB             iUB             iHW    Wall time           Other
==============================================================================================
   0 -1.00000858e+08             inf     0.00000e+00            0.01     0.00000e+00
  10 -5.02693758e+03             inf     0.00000e+00            2.49     0.00000e+00
  20 -5.01820815e+03             inf     0.00000e+00            6.73     0.00000e+00
  30 -5.01553701e+03             inf     0.00000e+00           11.41     0.00000e+00
  40 -5.01366572e+03             inf     0.00000e+00           18.11     0.00000e+00
  50 -5.01337568e+03             inf     0.00000e+00           27.18     0.00000e+00
  60 -5.01321961e+03             inf     0.00000e+00           36.57     0.00000e+00
  70 -5.01318514e+03             inf     0.00000e+00           48.69     0.00000e+00
  80 -5.01302387e+03             inf     0.00000e+00           64.74     0.00000e+00
  90 -5.01297816e+03             inf     0.00000e+00           90.20     0.00000e+00
  93 -5.01277660e+03             inf     0.00000e+00          100.39     0.00000e+00
==============================================================================================
Pass              LB             iUB             iHW       F time       B time    Wall time
Sim1000    -5.01278e+03    -3.01597e+03     8.23036e+02         0.00         0.00       130.32
==============================================================================================
