Hydro_R10_AR1_T10_N10_I10000ESS_PRIMAL_SC_DW_0.100000_DS
Multicut: False
Dynamic Sampling: True
==============================================================================================
Pass              LB             iUB             iHW    Wall time           Other
==============================================================================================
   0 -1.00006458e+08             inf     0.00000e+00            0.04     0.00000e+00
  10 -5.73735244e+04             inf     0.00000e+00            0.83     0.00000e+00
  20 -5.67745540e+04             inf     0.00000e+00            1.67     0.00000e+00
  30 -5.65663294e+04             inf     0.00000e+00            2.59     0.00000e+00
  40 -5.64947579e+04             inf     0.00000e+00            3.69     0.00000e+00
  50 -5.64619854e+04             inf     0.00000e+00            4.76     0.00000e+00
  60 -5.64272151e+04             inf     0.00000e+00            5.92     0.00000e+00
  70 -5.64160880e+04             inf     0.00000e+00            7.17     0.00000e+00
  80 -5.64054216e+04             inf     0.00000e+00            8.52     0.00000e+00
  90 -5.63961050e+04             inf     0.00000e+00            9.95     0.00000e+00
 100 -5.63898553e+04             inf     0.00000e+00           11.87     0.00000e+00
 110 -5.63847387e+04             inf     0.00000e+00           13.52     0.00000e+00
 120 -5.63759043e+04             inf     0.00000e+00           15.12     0.00000e+00
 130 -5.63679787e+04             inf     0.00000e+00           16.71     0.00000e+00
 140 -5.63624055e+04             inf     0.00000e+00           18.39     0.00000e+00
 150 -5.63578136e+04             inf     0.00000e+00           20.28     0.00000e+00
 160 -5.63534060e+04             inf     0.00000e+00           22.10     0.00000e+00
 170 -5.63514347e+04             inf     0.00000e+00           24.20     0.00000e+00
 180 -5.63483710e+04             inf     0.00000e+00           26.22     0.00000e+00
 190 -5.63456446e+04             inf     0.00000e+00           28.35     0.00000e+00
 200 -5.63431235e+04             inf     0.00000e+00           30.48     0.00000e+00
 210 -5.63415543e+04             inf     0.00000e+00           32.67     0.00000e+00
 220 -5.63395310e+04             inf     0.00000e+00           35.04     0.00000e+00
 230 -5.63372372e+04             inf     0.00000e+00           37.44     0.00000e+00
 240 -5.63350163e+04             inf     0.00000e+00           39.84     0.00000e+00
 250 -5.63338627e+04             inf     0.00000e+00           42.23     0.00000e+00
 260 -5.63323887e+04             inf     0.00000e+00           44.74     0.00000e+00
 270 -5.63305236e+04             inf     0.00000e+00           47.33     0.00000e+00
 280 -5.63291852e+04             inf     0.00000e+00           50.00     0.00000e+00
 290 -5.63282178e+04             inf     0.00000e+00           52.83     0.00000e+00
 300 -5.63269849e+04             inf     0.00000e+00           55.71     0.00000e+00
 310 -5.63259851e+04             inf     0.00000e+00           58.57     0.00000e+00
 320 -5.63251214e+04             inf     0.00000e+00           61.45     0.00000e+00
 330 -5.63241924e+04             inf     0.00000e+00           64.37     0.00000e+00
 340 -5.63228127e+04             inf     0.00000e+00           67.63     0.00000e+00
 350 -5.63217511e+04             inf     0.00000e+00           70.88     0.00000e+00
 360 -5.63208690e+04             inf     0.00000e+00           74.14     0.00000e+00
 370 -5.63198143e+04             inf     0.00000e+00           77.34     0.00000e+00
 380 -5.63189165e+04             inf     0.00000e+00           81.00     0.00000e+00
 390 -5.63178238e+04             inf     0.00000e+00           84.31     0.00000e+00
 400 -5.63171661e+04             inf     0.00000e+00           87.87     0.00000e+00
 410 -5.63156833e+04             inf     0.00000e+00           91.72     0.00000e+00
 420 -5.63149632e+04             inf     0.00000e+00           95.43     0.00000e+00
 430 -5.63143474e+04             inf     0.00000e+00           99.11     0.00000e+00
 440 -5.63137381e+04             inf     0.00000e+00          103.31     0.00000e+00
 450 -5.63129632e+04             inf     0.00000e+00          107.50     0.00000e+00
 460 -5.63123586e+04             inf     0.00000e+00          111.66     0.00000e+00
 470 -5.63119493e+04             inf     0.00000e+00          115.82     0.00000e+00
 480 -5.63113451e+04             inf     0.00000e+00          120.35     0.00000e+00
 490 -5.63106813e+04             inf     0.00000e+00          124.98     0.00000e+00
 500 -5.63103973e+04             inf     0.00000e+00          129.54     0.00000e+00
 510 -5.63099375e+04             inf     0.00000e+00          133.92     0.00000e+00
 520 -5.63094304e+04             inf     0.00000e+00          138.16     0.00000e+00
 530 -5.63090307e+04             inf     0.00000e+00          142.53     0.00000e+00
 540 -5.63087237e+04             inf     0.00000e+00          146.97     0.00000e+00
 550 -5.63081630e+04             inf     0.00000e+00          151.62     0.00000e+00
 560 -5.63076373e+04             inf     0.00000e+00          156.21     0.00000e+00
 570 -5.63072582e+04             inf     0.00000e+00          160.93     0.00000e+00
 580 -5.63068573e+04             inf     0.00000e+00          165.73     0.00000e+00
 590 -5.63062732e+04             inf     0.00000e+00          170.75     0.00000e+00
 600 -5.63059085e+04             inf     0.00000e+00          175.85     0.00000e+00
 610 -5.63055720e+04             inf     0.00000e+00          180.88     0.00000e+00
 620 -5.63052055e+04             inf     0.00000e+00          186.06     0.00000e+00
 630 -5.63049140e+04             inf     0.00000e+00          191.43     0.00000e+00
 640 -5.63046300e+04             inf     0.00000e+00          196.91     0.00000e+00
 650 -5.63042758e+04             inf     0.00000e+00          202.47     0.00000e+00
 660 -5.63039675e+04             inf     0.00000e+00          209.13     0.00000e+00
 670 -5.63037384e+04             inf     0.00000e+00          215.72     0.00000e+00
 680 -5.63033148e+04             inf     0.00000e+00          221.81     0.00000e+00
 690 -5.63029895e+04             inf     0.00000e+00          228.24     0.00000e+00
 700 -5.63026310e+04             inf     0.00000e+00          234.71     0.00000e+00
 710 -5.63023599e+04             inf     0.00000e+00          240.83     0.00000e+00
 720 -5.63021196e+04             inf     0.00000e+00          247.63     0.00000e+00
 730 -5.63019452e+04             inf     0.00000e+00          255.15     0.00000e+00
 740 -5.63016462e+04             inf     0.00000e+00          261.68     0.00000e+00
 750 -5.63013571e+04             inf     0.00000e+00          268.51     0.00000e+00
 760 -5.63009987e+04             inf     0.00000e+00          275.15     0.00000e+00
 770 -5.63007573e+04             inf     0.00000e+00          281.98     0.00000e+00
 780 -5.63005351e+04             inf     0.00000e+00          289.08     0.00000e+00
 790 -5.63003366e+04             inf     0.00000e+00          297.01     0.00000e+00
 800 -5.63001339e+04             inf     0.00000e+00          305.04     0.00000e+00
 810 -5.62998480e+04             inf     0.00000e+00          311.33     0.00000e+00
 820 -5.62995798e+04             inf     0.00000e+00          318.70     0.00000e+00
 830 -5.62993090e+04             inf     0.00000e+00          327.45     0.00000e+00
 840 -5.62990339e+04             inf     0.00000e+00          334.26     0.00000e+00
 850 -5.62987835e+04             inf     0.00000e+00          342.00     0.00000e+00
 860 -5.62985399e+04             inf     0.00000e+00          349.15     0.00000e+00
 870 -5.62982813e+04             inf     0.00000e+00          355.70     0.00000e+00
 880 -5.62980609e+04             inf     0.00000e+00          362.51     0.00000e+00
 890 -5.62978669e+04             inf     0.00000e+00          370.32     0.00000e+00
 900 -5.62976113e+04             inf     0.00000e+00          378.13     0.00000e+00
 910 -5.62973174e+04             inf     0.00000e+00          386.11     0.00000e+00
 920 -5.62970921e+04             inf     0.00000e+00          393.76     0.00000e+00
 930 -5.62969266e+04             inf     0.00000e+00          401.86     0.00000e+00
 940 -5.62966841e+04             inf     0.00000e+00          409.92     0.00000e+00
 950 -5.62965509e+04             inf     0.00000e+00          418.39     0.00000e+00
 960 -5.62963882e+04             inf     0.00000e+00          427.42     0.00000e+00
 970 -5.62961270e+04             inf     0.00000e+00          436.22     0.00000e+00
 980 -5.62959641e+04             inf     0.00000e+00          445.34     0.00000e+00
 990 -5.62956966e+04             inf     0.00000e+00          454.00     0.00000e+00
1000 -5.62955079e+04             inf     0.00000e+00          462.53     0.00000e+00
1010 -5.62954205e+04             inf     0.00000e+00          466.58     0.00000e+00
1020 -5.62953413e+04             inf     0.00000e+00          469.92     0.00000e+00
1030 -5.62952734e+04             inf     0.00000e+00          473.64     0.00000e+00
1040 -5.62952238e+04             inf     0.00000e+00          477.14     0.00000e+00
1050 -5.62951800e+04             inf     0.00000e+00          481.02     0.00000e+00
1060 -5.62950742e+04             inf     0.00000e+00          485.00     0.00000e+00
1070 -5.62950247e+04             inf     0.00000e+00          488.79     0.00000e+00
1080 -5.62949933e+04             inf     0.00000e+00          492.60     0.00000e+00
1090 -5.62949132e+04             inf     0.00000e+00          496.82     0.00000e+00
1100 -5.62948618e+04             inf     0.00000e+00          500.93     0.00000e+00
1110 -5.62948240e+04             inf     0.00000e+00          505.14     0.00000e+00
1120 -5.62948068e+04             inf     0.00000e+00          509.50     0.00000e+00
1130 -5.62947185e+04             inf     0.00000e+00          513.82     0.00000e+00
1140 -5.62946633e+04             inf     0.00000e+00          518.34     0.00000e+00
1150 -5.62946024e+04             inf     0.00000e+00          523.76     0.00000e+00
1160 -5.62945405e+04             inf     0.00000e+00          528.74     0.00000e+00
1170 -5.62945009e+04             inf     0.00000e+00          533.80     0.00000e+00
1180 -5.62944332e+04             inf     0.00000e+00          538.83     0.00000e+00
1190 -5.62943988e+04             inf     0.00000e+00          544.17     0.00000e+00
1200 -5.62943071e+04             inf     0.00000e+00          548.98     0.00000e+00
1210 -5.62942716e+04             inf     0.00000e+00          553.79     0.00000e+00
1220 -5.62941947e+04             inf     0.00000e+00          558.84     0.00000e+00
1230 -5.62941182e+04             inf     0.00000e+00          563.84     0.00000e+00
1240 -5.62940575e+04             inf     0.00000e+00          569.49     0.00000e+00
1250 -5.62939943e+04             inf     0.00000e+00          574.67     0.00000e+00
1260 -5.62939256e+04             inf     0.00000e+00          579.94     0.00000e+00
1270 -5.62938596e+04             inf     0.00000e+00          585.32     0.00000e+00
1280 -5.62937779e+04             inf     0.00000e+00          590.85     0.00000e+00
1290 -5.62937330e+04             inf     0.00000e+00          597.11     0.00000e+00
1300 -5.62936725e+04             inf     0.00000e+00          603.27     0.00000e+00
1310 -5.62936217e+04             inf     0.00000e+00          609.04     0.00000e+00
1320 -5.62935698e+04             inf     0.00000e+00          614.87     0.00000e+00
1330 -5.62934909e+04             inf     0.00000e+00          621.78     0.00000e+00
1340 -5.62934274e+04             inf     0.00000e+00          629.11     0.00000e+00
1350 -5.62933678e+04             inf     0.00000e+00          635.84     0.00000e+00
1360 -5.62932904e+04             inf     0.00000e+00          642.49     0.00000e+00
1370 -5.62932056e+04             inf     0.00000e+00          649.31     0.00000e+00
1380 -5.62931210e+04             inf     0.00000e+00          656.10     0.00000e+00
1390 -5.62930387e+04             inf     0.00000e+00          662.99     0.00000e+00
1400 -5.62929702e+04             inf     0.00000e+00          670.00     0.00000e+00
1410 -5.62928257e+04             inf     0.00000e+00          677.17     0.00000e+00
1420 -5.62927769e+04             inf     0.00000e+00          683.61     0.00000e+00
1430 -5.62927268e+04             inf     0.00000e+00          689.59     0.00000e+00
1440 -5.62926182e+04             inf     0.00000e+00          695.43     0.00000e+00
1450 -5.62925152e+04             inf     0.00000e+00          701.80     0.00000e+00
1460 -5.62924245e+04             inf     0.00000e+00          708.38     0.00000e+00
1470 -5.62923388e+04             inf     0.00000e+00          714.81     0.00000e+00
1480 -5.62922390e+04             inf     0.00000e+00          721.26     0.00000e+00
1490 -5.62920960e+04             inf     0.00000e+00          727.57     0.00000e+00
1500 -5.62920117e+04             inf     0.00000e+00          733.99     0.00000e+00
1510 -5.62919318e+04             inf     0.00000e+00          740.56     0.00000e+00
1520 -5.62918090e+04             inf     0.00000e+00          747.18     0.00000e+00
1530 -5.62917382e+04             inf     0.00000e+00          753.91     0.00000e+00
1540 -5.62916430e+04             inf     0.00000e+00          760.73     0.00000e+00
1550 -5.62915052e+04             inf     0.00000e+00          767.69     0.00000e+00
1560 -5.62913924e+04             inf     0.00000e+00          774.79     0.00000e+00
1570 -5.62913166e+04             inf     0.00000e+00          781.98     0.00000e+00
1580 -5.62912308e+04             inf     0.00000e+00          789.30     0.00000e+00
1590 -5.62911355e+04             inf     0.00000e+00          796.69     0.00000e+00
1600 -5.62910755e+04             inf     0.00000e+00          804.54     0.00000e+00
1610 -5.62910182e+04             inf     0.00000e+00          812.55     0.00000e+00
1620 -5.62909592e+04             inf     0.00000e+00          820.50     0.00000e+00
1630 -5.62908674e+04             inf     0.00000e+00          828.52     0.00000e+00
1640 -5.62907740e+04             inf     0.00000e+00          836.57     0.00000e+00
1650 -5.62907056e+04             inf     0.00000e+00          844.66     0.00000e+00
1660 -5.62905785e+04             inf     0.00000e+00          852.78     0.00000e+00
1670 -5.62904475e+04             inf     0.00000e+00          861.33     0.00000e+00
1680 -5.62903466e+04             inf     0.00000e+00          869.71     0.00000e+00
1690 -5.62902310e+04             inf     0.00000e+00          878.05     0.00000e+00
1700 -5.62901087e+04             inf     0.00000e+00          886.56     0.00000e+00
1710 -5.62899588e+04             inf     0.00000e+00          895.19     0.00000e+00
1716 -5.62899053e+04             inf     0.00000e+00          900.35     0.00000e+00
==============================================================================================
Pass              LB             iUB             iHW       F time       B time    Wall time
Sim100    -5.62899e+04    -5.06421e+04     1.85349e+03         0.00         0.00       905.34
==============================================================================================
