Hydro_R10_AR1_T12_N5_5_I101000_Time20_DW_DUAL_MC_ES_10.0000_None
Multicut: True
Dynamic Sampling: False
==============================================================================================
Pass              LB             iUB             iHW    Wall time           Other
==============================================================================================
   0 -1.00006458e+08             inf     0.00000e+00            0.01     0.00000e+00
  10 -5.34350282e+04             inf     0.00000e+00            0.49     0.00000e+00
  20 -5.29002999e+04             inf     0.00000e+00            1.00     0.00000e+00
  30 -5.25774995e+04             inf     0.00000e+00            1.58     0.00000e+00
  40 -5.25494260e+04             inf     0.00000e+00            2.22     0.00000e+00
  50 -5.25439634e+04             inf     0.00000e+00            3.01     0.00000e+00
  60 -5.25373582e+04             inf     0.00000e+00            3.84     0.00000e+00
  70 -5.25293788e+04             inf     0.00000e+00            4.75     0.00000e+00
  80 -5.25243906e+04             inf     0.00000e+00            5.88     0.00000e+00
  90 -5.25223996e+04             inf     0.00000e+00            7.20     0.00000e+00
 100 -5.25182087e+04             inf     0.00000e+00            8.48     0.00000e+00
 110 -5.25166999e+04             inf     0.00000e+00            9.77     0.00000e+00
 120 -5.25132227e+04             inf     0.00000e+00           11.16     0.00000e+00
 130 -5.25121127e+04             inf     0.00000e+00           12.67     0.00000e+00
 140 -5.25109736e+04             inf     0.00000e+00           14.34     0.00000e+00
 150 -5.25090063e+04             inf     0.00000e+00           16.00     0.00000e+00
 160 -5.25076415e+04             inf     0.00000e+00           17.75     0.00000e+00
 170 -5.25069941e+04             inf     0.00000e+00           19.59     0.00000e+00
 173 -5.25068324e+04             inf     0.00000e+00           20.16     0.00000e+00
==============================================================================================
Pass              LB             iUB             iHW       F time       B time    Wall time
Sim1000    -5.25068e+04    -5.35746e+04     1.26061e+03         0.00         0.00        42.13
==============================================================================================
Mean:   	 -53574.59
Median: 	 -56743.90
SD:     	  19932.02
10-90: 	( -62160.01,  -46573.69)
