Hydro_R2_AR1_T12_N5_15_I10000_Time60_DW_DUAL_MC_DS_0.0800_None
Multicut: True
Dynamic Sampling: True
==============================================================================================
Pass              LB             iUB             iHW    Wall time           Other
==============================================================================================
   0 -1.00000858e+08             inf     0.00000e+00            0.01     0.00000e+00
  10 -5.02734604e+03             inf     0.00000e+00            0.82     0.00000e+00
  20 -5.01789716e+03             inf     0.00000e+00            2.05     0.00000e+00
  30 -5.01535967e+03             inf     0.00000e+00            3.40     0.00000e+00
  40 -5.01369338e+03             inf     0.00000e+00            5.01     0.00000e+00
  50 -5.01338276e+03             inf     0.00000e+00            6.95     0.00000e+00
  60 -5.01324943e+03             inf     0.00000e+00            9.17     0.00000e+00
  70 -5.01321886e+03             inf     0.00000e+00           11.75     0.00000e+00
  80 -5.01306039e+03             inf     0.00000e+00           14.63     0.00000e+00
  90 -5.01301400e+03             inf     0.00000e+00           17.84     0.00000e+00
 100 -5.01279367e+03             inf     0.00000e+00           21.39     0.00000e+00
 110 -5.01229339e+03             inf     0.00000e+00           25.32     0.00000e+00
 120 -5.01212610e+03             inf     0.00000e+00           29.44     0.00000e+00
 130 -5.01210670e+03             inf     0.00000e+00           33.89     0.00000e+00
 140 -5.01209314e+03             inf     0.00000e+00           38.66     0.00000e+00
 150 -5.01208489e+03             inf     0.00000e+00           43.99     0.00000e+00
 160 -5.01207880e+03             inf     0.00000e+00           49.53     0.00000e+00
 170 -5.01200592e+03             inf     0.00000e+00           55.58     0.00000e+00
 177 -5.01199679e+03             inf     0.00000e+00           60.09     0.00000e+00
==============================================================================================
Pass              LB             iUB             iHW       F time       B time    Wall time
Sim1000    -5.01200e+03    -2.95382e+03     8.23112e+02         0.00         0.00        78.80
==============================================================================================
