Hydro_R2_AR1_T12_N5_15_I10000_Time60_DW_DUAL_MC_DS_3.0000_cvx_hull
Multicut: True
Dynamic Sampling: True
==============================================================================================
Pass              LB             iUB             iHW    Wall time           Other
==============================================================================================
   0 -1.00000858e+08             inf     0.00000e+00            0.01     0.00000e+00
  10 -3.61300806e+03             inf     0.00000e+00            0.76     0.00000e+00
  20 -3.61294069e+03             inf     0.00000e+00            1.98     0.00000e+00
  30 -3.61294069e+03             inf     0.00000e+00            3.43     0.00000e+00
  40 -3.61294040e+03             inf     0.00000e+00            5.26     0.00000e+00
  50 -3.61294038e+03             inf     0.00000e+00            7.36     0.00000e+00
  60 -3.61294038e+03             inf     0.00000e+00            9.73     0.00000e+00
  70 -3.61292955e+03             inf     0.00000e+00           12.43     0.00000e+00
  80 -3.61292597e+03             inf     0.00000e+00           15.55     0.00000e+00
  90 -3.61282446e+03             inf     0.00000e+00           19.16     0.00000e+00
  97 -3.61280268e+03             inf     0.00000e+00          114.18     0.00000e+00
==============================================================================================
Pass              LB             iUB             iHW       F time       B time    Wall time
Sim1000    -3.61280e+03     4.46701e+02     9.91590e+02         0.00         0.00       140.63
==============================================================================================
