Hydro_R2_AR1_T12_N5_15_I10000_Time60_DW_DUAL_MC_DS_0.0010_cvx_hull2
Multicut: True
Dynamic Sampling: True
==============================================================================================
Pass              LB             iUB             iHW    Wall time           Other
==============================================================================================
   0 -1.00000858e+08             inf     0.00000e+00            0.02     0.00000e+00
  10 -5.07264520e+03             inf     0.00000e+00            1.22     0.00000e+00
  20 -5.06223557e+03             inf     0.00000e+00            2.83     0.00000e+00
  30 -5.06068730e+03             inf     0.00000e+00            4.78     0.00000e+00
  40 -5.05834057e+03             inf     0.00000e+00            7.37     0.00000e+00
  50 -5.05822175e+03             inf     0.00000e+00           10.47     0.00000e+00
  60 -5.05809091e+03             inf     0.00000e+00           14.11     0.00000e+00
  70 -5.05807200e+03             inf     0.00000e+00           18.34     0.00000e+00
  80 -5.05778446e+03             inf     0.00000e+00           23.00     0.00000e+00
  90 -5.05775601e+03             inf     0.00000e+00           28.96     0.00000e+00
 100 -5.05759499e+03             inf     0.00000e+00           34.95     0.00000e+00
 110 -5.05657764e+03             inf     0.00000e+00           41.14     0.00000e+00
 120 -5.05639282e+03             inf     0.00000e+00           48.55     0.00000e+00
 130 -5.05637644e+03             inf     0.00000e+00           56.50     0.00000e+00
 135 -5.05636316e+03             inf     0.00000e+00           60.46     0.00000e+00
==============================================================================================
Pass              LB             iUB             iHW       F time       B time    Wall time
Sim1000    -5.05636e+03    -2.53618e+03     8.31923e+02         0.00         0.00        86.68
==============================================================================================
