Hydro_R10_AR1_T12_N11_22_I101000_Time50_DW_DUAL_MC_DS_10.0000_cvx_hull2
Multicut: True
Dynamic Sampling: True
==============================================================================================
Pass              LB             iUB             iHW    Wall time           Other
==============================================================================================
   0 -1.00006458e+08             inf     0.00000e+00            0.02     0.00000e+00
  10 -4.76288578e+04             inf     0.00000e+00            2.48     0.00000e+00
  20 -4.74012667e+04             inf     0.00000e+00            6.00     0.00000e+00
  30 -4.73819888e+04             inf     0.00000e+00           10.51     0.00000e+00
  40 -4.73733563e+04             inf     0.00000e+00           15.98     0.00000e+00
  50 -4.73678112e+04             inf     0.00000e+00           22.56     0.00000e+00
  60 -4.73638848e+04             inf     0.00000e+00           30.19     0.00000e+00
  70 -4.73583952e+04             inf     0.00000e+00           39.18     0.00000e+00
  80 -4.73539587e+04             inf     0.00000e+00           49.34     0.00000e+00
  81 -4.73536609e+04             inf     0.00000e+00           50.42     0.00000e+00
==============================================================================================
Pass              LB             iUB             iHW       F time       B time    Wall time
Sim1000    -4.73537e+04    -5.16994e+04     1.57472e+03         0.00         0.00        84.62
==============================================================================================
