Hydro_R10_AR1_T12_N10_10_I101000_Time300_SP_SC_ES
Multicut: False
Dynamic Sampling: False
==============================================================================================
Pass              LB             iUB             iHW    Wall time           Other
==============================================================================================
   0 -1.00006458e+08             inf     0.00000e+00            0.01     0.00000e+00
  10 -6.07780492e+04             inf     0.00000e+00            0.61     0.00000e+00
  20 -5.70956977e+04             inf     0.00000e+00            1.31     0.00000e+00
  30 -5.69674054e+04             inf     0.00000e+00            2.03     0.00000e+00
  40 -5.68934074e+04             inf     0.00000e+00            2.81     0.00000e+00
  50 -5.68589623e+04             inf     0.00000e+00            3.53     0.00000e+00
  60 -5.68328128e+04             inf     0.00000e+00            4.28     0.00000e+00
  70 -5.68200667e+04             inf     0.00000e+00            5.13     0.00000e+00
  80 -5.68077994e+04             inf     0.00000e+00            5.99     0.00000e+00
  90 -5.67941846e+04             inf     0.00000e+00            6.86     0.00000e+00
 100 -5.67805701e+04             inf     0.00000e+00            7.80     0.00000e+00
 110 -5.67725035e+04             inf     0.00000e+00            8.81     0.00000e+00
 120 -5.67648397e+04             inf     0.00000e+00            9.78     0.00000e+00
 130 -5.67592351e+04             inf     0.00000e+00           10.77     0.00000e+00
 140 -5.67510690e+04             inf     0.00000e+00           11.78     0.00000e+00
 150 -5.67456218e+04             inf     0.00000e+00           12.86     0.00000e+00
 160 -5.67427715e+04             inf     0.00000e+00           14.00     0.00000e+00
 170 -5.67380355e+04             inf     0.00000e+00           15.15     0.00000e+00
 180 -5.67330901e+04             inf     0.00000e+00           16.31     0.00000e+00
 190 -5.67284575e+04             inf     0.00000e+00           17.53     0.00000e+00
 200 -5.67244167e+04             inf     0.00000e+00           18.76     0.00000e+00
 210 -5.67189178e+04             inf     0.00000e+00           20.01     0.00000e+00
 220 -5.67169024e+04             inf     0.00000e+00           21.28     0.00000e+00
 230 -5.67145968e+04             inf     0.00000e+00           22.62     0.00000e+00
 240 -5.67126824e+04             inf     0.00000e+00           23.89     0.00000e+00
 250 -5.67115871e+04             inf     0.00000e+00           25.29     0.00000e+00
 260 -5.67091098e+04             inf     0.00000e+00           26.67     0.00000e+00
 270 -5.67073494e+04             inf     0.00000e+00           28.05     0.00000e+00
 280 -5.67056470e+04             inf     0.00000e+00           29.46     0.00000e+00
 290 -5.67033736e+04             inf     0.00000e+00           30.96     0.00000e+00
 300 -5.67013808e+04             inf     0.00000e+00           32.53     0.00000e+00
 310 -5.66983172e+04             inf     0.00000e+00           34.08     0.00000e+00
 320 -5.66962672e+04             inf     0.00000e+00           35.72     0.00000e+00
 330 -5.66939348e+04             inf     0.00000e+00           37.38     0.00000e+00
 340 -5.66925378e+04             inf     0.00000e+00           39.02     0.00000e+00
 350 -5.66906256e+04             inf     0.00000e+00           40.72     0.00000e+00
 360 -5.66883035e+04             inf     0.00000e+00           42.44     0.00000e+00
 370 -5.66866505e+04             inf     0.00000e+00           44.20     0.00000e+00
 380 -5.66847997e+04             inf     0.00000e+00           45.95     0.00000e+00
 390 -5.66832919e+04             inf     0.00000e+00           47.77     0.00000e+00
 400 -5.66813219e+04             inf     0.00000e+00           49.67     0.00000e+00
 410 -5.66799268e+04             inf     0.00000e+00           51.63     0.00000e+00
 420 -5.66782729e+04             inf     0.00000e+00           53.67     0.00000e+00
 430 -5.66770346e+04             inf     0.00000e+00           55.86     0.00000e+00
 440 -5.66758218e+04             inf     0.00000e+00           57.97     0.00000e+00
 450 -5.66750115e+04             inf     0.00000e+00           60.25     0.00000e+00
 460 -5.66740437e+04             inf     0.00000e+00           62.66     0.00000e+00
 470 -5.66727044e+04             inf     0.00000e+00           64.89     0.00000e+00
 480 -5.66706985e+04             inf     0.00000e+00           67.20     0.00000e+00
 490 -5.66690122e+04             inf     0.00000e+00           69.49     0.00000e+00
 500 -5.66681475e+04             inf     0.00000e+00           71.83     0.00000e+00
 510 -5.66666980e+04             inf     0.00000e+00           73.97     0.00000e+00
 520 -5.66654051e+04             inf     0.00000e+00           76.08     0.00000e+00
 530 -5.66649581e+04             inf     0.00000e+00           78.30     0.00000e+00
 540 -5.66642252e+04             inf     0.00000e+00           80.77     0.00000e+00
 550 -5.66634759e+04             inf     0.00000e+00           83.28     0.00000e+00
 560 -5.66627176e+04             inf     0.00000e+00           85.83     0.00000e+00
 570 -5.66621764e+04             inf     0.00000e+00           88.36     0.00000e+00
 580 -5.66615143e+04             inf     0.00000e+00           91.00     0.00000e+00
 590 -5.66609645e+04             inf     0.00000e+00           93.43     0.00000e+00
 600 -5.66601444e+04             inf     0.00000e+00           95.81     0.00000e+00
 610 -5.66593689e+04             inf     0.00000e+00           98.18     0.00000e+00
 620 -5.66587188e+04             inf     0.00000e+00          100.60     0.00000e+00
 630 -5.66582749e+04             inf     0.00000e+00          103.06     0.00000e+00
 640 -5.66575155e+04             inf     0.00000e+00          105.93     0.00000e+00
 650 -5.66571200e+04             inf     0.00000e+00          108.82     0.00000e+00
 660 -5.66565166e+04             inf     0.00000e+00          111.79     0.00000e+00
 670 -5.66559308e+04             inf     0.00000e+00          114.81     0.00000e+00
 680 -5.66554065e+04             inf     0.00000e+00          117.56     0.00000e+00
 690 -5.66550060e+04             inf     0.00000e+00          120.48     0.00000e+00
 700 -5.66545256e+04             inf     0.00000e+00          123.19     0.00000e+00
 710 -5.66540558e+04             inf     0.00000e+00          126.10     0.00000e+00
 720 -5.66537377e+04             inf     0.00000e+00          129.24     0.00000e+00
 730 -5.66531633e+04             inf     0.00000e+00          132.46     0.00000e+00
 740 -5.66528304e+04             inf     0.00000e+00          135.77     0.00000e+00
 750 -5.66519704e+04             inf     0.00000e+00          139.11     0.00000e+00
 760 -5.66516037e+04             inf     0.00000e+00          142.47     0.00000e+00
 770 -5.66511731e+04             inf     0.00000e+00          145.94     0.00000e+00
 780 -5.66507399e+04             inf     0.00000e+00          149.39     0.00000e+00
 790 -5.66502126e+04             inf     0.00000e+00          152.91     0.00000e+00
 800 -5.66497653e+04             inf     0.00000e+00          156.48     0.00000e+00
 810 -5.66494278e+04             inf     0.00000e+00          160.09     0.00000e+00
 820 -5.66491499e+04             inf     0.00000e+00          163.75     0.00000e+00
 830 -5.66489387e+04             inf     0.00000e+00          167.36     0.00000e+00
 840 -5.66485034e+04             inf     0.00000e+00          171.25     0.00000e+00
 850 -5.66480733e+04             inf     0.00000e+00          175.10     0.00000e+00
 860 -5.66478504e+04             inf     0.00000e+00          178.96     0.00000e+00
 870 -5.66476803e+04             inf     0.00000e+00          182.90     0.00000e+00
 880 -5.66471512e+04             inf     0.00000e+00          186.74     0.00000e+00
 890 -5.66468074e+04             inf     0.00000e+00          190.71     0.00000e+00
 900 -5.66466234e+04             inf     0.00000e+00          194.81     0.00000e+00
 910 -5.66463439e+04             inf     0.00000e+00          198.87     0.00000e+00
 920 -5.66461470e+04             inf     0.00000e+00          203.07     0.00000e+00
 930 -5.66458447e+04             inf     0.00000e+00          207.33     0.00000e+00
 940 -5.66455888e+04             inf     0.00000e+00          211.61     0.00000e+00
 950 -5.66452336e+04             inf     0.00000e+00          215.95     0.00000e+00
 960 -5.66449746e+04             inf     0.00000e+00          220.28     0.00000e+00
 970 -5.66447706e+04             inf     0.00000e+00          224.71     0.00000e+00
 980 -5.66444655e+04             inf     0.00000e+00          229.20     0.00000e+00
 990 -5.66442658e+04             inf     0.00000e+00          233.58     0.00000e+00
1000 -5.66439008e+04             inf     0.00000e+00          238.19     0.00000e+00
1010 -5.66436141e+04             inf     0.00000e+00          242.81     0.00000e+00
1020 -5.66433978e+04             inf     0.00000e+00          247.54     0.00000e+00
1030 -5.66431904e+04             inf     0.00000e+00          252.30     0.00000e+00
1040 -5.66429673e+04             inf     0.00000e+00          257.06     0.00000e+00
1050 -5.66427134e+04             inf     0.00000e+00          261.95     0.00000e+00
1060 -5.66426495e+04             inf     0.00000e+00          266.48     0.00000e+00
1070 -5.66423653e+04             inf     0.00000e+00          270.48     0.00000e+00
1080 -5.66421798e+04             inf     0.00000e+00          274.88     0.00000e+00
1090 -5.66418831e+04             inf     0.00000e+00          279.58     0.00000e+00
1100 -5.66416947e+04             inf     0.00000e+00          284.74     0.00000e+00
1110 -5.66415298e+04             inf     0.00000e+00          289.92     0.00000e+00
1120 -5.66412957e+04             inf     0.00000e+00          295.05     0.00000e+00
1130 -5.66410695e+04             inf     0.00000e+00          299.32     0.00000e+00
1132 -5.66410301e+04             inf     0.00000e+00          300.18     0.00000e+00
==============================================================================================
Pass              LB             iUB             iHW       F time       B time    Wall time
Sim1000    -5.66410e+04    -5.72638e+04     6.79991e+02         0.00         0.00       325.73
==============================================================================================
