Hydro_R10_AR1_T12_N5_5_I10000_Time20_DW_DUAL_MC_DS_0.3000000_None
Multicut: True
Dynamic Sampling: True
==============================================================================================
Pass              LB             iUB             iHW    Wall time           Other
==============================================================================================
   0 -1.00004104e+08             inf     0.00000e+00            0.01     0.00000e+00
  10 -3.43685938e+04             inf     0.00000e+00            0.43     0.00000e+00
  20 -3.43076903e+04             inf     0.00000e+00            0.86     0.00000e+00
  30 -3.42977593e+04             inf     0.00000e+00            1.45     0.00000e+00
  40 -3.42932915e+04             inf     0.00000e+00            2.03     0.00000e+00
  50 -3.42901939e+04             inf     0.00000e+00            2.68     0.00000e+00
  60 -3.42876104e+04             inf     0.00000e+00            3.43     0.00000e+00
  70 -3.42850751e+04             inf     0.00000e+00            4.28     0.00000e+00
  80 -3.42841685e+04             inf     0.00000e+00            5.22     0.00000e+00
  90 -3.42832138e+04             inf     0.00000e+00            6.28     0.00000e+00
 100 -3.42826052e+04             inf     0.00000e+00            7.33     0.00000e+00
 110 -3.42822092e+04             inf     0.00000e+00            8.48     0.00000e+00
 120 -3.42818175e+04             inf     0.00000e+00            9.78     0.00000e+00
 130 -3.42813689e+04             inf     0.00000e+00           11.10     0.00000e+00
 140 -3.42811523e+04             inf     0.00000e+00           12.56     0.00000e+00
 150 -3.42809175e+04             inf     0.00000e+00           14.11     0.00000e+00
 160 -3.42806751e+04             inf     0.00000e+00           15.72     0.00000e+00
 170 -3.42804133e+04             inf     0.00000e+00           17.45     0.00000e+00
 180 -3.42802457e+04             inf     0.00000e+00           19.27     0.00000e+00
 184 -3.42801631e+04             inf     0.00000e+00           20.04     0.00000e+00
Time profiling
           Pass        # LPs        setup      simplex       output   cut update      cut gen        other        total
        Forward         2220         0.36         1.25         0.13         0.01         0.00         0.46         2.20
       Backward        10120         1.89         5.45         8.56         0.03         1.63         0.28        17.83
==============================================================================================
Pass              LB             iUB             iHW       F time       B time    Wall time
Sim500    -3.42802e+04    -3.45405e+04     2.05475e+02         0.00         0.00        32.72
==============================================================================================
Mean:   	 -34540.48
Median: 	 -34489.39
SD:     	   2297.28
20-80: 	( -36308.97,  -32672.93)
10-90: 	( -37374.79,  -31578.00)
05-95: 	( -38404.79,  -30768.76)
