Hydro_R2_AR1_T12_N5_15_I10000_Time300_DW_DUAL_MC_DS_0.0010_cube
Multicut: True
Dynamic Sampling: True
==============================================================================================
Pass              LB             iUB             iHW    Wall time           Other
==============================================================================================
   0 -1.00000858e+08             inf     0.00000e+00            0.01     0.00000e+00
  10 -5.07448365e+03             inf     0.00000e+00            0.64     0.00000e+00
  20 -5.06330582e+03             inf     0.00000e+00            1.86     0.00000e+00
  30 -5.06229725e+03             inf     0.00000e+00            3.40     0.00000e+00
  40 -5.05995042e+03             inf     0.00000e+00            5.49     0.00000e+00
  50 -5.05977219e+03             inf     0.00000e+00            7.85     0.00000e+00
  60 -5.05973941e+03             inf     0.00000e+00           10.49     0.00000e+00
  70 -5.05972112e+03             inf     0.00000e+00           13.62     0.00000e+00
  80 -5.05946295e+03             inf     0.00000e+00           17.04     0.00000e+00
  90 -5.05943012e+03             inf     0.00000e+00           21.15     0.00000e+00
 100 -5.05924444e+03             inf     0.00000e+00           26.14     0.00000e+00
 110 -5.05865576e+03             inf     0.00000e+00           32.96     0.00000e+00
 120 -5.05852208e+03             inf     0.00000e+00           40.56     0.00000e+00
 130 -5.05850921e+03             inf     0.00000e+00           47.94     0.00000e+00
 140 -5.05825579e+03             inf     0.00000e+00           55.50     0.00000e+00
 150 -5.05824906e+03             inf     0.00000e+00           68.76     0.00000e+00
 160 -5.05824434e+03             inf     0.00000e+00           80.07     0.00000e+00
 170 -5.05816820e+03             inf     0.00000e+00           91.06     0.00000e+00
 180 -5.05813594e+03             inf     0.00000e+00          102.47     0.00000e+00
 190 -5.05801052e+03             inf     0.00000e+00          114.43     0.00000e+00
 200 -5.05797489e+03             inf     0.00000e+00          126.46     0.00000e+00
 210 -5.05796920e+03             inf     0.00000e+00          140.00     0.00000e+00
 220 -5.05796656e+03             inf     0.00000e+00          155.50     0.00000e+00
 230 -5.05796379e+03             inf     0.00000e+00          172.82     0.00000e+00
 240 -5.05796187e+03             inf     0.00000e+00          188.14     0.00000e+00
 250 -5.05796077e+03             inf     0.00000e+00          204.83     0.00000e+00
 260 -5.05795891e+03             inf     0.00000e+00          221.37     0.00000e+00
 270 -5.05795657e+03             inf     0.00000e+00          238.64     0.00000e+00
 280 -5.05791770e+03             inf     0.00000e+00          257.45     0.00000e+00
 290 -5.05791580e+03             inf     0.00000e+00          276.69     0.00000e+00
 300 -5.05788949e+03             inf     0.00000e+00          296.91     0.00000e+00
 302 -5.05788844e+03             inf     0.00000e+00          300.89     0.00000e+00
==============================================================================================
Pass              LB             iUB             iHW       F time       B time    Wall time
Sim1000    -5.05789e+03    -1.18472e+03     8.75305e+02         0.00         0.00       329.40
==============================================================================================
