Hydro_R10_AR1_T12_N30_30_I101000_Time100_DW_DUAL_MC_ES_5000.0000000_None
Multicut: True
Dynamic Sampling: False
==============================================================================================
Pass              LB             iUB             iHW    Wall time           Other
==============================================================================================
   0 -1.00006609e+08             inf     0.00000e+00            0.03     0.00000e+00
  10  9.78646644e+04             inf     0.00000e+00            3.72     0.00000e+00
  20  9.80755365e+04             inf     0.00000e+00            9.23     0.00000e+00
  30  9.80908718e+04             inf     0.00000e+00           16.37     0.00000e+00
  40  9.83503152e+04             inf     0.00000e+00           26.47     0.00000e+00
  50  9.83716623e+04             inf     0.00000e+00           38.43     0.00000e+00
  60  9.83716623e+04             inf     0.00000e+00           50.79     0.00000e+00
  70  9.83796587e+04             inf     0.00000e+00           65.33     0.00000e+00
  80  9.89659291e+04             inf     0.00000e+00           81.89     0.00000e+00
  90  9.89952287e+04             inf     0.00000e+00          100.51     0.00000e+00
Time profiling
           Pass        # LPs        setup      simplex       output   cut update      cut gen        other        total
        Forward         1092         0.18         1.64         0.07         0.00         0.00         0.10         2.00
       Backward        29700         5.36        34.08        54.54         0.10         3.56         0.88        98.51
==============================================================================================
Pass              LB             iUB             iHW       F time       B time    Wall time
Sim10     9.89952e+04    -5.49146e+04     6.30304e+03         0.00         0.00       101.04
==============================================================================================
Mean:   	 -54914.55
Median: 	 -56491.14
SD:     	   9965.98
20-80: 	( -62811.18,  -49775.29)
10-90: 	( -66766.73,  -42177.55)
05-95: 	( -67412.16,  -38036.26)
