Hydro_R2_AR1_T12_N6_36_I10000_Time100_DW_DUAL_MC_DS_30.0000_cube
Multicut: True
Dynamic Sampling: True
==============================================================================================
Pass              LB             iUB             iHW    Wall time           Other
==============================================================================================
   0 -1.00000858e+08             inf     0.00000e+00            0.02     0.00000e+00
  10 -3.21944836e+03             inf     0.00000e+00            3.34     0.00000e+00
  20 -3.21944836e+03             inf     0.00000e+00            9.10     0.00000e+00
  30 -3.21944836e+03             inf     0.00000e+00           16.73     0.00000e+00
  40 -3.21944836e+03             inf     0.00000e+00           25.89     0.00000e+00
  50 -3.21944836e+03             inf     0.00000e+00           37.59     0.00000e+00
  60 -3.21944836e+03             inf     0.00000e+00           51.73     0.00000e+00
  70 -3.21944836e+03             inf     0.00000e+00           70.68     0.00000e+00
  80 -3.21944836e+03             inf     0.00000e+00           93.89     0.00000e+00
  83 -3.21944836e+03             inf     0.00000e+00          100.43     0.00000e+00
==============================================================================================
Pass              LB             iUB             iHW       F time       B time    Wall time
Sim1000    -3.21945e+03    -8.13990e+02     9.24149e+02         0.00         0.00       124.89
==============================================================================================
