Hydro_R2_AR1_T12_N5_15_I10000_Time60_DW_DUAL_MC_DS_0.0600_cvx_hull2
Multicut: True
Dynamic Sampling: True
==============================================================================================
Pass              LB             iUB             iHW    Wall time           Other
==============================================================================================
   0 -1.00000858e+08             inf     0.00000e+00            0.01     0.00000e+00
  10 -5.04079216e+03             inf     0.00000e+00            1.14     0.00000e+00
  20 -5.03064748e+03             inf     0.00000e+00            2.90     0.00000e+00
  30 -5.02911559e+03             inf     0.00000e+00            5.57     0.00000e+00
  40 -5.02674269e+03             inf     0.00000e+00            9.09     0.00000e+00
  50 -5.02652684e+03             inf     0.00000e+00           12.46     0.00000e+00
  60 -5.02642843e+03             inf     0.00000e+00           17.69     0.00000e+00
  70 -5.02640914e+03             inf     0.00000e+00           23.21     0.00000e+00
  80 -5.02612792e+03             inf     0.00000e+00           29.27     0.00000e+00
  90 -5.02610253e+03             inf     0.00000e+00           35.28     0.00000e+00
 100 -5.02594727e+03             inf     0.00000e+00           41.92     0.00000e+00
 110 -5.02500780e+03             inf     0.00000e+00           48.80     0.00000e+00
 120 -5.02490000e+03             inf     0.00000e+00           56.05     0.00000e+00
 126 -5.02489339e+03             inf     0.00000e+00           60.51     0.00000e+00
==============================================================================================
Pass              LB             iUB             iHW       F time       B time    Wall time
Sim1000    -5.02489e+03    -2.69315e+03     8.27222e+02         0.00         0.00        88.45
==============================================================================================
