Hydro_R2_AR1_T12_N5_15_I10000_Time60_DW_DUAL_MC_DS_0.0030_None
Multicut: True
Dynamic Sampling: True
==============================================================================================
Pass              LB             iUB             iHW    Wall time           Other
==============================================================================================
   0 -1.00000858e+08             inf     0.00000e+00            0.01     0.00000e+00
  10 -5.06755647e+03             inf     0.00000e+00            1.20     0.00000e+00
  20 -5.05932025e+03             inf     0.00000e+00            3.47     0.00000e+00
  30 -5.05619339e+03             inf     0.00000e+00            6.20     0.00000e+00
  40 -5.05436702e+03             inf     0.00000e+00            9.16     0.00000e+00
  50 -5.05395691e+03             inf     0.00000e+00           12.57     0.00000e+00
  60 -5.05378252e+03             inf     0.00000e+00           16.43     0.00000e+00
  70 -5.05375928e+03             inf     0.00000e+00           20.82     0.00000e+00
  80 -5.05355657e+03             inf     0.00000e+00           26.87     0.00000e+00
  90 -5.05352549e+03             inf     0.00000e+00           32.90     0.00000e+00
 100 -5.05335343e+03             inf     0.00000e+00           40.81     0.00000e+00
 110 -5.05322103e+03             inf     0.00000e+00           48.04     0.00000e+00
 120 -5.05309219e+03             inf     0.00000e+00           56.09     0.00000e+00
 125 -5.05308815e+03             inf     0.00000e+00           60.48     0.00000e+00
==============================================================================================
Pass              LB             iUB             iHW       F time       B time    Wall time
Sim1000    -5.05309e+03    -2.95114e+03     8.23138e+02         0.00         0.00        86.27
==============================================================================================
