Hydro_R2_AR1_T12_N5_15_I10000_Time300_DW_DUAL_MC_DS_0.5000_cube
Multicut: True
Dynamic Sampling: True
==============================================================================================
Pass              LB             iUB             iHW    Wall time           Other
==============================================================================================
   0 -1.00000858e+08             inf     0.00000e+00            0.01     0.00000e+00
  10 -4.80563874e+03             inf     0.00000e+00            0.71     0.00000e+00
  20 -4.80055548e+03             inf     0.00000e+00            1.92     0.00000e+00
  30 -4.79999928e+03             inf     0.00000e+00            3.43     0.00000e+00
  40 -4.79963260e+03             inf     0.00000e+00            5.51     0.00000e+00
  50 -4.79956726e+03             inf     0.00000e+00            8.02     0.00000e+00
  60 -4.79951306e+03             inf     0.00000e+00           10.82     0.00000e+00
  70 -4.79948791e+03             inf     0.00000e+00           14.02     0.00000e+00
  80 -4.79924820e+03             inf     0.00000e+00           17.62     0.00000e+00
  90 -4.79923001e+03             inf     0.00000e+00           21.72     0.00000e+00
 100 -4.79910335e+03             inf     0.00000e+00           26.29     0.00000e+00
 110 -4.79896959e+03             inf     0.00000e+00           31.43     0.00000e+00
 120 -4.79891202e+03             inf     0.00000e+00           37.24     0.00000e+00
 130 -4.79889972e+03             inf     0.00000e+00           43.75     0.00000e+00
 140 -4.79887566e+03             inf     0.00000e+00           50.84     0.00000e+00
 150 -4.79886642e+03             inf     0.00000e+00           58.51     0.00000e+00
 160 -4.79886335e+03             inf     0.00000e+00           66.87     0.00000e+00
 170 -4.79865076e+03             inf     0.00000e+00           75.79     0.00000e+00
 180 -4.79861265e+03             inf     0.00000e+00           85.30     0.00000e+00
 190 -4.79821278e+03             inf     0.00000e+00           95.62     0.00000e+00
 200 -4.79815681e+03             inf     0.00000e+00          106.76     0.00000e+00
 210 -4.79808342e+03             inf     0.00000e+00          118.54     0.00000e+00
 220 -4.79808079e+03             inf     0.00000e+00          131.01     0.00000e+00
 230 -4.79806952e+03             inf     0.00000e+00          144.32     0.00000e+00
 240 -4.79806834e+03             inf     0.00000e+00          158.42     0.00000e+00
 250 -4.79806324e+03             inf     0.00000e+00          173.20     0.00000e+00
 260 -4.79804811e+03             inf     0.00000e+00          188.60     0.00000e+00
 270 -4.79803173e+03             inf     0.00000e+00          204.64     0.00000e+00
 280 -4.79790964e+03             inf     0.00000e+00          221.77     0.00000e+00
 290 -4.79790808e+03             inf     0.00000e+00          239.12     0.00000e+00
 300 -4.79790254e+03             inf     0.00000e+00          257.21     0.00000e+00
 310 -4.79789988e+03             inf     0.00000e+00          274.54     0.00000e+00
 320 -4.79789412e+03             inf     0.00000e+00          293.72     0.00000e+00
 324 -4.79789109e+03             inf     0.00000e+00          301.63     0.00000e+00
==============================================================================================
Pass              LB             iUB             iHW       F time       B time    Wall time
Sim1000    -4.79789e+03    -1.21154e+03     8.75388e+02         0.00         0.00       329.43
==============================================================================================
