Hydro_R10_AR1_T12_N30_30_I101000_Time20_DW_DUAL_MC_ES_5000.0000000_None
Multicut: True
Dynamic Sampling: False
==============================================================================================
Pass              LB             iUB             iHW    Wall time           Other
==============================================================================================
   0 -1.00006609e+08             inf     0.00000e+00            0.03     0.00000e+00
  10  9.78646644e+04             inf     0.00000e+00            3.90     0.00000e+00
  20  9.80755365e+04             inf     0.00000e+00            9.63     0.00000e+00
  30  9.80908718e+04             inf     0.00000e+00           17.61     0.00000e+00
  33  9.83262803e+04             inf     0.00000e+00           20.44     0.00000e+00
Time profiling
           Pass        # LPs        setup      simplex       output   cut update      cut gen        other        total
        Forward          408         0.07         0.41         0.02         0.00         0.00         0.04         0.53
       Backward        10890         1.96         7.82         8.51         0.03         1.36         0.22        19.91
==============================================================================================
Pass              LB             iUB             iHW       F time       B time    Wall time
Sim10     9.83263e+04    -5.69279e+04     5.95719e+03         0.00         0.00        20.82
==============================================================================================
Mean:   	 -56927.89
Median: 	 -55381.08
SD:     	   9419.14
20-80: 	( -66403.91,  -50937.91)
10-90: 	( -66951.32,  -46376.28)
05-95: 	( -68883.16,  -42721.15)
