Hydro_R10_AR1_T12_N10_10_I101000_DW_DUAL_MC_DS_10.000000
Multicut: True
Dynamic Sampling: True
==============================================================================================
Pass              LB             iUB             iHW    Wall time           Other
==============================================================================================
   0 -1.00006458e+08             inf     0.00000e+00            0.01     0.00000e+00
  10 -5.28256560e+04             inf     0.00000e+00            0.89     0.00000e+00
  20 -5.24589158e+04             inf     0.00000e+00            2.14     0.00000e+00
  30 -5.24008106e+04             inf     0.00000e+00            3.63     0.00000e+00
  40 -5.23750944e+04             inf     0.00000e+00            5.27     0.00000e+00
  50 -5.23604051e+04             inf     0.00000e+00            7.25     0.00000e+00
  60 -5.23485266e+04             inf     0.00000e+00            9.48     0.00000e+00
  70 -5.23406975e+04             inf     0.00000e+00           11.83     0.00000e+00
  80 -5.23363208e+04             inf     0.00000e+00           14.40     0.00000e+00
  90 -5.23325748e+04             inf     0.00000e+00           17.23     0.00000e+00
 100 -5.23285508e+04             inf     0.00000e+00           20.32     0.00000e+00
 110 -5.23254026e+04             inf     0.00000e+00           23.77     0.00000e+00
 120 -5.23232019e+04             inf     0.00000e+00           27.38     0.00000e+00
 130 -5.23207256e+04             inf     0.00000e+00           31.44     0.00000e+00
 140 -5.23190868e+04             inf     0.00000e+00           35.87     0.00000e+00
 150 -5.23175557e+04             inf     0.00000e+00           40.66     0.00000e+00
 160 -5.23161883e+04             inf     0.00000e+00           45.98     0.00000e+00
 168 -5.23155765e+04             inf     0.00000e+00           50.25     0.00000e+00
==============================================================================================
Pass              LB             iUB             iHW       F time       B time    Wall time
Sim1000    -5.23156e+04    -5.24836e+04     2.13950e+03         0.00         0.00        85.18
==============================================================================================
