Hydro_R2_AR1_T12_N5_15_I10000_Time60_DW_DUAL_MC_DS_50.0000_cvx_hull2
Multicut: True
Dynamic Sampling: True
==============================================================================================
Pass              LB             iUB             iHW    Wall time           Other
==============================================================================================
   0 -1.00000858e+08             inf     0.00000e+00            0.01     0.00000e+00
  10 -2.33366191e+03             inf     0.00000e+00            1.52     0.00000e+00
  20 -2.33366191e+03             inf     0.00000e+00            3.59     0.00000e+00
  30 -2.33366191e+03             inf     0.00000e+00            5.76     0.00000e+00
  40 -2.33366191e+03             inf     0.00000e+00            8.35     0.00000e+00
  50 -2.33366191e+03             inf     0.00000e+00           11.12     0.00000e+00
  60 -2.33366191e+03             inf     0.00000e+00           14.35     0.00000e+00
  70 -2.33366191e+03             inf     0.00000e+00           18.55     0.00000e+00
  80 -2.33366191e+03             inf     0.00000e+00           23.15     0.00000e+00
  90 -2.33366191e+03             inf     0.00000e+00           27.72     0.00000e+00
 100 -2.33366191e+03             inf     0.00000e+00           33.01     0.00000e+00
 110 -2.33366191e+03             inf     0.00000e+00           38.77     0.00000e+00
 120 -2.33366191e+03             inf     0.00000e+00           48.34     0.00000e+00
 130 -2.33366191e+03             inf     0.00000e+00           56.62     0.00000e+00
 136 -2.33366191e+03             inf     0.00000e+00           60.58     0.00000e+00
==============================================================================================
Pass              LB             iUB             iHW       F time       B time    Wall time
Sim1000    -2.33366e+03    -2.59007e+03     8.29260e+02         0.00         0.00        90.25
==============================================================================================
