Hydro_R2_AR1_T12_N5_15_I10000_Time300_DW_DUAL_MC_DS_0.0030_None
Multicut: True
Dynamic Sampling: True
==============================================================================================
Pass              LB             iUB             iHW    Wall time           Other
==============================================================================================
   0 -1.00000858e+08             inf     0.00000e+00            0.01     0.00000e+00
  10 -5.06755647e+03             inf     0.00000e+00            0.80     0.00000e+00
  20 -5.05932025e+03             inf     0.00000e+00            2.22     0.00000e+00
  30 -5.05619339e+03             inf     0.00000e+00            3.82     0.00000e+00
  40 -5.05436702e+03             inf     0.00000e+00            5.74     0.00000e+00
  50 -5.05395691e+03             inf     0.00000e+00            8.07     0.00000e+00
  60 -5.05378252e+03             inf     0.00000e+00           10.87     0.00000e+00
  70 -5.05375928e+03             inf     0.00000e+00           13.65     0.00000e+00
  80 -5.05355657e+03             inf     0.00000e+00           17.71     0.00000e+00
  90 -5.05352549e+03             inf     0.00000e+00           22.30     0.00000e+00
 100 -5.05335343e+03             inf     0.00000e+00           27.45     0.00000e+00
 110 -5.05322103e+03             inf     0.00000e+00           34.18     0.00000e+00
 120 -5.05309219e+03             inf     0.00000e+00           43.73     0.00000e+00
 130 -5.05307723e+03             inf     0.00000e+00           51.24     0.00000e+00
 140 -5.05305659e+03             inf     0.00000e+00           57.43     0.00000e+00
 150 -5.05305304e+03             inf     0.00000e+00           64.07     0.00000e+00
 160 -5.05304760e+03             inf     0.00000e+00           72.00     0.00000e+00
 170 -5.05301774e+03             inf     0.00000e+00           82.09     0.00000e+00
 180 -5.05295629e+03             inf     0.00000e+00           90.54     0.00000e+00
 190 -5.05284592e+03             inf     0.00000e+00          100.33     0.00000e+00
 200 -5.05280598e+03             inf     0.00000e+00          111.81     0.00000e+00
 210 -5.05280090e+03             inf     0.00000e+00          123.89     0.00000e+00
 220 -5.05279820e+03             inf     0.00000e+00          136.09     0.00000e+00
 230 -5.05279539e+03             inf     0.00000e+00          147.40     0.00000e+00
 240 -5.05279484e+03             inf     0.00000e+00          158.26     0.00000e+00
 250 -5.05279406e+03             inf     0.00000e+00          171.61     0.00000e+00
 260 -5.05279368e+03             inf     0.00000e+00          184.20     0.00000e+00
 270 -5.05279122e+03             inf     0.00000e+00          197.65     0.00000e+00
 280 -5.05276860e+03             inf     0.00000e+00          210.82     0.00000e+00
 290 -5.05276672e+03             inf     0.00000e+00          226.35     0.00000e+00
 300 -5.05273506e+03             inf     0.00000e+00          239.24     0.00000e+00
 310 -5.05273260e+03             inf     0.00000e+00          260.50     0.00000e+00
 320 -5.05273097e+03             inf     0.00000e+00          275.81     0.00000e+00
 330 -5.05272957e+03             inf     0.00000e+00          292.91     0.00000e+00
 335 -5.05272905e+03             inf     0.00000e+00          301.03     0.00000e+00
==============================================================================================
Pass              LB             iUB             iHW       F time       B time    Wall time
Sim1000    -5.05273e+03    -2.95122e+03     8.23137e+02         0.00         0.00       329.63
==============================================================================================
