Hydro_R10_AR1_T12_N10_I101000ESS_PRIMAL_MC_DW_10.000000_DS
Multicut: True
Dynamic Sampling: True
==============================================================================================
Pass              LB             iUB             iHW    Wall time           Other
==============================================================================================
   0 -1.00006458e+08             inf     0.00000e+00            0.05     0.00000e+00
  10 -5.68279066e+04             inf     0.00000e+00            1.40     0.00000e+00
  20 -5.64605209e+04             inf     0.00000e+00            3.27     0.00000e+00
  30 -5.64019535e+04             inf     0.00000e+00            5.76     0.00000e+00
  40 -5.63435031e+04             inf     0.00000e+00            8.88     0.00000e+00
  50 -5.63175807e+04             inf     0.00000e+00           12.95     0.00000e+00
  60 -5.62936249e+04             inf     0.00000e+00           17.94     0.00000e+00
  70 -5.62797225e+04             inf     0.00000e+00           23.18     0.00000e+00
  80 -5.62669093e+04             inf     0.00000e+00           29.58     0.00000e+00
  90 -5.62570337e+04             inf     0.00000e+00           36.55     0.00000e+00
 100 -5.62504703e+04             inf     0.00000e+00           45.13     0.00000e+00
 110 -5.62437114e+04             inf     0.00000e+00           53.90     0.00000e+00
 120 -5.62392169e+04             inf     0.00000e+00           63.82     0.00000e+00
 130 -5.62343177e+04             inf     0.00000e+00           73.99     0.00000e+00
 140 -5.62311626e+04             inf     0.00000e+00           85.09     0.00000e+00
 150 -5.62298290e+04             inf     0.00000e+00           95.35     0.00000e+00
 160 -5.62274552e+04             inf     0.00000e+00          107.35     0.00000e+00
 170 -5.62254119e+04             inf     0.00000e+00          120.87     0.00000e+00
 180 -5.62234761e+04             inf     0.00000e+00          135.00     0.00000e+00
 190 -5.62218459e+04             inf     0.00000e+00          152.28     0.00000e+00
 200 -5.62194266e+04             inf     0.00000e+00          168.13     0.00000e+00
 210 -5.62182833e+04             inf     0.00000e+00          185.69     0.00000e+00
 220 -5.62170475e+04             inf     0.00000e+00          203.14     0.00000e+00
 230 -5.62156679e+04             inf     0.00000e+00          222.33     0.00000e+00
 240 -5.62135851e+04             inf     0.00000e+00          243.34     0.00000e+00
 250 -5.62124673e+04             inf     0.00000e+00          265.55     0.00000e+00
 260 -5.62114586e+04             inf     0.00000e+00          291.94     0.00000e+00
 264 -5.62111061e+04             inf     0.00000e+00          300.50     0.00000e+00
==============================================================================================
Pass              LB             iUB             iHW       F time       B time    Wall time
Sim1000    -5.62111e+04    -5.48802e+04     6.41503e+02         0.00         0.00       367.01
==============================================================================================
