Hydro_R2_AR1_T12_N5_15_I10000_Time300_DW_DUAL_MC_DS_0.0500_cvx_hull2
Multicut: True
Dynamic Sampling: True
==============================================================================================
Pass              LB             iUB             iHW    Wall time           Other
==============================================================================================
   0 -1.00000858e+08             inf     0.00000e+00            0.01     0.00000e+00
  10 -5.04616252e+03             inf     0.00000e+00            0.84     0.00000e+00
  20 -5.03603094e+03             inf     0.00000e+00            2.29     0.00000e+00
  30 -5.03448151e+03             inf     0.00000e+00            4.07     0.00000e+00
  40 -5.03208719e+03             inf     0.00000e+00            6.22     0.00000e+00
  50 -5.03191855e+03             inf     0.00000e+00            9.10     0.00000e+00
  60 -5.03177403e+03             inf     0.00000e+00           12.81     0.00000e+00
  70 -5.03175471e+03             inf     0.00000e+00           16.65     0.00000e+00
  80 -5.03148302e+03             inf     0.00000e+00           20.95     0.00000e+00
  90 -5.03145655e+03             inf     0.00000e+00           25.47     0.00000e+00
 100 -5.03129232e+03             inf     0.00000e+00           30.21     0.00000e+00
 110 -5.03035408e+03             inf     0.00000e+00           36.47     0.00000e+00
 120 -5.03023310e+03             inf     0.00000e+00           43.36     0.00000e+00
 130 -5.03021964e+03             inf     0.00000e+00           50.94     0.00000e+00
 140 -5.03020376e+03             inf     0.00000e+00           58.19     0.00000e+00
 150 -5.03019073e+03             inf     0.00000e+00           65.12     0.00000e+00
 160 -5.03018557e+03             inf     0.00000e+00           71.73     0.00000e+00
 170 -5.03011802e+03             inf     0.00000e+00           79.23     0.00000e+00
 180 -5.03007213e+03             inf     0.00000e+00           87.74     0.00000e+00
 190 -5.02995052e+03             inf     0.00000e+00           96.14     0.00000e+00
 200 -5.02991105e+03             inf     0.00000e+00          105.65     0.00000e+00
 210 -5.02990719e+03             inf     0.00000e+00          115.43     0.00000e+00
 220 -5.02990599e+03             inf     0.00000e+00          125.48     0.00000e+00
 230 -5.02990499e+03             inf     0.00000e+00          136.74     0.00000e+00
 240 -5.02990429e+03             inf     0.00000e+00          150.18     0.00000e+00
 250 -5.02990362e+03             inf     0.00000e+00          164.65     0.00000e+00
 260 -5.02990170e+03             inf     0.00000e+00          178.78     0.00000e+00
 270 -5.02989485e+03             inf     0.00000e+00          192.64     0.00000e+00
 280 -5.02985941e+03             inf     0.00000e+00          205.48     0.00000e+00
 290 -5.02985863e+03             inf     0.00000e+00          217.88     0.00000e+00
 300 -5.02975610e+03             inf     0.00000e+00          230.27     0.00000e+00
 310 -5.02974909e+03             inf     0.00000e+00          244.32     0.00000e+00
 320 -5.02974565e+03             inf     0.00000e+00          259.29     0.00000e+00
 330 -5.02973712e+03             inf     0.00000e+00          277.52     0.00000e+00
 340 -5.02973488e+03             inf     0.00000e+00          295.30     0.00000e+00
 343 -5.02973467e+03             inf     0.00000e+00          301.09     0.00000e+00
==============================================================================================
Pass              LB             iUB             iHW       F time       B time    Wall time
Sim1000    -5.02973e+03    -2.69272e+03     8.27216e+02         0.00         0.00       326.99
==============================================================================================
