Hydro_R2_AR1_T12_N5_15_I10000_Time300_DW_DUAL_MC_DS_1.0000_cvx_hull2
Multicut: True
Dynamic Sampling: True
==============================================================================================
Pass              LB             iUB             iHW    Wall time           Other
==============================================================================================
   0 -1.00000858e+08             inf     0.00000e+00            0.01     0.00000e+00
  10 -4.52941721e+03             inf     0.00000e+00            0.84     0.00000e+00
  20 -4.52258926e+03             inf     0.00000e+00            1.98     0.00000e+00
  30 -4.52081918e+03             inf     0.00000e+00            3.25     0.00000e+00
  40 -4.51969477e+03             inf     0.00000e+00            4.83     0.00000e+00
  50 -4.51953933e+03             inf     0.00000e+00            6.82     0.00000e+00
  60 -4.51951033e+03             inf     0.00000e+00            9.12     0.00000e+00
  70 -4.51949559e+03             inf     0.00000e+00           11.76     0.00000e+00
  80 -4.51949069e+03             inf     0.00000e+00           14.69     0.00000e+00
  90 -4.51947873e+03             inf     0.00000e+00           18.00     0.00000e+00
 100 -4.51930281e+03             inf     0.00000e+00           21.58     0.00000e+00
 110 -4.51924257e+03             inf     0.00000e+00           25.56     0.00000e+00
 120 -4.51921184e+03             inf     0.00000e+00           29.91     0.00000e+00
 130 -4.51920739e+03             inf     0.00000e+00           34.74     0.00000e+00
 140 -4.51919663e+03             inf     0.00000e+00           40.04     0.00000e+00
 150 -4.51918880e+03             inf     0.00000e+00           45.84     0.00000e+00
 160 -4.51918440e+03             inf     0.00000e+00           52.07     0.00000e+00
 170 -4.51917033e+03             inf     0.00000e+00           58.77     0.00000e+00
 180 -4.51916866e+03             inf     0.00000e+00           65.94     0.00000e+00
 190 -4.51895173e+03             inf     0.00000e+00           73.63     0.00000e+00
 200 -4.51895164e+03             inf     0.00000e+00           81.85     0.00000e+00
 210 -4.51891674e+03             inf     0.00000e+00           90.56     0.00000e+00
 220 -4.51891353e+03             inf     0.00000e+00           99.84     0.00000e+00
 230 -4.51891341e+03             inf     0.00000e+00          110.13     0.00000e+00
 240 -4.51891168e+03             inf     0.00000e+00          120.83     0.00000e+00
 250 -4.51890528e+03             inf     0.00000e+00          131.90     0.00000e+00
 260 -4.51890476e+03             inf     0.00000e+00          143.52     0.00000e+00
 270 -4.51885770e+03             inf     0.00000e+00          155.67     0.00000e+00
 280 -4.51882710e+03             inf     0.00000e+00          168.44     0.00000e+00
 290 -4.51882082e+03             inf     0.00000e+00          181.62     0.00000e+00
 300 -4.51881820e+03             inf     0.00000e+00          195.49     0.00000e+00
 310 -4.51876949e+03             inf     0.00000e+00          209.79     0.00000e+00
 320 -4.51861871e+03             inf     0.00000e+00          224.61     0.00000e+00
 330 -4.51859526e+03             inf     0.00000e+00          240.24     0.00000e+00
 340 -4.51846783e+03             inf     0.00000e+00          256.17     0.00000e+00
 350 -4.51846473e+03             inf     0.00000e+00          272.68     0.00000e+00
 360 -4.51846444e+03             inf     0.00000e+00          289.69     0.00000e+00
 366 -4.51846052e+03             inf     0.00000e+00          300.13     0.00000e+00
==============================================================================================
Pass              LB             iUB             iHW       F time       B time    Wall time
Sim1000    -4.51846e+03    -2.69623e+03     8.27222e+02         0.00         0.00       325.15
==============================================================================================
