Hydro_R2_AR1_T12_N5_30_I10000_Time100_DW_DUAL_MC_DS_0.5000_cube
Multicut: True
Dynamic Sampling: True
==============================================================================================
Pass              LB             iUB             iHW    Wall time           Other
==============================================================================================
   0 -1.00000858e+08             inf     0.00000e+00            0.01     0.00000e+00
  10 -4.81188351e+03             inf     0.00000e+00            1.90     0.00000e+00
  20 -4.80141639e+03             inf     0.00000e+00            5.60     0.00000e+00
  30 -4.80119016e+03             inf     0.00000e+00           10.82     0.00000e+00
  40 -4.79990942e+03             inf     0.00000e+00           17.28     0.00000e+00
  50 -4.79975423e+03             inf     0.00000e+00           25.42     0.00000e+00
  60 -4.79971644e+03             inf     0.00000e+00           35.86     0.00000e+00
  70 -4.79952314e+03             inf     0.00000e+00           48.94     0.00000e+00
  80 -4.79942468e+03             inf     0.00000e+00           63.76     0.00000e+00
  90 -4.79940789e+03             inf     0.00000e+00           80.68     0.00000e+00
 100 -4.79930902e+03             inf     0.00000e+00          100.38     0.00000e+00
==============================================================================================
Pass              LB             iUB             iHW       F time       B time    Wall time
Sim1000    -4.79931e+03    -1.21102e+03     8.75376e+02         0.00         0.00       122.58
==============================================================================================
