Hydro_R10_AR1_T12_N10_10_I10000_Time20_DW_DUAL_MC_ES_10.0000000_None
Multicut: True
Dynamic Sampling: False
==============================================================================================
Pass              LB             iUB             iHW    Wall time           Other
==============================================================================================
   0 -1.00003692e+08             inf     0.00000e+00            0.01     0.00000e+00
  10 -1.68480155e+04             inf     0.00000e+00            0.79     0.00000e+00
  20 -1.65099863e+04             inf     0.00000e+00            1.84     0.00000e+00
  30 -1.64878481e+04             inf     0.00000e+00            3.13     0.00000e+00
  40 -1.64797506e+04             inf     0.00000e+00            4.89     0.00000e+00
  50 -1.64744874e+04             inf     0.00000e+00            6.90     0.00000e+00
  60 -1.64729493e+04             inf     0.00000e+00            8.97     0.00000e+00
  70 -1.64720550e+04             inf     0.00000e+00           11.27     0.00000e+00
  80 -1.64711313e+04             inf     0.00000e+00           13.92     0.00000e+00
  90 -1.64704958e+04             inf     0.00000e+00           16.89     0.00000e+00
 100 -1.64700974e+04             inf     0.00000e+00           20.24     0.00000e+00
Time profiling
           Pass        # LPs        setup      simplex       output   cut update      cut gen        other        total
        Forward         1212         0.19         0.83         0.07         0.00         0.00         0.10         1.20
       Backward        11000         2.01         6.67         8.62         0.03         1.48         0.22        19.04
==============================================================================================
Pass              LB             iUB             iHW       F time       B time    Wall time
Sim100    -1.64701e+04    -2.64181e+04     7.92131e+02         0.00         0.00        23.48
==============================================================================================
Mean:   	 -26418.11
Median: 	 -26373.94
SD:     	   3960.65
20-80: 	( -29629.16,  -22869.51)
10-90: 	( -31342.19,  -21072.48)
05-95: 	( -32254.58,  -20020.53)
