Hydro_R10_AR1_T10_N10_I10000ESS_DUAL_MC_DW_10.000000_DS
Multicut: True
Dynamic Sampling: True
==============================================================================================
Pass              LB             iUB             iHW    Wall time           Other
==============================================================================================
   0 -1.00006458e+08             inf     0.00000e+00            0.01     0.00000e+00
  10 -5.21720030e+04             inf     0.00000e+00            0.77     0.00000e+00
  20 -5.17864013e+04             inf     0.00000e+00            1.70     0.00000e+00
  30 -5.16722864e+04             inf     0.00000e+00            2.85     0.00000e+00
  40 -5.16300443e+04             inf     0.00000e+00            4.26     0.00000e+00
  50 -5.16129635e+04             inf     0.00000e+00            5.90     0.00000e+00
  60 -5.16016603e+04             inf     0.00000e+00            7.69     0.00000e+00
  70 -5.15917228e+04             inf     0.00000e+00            9.73     0.00000e+00
  80 -5.15829978e+04             inf     0.00000e+00           11.90     0.00000e+00
  90 -5.15754644e+04             inf     0.00000e+00           14.27     0.00000e+00
 100 -5.15697348e+04             inf     0.00000e+00           16.96     0.00000e+00
 110 -5.15675830e+04             inf     0.00000e+00           19.84     0.00000e+00
 120 -5.15643959e+04             inf     0.00000e+00           23.08     0.00000e+00
 130 -5.15614500e+04             inf     0.00000e+00           26.50     0.00000e+00
 140 -5.15594544e+04             inf     0.00000e+00           30.17     0.00000e+00
 150 -5.15577787e+04             inf     0.00000e+00           34.01     0.00000e+00
 160 -5.15554322e+04             inf     0.00000e+00           38.01     0.00000e+00
 170 -5.15535916e+04             inf     0.00000e+00           42.50     0.00000e+00
 180 -5.15518223e+04             inf     0.00000e+00           46.87     0.00000e+00
 190 -5.15502450e+04             inf     0.00000e+00           51.23     0.00000e+00
 200 -5.15491133e+04             inf     0.00000e+00           55.87     0.00000e+00
 210 -5.15479620e+04             inf     0.00000e+00           60.58     0.00000e+00
 220 -5.15471680e+04             inf     0.00000e+00           65.17     0.00000e+00
 230 -5.15464350e+04             inf     0.00000e+00           69.92     0.00000e+00
 240 -5.15455098e+04             inf     0.00000e+00           75.03     0.00000e+00
 250 -5.15447553e+04             inf     0.00000e+00           80.20     0.00000e+00
 260 -5.15440076e+04             inf     0.00000e+00           85.39     0.00000e+00
 270 -5.15433992e+04             inf     0.00000e+00           90.83     0.00000e+00
 280 -5.15427734e+04             inf     0.00000e+00           96.14     0.00000e+00
 290 -5.15422684e+04             inf     0.00000e+00          101.65     0.00000e+00
 300 -5.15418929e+04             inf     0.00000e+00          107.03     0.00000e+00
 310 -5.15413333e+04             inf     0.00000e+00          112.42     0.00000e+00
 320 -5.15408473e+04             inf     0.00000e+00          117.84     0.00000e+00
 330 -5.15405200e+04             inf     0.00000e+00          123.12     0.00000e+00
 340 -5.15402690e+04             inf     0.00000e+00          128.81     0.00000e+00
 350 -5.15400072e+04             inf     0.00000e+00          134.82     0.00000e+00
 360 -5.15397652e+04             inf     0.00000e+00          141.07     0.00000e+00
 370 -5.15395375e+04             inf     0.00000e+00          146.95     0.00000e+00
 380 -5.15391465e+04             inf     0.00000e+00          152.84     0.00000e+00
 390 -5.15389625e+04             inf     0.00000e+00          158.74     0.00000e+00
 400 -5.15386453e+04             inf     0.00000e+00          164.87     0.00000e+00
 410 -5.15384118e+04             inf     0.00000e+00          171.28     0.00000e+00
 420 -5.15381079e+04             inf     0.00000e+00          177.27     0.00000e+00
 430 -5.15379659e+04             inf     0.00000e+00          183.40     0.00000e+00
 440 -5.15376655e+04             inf     0.00000e+00          189.52     0.00000e+00
 450 -5.15374683e+04             inf     0.00000e+00          195.74     0.00000e+00
 460 -5.15373434e+04             inf     0.00000e+00          202.19     0.00000e+00
 470 -5.15372687e+04             inf     0.00000e+00          208.47     0.00000e+00
 480 -5.15370860e+04             inf     0.00000e+00          215.00     0.00000e+00
 490 -5.15369716e+04             inf     0.00000e+00          221.65     0.00000e+00
 500 -5.15368142e+04             inf     0.00000e+00          228.28     0.00000e+00
 510 -5.15367145e+04             inf     0.00000e+00          233.59     0.00000e+00
 520 -5.15365922e+04             inf     0.00000e+00          240.02     0.00000e+00
 530 -5.15364935e+04             inf     0.00000e+00          246.36     0.00000e+00
 540 -5.15364172e+04             inf     0.00000e+00          252.82     0.00000e+00
 550 -5.15362687e+04             inf     0.00000e+00          259.35     0.00000e+00
 560 -5.15361850e+04             inf     0.00000e+00          265.86     0.00000e+00
 570 -5.15361199e+04             inf     0.00000e+00          271.88     0.00000e+00
 580 -5.15360487e+04             inf     0.00000e+00          277.45     0.00000e+00
 590 -5.15359244e+04             inf     0.00000e+00          284.37     0.00000e+00
 600 -5.15358689e+04             inf     0.00000e+00          291.18     0.00000e+00
 610 -5.15357928e+04             inf     0.00000e+00          297.97     0.00000e+00
 613 -5.15357882e+04             inf     0.00000e+00          300.05     0.00000e+00
==============================================================================================
Pass              LB             iUB             iHW       F time       B time    Wall time
Sim100    -5.15358e+04    -5.21925e+04     1.31456e+03         0.00         0.00       308.03
==============================================================================================
