Hydro_R2_AR1_T12_N5_15_I10000_Time300_DW_DUAL_MC_DS_8.0000_cube
Multicut: True
Dynamic Sampling: True
==============================================================================================
Pass              LB             iUB             iHW    Wall time           Other
==============================================================================================
   0 -1.00000858e+08             inf     0.00000e+00            0.01     0.00000e+00
  10 -3.21944836e+03             inf     0.00000e+00            0.63     0.00000e+00
  20 -3.21944836e+03             inf     0.00000e+00            1.73     0.00000e+00
  30 -3.21944836e+03             inf     0.00000e+00            3.09     0.00000e+00
  40 -3.21944836e+03             inf     0.00000e+00            4.64     0.00000e+00
  50 -3.21944836e+03             inf     0.00000e+00            6.51     0.00000e+00
  60 -3.21944836e+03             inf     0.00000e+00            8.77     0.00000e+00
  70 -3.21944836e+03             inf     0.00000e+00           11.64     0.00000e+00
  80 -3.21944836e+03             inf     0.00000e+00           14.73     0.00000e+00
  90 -3.21944836e+03             inf     0.00000e+00           18.16     0.00000e+00
 100 -3.21944836e+03             inf     0.00000e+00           21.96     0.00000e+00
 110 -3.21944836e+03             inf     0.00000e+00           26.20     0.00000e+00
 120 -3.21944836e+03             inf     0.00000e+00           30.91     0.00000e+00
 130 -3.21944836e+03             inf     0.00000e+00           36.01     0.00000e+00
 140 -3.21944836e+03             inf     0.00000e+00           41.07     0.00000e+00
 150 -3.21944836e+03             inf     0.00000e+00           46.53     0.00000e+00
 160 -3.21944836e+03             inf     0.00000e+00           52.59     0.00000e+00
 170 -3.21944836e+03             inf     0.00000e+00           59.48     0.00000e+00
 180 -3.21944836e+03             inf     0.00000e+00           66.71     0.00000e+00
 190 -3.21944836e+03             inf     0.00000e+00           74.48     0.00000e+00
 200 -3.21944836e+03             inf     0.00000e+00           82.71     0.00000e+00
 210 -3.21944836e+03             inf     0.00000e+00           91.42     0.00000e+00
 220 -3.21944836e+03             inf     0.00000e+00          100.61     0.00000e+00
 230 -3.21944836e+03             inf     0.00000e+00          110.28     0.00000e+00
 240 -3.21944836e+03             inf     0.00000e+00          120.60     0.00000e+00
 250 -3.21944836e+03             inf     0.00000e+00          131.52     0.00000e+00
 260 -3.21944836e+03             inf     0.00000e+00          142.83     0.00000e+00
 270 -3.21944836e+03             inf     0.00000e+00          154.76     0.00000e+00
 280 -3.21944836e+03             inf     0.00000e+00          166.95     0.00000e+00
 290 -3.21944836e+03             inf     0.00000e+00          179.41     0.00000e+00
 300 -3.21944836e+03             inf     0.00000e+00          192.40     0.00000e+00
 310 -3.21944836e+03             inf     0.00000e+00          206.04     0.00000e+00
 320 -3.21944836e+03             inf     0.00000e+00          220.07     0.00000e+00
 330 -3.21944836e+03             inf     0.00000e+00          234.59     0.00000e+00
 340 -3.21944836e+03             inf     0.00000e+00          249.77     0.00000e+00
 350 -3.21944836e+03             inf     0.00000e+00          265.29     0.00000e+00
 360 -3.21944836e+03             inf     0.00000e+00          281.25     0.00000e+00
 370 -3.21944836e+03             inf     0.00000e+00          297.67     0.00000e+00
 372 -3.21944836e+03             inf     0.00000e+00          301.05     0.00000e+00
==============================================================================================
Pass              LB             iUB             iHW       F time       B time    Wall time
Sim1000    -3.21945e+03    -8.91140e+02     9.21778e+02         0.00         0.00       325.45
==============================================================================================
