Hydro_R2_AR1_T12_N5_30_I10000_Time100_DW_DUAL_MC_DS_0.0050_None
Multicut: True
Dynamic Sampling: True
==============================================================================================
Pass              LB             iUB             iHW    Wall time           Other
==============================================================================================
   0 -1.00000858e+08             inf     0.00000e+00            0.01     0.00000e+00
  10 -5.06780597e+03             inf     0.00000e+00            1.95     0.00000e+00
  20 -5.05830211e+03             inf     0.00000e+00            5.63     0.00000e+00
  30 -5.05587413e+03             inf     0.00000e+00           10.44     0.00000e+00
  40 -5.05384994e+03             inf     0.00000e+00           16.17     0.00000e+00
  50 -5.05354971e+03             inf     0.00000e+00           23.36     0.00000e+00
  60 -5.05337162e+03             inf     0.00000e+00           32.13     0.00000e+00
  70 -5.05335190e+03             inf     0.00000e+00           42.65     0.00000e+00
  80 -5.05306834e+03             inf     0.00000e+00           54.76     0.00000e+00
  90 -5.05303252e+03             inf     0.00000e+00           69.28     0.00000e+00
 100 -5.05288230e+03             inf     0.00000e+00           85.53     0.00000e+00
 108 -5.05224634e+03             inf     0.00000e+00          100.42     0.00000e+00
==============================================================================================
Pass              LB             iUB             iHW       F time       B time    Wall time
Sim1000    -5.05225e+03    -3.01595e+03     8.23039e+02         0.00         0.00       122.02
==============================================================================================
