Hydro_R10_AR1_T12_N10_10_I10000_Time20_DW_DUAL_MC_DS_20.0000000_None
Multicut: True
Dynamic Sampling: True
==============================================================================================
Pass              LB             iUB             iHW    Wall time           Other
==============================================================================================
   0 -1.00004104e+08             inf     0.00000e+00            0.02     0.00000e+00
  10 -2.56906183e+04             inf     0.00000e+00            0.76     0.00000e+00
  20 -2.56568994e+04             inf     0.00000e+00            1.70     0.00000e+00
  30 -2.56326213e+04             inf     0.00000e+00            2.70     0.00000e+00
  40 -2.56260833e+04             inf     0.00000e+00            3.89     0.00000e+00
  50 -2.56246196e+04             inf     0.00000e+00            5.18     0.00000e+00
  60 -2.56241825e+04             inf     0.00000e+00            6.78     0.00000e+00
  70 -2.56241668e+04             inf     0.00000e+00            8.40     0.00000e+00
  80 -2.56241656e+04             inf     0.00000e+00           10.19     0.00000e+00
  90 -2.56241656e+04             inf     0.00000e+00           12.07     0.00000e+00
 100 -2.56241656e+04             inf     0.00000e+00           14.04     0.00000e+00
 110 -2.56241656e+04             inf     0.00000e+00           16.14     0.00000e+00
 120 -2.56241656e+04             inf     0.00000e+00           18.50     0.00000e+00
 127 -2.56241656e+04             inf     0.00000e+00           20.20     0.00000e+00
Time profiling
           Pass        # LPs        setup      simplex       output   cut update      cut gen        other        total
        Forward         1536         0.24         0.69         0.09         0.00         0.00         0.50         1.53
       Backward        13970         2.37         5.47         8.67         0.04         1.84         0.28        18.67
==============================================================================================
Pass              LB             iUB             iHW       F time       B time    Wall time
Sim500    -2.56242e+04    -3.34552e+04     1.75852e+02         0.00         0.00        30.70
==============================================================================================
Mean:   	 -33455.17
Median: 	 -33369.10
SD:     	   1966.09
20-80: 	( -35010.11,  -31797.74)
10-90: 	( -35916.84,  -30930.70)
05-95: 	( -36635.14,  -30481.68)
