Hydro_R2_AR1_T12_N5_15_I10000_Time300_DW_DUAL_MC_DS_10.0000_cvx_hull2
Multicut: True
Dynamic Sampling: True
==============================================================================================
Pass              LB             iUB             iHW    Wall time           Other
==============================================================================================
   0 -1.00000858e+08             inf     0.00000e+00            0.01     0.00000e+00
  10 -2.26104212e+03             inf     0.00000e+00            0.78     0.00000e+00
  20 -2.26104212e+03             inf     0.00000e+00            2.03     0.00000e+00
  30 -2.26104212e+03             inf     0.00000e+00            3.38     0.00000e+00
  40 -2.26104212e+03             inf     0.00000e+00            5.08     0.00000e+00
  50 -2.26104212e+03             inf     0.00000e+00            7.35     0.00000e+00
  60 -2.26104212e+03             inf     0.00000e+00            9.67     0.00000e+00
  70 -2.26104212e+03             inf     0.00000e+00           12.19     0.00000e+00
  80 -2.26104212e+03             inf     0.00000e+00           15.28     0.00000e+00
  90 -2.26104212e+03             inf     0.00000e+00           19.04     0.00000e+00
 100 -2.26104212e+03             inf     0.00000e+00           23.12     0.00000e+00
 110 -2.26104212e+03             inf     0.00000e+00           27.18     0.00000e+00
 120 -2.26104212e+03             inf     0.00000e+00           31.66     0.00000e+00
 130 -2.26104212e+03             inf     0.00000e+00           36.33     0.00000e+00
 140 -2.26104212e+03             inf     0.00000e+00           41.61     0.00000e+00
 150 -2.26104212e+03             inf     0.00000e+00           47.22     0.00000e+00
 160 -2.26104212e+03             inf     0.00000e+00           53.03     0.00000e+00
 170 -2.26104212e+03             inf     0.00000e+00           59.66     0.00000e+00
 180 -2.26104212e+03             inf     0.00000e+00           67.57     0.00000e+00
 190 -2.26104212e+03             inf     0.00000e+00           75.92     0.00000e+00
 200 -2.26104212e+03             inf     0.00000e+00           83.20     0.00000e+00
 210 -2.26104212e+03             inf     0.00000e+00           90.94     0.00000e+00
 220 -2.26104212e+03             inf     0.00000e+00           98.80     0.00000e+00
 230 -2.26104212e+03             inf     0.00000e+00          108.02     0.00000e+00
 240 -2.26104212e+03             inf     0.00000e+00          117.11     0.00000e+00
 250 -2.26104212e+03             inf     0.00000e+00          128.45     0.00000e+00
 260 -2.26104212e+03             inf     0.00000e+00          138.74     0.00000e+00
 270 -2.26104212e+03             inf     0.00000e+00          150.11     0.00000e+00
 280 -2.26104212e+03             inf     0.00000e+00          163.33     0.00000e+00
 290 -2.26104212e+03             inf     0.00000e+00          177.02     0.00000e+00
 300 -2.26104212e+03             inf     0.00000e+00          191.24     0.00000e+00
 310 -2.26104212e+03             inf     0.00000e+00          204.41     0.00000e+00
 320 -2.26104212e+03             inf     0.00000e+00          217.59     0.00000e+00
 330 -2.26104212e+03             inf     0.00000e+00          230.40     0.00000e+00
 340 -2.26104212e+03             inf     0.00000e+00          243.10     0.00000e+00
 350 -2.26104212e+03             inf     0.00000e+00          257.20     0.00000e+00
 360 -2.26104212e+03             inf     0.00000e+00          272.82     0.00000e+00
 370 -2.26104212e+03             inf     0.00000e+00          289.63     0.00000e+00
 376 -2.26104212e+03             inf     0.00000e+00          300.69     0.00000e+00
==============================================================================================
Pass              LB             iUB             iHW       F time       B time    Wall time
Sim1000    -2.26104e+03    -3.05700e+03     3.88138e+02         0.00         0.00       337.53
==============================================================================================
