Hydro_R10_AR1_T12_N5_5_I10000_Time20_DW_DUAL_MC_DS_0.1500000_None
Multicut: True
Dynamic Sampling: True
==============================================================================================
Pass              LB             iUB             iHW    Wall time           Other
==============================================================================================
   0 -1.00004104e+08             inf     0.00000e+00            0.01     0.00000e+00
  10 -3.45281101e+04             inf     0.00000e+00            0.40     0.00000e+00
  20 -3.44461909e+04             inf     0.00000e+00            0.85     0.00000e+00
  30 -3.44360188e+04             inf     0.00000e+00            1.44     0.00000e+00
  40 -3.44283473e+04             inf     0.00000e+00            2.05     0.00000e+00
  50 -3.44257435e+04             inf     0.00000e+00            2.70     0.00000e+00
  60 -3.44236221e+04             inf     0.00000e+00            3.47     0.00000e+00
  70 -3.44221939e+04             inf     0.00000e+00            4.34     0.00000e+00
  80 -3.44211861e+04             inf     0.00000e+00            5.30     0.00000e+00
  90 -3.44202551e+04             inf     0.00000e+00            6.34     0.00000e+00
 100 -3.44198133e+04             inf     0.00000e+00            7.49     0.00000e+00
 110 -3.44194345e+04             inf     0.00000e+00            8.70     0.00000e+00
 120 -3.44191274e+04             inf     0.00000e+00            9.97     0.00000e+00
 130 -3.44188652e+04             inf     0.00000e+00           11.32     0.00000e+00
 140 -3.44186023e+04             inf     0.00000e+00           12.75     0.00000e+00
 150 -3.44184354e+04             inf     0.00000e+00           14.25     0.00000e+00
 160 -3.44181388e+04             inf     0.00000e+00           15.89     0.00000e+00
 170 -3.44179543e+04             inf     0.00000e+00           17.60     0.00000e+00
 180 -3.44177822e+04             inf     0.00000e+00           19.45     0.00000e+00
 183 -3.44177290e+04             inf     0.00000e+00           20.03     0.00000e+00
Time profiling
           Pass        # LPs        setup      simplex       output   cut update      cut gen        other        total
        Forward         2208         0.36         1.23         0.13         0.01         0.00         0.45         2.17
       Backward        10065         1.91         5.44         8.55         0.03         1.65         0.28        17.85
==============================================================================================
Pass              LB             iUB             iHW       F time       B time    Wall time
Sim500    -3.44177e+04    -3.45413e+04     2.05488e+02         0.00         0.00        32.64
==============================================================================================
Mean:   	 -34541.31
Median: 	 -34483.51
SD:     	   2297.42
20-80: 	( -36331.27,  -32674.93)
10-90: 	( -37357.58,  -31588.44)
05-95: 	( -38392.00,  -30782.55)
