Hydro_R2_AR1_T12_N5_15_I10000_Time60_DW_DUAL_MC_DS_0.0009_cvx_hull2
Multicut: True
Dynamic Sampling: True
==============================================================================================
Pass              LB             iUB             iHW    Wall time           Other
==============================================================================================
   0 -1.00000858e+08             inf     0.00000e+00            0.02     0.00000e+00
  10 -5.07195410e+03             inf     0.00000e+00            1.58     0.00000e+00
  20 -5.06088948e+03             inf     0.00000e+00            3.27     0.00000e+00
  30 -5.05978246e+03             inf     0.00000e+00            5.92     0.00000e+00
  40 -5.05619271e+03             inf     0.00000e+00            9.09     0.00000e+00
  50 -5.05525986e+03             inf     0.00000e+00           13.16     0.00000e+00
  60 -5.05492583e+03             inf     0.00000e+00           17.16     0.00000e+00
  70 -5.05434945e+03             inf     0.00000e+00           21.92     0.00000e+00
  80 -5.05418453e+03             inf     0.00000e+00           28.05     0.00000e+00
  90 -5.05410213e+03             inf     0.00000e+00           35.07     0.00000e+00
 100 -5.05403189e+03             inf     0.00000e+00           41.79     0.00000e+00
 110 -5.05372910e+03             inf     0.00000e+00           50.20     0.00000e+00
 120 -5.05368992e+03             inf     0.00000e+00           59.87     0.00000e+00
 121 -5.05367218e+03             inf     0.00000e+00           60.72     0.00000e+00
==============================================================================================
Pass              LB             iUB             iHW       F time       B time    Wall time
Sim1000    -5.05367e+03    -2.91526e+03     7.15812e+02         0.00         0.00        87.11
==============================================================================================
