Hydro_R10_AR1_T12_N5_5_I10000_Time20_DW_DUAL_MC_DS_0.0900000_None
Multicut: True
Dynamic Sampling: True
==============================================================================================
Pass              LB             iUB             iHW    Wall time           Other
==============================================================================================
   0 -1.00004104e+08             inf     0.00000e+00            0.01     0.00000e+00
  10 -3.45664454e+04             inf     0.00000e+00            0.44     0.00000e+00
  20 -3.45155442e+04             inf     0.00000e+00            0.86     0.00000e+00
  30 -3.44926312e+04             inf     0.00000e+00            1.47     0.00000e+00
  40 -3.44868817e+04             inf     0.00000e+00            2.16     0.00000e+00
  50 -3.44832946e+04             inf     0.00000e+00            2.86     0.00000e+00
  60 -3.44806983e+04             inf     0.00000e+00            3.67     0.00000e+00
  70 -3.44784420e+04             inf     0.00000e+00            5.00     0.00000e+00
  80 -3.44766687e+04             inf     0.00000e+00            6.09     0.00000e+00
  90 -3.44757839e+04             inf     0.00000e+00            7.21     0.00000e+00
 100 -3.44751895e+04             inf     0.00000e+00            8.37     0.00000e+00
 110 -3.44748444e+04             inf     0.00000e+00            9.87     0.00000e+00
 120 -3.44746186e+04             inf     0.00000e+00           11.35     0.00000e+00
 130 -3.44741529e+04             inf     0.00000e+00           13.09     0.00000e+00
 140 -3.44738429e+04             inf     0.00000e+00           14.85     0.00000e+00
 150 -3.44736344e+04             inf     0.00000e+00           16.54     0.00000e+00
 160 -3.44733702e+04             inf     0.00000e+00           18.40     0.00000e+00
 168 -3.44731631e+04             inf     0.00000e+00           20.10     0.00000e+00
Time profiling
           Pass        # LPs        setup      simplex       output   cut update      cut gen        other        total
        Forward         2028         0.37         1.16         0.13         0.01         0.00         0.48         2.15
       Backward         9240         2.00         5.26         8.60         0.05         1.76         0.28        17.95
==============================================================================================
Pass              LB             iUB             iHW       F time       B time    Wall time
Sim500    -3.44732e+04    -3.45431e+04     2.06155e+02         0.00         0.00        32.34
==============================================================================================
Mean:   	 -34543.12
Median: 	 -34490.89
SD:     	   2304.88
20-80: 	( -36310.53,  -32686.02)
10-90: 	( -37391.74,  -31586.16)
05-95: 	( -38421.24,  -30830.42)
