Hydro_R2_AR1_T12_N5_15_I10000_Time60_DW_DUAL_MC_DS_700.0000_cvx_hull2
Multicut: True
Dynamic Sampling: True
==============================================================================================
Pass              LB             iUB             iHW    Wall time           Other
==============================================================================================
   0 -1.00000858e+08             inf     0.00000e+00            0.01     0.00000e+00
  10 -2.33366191e+03             inf     0.00000e+00            0.87     0.00000e+00
  20 -2.33366191e+03             inf     0.00000e+00            1.93     0.00000e+00
  30 -2.33366191e+03             inf     0.00000e+00            3.08     0.00000e+00
  40 -2.33366191e+03             inf     0.00000e+00            4.66     0.00000e+00
  50 -2.33366191e+03             inf     0.00000e+00            6.60     0.00000e+00
  60 -2.33366191e+03             inf     0.00000e+00            8.86     0.00000e+00
  70 -2.33366191e+03             inf     0.00000e+00           11.60     0.00000e+00
  80 -2.33366191e+03             inf     0.00000e+00           14.93     0.00000e+00
  90 -2.33366191e+03             inf     0.00000e+00           18.45     0.00000e+00
 100 -2.33366191e+03             inf     0.00000e+00           22.88     0.00000e+00
 110 -2.33366191e+03             inf     0.00000e+00           27.05     0.00000e+00
 120 -2.33366191e+03             inf     0.00000e+00           31.25     0.00000e+00
 130 -2.33366191e+03             inf     0.00000e+00           35.91     0.00000e+00
 140 -2.33366191e+03             inf     0.00000e+00           41.62     0.00000e+00
 150 -2.33366191e+03             inf     0.00000e+00           48.75     0.00000e+00
 160 -2.33366191e+03             inf     0.00000e+00           54.40     0.00000e+00
 170 -2.33366191e+03             inf     0.00000e+00           60.66     0.00000e+00
==============================================================================================
Pass              LB             iUB             iHW       F time       B time    Wall time
Sim1000    -2.33366e+03    -2.59007e+03     8.29260e+02         0.00         0.00        80.07
==============================================================================================
