Hydro_R2_AR1_T12_N5_15_I10000_Time60_DW_DUAL_MC_DS_5.0000_cube
Multicut: True
Dynamic Sampling: True
==============================================================================================
Pass              LB             iUB             iHW    Wall time           Other
==============================================================================================
   0 -1.00000858e+08             inf     0.00000e+00            0.01     0.00000e+00
  10 -3.21944836e+03             inf     0.00000e+00            0.77     0.00000e+00
  20 -3.21944836e+03             inf     0.00000e+00            1.78     0.00000e+00
  30 -3.21944836e+03             inf     0.00000e+00            3.00     0.00000e+00
  40 -3.21944836e+03             inf     0.00000e+00            4.69     0.00000e+00
  50 -3.21944836e+03             inf     0.00000e+00            6.55     0.00000e+00
  60 -3.21944836e+03             inf     0.00000e+00            8.71     0.00000e+00
  70 -3.21944836e+03             inf     0.00000e+00           11.09     0.00000e+00
  80 -3.21944836e+03             inf     0.00000e+00           13.68     0.00000e+00
  90 -3.21944836e+03             inf     0.00000e+00           16.65     0.00000e+00
 100 -3.21944836e+03             inf     0.00000e+00           19.93     0.00000e+00
 110 -3.21944836e+03             inf     0.00000e+00           23.58     0.00000e+00
 120 -3.21944836e+03             inf     0.00000e+00           27.57     0.00000e+00
 130 -3.21944836e+03             inf     0.00000e+00           31.99     0.00000e+00
 140 -3.21944836e+03             inf     0.00000e+00           36.93     0.00000e+00
 150 -3.21944836e+03             inf     0.00000e+00           42.31     0.00000e+00
 160 -3.21944836e+03             inf     0.00000e+00           48.13     0.00000e+00
 170 -3.21944836e+03             inf     0.00000e+00           54.27     0.00000e+00
 180 -3.21944836e+03             inf     0.00000e+00           60.27     0.00000e+00
==============================================================================================
Pass              LB             iUB             iHW       F time       B time    Wall time
Sim1000    -3.21945e+03    -7.06728e+02     9.40088e+02         0.00         0.00        77.47
==============================================================================================
