Hydro_R10_AR1_T12_N10_I10000ESS_SDDP_MC_EV_prob_-1.000000_ES
Multicut: True
Dynamic Sampling: False
==============================================================================================
Pass              LB             iUB             iHW    Wall time           Other
==============================================================================================
   0 -1.00000646e+09             inf     0.00000e+00            0.01     0.00000e+00
  10 -6.29682214e+04             inf     0.00000e+00            1.34     0.00000e+00
  20 -6.28512295e+04             inf     0.00000e+00            2.78     0.00000e+00
  30 -6.28498720e+04             inf     0.00000e+00            4.32     0.00000e+00
  40 -6.28498720e+04             inf     0.00000e+00            5.87     0.00000e+00
  50 -6.28498720e+04             inf     0.00000e+00            7.39     0.00000e+00
  60 -6.28498720e+04             inf     0.00000e+00            8.93     0.00000e+00
  70 -6.28498720e+04             inf     0.00000e+00           10.49     0.00000e+00
  80 -6.28498720e+04             inf     0.00000e+00           12.10     0.00000e+00
  90 -6.28498720e+04             inf     0.00000e+00           13.70     0.00000e+00
 100 -6.28498720e+04             inf     0.00000e+00           15.35     0.00000e+00
 110 -6.28498720e+04             inf     0.00000e+00           16.98     0.00000e+00
 120 -6.28498720e+04             inf     0.00000e+00           18.75     0.00000e+00
 130 -6.28498720e+04             inf     0.00000e+00           20.42     0.00000e+00
 140 -6.28498720e+04             inf     0.00000e+00           22.31     0.00000e+00
 150 -6.28498720e+04             inf     0.00000e+00           24.08     0.00000e+00
 160 -6.28498720e+04             inf     0.00000e+00           25.97     0.00000e+00
 170 -6.28498720e+04             inf     0.00000e+00           27.82     0.00000e+00
 180 -6.28498720e+04             inf     0.00000e+00           29.58     0.00000e+00
 190 -6.28498720e+04             inf     0.00000e+00           31.57     0.00000e+00
 200 -6.28498720e+04             inf     0.00000e+00           33.41     0.00000e+00
 210 -6.28498720e+04             inf     0.00000e+00           35.38     0.00000e+00
 220 -6.28498720e+04             inf     0.00000e+00           37.26     0.00000e+00
 230 -6.28498720e+04             inf     0.00000e+00           39.35     0.00000e+00
 240 -6.28498720e+04             inf     0.00000e+00           41.58     0.00000e+00
