Hydro_R2_AR1_T12_N5_15_I10000_Time300_DW_DUAL_MC_DS_3.0000_cube
Multicut: True
Dynamic Sampling: True
==============================================================================================
Pass              LB             iUB             iHW    Wall time           Other
==============================================================================================
   0 -1.00000858e+08             inf     0.00000e+00            0.01     0.00000e+00
  10 -3.47754545e+03             inf     0.00000e+00            0.88     0.00000e+00
  20 -3.47754545e+03             inf     0.00000e+00            2.01     0.00000e+00
  30 -3.47754545e+03             inf     0.00000e+00            3.33     0.00000e+00
  40 -3.47754522e+03             inf     0.00000e+00            4.96     0.00000e+00
  50 -3.47754508e+03             inf     0.00000e+00            6.93     0.00000e+00
  60 -3.47754506e+03             inf     0.00000e+00            9.21     0.00000e+00
  70 -3.47754504e+03             inf     0.00000e+00           11.83     0.00000e+00
  80 -3.47754504e+03             inf     0.00000e+00           14.86     0.00000e+00
  90 -3.47754503e+03             inf     0.00000e+00           18.31     0.00000e+00
 100 -3.47754501e+03             inf     0.00000e+00           22.07     0.00000e+00
 110 -3.47754501e+03             inf     0.00000e+00           26.21     0.00000e+00
 120 -3.47754501e+03             inf     0.00000e+00           30.81     0.00000e+00
 130 -3.47754501e+03             inf     0.00000e+00           35.89     0.00000e+00
 140 -3.47754501e+03             inf     0.00000e+00           42.25     0.00000e+00
 150 -3.47754501e+03             inf     0.00000e+00           48.34     0.00000e+00
 160 -3.47754500e+03             inf     0.00000e+00           54.76     0.00000e+00
 170 -3.47754500e+03             inf     0.00000e+00           61.69     0.00000e+00
 180 -3.47754500e+03             inf     0.00000e+00           69.00     0.00000e+00
 190 -3.47754500e+03             inf     0.00000e+00          122.93     0.00000e+00
 200 -3.47754500e+03             inf     0.00000e+00          131.91     0.00000e+00
 210 -3.47754500e+03             inf     0.00000e+00          150.14     0.00000e+00
 220 -3.47754500e+03             inf     0.00000e+00          159.67     0.00000e+00
 230 -3.47754500e+03             inf     0.00000e+00          169.80     0.00000e+00
 240 -3.47754500e+03             inf     0.00000e+00          220.17     0.00000e+00
 250 -3.47754500e+03             inf     0.00000e+00          240.50     0.00000e+00
 260 -3.47754500e+03             inf     0.00000e+00          252.37     0.00000e+00
 266 -3.47754500e+03             inf     0.00000e+00         2198.24     0.00000e+00
==============================================================================================
Pass              LB             iUB             iHW       F time       B time    Wall time
Sim1000    -3.47755e+03    -1.27028e+03     8.72858e+02         0.00         0.00      2230.58
==============================================================================================
