Hydro_R2_AR1_T12_N5_30_I10000_Time100_DW_DUAL_MC_DS_0.0000_cvx_hull2
Multicut: True
Dynamic Sampling: True
==============================================================================================
Pass              LB             iUB             iHW    Wall time           Other
==============================================================================================
   0 -1.00000858e+08             inf     0.00000e+00            0.02     0.00000e+00
  10 -5.06872447e+03             inf     0.00000e+00            2.10     0.00000e+00
  20 -5.06500121e+03             inf     0.00000e+00            5.86     0.00000e+00
  30 -5.06343620e+03             inf     0.00000e+00           10.38     0.00000e+00
  40 -5.06108471e+03             inf     0.00000e+00           16.17     0.00000e+00
  50 -5.06087860e+03             inf     0.00000e+00           23.43     0.00000e+00
  60 -5.06072894e+03             inf     0.00000e+00           32.28     0.00000e+00
  70 -5.06070960e+03             inf     0.00000e+00           43.08     0.00000e+00
  80 -5.06050853e+03             inf     0.00000e+00           55.90     0.00000e+00
  90 -5.06047713e+03             inf     0.00000e+00           70.65     0.00000e+00
 100 -5.06029695e+03             inf     0.00000e+00           87.53     0.00000e+00
 107 -5.05978527e+03             inf     0.00000e+00          100.76     0.00000e+00
==============================================================================================
Pass              LB             iUB             iHW       F time       B time    Wall time
Sim1000    -5.05979e+03     6.46400e+00     9.40328e+02         0.00         0.00       123.04
==============================================================================================
