Hydro_R2_AR1_T12_N5_15_I10000_Time300_DW_DUAL_MC_DS_0.1000_cvx_hull
Multicut: True
Dynamic Sampling: True
==============================================================================================
Pass              LB             iUB             iHW    Wall time           Other
==============================================================================================
   0 -1.00000858e+08             inf     0.00000e+00            0.01     0.00000e+00
  10 -5.02017223e+03             inf     0.00000e+00            0.79     0.00000e+00
  20 -5.01431619e+03             inf     0.00000e+00            1.91     0.00000e+00
  30 -5.01297947e+03             inf     0.00000e+00            3.40     0.00000e+00
  40 -5.01132582e+03             inf     0.00000e+00            5.26     0.00000e+00
  50 -5.01120192e+03             inf     0.00000e+00            7.41     0.00000e+00
  60 -5.01106311e+03             inf     0.00000e+00            9.91     0.00000e+00
  70 -5.01099836e+03             inf     0.00000e+00           12.74     0.00000e+00
  80 -5.01070144e+03             inf     0.00000e+00           15.97     0.00000e+00
  90 -5.01068588e+03             inf     0.00000e+00           19.59     0.00000e+00
 100 -5.01064100e+03             inf     0.00000e+00           23.58     0.00000e+00
 110 -5.00978121e+03             inf     0.00000e+00           28.13     0.00000e+00
 120 -5.00944567e+03             inf     0.00000e+00           33.19     0.00000e+00
 130 -5.00942059e+03             inf     0.00000e+00           38.71     0.00000e+00
 140 -5.00938108e+03             inf     0.00000e+00           44.68     0.00000e+00
 150 -5.00936973e+03             inf     0.00000e+00           51.10     0.00000e+00
 160 -5.00936672e+03             inf     0.00000e+00           58.24     0.00000e+00
 170 -5.00929912e+03             inf     0.00000e+00           65.81     0.00000e+00
 180 -5.00924945e+03             inf     0.00000e+00           73.76     0.00000e+00
 190 -5.00908419e+03             inf     0.00000e+00           82.39     0.00000e+00
 200 -5.00903030e+03             inf     0.00000e+00           91.72     0.00000e+00
 210 -5.00902470e+03             inf     0.00000e+00          101.64     0.00000e+00
 220 -5.00902350e+03             inf     0.00000e+00          112.17     0.00000e+00
 230 -5.00902204e+03             inf     0.00000e+00          123.54     0.00000e+00
 240 -5.00899900e+03             inf     0.00000e+00          135.38     0.00000e+00
 250 -5.00898159e+03             inf     0.00000e+00          147.78     0.00000e+00
 260 -5.00898047e+03             inf     0.00000e+00          161.08     0.00000e+00
 270 -5.00897496e+03             inf     0.00000e+00          174.79     0.00000e+00
 280 -5.00894829e+03             inf     0.00000e+00          189.21     0.00000e+00
 290 -5.00894785e+03             inf     0.00000e+00          202.67     0.00000e+00
 300 -5.00885595e+03             inf     0.00000e+00          218.49     0.00000e+00
 310 -5.00884831e+03             inf     0.00000e+00          234.79     0.00000e+00
 320 -5.00884251e+03             inf     0.00000e+00          251.62     0.00000e+00
 330 -5.00883598e+03             inf     0.00000e+00          269.11     0.00000e+00
 340 -5.00883184e+03             inf     0.00000e+00          287.21     0.00000e+00
 347 -5.00883166e+03             inf     0.00000e+00          300.34     0.00000e+00
==============================================================================================
Pass              LB             iUB             iHW       F time       B time    Wall time
Sim1000    -5.00883e+03    -4.48864e+01     9.37963e+02         0.00         0.00       326.04
==============================================================================================
