Hydro_R2_AR1_T12_N5_15_I10000_Time300_DW_DUAL_MC_DS_0.0003_cvx_hull2
Multicut: True
Dynamic Sampling: True
==============================================================================================
Pass              LB             iUB             iHW    Wall time           Other
==============================================================================================
   0 -1.00000858e+08             inf     0.00000e+00            0.01     0.00000e+00
  10 -5.07427501e+03             inf     0.00000e+00            0.63     0.00000e+00
  20 -5.06326206e+03             inf     0.00000e+00            1.70     0.00000e+00
  30 -5.06214903e+03             inf     0.00000e+00            3.08     0.00000e+00
  40 -5.06000059e+03             inf     0.00000e+00            4.93     0.00000e+00
  50 -5.05986292e+03             inf     0.00000e+00            6.98     0.00000e+00
  60 -5.05978509e+03             inf     0.00000e+00            9.16     0.00000e+00
  70 -5.05976118e+03             inf     0.00000e+00           11.60     0.00000e+00
  80 -5.05947697e+03             inf     0.00000e+00           14.28     0.00000e+00
  90 -5.05945036e+03             inf     0.00000e+00           17.33     0.00000e+00
 100 -5.05929165e+03             inf     0.00000e+00           20.63     0.00000e+00
 110 -5.05826072e+03             inf     0.00000e+00           24.19     0.00000e+00
 120 -5.05807878e+03             inf     0.00000e+00           28.08     0.00000e+00
 130 -5.05806078e+03             inf     0.00000e+00           32.27     0.00000e+00
 140 -5.05804492e+03             inf     0.00000e+00           36.94     0.00000e+00
 150 -5.05803842e+03             inf     0.00000e+00           42.23     0.00000e+00
 160 -5.05803329e+03             inf     0.00000e+00           47.57     0.00000e+00
 170 -5.05797659e+03             inf     0.00000e+00           53.55     0.00000e+00
 180 -5.05791902e+03             inf     0.00000e+00           59.69     0.00000e+00
 190 -5.05780833e+03             inf     0.00000e+00           66.30     0.00000e+00
 200 -5.05776929e+03             inf     0.00000e+00           73.38     0.00000e+00
 210 -5.05776540e+03             inf     0.00000e+00           80.80     0.00000e+00
 220 -5.05776363e+03             inf     0.00000e+00           88.68     0.00000e+00
 230 -5.05776174e+03             inf     0.00000e+00           97.00     0.00000e+00
 240 -5.05776100e+03             inf     0.00000e+00          105.84     0.00000e+00
 250 -5.05776007e+03             inf     0.00000e+00          115.14     0.00000e+00
 260 -5.05775660e+03             inf     0.00000e+00          124.83     0.00000e+00
 270 -5.05775297e+03             inf     0.00000e+00          135.07     0.00000e+00
 280 -5.05771352e+03             inf     0.00000e+00          145.74     0.00000e+00
 290 -5.05771274e+03             inf     0.00000e+00          156.99     0.00000e+00
 300 -5.05766377e+03             inf     0.00000e+00          168.81     0.00000e+00
 310 -5.05765779e+03             inf     0.00000e+00          180.98     0.00000e+00
 320 -5.05765423e+03             inf     0.00000e+00          193.66     0.00000e+00
 330 -5.05764514e+03             inf     0.00000e+00          206.79     0.00000e+00
 340 -5.05764129e+03             inf     0.00000e+00          220.64     0.00000e+00
 350 -5.05764001e+03             inf     0.00000e+00          234.81     0.00000e+00
 360 -5.05763835e+03             inf     0.00000e+00          249.34     0.00000e+00
 370 -5.05757529e+03             inf     0.00000e+00          264.29     0.00000e+00
 380 -5.05755760e+03             inf     0.00000e+00          279.88     0.00000e+00
 390 -5.05754807e+03             inf     0.00000e+00          295.90     0.00000e+00
 393 -5.05754798e+03             inf     0.00000e+00          300.83     0.00000e+00
==============================================================================================
Pass              LB             iUB             iHW       F time       B time    Wall time
Sim1000    -5.05755e+03    -2.86413e+01     9.38179e+02         0.00         0.00       325.12
==============================================================================================
