Hydro_R2_AR1_T12_N5_5_I10000_Time10_DW_DUAL_MC_DS_0.0600000_None
Multicut: True
Dynamic Sampling: True
==============================================================================================
Pass              LB             iUB             iHW    Wall time           Other
==============================================================================================
   0 -9.99966359e+07             inf     0.00000e+00            0.01     0.00000e+00
  10  5.40318585e+04             inf     0.00000e+00            0.16     0.00000e+00
  20  5.40320981e+04             inf     0.00000e+00            0.38     0.00000e+00
  30  5.40321184e+04             inf     0.00000e+00            0.63     0.00000e+00
  40  5.40321238e+04             inf     0.00000e+00            0.99     0.00000e+00
  50  5.40321267e+04             inf     0.00000e+00            1.34     0.00000e+00
  60  5.40321306e+04             inf     0.00000e+00            1.75     0.00000e+00
  70  5.40321323e+04             inf     0.00000e+00            2.20     0.00000e+00
  80  5.40321327e+04             inf     0.00000e+00            2.71     0.00000e+00
  90  5.40321332e+04             inf     0.00000e+00            3.27     0.00000e+00
 100  5.40321334e+04             inf     0.00000e+00            3.92     0.00000e+00
 110  5.40321341e+04             inf     0.00000e+00            4.65     0.00000e+00
 120  5.40321343e+04             inf     0.00000e+00            5.38     0.00000e+00
 130  5.40321349e+04             inf     0.00000e+00            6.15     0.00000e+00
 140  5.40321349e+04             inf     0.00000e+00            6.95     0.00000e+00
 150  5.40321350e+04             inf     0.00000e+00            7.83     0.00000e+00
 160  5.40321350e+04             inf     0.00000e+00            8.76     0.00000e+00
 170  5.40321350e+04             inf     0.00000e+00            9.75     0.00000e+00
 172  5.40321350e+04             inf     0.00000e+00           10.01     0.00000e+00
Time profiling
           Pass        # LPs        setup      simplex       output   cut update      cut gen        other        total
        Forward         2076         0.09         0.33         0.05         0.00         0.00         0.32         0.79
       Backward         9460         0.49         1.42         6.47         0.02         0.59         0.22         9.21
==============================================================================================
Pass              LB             iUB             iHW       F time       B time    Wall time
Sim500     5.40321e+04     5.38746e+04     3.49625e+01         0.00         0.00        17.13
==============================================================================================
Mean:   	  53874.63
Median: 	  53885.04
SD:     	    390.89
20-80: 	(  53593.37,   54200.85)
10-90: 	(  53358.76,   54333.88)
05-95: 	(  53203.01,   54473.48)
