Hydro_R10_AR1_T52_N10_10_I101000_Time20_DW_DUAL_MC_ES_6.0000_None
Multicut: True
Dynamic Sampling: False
==============================================================================================
Pass              LB             iUB             iHW    Wall time           Other
==============================================================================================
   0 -1.00006609e+08             inf     0.00000e+00            0.05     0.00000e+00
  10 -1.19071551e+05             inf     0.00000e+00            4.74     0.00000e+00
  20 -1.07483536e+05             inf     0.00000e+00           10.67     0.00000e+00
  30 -1.05410048e+05             inf     0.00000e+00           17.84     0.00000e+00
  33 -1.05100060e+05             inf     0.00000e+00           20.24     0.00000e+00
==============================================================================================
Pass              LB             iUB             iHW       F time       B time    Wall time
Sim1000    -1.05100e+05    -1.34228e+05     2.21939e+03         0.00         0.00       124.99
==============================================================================================
Mean:   	-134227.90
Median: 	-136580.10
SD:     	  35091.58
20-80: 	(-142312.09, -131167.54)
10-90: 	(-145240.15, -128097.52)
05-95: 	(-147659.69, -123972.92)
