Hydro_R2_AR1_T12_N5_15_I10000_Time60_DW_DUAL_MC_DS_0.0001_cvx_hull2
Multicut: True
Dynamic Sampling: True
==============================================================================================
Pass              LB             iUB             iHW    Wall time           Other
==============================================================================================
   0 -1.00000858e+08             inf     0.00000e+00            0.01     0.00000e+00
  10 -5.07517747e+03             inf     0.00000e+00            0.66     0.00000e+00
  20 -5.06411091e+03             inf     0.00000e+00            1.72     0.00000e+00
  30 -5.06309521e+03             inf     0.00000e+00            3.18     0.00000e+00
  40 -5.06068811e+03             inf     0.00000e+00            4.82     0.00000e+00
  50 -5.06055268e+03             inf     0.00000e+00            6.83     0.00000e+00
  60 -5.06047522e+03             inf     0.00000e+00            9.14     0.00000e+00
  70 -5.06045221e+03             inf     0.00000e+00           11.63     0.00000e+00
  80 -5.06020870e+03             inf     0.00000e+00           14.41     0.00000e+00
  90 -5.06018163e+03             inf     0.00000e+00           17.65     0.00000e+00
 100 -5.06002307e+03             inf     0.00000e+00           21.03     0.00000e+00
 110 -5.05944804e+03             inf     0.00000e+00           24.66     0.00000e+00
 120 -5.05928078e+03             inf     0.00000e+00           28.71     0.00000e+00
 130 -5.05926730e+03             inf     0.00000e+00           33.07     0.00000e+00
 140 -5.05901746e+03             inf     0.00000e+00           37.81     0.00000e+00
 150 -5.05900850e+03             inf     0.00000e+00           43.05     0.00000e+00
 160 -5.05900220e+03             inf     0.00000e+00           48.80     0.00000e+00
 170 -5.05893526e+03             inf     0.00000e+00           55.03     0.00000e+00
 178 -5.05892609e+03             inf     0.00000e+00           60.10     0.00000e+00
==============================================================================================
Pass              LB             iUB             iHW       F time       B time    Wall time
Sim1000    -5.05893e+03     3.42521e+01     9.41777e+02         0.00         0.00        78.09
==============================================================================================
