Hydro_R10_AR1_T12_N5_5_I101000_Time50_DW_PRIMAL_MC_DS_10.0000_None
Multicut: True
Dynamic Sampling: True
==============================================================================================
Pass              LB             iUB             iHW    Wall time           Other
==============================================================================================
   0 -1.00006458e+08             inf     0.00000e+00            0.04     0.00000e+00
  10 -5.11467307e+04             inf     0.00000e+00            0.77     0.00000e+00
  20 -5.11139746e+04             inf     0.00000e+00            1.64     0.00000e+00
  30 -5.11024999e+04             inf     0.00000e+00            2.62     0.00000e+00
  40 -5.10978677e+04             inf     0.00000e+00            3.76     0.00000e+00
  50 -5.10949210e+04             inf     0.00000e+00            5.27     0.00000e+00
  60 -5.10924017e+04             inf     0.00000e+00            7.28     0.00000e+00
  70 -5.10915509e+04             inf     0.00000e+00            8.91     0.00000e+00
  80 -5.10905833e+04             inf     0.00000e+00           10.73     0.00000e+00
  90 -5.10895080e+04             inf     0.00000e+00           12.67     0.00000e+00
 100 -5.10889036e+04             inf     0.00000e+00           14.79     0.00000e+00
 110 -5.10883769e+04             inf     0.00000e+00           17.13     0.00000e+00
 120 -5.10879691e+04             inf     0.00000e+00           19.58     0.00000e+00
 130 -5.10876832e+04             inf     0.00000e+00           22.27     0.00000e+00
 140 -5.10874347e+04             inf     0.00000e+00           25.20     0.00000e+00
 150 -5.10871170e+04             inf     0.00000e+00           28.40     0.00000e+00
 160 -5.10869076e+04             inf     0.00000e+00           31.77     0.00000e+00
 170 -5.10868223e+04             inf     0.00000e+00           35.29     0.00000e+00
 180 -5.10866191e+04             inf     0.00000e+00           38.99     0.00000e+00
 190 -5.10865617e+04             inf     0.00000e+00           42.96     0.00000e+00
 200 -5.10863653e+04             inf     0.00000e+00           47.09     0.00000e+00
 207 -5.10862913e+04             inf     0.00000e+00           50.20     0.00000e+00
==============================================================================================
Pass              LB             iUB             iHW       F time       B time    Wall time
Sim1000    -5.10863e+04    -5.52764e+04     1.39768e+02         0.00         0.00        73.97
==============================================================================================
