Hydro_R2_AR1_T12_N5_15_I101000_Time50_DW_DUAL_MC_DS_0.0500_cvx_hull2
Multicut: True
Dynamic Sampling: True
==============================================================================================
Pass              LB             iUB             iHW    Wall time           Other
==============================================================================================
   0 -1.00000858e+08             inf     0.00000e+00            0.02     0.00000e+00
  10 -5.06287293e+03             inf     0.00000e+00            3.49     0.00000e+00
  20 -5.03775630e+03             inf     0.00000e+00           10.17     0.00000e+00
  30 -5.03523372e+03             inf     0.00000e+00           19.21     0.00000e+00
  40 -5.03293200e+03             inf     0.00000e+00           28.50     0.00000e+00
  50 -5.03264592e+03             inf     0.00000e+00           38.25     0.00000e+00
  59 -5.03253476e+03             inf     0.00000e+00           50.73     0.00000e+00
Hydro_R2_AR1_T12_N5_15_I101000_Time50_DW_DUAL_MC_DS_0.0500_cvx_hull2
Multicut: True
Dynamic Sampling: True
==============================================================================================
Pass              LB             iUB             iHW    Wall time           Other
==============================================================================================
   0 -1.00000858e+08             inf     0.00000e+00            0.01     0.00000e+00
  10 -5.01823365e+03             inf     0.00000e+00            1.64     0.00000e+00
  20 -5.01090183e+03             inf     0.00000e+00            4.02     0.00000e+00
  30 -5.00795364e+03             inf     0.00000e+00            7.04     0.00000e+00
  40 -5.00608200e+03             inf     0.00000e+00           10.55     0.00000e+00
  50 -5.00579059e+03             inf     0.00000e+00           14.46     0.00000e+00
  60 -5.00567260e+03             inf     0.00000e+00           19.59     0.00000e+00
  70 -5.00564846e+03             inf     0.00000e+00           27.84     0.00000e+00
  80 -5.00536353e+03             inf     0.00000e+00           34.15     0.00000e+00
  90 -5.00533660e+03             inf     0.00000e+00           41.96     0.00000e+00
  98 -5.00521544e+03             inf     0.00000e+00           50.13     0.00000e+00
Hydro_R2_AR1_T12_N5_15_I101000_Time50_DW_DUAL_MC_DS_0.0500_cvx_hull2
Multicut: True
Dynamic Sampling: True
==============================================================================================
Pass              LB             iUB             iHW    Wall time           Other
==============================================================================================
   0 -1.00000858e+08             inf     0.00000e+00            0.01     0.00000e+00
  10 -4.80009388e+03             inf     0.00000e+00            1.36     0.00000e+00
  20 -4.79473635e+03             inf     0.00000e+00            3.70     0.00000e+00
  30 -4.79269774e+03             inf     0.00000e+00            6.62     0.00000e+00
  40 -4.79126890e+03             inf     0.00000e+00           10.75     0.00000e+00
  50 -4.79117918e+03             inf     0.00000e+00           15.93     0.00000e+00
  60 -4.79112678e+03             inf     0.00000e+00           24.80     0.00000e+00
  70 -4.79109756e+03             inf     0.00000e+00           30.95     0.00000e+00
  80 -4.79083958e+03             inf     0.00000e+00           38.31     0.00000e+00
  90 -4.79081850e+03             inf     0.00000e+00           45.24     0.00000e+00
  96 -4.79069952e+03             inf     0.00000e+00           50.45     0.00000e+00
Hydro_R2_AR1_T12_N5_15_I101000_Time50_DW_DUAL_MC_DS_0.0500_cvx_hull2
Multicut: True
Dynamic Sampling: True
==============================================================================================
Pass              LB             iUB             iHW    Wall time           Other
==============================================================================================
   0 -1.00000858e+08             inf     0.00000e+00            0.01     0.00000e+00
  10 -2.56406173e+03             inf     0.00000e+00            1.21     0.00000e+00
  20 -2.56356305e+03             inf     0.00000e+00            3.45     0.00000e+00
  30 -2.56347036e+03             inf     0.00000e+00            6.35     0.00000e+00
  40 -2.56331605e+03             inf     0.00000e+00            9.71     0.00000e+00
  50 -2.56331215e+03             inf     0.00000e+00           13.18     0.00000e+00
  60 -2.56331095e+03             inf     0.00000e+00           17.04     0.00000e+00
  70 -2.56331093e+03             inf     0.00000e+00           22.03     0.00000e+00
  80 -2.56331009e+03             inf     0.00000e+00           28.04     0.00000e+00
  90 -2.56331009e+03             inf     0.00000e+00           34.25     0.00000e+00
 100 -2.56331009e+03             inf     0.00000e+00           41.02     0.00000e+00
 110 -2.56331009e+03             inf     0.00000e+00           48.68     0.00000e+00
 112 -2.56330999e+03             inf     0.00000e+00           50.65     0.00000e+00
Hydro_R2_AR1_T12_N5_15_I101000_Time50_DW_DUAL_MC_DS_0.0500_cvx_hull2
Multicut: True
Dynamic Sampling: True
==============================================================================================
Pass              LB             iUB             iHW    Wall time           Other
==============================================================================================
   0 -1.00000858e+08             inf     0.00000e+00            0.02     0.00000e+00
  10 -4.53039962e+03             inf     0.00000e+00            1.33     0.00000e+00
  20 -4.52362033e+03             inf     0.00000e+00            3.50     0.00000e+00
  30 -4.52133006e+03             inf     0.00000e+00            6.57     0.00000e+00
  40 -4.52008822e+03             inf     0.00000e+00           10.24     0.00000e+00
  50 -4.51992203e+03             inf     0.00000e+00           14.61     0.00000e+00
  60 -4.51989616e+03             inf     0.00000e+00           19.65     0.00000e+00
  70 -4.51987841e+03             inf     0.00000e+00           26.18     0.00000e+00
  80 -4.51986889e+03             inf     0.00000e+00           32.94     0.00000e+00
  90 -4.51985795e+03             inf     0.00000e+00           40.30     0.00000e+00
  98 -4.51968827e+03             inf     0.00000e+00           50.59     0.00000e+00
Hydro_R2_AR1_T12_N5_15_I101000_Time50_DW_DUAL_MC_DS_0.0500_cvx_hull2
Multicut: True
Dynamic Sampling: True
==============================================================================================
Pass              LB             iUB             iHW    Wall time           Other
==============================================================================================
   0 -1.00000858e+08             inf     0.00000e+00            0.01     0.00000e+00
  10 -3.80737092e+03             inf     0.00000e+00            1.04     0.00000e+00
  20 -3.80643310e+03             inf     0.00000e+00            2.59     0.00000e+00
  30 -3.80643167e+03             inf     0.00000e+00            4.74     0.00000e+00
  40 -3.80541745e+03             inf     0.00000e+00            7.41     0.00000e+00
  50 -3.80523179e+03             inf     0.00000e+00           10.50     0.00000e+00
  60 -3.80522492e+03             inf     0.00000e+00           14.08     0.00000e+00
  70 -3.80521879e+03             inf     0.00000e+00           18.12     0.00000e+00
  80 -3.80521865e+03             inf     0.00000e+00           23.22     0.00000e+00
  90 -3.80521690e+03             inf     0.00000e+00           28.17     0.00000e+00
 100 -3.80521664e+03             inf     0.00000e+00           32.54     0.00000e+00
 110 -3.80521662e+03             inf     0.00000e+00           37.26     0.00000e+00
 120 -3.80521271e+03             inf     0.00000e+00           43.02     0.00000e+00
 130 -3.80484694e+03             inf     0.00000e+00           48.86     0.00000e+00
 132 -3.80484671e+03             inf     0.00000e+00           50.00     0.00000e+00
Hydro_R2_AR1_T12_N5_15_I101000_Time50_DW_DUAL_MC_DS_0.0500_cvx_hull2
Multicut: True
Dynamic Sampling: True
==============================================================================================
Pass              LB             iUB             iHW    Wall time           Other
==============================================================================================
   0 -1.00000858e+08             inf     0.00000e+00            0.01     0.00000e+00
  10 -3.69412775e+03             inf     0.00000e+00            0.77     0.00000e+00
  20 -3.69411189e+03             inf     0.00000e+00            1.95     0.00000e+00
  30 -3.69411158e+03             inf     0.00000e+00            4.77     0.00000e+00
  40 -3.69407805e+03             inf     0.00000e+00            7.48     0.00000e+00
  50 -3.69390601e+03             inf     0.00000e+00           10.04     0.00000e+00
  60 -3.69390011e+03             inf     0.00000e+00           12.92     0.00000e+00
  70 -3.69368942e+03             inf     0.00000e+00           17.08     0.00000e+00
  80 -3.69368808e+03             inf     0.00000e+00           21.63     0.00000e+00
  90 -3.69367802e+03             inf     0.00000e+00           28.80     0.00000e+00
 100 -3.69367161e+03             inf     0.00000e+00           41.67     0.00000e+00
 110 -3.69367149e+03             inf     0.00000e+00           48.06     0.00000e+00
 114 -3.69367133e+03             inf     0.00000e+00           50.55     0.00000e+00
Hydro_R2_AR1_T12_N5_15_I101000_Time50_DW_DUAL_MC_DS_0.0500_cvx_hull2
Multicut: True
Dynamic Sampling: True
==============================================================================================
Pass              LB             iUB             iHW    Wall time           Other
==============================================================================================
   0 -1.00000858e+08             inf     0.00000e+00            0.01     0.00000e+00
  10 -3.58242118e+03             inf     0.00000e+00            1.18     0.00000e+00
  20 -3.58242107e+03             inf     0.00000e+00            2.65     0.00000e+00
  30 -3.58242107e+03             inf     0.00000e+00            5.00     0.00000e+00
  40 -3.58242076e+03             inf     0.00000e+00            7.52     0.00000e+00
  50 -3.58242056e+03             inf     0.00000e+00           10.31     0.00000e+00
  60 -3.58242055e+03             inf     0.00000e+00           13.17     0.00000e+00
  70 -3.58242049e+03             inf     0.00000e+00           16.65     0.00000e+00
  80 -3.58242047e+03             inf     0.00000e+00           20.46     0.00000e+00
  90 -3.58241990e+03             inf     0.00000e+00           24.59     0.00000e+00
 100 -3.58241989e+03             inf     0.00000e+00           29.42     0.00000e+00
 110 -3.58241989e+03             inf     0.00000e+00           37.41     0.00000e+00
 120 -3.58241989e+03             inf     0.00000e+00           44.19     0.00000e+00
 129 -3.58238627e+03             inf     0.00000e+00           50.64     0.00000e+00
Hydro_R2_AR1_T12_N5_15_I101000_Time50_DW_DUAL_MC_DS_0.0500_cvx_hull2
Multicut: True
Dynamic Sampling: True
==============================================================================================
Pass              LB             iUB             iHW    Wall time           Other
==============================================================================================
   0 -1.00000858e+08             inf     0.00000e+00            0.01     0.00000e+00
  10 -3.42433596e+03             inf     0.00000e+00            0.95     0.00000e+00
  20 -3.42422690e+03             inf     0.00000e+00            2.18     0.00000e+00
  30 -3.42419923e+03             inf     0.00000e+00            4.42     0.00000e+00
  40 -3.42408613e+03             inf     0.00000e+00            6.82     0.00000e+00
  50 -3.42399711e+03             inf     0.00000e+00            9.47     0.00000e+00
  60 -3.42398248e+03             inf     0.00000e+00           12.52     0.00000e+00
  70 -3.42396173e+03             inf     0.00000e+00           15.93     0.00000e+00
  80 -3.42395536e+03             inf     0.00000e+00           20.27     0.00000e+00
  90 -3.42395112e+03             inf     0.00000e+00           24.34     0.00000e+00
 100 -3.42394923e+03             inf     0.00000e+00           28.66     0.00000e+00
 110 -3.42394821e+03             inf     0.00000e+00           33.42     0.00000e+00
 120 -3.42394779e+03             inf     0.00000e+00           38.67     0.00000e+00
 130 -3.42394614e+03             inf     0.00000e+00           45.80     0.00000e+00
 137 -3.42394467e+03             inf     0.00000e+00           50.44     0.00000e+00
