Hydro_R10_AR1_T12_N5_5_I10000_Time20_DW_DUAL_MC_ES_8.0000000_None
Multicut: True
Dynamic Sampling: False
==============================================================================================
Pass              LB             iUB             iHW    Wall time           Other
==============================================================================================
   0 -1.00003692e+08             inf     0.00000e+00            0.01     0.00000e+00
  10  2.12001222e+04             inf     0.00000e+00            0.54     0.00000e+00
  20  2.18772794e+04             inf     0.00000e+00            1.15     0.00000e+00
  30  2.19069534e+04             inf     0.00000e+00            1.97     0.00000e+00
  40  2.19216041e+04             inf     0.00000e+00            2.69     0.00000e+00
  50  2.19319851e+04             inf     0.00000e+00            3.35     0.00000e+00
  60  2.19412952e+04             inf     0.00000e+00            4.19     0.00000e+00
  70  2.19463317e+04             inf     0.00000e+00            5.18     0.00000e+00
  80  2.19483843e+04             inf     0.00000e+00            6.24     0.00000e+00
  90  2.19485085e+04             inf     0.00000e+00            7.63     0.00000e+00
 100  2.19493511e+04             inf     0.00000e+00            8.69     0.00000e+00
 110  2.19494434e+04             inf     0.00000e+00            9.94     0.00000e+00
 120  2.19495573e+04             inf     0.00000e+00           11.26     0.00000e+00
 130  2.19495777e+04             inf     0.00000e+00           12.59     0.00000e+00
 140  2.19496622e+04             inf     0.00000e+00           14.01     0.00000e+00
 150  2.19497112e+04             inf     0.00000e+00           15.45     0.00000e+00
 160  2.19513672e+04             inf     0.00000e+00           17.04     0.00000e+00
 170  2.19542193e+04             inf     0.00000e+00           19.26     0.00000e+00
 175  2.19567603e+04             inf     0.00000e+00           20.12     0.00000e+00
Time profiling
           Pass        # LPs        setup      simplex       output   cut update      cut gen        other        total
        Forward         2112         0.38         1.39         0.14         0.01         0.00         0.20         2.13
       Backward         9625         2.06         6.59         7.34         0.04         1.71         0.25        17.99
==============================================================================================
Pass              LB             iUB             iHW       F time       B time    Wall time
Sim100     2.19568e+04     9.04322e+03     9.27485e+02         0.00         0.00        23.51
==============================================================================================
Mean:   	   9043.22
Median: 	   8493.60
SD:     	   4637.42
20-80: 	(   5011.26,   13210.77)
10-90: 	(   3515.35,   15937.29)
05-95: 	(   2243.91,   17033.41)
