Hydro_R10_AR1_T12_N10_I1000ESS_DUAL_MC_DW_0.000000_ES
Multicut: True
Dynamic Sampling: False
==============================================================================================
Pass              LB             iUB             iHW    Wall time           Other
==============================================================================================
   0 -1.00006458e+08             inf     0.00000e+00            0.02     0.00000e+00
  10 -6.29394197e+04             inf     0.00000e+00            1.09     0.00000e+00
  20 -6.24799306e+04             inf     0.00000e+00            2.69     0.00000e+00
  30 -6.23960810e+04             inf     0.00000e+00            4.87     0.00000e+00
  40 -6.23355474e+04             inf     0.00000e+00            7.95     0.00000e+00
  50 -6.23026962e+04             inf     0.00000e+00           12.13     0.00000e+00
  60 -6.22809015e+04             inf     0.00000e+00           16.69     0.00000e+00
  70 -6.22655742e+04             inf     0.00000e+00           21.47     0.00000e+00
  80 -6.22542939e+04             inf     0.00000e+00           27.15     0.00000e+00
  90 -6.22435038e+04             inf     0.00000e+00           34.81     0.00000e+00
 100 -6.22369701e+04             inf     0.00000e+00           41.51     0.00000e+00
 110 -6.22321373e+04             inf     0.00000e+00           48.80     0.00000e+00
 120 -6.22278801e+04             inf     0.00000e+00           56.51     0.00000e+00
 130 -6.22250873e+04             inf     0.00000e+00           65.67     0.00000e+00
 140 -6.22213558e+04             inf     0.00000e+00           74.88     0.00000e+00
 150 -6.22184608e+04             inf     0.00000e+00           84.95     0.00000e+00
 160 -6.22149767e+04             inf     0.00000e+00           94.17     0.00000e+00
 170 -6.22120143e+04             inf     0.00000e+00          103.11     0.00000e+00
 180 -6.22093765e+04             inf     0.00000e+00          112.60     0.00000e+00
 190 -6.22073511e+04             inf     0.00000e+00          122.75     0.00000e+00
 200 -6.22054586e+04             inf     0.00000e+00          132.52     0.00000e+00
