Hydro_R2_AR1_T12_N5_15_I10000_Time300_DW_DUAL_MC_DS_8.0000_cvx_hull2
Multicut: True
Dynamic Sampling: True
==============================================================================================
Pass              LB             iUB             iHW    Wall time           Other
==============================================================================================
   0 -1.00000858e+08             inf     0.00000e+00            0.01     0.00000e+00
  10 -2.26104212e+03             inf     0.00000e+00            0.74     0.00000e+00
  20 -2.26104212e+03             inf     0.00000e+00            1.77     0.00000e+00
  30 -2.26104212e+03             inf     0.00000e+00            3.09     0.00000e+00
  40 -2.26104212e+03             inf     0.00000e+00            4.62     0.00000e+00
  50 -2.26104212e+03             inf     0.00000e+00            6.57     0.00000e+00
  60 -2.26104212e+03             inf     0.00000e+00            8.86     0.00000e+00
  70 -2.26104212e+03             inf     0.00000e+00           11.78     0.00000e+00
  80 -2.26104212e+03             inf     0.00000e+00           14.76     0.00000e+00
  90 -2.26104212e+03             inf     0.00000e+00           17.80     0.00000e+00
 100 -2.26104212e+03             inf     0.00000e+00           21.14     0.00000e+00
 110 -2.26104212e+03             inf     0.00000e+00           25.06     0.00000e+00
 120 -2.26104212e+03             inf     0.00000e+00           30.18     0.00000e+00
 130 -2.26104212e+03             inf     0.00000e+00           36.43     0.00000e+00
 140 -2.26104212e+03             inf     0.00000e+00           41.68     0.00000e+00
 150 -2.26104212e+03             inf     0.00000e+00           48.83     0.00000e+00
 160 -2.26104212e+03             inf     0.00000e+00           58.96     0.00000e+00
 170 -2.26104212e+03             inf     0.00000e+00           68.86     0.00000e+00
 180 -2.26104212e+03             inf     0.00000e+00           77.24     0.00000e+00
 190 -2.26104212e+03             inf     0.00000e+00           84.95     0.00000e+00
 200 -2.26104212e+03             inf     0.00000e+00           94.55     0.00000e+00
 210 -2.26104212e+03             inf     0.00000e+00          105.20     0.00000e+00
 220 -2.26104212e+03             inf     0.00000e+00          115.99     0.00000e+00
 230 -2.26104212e+03             inf     0.00000e+00          125.55     0.00000e+00
 240 -2.26104212e+03             inf     0.00000e+00          136.11     0.00000e+00
 250 -2.26104212e+03             inf     0.00000e+00          146.73     0.00000e+00
 260 -2.26104212e+03             inf     0.00000e+00          162.02     0.00000e+00
 270 -2.26104212e+03             inf     0.00000e+00          176.02     0.00000e+00
 280 -2.26104212e+03             inf     0.00000e+00          186.84     0.00000e+00
 290 -2.26104212e+03             inf     0.00000e+00          199.12     0.00000e+00
 300 -2.26104212e+03             inf     0.00000e+00          213.13     0.00000e+00
 310 -2.26104212e+03             inf     0.00000e+00          229.13     0.00000e+00
 320 -2.26104212e+03             inf     0.00000e+00          244.31     0.00000e+00
 330 -2.26104212e+03             inf     0.00000e+00          259.90     0.00000e+00
 340 -2.26104212e+03             inf     0.00000e+00          274.53     0.00000e+00
 350 -2.26104212e+03             inf     0.00000e+00          290.60     0.00000e+00
 357 -2.26104212e+03             inf     0.00000e+00          301.18     0.00000e+00
==============================================================================================
Pass              LB             iUB             iHW       F time       B time    Wall time
Sim1000    -2.26104e+03    -3.05700e+03     3.88138e+02         0.00         0.00       326.31
==============================================================================================
