Hydro_R2_AR1_T12_N5_30_I10000_Time100_DW_DUAL_MC_DS_0.0800_cube
Multicut: True
Dynamic Sampling: True
==============================================================================================
Pass              LB             iUB             iHW    Wall time           Other
==============================================================================================
   0 -1.00000858e+08             inf     0.00000e+00            0.02     0.00000e+00
  10 -5.03311020e+03             inf     0.00000e+00            2.34     0.00000e+00
  20 -5.02334667e+03             inf     0.00000e+00            7.41     0.00000e+00
  30 -5.02120217e+03             inf     0.00000e+00           12.63     0.00000e+00
  40 -5.01905156e+03             inf     0.00000e+00           20.19     0.00000e+00
  50 -5.01877462e+03             inf     0.00000e+00           29.50     0.00000e+00
  60 -5.01863995e+03             inf     0.00000e+00           41.67     0.00000e+00
  70 -5.01845735e+03             inf     0.00000e+00           55.66     0.00000e+00
  80 -5.01832269e+03             inf     0.00000e+00           70.43     0.00000e+00
  90 -5.01830028e+03             inf     0.00000e+00           89.09     0.00000e+00
  96 -5.01821324e+03             inf     0.00000e+00          101.24     0.00000e+00
==============================================================================================
Pass              LB             iUB             iHW       F time       B time    Wall time
Sim1000    -5.01821e+03    -1.19103e+03     8.75227e+02         0.00         0.00       223.28
==============================================================================================
