Hydro_R10_AR1_T12_N10_I100ESS_DUAL_MC_DW_0.000000_ES
Multicut: True
Dynamic Sampling: False
==============================================================================================
Pass              LB             iUB             iHW    Wall time           Other
==============================================================================================
   0 -1.00006458e+08             inf     0.00000e+00            0.01     0.00000e+00
  10 -6.29394197e+04             inf     0.00000e+00            1.02     0.00000e+00
  20 -6.24799306e+04             inf     0.00000e+00            2.57     0.00000e+00
  30 -6.23960810e+04             inf     0.00000e+00            4.76     0.00000e+00
  40 -6.23355474e+04             inf     0.00000e+00            7.63     0.00000e+00
  50 -6.23026962e+04             inf     0.00000e+00           11.26     0.00000e+00
  60 -6.22809015e+04             inf     0.00000e+00           15.71     0.00000e+00
  70 -6.22655742e+04             inf     0.00000e+00           21.07     0.00000e+00
  80 -6.22542939e+04             inf     0.00000e+00           27.26     0.00000e+00
  90 -6.22435038e+04             inf     0.00000e+00           33.19     0.00000e+00
 100 -6.22369701e+04             inf     0.00000e+00           40.87     0.00000e+00
==============================================================================================
Pass              LB             iUB             iHW       F time       B time    Wall time
Sim1000    -6.22370e+04    -5.07137e+04     1.67151e+03         0.00         0.00        97.47
==============================================================================================
