Hydro_R2_AR1_T12_N5_15_I10000_Time300_DW_DUAL_MC_DS_0.0005_cvx_hull
Multicut: True
Dynamic Sampling: True
==============================================================================================
Pass              LB             iUB             iHW    Wall time           Other
==============================================================================================
   0 -1.00000858e+08             inf     0.00000e+00            0.01     0.00000e+00
  10 -5.07529886e+03             inf     0.00000e+00            0.71     0.00000e+00
  20 -5.06435205e+03             inf     0.00000e+00            1.87     0.00000e+00
  30 -5.06334211e+03             inf     0.00000e+00            3.46     0.00000e+00
  40 -5.06090130e+03             inf     0.00000e+00            5.41     0.00000e+00
  50 -5.06072739e+03             inf     0.00000e+00            7.73     0.00000e+00
  60 -5.06068605e+03             inf     0.00000e+00           10.31     0.00000e+00
  70 -5.06066865e+03             inf     0.00000e+00           13.36     0.00000e+00
  80 -5.06042631e+03             inf     0.00000e+00           16.70     0.00000e+00
  90 -5.06039811e+03             inf     0.00000e+00           20.53     0.00000e+00
 100 -5.06023609e+03             inf     0.00000e+00           24.76     0.00000e+00
 110 -5.05941731e+03             inf     0.00000e+00           29.44     0.00000e+00
 120 -5.05927363e+03             inf     0.00000e+00           34.64     0.00000e+00
 130 -5.05926048e+03             inf     0.00000e+00           40.59     0.00000e+00
 140 -5.05924571e+03             inf     0.00000e+00           47.19     0.00000e+00
 150 -5.05923880e+03             inf     0.00000e+00           54.28     0.00000e+00
 160 -5.05923366e+03             inf     0.00000e+00           62.00     0.00000e+00
 170 -5.05917091e+03             inf     0.00000e+00           70.22     0.00000e+00
 180 -5.05914656e+03             inf     0.00000e+00           79.12     0.00000e+00
 190 -5.05902464e+03             inf     0.00000e+00           88.44     0.00000e+00
 200 -5.05899132e+03             inf     0.00000e+00           98.45     0.00000e+00
 210 -5.05898619e+03             inf     0.00000e+00          109.20     0.00000e+00
 220 -5.05898411e+03             inf     0.00000e+00          120.63     0.00000e+00
 230 -5.05898173e+03             inf     0.00000e+00          132.85     0.00000e+00
 240 -5.05898076e+03             inf     0.00000e+00          145.71     0.00000e+00
 250 -5.05897971e+03             inf     0.00000e+00          159.14     0.00000e+00
 260 -5.05897603e+03             inf     0.00000e+00          173.38     0.00000e+00
 270 -5.05897281e+03             inf     0.00000e+00          188.30     0.00000e+00
 280 -5.05895442e+03             inf     0.00000e+00          203.84     0.00000e+00
 290 -5.05895319e+03             inf     0.00000e+00          219.86     0.00000e+00
 300 -5.05890852e+03             inf     0.00000e+00          236.63     0.00000e+00
 310 -5.05890476e+03             inf     0.00000e+00          254.15     0.00000e+00
 320 -5.05890328e+03             inf     0.00000e+00          272.24     0.00000e+00
 330 -5.05889801e+03             inf     0.00000e+00          290.79     0.00000e+00
 335 -5.05889727e+03             inf     0.00000e+00          300.42     0.00000e+00
==============================================================================================
Pass              LB             iUB             iHW       F time       B time    Wall time
Sim1000    -5.05890e+03     7.78000e+00     9.39761e+02         0.00         0.00       327.29
==============================================================================================
