Hydro_R2_AR1_T12_N5_30_I10000_Time100_DW_DUAL_MC_DS_0.3000_cvx_hull2
Multicut: True
Dynamic Sampling: True
==============================================================================================
Pass              LB             iUB             iHW    Wall time           Other
==============================================================================================
   0 -1.00000858e+08             inf     0.00000e+00            0.02     0.00000e+00
  10 -4.90680826e+03             inf     0.00000e+00            3.04     0.00000e+00
  20 -4.89939252e+03             inf     0.00000e+00            8.92     0.00000e+00
  30 -4.89868517e+03             inf     0.00000e+00           14.26     0.00000e+00
  40 -4.89815631e+03             inf     0.00000e+00           20.75     0.00000e+00
  50 -4.89802285e+03             inf     0.00000e+00           29.68     0.00000e+00
  60 -4.89796560e+03             inf     0.00000e+00           37.66     0.00000e+00
  70 -4.89793870e+03             inf     0.00000e+00           46.94     0.00000e+00
  80 -4.89764176e+03             inf     0.00000e+00           57.71     0.00000e+00
  90 -4.89761571e+03             inf     0.00000e+00           70.35     0.00000e+00
 100 -4.89751197e+03             inf     0.00000e+00           85.62     0.00000e+00
 109 -4.89666687e+03             inf     0.00000e+00          100.29     0.00000e+00
==============================================================================================
Pass              LB             iUB             iHW       F time       B time    Wall time
Sim1000    -4.89667e+03    -2.77933e+03     8.26014e+02         0.00         0.00       120.46
==============================================================================================
