Hydro_R2_AR1_T12_N5_15_I10000_Time60_DW_DUAL_MC_DS_0.0300_cube
Multicut: True
Dynamic Sampling: True
==============================================================================================
Pass              LB             iUB             iHW    Wall time           Other
==============================================================================================
   0 -1.00000858e+08             inf     0.00000e+00            0.01     0.00000e+00
  10 -5.05927023e+03             inf     0.00000e+00            0.88     0.00000e+00
  20 -5.04959797e+03             inf     0.00000e+00            2.28     0.00000e+00
  30 -5.04764621e+03             inf     0.00000e+00            4.25     0.00000e+00
  40 -5.04512047e+03             inf     0.00000e+00            6.67     0.00000e+00
  50 -5.04483131e+03             inf     0.00000e+00            9.24     0.00000e+00
  60 -5.04471758e+03             inf     0.00000e+00           12.29     0.00000e+00
  70 -5.04462288e+03             inf     0.00000e+00           16.28     0.00000e+00
  80 -5.04441755e+03             inf     0.00000e+00           20.89     0.00000e+00
  90 -5.04438722e+03             inf     0.00000e+00           25.57     0.00000e+00
 100 -5.04421100e+03             inf     0.00000e+00           31.55     0.00000e+00
 110 -5.04366148e+03             inf     0.00000e+00           37.97     0.00000e+00
 120 -5.04359733e+03             inf     0.00000e+00           44.93     0.00000e+00
 130 -5.04358514e+03             inf     0.00000e+00           52.65     0.00000e+00
 139 -5.04357490e+03             inf     0.00000e+00           60.29     0.00000e+00
==============================================================================================
Pass              LB             iUB             iHW       F time       B time    Wall time
Sim1000    -5.04357e+03    -1.19092e+03     8.75226e+02         0.00         0.00        81.45
==============================================================================================
