Hydro_R2_AR1_T12_N5_15_I10000_Time300_DW_DUAL_MC_DS_0.0800_cvx_hull
Multicut: True
Dynamic Sampling: True
==============================================================================================
Pass              LB             iUB             iHW    Wall time           Other
==============================================================================================
   0 -1.00000858e+08             inf     0.00000e+00            0.01     0.00000e+00
  10 -5.03333346e+03             inf     0.00000e+00            0.78     0.00000e+00
  20 -5.02340510e+03             inf     0.00000e+00            2.33     0.00000e+00
  30 -5.02254659e+03             inf     0.00000e+00            4.09     0.00000e+00
  40 -5.02095312e+03             inf     0.00000e+00            6.26     0.00000e+00
  50 -5.02066599e+03             inf     0.00000e+00            9.39     0.00000e+00
  60 -5.02048446e+03             inf     0.00000e+00           13.05     0.00000e+00
  70 -5.02042453e+03             inf     0.00000e+00           16.75     0.00000e+00
  80 -5.02012840e+03             inf     0.00000e+00           20.44     0.00000e+00
  90 -5.02011774e+03             inf     0.00000e+00           25.55     0.00000e+00
 100 -5.02009089e+03             inf     0.00000e+00           35.50     0.00000e+00
 110 -5.01932572e+03             inf     0.00000e+00           45.50     0.00000e+00
 120 -5.01891769e+03             inf     0.00000e+00           52.81     0.00000e+00
 130 -5.01889969e+03             inf     0.00000e+00           60.60     0.00000e+00
 140 -5.01883720e+03             inf     0.00000e+00           67.86     0.00000e+00
 150 -5.01881947e+03             inf     0.00000e+00           75.56     0.00000e+00
 160 -5.01881241e+03             inf     0.00000e+00           84.41     0.00000e+00
 170 -5.01874336e+03             inf     0.00000e+00           93.31     0.00000e+00
 180 -5.01870089e+03             inf     0.00000e+00          102.79     0.00000e+00
 190 -5.01853914e+03             inf     0.00000e+00          113.58     0.00000e+00
 200 -5.01848509e+03             inf     0.00000e+00          123.68     0.00000e+00
 210 -5.01844662e+03             inf     0.00000e+00          135.65     0.00000e+00
 220 -5.01843674e+03             inf     0.00000e+00          147.68     0.00000e+00
 230 -5.01843564e+03             inf     0.00000e+00          160.26     0.00000e+00
 240 -5.01842298e+03             inf     0.00000e+00          174.90     0.00000e+00
 250 -5.01842044e+03             inf     0.00000e+00          188.26     0.00000e+00
 260 -5.01841991e+03             inf     0.00000e+00          202.60     0.00000e+00
 270 -5.01841091e+03             inf     0.00000e+00          216.63     0.00000e+00
 280 -5.01838644e+03             inf     0.00000e+00          234.41     0.00000e+00
 290 -5.01838622e+03             inf     0.00000e+00          250.16     0.00000e+00
 300 -5.01835194e+03             inf     0.00000e+00          266.08     0.00000e+00
 310 -5.01834808e+03             inf     0.00000e+00          287.97     0.00000e+00
 316 -5.01834530e+03             inf     0.00000e+00          301.33     0.00000e+00
==============================================================================================
Pass              LB             iUB             iHW       F time       B time    Wall time
Sim1000    -5.01835e+03    -2.44249e+01     9.39104e+02         0.00         0.00       330.66
==============================================================================================
