Hydro_R2_AR1_T12_N6_36_I10000_Time100_DW_DUAL_MC_DS_80.0000_None
Multicut: True
Dynamic Sampling: True
==============================================================================================
Pass              LB             iUB             iHW    Wall time           Other
==============================================================================================
   0 -1.00000858e+08             inf     0.00000e+00            0.01     0.00000e+00
  10 -1.92784905e+03             inf     0.00000e+00            2.36     0.00000e+00
  20 -1.92784905e+03             inf     0.00000e+00            8.23     0.00000e+00
  30 -1.92784905e+03             inf     0.00000e+00           14.84     0.00000e+00
  40 -1.92784905e+03             inf     0.00000e+00           24.06     0.00000e+00
  50 -1.92784905e+03             inf     0.00000e+00           35.72     0.00000e+00
  60 -1.92784905e+03             inf     0.00000e+00           49.39     0.00000e+00
  70 -1.92784905e+03             inf     0.00000e+00           66.04     0.00000e+00
  80 -1.92784905e+03             inf     0.00000e+00           84.37     0.00000e+00
  87 -1.92784905e+03             inf     0.00000e+00          100.00     0.00000e+00
==============================================================================================
Pass              LB             iUB             iHW       F time       B time    Wall time
Sim1000    -1.92785e+03    -3.31316e+03     3.65187e+02         0.00         0.00       119.71
==============================================================================================
