Hydro_R2_AR1_T12_N5_15_I10000_Time60_DW_DUAL_MC_DS_0.0100_cvx_hull
Multicut: True
Dynamic Sampling: True
==============================================================================================
Pass              LB             iUB             iHW    Wall time           Other
==============================================================================================
   0 -1.00000858e+08             inf     0.00000e+00            0.01     0.00000e+00
  10 -5.07036109e+03             inf     0.00000e+00            0.81     0.00000e+00
  20 -5.05976183e+03             inf     0.00000e+00            2.19     0.00000e+00
  30 -5.05856245e+03             inf     0.00000e+00            4.00     0.00000e+00
  40 -5.05626105e+03             inf     0.00000e+00            6.62     0.00000e+00
  50 -5.05605684e+03             inf     0.00000e+00            9.55     0.00000e+00
  60 -5.05601797e+03             inf     0.00000e+00           13.63     0.00000e+00
  70 -5.05599866e+03             inf     0.00000e+00           17.54     0.00000e+00
  80 -5.05573346e+03             inf     0.00000e+00           21.77     0.00000e+00
  90 -5.05572263e+03             inf     0.00000e+00           27.02     0.00000e+00
 100 -5.05565636e+03             inf     0.00000e+00           32.02     0.00000e+00
 110 -5.05483512e+03             inf     0.00000e+00           37.32     0.00000e+00
 120 -5.05458786e+03             inf     0.00000e+00           43.33     0.00000e+00
 130 -5.05457837e+03             inf     0.00000e+00           51.14     0.00000e+00
 140 -5.05444046e+03             inf     0.00000e+00           59.05     0.00000e+00
 142 -5.05443925e+03             inf     0.00000e+00           60.59     0.00000e+00
==============================================================================================
Pass              LB             iUB             iHW       F time       B time    Wall time
Sim1000    -5.05444e+03    -6.87132e+00     9.39807e+02         0.00         0.00        83.06
==============================================================================================
