Hydro_R10_AR1_T12_N5_5_I10000_Time20_DW_DUAL_MC_DS_0.0200000_None
Multicut: True
Dynamic Sampling: True
==============================================================================================
Pass              LB             iUB             iHW    Wall time           Other
==============================================================================================
   0 -1.00003827e+08             inf     0.00000e+00            0.01     0.00000e+00
  10 -3.51986028e+04             inf     0.00000e+00            0.44     0.00000e+00
  20 -3.51334802e+04             inf     0.00000e+00            1.12     0.00000e+00
  30 -3.51175942e+04             inf     0.00000e+00            1.88     0.00000e+00
  40 -3.51089808e+04             inf     0.00000e+00            2.56     0.00000e+00
  50 -3.51063404e+04             inf     0.00000e+00            3.40     0.00000e+00
  60 -3.51045044e+04             inf     0.00000e+00            4.23     0.00000e+00
  70 -3.51030686e+04             inf     0.00000e+00            5.29     0.00000e+00
  80 -3.51024908e+04             inf     0.00000e+00            6.46     0.00000e+00
  90 -3.51020616e+04             inf     0.00000e+00            7.82     0.00000e+00
 100 -3.51016322e+04             inf     0.00000e+00            9.24     0.00000e+00
 110 -3.51011896e+04             inf     0.00000e+00           10.64     0.00000e+00
 120 -3.51009770e+04             inf     0.00000e+00           12.27     0.00000e+00
 130 -3.51004980e+04             inf     0.00000e+00           14.00     0.00000e+00
 140 -3.51000687e+04             inf     0.00000e+00           15.79     0.00000e+00
 150 -3.50998518e+04             inf     0.00000e+00           17.69     0.00000e+00
 160 -3.50994672e+04             inf     0.00000e+00           19.57     0.00000e+00
 162 -3.50994293e+04             inf     0.00000e+00           20.04     0.00000e+00
Time profiling
           Pass        # LPs        setup      simplex       output   cut update      cut gen        other        total
        Forward         1956         0.38         1.25         0.14         0.01         0.00         0.50         2.27
       Backward         8910         2.07         5.24         8.33         0.03         1.78         0.30        17.76
==============================================================================================
Pass              LB             iUB             iHW       F time       B time    Wall time
Sim500    -3.50994e+04    -3.51462e+04     2.32949e+02         0.00         0.00        33.05
==============================================================================================
Mean:   	 -35146.24
Median: 	 -35089.32
SD:     	   2604.45
20-80: 	( -37299.44,  -32986.58)
10-90: 	( -38376.46,  -31891.43)
05-95: 	( -39473.28,  -30987.48)
