Hydro_R2_AR1_T12_N5_15_I10000_Time60_DW_DUAL_MC_DS_0.0080_None
Multicut: True
Dynamic Sampling: True
==============================================================================================
Pass              LB             iUB             iHW    Wall time           Other
==============================================================================================
   0 -1.00000858e+08             inf     0.00000e+00            0.01     0.00000e+00
  10 -5.06487138e+03             inf     0.00000e+00            0.94     0.00000e+00
  20 -5.05678446e+03             inf     0.00000e+00            2.16     0.00000e+00
  30 -5.05391943e+03             inf     0.00000e+00            4.02     0.00000e+00
  40 -5.05210477e+03             inf     0.00000e+00            6.27     0.00000e+00
  50 -5.05174415e+03             inf     0.00000e+00            8.48     0.00000e+00
  60 -5.05156548e+03             inf     0.00000e+00           10.91     0.00000e+00
  70 -5.05153491e+03             inf     0.00000e+00           13.65     0.00000e+00
  80 -5.05128117e+03             inf     0.00000e+00           16.94     0.00000e+00
  90 -5.05125311e+03             inf     0.00000e+00           21.10     0.00000e+00
 100 -5.05109079e+03             inf     0.00000e+00           24.94     0.00000e+00
 110 -5.05080084e+03             inf     0.00000e+00           29.25     0.00000e+00
 120 -5.05065100e+03             inf     0.00000e+00           34.24     0.00000e+00
 130 -5.05063547e+03             inf     0.00000e+00           41.71     0.00000e+00
 140 -5.05043431e+03             inf     0.00000e+00           48.10     0.00000e+00
 150 -5.05043032e+03             inf     0.00000e+00           54.74     0.00000e+00
 157 -5.05042766e+03             inf     0.00000e+00           60.46     0.00000e+00
==============================================================================================
Pass              LB             iUB             iHW       F time       B time    Wall time
Sim1000    -5.05043e+03    -2.95269e+03     8.23123e+02         0.00         0.00        80.12
==============================================================================================
