Hydro_R2_AR1_T12_N5_15_I10000_Time60_DW_DUAL_MC_DS_0.3000_cvx_hull2
Multicut: True
Dynamic Sampling: True
==============================================================================================
Pass              LB             iUB             iHW    Wall time           Other
==============================================================================================
   0 -1.00000858e+08             inf     0.00000e+00            0.01     0.00000e+00
  10 -4.90097083e+03             inf     0.00000e+00            0.87     0.00000e+00
  20 -4.89273059e+03             inf     0.00000e+00            2.59     0.00000e+00
  30 -4.89152968e+03             inf     0.00000e+00            4.62     0.00000e+00
  40 -4.88830964e+03             inf     0.00000e+00            6.69     0.00000e+00
  50 -4.88771387e+03             inf     0.00000e+00            9.28     0.00000e+00
  60 -4.88732303e+03             inf     0.00000e+00           12.42     0.00000e+00
  70 -4.88695821e+03             inf     0.00000e+00           16.26     0.00000e+00
  80 -4.88668746e+03             inf     0.00000e+00           20.55     0.00000e+00
  90 -4.88656539e+03             inf     0.00000e+00           25.26     0.00000e+00
 100 -4.88646866e+03             inf     0.00000e+00           31.24     0.00000e+00
 110 -4.88612584e+03             inf     0.00000e+00           37.28     0.00000e+00
 120 -4.88609438e+03             inf     0.00000e+00           43.34     0.00000e+00
 130 -4.88605659e+03             inf     0.00000e+00           51.44     0.00000e+00
 140 -4.88602724e+03             inf     0.00000e+00           59.96     0.00000e+00
 141 -4.88602680e+03             inf     0.00000e+00           60.71     0.00000e+00
==============================================================================================
Pass              LB             iUB             iHW       F time       B time    Wall time
Sim1000    -4.88603e+03    -3.27835e+03     7.09809e+02         0.00         0.00        83.47
==============================================================================================
