Hydro_R2_AR1_T12_N5_15_I10000_Time60_DW_DUAL_MC_DS_0.7000_cvx_hull2
Multicut: True
Dynamic Sampling: True
==============================================================================================
Pass              LB             iUB             iHW    Wall time           Other
==============================================================================================
   0 -1.00000858e+08             inf     0.00000e+00            0.01     0.00000e+00
  10 -4.69585553e+03             inf     0.00000e+00            0.99     0.00000e+00
  20 -4.67663573e+03             inf     0.00000e+00            2.54     0.00000e+00
  30 -4.66985951e+03             inf     0.00000e+00            4.74     0.00000e+00
  40 -4.66844813e+03             inf     0.00000e+00            6.92     0.00000e+00
  50 -4.66717872e+03             inf     0.00000e+00            9.50     0.00000e+00
  60 -4.66693941e+03             inf     0.00000e+00           12.54     0.00000e+00
  70 -4.66616455e+03             inf     0.00000e+00           16.19     0.00000e+00
  80 -4.66584881e+03             inf     0.00000e+00           20.26     0.00000e+00
  90 -4.66570499e+03             inf     0.00000e+00           25.54     0.00000e+00
 100 -4.66566183e+03             inf     0.00000e+00           30.46     0.00000e+00
 110 -4.66562644e+03             inf     0.00000e+00           35.50     0.00000e+00
 120 -4.66560166e+03             inf     0.00000e+00           41.39     0.00000e+00
 130 -4.66545722e+03             inf     0.00000e+00           49.20     0.00000e+00
 140 -4.66542599e+03             inf     0.00000e+00           56.12     0.00000e+00
 146 -4.66534955e+03             inf     0.00000e+00           60.41     0.00000e+00
==============================================================================================
Pass              LB             iUB             iHW       F time       B time    Wall time
Sim1000    -4.66535e+03    -4.22692e+03     1.32591e+02         0.00         0.00        84.16
==============================================================================================
