Hydro_R2_AR1_T12_N5_15_I10000_Time60_DW_DUAL_MC_DS_0.0040_cvx_hull2
Multicut: True
Dynamic Sampling: True
==============================================================================================
Pass              LB             iUB             iHW    Wall time           Other
==============================================================================================
   0 -1.00000858e+08             inf     0.00000e+00            0.06     0.00000e+00
  10 -5.07090093e+03             inf     0.00000e+00            1.10     0.00000e+00
  20 -5.06082656e+03             inf     0.00000e+00            3.19     0.00000e+00
  30 -5.05908353e+03             inf     0.00000e+00            5.69     0.00000e+00
  40 -5.05676099e+03             inf     0.00000e+00            8.20     0.00000e+00
  50 -5.05653064e+03             inf     0.00000e+00           11.08     0.00000e+00
  60 -5.05642191e+03             inf     0.00000e+00           14.51     0.00000e+00
  70 -5.05640341e+03             inf     0.00000e+00           18.55     0.00000e+00
  80 -5.05611389e+03             inf     0.00000e+00           24.60     0.00000e+00
  90 -5.05608637e+03             inf     0.00000e+00           30.18     0.00000e+00
 100 -5.05592573e+03             inf     0.00000e+00           35.62     0.00000e+00
 110 -5.05491931e+03             inf     0.00000e+00           41.65     0.00000e+00
 120 -5.05479755e+03             inf     0.00000e+00           50.24     0.00000e+00
 130 -5.05478365e+03             inf     0.00000e+00           58.49     0.00000e+00
 133 -5.05477335e+03             inf     0.00000e+00           60.69     0.00000e+00
==============================================================================================
Pass              LB             iUB             iHW       F time       B time    Wall time
Sim1000    -5.05477e+03    -2.69197e+03     8.27234e+02         0.00         0.00        89.69
==============================================================================================
