Hydro_R2_AR1_T12_N5_30_I10000_Time100_DW_DUAL_MC_DS_0.0000_None
Multicut: True
Dynamic Sampling: True
==============================================================================================
Pass              LB             iUB             iHW    Wall time           Other
==============================================================================================
   0 -1.00000858e+08             inf     0.00000e+00            0.02     0.00000e+00
  10 -5.07641675e+03             inf     0.00000e+00            1.98     0.00000e+00
  20 -5.06567454e+03             inf     0.00000e+00            5.22     0.00000e+00
  30 -5.06313165e+03             inf     0.00000e+00            9.91     0.00000e+00
  40 -5.06084148e+03             inf     0.00000e+00           15.75     0.00000e+00
  50 -5.06062363e+03             inf     0.00000e+00           24.32     0.00000e+00
  60 -5.06051695e+03             inf     0.00000e+00           34.19     0.00000e+00
  70 -5.06049427e+03             inf     0.00000e+00           45.23     0.00000e+00
  80 -5.06025641e+03             inf     0.00000e+00           59.53     0.00000e+00
  90 -5.06022518e+03             inf     0.00000e+00           76.31     0.00000e+00
 100 -5.06006894e+03             inf     0.00000e+00           95.40     0.00000e+00
 103 -5.06006713e+03             inf     0.00000e+00          101.14     0.00000e+00
==============================================================================================
Pass              LB             iUB             iHW       F time       B time    Wall time
Sim1000    -5.06007e+03     2.56901e+00     9.39755e+02         0.00         0.00       141.34
==============================================================================================
