Hydro_R10_AR1_T12_N10_10_I101000_Time300_SP_MC_ES
Multicut: True
Dynamic Sampling: False
==============================================================================================
Pass              LB             iUB             iHW    Wall time           Other
==============================================================================================
   0 -1.00000646e+09             inf     0.00000e+00            0.01     0.00000e+00
  10 -6.00942496e+04             inf     0.00000e+00            1.54     0.00000e+00
  20 -5.98250781e+04             inf     0.00000e+00            3.35     0.00000e+00
  30 -5.97610807e+04             inf     0.00000e+00            5.55     0.00000e+00
  40 -5.97382619e+04             inf     0.00000e+00            8.15     0.00000e+00
  50 -5.97213538e+04             inf     0.00000e+00           11.30     0.00000e+00
  60 -5.97028159e+04             inf     0.00000e+00           14.21     0.00000e+00
  70 -5.96939123e+04             inf     0.00000e+00           17.52     0.00000e+00
  80 -5.96878946e+04             inf     0.00000e+00           21.75     0.00000e+00
  90 -5.96830717e+04             inf     0.00000e+00           26.44     0.00000e+00
 100 -5.96788566e+04             inf     0.00000e+00           31.85     0.00000e+00
 110 -5.96752318e+04             inf     0.00000e+00           36.80     0.00000e+00
 120 -5.96722339e+04             inf     0.00000e+00           43.20     0.00000e+00
 130 -5.96690349e+04             inf     0.00000e+00           50.73     0.00000e+00
 140 -5.96665442e+04             inf     0.00000e+00           58.25     0.00000e+00
 150 -5.96645088e+04             inf     0.00000e+00           65.26     0.00000e+00
 160 -5.96629507e+04             inf     0.00000e+00           71.94     0.00000e+00
 170 -5.96608983e+04             inf     0.00000e+00           79.55     0.00000e+00
 180 -5.96586611e+04             inf     0.00000e+00           88.04     0.00000e+00
 190 -5.96569612e+04             inf     0.00000e+00           97.17     0.00000e+00
 200 -5.96551586e+04             inf     0.00000e+00          105.90     0.00000e+00
 210 -5.96537654e+04             inf     0.00000e+00          114.74     0.00000e+00
 220 -5.96524914e+04             inf     0.00000e+00          124.66     0.00000e+00
 230 -5.96512704e+04             inf     0.00000e+00          134.81     0.00000e+00
 240 -5.96502357e+04             inf     0.00000e+00          144.67     0.00000e+00
 250 -5.96492171e+04             inf     0.00000e+00          156.97     0.00000e+00
 260 -5.96481953e+04             inf     0.00000e+00          167.89     0.00000e+00
 270 -5.96475012e+04             inf     0.00000e+00          179.96     0.00000e+00
 280 -5.96467580e+04             inf     0.00000e+00          192.53     0.00000e+00
 290 -5.96461661e+04             inf     0.00000e+00          204.96     0.00000e+00
 300 -5.96453283e+04             inf     0.00000e+00          217.86     0.00000e+00
 310 -5.96448313e+04             inf     0.00000e+00          232.02     0.00000e+00
 320 -5.96441237e+04             inf     0.00000e+00          245.11     0.00000e+00
 330 -5.96436811e+04             inf     0.00000e+00          258.30     0.00000e+00
 340 -5.96429528e+04             inf     0.00000e+00          272.23     0.00000e+00
 350 -5.96423011e+04             inf     0.00000e+00          286.17     0.00000e+00
 360 -5.96417621e+04             inf     0.00000e+00          300.10     0.00000e+00
==============================================================================================
Pass              LB             iUB             iHW       F time       B time    Wall time
Sim1000    -5.96418e+04    -5.21172e+04     2.15597e+03         0.00         0.00       370.73
==============================================================================================
