Hydro_R2_AR1_T12_N5_15_I10000_Time60_DW_DUAL_MC_DS_0.0070_cvx_hull2
Multicut: True
Dynamic Sampling: True
==============================================================================================
Pass              LB             iUB             iHW    Wall time           Other
==============================================================================================
   0 -1.00000858e+08             inf     0.00000e+00            0.04     0.00000e+00
  10 -5.06928995e+03             inf     0.00000e+00            1.01     0.00000e+00
  20 -5.05921225e+03             inf     0.00000e+00            2.78     0.00000e+00
  30 -5.05747493e+03             inf     0.00000e+00            5.41     0.00000e+00
  40 -5.05515368e+03             inf     0.00000e+00            8.19     0.00000e+00
  50 -5.05492379e+03             inf     0.00000e+00           11.61     0.00000e+00
  60 -5.05481533e+03             inf     0.00000e+00           15.67     0.00000e+00
  70 -5.05479672e+03             inf     0.00000e+00           19.67     0.00000e+00
  80 -5.05450787e+03             inf     0.00000e+00           24.29     0.00000e+00
  90 -5.05448015e+03             inf     0.00000e+00           29.77     0.00000e+00
 100 -5.05431924e+03             inf     0.00000e+00           36.26     0.00000e+00
 110 -5.05331642e+03             inf     0.00000e+00           44.35     0.00000e+00
 120 -5.05319510e+03             inf     0.00000e+00           52.56     0.00000e+00
 128 -5.05318126e+03             inf     0.00000e+00           60.31     0.00000e+00
==============================================================================================
Pass              LB             iUB             iHW       F time       B time    Wall time
Sim1000    -5.05318e+03    -2.69224e+03     8.27228e+02         0.00         0.00       107.29
==============================================================================================
