Hydro_R2_AR1_T12_N5_15_I10000_Time60_DW_DUAL_MC_DS_5.0000_None
Multicut: True
Dynamic Sampling: True
==============================================================================================
Pass              LB             iUB             iHW    Wall time           Other
==============================================================================================
   0 -1.00000858e+08             inf     0.00000e+00            0.01     0.00000e+00
  10 -2.50611704e+03             inf     0.00000e+00            0.74     0.00000e+00
  20 -2.50507369e+03             inf     0.00000e+00            1.75     0.00000e+00
  30 -2.50504930e+03             inf     0.00000e+00            3.05     0.00000e+00
  40 -2.50499445e+03             inf     0.00000e+00            4.72     0.00000e+00
  50 -2.50488722e+03             inf     0.00000e+00            6.82     0.00000e+00
  60 -2.50487554e+03             inf     0.00000e+00            9.24     0.00000e+00
  70 -2.50487001e+03             inf     0.00000e+00           12.06     0.00000e+00
  80 -2.50486764e+03             inf     0.00000e+00           15.01     0.00000e+00
  90 -2.50486635e+03             inf     0.00000e+00           19.74     0.00000e+00
 100 -2.50486552e+03             inf     0.00000e+00           23.78     0.00000e+00
 110 -2.50486510e+03             inf     0.00000e+00           27.57     0.00000e+00
 120 -2.50486416e+03             inf     0.00000e+00           31.68     0.00000e+00
 130 -2.50486271e+03             inf     0.00000e+00           36.18     0.00000e+00
 140 -2.50486161e+03             inf     0.00000e+00           40.79     0.00000e+00
 150 -2.50486138e+03             inf     0.00000e+00           45.89     0.00000e+00
 160 -2.50486122e+03             inf     0.00000e+00           51.34     0.00000e+00
 170 -2.50486113e+03             inf     0.00000e+00           57.18     0.00000e+00
 175 -2.50486113e+03             inf     0.00000e+00           60.23     0.00000e+00
==============================================================================================
Pass              LB             iUB             iHW       F time       B time    Wall time
Sim1000    -2.50486e+03    -4.39384e+03     6.63326e+01         0.00         0.00        77.53
==============================================================================================
