Hydro_R2_AR1_T12_N5_15_I10000_Time60_DW_DUAL_MC_DS_0.0008_cvx_hull2
Multicut: True
Dynamic Sampling: True
==============================================================================================
Pass              LB             iUB             iHW    Wall time           Other
==============================================================================================
   0 -1.00000858e+08             inf     0.00000e+00            0.01     0.00000e+00
  10 -5.07201444e+03             inf     0.00000e+00            0.87     0.00000e+00
  20 -5.06094902e+03             inf     0.00000e+00            2.72     0.00000e+00
  30 -5.05984293e+03             inf     0.00000e+00            5.26     0.00000e+00
  40 -5.05625244e+03             inf     0.00000e+00            7.37     0.00000e+00
  50 -5.05531944e+03             inf     0.00000e+00           10.38     0.00000e+00
  60 -5.05498500e+03             inf     0.00000e+00           14.34     0.00000e+00
  70 -5.05440854e+03             inf     0.00000e+00           19.00     0.00000e+00
  80 -5.05424396e+03             inf     0.00000e+00           23.26     0.00000e+00
  90 -5.05416140e+03             inf     0.00000e+00           28.76     0.00000e+00
 100 -5.05409122e+03             inf     0.00000e+00           34.39     0.00000e+00
 110 -5.05378843e+03             inf     0.00000e+00           39.90     0.00000e+00
 120 -5.05374926e+03             inf     0.00000e+00           45.71     0.00000e+00
 130 -5.05368286e+03             inf     0.00000e+00           53.98     0.00000e+00
 138 -5.05367752e+03             inf     0.00000e+00           60.42     0.00000e+00
==============================================================================================
Pass              LB             iUB             iHW       F time       B time    Wall time
Sim1000    -5.05368e+03    -2.86878e+03     7.16380e+02         0.00         0.00        84.91
==============================================================================================
