Hydro_R10_AR1_T24_N5_10_I101000_Time50_DW_DUAL_MC_DS_0.0000_None
Multicut: True
Dynamic Sampling: True
==============================================================================================
Pass              LB             iUB             iHW    Wall time           Other
==============================================================================================
   0 -1.00006458e+08             inf     0.00000e+00            0.03     0.00000e+00
  10 -9.30603588e+04             inf     0.00000e+00            1.76     0.00000e+00
  20 -9.22450101e+04             inf     0.00000e+00            4.13     0.00000e+00
  30 -9.21164355e+04             inf     0.00000e+00            6.97     0.00000e+00
  40 -9.20747035e+04             inf     0.00000e+00           10.58     0.00000e+00
  50 -9.20511567e+04             inf     0.00000e+00           15.17     0.00000e+00
  60 -9.20288806e+04             inf     0.00000e+00           20.32     0.00000e+00
  70 -9.20199487e+04             inf     0.00000e+00           25.82     0.00000e+00
  80 -9.20077817e+04             inf     0.00000e+00           32.37     0.00000e+00
  90 -9.20008262e+04             inf     0.00000e+00           39.62     0.00000e+00
 100 -9.19933024e+04             inf     0.00000e+00           47.78     0.00000e+00
 103 -9.19912109e+04             inf     0.00000e+00           50.38     0.00000e+00
==============================================================================================
Pass              LB             iUB             iHW       F time       B time    Wall time
Sim1000    -9.19912e+04    -1.04531e+05     8.88009e+02         0.00         0.00       111.50
==============================================================================================
