Hydro_R10_AR1_T12_N30_30_I101000_Time10_DW_DUAL_MC_ES_5000.0000000_None
Multicut: True
Dynamic Sampling: False
==============================================================================================
Pass              LB             iUB             iHW    Wall time           Other
==============================================================================================
   0 -1.00004104e+08             inf     0.00000e+00            0.02     0.00000e+00
  10  9.57638068e+04             inf     0.00000e+00            3.80     0.00000e+00
  20  9.58009650e+04             inf     0.00000e+00            9.36     0.00000e+00
  22  9.58009650e+04             inf     0.00000e+00           10.63     0.00000e+00
Time profiling
           Pass        # LPs        setup      simplex       output   cut update      cut gen        other        total
        Forward          276         0.04         0.26         0.02         0.00         0.00         0.02         0.34
       Backward         7260         1.20         4.32         3.80         0.02         0.84         0.11        10.29
==============================================================================================
Pass              LB             iUB             iHW       F time       B time    Wall time
Sim10     9.58010e+04    -5.40267e+04     6.58099e+03         0.00         0.00        10.99
==============================================================================================
Mean:   	 -54026.72
Median: 	 -55984.96
SD:     	  10405.45
20-80: 	( -62000.51,  -48302.55)
10-90: 	( -65844.14,  -37565.89)
05-95: 	( -66858.21,  -35920.04)
