Hydro_R2_AR1_T12_N5_15_I10000_Time60_DW_DUAL_MC_DS_0.0800_cvx_hull2
Multicut: True
Dynamic Sampling: True
==============================================================================================
Pass              LB             iUB             iHW    Wall time           Other
==============================================================================================
   0 -1.00000858e+08             inf     0.00000e+00            0.02     0.00000e+00
  10 -5.03004846e+03             inf     0.00000e+00            1.23     0.00000e+00
  20 -5.01960077e+03             inf     0.00000e+00            2.98     0.00000e+00
  30 -5.01808363e+03             inf     0.00000e+00            5.20     0.00000e+00
  40 -5.01594302e+03             inf     0.00000e+00            8.12     0.00000e+00
  50 -5.01578216e+03             inf     0.00000e+00           11.53     0.00000e+00
  60 -5.01562318e+03             inf     0.00000e+00           16.24     0.00000e+00
  70 -5.01560395e+03             inf     0.00000e+00           21.17     0.00000e+00
  80 -5.01530500e+03             inf     0.00000e+00           27.17     0.00000e+00
  90 -5.01528131e+03             inf     0.00000e+00           33.74     0.00000e+00
 100 -5.01515320e+03             inf     0.00000e+00           40.28     0.00000e+00
 110 -5.01427792e+03             inf     0.00000e+00           47.55     0.00000e+00
 120 -5.01416327e+03             inf     0.00000e+00           55.14     0.00000e+00
 126 -5.01415845e+03             inf     0.00000e+00           60.43     0.00000e+00
==============================================================================================
Pass              LB             iUB             iHW       F time       B time    Wall time
Sim1000    -5.01416e+03    -2.69278e+03     8.27218e+02         0.00         0.00        88.29
==============================================================================================
