Hydro_R2_AR1_T12_N5_15_I10000_Time60_DW_DUAL_MC_DS_0.0300_cvx_hull2
Multicut: True
Dynamic Sampling: True
==============================================================================================
Pass              LB             iUB             iHW    Wall time           Other
==============================================================================================
   0 -1.00000858e+08             inf     0.00000e+00            0.02     0.00000e+00
  10 -5.05690196e+03             inf     0.00000e+00            1.30     0.00000e+00
  20 -5.04679234e+03             inf     0.00000e+00            3.35     0.00000e+00
  30 -5.04522488e+03             inf     0.00000e+00            6.28     0.00000e+00
  40 -5.04280795e+03             inf     0.00000e+00           10.06     0.00000e+00
  50 -5.04263957e+03             inf     0.00000e+00           14.72     0.00000e+00
  60 -5.04248815e+03             inf     0.00000e+00           21.97     0.00000e+00
  70 -5.04246867e+03             inf     0.00000e+00           30.08     0.00000e+00
  80 -5.04219384e+03             inf     0.00000e+00           37.54     0.00000e+00
  90 -5.04216729e+03             inf     0.00000e+00           45.19     0.00000e+00
 100 -5.04200781e+03             inf     0.00000e+00           53.49     0.00000e+00
 109 -5.04109629e+03             inf     0.00000e+00           60.31     0.00000e+00
==============================================================================================
Pass              LB             iUB             iHW       F time       B time    Wall time
Sim1000    -5.04110e+03    -2.69276e+03     8.27217e+02         0.00         0.00        87.51
==============================================================================================
