Hydro_R2_AR1_T12_N5_30_I10000_Time100_DW_DUAL_MC_DS_0.0030_None
Multicut: True
Dynamic Sampling: True
==============================================================================================
Pass              LB             iUB             iHW    Wall time           Other
==============================================================================================
   0 -1.00000858e+08             inf     0.00000e+00            0.01     0.00000e+00
  10 -5.06888751e+03             inf     0.00000e+00            2.27     0.00000e+00
  20 -5.05938218e+03             inf     0.00000e+00            6.29     0.00000e+00
  30 -5.05695088e+03             inf     0.00000e+00           11.30     0.00000e+00
  40 -5.05492367e+03             inf     0.00000e+00           18.60     0.00000e+00
  50 -5.05462278e+03             inf     0.00000e+00           26.62     0.00000e+00
  60 -5.05444429e+03             inf     0.00000e+00           36.89     0.00000e+00
  70 -5.05442457e+03             inf     0.00000e+00           47.46     0.00000e+00
  80 -5.05414075e+03             inf     0.00000e+00           59.80     0.00000e+00
  90 -5.05410866e+03             inf     0.00000e+00           74.98     0.00000e+00
 100 -5.05395917e+03             inf     0.00000e+00           91.27     0.00000e+00
 105 -5.05338253e+03             inf     0.00000e+00          100.15     0.00000e+00
==============================================================================================
Pass              LB             iUB             iHW       F time       B time    Wall time
Sim1000    -5.05338e+03    -3.01578e+03     8.23039e+02         0.00         0.00       121.62
==============================================================================================
