Hydro_R2_AR1_T12_N5_15_I10000_Time300_DW_DUAL_MC_DS_0.0500_cube
Multicut: True
Dynamic Sampling: True
==============================================================================================
Pass              LB             iUB             iHW    Wall time           Other
==============================================================================================
   0 -1.00000858e+08             inf     0.00000e+00            0.01     0.00000e+00
  10 -5.04878766e+03             inf     0.00000e+00            0.88     0.00000e+00
  20 -5.03912502e+03             inf     0.00000e+00            2.38     0.00000e+00
  30 -5.03725665e+03             inf     0.00000e+00            4.28     0.00000e+00
  40 -5.03487676e+03             inf     0.00000e+00            6.67     0.00000e+00
  50 -5.03460213e+03             inf     0.00000e+00            9.57     0.00000e+00
  60 -5.03448509e+03             inf     0.00000e+00           12.96     0.00000e+00
  70 -5.03439265e+03             inf     0.00000e+00           16.76     0.00000e+00
  80 -5.03416893e+03             inf     0.00000e+00           20.92     0.00000e+00
  90 -5.03411361e+03             inf     0.00000e+00           25.76     0.00000e+00
 100 -5.03396237e+03             inf     0.00000e+00           31.13     0.00000e+00
 110 -5.03297826e+03             inf     0.00000e+00           37.01     0.00000e+00
 120 -5.03292674e+03             inf     0.00000e+00           43.60     0.00000e+00
 130 -5.03291376e+03             inf     0.00000e+00           50.74     0.00000e+00
 140 -5.03290123e+03             inf     0.00000e+00           58.45     0.00000e+00
 150 -5.03287135e+03             inf     0.00000e+00           66.75     0.00000e+00
 160 -5.03286803e+03             inf     0.00000e+00           75.67     0.00000e+00
 170 -5.03279179e+03             inf     0.00000e+00           85.79     0.00000e+00
 180 -5.03272285e+03             inf     0.00000e+00           97.98     0.00000e+00
 190 -5.03259997e+03             inf     0.00000e+00          110.91     0.00000e+00
 200 -5.03255458e+03             inf     0.00000e+00          122.79     0.00000e+00
 210 -5.03254972e+03             inf     0.00000e+00          134.53     0.00000e+00
 220 -5.03254872e+03             inf     0.00000e+00          147.03     0.00000e+00
 230 -5.03254715e+03             inf     0.00000e+00          160.31     0.00000e+00
 240 -5.03254548e+03             inf     0.00000e+00          174.89     0.00000e+00
 250 -5.03254450e+03             inf     0.00000e+00          189.05     0.00000e+00
 260 -5.03254097e+03             inf     0.00000e+00          204.07     0.00000e+00
 270 -5.03253928e+03             inf     0.00000e+00          221.97     0.00000e+00
 280 -5.03250587e+03             inf     0.00000e+00          239.98     0.00000e+00
 290 -5.03250527e+03             inf     0.00000e+00          256.39     0.00000e+00
 300 -5.03240441e+03             inf     0.00000e+00          273.91     0.00000e+00
 310 -5.03239469e+03             inf     0.00000e+00          293.87     0.00000e+00
 314 -5.03239463e+03             inf     0.00000e+00          302.19     0.00000e+00
==============================================================================================
Pass              LB             iUB             iHW       F time       B time    Wall time
Sim1000    -5.03239e+03    -1.18762e+03     8.75148e+02         0.00         0.00       331.41
==============================================================================================
