Hydro_R2_AR1_T12_N5_15_I10000_Time60_DW_DUAL_MC_DS_8.0000_cvx_hull
Multicut: True
Dynamic Sampling: True
==============================================================================================
Pass              LB             iUB             iHW    Wall time           Other
==============================================================================================
   0 -1.00000858e+08             inf     0.00000e+00            0.01     0.00000e+00
  10 -3.29336880e+03             inf     0.00000e+00            0.63     0.00000e+00
  20 -3.29336880e+03             inf     0.00000e+00            1.69     0.00000e+00
  30 -3.29336880e+03             inf     0.00000e+00            3.07     0.00000e+00
  40 -3.29336880e+03             inf     0.00000e+00            4.78     0.00000e+00
  50 -3.29336880e+03             inf     0.00000e+00            6.79     0.00000e+00
  60 -3.29336880e+03             inf     0.00000e+00            9.22     0.00000e+00
  70 -3.29336880e+03             inf     0.00000e+00           11.78     0.00000e+00
  80 -3.29336880e+03             inf     0.00000e+00           14.64     0.00000e+00
  90 -3.29336880e+03             inf     0.00000e+00           17.97     0.00000e+00
 100 -3.29336880e+03             inf     0.00000e+00           21.65     0.00000e+00
 110 -3.29336880e+03             inf     0.00000e+00           25.73     0.00000e+00
 120 -3.29336880e+03             inf     0.00000e+00           30.28     0.00000e+00
 130 -3.29336880e+03             inf     0.00000e+00           35.37     0.00000e+00
 140 -3.29336880e+03             inf     0.00000e+00           41.02     0.00000e+00
 150 -3.29336880e+03             inf     0.00000e+00           47.22     0.00000e+00
 160 -3.29336880e+03             inf     0.00000e+00           53.87     0.00000e+00
 169 -3.29336880e+03             inf     0.00000e+00           60.07     0.00000e+00
==============================================================================================
Pass              LB             iUB             iHW       F time       B time    Wall time
Sim1000    -3.29337e+03     3.38105e+02     9.87737e+02         0.00         0.00        77.81
==============================================================================================
