Hydro_R2_AR1_T12_N5_15_I10000_Time60_DW_DUAL_MC_DS_0.0030_cvx_hull2
Multicut: True
Dynamic Sampling: True
==============================================================================================
Pass              LB             iUB             iHW    Wall time           Other
==============================================================================================
   0 -1.00000858e+08             inf     0.00000e+00            0.01     0.00000e+00
  10 -5.07143796e+03             inf     0.00000e+00            1.09     0.00000e+00
  20 -5.06136469e+03             inf     0.00000e+00            2.83     0.00000e+00
  30 -5.05961976e+03             inf     0.00000e+00            5.28     0.00000e+00
  40 -5.05729678e+03             inf     0.00000e+00            7.93     0.00000e+00
  50 -5.05706628e+03             inf     0.00000e+00           10.86     0.00000e+00
  60 -5.05695747e+03             inf     0.00000e+00           14.29     0.00000e+00
  70 -5.05693899e+03             inf     0.00000e+00           18.22     0.00000e+00
  80 -5.05665046e+03             inf     0.00000e+00           23.64     0.00000e+00
  90 -5.05662184e+03             inf     0.00000e+00           30.78     0.00000e+00
 100 -5.05646126e+03             inf     0.00000e+00           38.59     0.00000e+00
 110 -5.05545368e+03             inf     0.00000e+00           45.93     0.00000e+00
 120 -5.05533178e+03             inf     0.00000e+00           57.18     0.00000e+00
 123 -5.05532748e+03             inf     0.00000e+00           61.14     0.00000e+00
==============================================================================================
Pass              LB             iUB             iHW       F time       B time    Wall time
Sim1000    -5.05533e+03    -2.69193e+03     8.27235e+02         0.00         0.00        93.38
==============================================================================================
