Hydro_R10_AR1_T12_N5_5_I10000_Time20_SP_MC_ES
Multicut: True
Dynamic Sampling: False
==============================================================================================
Pass              LB             iUB             iHW    Wall time           Other
==============================================================================================
   0 -5.00003692e+08             inf     0.00000e+00            0.02     0.00000e+00
  10  9.87416861e+03             inf     0.00000e+00            1.14     0.00000e+00
  20  9.98347644e+03             inf     0.00000e+00            2.50     0.00000e+00
  30  1.00342711e+04             inf     0.00000e+00            3.56     0.00000e+00
  40  1.00501942e+04             inf     0.00000e+00            4.48     0.00000e+00
  50  1.00553239e+04             inf     0.00000e+00            5.98     0.00000e+00
  60  1.00594742e+04             inf     0.00000e+00            7.37     0.00000e+00
  70  1.00607802e+04             inf     0.00000e+00            8.60     0.00000e+00
  80  1.00616523e+04             inf     0.00000e+00            9.86     0.00000e+00
  90  1.00625093e+04             inf     0.00000e+00           11.30     0.00000e+00
 100  1.00629132e+04             inf     0.00000e+00           12.81     0.00000e+00
 110  1.00636179e+04             inf     0.00000e+00           14.56     0.00000e+00
 120  1.00639657e+04             inf     0.00000e+00           16.28     0.00000e+00
 130  1.00641984e+04             inf     0.00000e+00           18.15     0.00000e+00
 140  1.00644583e+04             inf     0.00000e+00           19.98     0.00000e+00
 141  1.00644593e+04             inf     0.00000e+00           20.17     0.00000e+00
Time profiling
           Pass        # LPs        setup      simplex       output   cut update      cut gen        other        total
        Forward         1704         0.34         1.00         0.12         0.01         0.00         0.17         1.65
       Backward         7755         1.75         4.38         5.85         0.03         6.30         0.21        18.52
==============================================================================================
Pass              LB             iUB             iHW       F time       B time    Wall time
Sim500     1.00645e+04     6.27551e+03     5.62698e+02         0.00         0.00        33.54
==============================================================================================
Mean:   	   6275.51
Median: 	   5514.38
SD:     	   6291.16
20-80: 	(    541.56,   11661.10)
10-90: 	(  -1226.97,   14769.22)
05-95: 	(  -2608.73,   17399.29)
