Hydro_R2_AR1_T12_N5_15_I10000_Time60_DW_DUAL_MC_DS_0.1000_cvx_hull2
Multicut: True
Dynamic Sampling: True
==============================================================================================
Pass              LB             iUB             iHW    Wall time           Other
==============================================================================================
   0 -1.00000858e+08             inf     0.00000e+00            0.02     0.00000e+00
  10 -5.01205294e+03             inf     0.00000e+00            0.86     0.00000e+00
  20 -5.00390222e+03             inf     0.00000e+00            2.28     0.00000e+00
  30 -5.00271082e+03             inf     0.00000e+00            4.20     0.00000e+00
  40 -5.00015905e+03             inf     0.00000e+00            6.52     0.00000e+00
  50 -4.99954285e+03             inf     0.00000e+00            9.12     0.00000e+00
  60 -4.99917409e+03             inf     0.00000e+00           12.27     0.00000e+00
  70 -4.99861680e+03             inf     0.00000e+00           15.76     0.00000e+00
  80 -4.99833545e+03             inf     0.00000e+00           20.23     0.00000e+00
  90 -4.99823114e+03             inf     0.00000e+00           24.71     0.00000e+00
 100 -4.99812569e+03             inf     0.00000e+00           29.92     0.00000e+00
 110 -4.99764611e+03             inf     0.00000e+00           35.86     0.00000e+00
 120 -4.99761292e+03             inf     0.00000e+00           45.63     0.00000e+00
 130 -4.99757951e+03             inf     0.00000e+00           52.96     0.00000e+00
 140 -4.99756503e+03             inf     0.00000e+00           59.95     0.00000e+00
 141 -4.99756486e+03             inf     0.00000e+00           60.70     0.00000e+00
==============================================================================================
Pass              LB             iUB             iHW       F time       B time    Wall time
Sim1000    -4.99756e+03    -3.27829e+03     7.09814e+02         0.00         0.00        81.94
==============================================================================================
