Hydro_R2_AR1_T12_N5_15_I10000_Time60_DW_DUAL_MC_DS_60.0000_cvx_hull2
Multicut: True
Dynamic Sampling: True
==============================================================================================
Pass              LB             iUB             iHW    Wall time           Other
==============================================================================================
   0 -1.00000858e+08             inf     0.00000e+00            0.03     0.00000e+00
  10 -2.33366191e+03             inf     0.00000e+00            1.16     0.00000e+00
  20 -2.33366191e+03             inf     0.00000e+00            2.73     0.00000e+00
  30 -2.33366191e+03             inf     0.00000e+00            4.58     0.00000e+00
  40 -2.33366191e+03             inf     0.00000e+00            6.90     0.00000e+00
  50 -2.33366191e+03             inf     0.00000e+00            9.80     0.00000e+00
  60 -2.33366191e+03             inf     0.00000e+00           13.42     0.00000e+00
  70 -2.33366191e+03             inf     0.00000e+00           18.43     0.00000e+00
  80 -2.33366191e+03             inf     0.00000e+00           24.02     0.00000e+00
  90 -2.33366191e+03             inf     0.00000e+00           29.50     0.00000e+00
 100 -2.33366191e+03             inf     0.00000e+00           36.15     0.00000e+00
 110 -2.33366191e+03             inf     0.00000e+00           45.39     0.00000e+00
 120 -2.33366191e+03             inf     0.00000e+00           53.05     0.00000e+00
 127 -2.33366191e+03             inf     0.00000e+00           60.83     0.00000e+00
==============================================================================================
Pass              LB             iUB             iHW       F time       B time    Wall time
Sim1000    -2.33366e+03    -2.59007e+03     8.29260e+02         0.00         0.00        89.94
==============================================================================================
