Hydro_R2_AR1_T12_N5_30_I10000_Time100_DW_DUAL_MC_DS_0.0100_None
Multicut: True
Dynamic Sampling: True
==============================================================================================
Pass              LB             iUB             iHW    Wall time           Other
==============================================================================================
   0 -1.00000858e+08             inf     0.00000e+00            0.01     0.00000e+00
  10 -5.06510645e+03             inf     0.00000e+00            1.92     0.00000e+00
  20 -5.05560577e+03             inf     0.00000e+00            5.39     0.00000e+00
  30 -5.05318127e+03             inf     0.00000e+00           10.72     0.00000e+00
  40 -5.05116753e+03             inf     0.00000e+00           16.08     0.00000e+00
  50 -5.05086899e+03             inf     0.00000e+00           23.26     0.00000e+00
  60 -5.05069219e+03             inf     0.00000e+00           31.35     0.00000e+00
  70 -5.05067164e+03             inf     0.00000e+00           41.14     0.00000e+00
  80 -5.05038913e+03             inf     0.00000e+00           52.88     0.00000e+00
  90 -5.05035310e+03             inf     0.00000e+00           66.00     0.00000e+00
 100 -5.05020167e+03             inf     0.00000e+00           80.46     0.00000e+00
 110 -5.04934521e+03             inf     0.00000e+00           96.85     0.00000e+00
 112 -5.04934303e+03             inf     0.00000e+00          100.46     0.00000e+00
==============================================================================================
Pass              LB             iUB             iHW       F time       B time    Wall time
Sim1000    -5.04934e+03    -3.01597e+03     8.23039e+02         0.00         0.00       122.25
==============================================================================================
