Hydro_R2_AR1_T12_N5_15_I10000_Time60_DW_DUAL_MC_DS_20.0000_cvx_hull2
Multicut: True
Dynamic Sampling: True
==============================================================================================
Pass              LB             iUB             iHW    Wall time           Other
==============================================================================================
   0 -1.00000858e+08             inf     0.00000e+00            0.01     0.00000e+00
  10 -2.33366191e+03             inf     0.00000e+00            1.06     0.00000e+00
  20 -2.33366191e+03             inf     0.00000e+00            2.71     0.00000e+00
  30 -2.33366191e+03             inf     0.00000e+00            4.74     0.00000e+00
  40 -2.33366191e+03             inf     0.00000e+00            7.28     0.00000e+00
  50 -2.33366191e+03             inf     0.00000e+00           10.30     0.00000e+00
  60 -2.33366191e+03             inf     0.00000e+00           13.18     0.00000e+00
  70 -2.33366191e+03             inf     0.00000e+00           16.52     0.00000e+00
  80 -2.33366191e+03             inf     0.00000e+00           20.40     0.00000e+00
  90 -2.33366191e+03             inf     0.00000e+00           25.31     0.00000e+00
 100 -2.33366191e+03             inf     0.00000e+00           30.33     0.00000e+00
 110 -2.33366191e+03             inf     0.00000e+00           36.67     0.00000e+00
 120 -2.33366191e+03             inf     0.00000e+00           42.69     0.00000e+00
 130 -2.33366191e+03             inf     0.00000e+00           49.25     0.00000e+00
 140 -2.33366191e+03             inf     0.00000e+00           57.14     0.00000e+00
 145 -2.33366191e+03             inf     0.00000e+00           60.52     0.00000e+00
==============================================================================================
Pass              LB             iUB             iHW       F time       B time    Wall time
Sim1000    -2.33366e+03    -2.59007e+03     8.29260e+02         0.00         0.00        83.97
==============================================================================================
