Hydro_R2_AR1_T12_N5_15_I10000_Time60_DW_DUAL_MC_DS_0.5000_cvx_hull2
Multicut: True
Dynamic Sampling: True
==============================================================================================
Pass              LB             iUB             iHW    Wall time           Other
==============================================================================================
   0 -1.00000858e+08             inf     0.00000e+00            0.01     0.00000e+00
  10 -4.79155481e+03             inf     0.00000e+00            0.80     0.00000e+00
  20 -4.78592678e+03             inf     0.00000e+00            2.12     0.00000e+00
  30 -4.78507414e+03             inf     0.00000e+00            3.98     0.00000e+00
  40 -4.78139844e+03             inf     0.00000e+00            6.23     0.00000e+00
  50 -4.78020379e+03             inf     0.00000e+00            8.94     0.00000e+00
  60 -4.77959472e+03             inf     0.00000e+00           12.29     0.00000e+00
  70 -4.77861797e+03             inf     0.00000e+00           16.05     0.00000e+00
  80 -4.77747536e+03             inf     0.00000e+00           20.13     0.00000e+00
  90 -4.77637788e+03             inf     0.00000e+00           24.72     0.00000e+00
 100 -4.77633482e+03             inf     0.00000e+00           30.36     0.00000e+00
 110 -4.77625085e+03             inf     0.00000e+00           37.20     0.00000e+00
 120 -4.77602548e+03             inf     0.00000e+00           43.90     0.00000e+00
 130 -4.77589918e+03             inf     0.00000e+00           50.80     0.00000e+00
 140 -4.77583065e+03             inf     0.00000e+00           59.54     0.00000e+00
 141 -4.77582933e+03             inf     0.00000e+00           60.40     0.00000e+00
==============================================================================================
Pass              LB             iUB             iHW       F time       B time    Wall time
Sim1000    -4.77583e+03    -3.27961e+03     7.09756e+02         0.00         0.00        86.75
==============================================================================================
