Hydro_R10_AR1_T12_N10_10_I101000_Time20_DW_DUAL_MC_ES_10.0000000_None
Multicut: True
Dynamic Sampling: False
==============================================================================================
Pass              LB             iUB             iHW    Wall time           Other
==============================================================================================
   0 -1.00004104e+08             inf     0.00000e+00            0.01     0.00000e+00
  10 -3.44387897e+04             inf     0.00000e+00            0.77     0.00000e+00
  20 -3.28452208e+04             inf     0.00000e+00            1.67     0.00000e+00
  30 -3.27641018e+04             inf     0.00000e+00            2.82     0.00000e+00
  40 -3.27513121e+04             inf     0.00000e+00            4.04     0.00000e+00
  50 -3.27423016e+04             inf     0.00000e+00            5.74     0.00000e+00
  60 -3.27393480e+04             inf     0.00000e+00            7.35     0.00000e+00
  70 -3.27272523e+04             inf     0.00000e+00            9.07     0.00000e+00
  80 -3.27254798e+04             inf     0.00000e+00           11.03     0.00000e+00
  90 -3.27240534e+04             inf     0.00000e+00           13.04     0.00000e+00
 100 -3.27196872e+04             inf     0.00000e+00           15.15     0.00000e+00
 110 -3.27157708e+04             inf     0.00000e+00           17.43     0.00000e+00
 120 -3.26998938e+04             inf     0.00000e+00           19.83     0.00000e+00
 121 -3.26998938e+04             inf     0.00000e+00           20.10     0.00000e+00
Time profiling
           Pass        # LPs        setup      simplex       output   cut update      cut gen        other        total
        Forward         1464         0.24         0.90         0.08         0.00         0.00         0.12         1.34
       Backward        13310         2.36         5.63         8.86         0.04         1.63         0.24        18.75
==============================================================================================
Pass              LB             iUB             iHW       F time       B time    Wall time
Sim100    -3.26999e+04    -3.84998e+04     4.66339e+02         0.00         0.00        23.23
==============================================================================================
Mean:   	 -38499.82
Median: 	 -38637.73
SD:     	   2331.70
20-80: 	( -40608.96,  -36817.84)
10-90: 	( -41402.73,  -35889.87)
05-95: 	( -42218.90,  -33972.62)
