Hydro_R10_AR1_T12_N20_20_I101000_Time50_DW_DUAL_MC_DS_10.0000_None
Multicut: True
Dynamic Sampling: True
==============================================================================================
Pass              LB             iUB             iHW    Wall time           Other
==============================================================================================
   0 -1.00006458e+08             inf     0.00000e+00            0.02     0.00000e+00
  10 -4.94422843e+04             inf     0.00000e+00            2.27     0.00000e+00
  20 -4.91353495e+04             inf     0.00000e+00            5.48     0.00000e+00
  30 -4.90288598e+04             inf     0.00000e+00            9.66     0.00000e+00
  40 -4.90038281e+04             inf     0.00000e+00           14.62     0.00000e+00
  50 -4.89809279e+04             inf     0.00000e+00           20.63     0.00000e+00
  60 -4.89604409e+04             inf     0.00000e+00           27.41     0.00000e+00
  70 -4.89525610e+04             inf     0.00000e+00           35.08     0.00000e+00
  80 -4.89454700e+04             inf     0.00000e+00           44.05     0.00000e+00
  86 -4.89390288e+04             inf     0.00000e+00           50.02     0.00000e+00
==============================================================================================
Pass              LB             iUB             iHW       F time       B time    Wall time
Sim1000    -4.89390e+04    -5.45400e+04     9.20525e+02         0.00         0.00        82.39
==============================================================================================
