Hydro_R10_AR1_T12_N10_10_I10000_Time20_DW_DUAL_MC_DS_10.0000000_None
Multicut: True
Dynamic Sampling: True
==============================================================================================
Pass              LB             iUB             iHW    Wall time           Other
==============================================================================================
   0 -1.00004104e+08             inf     0.00000e+00            0.01     0.00000e+00
  10 -2.74104982e+04             inf     0.00000e+00            0.75     0.00000e+00
  20 -2.72930948e+04             inf     0.00000e+00            1.62     0.00000e+00
  30 -2.72840473e+04             inf     0.00000e+00            2.58     0.00000e+00
  40 -2.72819583e+04             inf     0.00000e+00            3.72     0.00000e+00
  50 -2.72814049e+04             inf     0.00000e+00            4.96     0.00000e+00
  60 -2.72806621e+04             inf     0.00000e+00            6.36     0.00000e+00
  70 -2.72803412e+04             inf     0.00000e+00            7.92     0.00000e+00
  80 -2.72800414e+04             inf     0.00000e+00            9.66     0.00000e+00
  90 -2.72798938e+04             inf     0.00000e+00           11.42     0.00000e+00
 100 -2.72798027e+04             inf     0.00000e+00           13.35     0.00000e+00
 110 -2.72795605e+04             inf     0.00000e+00           15.30     0.00000e+00
 120 -2.72794580e+04             inf     0.00000e+00           17.38     0.00000e+00
 130 -2.72793552e+04             inf     0.00000e+00           19.61     0.00000e+00
 132 -2.72793384e+04             inf     0.00000e+00           20.16     0.00000e+00
Time profiling
           Pass        # LPs        setup      simplex       output   cut update      cut gen        other        total
        Forward         1596         0.25         0.69         0.09         0.00         0.00         0.51         1.54
       Backward        14520         2.40         5.24         8.73         0.03         1.94         0.27        18.62
==============================================================================================
Pass              LB             iUB             iHW       F time       B time    Wall time
Sim500    -2.72793e+04    -3.37740e+04     1.82499e+02         0.00         0.00        30.25
==============================================================================================
Mean:   	 -33773.98
Median: 	 -33674.87
SD:     	   2040.40
20-80: 	( -35361.54,  -31992.34)
10-90: 	( -36324.61,  -31237.99)
05-95: 	( -37226.00,  -30665.90)
