Hydro_R2_AR1_T12_N5_15_I10000_Time60_DW_DUAL_MC_DS_0.0001_cube
Multicut: True
Dynamic Sampling: True
==============================================================================================
Pass              LB             iUB             iHW    Wall time           Other
==============================================================================================
   0 -1.00000858e+08             inf     0.00000e+00            0.01     0.00000e+00
  10 -5.07539704e+03             inf     0.00000e+00            0.74     0.00000e+00
  20 -5.06425186e+03             inf     0.00000e+00            1.99     0.00000e+00
  30 -5.06328303e+03             inf     0.00000e+00            3.67     0.00000e+00
  40 -5.06087194e+03             inf     0.00000e+00            5.63     0.00000e+00
  50 -5.06069132e+03             inf     0.00000e+00            7.90     0.00000e+00
  60 -5.06066301e+03             inf     0.00000e+00           10.57     0.00000e+00
  70 -5.06064199e+03             inf     0.00000e+00           13.65     0.00000e+00
  80 -5.06039410e+03             inf     0.00000e+00           17.07     0.00000e+00
  90 -5.06036052e+03             inf     0.00000e+00           20.96     0.00000e+00
 100 -5.06017408e+03             inf     0.00000e+00           25.28     0.00000e+00
 110 -5.05959947e+03             inf     0.00000e+00           30.17     0.00000e+00
 120 -5.05946337e+03             inf     0.00000e+00           35.62     0.00000e+00
 130 -5.05945032e+03             inf     0.00000e+00           41.59     0.00000e+00
 140 -5.05922017e+03             inf     0.00000e+00           48.25     0.00000e+00
 150 -5.05921328e+03             inf     0.00000e+00           55.45     0.00000e+00
 156 -5.05921235e+03             inf     0.00000e+00           60.12     0.00000e+00
==============================================================================================
Pass              LB             iUB             iHW       F time       B time    Wall time
Sim1000    -5.05921e+03    -8.31920e+00     9.39753e+02         0.00         0.00        79.43
==============================================================================================
