Hydro_R10_AR1_T52_N10_10_I101000_Time20_SP_MC_ES
Multicut: True
Dynamic Sampling: False
==============================================================================================
Pass              LB             iUB             iHW    Wall time           Other
==============================================================================================
   0 -1.00000661e+09             inf     0.00000e+00            0.04     0.00000e+00
  10 -3.43397754e+05             inf     0.00000e+00            5.86     0.00000e+00
  20 -3.40519149e+05             inf     0.00000e+00           12.72     0.00000e+00
  30 -3.40312284e+05             inf     0.00000e+00           20.72     0.00000e+00
==============================================================================================
Pass              LB             iUB             iHW       F time       B time    Wall time
Sim1000    -3.40312e+05    -3.36758e+05     2.87421e+02         0.00         0.00       103.13
==============================================================================================
Mean:   	-336758.36
Median: 	-337645.77
SD:     	   4544.53
20-80: 	(-340240.85, -334057.32)
10-90: 	(-341519.90, -330857.21)
05-95: 	(-342398.85, -328179.43)
