Hydro_R2_AR1_T12_N5_30_I10000_Time100_DW_DUAL_MC_DS_3.0000_cvx_hull
Multicut: True
Dynamic Sampling: True
==============================================================================================
Pass              LB             iUB             iHW    Wall time           Other
==============================================================================================
   0 -1.00000858e+08             inf     0.00000e+00            0.01     0.00000e+00
  10 -3.61299330e+03             inf     0.00000e+00            1.94     0.00000e+00
  20 -3.61299075e+03             inf     0.00000e+00            5.67     0.00000e+00
  30 -3.61299074e+03             inf     0.00000e+00           11.25     0.00000e+00
  40 -3.61290066e+03             inf     0.00000e+00           17.29     0.00000e+00
  50 -3.61289959e+03             inf     0.00000e+00           25.40     0.00000e+00
  60 -3.61289953e+03             inf     0.00000e+00           35.23     0.00000e+00
  70 -3.61288744e+03             inf     0.00000e+00           46.87     0.00000e+00
  80 -3.61288332e+03             inf     0.00000e+00           61.06     0.00000e+00
  90 -3.61282226e+03             inf     0.00000e+00           79.41     0.00000e+00
 100 -3.61280823e+03             inf     0.00000e+00          101.84     0.00000e+00
==============================================================================================
Pass              LB             iUB             iHW       F time       B time    Wall time
Sim1000    -3.61281e+03     4.87449e+02     9.92191e+02         0.00         0.00       126.00
==============================================================================================
