Hydro_R2_AR1_T12_N5_30_I10000_Time100_DW_DUAL_MC_DS_0.0500_cvx_hull
Multicut: True
Dynamic Sampling: True
==============================================================================================
Pass              LB             iUB             iHW    Wall time           Other
==============================================================================================
   0 -1.00000858e+08             inf     0.00000e+00            0.01     0.00000e+00
  10 -5.05013497e+03             inf     0.00000e+00            1.90     0.00000e+00
  20 -5.04016373e+03             inf     0.00000e+00            5.33     0.00000e+00
  30 -5.03795440e+03             inf     0.00000e+00           10.55     0.00000e+00
  40 -5.03559324e+03             inf     0.00000e+00           17.02     0.00000e+00
  50 -5.03535931e+03             inf     0.00000e+00           25.29     0.00000e+00
  60 -5.03517177e+03             inf     0.00000e+00           35.24     0.00000e+00
  70 -5.03510683e+03             inf     0.00000e+00           49.49     0.00000e+00
  80 -5.03506781e+03             inf     0.00000e+00           65.28     0.00000e+00
  90 -5.03502591e+03             inf     0.00000e+00           82.91     0.00000e+00
  99 -5.03480744e+03             inf     0.00000e+00          101.49     0.00000e+00
==============================================================================================
Pass              LB             iUB             iHW       F time       B time    Wall time
Sim1000    -5.03481e+03     2.29571e+01     9.40949e+02         0.00         0.00       125.91
==============================================================================================
