Hydro_R2_AR1_T12_N5_15_I10000_Time300_DW_DUAL_MC_DS_1.0000_None
Multicut: True
Dynamic Sampling: True
==============================================================================================
Pass              LB             iUB             iHW    Wall time           Other
==============================================================================================
   0 -1.00000858e+08             inf     0.00000e+00            0.01     0.00000e+00
  10 -4.53518844e+03             inf     0.00000e+00            0.82     0.00000e+00
  20 -4.52774813e+03             inf     0.00000e+00            1.95     0.00000e+00
  30 -4.52531791e+03             inf     0.00000e+00            3.38     0.00000e+00
  40 -4.52453111e+03             inf     0.00000e+00            5.31     0.00000e+00
  50 -4.52445794e+03             inf     0.00000e+00            7.46     0.00000e+00
  60 -4.52436991e+03             inf     0.00000e+00            9.84     0.00000e+00
  70 -4.52434535e+03             inf     0.00000e+00           12.51     0.00000e+00
  80 -4.52429825e+03             inf     0.00000e+00           15.68     0.00000e+00
  90 -4.52427664e+03             inf     0.00000e+00           19.23     0.00000e+00
 100 -4.52404574e+03             inf     0.00000e+00           22.94     0.00000e+00
 110 -4.52364954e+03             inf     0.00000e+00           27.03     0.00000e+00
 120 -4.52358276e+03             inf     0.00000e+00           31.46     0.00000e+00
 130 -4.52356841e+03             inf     0.00000e+00           36.46     0.00000e+00
 140 -4.52340684e+03             inf     0.00000e+00           41.95     0.00000e+00
 150 -4.52332891e+03             inf     0.00000e+00           47.96     0.00000e+00
 160 -4.52326850e+03             inf     0.00000e+00           54.41     0.00000e+00
 170 -4.52323052e+03             inf     0.00000e+00           61.41     0.00000e+00
 180 -4.52321610e+03             inf     0.00000e+00           68.75     0.00000e+00
 190 -4.52309069e+03             inf     0.00000e+00           76.64     0.00000e+00
 200 -4.52307553e+03             inf     0.00000e+00           85.11     0.00000e+00
 210 -4.52304551e+03             inf     0.00000e+00           94.29     0.00000e+00
 220 -4.52304202e+03             inf     0.00000e+00          104.26     0.00000e+00
 230 -4.52303519e+03             inf     0.00000e+00          114.77     0.00000e+00
 240 -4.52303423e+03             inf     0.00000e+00          126.86     0.00000e+00
 250 -4.52303163e+03             inf     0.00000e+00          138.91     0.00000e+00
 260 -4.52302135e+03             inf     0.00000e+00          150.96     0.00000e+00
 270 -4.52301197e+03             inf     0.00000e+00          163.50     0.00000e+00
 280 -4.52300255e+03             inf     0.00000e+00          176.55     0.00000e+00
 290 -4.52300135e+03             inf     0.00000e+00          190.28     0.00000e+00
 300 -4.52299895e+03             inf     0.00000e+00          204.56     0.00000e+00
 310 -4.52299715e+03             inf     0.00000e+00          219.28     0.00000e+00
 320 -4.52299263e+03             inf     0.00000e+00          234.52     0.00000e+00
 330 -4.52298166e+03             inf     0.00000e+00          250.42     0.00000e+00
 340 -4.52297443e+03             inf     0.00000e+00          266.90     0.00000e+00
 350 -4.52297341e+03             inf     0.00000e+00          283.83     0.00000e+00
 360 -4.52297091e+03             inf     0.00000e+00          301.36     0.00000e+00
==============================================================================================
Pass              LB             iUB             iHW       F time       B time    Wall time
Sim1000    -4.52297e+03    -4.41478e+03     7.68226e+01         0.00         0.00       327.93
==============================================================================================
