Hydro_R2_AR1_T12_N5_15_I10000_Time60_DW_DUAL_MC_DS_0.0003_None
Multicut: True
Dynamic Sampling: True
==============================================================================================
Pass              LB             iUB             iHW    Wall time           Other
==============================================================================================
   0 -1.00000858e+08             inf     0.00000e+00            0.01     0.00000e+00
  10 -5.07337425e+03             inf     0.00000e+00            0.66     0.00000e+00
  20 -5.06217768e+03             inf     0.00000e+00            1.73     0.00000e+00
  30 -5.06097422e+03             inf     0.00000e+00            3.11     0.00000e+00
  40 -5.05912643e+03             inf     0.00000e+00            4.73     0.00000e+00
  50 -5.05889456e+03             inf     0.00000e+00            6.61     0.00000e+00
  60 -5.05873117e+03             inf     0.00000e+00            8.86     0.00000e+00
  70 -5.05870987e+03             inf     0.00000e+00           11.36     0.00000e+00
  80 -5.05847017e+03             inf     0.00000e+00           14.13     0.00000e+00
  90 -5.05843700e+03             inf     0.00000e+00           17.36     0.00000e+00
 100 -5.05826994e+03             inf     0.00000e+00           20.79     0.00000e+00
 110 -5.05806956e+03             inf     0.00000e+00           24.60     0.00000e+00
 120 -5.05791129e+03             inf     0.00000e+00           28.72     0.00000e+00
 130 -5.05789658e+03             inf     0.00000e+00           33.12     0.00000e+00
 140 -5.05774307e+03             inf     0.00000e+00           37.94     0.00000e+00
 150 -5.05773517e+03             inf     0.00000e+00           43.19     0.00000e+00
 160 -5.05772952e+03             inf     0.00000e+00           48.87     0.00000e+00
 170 -5.05766411e+03             inf     0.00000e+00           54.49     0.00000e+00
 179 -5.05763308e+03             inf     0.00000e+00           60.19     0.00000e+00
==============================================================================================
Pass              LB             iUB             iHW       F time       B time    Wall time
Sim1000    -5.05763e+03    -5.37029e+01     9.39430e+02         0.00         0.00        78.68
==============================================================================================
