Hydro_R2_AR1_T12_N6_36_I10000_Time100_DW_DUAL_MC_DS_80.0000_cube
Multicut: True
Dynamic Sampling: True
==============================================================================================
Pass              LB             iUB             iHW    Wall time           Other
==============================================================================================
   0 -1.00000858e+08             inf     0.00000e+00            0.01     0.00000e+00
  10 -3.21944836e+03             inf     0.00000e+00            2.42     0.00000e+00
  20 -3.21944836e+03             inf     0.00000e+00            7.17     0.00000e+00
  30 -3.21944836e+03             inf     0.00000e+00           16.18     0.00000e+00
  40 -3.21944836e+03             inf     0.00000e+00           29.38     0.00000e+00
  50 -3.21944836e+03             inf     0.00000e+00           42.58     0.00000e+00
  60 -3.21944836e+03             inf     0.00000e+00           58.41     0.00000e+00
  70 -3.21944836e+03             inf     0.00000e+00           77.22     0.00000e+00
  80 -3.21944836e+03             inf     0.00000e+00           99.36     0.00000e+00
  81 -3.21944836e+03             inf     0.00000e+00          101.72     0.00000e+00
==============================================================================================
Pass              LB             iUB             iHW       F time       B time    Wall time
Sim1000    -3.21945e+03    -8.13990e+02     9.24149e+02         0.00         0.00       123.92
==============================================================================================
