Hydro_R2_AR1_T12_N5_15_I10000_Time300_DW_DUAL_MC_DS_0.0000_cvx_hull2
Multicut: True
Dynamic Sampling: True
==============================================================================================
Pass              LB             iUB             iHW    Wall time           Other
==============================================================================================
   0 -1.00000858e+08             inf     0.00000e+00            0.01     0.00000e+00
  10 -5.07555414e+03             inf     0.00000e+00            0.92     0.00000e+00
  20 -5.06454778e+03             inf     0.00000e+00            2.59     0.00000e+00
  30 -5.06357331e+03             inf     0.00000e+00            5.43     0.00000e+00
  40 -5.06113056e+03             inf     0.00000e+00            9.12     0.00000e+00
  50 -5.06101253e+03             inf     0.00000e+00           12.73     0.00000e+00
  60 -5.06094398e+03             inf     0.00000e+00           16.65     0.00000e+00
  70 -5.06092645e+03             inf     0.00000e+00           22.04     0.00000e+00
  80 -5.06069134e+03             inf     0.00000e+00           29.29     0.00000e+00
  90 -5.06066507e+03             inf     0.00000e+00           34.72     0.00000e+00
 100 -5.06050637e+03             inf     0.00000e+00           40.29     0.00000e+00
 110 -5.05993501e+03             inf     0.00000e+00           46.34     0.00000e+00
 120 -5.05976293e+03             inf     0.00000e+00           53.00     0.00000e+00
 130 -5.05974972e+03             inf     0.00000e+00           60.90     0.00000e+00
 140 -5.05954079e+03             inf     0.00000e+00           69.51     0.00000e+00
 150 -5.05953088e+03             inf     0.00000e+00           79.24     0.00000e+00
 160 -5.05952461e+03             inf     0.00000e+00           88.56     0.00000e+00
 170 -5.05945661e+03             inf     0.00000e+00           98.53     0.00000e+00
 180 -5.05943405e+03             inf     0.00000e+00          108.44     0.00000e+00
 190 -5.05931153e+03             inf     0.00000e+00          120.08     0.00000e+00
 200 -5.05927838e+03             inf     0.00000e+00          131.49     0.00000e+00
 210 -5.05927361e+03             inf     0.00000e+00          143.53     0.00000e+00
 220 -5.05927110e+03             inf     0.00000e+00          156.06     0.00000e+00
 230 -5.05926820e+03             inf     0.00000e+00          167.85     0.00000e+00
 240 -5.05926734e+03             inf     0.00000e+00          180.22     0.00000e+00
 250 -5.05926648e+03             inf     0.00000e+00          194.44     0.00000e+00
 260 -5.05926552e+03             inf     0.00000e+00          214.39     0.00000e+00
 270 -5.05926156e+03             inf     0.00000e+00          231.02     0.00000e+00
 280 -5.05923374e+03             inf     0.00000e+00          245.70     0.00000e+00
 290 -5.05923248e+03             inf     0.00000e+00          260.00     0.00000e+00
 300 -5.05919124e+03             inf     0.00000e+00          275.93     0.00000e+00
 310 -5.05918701e+03             inf     0.00000e+00          292.49     0.00000e+00
 315 -5.05918613e+03             inf     0.00000e+00          300.93     0.00000e+00
==============================================================================================
Pass              LB             iUB             iHW       F time       B time    Wall time
Sim1000    -5.05919e+03     5.31612e+01     9.42129e+02         0.00         0.00       333.14
==============================================================================================
