Hydro_R10_AR1_T12_N10_10_I10000_Time20_DW_DUAL_MC_DS_0.0150000_None
Multicut: True
Dynamic Sampling: True
==============================================================================================
Pass              LB             iUB             iHW    Wall time           Other
==============================================================================================
   0 -1.00004104e+08             inf     0.00000e+00            0.01     0.00000e+00
  10 -3.40482360e+04             inf     0.00000e+00            0.80     0.00000e+00
  20 -3.39340594e+04             inf     0.00000e+00            1.91     0.00000e+00
  30 -3.39168002e+04             inf     0.00000e+00            3.34     0.00000e+00
  40 -3.39114991e+04             inf     0.00000e+00            5.07     0.00000e+00
  50 -3.39042557e+04             inf     0.00000e+00            7.03     0.00000e+00
  60 -3.39020740e+04             inf     0.00000e+00            9.28     0.00000e+00
  70 -3.38998996e+04             inf     0.00000e+00           11.70     0.00000e+00
  80 -3.38988165e+04             inf     0.00000e+00           14.45     0.00000e+00
  90 -3.38969552e+04             inf     0.00000e+00           17.54     0.00000e+00
  98 -3.38964258e+04             inf     0.00000e+00           20.28     0.00000e+00
Time profiling
           Pass        # LPs        setup      simplex       output   cut update      cut gen        other        total
        Forward         1188         0.19         0.80         0.07         0.00         0.00         0.39         1.45
       Backward        10780         1.92         6.01         9.04         0.03         1.55         0.28        18.82
==============================================================================================
Pass              LB             iUB             iHW       F time       B time    Wall time
Sim500    -3.38964e+04    -3.45366e+04     2.04816e+02         0.00         0.00        33.56
==============================================================================================
Mean:   	 -34536.57
Median: 	 -34507.07
SD:     	   2289.92
20-80: 	( -36269.18,  -32702.65)
10-90: 	( -37377.19,  -31634.27)
05-95: 	( -38385.23,  -30824.15)
