Hydro_R10_AR1_T12_N5_5_I10000_Time20_DW_DUAL_MC_DS_0.0100000_None
Multicut: True
Dynamic Sampling: True
==============================================================================================
Pass              LB             iUB             iHW    Wall time           Other
==============================================================================================
   0 -1.00003827e+08             inf     0.00000e+00            0.01     0.00000e+00
  10 -3.52159347e+04             inf     0.00000e+00            0.44     0.00000e+00
  20 -3.51419673e+04             inf     0.00000e+00            1.00     0.00000e+00
  30 -3.51306510e+04             inf     0.00000e+00            1.65     0.00000e+00
  40 -3.51232002e+04             inf     0.00000e+00            2.38     0.00000e+00
  50 -3.51198724e+04             inf     0.00000e+00            3.21     0.00000e+00
  60 -3.51173100e+04             inf     0.00000e+00            4.17     0.00000e+00
  70 -3.51148922e+04             inf     0.00000e+00            5.21     0.00000e+00
  80 -3.51135707e+04             inf     0.00000e+00            6.42     0.00000e+00
  90 -3.51127794e+04             inf     0.00000e+00            7.89     0.00000e+00
 100 -3.51120793e+04             inf     0.00000e+00            9.24     0.00000e+00
 110 -3.51113575e+04             inf     0.00000e+00           10.46     0.00000e+00
 120 -3.51110271e+04             inf     0.00000e+00           12.29     0.00000e+00
 130 -3.51105328e+04             inf     0.00000e+00           13.73     0.00000e+00
 140 -3.51101499e+04             inf     0.00000e+00           15.57     0.00000e+00
 150 -3.51099181e+04             inf     0.00000e+00           17.50     0.00000e+00
 160 -3.51096164e+04             inf     0.00000e+00           19.36     0.00000e+00
 164 -3.51095679e+04             inf     0.00000e+00           20.05     0.00000e+00
Time profiling
           Pass        # LPs        setup      simplex       output   cut update      cut gen        other        total
        Forward         1980         0.39         1.28         0.16         0.01         0.00         0.51         2.34
       Backward         9020         2.05         5.27         8.31         0.03         1.74         0.30        17.70
==============================================================================================
Pass              LB             iUB             iHW       F time       B time    Wall time
Sim500    -3.51096e+04    -3.51464e+04     2.33175e+02         0.00         0.00        34.14
==============================================================================================
Mean:   	 -35146.35
Median: 	 -35069.00
SD:     	   2606.97
20-80: 	( -37311.18,  -32988.86)
10-90: 	( -38377.42,  -31880.03)
05-95: 	( -39455.41,  -30991.64)
