Hydro_R2_AR1_T12_N5_15_I10000_Time60_DW_DUAL_MC_DS_0.3000_cvx_hull
Multicut: True
Dynamic Sampling: True
==============================================================================================
Pass              LB             iUB             iHW    Wall time           Other
==============================================================================================
   0 -1.00000858e+08             inf     0.00000e+00            0.01     0.00000e+00
  10 -4.92401856e+03             inf     0.00000e+00            0.79     0.00000e+00
  20 -4.91965608e+03             inf     0.00000e+00            1.93     0.00000e+00
  30 -4.91840759e+03             inf     0.00000e+00            3.36     0.00000e+00
  40 -4.91727532e+03             inf     0.00000e+00            5.07     0.00000e+00
  50 -4.91707890e+03             inf     0.00000e+00            7.16     0.00000e+00
  60 -4.91693533e+03             inf     0.00000e+00            9.65     0.00000e+00
  70 -4.91689482e+03             inf     0.00000e+00           12.35     0.00000e+00
  80 -4.91663438e+03             inf     0.00000e+00           15.45     0.00000e+00
  90 -4.91661226e+03             inf     0.00000e+00           18.92     0.00000e+00
 100 -4.91660776e+03             inf     0.00000e+00           22.72     0.00000e+00
 110 -4.91566797e+03             inf     0.00000e+00           26.90     0.00000e+00
 120 -4.91549352e+03             inf     0.00000e+00           31.51     0.00000e+00
 130 -4.91547308e+03             inf     0.00000e+00           36.37     0.00000e+00
 140 -4.91541538e+03             inf     0.00000e+00           41.98     0.00000e+00
 150 -4.91540627e+03             inf     0.00000e+00           47.66     0.00000e+00
 160 -4.91540290e+03             inf     0.00000e+00           53.36     0.00000e+00
 170 -4.91522788e+03             inf     0.00000e+00           59.63     0.00000e+00
 171 -4.91521152e+03             inf     0.00000e+00           60.27     0.00000e+00
==============================================================================================
Pass              LB             iUB             iHW       F time       B time    Wall time
Sim1000    -4.91521e+03    -4.85640e+01     9.38008e+02         0.00         0.00        78.93
==============================================================================================
