Hydro_R2_AR1_T12_N5_15_I10000_Time60_DW_DUAL_MC_DS_0.0003_cube
Multicut: True
Dynamic Sampling: True
==============================================================================================
Pass              LB             iUB             iHW    Wall time           Other
==============================================================================================
   0 -1.00000858e+08             inf     0.00000e+00            0.01     0.00000e+00
  10 -5.07490022e+03             inf     0.00000e+00            0.68     0.00000e+00
  20 -5.06374964e+03             inf     0.00000e+00            1.94     0.00000e+00
  30 -5.06273310e+03             inf     0.00000e+00            3.43     0.00000e+00
  40 -5.06038343e+03             inf     0.00000e+00            5.32     0.00000e+00
  50 -5.06019610e+03             inf     0.00000e+00            7.81     0.00000e+00
  60 -5.06016245e+03             inf     0.00000e+00           10.52     0.00000e+00
  70 -5.06014282e+03             inf     0.00000e+00           13.74     0.00000e+00
  80 -5.05988680e+03             inf     0.00000e+00           17.29     0.00000e+00
  90 -5.05985529e+03             inf     0.00000e+00           21.28     0.00000e+00
 100 -5.05967057e+03             inf     0.00000e+00           25.76     0.00000e+00
 110 -5.05908690e+03             inf     0.00000e+00           30.78     0.00000e+00
 120 -5.05895242e+03             inf     0.00000e+00           36.45     0.00000e+00
 130 -5.05893996e+03             inf     0.00000e+00           42.69     0.00000e+00
 140 -5.05868962e+03             inf     0.00000e+00           49.44     0.00000e+00
 150 -5.05868306e+03             inf     0.00000e+00           56.80     0.00000e+00
 155 -5.05868156e+03             inf     0.00000e+00           60.71     0.00000e+00
==============================================================================================
Pass              LB             iUB             iHW       F time       B time    Wall time
Sim1000    -5.05868e+03    -8.79525e+02     8.92066e+02         0.00         0.00        80.01
==============================================================================================
