Hydro_R2_AR1_T12_N5_15_I10000_Time60_DW_DUAL_MC_DS_0.0000_cvx_hull2
Multicut: True
Dynamic Sampling: True
==============================================================================================
Pass              LB             iUB             iHW    Wall time           Other
==============================================================================================
   0 -1.00000858e+08             inf     0.00000e+00            0.02     0.00000e+00
  10 -5.07313510e+03             inf     0.00000e+00            0.72     0.00000e+00
  20 -5.06226532e+03             inf     0.00000e+00            2.00     0.00000e+00
  30 -5.06119347e+03             inf     0.00000e+00            3.60     0.00000e+00
  40 -5.05775866e+03             inf     0.00000e+00            5.69     0.00000e+00
  50 -5.05681330e+03             inf     0.00000e+00            8.41     0.00000e+00
  60 -5.05639268e+03             inf     0.00000e+00           11.28     0.00000e+00
  70 -5.05579826e+03             inf     0.00000e+00           14.29     0.00000e+00
  80 -5.05562715e+03             inf     0.00000e+00           20.38     0.00000e+00
  90 -5.05554357e+03             inf     0.00000e+00           25.20     0.00000e+00
 100 -5.05545975e+03             inf     0.00000e+00           30.31     0.00000e+00
 110 -5.05519403e+03             inf     0.00000e+00           35.96     0.00000e+00
 120 -5.05515326e+03             inf     0.00000e+00           42.08     0.00000e+00
 130 -5.05507359e+03             inf     0.00000e+00           48.64     0.00000e+00
 140 -5.05506151e+03             inf     0.00000e+00           55.77     0.00000e+00
 147 -5.05501529e+03             inf     0.00000e+00           60.65     0.00000e+00
==============================================================================================
Pass              LB             iUB             iHW       F time       B time    Wall time
Sim1000    -5.05502e+03    -2.16300e+03     7.45908e+02         0.00         0.00        81.73
==============================================================================================
