Hydro_R2_AR1_T12_N5_15_I10000_Time300_DW_DUAL_MC_DS_0.0080_cube
Multicut: True
Dynamic Sampling: True
==============================================================================================
Pass              LB             iUB             iHW    Wall time           Other
==============================================================================================
   0 -1.00000858e+08             inf     0.00000e+00            0.02     0.00000e+00
  10 -5.07077363e+03             inf     0.00000e+00            1.14     0.00000e+00
  20 -5.06116774e+03             inf     0.00000e+00            2.96     0.00000e+00
  30 -5.05914289e+03             inf     0.00000e+00            5.56     0.00000e+00
  40 -5.05663869e+03             inf     0.00000e+00            9.26     0.00000e+00
  50 -5.05625945e+03             inf     0.00000e+00           12.88     0.00000e+00
  60 -5.05617638e+03             inf     0.00000e+00           17.01     0.00000e+00
  70 -5.05615790e+03             inf     0.00000e+00           21.89     0.00000e+00
  80 -5.05589701e+03             inf     0.00000e+00           26.62     0.00000e+00
  90 -5.05586510e+03             inf     0.00000e+00           32.72     0.00000e+00
 100 -5.05568049e+03             inf     0.00000e+00           38.83     0.00000e+00
 110 -5.05510810e+03             inf     0.00000e+00           45.77     0.00000e+00
 120 -5.05504205e+03             inf     0.00000e+00           53.59     0.00000e+00
 130 -5.05503346e+03             inf     0.00000e+00           62.12     0.00000e+00
 140 -5.05502414e+03             inf     0.00000e+00           69.92     0.00000e+00
 150 -5.05501822e+03             inf     0.00000e+00           77.90     0.00000e+00
 160 -5.05501209e+03             inf     0.00000e+00           86.54     0.00000e+00
 170 -5.05476520e+03             inf     0.00000e+00           97.56     0.00000e+00
 180 -5.05466418e+03             inf     0.00000e+00          109.58     0.00000e+00
 190 -5.05447549e+03             inf     0.00000e+00          124.48     0.00000e+00
 200 -5.05440784e+03             inf     0.00000e+00          136.98     0.00000e+00
 210 -5.05437761e+03             inf     0.00000e+00          149.05     0.00000e+00
 220 -5.05437565e+03             inf     0.00000e+00          161.59     0.00000e+00
 230 -5.05437459e+03             inf     0.00000e+00          175.01     0.00000e+00
 240 -5.05437306e+03             inf     0.00000e+00          188.89     0.00000e+00
 250 -5.05437229e+03             inf     0.00000e+00          203.30     0.00000e+00
 260 -5.05437056e+03             inf     0.00000e+00          218.60     0.00000e+00
 270 -5.05436714e+03             inf     0.00000e+00          234.30     0.00000e+00
 280 -5.05434099e+03             inf     0.00000e+00          254.33     0.00000e+00
 290 -5.05433927e+03             inf     0.00000e+00          273.58     0.00000e+00
 300 -5.05425091e+03             inf     0.00000e+00          292.12     0.00000e+00
 305 -5.05424447e+03             inf     0.00000e+00          301.88     0.00000e+00
==============================================================================================
Pass              LB             iUB             iHW       F time       B time    Wall time
Sim1000    -5.05424e+03    -1.18754e+03     8.75148e+02         0.00         0.00       334.79
==============================================================================================
