Hydro_R10_AR1_T52_N10_10_I101000_Time20_DW_DUAL_MC_ES_10.0000_None
Multicut: True
Dynamic Sampling: False
==============================================================================================
Pass              LB             iUB             iHW    Wall time           Other
==============================================================================================
   0 -1.00006609e+08             inf     0.00000e+00            0.05     0.00000e+00
  10 -1.25276671e+05             inf     0.00000e+00            4.07     0.00000e+00
  20 -9.74047505e+04             inf     0.00000e+00            9.30     0.00000e+00
  30 -9.48386711e+04             inf     0.00000e+00           15.84     0.00000e+00
  36 -9.44593637e+04             inf     0.00000e+00           20.55     0.00000e+00
==============================================================================================
Pass              LB             iUB             iHW       F time       B time    Wall time
Sim1000    -9.44594e+04    -1.34666e+05     1.67889e+03         0.00         0.00       119.21
==============================================================================================
Mean:   	-134666.33
Median: 	-136477.11
SD:     	  26545.54
20-80: 	(-141745.28, -131557.25)
10-90: 	(-144288.73, -128856.55)
05-95: 	(-146197.50, -126401.76)
