Hydro_R2_AR1_T12_N6_36_I10000_Time100_DW_DUAL_MC_DS_8.0000_cvx_hull2
Multicut: True
Dynamic Sampling: True
==============================================================================================
Pass              LB             iUB             iHW    Wall time           Other
==============================================================================================
   0 -1.00000858e+08             inf     0.00000e+00            0.02     0.00000e+00
  10 -2.16481222e+03             inf     0.00000e+00            4.71     0.00000e+00
  20 -2.16481222e+03             inf     0.00000e+00           13.30     0.00000e+00
  30 -2.16481222e+03             inf     0.00000e+00           20.36     0.00000e+00
  40 -2.16481222e+03             inf     0.00000e+00           28.27     0.00000e+00
  50 -2.16481222e+03             inf     0.00000e+00           38.18     0.00000e+00
  60 -2.16481222e+03             inf     0.00000e+00           50.52     0.00000e+00
  70 -2.16481222e+03             inf     0.00000e+00           65.87     0.00000e+00
  80 -2.16481222e+03             inf     0.00000e+00           84.01     0.00000e+00
  88 -2.16481222e+03             inf     0.00000e+00          102.48     0.00000e+00
==============================================================================================
Pass              LB             iUB             iHW       F time       B time    Wall time
Sim1000    -2.16481e+03    -2.81405e+03     8.23478e+02         0.00         0.00       126.06
==============================================================================================
