Hydro_R2_AR1_T12_N5_15_I10000_Time300_DW_DUAL_MC_DS_0.0001_cube
Multicut: True
Dynamic Sampling: True
==============================================================================================
Pass              LB             iUB             iHW    Wall time           Other
==============================================================================================
   0 -1.00000858e+08             inf     0.00000e+00            0.01     0.00000e+00
  10 -5.07539704e+03             inf     0.00000e+00            0.65     0.00000e+00
  20 -5.06425186e+03             inf     0.00000e+00            1.89     0.00000e+00
  30 -5.06328303e+03             inf     0.00000e+00            3.49     0.00000e+00
  40 -5.06087194e+03             inf     0.00000e+00            5.55     0.00000e+00
  50 -5.06069132e+03             inf     0.00000e+00            8.04     0.00000e+00
  60 -5.06066301e+03             inf     0.00000e+00           10.76     0.00000e+00
  70 -5.06064199e+03             inf     0.00000e+00           13.78     0.00000e+00
  80 -5.06039410e+03             inf     0.00000e+00           17.19     0.00000e+00
  90 -5.06036052e+03             inf     0.00000e+00           21.18     0.00000e+00
 100 -5.06017408e+03             inf     0.00000e+00           25.57     0.00000e+00
 110 -5.05959947e+03             inf     0.00000e+00           30.50     0.00000e+00
 120 -5.05946337e+03             inf     0.00000e+00           36.13     0.00000e+00
 130 -5.05945032e+03             inf     0.00000e+00           42.20     0.00000e+00
 140 -5.05922017e+03             inf     0.00000e+00           48.84     0.00000e+00
 150 -5.05921328e+03             inf     0.00000e+00           56.09     0.00000e+00
 160 -5.05920851e+03             inf     0.00000e+00           63.95     0.00000e+00
 170 -5.05913837e+03             inf     0.00000e+00           72.34     0.00000e+00
 180 -5.05911177e+03             inf     0.00000e+00           82.09     0.00000e+00
 190 -5.05898616e+03             inf     0.00000e+00           91.92     0.00000e+00
 200 -5.05895178e+03             inf     0.00000e+00          102.58     0.00000e+00
 210 -5.05894724e+03             inf     0.00000e+00          113.80     0.00000e+00
 220 -5.05894484e+03             inf     0.00000e+00          125.74     0.00000e+00
 230 -5.05894218e+03             inf     0.00000e+00          138.42     0.00000e+00
 240 -5.05894060e+03             inf     0.00000e+00          150.27     0.00000e+00
 250 -5.05893963e+03             inf     0.00000e+00          164.31     0.00000e+00
 260 -5.05893849e+03             inf     0.00000e+00          179.11     0.00000e+00
 270 -5.05893583e+03             inf     0.00000e+00          194.71     0.00000e+00
 280 -5.05889650e+03             inf     0.00000e+00          211.01     0.00000e+00
 290 -5.05889458e+03             inf     0.00000e+00          228.11     0.00000e+00
 300 -5.05886843e+03             inf     0.00000e+00          245.76     0.00000e+00
 310 -5.05886619e+03             inf     0.00000e+00          264.26     0.00000e+00
 320 -5.05886315e+03             inf     0.00000e+00          283.68     0.00000e+00
 329 -5.05885772e+03             inf     0.00000e+00          301.30     0.00000e+00
==============================================================================================
Pass              LB             iUB             iHW       F time       B time    Wall time
Sim1000    -5.05886e+03     7.62449e+00     9.39767e+02         0.00         0.00       328.79
==============================================================================================
