Hydro_R2_AR1_T12_N5_15_I10000_Time60_DW_DUAL_MC_DS_0.0500_cvx_hull
Multicut: True
Dynamic Sampling: True
==============================================================================================
Pass              LB             iUB             iHW    Wall time           Other
==============================================================================================
   0 -1.00000858e+08             inf     0.00000e+00            0.01     0.00000e+00
  10 -5.04550538e+03             inf     0.00000e+00            0.67     0.00000e+00
  20 -5.03901309e+03             inf     0.00000e+00            1.99     0.00000e+00
  30 -5.03728351e+03             inf     0.00000e+00            3.69     0.00000e+00
  40 -5.03517424e+03             inf     0.00000e+00            5.73     0.00000e+00
  50 -5.03497406e+03             inf     0.00000e+00            8.19     0.00000e+00
  60 -5.03482985e+03             inf     0.00000e+00           11.15     0.00000e+00
  70 -5.03479681e+03             inf     0.00000e+00           15.17     0.00000e+00
  80 -5.03478881e+03             inf     0.00000e+00           18.85     0.00000e+00
  90 -5.03473887e+03             inf     0.00000e+00           22.74     0.00000e+00
 100 -5.03447486e+03             inf     0.00000e+00           26.94     0.00000e+00
 110 -5.03401006e+03             inf     0.00000e+00           31.91     0.00000e+00
 120 -5.03377478e+03             inf     0.00000e+00           37.41     0.00000e+00
 130 -5.03376420e+03             inf     0.00000e+00           43.49     0.00000e+00
 140 -5.03362088e+03             inf     0.00000e+00           49.75     0.00000e+00
 150 -5.03359430e+03             inf     0.00000e+00           57.79     0.00000e+00
 153 -5.03359356e+03             inf     0.00000e+00           60.53     0.00000e+00
==============================================================================================
Pass              LB             iUB             iHW       F time       B time    Wall time
Sim1000    -5.03359e+03    -2.08534e+00     9.39754e+02         0.00         0.00        79.89
==============================================================================================
