Hydro_R10_AR1_T12_N10_10_I10000_Time20_DW_DUAL_MC_DS_0.4000000_None
Multicut: True
Dynamic Sampling: True
==============================================================================================
Pass              LB             iUB             iHW    Wall time           Other
==============================================================================================
   0 -1.00004104e+08             inf     0.00000e+00            0.01     0.00000e+00
  10 -3.36106052e+04             inf     0.00000e+00            0.80     0.00000e+00
  20 -3.35127935e+04             inf     0.00000e+00            1.89     0.00000e+00
  30 -3.34958886e+04             inf     0.00000e+00            3.26     0.00000e+00
  40 -3.34907514e+04             inf     0.00000e+00            4.92     0.00000e+00
  50 -3.34873072e+04             inf     0.00000e+00            6.92     0.00000e+00
  60 -3.34848298e+04             inf     0.00000e+00            9.13     0.00000e+00
  70 -3.34827001e+04             inf     0.00000e+00           11.60     0.00000e+00
  80 -3.34814986e+04             inf     0.00000e+00           14.42     0.00000e+00
  90 -3.34802276e+04             inf     0.00000e+00           17.69     0.00000e+00
  97 -3.34797864e+04             inf     0.00000e+00           20.15     0.00000e+00
Time profiling
           Pass        # LPs        setup      simplex       output   cut update      cut gen        other        total
        Forward         1176         0.18         0.78         0.07         0.00         0.00         0.39         1.42
       Backward        10670         1.83         6.05         9.05         0.03         1.49         0.27        18.73
==============================================================================================
Pass              LB             iUB             iHW       F time       B time    Wall time
Sim500    -3.34798e+04    -3.45144e+04     2.02667e+02         0.00         0.00        33.39
==============================================================================================
Mean:   	 -34514.39
Median: 	 -34461.01
SD:     	   2265.89
20-80: 	( -36212.35,  -32706.32)
10-90: 	( -37334.54,  -31626.82)
05-95: 	( -38333.68,  -30845.32)
