Hydro_R2_AR1_T12_N5_15_I10000_Time300_DW_DUAL_MC_DS_0.3000_cvx_hull
Multicut: True
Dynamic Sampling: True
==============================================================================================
Pass              LB             iUB             iHW    Wall time           Other
==============================================================================================
   0 -1.00000858e+08             inf     0.00000e+00            0.01     0.00000e+00
  10 -4.92401856e+03             inf     0.00000e+00            0.65     0.00000e+00
  20 -4.91965608e+03             inf     0.00000e+00            1.79     0.00000e+00
  30 -4.91840759e+03             inf     0.00000e+00            3.42     0.00000e+00
  40 -4.91727532e+03             inf     0.00000e+00            5.61     0.00000e+00
  50 -4.91707890e+03             inf     0.00000e+00            7.82     0.00000e+00
  60 -4.91693533e+03             inf     0.00000e+00           10.20     0.00000e+00
  70 -4.91689482e+03             inf     0.00000e+00           12.93     0.00000e+00
  80 -4.91663438e+03             inf     0.00000e+00           16.01     0.00000e+00
  90 -4.91661226e+03             inf     0.00000e+00           19.59     0.00000e+00
 100 -4.91660776e+03             inf     0.00000e+00           23.47     0.00000e+00
 110 -4.91566797e+03             inf     0.00000e+00           27.75     0.00000e+00
 120 -4.91549352e+03             inf     0.00000e+00           32.48     0.00000e+00
 130 -4.91547308e+03             inf     0.00000e+00           37.73     0.00000e+00
 140 -4.91541538e+03             inf     0.00000e+00           43.48     0.00000e+00
 150 -4.91540627e+03             inf     0.00000e+00           49.67     0.00000e+00
 160 -4.91540290e+03             inf     0.00000e+00           56.30     0.00000e+00
 170 -4.91522788e+03             inf     0.00000e+00           63.56     0.00000e+00
 180 -4.91514728e+03             inf     0.00000e+00           71.14     0.00000e+00
 190 -4.91502604e+03             inf     0.00000e+00           79.43     0.00000e+00
 200 -4.91498499e+03             inf     0.00000e+00           88.22     0.00000e+00
 210 -4.91493661e+03             inf     0.00000e+00           97.59     0.00000e+00
 220 -4.91493373e+03             inf     0.00000e+00          107.45     0.00000e+00
 230 -4.91492191e+03             inf     0.00000e+00          117.94     0.00000e+00
 240 -4.91490221e+03             inf     0.00000e+00          129.24     0.00000e+00
 250 -4.91488622e+03             inf     0.00000e+00          140.91     0.00000e+00
 260 -4.91487928e+03             inf     0.00000e+00          153.26     0.00000e+00
 270 -4.91487116e+03             inf     0.00000e+00          166.16     0.00000e+00
 280 -4.91486197e+03             inf     0.00000e+00          179.87     0.00000e+00
 290 -4.91486130e+03             inf     0.00000e+00          193.99     0.00000e+00
 300 -4.91480901e+03             inf     0.00000e+00          208.52     0.00000e+00
 310 -4.91480596e+03             inf     0.00000e+00          223.70     0.00000e+00
 320 -4.91479043e+03             inf     0.00000e+00          239.29     0.00000e+00
 330 -4.91478810e+03             inf     0.00000e+00          255.59     0.00000e+00
 340 -4.91478590e+03             inf     0.00000e+00          272.40     0.00000e+00
 350 -4.91478545e+03             inf     0.00000e+00          287.99     0.00000e+00
 357 -4.91478509e+03             inf     0.00000e+00          300.97     0.00000e+00
==============================================================================================
Pass              LB             iUB             iHW       F time       B time    Wall time
Sim1000    -4.91479e+03    -4.84764e+01     9.38000e+02         0.00         0.00       327.06
==============================================================================================
