Hydro_R10_AR1_T52_N10_10_I101000_Time20_DW_DUAL_MC_ES_15.0000_None
Multicut: True
Dynamic Sampling: False
==============================================================================================
Pass              LB             iUB             iHW    Wall time           Other
==============================================================================================
   0 -1.00006609e+08             inf     0.00000e+00            0.06     0.00000e+00
  10 -9.44588680e+04             inf     0.00000e+00            5.14     0.00000e+00
  20 -8.71202610e+04             inf     0.00000e+00           11.34     0.00000e+00
  30 -8.58331597e+04             inf     0.00000e+00           18.95     0.00000e+00
  32 -8.56661870e+04             inf     0.00000e+00           20.72     0.00000e+00
==============================================================================================
Pass              LB             iUB             iHW       F time       B time    Wall time
Sim1000    -8.56662e+04    -1.34493e+05     9.51304e+02         0.00         0.00       121.44
==============================================================================================
Mean:   	-134492.83
Median: 	-135168.62
SD:     	  15041.44
20-80: 	(-139729.43, -130455.57)
10-90: 	(-142470.60, -127950.30)
05-95: 	(-144258.93, -125709.68)
