Hydro_R2_AR1_T12_N5_15_I10000_Time300_DW_DUAL_MC_DS_0.0800_cvx_hull2
Multicut: True
Dynamic Sampling: True
==============================================================================================
Pass              LB             iUB             iHW    Wall time           Other
==============================================================================================
   0 -1.00000858e+08             inf     0.00000e+00            0.02     0.00000e+00
  10 -5.03004846e+03             inf     0.00000e+00            0.88     0.00000e+00
  20 -5.01960077e+03             inf     0.00000e+00            2.16     0.00000e+00
  30 -5.01808363e+03             inf     0.00000e+00            4.35     0.00000e+00
  40 -5.01594302e+03             inf     0.00000e+00            7.92     0.00000e+00
  50 -5.01578216e+03             inf     0.00000e+00           10.23     0.00000e+00
  60 -5.01562318e+03             inf     0.00000e+00           12.87     0.00000e+00
  70 -5.01560395e+03             inf     0.00000e+00           15.96     0.00000e+00
  80 -5.01530500e+03             inf     0.00000e+00           19.38     0.00000e+00
  90 -5.01528131e+03             inf     0.00000e+00           23.49     0.00000e+00
 100 -5.01515320e+03             inf     0.00000e+00           27.95     0.00000e+00
 110 -5.01427792e+03             inf     0.00000e+00           33.12     0.00000e+00
 120 -5.01416327e+03             inf     0.00000e+00           39.16     0.00000e+00
 130 -5.01415349e+03             inf     0.00000e+00           46.06     0.00000e+00
 140 -5.01413244e+03             inf     0.00000e+00           53.05     0.00000e+00
 150 -5.01412708e+03             inf     0.00000e+00           60.78     0.00000e+00
 160 -5.01412141e+03             inf     0.00000e+00           68.17     0.00000e+00
 170 -5.01406463e+03             inf     0.00000e+00           76.40     0.00000e+00
 180 -5.01403616e+03             inf     0.00000e+00           85.01     0.00000e+00
 190 -5.01390267e+03             inf     0.00000e+00           95.28     0.00000e+00
 200 -5.01386499e+03             inf     0.00000e+00          105.80     0.00000e+00
 210 -5.01386010e+03             inf     0.00000e+00          115.95     0.00000e+00
 220 -5.01385858e+03             inf     0.00000e+00          127.84     0.00000e+00
 230 -5.01385756e+03             inf     0.00000e+00          141.31     0.00000e+00
 240 -5.01385673e+03             inf     0.00000e+00          152.99     0.00000e+00
 250 -5.01385582e+03             inf     0.00000e+00          164.59     0.00000e+00
 260 -5.01385510e+03             inf     0.00000e+00          176.44     0.00000e+00
 270 -5.01385156e+03             inf     0.00000e+00          188.95     0.00000e+00
 280 -5.01382399e+03             inf     0.00000e+00          201.70     0.00000e+00
 290 -5.01382209e+03             inf     0.00000e+00          215.78     0.00000e+00
 300 -5.01374078e+03             inf     0.00000e+00          230.37     0.00000e+00
 310 -5.01373509e+03             inf     0.00000e+00          246.47     0.00000e+00
 320 -5.01373182e+03             inf     0.00000e+00          260.00     0.00000e+00
 330 -5.01372481e+03             inf     0.00000e+00          277.10     0.00000e+00
 340 -5.01372218e+03             inf     0.00000e+00          295.86     0.00000e+00
 343 -5.01372209e+03             inf     0.00000e+00          300.88     0.00000e+00
==============================================================================================
Pass              LB             iUB             iHW       F time       B time    Wall time
Sim1000    -5.01372e+03    -2.69272e+03     8.27216e+02         0.00         0.00       335.71
==============================================================================================
