Hydro_R2_AR1_T12_N5_15_I10000_Time60_DW_DUAL_MC_DS_0.6000_cvx_hull2
Multicut: True
Dynamic Sampling: True
==============================================================================================
Pass              LB             iUB             iHW    Wall time           Other
==============================================================================================
   0 -1.00000858e+08             inf     0.00000e+00            0.01     0.00000e+00
  10 -4.75001685e+03             inf     0.00000e+00            0.77     0.00000e+00
  20 -4.73630967e+03             inf     0.00000e+00            2.49     0.00000e+00
  30 -4.73104754e+03             inf     0.00000e+00            5.04     0.00000e+00
  40 -4.72710062e+03             inf     0.00000e+00            7.30     0.00000e+00
  50 -4.72515540e+03             inf     0.00000e+00            9.95     0.00000e+00
  60 -4.72390046e+03             inf     0.00000e+00           13.01     0.00000e+00
  70 -4.72324780e+03             inf     0.00000e+00           17.52     0.00000e+00
  80 -4.72276792e+03             inf     0.00000e+00           22.01     0.00000e+00
  90 -4.72237281e+03             inf     0.00000e+00           27.06     0.00000e+00
 100 -4.72226669e+03             inf     0.00000e+00           32.71     0.00000e+00
 110 -4.72195204e+03             inf     0.00000e+00           38.56     0.00000e+00
 120 -4.72117635e+03             inf     0.00000e+00           45.05     0.00000e+00
 130 -4.72083331e+03             inf     0.00000e+00           54.17     0.00000e+00
 138 -4.72079332e+03             inf     0.00000e+00           60.49     0.00000e+00
==============================================================================================
Pass              LB             iUB             iHW       F time       B time    Wall time
Sim1000    -4.72079e+03    -3.27990e+03     7.09762e+02         0.00         0.00        83.11
==============================================================================================
