Hydro_R2_AR1_T12_N5_15_I10000_Time300_DW_DUAL_MC_DS_0.0008_cube
Multicut: True
Dynamic Sampling: True
==============================================================================================
Pass              LB             iUB             iHW    Wall time           Other
==============================================================================================
   0 -1.00000858e+08             inf     0.00000e+00            0.01     0.00000e+00
  10 -5.07458884e+03             inf     0.00000e+00            0.71     0.00000e+00
  20 -5.06341089e+03             inf     0.00000e+00            1.93     0.00000e+00
  30 -5.06240210e+03             inf     0.00000e+00            3.42     0.00000e+00
  40 -5.06005491e+03             inf     0.00000e+00            5.31     0.00000e+00
  50 -5.05987665e+03             inf     0.00000e+00            7.73     0.00000e+00
  60 -5.05984387e+03             inf     0.00000e+00           10.44     0.00000e+00
  70 -5.05982558e+03             inf     0.00000e+00           13.50     0.00000e+00
  80 -5.05956743e+03             inf     0.00000e+00           17.09     0.00000e+00
  90 -5.05953460e+03             inf     0.00000e+00           21.05     0.00000e+00
 100 -5.05934892e+03             inf     0.00000e+00           25.34     0.00000e+00
 110 -5.05876011e+03             inf     0.00000e+00           30.13     0.00000e+00
 120 -5.05862637e+03             inf     0.00000e+00           35.48     0.00000e+00
 130 -5.05861350e+03             inf     0.00000e+00           41.55     0.00000e+00
 140 -5.05836007e+03             inf     0.00000e+00           48.25     0.00000e+00
 150 -5.05835333e+03             inf     0.00000e+00           55.46     0.00000e+00
 160 -5.05834861e+03             inf     0.00000e+00           63.27     0.00000e+00
 170 -5.05827246e+03             inf     0.00000e+00           71.64     0.00000e+00
 180 -5.05824020e+03             inf     0.00000e+00           80.56     0.00000e+00
 190 -5.05811476e+03             inf     0.00000e+00           90.12     0.00000e+00
 200 -5.05807914e+03             inf     0.00000e+00          100.33     0.00000e+00
 210 -5.05807347e+03             inf     0.00000e+00          111.26     0.00000e+00
 220 -5.05807083e+03             inf     0.00000e+00          122.80     0.00000e+00
 230 -5.05806806e+03             inf     0.00000e+00          135.07     0.00000e+00
 240 -5.05806610e+03             inf     0.00000e+00          148.14     0.00000e+00
 250 -5.05806499e+03             inf     0.00000e+00          162.21     0.00000e+00
 260 -5.05806313e+03             inf     0.00000e+00          176.84     0.00000e+00
 270 -5.05806078e+03             inf     0.00000e+00          191.94     0.00000e+00
 280 -5.05802192e+03             inf     0.00000e+00          207.69     0.00000e+00
 290 -5.05802000e+03             inf     0.00000e+00          223.88     0.00000e+00
 300 -5.05799368e+03             inf     0.00000e+00          240.90     0.00000e+00
 310 -5.05799127e+03             inf     0.00000e+00          258.42     0.00000e+00
 320 -5.05798740e+03             inf     0.00000e+00          276.64     0.00000e+00
 330 -5.05798111e+03             inf     0.00000e+00          295.43     0.00000e+00
 333 -5.05798054e+03             inf     0.00000e+00          301.25     0.00000e+00
==============================================================================================
Pass              LB             iUB             iHW       F time       B time    Wall time
Sim1000    -5.05798e+03    -1.18471e+03     8.75306e+02         0.00         0.00       327.88
==============================================================================================
