Hydro_R2_AR1_T12_N5_15_I10000_Time60_DW_DUAL_MC_DS_0.0005_cvx_hull2
Multicut: True
Dynamic Sampling: True
==============================================================================================
Pass              LB             iUB             iHW    Wall time           Other
==============================================================================================
   0 -1.00000858e+08             inf     0.00000e+00            0.01     0.00000e+00
  10 -5.07220362e+03             inf     0.00000e+00            0.84     0.00000e+00
  20 -5.06113635e+03             inf     0.00000e+00            2.71     0.00000e+00
  30 -5.06002515e+03             inf     0.00000e+00            5.18     0.00000e+00
  40 -5.05643876e+03             inf     0.00000e+00            7.37     0.00000e+00
  50 -5.05550499e+03             inf     0.00000e+00            9.68     0.00000e+00
  60 -5.05516576e+03             inf     0.00000e+00           12.44     0.00000e+00
  70 -5.05459561e+03             inf     0.00000e+00           15.64     0.00000e+00
  80 -5.05442609e+03             inf     0.00000e+00           19.43     0.00000e+00
  90 -5.05434051e+03             inf     0.00000e+00           24.14     0.00000e+00
 100 -5.05426855e+03             inf     0.00000e+00           29.73     0.00000e+00
 110 -5.05396205e+03             inf     0.00000e+00           35.49     0.00000e+00
 120 -5.05392228e+03             inf     0.00000e+00           42.72     0.00000e+00
 130 -5.05385564e+03             inf     0.00000e+00           50.79     0.00000e+00
 140 -5.05384755e+03             inf     0.00000e+00           58.79     0.00000e+00
 142 -5.05384670e+03             inf     0.00000e+00           60.33     0.00000e+00
==============================================================================================
Pass              LB             iUB             iHW       F time       B time    Wall time
Sim1000    -5.05385e+03    -2.85946e+03     7.16486e+02         0.00         0.00        81.25
==============================================================================================
