Hydro_R10_AR1_T12_N5_5_I101000_Time20_DW_PRIMAL_SC_DS_2.0000000_None
Multicut: False
Dynamic Sampling: True
==============================================================================================
Pass              LB             iUB             iHW    Wall time           Other
==============================================================================================
   0 -1.00003692e+08             inf     0.00000e+00            0.03     0.00000e+00
  10  1.23351268e+04             inf     0.00000e+00            0.55     0.00000e+00
  20  1.33117474e+04             inf     0.00000e+00            1.13     0.00000e+00
  30  1.34261910e+04             inf     0.00000e+00            1.73     0.00000e+00
  40  1.34458228e+04             inf     0.00000e+00            2.41     0.00000e+00
  50  1.34559905e+04             inf     0.00000e+00            3.17     0.00000e+00
  60  1.34613764e+04             inf     0.00000e+00            3.85     0.00000e+00
  70  1.34641683e+04             inf     0.00000e+00            4.61     0.00000e+00
  80  1.34648908e+04             inf     0.00000e+00            5.35     0.00000e+00
  90  1.34674518e+04             inf     0.00000e+00            6.18     0.00000e+00
 100  1.34692478e+04             inf     0.00000e+00            7.00     0.00000e+00
 110  1.34703523e+04             inf     0.00000e+00            7.84     0.00000e+00
 120  1.34709177e+04             inf     0.00000e+00            8.73     0.00000e+00
 130  1.34716363e+04             inf     0.00000e+00            9.65     0.00000e+00
 140  1.34720377e+04             inf     0.00000e+00           10.58     0.00000e+00
 150  1.34725150e+04             inf     0.00000e+00           11.56     0.00000e+00
 160  1.34728174e+04             inf     0.00000e+00           12.57     0.00000e+00
 170  1.34732152e+04             inf     0.00000e+00           13.61     0.00000e+00
 180  1.34734786e+04             inf     0.00000e+00           14.66     0.00000e+00
 190  1.34737918e+04             inf     0.00000e+00           15.74     0.00000e+00
 200  1.34741239e+04             inf     0.00000e+00           16.88     0.00000e+00
 210  1.34743314e+04             inf     0.00000e+00           18.07     0.00000e+00
 220  1.34745577e+04             inf     0.00000e+00           19.37     0.00000e+00
 226  1.34747209e+04             inf     0.00000e+00           20.14     0.00000e+00
Time profiling
           Pass        # LPs        setup      simplex       output   cut update      cut gen        other        total
        Forward         2724         0.42         0.62         0.14         0.01         0.00         8.42         9.61
       Backward        12430         2.16         2.63         3.17         0.03         2.37         0.18        10.53
==============================================================================================
Pass              LB             iUB             iHW       F time       B time    Wall time
Sim500     1.34747e+04     6.93162e+03     4.99226e+02         0.00         0.00        31.48
==============================================================================================
Mean:   	   6931.62
Median: 	   5913.96
SD:     	   5581.52
20-80: 	(   2183.18,   11571.95)
10-90: 	(    574.85,   14508.80)
05-95: 	(   -830.60,   17170.17)
