Hydro_R2_AR1_T12_N5_30_I10000_Time100_DW_DUAL_MC_DS_1.0000_cvx_hull
Multicut: True
Dynamic Sampling: True
==============================================================================================
Pass              LB             iUB             iHW    Wall time           Other
==============================================================================================
   0 -1.00000858e+08             inf     0.00000e+00            0.01     0.00000e+00
  10 -4.59628194e+03             inf     0.00000e+00            1.85     0.00000e+00
  20 -4.58562775e+03             inf     0.00000e+00            5.42     0.00000e+00
  30 -4.58505891e+03             inf     0.00000e+00           10.37     0.00000e+00
  40 -4.58409244e+03             inf     0.00000e+00           16.68     0.00000e+00
  50 -4.58397206e+03             inf     0.00000e+00           24.17     0.00000e+00
  60 -4.58395288e+03             inf     0.00000e+00           33.55     0.00000e+00
  70 -4.58394682e+03             inf     0.00000e+00           45.10     0.00000e+00
  80 -4.58394389e+03             inf     0.00000e+00           59.19     0.00000e+00
  90 -4.58394102e+03             inf     0.00000e+00           75.30     0.00000e+00
 100 -4.58392699e+03             inf     0.00000e+00           94.00     0.00000e+00
 103 -4.58392695e+03             inf     0.00000e+00          100.24     0.00000e+00
==============================================================================================
Pass              LB             iUB             iHW       F time       B time    Wall time
Sim1000    -4.58393e+03    -5.03686e+01     9.38332e+02         0.00         0.00       122.70
==============================================================================================
