Hydro_R10_AR1_T12_N10_10_I10000_Time20_DW_DUAL_MC_DS_0.1500000_None
Multicut: True
Dynamic Sampling: True
==============================================================================================
Pass              LB             iUB             iHW    Wall time           Other
==============================================================================================
   0 -1.00004104e+08             inf     0.00000e+00            0.01     0.00000e+00
  10 -3.38317979e+04             inf     0.00000e+00            0.82     0.00000e+00
  20 -3.37947353e+04             inf     0.00000e+00            1.92     0.00000e+00
  30 -3.37735603e+04             inf     0.00000e+00            3.28     0.00000e+00
  40 -3.37669962e+04             inf     0.00000e+00            5.07     0.00000e+00
  50 -3.37611545e+04             inf     0.00000e+00            7.04     0.00000e+00
  60 -3.37572776e+04             inf     0.00000e+00            9.20     0.00000e+00
  70 -3.37555465e+04             inf     0.00000e+00           11.64     0.00000e+00
  80 -3.37537705e+04             inf     0.00000e+00           14.40     0.00000e+00
  90 -3.37518536e+04             inf     0.00000e+00           17.53     0.00000e+00
  98 -3.37512633e+04             inf     0.00000e+00           20.26     0.00000e+00
Time profiling
           Pass        # LPs        setup      simplex       output   cut update      cut gen        other        total
        Forward         1188         0.19         0.80         0.07         0.00         0.00         0.41         1.47
       Backward        10780         1.87         6.09         8.98         0.03         1.55         0.28        18.79
==============================================================================================
Pass              LB             iUB             iHW       F time       B time    Wall time
Sim500    -3.37513e+04    -3.45288e+04     2.04018e+02         0.00         0.00        33.60
==============================================================================================
Mean:   	 -34528.82
Median: 	 -34472.52
SD:     	   2280.99
20-80: 	( -36229.90,  -32698.09)
10-90: 	( -37353.06,  -31630.25)
05-95: 	( -38337.43,  -30826.88)
