Hydro_R2_AR1_T12_N5_15_I10000_Time300_DW_DUAL_MC_DS_0.0050_cvx_hull2
Multicut: True
Dynamic Sampling: True
==============================================================================================
Pass              LB             iUB             iHW    Wall time           Other
==============================================================================================
   0 -1.00000858e+08             inf     0.00000e+00            0.01     0.00000e+00
  10 -5.07036390e+03             inf     0.00000e+00            0.87     0.00000e+00
  20 -5.06028846e+03             inf     0.00000e+00            2.31     0.00000e+00
  30 -5.05854734e+03             inf     0.00000e+00            4.48     0.00000e+00
  40 -5.05622522e+03             inf     0.00000e+00            7.08     0.00000e+00
  50 -5.05599502e+03             inf     0.00000e+00            9.83     0.00000e+00
  60 -5.05588639e+03             inf     0.00000e+00           12.66     0.00000e+00
  70 -5.05586787e+03             inf     0.00000e+00           15.72     0.00000e+00
  80 -5.05557874e+03             inf     0.00000e+00           19.14     0.00000e+00
  90 -5.05555097e+03             inf     0.00000e+00           22.92     0.00000e+00
 100 -5.05539025e+03             inf     0.00000e+00           27.25     0.00000e+00
 110 -5.05438503e+03             inf     0.00000e+00           32.92     0.00000e+00
 120 -5.05426341e+03             inf     0.00000e+00           38.33     0.00000e+00
 130 -5.05424952e+03             inf     0.00000e+00           43.97     0.00000e+00
 140 -5.05423354e+03             inf     0.00000e+00           50.03     0.00000e+00
 150 -5.05422806e+03             inf     0.00000e+00           56.59     0.00000e+00
 160 -5.05422289e+03             inf     0.00000e+00           64.06     0.00000e+00
 170 -5.05415717e+03             inf     0.00000e+00           71.84     0.00000e+00
 180 -5.05409457e+03             inf     0.00000e+00           79.72     0.00000e+00
 190 -5.05398251e+03             inf     0.00000e+00           87.91     0.00000e+00
 200 -5.05394040e+03             inf     0.00000e+00           97.45     0.00000e+00
 210 -5.05393545e+03             inf     0.00000e+00          108.27     0.00000e+00
 220 -5.05393327e+03             inf     0.00000e+00          119.59     0.00000e+00
 230 -5.05393240e+03             inf     0.00000e+00          130.60     0.00000e+00
 240 -5.05393154e+03             inf     0.00000e+00          141.08     0.00000e+00
 250 -5.05393093e+03             inf     0.00000e+00          151.97     0.00000e+00
 260 -5.05392957e+03             inf     0.00000e+00          163.70     0.00000e+00
 270 -5.05392220e+03             inf     0.00000e+00          176.25     0.00000e+00
 280 -5.05388385e+03             inf     0.00000e+00          191.30     0.00000e+00
 290 -5.05388307e+03             inf     0.00000e+00          206.35     0.00000e+00
 300 -5.05375660e+03             inf     0.00000e+00          222.00     0.00000e+00
 310 -5.05374857e+03             inf     0.00000e+00          237.74     0.00000e+00
 320 -5.05374451e+03             inf     0.00000e+00          254.02     0.00000e+00
 330 -5.05373547e+03             inf     0.00000e+00          270.95     0.00000e+00
 340 -5.05373277e+03             inf     0.00000e+00          288.43     0.00000e+00
 347 -5.05373176e+03             inf     0.00000e+00          300.77     0.00000e+00
==============================================================================================
Pass              LB             iUB             iHW       F time       B time    Wall time
Sim1000    -5.05373e+03    -2.69190e+03     8.27232e+02         0.00         0.00       326.40
==============================================================================================
