Hydro_R2_AR1_T12_N5_15_I10000_Time300_DW_DUAL_MC_DS_0.3000_cube
Multicut: True
Dynamic Sampling: True
==============================================================================================
Pass              LB             iUB             iHW    Wall time           Other
==============================================================================================
   0 -1.00000858e+08             inf     0.00000e+00            0.02     0.00000e+00
  10 -4.91306764e+03             inf     0.00000e+00            0.78     0.00000e+00
  20 -4.90533507e+03             inf     0.00000e+00            1.97     0.00000e+00
  30 -4.90485482e+03             inf     0.00000e+00            3.56     0.00000e+00
  40 -4.90450219e+03             inf     0.00000e+00            5.63     0.00000e+00
  50 -4.90441503e+03             inf     0.00000e+00            8.00     0.00000e+00
  60 -4.90436862e+03             inf     0.00000e+00           10.76     0.00000e+00
  70 -4.90434420e+03             inf     0.00000e+00           13.97     0.00000e+00
  80 -4.90404749e+03             inf     0.00000e+00           17.57     0.00000e+00
  90 -4.90402770e+03             inf     0.00000e+00           21.67     0.00000e+00
 100 -4.90392173e+03             inf     0.00000e+00           26.26     0.00000e+00
 110 -4.90330318e+03             inf     0.00000e+00           31.45     0.00000e+00
 120 -4.90296764e+03             inf     0.00000e+00           37.37     0.00000e+00
 130 -4.90296203e+03             inf     0.00000e+00           43.78     0.00000e+00
 140 -4.90294770e+03             inf     0.00000e+00           50.77     0.00000e+00
 150 -4.90293317e+03             inf     0.00000e+00           58.34     0.00000e+00
 160 -4.90293087e+03             inf     0.00000e+00           66.64     0.00000e+00
 170 -4.90284094e+03             inf     0.00000e+00           75.49     0.00000e+00
 180 -4.90282698e+03             inf     0.00000e+00           84.83     0.00000e+00
 190 -4.90262778e+03             inf     0.00000e+00           95.05     0.00000e+00
 200 -4.90258420e+03             inf     0.00000e+00          105.81     0.00000e+00
 210 -4.90257350e+03             inf     0.00000e+00          117.38     0.00000e+00
 220 -4.90257008e+03             inf     0.00000e+00          129.65     0.00000e+00
 230 -4.90256757e+03             inf     0.00000e+00          142.55     0.00000e+00
 240 -4.90256410e+03             inf     0.00000e+00          156.20     0.00000e+00
 250 -4.90256323e+03             inf     0.00000e+00          170.49     0.00000e+00
 260 -4.90253536e+03             inf     0.00000e+00          185.57     0.00000e+00
 270 -4.90249883e+03             inf     0.00000e+00          201.43     0.00000e+00
 280 -4.90244186e+03             inf     0.00000e+00          217.87     0.00000e+00
 290 -4.90244161e+03             inf     0.00000e+00          234.88     0.00000e+00
 300 -4.90234652e+03             inf     0.00000e+00          252.61     0.00000e+00
 310 -4.90233497e+03             inf     0.00000e+00          270.95     0.00000e+00
 320 -4.90232124e+03             inf     0.00000e+00          290.05     0.00000e+00
 326 -4.90231670e+03             inf     0.00000e+00          300.48     0.00000e+00
==============================================================================================
Pass              LB             iUB             iHW       F time       B time    Wall time
Sim1000    -4.90232e+03    -1.20828e+03     8.75314e+02         0.00         0.00       328.03
==============================================================================================
