Hydro_R2_AR1_T12_N5_15_I10000_Time60_DW_DUAL_MC_DS_0.8000_cvx_hull2
Multicut: True
Dynamic Sampling: True
==============================================================================================
Pass              LB             iUB             iHW    Wall time           Other
==============================================================================================
   0 -1.00000858e+08             inf     0.00000e+00            0.01     0.00000e+00
  10 -4.64901290e+03             inf     0.00000e+00            0.71     0.00000e+00
  20 -4.62634673e+03             inf     0.00000e+00            2.11     0.00000e+00
  30 -4.61857162e+03             inf     0.00000e+00            4.21     0.00000e+00
  40 -4.61768048e+03             inf     0.00000e+00            6.24     0.00000e+00
  50 -4.61458259e+03             inf     0.00000e+00            8.91     0.00000e+00
  60 -4.61410693e+03             inf     0.00000e+00           11.91     0.00000e+00
  70 -4.61327085e+03             inf     0.00000e+00           15.42     0.00000e+00
  80 -4.61282801e+03             inf     0.00000e+00           19.25     0.00000e+00
  90 -4.61238411e+03             inf     0.00000e+00           24.20     0.00000e+00
 100 -4.61210114e+03             inf     0.00000e+00           29.91     0.00000e+00
 110 -4.61208075e+03             inf     0.00000e+00           35.16     0.00000e+00
 120 -4.61205780e+03             inf     0.00000e+00           41.32     0.00000e+00
 130 -4.61184152e+03             inf     0.00000e+00           50.78     0.00000e+00
 140 -4.61182379e+03             inf     0.00000e+00           58.00     0.00000e+00
 143 -4.61177350e+03             inf     0.00000e+00           60.22     0.00000e+00
==============================================================================================
Pass              LB             iUB             iHW       F time       B time    Wall time
Sim1000    -4.61177e+03    -3.27959e+03     7.09753e+02         0.00         0.00        84.02
==============================================================================================
