Hydro_R2_AR1_T12_N5_15_I10000_Time60_DW_DUAL_MC_DS_9.0000_cvx_hull2
Multicut: True
Dynamic Sampling: True
==============================================================================================
Pass              LB             iUB             iHW    Wall time           Other
==============================================================================================
   0 -1.00000858e+08             inf     0.00000e+00            0.02     0.00000e+00
  10 -2.33366191e+03             inf     0.00000e+00            1.40     0.00000e+00
  20 -2.33366191e+03             inf     0.00000e+00            3.85     0.00000e+00
  30 -2.33366191e+03             inf     0.00000e+00            7.15     0.00000e+00
  40 -2.33366191e+03             inf     0.00000e+00           12.51     0.00000e+00
  50 -2.33366191e+03             inf     0.00000e+00           16.71     0.00000e+00
  60 -2.33366191e+03             inf     0.00000e+00           20.91     0.00000e+00
  70 -2.33366191e+03             inf     0.00000e+00           25.76     0.00000e+00
  80 -2.33366191e+03             inf     0.00000e+00           30.13     0.00000e+00
  90 -2.33366191e+03             inf     0.00000e+00           35.41     0.00000e+00
 100 -2.33366191e+03             inf     0.00000e+00           41.01     0.00000e+00
 110 -2.33366191e+03             inf     0.00000e+00           47.57     0.00000e+00
 120 -2.33366191e+03             inf     0.00000e+00           53.05     0.00000e+00
 130 -2.33366191e+03             inf     0.00000e+00           59.02     0.00000e+00
 132 -2.33366191e+03             inf     0.00000e+00           60.29     0.00000e+00
==============================================================================================
Pass              LB             iUB             iHW       F time       B time    Wall time
Sim1000    -2.33366e+03    -2.59007e+03     8.29260e+02         0.00         0.00        83.88
==============================================================================================
