Hydro_R10_AR1_T12_N10_10_I10000_Time20_DW_DUAL_MC_DS_50.0000000_None
Multicut: True
Dynamic Sampling: True
==============================================================================================
Pass              LB             iUB             iHW    Wall time           Other
==============================================================================================
   0 -1.00004104e+08             inf     0.00000e+00            0.01     0.00000e+00
  10 -2.57137441e+04             inf     0.00000e+00            0.74     0.00000e+00
  20 -2.55672660e+04             inf     0.00000e+00            1.63     0.00000e+00
  30 -2.55520714e+04             inf     0.00000e+00            2.65     0.00000e+00
  40 -2.55506454e+04             inf     0.00000e+00            3.92     0.00000e+00
  50 -2.55502896e+04             inf     0.00000e+00            5.19     0.00000e+00
  60 -2.55502896e+04             inf     0.00000e+00            6.62     0.00000e+00
  70 -2.55502896e+04             inf     0.00000e+00            8.16     0.00000e+00
  80 -2.55502896e+04             inf     0.00000e+00            9.84     0.00000e+00
  90 -2.55502896e+04             inf     0.00000e+00           11.58     0.00000e+00
 100 -2.55502896e+04             inf     0.00000e+00           13.48     0.00000e+00
 110 -2.55502896e+04             inf     0.00000e+00           15.52     0.00000e+00
 120 -2.55502896e+04             inf     0.00000e+00           17.75     0.00000e+00
 130 -2.55502896e+04             inf     0.00000e+00           20.12     0.00000e+00
Time profiling
           Pass        # LPs        setup      simplex       output   cut update      cut gen        other        total
        Forward         1572         0.24         0.64         0.08         0.00         0.00         0.50         1.47
       Backward        14300         2.39         5.49         8.60         0.03         1.86         0.28        18.65
==============================================================================================
Pass              LB             iUB             iHW       F time       B time    Wall time
Sim500    -2.55503e+04    -3.33821e+04     1.72515e+02         0.00         0.00        30.49
==============================================================================================
Mean:   	 -33382.07
Median: 	 -33310.05
SD:     	   1928.78
20-80: 	( -34926.89,  -31763.91)
10-90: 	( -35748.05,  -30966.63)
05-95: 	( -36585.73,  -30421.21)
