Hydro_R2_AR1_T12_N5_30_I10000_Time100_DW_DUAL_MC_DS_0.0005_cvx_hull2
Multicut: True
Dynamic Sampling: True
==============================================================================================
Pass              LB             iUB             iHW    Wall time           Other
==============================================================================================
   0 -1.00000858e+08             inf     0.00000e+00            0.01     0.00000e+00
  10 -5.06940102e+03             inf     0.00000e+00            2.15     0.00000e+00
  20 -5.06384868e+03             inf     0.00000e+00            5.52     0.00000e+00
  30 -5.06131189e+03             inf     0.00000e+00            9.88     0.00000e+00
  40 -5.05926803e+03             inf     0.00000e+00           15.12     0.00000e+00
  50 -5.05895521e+03             inf     0.00000e+00           21.48     0.00000e+00
  60 -5.05882896e+03             inf     0.00000e+00           29.15     0.00000e+00
  70 -5.05880533e+03             inf     0.00000e+00           38.35     0.00000e+00
  80 -5.05854905e+03             inf     0.00000e+00           48.98     0.00000e+00
  90 -5.05852257e+03             inf     0.00000e+00           61.34     0.00000e+00
 100 -5.05836261e+03             inf     0.00000e+00           75.29     0.00000e+00
 110 -5.05745688e+03             inf     0.00000e+00           91.14     0.00000e+00
 116 -5.05743482e+03             inf     0.00000e+00          101.66     0.00000e+00
==============================================================================================
Pass              LB             iUB             iHW       F time       B time    Wall time
Sim1000    -5.05743e+03    -4.90463e+02     9.55205e+02         0.00         0.00       122.88
==============================================================================================
