Hydro_R2_AR1_T12_N5_15_I10000_Time300_DW_DUAL_MC_DS_0.0003_cube
Multicut: True
Dynamic Sampling: True
==============================================================================================
Pass              LB             iUB             iHW    Wall time           Other
==============================================================================================
   0 -1.00000858e+08             inf     0.00000e+00            0.01     0.00000e+00
  10 -5.07490022e+03             inf     0.00000e+00            0.82     0.00000e+00
  20 -5.06374964e+03             inf     0.00000e+00            1.99     0.00000e+00
  30 -5.06273310e+03             inf     0.00000e+00            3.52     0.00000e+00
  40 -5.06038343e+03             inf     0.00000e+00            5.45     0.00000e+00
  50 -5.06019610e+03             inf     0.00000e+00            7.88     0.00000e+00
  60 -5.06016245e+03             inf     0.00000e+00           10.60     0.00000e+00
  70 -5.06014282e+03             inf     0.00000e+00           13.67     0.00000e+00
  80 -5.05988680e+03             inf     0.00000e+00           17.07     0.00000e+00
  90 -5.05985529e+03             inf     0.00000e+00           20.99     0.00000e+00
 100 -5.05967057e+03             inf     0.00000e+00           25.15     0.00000e+00
 110 -5.05908690e+03             inf     0.00000e+00           29.90     0.00000e+00
 120 -5.05895242e+03             inf     0.00000e+00           35.16     0.00000e+00
 130 -5.05893996e+03             inf     0.00000e+00           41.03     0.00000e+00
 140 -5.05868962e+03             inf     0.00000e+00           47.52     0.00000e+00
 150 -5.05868306e+03             inf     0.00000e+00           54.67     0.00000e+00
 160 -5.05867831e+03             inf     0.00000e+00           62.38     0.00000e+00
 170 -5.05860344e+03             inf     0.00000e+00           70.60     0.00000e+00
 180 -5.05857219e+03             inf     0.00000e+00           79.32     0.00000e+00
 190 -5.05844729e+03             inf     0.00000e+00           88.77     0.00000e+00
 200 -5.05841194e+03             inf     0.00000e+00           99.19     0.00000e+00
 210 -5.05840650e+03             inf     0.00000e+00          110.28     0.00000e+00
 220 -5.05840403e+03             inf     0.00000e+00          120.17     0.00000e+00
 230 -5.05840125e+03             inf     0.00000e+00          131.13     0.00000e+00
 240 -5.05839928e+03             inf     0.00000e+00          143.78     0.00000e+00
 250 -5.05839813e+03             inf     0.00000e+00          157.09     0.00000e+00
 260 -5.05839637e+03             inf     0.00000e+00          171.08     0.00000e+00
 270 -5.05839376e+03             inf     0.00000e+00          185.68     0.00000e+00
 280 -5.05835459e+03             inf     0.00000e+00          200.96     0.00000e+00
 290 -5.05835264e+03             inf     0.00000e+00          216.75     0.00000e+00
 300 -5.05832623e+03             inf     0.00000e+00          233.34     0.00000e+00
 310 -5.05832392e+03             inf     0.00000e+00          250.44     0.00000e+00
 320 -5.05832014e+03             inf     0.00000e+00          268.54     0.00000e+00
 330 -5.05831380e+03             inf     0.00000e+00          286.87     0.00000e+00
 337 -5.05831265e+03             inf     0.00000e+00          300.13     0.00000e+00
==============================================================================================
Pass              LB             iUB             iHW       F time       B time    Wall time
Sim1000    -5.05831e+03    -8.76228e+02     8.91988e+02         0.00         0.00       327.65
==============================================================================================
