Hydro_R10_AR1_T12_N10_10_I10000_Time20_DW_DUAL_MC_DS_0.3000000_None
Multicut: True
Dynamic Sampling: True
==============================================================================================
Pass              LB             iUB             iHW    Wall time           Other
==============================================================================================
   0 -1.00004104e+08             inf     0.00000e+00            0.01     0.00000e+00
  10 -3.37191029e+04             inf     0.00000e+00            0.79     0.00000e+00
  20 -3.36239108e+04             inf     0.00000e+00            1.86     0.00000e+00
  30 -3.36061499e+04             inf     0.00000e+00            3.23     0.00000e+00
  40 -3.35998159e+04             inf     0.00000e+00            4.88     0.00000e+00
  50 -3.35949542e+04             inf     0.00000e+00            6.87     0.00000e+00
  60 -3.35930502e+04             inf     0.00000e+00            9.08     0.00000e+00
  70 -3.35912223e+04             inf     0.00000e+00           11.54     0.00000e+00
  80 -3.35901944e+04             inf     0.00000e+00           14.34     0.00000e+00
  90 -3.35890932e+04             inf     0.00000e+00           17.42     0.00000e+00
  98 -3.35885585e+04             inf     0.00000e+00           20.11     0.00000e+00
Time profiling
           Pass        # LPs        setup      simplex       output   cut update      cut gen        other        total
        Forward         1188         0.18         0.78         0.07         0.00         0.00         0.39         1.43
       Backward        10780         1.85         6.12         8.87         0.03         1.54         0.27        18.68
==============================================================================================
Pass              LB             iUB             iHW       F time       B time    Wall time
Sim500    -3.35886e+04    -3.45251e+04     2.03479e+02         0.00         0.00        33.54
==============================================================================================
Mean:   	 -34525.12
Median: 	 -34481.28
SD:     	   2274.97
20-80: 	( -36241.75,  -32704.17)
10-90: 	( -37320.93,  -31608.22)
05-95: 	( -38339.61,  -30878.80)
