Hydro_R10_AR1_T52_N10_10_I101000_Time20_DW_DUAL_MC_ES_20.0000000_None
Multicut: True
Dynamic Sampling: False
==============================================================================================
Pass              LB             iUB             iHW    Wall time           Other
==============================================================================================
   0 -1.00006609e+08             inf     0.00000e+00            0.05     0.00000e+00
  10 -1.25220977e+05             inf     0.00000e+00            3.85     0.00000e+00
  20 -1.24219640e+05             inf     0.00000e+00            8.45     0.00000e+00
  30 -1.24149227e+05             inf     0.00000e+00           13.76     0.00000e+00
  40 -1.24145444e+05             inf     0.00000e+00           19.74     0.00000e+00
  41 -1.24145444e+05             inf     0.00000e+00           20.39     0.00000e+00
==============================================================================================
Pass              LB             iUB             iHW       F time       B time    Wall time
Sim1000    -1.24145e+05    -1.72650e+05     3.03688e+02         0.00         0.00       106.69
==============================================================================================
Mean:   	-172649.53
Median: 	-172414.03
SD:     	   4801.74
20-80: 	(-176347.51, -168474.51)
10-90: 	(-178531.76, -166714.05)
05-95: 	(-181232.33, -165389.85)
