Hydro_R2_AR1_T12_N5_30_I10000_Time100_DW_DUAL_MC_DS_0.0300_cvx_hull
Multicut: True
Dynamic Sampling: True
==============================================================================================
Pass              LB             iUB             iHW    Wall time           Other
==============================================================================================
   0 -1.00000858e+08             inf     0.00000e+00            0.01     0.00000e+00
  10 -5.06001716e+03             inf     0.00000e+00            2.09     0.00000e+00
  20 -5.05028916e+03             inf     0.00000e+00            6.91     0.00000e+00
  30 -5.04835646e+03             inf     0.00000e+00           12.41     0.00000e+00
  40 -5.04601891e+03             inf     0.00000e+00           19.95     0.00000e+00
  50 -5.04581065e+03             inf     0.00000e+00           29.74     0.00000e+00
  60 -5.04565047e+03             inf     0.00000e+00           41.16     0.00000e+00
  70 -5.04562257e+03             inf     0.00000e+00           55.25     0.00000e+00
  80 -5.04534605e+03             inf     0.00000e+00           70.46     0.00000e+00
  90 -5.04530310e+03             inf     0.00000e+00           87.95     0.00000e+00
  97 -5.04511839e+03             inf     0.00000e+00          101.40     0.00000e+00
==============================================================================================
Pass              LB             iUB             iHW       F time       B time    Wall time
Sim1000    -5.04512e+03     1.16375e+01     9.40303e+02         0.00         0.00       122.97
==============================================================================================
