Hydro_R10_AR1_T12_N10_10_I10000_Time20_SP_MC_ES
Multicut: True
Dynamic Sampling: False
==============================================================================================
Pass              LB             iUB             iHW    Wall time           Other
==============================================================================================
   0 -1.00000661e+09             inf     0.00000e+00            0.01     0.00000e+00
  10 -8.15152551e+04             inf     0.00000e+00            1.47     0.00000e+00
  20 -8.11212562e+04             inf     0.00000e+00            3.48     0.00000e+00
  30 -8.10632385e+04             inf     0.00000e+00            5.80     0.00000e+00
  40 -8.10276495e+04             inf     0.00000e+00            8.22     0.00000e+00
  50 -8.10046546e+04             inf     0.00000e+00           10.82     0.00000e+00
  60 -8.09925672e+04             inf     0.00000e+00           13.79     0.00000e+00
  70 -8.09823598e+04             inf     0.00000e+00           16.90     0.00000e+00
  80 -8.09720339e+04             inf     0.00000e+00           20.31     0.00000e+00
==============================================================================================
Pass              LB             iUB             iHW       F time       B time    Wall time
Sim1000    -8.09720e+04    -7.01430e+04     1.69732e+03         0.00         0.00        44.80
==============================================================================================
Mean:   	 -70143.04
Median: 	 -78874.83
SD:     	  26836.96
20-80: 	( -82214.73,  -67869.01)
10-90: 	( -83054.04,  -51471.03)
05-95: 	( -83565.98,  -27261.63)
