Hydro_R2_AR1_T12_N5_30_I10000_Time100_DW_DUAL_MC_DS_3.0000_cvx_hull2
Multicut: True
Dynamic Sampling: True
==============================================================================================
Pass              LB             iUB             iHW    Wall time           Other
==============================================================================================
   0 -1.00000858e+08             inf     0.00000e+00            0.02     0.00000e+00
  10 -3.41754576e+03             inf     0.00000e+00            2.49     0.00000e+00
  20 -3.41749359e+03             inf     0.00000e+00            6.26     0.00000e+00
  30 -3.41741079e+03             inf     0.00000e+00           11.27     0.00000e+00
  40 -3.41739710e+03             inf     0.00000e+00           18.77     0.00000e+00
  50 -3.41739543e+03             inf     0.00000e+00           28.20     0.00000e+00
  60 -3.41735977e+03             inf     0.00000e+00           36.91     0.00000e+00
  70 -3.41735186e+03             inf     0.00000e+00           50.30     0.00000e+00
  80 -3.41735091e+03             inf     0.00000e+00           65.21     0.00000e+00
  90 -3.41734833e+03             inf     0.00000e+00           79.93     0.00000e+00
 100 -3.41733888e+03             inf     0.00000e+00           99.86     0.00000e+00
 101 -3.41733887e+03             inf     0.00000e+00          101.70     0.00000e+00
==============================================================================================
Pass              LB             iUB             iHW       F time       B time    Wall time
Sim1000    -3.41734e+03    -1.73686e+03     8.95211e+02         0.00         0.00       129.10
==============================================================================================
