Hydro_R2_AR1_T12_N5_15_I10000_Time60_DW_DUAL_MC_DS_0.0080_cvx_hull
Multicut: True
Dynamic Sampling: True
==============================================================================================
Pass              LB             iUB             iHW    Wall time           Other
==============================================================================================
   0 -1.00000858e+08             inf     0.00000e+00            0.01     0.00000e+00
  10 -5.07140556e+03             inf     0.00000e+00            0.75     0.00000e+00
  20 -5.06254941e+03             inf     0.00000e+00            1.88     0.00000e+00
  30 -5.06006734e+03             inf     0.00000e+00            3.40     0.00000e+00
  40 -5.05759869e+03             inf     0.00000e+00            5.36     0.00000e+00
  50 -5.05722013e+03             inf     0.00000e+00            7.81     0.00000e+00
  60 -5.05713653e+03             inf     0.00000e+00           10.59     0.00000e+00
  70 -5.05711833e+03             inf     0.00000e+00           13.77     0.00000e+00
  80 -5.05685274e+03             inf     0.00000e+00           17.40     0.00000e+00
  90 -5.05684345e+03             inf     0.00000e+00           21.59     0.00000e+00
 100 -5.05677515e+03             inf     0.00000e+00           26.41     0.00000e+00
 110 -5.05597153e+03             inf     0.00000e+00           31.81     0.00000e+00
 120 -5.05569968e+03             inf     0.00000e+00           37.53     0.00000e+00
 130 -5.05569309e+03             inf     0.00000e+00           44.10     0.00000e+00
 140 -5.05554810e+03             inf     0.00000e+00           51.87     0.00000e+00
 150 -5.05553473e+03             inf     0.00000e+00           59.71     0.00000e+00
 151 -5.05553465e+03             inf     0.00000e+00           60.60     0.00000e+00
==============================================================================================
Pass              LB             iUB             iHW       F time       B time    Wall time
Sim1000    -5.05553e+03    -2.04173e+00     9.39756e+02         0.00         0.00        81.61
==============================================================================================
