Hydro_R2_AR1_T12_N5_15_I10000_Time60_DW_DUAL_MC_DS_100.0000_cvx_hull2
Multicut: True
Dynamic Sampling: True
==============================================================================================
Pass              LB             iUB             iHW    Wall time           Other
==============================================================================================
   0 -1.00000858e+08             inf     0.00000e+00            0.01     0.00000e+00
  10 -2.33366191e+03             inf     0.00000e+00            1.01     0.00000e+00
  20 -2.33366191e+03             inf     0.00000e+00            2.45     0.00000e+00
  30 -2.33366191e+03             inf     0.00000e+00            4.23     0.00000e+00
  40 -2.33366191e+03             inf     0.00000e+00            6.49     0.00000e+00
  50 -2.33366191e+03             inf     0.00000e+00            9.38     0.00000e+00
  60 -2.33366191e+03             inf     0.00000e+00           12.52     0.00000e+00
  70 -2.33366191e+03             inf     0.00000e+00           16.65     0.00000e+00
  80 -2.33366191e+03             inf     0.00000e+00           21.10     0.00000e+00
  90 -2.33366191e+03             inf     0.00000e+00           25.48     0.00000e+00
 100 -2.33366191e+03             inf     0.00000e+00           30.21     0.00000e+00
 110 -2.33366191e+03             inf     0.00000e+00           35.39     0.00000e+00
 120 -2.33366191e+03             inf     0.00000e+00           42.26     0.00000e+00
 130 -2.33366191e+03             inf     0.00000e+00           49.21     0.00000e+00
 140 -2.33366191e+03             inf     0.00000e+00           56.31     0.00000e+00
 146 -2.33366191e+03             inf     0.00000e+00           60.62     0.00000e+00
==============================================================================================
Pass              LB             iUB             iHW       F time       B time    Wall time
Sim1000    -2.33366e+03    -2.59007e+03     8.29260e+02         0.00         0.00        87.06
==============================================================================================
