Hydro_R10_AR1_T12_N5_5_I10000_Time20_DW_DUAL_MC_DS_0.2000000_None
Multicut: True
Dynamic Sampling: True
==============================================================================================
Pass              LB             iUB             iHW    Wall time           Other
==============================================================================================
   0 -1.00004104e+08             inf     0.00000e+00            0.01     0.00000e+00
  10 -3.44769608e+04             inf     0.00000e+00            0.43     0.00000e+00
  20 -3.44003403e+04             inf     0.00000e+00            0.90     0.00000e+00
  30 -3.43913651e+04             inf     0.00000e+00            1.48     0.00000e+00
  40 -3.43846934e+04             inf     0.00000e+00            2.10     0.00000e+00
  50 -3.43805618e+04             inf     0.00000e+00            2.78     0.00000e+00
  60 -3.43776646e+04             inf     0.00000e+00            3.61     0.00000e+00
  70 -3.43756992e+04             inf     0.00000e+00            4.53     0.00000e+00
  80 -3.43750425e+04             inf     0.00000e+00            5.50     0.00000e+00
  90 -3.43742646e+04             inf     0.00000e+00            6.50     0.00000e+00
 100 -3.43738187e+04             inf     0.00000e+00            7.57     0.00000e+00
 110 -3.43734398e+04             inf     0.00000e+00            8.71     0.00000e+00
 120 -3.43731939e+04             inf     0.00000e+00            9.97     0.00000e+00
 130 -3.43727969e+04             inf     0.00000e+00           11.28     0.00000e+00
 140 -3.43725525e+04             inf     0.00000e+00           12.67     0.00000e+00
 150 -3.43724604e+04             inf     0.00000e+00           14.18     0.00000e+00
 160 -3.43722338e+04             inf     0.00000e+00           15.82     0.00000e+00
 170 -3.43720482e+04             inf     0.00000e+00           17.59     0.00000e+00
 180 -3.43719251e+04             inf     0.00000e+00           19.45     0.00000e+00
 183 -3.43718763e+04             inf     0.00000e+00           20.05     0.00000e+00
Time profiling
           Pass        # LPs        setup      simplex       output   cut update      cut gen        other        total
        Forward         2208         0.37         1.23         0.13         0.01         0.00         0.46         2.20
       Backward        10065         1.95         5.42         8.48         0.03         1.68         0.28        17.84
==============================================================================================
Pass              LB             iUB             iHW       F time       B time    Wall time
Sim500    -3.43719e+04    -3.45410e+04     2.05671e+02         0.00         0.00        32.69
==============================================================================================
Mean:   	 -34541.00
Median: 	 -34489.93
SD:     	   2299.47
20-80: 	( -36313.56,  -32685.82)
10-90: 	( -37388.06,  -31590.46)
05-95: 	( -38397.29,  -30770.24)
