Hydro_R2_AR1_T12_N5_15_I10000_Time60_DW_DUAL_MC_DS_1.0000_None
Multicut: True
Dynamic Sampling: True
==============================================================================================
Pass              LB             iUB             iHW    Wall time           Other
==============================================================================================
   0 -1.00000858e+08             inf     0.00000e+00            0.01     0.00000e+00
  10 -4.53518844e+03             inf     0.00000e+00            1.13     0.00000e+00
  20 -4.52774813e+03             inf     0.00000e+00            3.93     0.00000e+00
  30 -4.52531791e+03             inf     0.00000e+00            5.87     0.00000e+00
  40 -4.52453111e+03             inf     0.00000e+00            8.07     0.00000e+00
  50 -4.52445794e+03             inf     0.00000e+00           10.52     0.00000e+00
  60 -4.52436991e+03             inf     0.00000e+00           13.19     0.00000e+00
  70 -4.52434535e+03             inf     0.00000e+00           16.24     0.00000e+00
  80 -4.52429825e+03             inf     0.00000e+00           19.83     0.00000e+00
  90 -4.52427664e+03             inf     0.00000e+00           24.72     0.00000e+00
 100 -4.52404574e+03             inf     0.00000e+00           28.99     0.00000e+00
 110 -4.52364954e+03             inf     0.00000e+00           33.44     0.00000e+00
 120 -4.52358276e+03             inf     0.00000e+00           38.21     0.00000e+00
 130 -4.52356841e+03             inf     0.00000e+00           43.38     0.00000e+00
 140 -4.52340684e+03             inf     0.00000e+00           48.85     0.00000e+00
 150 -4.52332891e+03             inf     0.00000e+00           54.79     0.00000e+00
 158 -4.52330966e+03             inf     0.00000e+00           60.03     0.00000e+00
==============================================================================================
Pass              LB             iUB             iHW       F time       B time    Wall time
Sim1000    -4.52331e+03    -2.95359e+03     8.23099e+02         0.00         0.00        78.37
==============================================================================================
