Hydro_R2_AR1_T12_N5_15_I10000_Time60_DW_DUAL_MC_DS_0.0015_cvx_hull2
Multicut: True
Dynamic Sampling: True
==============================================================================================
Pass              LB             iUB             iHW    Wall time           Other
==============================================================================================
   0 -1.00000858e+08             inf     0.00000e+00            0.01     0.00000e+00
  10 -5.07224467e+03             inf     0.00000e+00            1.08     0.00000e+00
  20 -5.06216573e+03             inf     0.00000e+00            2.96     0.00000e+00
  30 -5.06038458e+03             inf     0.00000e+00            5.26     0.00000e+00
  40 -5.05808902e+03             inf     0.00000e+00            7.90     0.00000e+00
  50 -5.05791478e+03             inf     0.00000e+00           10.85     0.00000e+00
  60 -5.05776187e+03             inf     0.00000e+00           14.35     0.00000e+00
  70 -5.05774305e+03             inf     0.00000e+00           18.38     0.00000e+00
  80 -5.05745456e+03             inf     0.00000e+00           23.31     0.00000e+00
  90 -5.05742632e+03             inf     0.00000e+00           29.41     0.00000e+00
 100 -5.05726543e+03             inf     0.00000e+00           35.21     0.00000e+00
 110 -5.05625603e+03             inf     0.00000e+00           41.44     0.00000e+00
 120 -5.05613391e+03             inf     0.00000e+00           49.87     0.00000e+00
 130 -5.05611999e+03             inf     0.00000e+00           57.74     0.00000e+00
 134 -5.05610887e+03             inf     0.00000e+00           60.58     0.00000e+00
==============================================================================================
Pass              LB             iUB             iHW       F time       B time    Wall time
Sim1000    -5.05611e+03    -2.66777e+03     8.28027e+02         0.00         0.00        86.52
==============================================================================================
