Hydro_R2_AR1_T12_N5_30_I10000_Time100_DW_DUAL_MC_DS_0.0000_cvx_hull
Multicut: True
Dynamic Sampling: True
==============================================================================================
Pass              LB             iUB             iHW    Wall time           Other
==============================================================================================
   0 -1.00000858e+08             inf     0.00000e+00            0.02     0.00000e+00
  10 -5.07556910e+03             inf     0.00000e+00            2.50     0.00000e+00
  20 -5.06461956e+03             inf     0.00000e+00            8.09     0.00000e+00
  30 -5.06360629e+03             inf     0.00000e+00           16.88     0.00000e+00
  40 -5.06120081e+03             inf     0.00000e+00           26.75     0.00000e+00
  50 -5.06107474e+03             inf     0.00000e+00           36.72     0.00000e+00
  60 -5.06098801e+03             inf     0.00000e+00           48.75     0.00000e+00
  70 -5.06096657e+03             inf     0.00000e+00           63.54     0.00000e+00
  80 -5.06072461e+03             inf     0.00000e+00           82.64     0.00000e+00
  89 -5.06071920e+03             inf     0.00000e+00          101.28     0.00000e+00
==============================================================================================
Pass              LB             iUB             iHW       F time       B time    Wall time
Sim1000    -5.06072e+03     1.12037e+01     9.40289e+02         0.00         0.00       124.06
==============================================================================================
