Hydro_R2_AR1_T12_N5_30_I10000_Time100_DW_DUAL_MC_DS_0.0010_cube
Multicut: True
Dynamic Sampling: True
==============================================================================================
Pass              LB             iUB             iHW    Wall time           Other
==============================================================================================
   0 -1.00000858e+08             inf     0.00000e+00            0.01     0.00000e+00
  10 -5.07412378e+03             inf     0.00000e+00            2.35     0.00000e+00
  20 -5.06458940e+03             inf     0.00000e+00            6.24     0.00000e+00
  30 -5.06280479e+03             inf     0.00000e+00           11.78     0.00000e+00
  40 -5.06024145e+03             inf     0.00000e+00           18.77     0.00000e+00
  50 -5.06000288e+03             inf     0.00000e+00           27.79     0.00000e+00
  60 -5.05984675e+03             inf     0.00000e+00           39.00     0.00000e+00
  70 -5.05973400e+03             inf     0.00000e+00           52.24     0.00000e+00
  80 -5.05956963e+03             inf     0.00000e+00           71.16     0.00000e+00
  90 -5.05954314e+03             inf     0.00000e+00           90.05     0.00000e+00
  95 -5.05929897e+03             inf     0.00000e+00          101.89     0.00000e+00
==============================================================================================
Pass              LB             iUB             iHW       F time       B time    Wall time
Sim1000    -5.05930e+03    -1.18794e+03     8.75379e+02         0.00         0.00       128.38
==============================================================================================
