Hydro_R2_AR1_T12_N5_15_I10000_Time300_DW_DUAL_MC_DS_50.0000_cube
Multicut: True
Dynamic Sampling: True
==============================================================================================
Pass              LB             iUB             iHW    Wall time           Other
==============================================================================================
   0 -1.00000858e+08             inf     0.00000e+00            0.02     0.00000e+00
  10 -3.21944836e+03             inf     0.00000e+00            0.87     0.00000e+00
  20 -3.21944836e+03             inf     0.00000e+00            2.49     0.00000e+00
  30 -3.21944836e+03             inf     0.00000e+00            4.09     0.00000e+00
  40 -3.21944836e+03             inf     0.00000e+00            6.22     0.00000e+00
  50 -3.21944836e+03             inf     0.00000e+00            8.66     0.00000e+00
  60 -3.21944836e+03             inf     0.00000e+00           11.52     0.00000e+00
  70 -3.21944836e+03             inf     0.00000e+00           14.58     0.00000e+00
  80 -3.21944836e+03             inf     0.00000e+00           17.96     0.00000e+00
  90 -3.21944836e+03             inf     0.00000e+00           21.81     0.00000e+00
 100 -3.21944836e+03             inf     0.00000e+00           26.16     0.00000e+00
 110 -3.21944836e+03             inf     0.00000e+00           30.75     0.00000e+00
 120 -3.21944836e+03             inf     0.00000e+00           36.76     0.00000e+00
 130 -3.21944836e+03             inf     0.00000e+00           42.77     0.00000e+00
 140 -3.21944836e+03             inf     0.00000e+00           49.89     0.00000e+00
 150 -3.21944836e+03             inf     0.00000e+00           57.32     0.00000e+00
 160 -3.21944836e+03             inf     0.00000e+00           64.49     0.00000e+00
 170 -3.21944836e+03             inf     0.00000e+00           73.82     0.00000e+00
 180 -3.21944836e+03             inf     0.00000e+00           83.66     0.00000e+00
 190 -3.21944836e+03             inf     0.00000e+00           92.98     0.00000e+00
 200 -3.21944836e+03             inf     0.00000e+00          101.90     0.00000e+00
 210 -3.21944836e+03             inf     0.00000e+00          110.02     0.00000e+00
 220 -3.21944836e+03             inf     0.00000e+00          120.19     0.00000e+00
 230 -3.21944836e+03             inf     0.00000e+00          130.14     0.00000e+00
 240 -3.21944836e+03             inf     0.00000e+00          141.13     0.00000e+00
 250 -3.21944836e+03             inf     0.00000e+00          152.59     0.00000e+00
 260 -3.21944836e+03             inf     0.00000e+00          164.65     0.00000e+00
 270 -3.21944836e+03             inf     0.00000e+00          177.86     0.00000e+00
 280 -3.21944836e+03             inf     0.00000e+00          194.28     0.00000e+00
 290 -3.21944836e+03             inf     0.00000e+00          210.60     0.00000e+00
 300 -3.21944836e+03             inf     0.00000e+00          225.49     0.00000e+00
 310 -3.21944836e+03             inf     0.00000e+00          240.18     0.00000e+00
 320 -3.21944836e+03             inf     0.00000e+00          253.97     0.00000e+00
 330 -3.21944836e+03             inf     0.00000e+00          267.93     0.00000e+00
 340 -3.21944836e+03             inf     0.00000e+00          283.61     0.00000e+00
 350 -3.21944836e+03             inf     0.00000e+00          301.30     0.00000e+00
==============================================================================================
Pass              LB             iUB             iHW       F time       B time    Wall time
Sim1000    -3.21945e+03    -8.91140e+02     9.21778e+02         0.00         0.00       331.11
==============================================================================================
