Hydro_R10_AR1_T12_N30_30_I101000_Time20_DW_DUAL_MC_ES_0.5000000_None
Multicut: True
Dynamic Sampling: False
==============================================================================================
Pass              LB             iUB             iHW    Wall time           Other
==============================================================================================
   0 -1.00006609e+08             inf     0.00000e+00            0.04     0.00000e+00
  10 -7.70725310e+04             inf     0.00000e+00            4.36     0.00000e+00
  20 -7.65556916e+04             inf     0.00000e+00           11.57     0.00000e+00
  29 -7.61700950e+04             inf     0.00000e+00           20.41     0.00000e+00
Time profiling
           Pass        # LPs        setup      simplex       output   cut update      cut gen        other        total
        Forward          360         0.06         0.50         0.02         0.00         0.00         0.03         0.61
       Backward         9570         1.66         9.58         7.24         0.03         1.11         0.17        19.79
==============================================================================================
Pass              LB             iUB             iHW       F time       B time    Wall time
Sim10    -7.61701e+04    -8.06568e+04     1.16981e+03         0.00         0.00        20.88
==============================================================================================
Mean:   	 -80656.76
Median: 	 -81295.25
SD:     	   1849.63
20-80: 	( -82240.53,  -79360.22)
10-90: 	( -82608.27,  -77936.26)
05-95: 	( -82846.34,  -77525.12)
