Hydro_R2_AR1_T12_N5_15_I10000_Time60_DW_DUAL_MC_DS_0.4000_cvx_hull2
Multicut: True
Dynamic Sampling: True
==============================================================================================
Pass              LB             iUB             iHW    Wall time           Other
==============================================================================================
   0 -1.00000858e+08             inf     0.00000e+00            0.01     0.00000e+00
  10 -4.85069292e+03             inf     0.00000e+00            0.89     0.00000e+00
  20 -4.84036084e+03             inf     0.00000e+00            2.22     0.00000e+00
  30 -4.83910740e+03             inf     0.00000e+00            4.05     0.00000e+00
  40 -4.83308132e+03             inf     0.00000e+00            6.73     0.00000e+00
  50 -4.83214092e+03             inf     0.00000e+00            9.24     0.00000e+00
  60 -4.83156868e+03             inf     0.00000e+00           12.27     0.00000e+00
  70 -4.83101960e+03             inf     0.00000e+00           15.59     0.00000e+00
  80 -4.83083733e+03             inf     0.00000e+00           19.56     0.00000e+00
  90 -4.83073033e+03             inf     0.00000e+00           24.28     0.00000e+00
 100 -4.83062547e+03             inf     0.00000e+00           30.60     0.00000e+00
 110 -4.83057846e+03             inf     0.00000e+00           37.01     0.00000e+00
 120 -4.83055032e+03             inf     0.00000e+00           43.13     0.00000e+00
 130 -4.83049417e+03             inf     0.00000e+00           49.63     0.00000e+00
 140 -4.83045073e+03             inf     0.00000e+00           56.97     0.00000e+00
 144 -4.83042721e+03             inf     0.00000e+00           60.23     0.00000e+00
==============================================================================================
Pass              LB             iUB             iHW       F time       B time    Wall time
Sim1000    -4.83043e+03    -3.27966e+03     7.09757e+02         0.00         0.00        84.23
==============================================================================================
