Hydro_R2_AR1_T12_N5_30_I10000_Time100_DW_DUAL_MC_DS_1.0000_None
Multicut: True
Dynamic Sampling: True
==============================================================================================
Pass              LB             iUB             iHW    Wall time           Other
==============================================================================================
   0 -1.00000858e+08             inf     0.00000e+00            0.01     0.00000e+00
  10 -4.52818719e+03             inf     0.00000e+00            2.26     0.00000e+00
  20 -4.52105982e+03             inf     0.00000e+00            5.60     0.00000e+00
  30 -4.51968972e+03             inf     0.00000e+00           10.23     0.00000e+00
  40 -4.51807670e+03             inf     0.00000e+00           17.15     0.00000e+00
  50 -4.51792748e+03             inf     0.00000e+00           26.05     0.00000e+00
  60 -4.51776955e+03             inf     0.00000e+00           40.67     0.00000e+00
  70 -4.51764554e+03             inf     0.00000e+00           52.63     0.00000e+00
  80 -4.51761653e+03             inf     0.00000e+00           64.84     0.00000e+00
  90 -4.51760636e+03             inf     0.00000e+00           78.34     0.00000e+00
 100 -4.51738762e+03             inf     0.00000e+00           93.83     0.00000e+00
 104 -4.51717308e+03             inf     0.00000e+00          100.68     0.00000e+00
==============================================================================================
Pass              LB             iUB             iHW       F time       B time    Wall time
Sim1000    -4.51717e+03    -3.01565e+03     8.23023e+02         0.00         0.00       121.36
==============================================================================================
