Hydro_R2_AR1_T12_N5_30_I10000_Time100_DW_DUAL_MC_DS_0.0003_cvx_hull2
Multicut: True
Dynamic Sampling: True
==============================================================================================
Pass              LB             iUB             iHW    Wall time           Other
==============================================================================================
   0 -1.00000858e+08             inf     0.00000e+00            0.01     0.00000e+00
  10 -5.06869025e+03             inf     0.00000e+00            2.17     0.00000e+00
  20 -5.06411090e+03             inf     0.00000e+00            5.18     0.00000e+00
  30 -5.06209722e+03             inf     0.00000e+00            9.41     0.00000e+00
  40 -5.05995061e+03             inf     0.00000e+00           14.44     0.00000e+00
  50 -5.05978371e+03             inf     0.00000e+00           20.58     0.00000e+00
  60 -5.05968932e+03             inf     0.00000e+00           28.24     0.00000e+00
  70 -5.05966400e+03             inf     0.00000e+00           37.25     0.00000e+00
  80 -5.05940503e+03             inf     0.00000e+00           47.82     0.00000e+00
  90 -5.05937890e+03             inf     0.00000e+00           60.21     0.00000e+00
 100 -5.05922053e+03             inf     0.00000e+00           74.76     0.00000e+00
 110 -5.05828995e+03             inf     0.00000e+00           90.81     0.00000e+00
 116 -5.05827035e+03             inf     0.00000e+00          101.22     0.00000e+00
==============================================================================================
Pass              LB             iUB             iHW       F time       B time    Wall time
Sim1000    -5.05827e+03    -4.83051e+01     9.38187e+02         0.00         0.00       122.21
==============================================================================================
