Hydro_R10_AR1_T12_N10_I101000ESS_DUAL_MC_DW_9.500000_DS
Multicut: True
Dynamic Sampling: True
==============================================================================================
Pass              LB             iUB             iHW    Wall time           Other
==============================================================================================
   0 -1.00006458e+08             inf     0.00000e+00            0.01     0.00000e+00
  10 -5.74418630e+04             inf     0.00000e+00            0.87     0.00000e+00
  20 -5.67789295e+04             inf     0.00000e+00            1.91     0.00000e+00
  30 -5.66866637e+04             inf     0.00000e+00            3.24     0.00000e+00
  40 -5.66134448e+04             inf     0.00000e+00            4.77     0.00000e+00
  50 -5.65794978e+04             inf     0.00000e+00            6.59     0.00000e+00
  60 -5.65671778e+04             inf     0.00000e+00            8.57     0.00000e+00
  70 -5.65457692e+04             inf     0.00000e+00           10.91     0.00000e+00
  80 -5.65372569e+04             inf     0.00000e+00           13.45     0.00000e+00
  90 -5.65300787e+04             inf     0.00000e+00           16.30     0.00000e+00
 100 -5.65248686e+04             inf     0.00000e+00           19.50     0.00000e+00
 110 -5.65202219e+04             inf     0.00000e+00           23.10     0.00000e+00
 120 -5.65130008e+04             inf     0.00000e+00           26.93     0.00000e+00
 130 -5.65069162e+04             inf     0.00000e+00           31.15     0.00000e+00
 140 -5.65016646e+04             inf     0.00000e+00           35.75     0.00000e+00
 150 -5.64983918e+04             inf     0.00000e+00           40.62     0.00000e+00
 160 -5.64947444e+04             inf     0.00000e+00           45.82     0.00000e+00
 170 -5.64907715e+04             inf     0.00000e+00           50.93     0.00000e+00
 180 -5.64883085e+04             inf     0.00000e+00           57.05     0.00000e+00
 190 -5.64847942e+04             inf     0.00000e+00           63.52     0.00000e+00
 200 -5.64800371e+04             inf     0.00000e+00           70.42     0.00000e+00
 210 -5.64779234e+04             inf     0.00000e+00           77.65     0.00000e+00
 220 -5.64761647e+04             inf     0.00000e+00           84.67     0.00000e+00
 230 -5.64747697e+04             inf     0.00000e+00           91.59     0.00000e+00
 240 -5.64729774e+04             inf     0.00000e+00           98.91     0.00000e+00
 250 -5.64710689e+04             inf     0.00000e+00          106.61     0.00000e+00
 260 -5.64696069e+04             inf     0.00000e+00          115.66     0.00000e+00
 270 -5.64685278e+04             inf     0.00000e+00          125.18     0.00000e+00
 280 -5.64668038e+04             inf     0.00000e+00          135.20     0.00000e+00
 290 -5.64654782e+04             inf     0.00000e+00          145.59     0.00000e+00
 300 -5.64647850e+04             inf     0.00000e+00          156.23     0.00000e+00
 310 -5.64642848e+04             inf     0.00000e+00          167.30     0.00000e+00
 320 -5.64635577e+04             inf     0.00000e+00          179.08     0.00000e+00
 330 -5.64625465e+04             inf     0.00000e+00          191.57     0.00000e+00
 340 -5.64618612e+04             inf     0.00000e+00          204.11     0.00000e+00
 350 -5.64611513e+04             inf     0.00000e+00          217.16     0.00000e+00
 360 -5.64606153e+04             inf     0.00000e+00          230.25     0.00000e+00
 370 -5.64601466e+04             inf     0.00000e+00          245.15     0.00000e+00
 380 -5.64593994e+04             inf     0.00000e+00          258.18     0.00000e+00
 390 -5.64586586e+04             inf     0.00000e+00          272.37     0.00000e+00
 400 -5.64579840e+04             inf     0.00000e+00          285.09     0.00000e+00
 410 -5.64572708e+04             inf     0.00000e+00          299.81     0.00000e+00
 411 -5.64572708e+04             inf     0.00000e+00          301.37     0.00000e+00
==============================================================================================
Pass              LB             iUB             iHW       F time       B time    Wall time
Sim1000    -5.64573e+04    -5.23047e+04     1.60403e+03         0.00         0.00       362.04
==============================================================================================
