Hydro_R2_AR1_T12_N5_15_I10000_Time60_DW_DUAL_MC_DS_0.0000_cvx_hull
Multicut: True
Dynamic Sampling: True
==============================================================================================
Pass              LB             iUB             iHW    Wall time           Other
==============================================================================================
   0 -1.00000858e+08             inf     0.00000e+00            0.02     0.00000e+00
  10 -5.07556003e+03             inf     0.00000e+00            1.10     0.00000e+00
  20 -5.06461314e+03             inf     0.00000e+00            2.99     0.00000e+00
  30 -5.06360260e+03             inf     0.00000e+00            5.63     0.00000e+00
  40 -5.06116124e+03             inf     0.00000e+00            8.60     0.00000e+00
  50 -5.06097995e+03             inf     0.00000e+00           11.93     0.00000e+00
  60 -5.06094448e+03             inf     0.00000e+00           17.33     0.00000e+00
  70 -5.06092644e+03             inf     0.00000e+00           22.84     0.00000e+00
  80 -5.06068451e+03             inf     0.00000e+00           28.42     0.00000e+00
  90 -5.06065709e+03             inf     0.00000e+00           34.52     0.00000e+00
 100 -5.06049898e+03             inf     0.00000e+00           42.11     0.00000e+00
 110 -5.05993310e+03             inf     0.00000e+00           50.58     0.00000e+00
 120 -5.05976472e+03             inf     0.00000e+00           59.48     0.00000e+00
 121 -5.05976454e+03             inf     0.00000e+00           60.59     0.00000e+00
==============================================================================================
Pass              LB             iUB             iHW       F time       B time    Wall time
Sim1000    -5.05976e+03    -7.28307e+00     9.39793e+02         0.00         0.00        87.20
==============================================================================================
