Hydro_R10_AR1_T12_N10_10_I101000_Time20_DW_DUAL_MC_ES_8.0000000_None
Multicut: True
Dynamic Sampling: False
==============================================================================================
Pass              LB             iUB             iHW    Wall time           Other
==============================================================================================
   0 -1.00006609e+08             inf     0.00000e+00            0.01     0.00000e+00
  10 -7.92757043e+04             inf     0.00000e+00            0.92     0.00000e+00
  20 -7.87230619e+04             inf     0.00000e+00            1.98     0.00000e+00
  30 -7.86240772e+04             inf     0.00000e+00            3.25     0.00000e+00
  40 -7.85467286e+04             inf     0.00000e+00            4.77     0.00000e+00
  50 -7.85031539e+04             inf     0.00000e+00            6.57     0.00000e+00
  60 -7.84744446e+04             inf     0.00000e+00            8.59     0.00000e+00
  70 -7.84597308e+04             inf     0.00000e+00           10.85     0.00000e+00
  80 -7.84420869e+04             inf     0.00000e+00           13.33     0.00000e+00
  90 -7.84145487e+04             inf     0.00000e+00           16.10     0.00000e+00
 100 -7.84089050e+04             inf     0.00000e+00           19.08     0.00000e+00
 103 -7.84080139e+04             inf     0.00000e+00           20.04     0.00000e+00
==============================================================================================
Pass              LB             iUB             iHW       F time       B time    Wall time
Sim1000    -7.84080e+04    -7.11973e+04     1.60067e+03         0.00         0.00        45.04
==============================================================================================
Mean:   	 -71197.33
Median: 	 -78764.98
SD:     	  25308.82
20-80: 	( -82011.02,  -69972.38)
10-90: 	( -82852.28,  -56173.54)
05-95: 	( -83338.69,  -32567.59)
