Hydro_R2_AR1_T12_N5_15_I10000_Time300_DW_DUAL_MC_DS_0.5000_cvx_hull2
Multicut: True
Dynamic Sampling: True
==============================================================================================
Pass              LB             iUB             iHW    Wall time           Other
==============================================================================================
   0 -1.00000858e+08             inf     0.00000e+00            0.01     0.00000e+00
  10 -4.79875723e+03             inf     0.00000e+00            0.68     0.00000e+00
  20 -4.79362585e+03             inf     0.00000e+00            1.78     0.00000e+00
  30 -4.79182800e+03             inf     0.00000e+00            3.08     0.00000e+00
  40 -4.79052782e+03             inf     0.00000e+00            4.80     0.00000e+00
  50 -4.79042930e+03             inf     0.00000e+00            6.86     0.00000e+00
  60 -4.79037671e+03             inf     0.00000e+00            9.14     0.00000e+00
  70 -4.79034758e+03             inf     0.00000e+00           11.66     0.00000e+00
  80 -4.79013151e+03             inf     0.00000e+00           14.53     0.00000e+00
  90 -4.79010354e+03             inf     0.00000e+00           17.82     0.00000e+00
 100 -4.78996682e+03             inf     0.00000e+00           21.29     0.00000e+00
 110 -4.78983063e+03             inf     0.00000e+00           25.14     0.00000e+00
 120 -4.78978084e+03             inf     0.00000e+00           29.46     0.00000e+00
 130 -4.78977711e+03             inf     0.00000e+00           34.15     0.00000e+00
 140 -4.78974386e+03             inf     0.00000e+00           39.39     0.00000e+00
 150 -4.78973407e+03             inf     0.00000e+00           44.95     0.00000e+00
 160 -4.78972630e+03             inf     0.00000e+00           51.01     0.00000e+00
 170 -4.78951056e+03             inf     0.00000e+00           57.51     0.00000e+00
 180 -4.78950434e+03             inf     0.00000e+00           64.36     0.00000e+00
 190 -4.78913025e+03             inf     0.00000e+00           71.74     0.00000e+00
 200 -4.78913001e+03             inf     0.00000e+00           79.59     0.00000e+00
 210 -4.78904789e+03             inf     0.00000e+00           87.92     0.00000e+00
 220 -4.78904556e+03             inf     0.00000e+00           96.76     0.00000e+00
 230 -4.78904218e+03             inf     0.00000e+00          106.27     0.00000e+00
 240 -4.78904130e+03             inf     0.00000e+00          116.18     0.00000e+00
 250 -4.78902940e+03             inf     0.00000e+00          126.74     0.00000e+00
 260 -4.78888553e+03             inf     0.00000e+00          137.80     0.00000e+00
 270 -4.78884586e+03             inf     0.00000e+00          149.35     0.00000e+00
 280 -4.78884224e+03             inf     0.00000e+00          161.53     0.00000e+00
 290 -4.78884043e+03             inf     0.00000e+00          174.10     0.00000e+00
 300 -4.78883740e+03             inf     0.00000e+00          187.17     0.00000e+00
 310 -4.78883598e+03             inf     0.00000e+00          200.77     0.00000e+00
 320 -4.78883391e+03             inf     0.00000e+00          214.83     0.00000e+00
 330 -4.78882618e+03             inf     0.00000e+00          229.47     0.00000e+00
 340 -4.78873938e+03             inf     0.00000e+00          244.73     0.00000e+00
 350 -4.78872921e+03             inf     0.00000e+00          260.40     0.00000e+00
 360 -4.78872904e+03             inf     0.00000e+00          276.53     0.00000e+00
 370 -4.78872428e+03             inf     0.00000e+00          293.27     0.00000e+00
 374 -4.78872411e+03             inf     0.00000e+00          300.07     0.00000e+00
==============================================================================================
Pass              LB             iUB             iHW       F time       B time    Wall time
Sim1000    -4.78872e+03    -2.69248e+03     8.27201e+02         0.00         0.00       325.37
==============================================================================================
