Hydro_R2_AR1_T12_N5_15_I10000_Time60_DW_DUAL_MC_DS_0.1000_cvx_hull
Multicut: True
Dynamic Sampling: True
==============================================================================================
Pass              LB             iUB             iHW    Wall time           Other
==============================================================================================
   0 -1.00000858e+08             inf     0.00000e+00            0.01     0.00000e+00
  10 -5.02017223e+03             inf     0.00000e+00            0.74     0.00000e+00
  20 -5.01431619e+03             inf     0.00000e+00            1.89     0.00000e+00
  30 -5.01297947e+03             inf     0.00000e+00            3.43     0.00000e+00
  40 -5.01132582e+03             inf     0.00000e+00            5.46     0.00000e+00
  50 -5.01120192e+03             inf     0.00000e+00            7.55     0.00000e+00
  60 -5.01106311e+03             inf     0.00000e+00           10.02     0.00000e+00
  70 -5.01099836e+03             inf     0.00000e+00           12.79     0.00000e+00
  80 -5.01070144e+03             inf     0.00000e+00           15.97     0.00000e+00
  90 -5.01068588e+03             inf     0.00000e+00           19.52     0.00000e+00
 100 -5.01064100e+03             inf     0.00000e+00           23.32     0.00000e+00
 110 -5.00978121e+03             inf     0.00000e+00           27.69     0.00000e+00
 120 -5.00944567e+03             inf     0.00000e+00           32.55     0.00000e+00
 130 -5.00942059e+03             inf     0.00000e+00           37.65     0.00000e+00
 140 -5.00938108e+03             inf     0.00000e+00           43.49     0.00000e+00
 150 -5.00936973e+03             inf     0.00000e+00           49.79     0.00000e+00
 160 -5.00936672e+03             inf     0.00000e+00           56.51     0.00000e+00
 165 -5.00934889e+03             inf     0.00000e+00           60.17     0.00000e+00
==============================================================================================
Pass              LB             iUB             iHW       F time       B time    Wall time
Sim1000    -5.00935e+03    -4.49852e+01     9.37965e+02         0.00         0.00        78.34
==============================================================================================
