Hydro_R2_AR1_T12_N5_5_I10000_Time10_DW_DUAL_MC_DS_0.4000000_None
Multicut: True
Dynamic Sampling: True
==============================================================================================
Pass              LB             iUB             iHW    Wall time           Other
==============================================================================================
   0 -9.99966359e+07             inf     0.00000e+00            0.01     0.00000e+00
  10  5.42190491e+04             inf     0.00000e+00            0.17     0.00000e+00
  20  5.42191152e+04             inf     0.00000e+00            0.37     0.00000e+00
  30  5.42191336e+04             inf     0.00000e+00            0.66     0.00000e+00
  40  5.42191364e+04             inf     0.00000e+00            1.00     0.00000e+00
  50  5.42191375e+04             inf     0.00000e+00            1.33     0.00000e+00
  60  5.42191415e+04             inf     0.00000e+00            1.82     0.00000e+00
  70  5.42191416e+04             inf     0.00000e+00            2.30     0.00000e+00
  80  5.42191416e+04             inf     0.00000e+00            2.79     0.00000e+00
  90  5.42191416e+04             inf     0.00000e+00            3.28     0.00000e+00
 100  5.42191417e+04             inf     0.00000e+00            3.84     0.00000e+00
 110  5.42191417e+04             inf     0.00000e+00            4.42     0.00000e+00
 120  5.42191417e+04             inf     0.00000e+00            5.09     0.00000e+00
 130  5.42191418e+04             inf     0.00000e+00            5.81     0.00000e+00
 140  5.42191418e+04             inf     0.00000e+00            6.53     0.00000e+00
 150  5.42191418e+04             inf     0.00000e+00            7.34     0.00000e+00
 160  5.42191418e+04             inf     0.00000e+00            8.23     0.00000e+00
 170  5.42191418e+04             inf     0.00000e+00            9.24     0.00000e+00
 178  5.42191418e+04             inf     0.00000e+00           10.00     0.00000e+00
Time profiling
           Pass        # LPs        setup      simplex       output   cut update      cut gen        other        total
        Forward         2148         0.10         0.33         0.06         0.01         0.00         0.35         0.84
       Backward         9790         0.51         1.33         6.45         0.02         0.62         0.22         9.16
==============================================================================================
Pass              LB             iUB             iHW       F time       B time    Wall time
Sim500     5.42191e+04     5.38762e+04     3.48176e+01         0.00         0.00        16.84
==============================================================================================
Mean:   	  53876.17
Median: 	  53887.61
SD:     	    389.27
20-80: 	(  53597.37,   54201.49)
10-90: 	(  53361.57,   54335.09)
05-95: 	(  53204.76,   54473.03)
