Hydro_R2_AR1_T12_N5_15_I10000_Time300_DW_DUAL_MC_DS_0.0050_cvx_hull
Multicut: True
Dynamic Sampling: True
==============================================================================================
Pass              LB             iUB             iHW    Wall time           Other
==============================================================================================
   0 -1.00000858e+08             inf     0.00000e+00            0.02     0.00000e+00
  10 -5.07297193e+03             inf     0.00000e+00            0.93     0.00000e+00
  20 -5.06412204e+03             inf     0.00000e+00            2.68     0.00000e+00
  30 -5.06164560e+03             inf     0.00000e+00            6.46     0.00000e+00
  40 -5.05910544e+03             inf     0.00000e+00            9.97     0.00000e+00
  50 -5.05873355e+03             inf     0.00000e+00           13.97     0.00000e+00
  60 -5.05864158e+03             inf     0.00000e+00           17.45     0.00000e+00
  70 -5.05862325e+03             inf     0.00000e+00           21.74     0.00000e+00
  80 -5.05836282e+03             inf     0.00000e+00           25.82     0.00000e+00
  90 -5.05833670e+03             inf     0.00000e+00           30.85     0.00000e+00
 100 -5.05816530e+03             inf     0.00000e+00           37.02     0.00000e+00
 110 -5.05718662e+03             inf     0.00000e+00           43.76     0.00000e+00
 120 -5.05702729e+03             inf     0.00000e+00           51.00     0.00000e+00
 130 -5.05701543e+03             inf     0.00000e+00           58.99     0.00000e+00
 140 -5.05700090e+03             inf     0.00000e+00           68.01     0.00000e+00
 150 -5.05699438e+03             inf     0.00000e+00           77.29     0.00000e+00
 160 -5.05698994e+03             inf     0.00000e+00           87.43     0.00000e+00
 170 -5.05690014e+03             inf     0.00000e+00           98.44     0.00000e+00
 180 -5.05683301e+03             inf     0.00000e+00          109.93     0.00000e+00
 190 -5.05670151e+03             inf     0.00000e+00          121.97     0.00000e+00
 200 -5.05665239e+03             inf     0.00000e+00          135.35     0.00000e+00
 210 -5.05664647e+03             inf     0.00000e+00          148.69     0.00000e+00
 220 -5.05664434e+03             inf     0.00000e+00          163.16     0.00000e+00
 230 -5.05664216e+03             inf     0.00000e+00          178.14     0.00000e+00
 240 -5.05664011e+03             inf     0.00000e+00          193.67     0.00000e+00
 250 -5.05663585e+03             inf     0.00000e+00          209.37     0.00000e+00
 260 -5.05663151e+03             inf     0.00000e+00          225.36     0.00000e+00
 270 -5.05663048e+03             inf     0.00000e+00          242.38     0.00000e+00
 280 -5.05661231e+03             inf     0.00000e+00          260.81     0.00000e+00
 290 -5.05661103e+03             inf     0.00000e+00          279.67     0.00000e+00
 300 -5.05657020e+03             inf     0.00000e+00          299.16     0.00000e+00
 301 -5.05656814e+03             inf     0.00000e+00          301.11     0.00000e+00
==============================================================================================
Pass              LB             iUB             iHW       F time       B time    Wall time
Sim1000    -5.05657e+03     8.41568e+00     9.39774e+02         0.00         0.00       330.45
==============================================================================================
