Hydro_R2_AR1_T12_N5_30_I10000_Time100_DW_DUAL_MC_DS_0.0003_cube
Multicut: True
Dynamic Sampling: True
==============================================================================================
Pass              LB             iUB             iHW    Wall time           Other
==============================================================================================
   0 -1.00000858e+08             inf     0.00000e+00            0.01     0.00000e+00
  10 -5.09100452e+03             inf     0.00000e+00            2.35     0.00000e+00
  20 -5.06429412e+03             inf     0.00000e+00            6.49     0.00000e+00
  30 -5.06298390e+03             inf     0.00000e+00           11.70     0.00000e+00
  40 -5.06049667e+03             inf     0.00000e+00           18.74     0.00000e+00
  50 -5.06031137e+03             inf     0.00000e+00           27.12     0.00000e+00
  60 -5.06025083e+03             inf     0.00000e+00           37.31     0.00000e+00
  70 -5.06012406e+03             inf     0.00000e+00           50.45     0.00000e+00
  80 -5.05997692e+03             inf     0.00000e+00           66.37     0.00000e+00
  90 -5.05994867e+03             inf     0.00000e+00           85.74     0.00000e+00
  97 -5.05970103e+03             inf     0.00000e+00          100.44     0.00000e+00
==============================================================================================
Pass              LB             iUB             iHW       F time       B time    Wall time
Sim1000    -5.05970e+03    -8.79459e+02     8.92067e+02         0.00         0.00       123.25
==============================================================================================
