Hydro_R2_AR1_T12_N5_15_I10000_Time300_DW_DUAL_MC_DS_30.0000_cvx_hull
Multicut: True
Dynamic Sampling: True
==============================================================================================
Pass              LB             iUB             iHW    Wall time           Other
==============================================================================================
   0 -1.00000858e+08             inf     0.00000e+00            0.01     0.00000e+00
  10 -3.29336880e+03             inf     0.00000e+00            0.86     0.00000e+00
  20 -3.29336880e+03             inf     0.00000e+00            2.38     0.00000e+00
  30 -3.29336880e+03             inf     0.00000e+00            5.23     0.00000e+00
  40 -3.29336880e+03             inf     0.00000e+00            7.66     0.00000e+00
  50 -3.29336880e+03             inf     0.00000e+00           10.28     0.00000e+00
  60 -3.29336880e+03             inf     0.00000e+00           13.31     0.00000e+00
  70 -3.29336880e+03             inf     0.00000e+00           16.52     0.00000e+00
  80 -3.29336880e+03             inf     0.00000e+00           20.55     0.00000e+00
  90 -3.29336880e+03             inf     0.00000e+00           26.00     0.00000e+00
 100 -3.29336880e+03             inf     0.00000e+00           31.33     0.00000e+00
 110 -3.29336880e+03             inf     0.00000e+00           36.51     0.00000e+00
 120 -3.29336880e+03             inf     0.00000e+00           42.26     0.00000e+00
 130 -3.29336880e+03             inf     0.00000e+00           47.82     0.00000e+00
 140 -3.29336880e+03             inf     0.00000e+00           55.08     0.00000e+00
 150 -3.29336880e+03             inf     0.00000e+00           63.32     0.00000e+00
 160 -3.29336880e+03             inf     0.00000e+00           72.27     0.00000e+00
 170 -3.29336880e+03             inf     0.00000e+00           81.03     0.00000e+00
 180 -3.29336880e+03             inf     0.00000e+00           90.32     0.00000e+00
 190 -3.29336880e+03             inf     0.00000e+00           99.68     0.00000e+00
 200 -3.29336880e+03             inf     0.00000e+00          109.05     0.00000e+00
 210 -3.29336880e+03             inf     0.00000e+00          118.86     0.00000e+00
 220 -3.29336880e+03             inf     0.00000e+00          129.16     0.00000e+00
 230 -3.29336880e+03             inf     0.00000e+00          139.91     0.00000e+00
 240 -3.29336880e+03             inf     0.00000e+00          151.25     0.00000e+00
 250 -3.29336880e+03             inf     0.00000e+00          163.32     0.00000e+00
 260 -3.29336880e+03             inf     0.00000e+00          176.83     0.00000e+00
 270 -3.29336880e+03             inf     0.00000e+00          190.55     0.00000e+00
 280 -3.29336880e+03             inf     0.00000e+00          207.48     0.00000e+00
 290 -3.29336880e+03             inf     0.00000e+00          222.05     0.00000e+00
 300 -3.29336880e+03             inf     0.00000e+00          236.91     0.00000e+00
 310 -3.29336880e+03             inf     0.00000e+00          252.10     0.00000e+00
 320 -3.29336880e+03             inf     0.00000e+00          268.38     0.00000e+00
 330 -3.29336880e+03             inf     0.00000e+00          285.28     0.00000e+00
 339 -3.29336880e+03             inf     0.00000e+00          300.83     0.00000e+00
==============================================================================================
Pass              LB             iUB             iHW       F time       B time    Wall time
Sim1000    -3.29337e+03     3.38311e+02     9.87727e+02         0.00         0.00       327.83
==============================================================================================
