Hydro_R2_AR1_T12_N5_30_I10000_Time100_DW_DUAL_MC_DS_0.0500_cvx_hull2
Multicut: True
Dynamic Sampling: True
==============================================================================================
Pass              LB             iUB             iHW    Wall time           Other
==============================================================================================
   0 -1.00000858e+08             inf     0.00000e+00            0.03     0.00000e+00
  10 -5.04257645e+03             inf     0.00000e+00            2.68     0.00000e+00
  20 -5.03675590e+03             inf     0.00000e+00            6.65     0.00000e+00
  30 -5.03387690e+03             inf     0.00000e+00           12.25     0.00000e+00
  40 -5.03195474e+03             inf     0.00000e+00           19.41     0.00000e+00
  50 -5.03166897e+03             inf     0.00000e+00           28.65     0.00000e+00
  60 -5.03154438e+03             inf     0.00000e+00           38.51     0.00000e+00
  70 -5.03152419e+03             inf     0.00000e+00           49.01     0.00000e+00
  80 -5.03123459e+03             inf     0.00000e+00           61.30     0.00000e+00
  90 -5.03113718e+03             inf     0.00000e+00           74.68     0.00000e+00
 100 -5.03097825e+03             inf     0.00000e+00           89.45     0.00000e+00
 106 -5.03033151e+03             inf     0.00000e+00          101.00     0.00000e+00
==============================================================================================
Pass              LB             iUB             iHW       F time       B time    Wall time
Sim1000    -5.03033e+03    -2.76841e+03     8.26190e+02         0.00         0.00       122.68
==============================================================================================
