Hydro_R2_AR1_T12_N5_15_I10000_Time60_DW_DUAL_MC_DS_1.0000_cube
Multicut: True
Dynamic Sampling: True
==============================================================================================
Pass              LB             iUB             iHW    Wall time           Other
==============================================================================================
   0 -1.00000858e+08             inf     0.00000e+00            0.01     0.00000e+00
  10 -4.54420763e+03             inf     0.00000e+00            0.67     0.00000e+00
  20 -4.53973936e+03             inf     0.00000e+00            1.89     0.00000e+00
  30 -4.53747543e+03             inf     0.00000e+00            3.48     0.00000e+00
  40 -4.53620426e+03             inf     0.00000e+00            5.37     0.00000e+00
  50 -4.53597153e+03             inf     0.00000e+00            7.77     0.00000e+00
  60 -4.53592716e+03             inf     0.00000e+00           10.53     0.00000e+00
  70 -4.53591994e+03             inf     0.00000e+00           13.80     0.00000e+00
  80 -4.53569300e+03             inf     0.00000e+00           17.26     0.00000e+00
  90 -4.53562762e+03             inf     0.00000e+00           21.22     0.00000e+00
 100 -4.53545109e+03             inf     0.00000e+00           25.73     0.00000e+00
 110 -4.53527672e+03             inf     0.00000e+00           30.86     0.00000e+00
 120 -4.53524523e+03             inf     0.00000e+00           36.62     0.00000e+00
 130 -4.53524240e+03             inf     0.00000e+00           43.03     0.00000e+00
 140 -4.53522791e+03             inf     0.00000e+00           49.99     0.00000e+00
 150 -4.53522351e+03             inf     0.00000e+00           57.54     0.00000e+00
 154 -4.53522228e+03             inf     0.00000e+00           60.69     0.00000e+00
==============================================================================================
Pass              LB             iUB             iHW       F time       B time    Wall time
Sim1000    -4.53522e+03    -1.22263e+03     8.75189e+02         0.00         0.00        79.78
==============================================================================================
