Hydro_R10_AR1_T12_N10_10_I10000_Time20_DW_DUAL_MC_ES_15.0000000_None
Multicut: True
Dynamic Sampling: False
==============================================================================================
Pass              LB             iUB             iHW    Wall time           Other
==============================================================================================
   0 -1.00003692e+08             inf     0.00000e+00            0.02     0.00000e+00
  10 -1.23659307e+04             inf     0.00000e+00            0.89     0.00000e+00
  20 -1.16411097e+04             inf     0.00000e+00            2.27     0.00000e+00
  30 -1.15416711e+04             inf     0.00000e+00            3.73     0.00000e+00
  40 -1.14977835e+04             inf     0.00000e+00            5.45     0.00000e+00
  50 -1.14953135e+04             inf     0.00000e+00            7.36     0.00000e+00
  60 -1.14862859e+04             inf     0.00000e+00            9.68     0.00000e+00
  70 -1.14859427e+04             inf     0.00000e+00           12.15     0.00000e+00
  80 -1.14800677e+04             inf     0.00000e+00           14.80     0.00000e+00
  90 -1.14729398e+04             inf     0.00000e+00           17.74     0.00000e+00
  98 -1.14727020e+04             inf     0.00000e+00           20.24     0.00000e+00
Time profiling
           Pass        # LPs        setup      simplex       output   cut update      cut gen        other        total
        Forward         1188         0.21         0.88         0.08         0.00         0.00         0.11         1.29
       Backward        10780         2.10         6.73         8.26         0.04         1.55         0.25        18.94
==============================================================================================
Pass              LB             iUB             iHW       F time       B time    Wall time
Sim100    -1.14727e+04    -2.55563e+04     8.46199e+02         0.00         0.00        23.00
==============================================================================================
Mean:   	 -25556.25
Median: 	 -25994.84
SD:     	   4231.00
20-80: 	( -28935.00,  -21743.57)
10-90: 	( -30424.54,  -19667.04)
05-95: 	( -31873.91,  -18117.93)
