Hydro_R2_AR1_T12_N5_15_I10000_Time300_DW_DUAL_MC_DS_0.0300_cube
Multicut: True
Dynamic Sampling: True
==============================================================================================
Pass              LB             iUB             iHW    Wall time           Other
==============================================================================================
   0 -1.00000858e+08             inf     0.00000e+00            0.01     0.00000e+00
  10 -5.05927023e+03             inf     0.00000e+00            0.87     0.00000e+00
  20 -5.04959797e+03             inf     0.00000e+00            2.38     0.00000e+00
  30 -5.04764621e+03             inf     0.00000e+00            4.30     0.00000e+00
  40 -5.04512047e+03             inf     0.00000e+00            6.61     0.00000e+00
  50 -5.04483131e+03             inf     0.00000e+00            9.54     0.00000e+00
  60 -5.04471758e+03             inf     0.00000e+00           12.92     0.00000e+00
  70 -5.04462288e+03             inf     0.00000e+00           16.81     0.00000e+00
  80 -5.04441755e+03             inf     0.00000e+00           21.43     0.00000e+00
  90 -5.04438722e+03             inf     0.00000e+00           26.67     0.00000e+00
 100 -5.04421100e+03             inf     0.00000e+00           32.08     0.00000e+00
 110 -5.04366148e+03             inf     0.00000e+00           38.49     0.00000e+00
 120 -5.04359733e+03             inf     0.00000e+00           46.49     0.00000e+00
 130 -5.04358514e+03             inf     0.00000e+00           55.11     0.00000e+00
 140 -5.04357485e+03             inf     0.00000e+00           63.36     0.00000e+00
 150 -5.04355924e+03             inf     0.00000e+00           71.82     0.00000e+00
 160 -5.04355602e+03             inf     0.00000e+00           80.75     0.00000e+00
 170 -5.04331325e+03             inf     0.00000e+00           91.28     0.00000e+00
 180 -5.04321172e+03             inf     0.00000e+00          102.25     0.00000e+00
 190 -5.04302704e+03             inf     0.00000e+00          114.90     0.00000e+00
 200 -5.04296004e+03             inf     0.00000e+00          126.77     0.00000e+00
 210 -5.04292659e+03             inf     0.00000e+00          142.11     0.00000e+00
 220 -5.04292515e+03             inf     0.00000e+00          158.18     0.00000e+00
 230 -5.04292401e+03             inf     0.00000e+00          174.73     0.00000e+00
 240 -5.04292244e+03             inf     0.00000e+00          191.01     0.00000e+00
 250 -5.04291732e+03             inf     0.00000e+00          205.55     0.00000e+00
 260 -5.04291481e+03             inf     0.00000e+00          220.93     0.00000e+00
 270 -5.04291166e+03             inf     0.00000e+00          237.64     0.00000e+00
 280 -5.04288506e+03             inf     0.00000e+00          256.34     0.00000e+00
 290 -5.04288355e+03             inf     0.00000e+00          277.22     0.00000e+00
 299 -5.04282948e+03             inf     0.00000e+00          302.03     0.00000e+00
==============================================================================================
Pass              LB             iUB             iHW       F time       B time    Wall time
Sim1000    -5.04283e+03    -1.18753e+03     8.75147e+02         0.00         0.00       343.32
==============================================================================================
