Hydro_R2_AR1_T12_N5_30_I10000_Time100_DW_DUAL_MC_DS_0.0050_cube
Multicut: True
Dynamic Sampling: True
==============================================================================================
Pass              LB             iUB             iHW    Wall time           Other
==============================================================================================
   0 -1.00000858e+08             inf     0.00000e+00            0.01     0.00000e+00
  10 -5.07202182e+03             inf     0.00000e+00            2.04     0.00000e+00
  20 -5.06249025e+03             inf     0.00000e+00            5.93     0.00000e+00
  30 -5.06070882e+03             inf     0.00000e+00           11.03     0.00000e+00
  40 -5.05815301e+03             inf     0.00000e+00           17.73     0.00000e+00
  50 -5.05791429e+03             inf     0.00000e+00           27.06     0.00000e+00
  60 -5.05775803e+03             inf     0.00000e+00           37.93     0.00000e+00
  70 -5.05764523e+03             inf     0.00000e+00           51.42     0.00000e+00
  80 -5.05748127e+03             inf     0.00000e+00           66.93     0.00000e+00
  90 -5.05745480e+03             inf     0.00000e+00           85.19     0.00000e+00
  98 -5.05720897e+03             inf     0.00000e+00          101.98     0.00000e+00
==============================================================================================
Pass              LB             iUB             iHW       F time       B time    Wall time
Sim1000    -5.05721e+03    -1.19104e+03     8.75233e+02         0.00         0.00       125.30
==============================================================================================
