Hydro_R2_AR1_T12_N5_5_I10000_Time10_DW_DUAL_MC_DS_0.2000000_None
Multicut: True
Dynamic Sampling: True
==============================================================================================
Pass              LB             iUB             iHW    Wall time           Other
==============================================================================================
   0 -9.99966359e+07             inf     0.00000e+00            0.01     0.00000e+00
  10  5.41140610e+04             inf     0.00000e+00            0.17     0.00000e+00
  20  5.41141367e+04             inf     0.00000e+00            0.38     0.00000e+00
  30  5.41141521e+04             inf     0.00000e+00            0.69     0.00000e+00
  40  5.41141542e+04             inf     0.00000e+00            1.04     0.00000e+00
  50  5.41141551e+04             inf     0.00000e+00            1.39     0.00000e+00
  60  5.41141563e+04             inf     0.00000e+00            1.80     0.00000e+00
  70  5.41141583e+04             inf     0.00000e+00            2.28     0.00000e+00
  80  5.41141587e+04             inf     0.00000e+00            2.79     0.00000e+00
  90  5.41141593e+04             inf     0.00000e+00            3.34     0.00000e+00
 100  5.41141595e+04             inf     0.00000e+00            3.95     0.00000e+00
 110  5.41141597e+04             inf     0.00000e+00            4.61     0.00000e+00
 120  5.41141597e+04             inf     0.00000e+00            5.28     0.00000e+00
 130  5.41141598e+04             inf     0.00000e+00            6.05     0.00000e+00
 140  5.41141599e+04             inf     0.00000e+00            6.90     0.00000e+00
 150  5.41141600e+04             inf     0.00000e+00            7.75     0.00000e+00
 160  5.41141600e+04             inf     0.00000e+00            8.68     0.00000e+00
 170  5.41141600e+04             inf     0.00000e+00            9.63     0.00000e+00
 174  5.41141600e+04             inf     0.00000e+00           10.02     0.00000e+00
Time profiling
           Pass        # LPs        setup      simplex       output   cut update      cut gen        other        total
        Forward         2100         0.09         0.35         0.06         0.00         0.00         0.34         0.84
       Backward         9570         0.50         1.42         6.41         0.02         0.61         0.21         9.17
==============================================================================================
Pass              LB             iUB             iHW       F time       B time    Wall time
Sim500     5.41142e+04     5.38752e+04     3.49004e+01         0.00         0.00        16.97
==============================================================================================
Mean:   	  53875.22
Median: 	  53885.98
SD:     	    390.20
20-80: 	(  53595.06,   54200.77)
10-90: 	(  53359.84,   54334.34)
05-95: 	(  53203.84,   54472.21)
