Hydro_R2_AR1_T12_N5_15_I10000_Time60_DW_DUAL_MC_DS_0.0008_None
Multicut: True
Dynamic Sampling: True
==============================================================================================
Pass              LB             iUB             iHW    Wall time           Other
==============================================================================================
   0 -1.00000858e+08             inf     0.00000e+00            0.02     0.00000e+00
  10 -5.06979999e+03             inf     0.00000e+00            2.39     0.00000e+00
  20 -5.06113337e+03             inf     0.00000e+00            5.48     0.00000e+00
  30 -5.05859027e+03             inf     0.00000e+00            8.43     0.00000e+00
  40 -5.05662003e+03             inf     0.00000e+00           11.28     0.00000e+00
  50 -5.05639506e+03             inf     0.00000e+00           14.60     0.00000e+00
  60 -5.05626681e+03             inf     0.00000e+00           18.75     0.00000e+00
  70 -5.05623671e+03             inf     0.00000e+00           23.65     0.00000e+00
  80 -5.05599885e+03             inf     0.00000e+00           30.02     0.00000e+00
  90 -5.05597446e+03             inf     0.00000e+00           37.67     0.00000e+00
 100 -5.05581707e+03             inf     0.00000e+00           45.23     0.00000e+00
 110 -5.05542817e+03             inf     0.00000e+00           52.85     0.00000e+00
 119 -5.05536438e+03             inf     0.00000e+00           60.45     0.00000e+00
==============================================================================================
Pass              LB             iUB             iHW       F time       B time    Wall time
Sim1000    -5.05536e+03    -1.86062e+03     8.63257e+02         0.00         0.00        87.69
==============================================================================================
