Hydro_R10_AR1_T12_N10_10_I10000_Time20_DW_DUAL_MC_DS_0.8000000_None
Multicut: True
Dynamic Sampling: True
==============================================================================================
Pass              LB             iUB             iHW    Wall time           Other
==============================================================================================
   0 -1.00004104e+08             inf     0.00000e+00            0.01     0.00000e+00
  10 -3.32557894e+04             inf     0.00000e+00            0.81     0.00000e+00
  20 -3.30849851e+04             inf     0.00000e+00            1.86     0.00000e+00
  30 -3.30684708e+04             inf     0.00000e+00            3.17     0.00000e+00
  40 -3.30606721e+04             inf     0.00000e+00            4.80     0.00000e+00
  50 -3.30564725e+04             inf     0.00000e+00            6.71     0.00000e+00
  60 -3.30541886e+04             inf     0.00000e+00            8.87     0.00000e+00
  70 -3.30514327e+04             inf     0.00000e+00           11.34     0.00000e+00
  80 -3.30501752e+04             inf     0.00000e+00           14.09     0.00000e+00
  90 -3.30490203e+04             inf     0.00000e+00           17.16     0.00000e+00
  99 -3.30484792e+04             inf     0.00000e+00           20.18     0.00000e+00
Time profiling
           Pass        # LPs        setup      simplex       output   cut update      cut gen        other        total
        Forward         1200         0.18         0.81         0.07         0.00         0.00         0.38         1.44
       Backward        10890         1.84         6.11         8.98         0.03         1.50         0.28        18.74
==============================================================================================
Pass              LB             iUB             iHW       F time       B time    Wall time
Sim500    -3.30485e+04    -3.44982e+04     2.01508e+02         0.00         0.00        33.64
==============================================================================================
Mean:   	 -34498.16
Median: 	 -34463.21
SD:     	   2252.93
20-80: 	( -36202.57,  -32673.38)
10-90: 	( -37253.48,  -31656.57)
05-95: 	( -38254.30,  -30882.75)
