Hydro_R10_AR1_T12_N10_I100ESS_DUAL_MC_DW_20.000000_DS
Multicut: True
Dynamic Sampling: True
==============================================================================================
Pass              LB             iUB             iHW    Wall time           Other
==============================================================================================
   0 -1.00006458e+08             inf     0.00000e+00            0.01     0.00000e+00
  10 -5.21247819e+04             inf     0.00000e+00            0.99     0.00000e+00
  20 -5.19433861e+04             inf     0.00000e+00            2.32     0.00000e+00
  30 -5.19112799e+04             inf     0.00000e+00            4.00     0.00000e+00
  40 -5.18678051e+04             inf     0.00000e+00            6.11     0.00000e+00
  50 -5.18587974e+04             inf     0.00000e+00            8.36     0.00000e+00
  60 -5.18498658e+04             inf     0.00000e+00           11.04     0.00000e+00
  70 -5.18462403e+04             inf     0.00000e+00           14.17     0.00000e+00
  80 -5.18426573e+04             inf     0.00000e+00           17.43     0.00000e+00
  90 -5.18398040e+04             inf     0.00000e+00           20.92     0.00000e+00
 100 -5.18377443e+04             inf     0.00000e+00           24.71     0.00000e+00
==============================================================================================
Pass              LB             iUB             iHW       F time       B time    Wall time
Sim1000    -5.18377e+04    -5.15228e+04     1.67421e+03         0.00         0.00        64.20
==============================================================================================
