Hydro_R2_AR1_T12_N5_30_I10000_Time100_DW_DUAL_MC_DS_0.0010_cvx_hull2
Multicut: True
Dynamic Sampling: True
==============================================================================================
Pass              LB             iUB             iHW    Wall time           Other
==============================================================================================
   0 -1.00000858e+08             inf     0.00000e+00            0.02     0.00000e+00
  10 -5.06836774e+03             inf     0.00000e+00            2.56     0.00000e+00
  20 -5.06303415e+03             inf     0.00000e+00            6.05     0.00000e+00
  30 -5.06024988e+03             inf     0.00000e+00           10.38     0.00000e+00
  40 -5.05825903e+03             inf     0.00000e+00           16.02     0.00000e+00
  50 -5.05795668e+03             inf     0.00000e+00           22.98     0.00000e+00
  60 -5.05783070e+03             inf     0.00000e+00           31.39     0.00000e+00
  70 -5.05781253e+03             inf     0.00000e+00           42.05     0.00000e+00
  80 -5.05755529e+03             inf     0.00000e+00           55.88     0.00000e+00
  90 -5.05752843e+03             inf     0.00000e+00           70.35     0.00000e+00
 100 -5.05736976e+03             inf     0.00000e+00           86.31     0.00000e+00
 108 -5.05675177e+03             inf     0.00000e+00          100.53     0.00000e+00
==============================================================================================
Pass              LB             iUB             iHW       F time       B time    Wall time
Sim1000    -5.05675e+03    -2.56316e+03     8.32781e+02         0.00         0.00       123.26
==============================================================================================
