Hydro_R2_AR1_T12_N5_15_I10000_Time300_DW_DUAL_MC_DS_0.0050_cube
Multicut: True
Dynamic Sampling: True
==============================================================================================
Pass              LB             iUB             iHW    Wall time           Other
==============================================================================================
   0 -1.00000858e+08             inf     0.00000e+00            0.01     0.00000e+00
  10 -5.07234592e+03             inf     0.00000e+00            1.16     0.00000e+00
  20 -5.06273911e+03             inf     0.00000e+00            3.05     0.00000e+00
  30 -5.06071242e+03             inf     0.00000e+00            5.38     0.00000e+00
  40 -5.05820412e+03             inf     0.00000e+00            9.11     0.00000e+00
  50 -5.05782432e+03             inf     0.00000e+00           13.38     0.00000e+00
  60 -5.05774135e+03             inf     0.00000e+00           17.93     0.00000e+00
  70 -5.05772292e+03             inf     0.00000e+00           22.37     0.00000e+00
  80 -5.05746179e+03             inf     0.00000e+00           27.52     0.00000e+00
  90 -5.05742987e+03             inf     0.00000e+00           33.21     0.00000e+00
 100 -5.05724524e+03             inf     0.00000e+00           39.01     0.00000e+00
 110 -5.05667071e+03             inf     0.00000e+00           44.98     0.00000e+00
 120 -5.05660801e+03             inf     0.00000e+00           51.27     0.00000e+00
 130 -5.05659545e+03             inf     0.00000e+00           58.47     0.00000e+00
 140 -5.05658534e+03             inf     0.00000e+00           67.30     0.00000e+00
 150 -5.05658045e+03             inf     0.00000e+00           76.21     0.00000e+00
 160 -5.05657501e+03             inf     0.00000e+00           85.48     0.00000e+00
 170 -5.05632826e+03             inf     0.00000e+00           95.44     0.00000e+00
 180 -5.05622722e+03             inf     0.00000e+00          105.57     0.00000e+00
 190 -5.05603801e+03             inf     0.00000e+00          117.12     0.00000e+00
 200 -5.05597033e+03             inf     0.00000e+00          129.68     0.00000e+00
 210 -5.05593831e+03             inf     0.00000e+00          144.33     0.00000e+00
 220 -5.05593630e+03             inf     0.00000e+00          160.30     0.00000e+00
 230 -5.05593520e+03             inf     0.00000e+00          180.57     0.00000e+00
 240 -5.05593351e+03             inf     0.00000e+00          202.12     0.00000e+00
 250 -5.05593272e+03             inf     0.00000e+00          220.92     0.00000e+00
 260 -5.05593097e+03             inf     0.00000e+00          238.02     0.00000e+00
 270 -5.05592841e+03             inf     0.00000e+00          258.64     0.00000e+00
 280 -5.05589037e+03             inf     0.00000e+00          276.57     0.00000e+00
 290 -5.05588834e+03             inf     0.00000e+00          296.38     0.00000e+00
 293 -5.05588216e+03             inf     0.00000e+00          301.98     0.00000e+00
==============================================================================================
Pass              LB             iUB             iHW       F time       B time    Wall time
Sim1000    -5.05588e+03    -1.18755e+03     8.75147e+02         0.00         0.00       331.70
==============================================================================================
