Hydro_R2_AR1_T12_N5_15_I10000_Time300_DW_DUAL_MC_DS_0.5000_None
Multicut: True
Dynamic Sampling: True
==============================================================================================
Pass              LB             iUB             iHW    Wall time           Other
==============================================================================================
   0 -1.00000858e+08             inf     0.00000e+00            0.01     0.00000e+00
  10 -4.80020124e+03             inf     0.00000e+00            0.77     0.00000e+00
  20 -4.79323199e+03             inf     0.00000e+00            1.89     0.00000e+00
  30 -4.79092679e+03             inf     0.00000e+00            3.24     0.00000e+00
  40 -4.78969962e+03             inf     0.00000e+00            5.05     0.00000e+00
  50 -4.78935779e+03             inf     0.00000e+00            7.20     0.00000e+00
  60 -4.78896632e+03             inf     0.00000e+00            9.50     0.00000e+00
  70 -4.78891373e+03             inf     0.00000e+00           12.08     0.00000e+00
  80 -4.78882743e+03             inf     0.00000e+00           15.00     0.00000e+00
  90 -4.78879824e+03             inf     0.00000e+00           18.30     0.00000e+00
 100 -4.78868157e+03             inf     0.00000e+00           21.89     0.00000e+00
 110 -4.78847094e+03             inf     0.00000e+00           25.93     0.00000e+00
 120 -4.78835799e+03             inf     0.00000e+00           30.30     0.00000e+00
 130 -4.78834097e+03             inf     0.00000e+00           35.18     0.00000e+00
 140 -4.78831663e+03             inf     0.00000e+00           40.52     0.00000e+00
 150 -4.78829428e+03             inf     0.00000e+00           46.30     0.00000e+00
 160 -4.78827710e+03             inf     0.00000e+00           52.57     0.00000e+00
 170 -4.78818408e+03             inf     0.00000e+00           59.36     0.00000e+00
 180 -4.78810749e+03             inf     0.00000e+00           66.60     0.00000e+00
 190 -4.78800571e+03             inf     0.00000e+00           74.29     0.00000e+00
 200 -4.78798432e+03             inf     0.00000e+00           82.44     0.00000e+00
 210 -4.78794121e+03             inf     0.00000e+00           91.13     0.00000e+00
 220 -4.78793886e+03             inf     0.00000e+00          100.45     0.00000e+00
 230 -4.78793371e+03             inf     0.00000e+00          110.32     0.00000e+00
 240 -4.78793144e+03             inf     0.00000e+00          120.78     0.00000e+00
 250 -4.78792866e+03             inf     0.00000e+00          132.40     0.00000e+00
 260 -4.78791485e+03             inf     0.00000e+00          143.95     0.00000e+00
 270 -4.78790430e+03             inf     0.00000e+00          156.09     0.00000e+00
 280 -4.78788545e+03             inf     0.00000e+00          168.86     0.00000e+00
 290 -4.78788438e+03             inf     0.00000e+00          182.20     0.00000e+00
 300 -4.78781179e+03             inf     0.00000e+00          196.17     0.00000e+00
 310 -4.78780549e+03             inf     0.00000e+00          210.59     0.00000e+00
 320 -4.78779623e+03             inf     0.00000e+00          225.55     0.00000e+00
 330 -4.78779131e+03             inf     0.00000e+00          241.16     0.00000e+00
 340 -4.78778525e+03             inf     0.00000e+00          257.46     0.00000e+00
 350 -4.78778353e+03             inf     0.00000e+00          274.12     0.00000e+00
 360 -4.78778126e+03             inf     0.00000e+00          291.40     0.00000e+00
 365 -4.78778019e+03             inf     0.00000e+00          300.26     0.00000e+00
==============================================================================================
Pass              LB             iUB             iHW       F time       B time    Wall time
Sim1000    -4.78778e+03    -2.95369e+03     8.23100e+02         0.00         0.00       326.28
==============================================================================================
