Hydro_R10_AR1_T12_N30_I100ESS_SDDP_MC_EV_prob_-1.000000_ES
Multicut: True
Dynamic Sampling: False
==============================================================================================
Pass              LB             iUB             iHW    Wall time           Other
==============================================================================================
   0 -3.00000646e+09             inf     0.00000e+00            0.01     0.00000e+00
  10 -6.30627559e+04             inf     0.00000e+00            4.25     0.00000e+00
  20 -6.30177113e+04             inf     0.00000e+00            9.50     0.00000e+00
  30 -6.30177113e+04             inf     0.00000e+00           15.03     0.00000e+00
  40 -6.30177113e+04             inf     0.00000e+00           21.36     0.00000e+00
  50 -6.30177113e+04             inf     0.00000e+00           28.02     0.00000e+00
  60 -6.30177113e+04             inf     0.00000e+00           34.73     0.00000e+00
  70 -6.30177113e+04             inf     0.00000e+00           41.44     0.00000e+00
  80 -6.30177113e+04             inf     0.00000e+00           48.49     0.00000e+00
  90 -6.30177113e+04             inf     0.00000e+00           55.71     0.00000e+00
 100 -6.30177113e+04             inf     0.00000e+00           63.08     0.00000e+00
==============================================================================================
Pass              LB             iUB             iHW       F time       B time    Wall time
Sim1000    -6.30177e+04    -3.15654e+04     2.69920e+03         0.00         0.00       111.71
==============================================================================================
