Hydro_R2_AR1_T12_N6_36_I10000_Time100_DW_DUAL_MC_DS_30.0000_cvx_hull2
Multicut: True
Dynamic Sampling: True
==============================================================================================
Pass              LB             iUB             iHW    Wall time           Other
==============================================================================================
   0 -1.00000858e+08             inf     0.00000e+00            0.02     0.00000e+00
  10 -2.16481222e+03             inf     0.00000e+00            3.02     0.00000e+00
  20 -2.16481222e+03             inf     0.00000e+00            7.88     0.00000e+00
  30 -2.16481222e+03             inf     0.00000e+00           14.43     0.00000e+00
  40 -2.16481222e+03             inf     0.00000e+00           22.42     0.00000e+00
  50 -2.16481222e+03             inf     0.00000e+00           32.16     0.00000e+00
  60 -2.16481222e+03             inf     0.00000e+00           45.58     0.00000e+00
  70 -2.16481222e+03             inf     0.00000e+00           62.30     0.00000e+00
  80 -2.16481222e+03             inf     0.00000e+00           80.38     0.00000e+00
  90 -2.16481222e+03             inf     0.00000e+00          101.54     0.00000e+00
==============================================================================================
Pass              LB             iUB             iHW       F time       B time    Wall time
Sim1000    -2.16481e+03    -2.81606e+03     8.23510e+02         0.00         0.00       122.05
==============================================================================================
