Hydro_R2_AR1_T12_N5_30_I10000_Time100_DW_DUAL_MC_DS_0.0080_cvx_hull
Multicut: True
Dynamic Sampling: True
==============================================================================================
Pass              LB             iUB             iHW    Wall time           Other
==============================================================================================
   0 -1.00000858e+08             inf     0.00000e+00            0.01     0.00000e+00
  10 -5.07139235e+03             inf     0.00000e+00            2.10     0.00000e+00
  20 -5.06042685e+03             inf     0.00000e+00            5.73     0.00000e+00
  30 -5.05941360e+03             inf     0.00000e+00           11.08     0.00000e+00
  40 -5.05708722e+03             inf     0.00000e+00           18.32     0.00000e+00
  50 -5.05699591e+03             inf     0.00000e+00           27.71     0.00000e+00
  60 -5.05687059e+03             inf     0.00000e+00           40.00     0.00000e+00
  70 -5.05684725e+03             inf     0.00000e+00           52.90     0.00000e+00
  80 -5.05660046e+03             inf     0.00000e+00           69.34     0.00000e+00
  90 -5.05656961e+03             inf     0.00000e+00           89.20     0.00000e+00
  95 -5.05640553e+03             inf     0.00000e+00          100.11     0.00000e+00
==============================================================================================
Pass              LB             iUB             iHW       F time       B time    Wall time
Sim1000    -5.05641e+03    -6.99076e+00     9.39816e+02         0.00         0.00       124.28
==============================================================================================
