Hydro_R10_AR1_T12_N10_10_I101000_Time20_DW_DUAL_MC_ES_0.5000000_None
Multicut: True
Dynamic Sampling: False
==============================================================================================
Pass              LB             iUB             iHW    Wall time           Other
==============================================================================================
   0 -1.00004104e+08             inf     0.00000e+00            0.01     0.00000e+00
  10 -3.87928032e+04             inf     0.00000e+00            0.76     0.00000e+00
  20 -3.80637898e+04             inf     0.00000e+00            1.74     0.00000e+00
  30 -3.79642393e+04             inf     0.00000e+00            3.08     0.00000e+00
  40 -3.79363402e+04             inf     0.00000e+00            4.63     0.00000e+00
  50 -3.79151149e+04             inf     0.00000e+00            6.47     0.00000e+00
  60 -3.79063436e+04             inf     0.00000e+00            8.62     0.00000e+00
  70 -3.78988702e+04             inf     0.00000e+00           11.89     0.00000e+00
  80 -3.78933323e+04             inf     0.00000e+00           14.74     0.00000e+00
  90 -3.78900297e+04             inf     0.00000e+00           17.88     0.00000e+00
  97 -3.78875468e+04             inf     0.00000e+00           20.20     0.00000e+00
Time profiling
           Pass        # LPs        setup      simplex       output   cut update      cut gen        other        total
        Forward         1176         0.19         0.97         0.07         0.00         0.00         0.10         1.34
       Backward        10670         1.89         6.32         8.96         0.03         1.43         0.22        18.86
==============================================================================================
Pass              LB             iUB             iHW       F time       B time    Wall time
Sim100    -3.78875e+04    -3.88745e+04     4.97453e+02         0.00         0.00        23.92
==============================================================================================
Mean:   	 -38874.45
Median: 	 -38997.53
SD:     	   2487.27
20-80: 	( -41105.96,  -37041.14)
10-90: 	( -42015.07,  -36076.14)
05-95: 	( -42829.07,  -34293.17)
