Hydro_R10_AR1_T12_N5_5_I10000_Time20_DW_DUAL_MC_DS_0.5000000_None
Multicut: True
Dynamic Sampling: True
==============================================================================================
Pass              LB             iUB             iHW    Wall time           Other
==============================================================================================
   0 -1.00004104e+08             inf     0.00000e+00            0.01     0.00000e+00
  10 -3.42297288e+04             inf     0.00000e+00            0.40     0.00000e+00
  20 -3.41272509e+04             inf     0.00000e+00            0.87     0.00000e+00
  30 -3.41127166e+04             inf     0.00000e+00            1.50     0.00000e+00
  40 -3.41082383e+04             inf     0.00000e+00            2.12     0.00000e+00
  50 -3.41053134e+04             inf     0.00000e+00            2.78     0.00000e+00
  60 -3.41024234e+04             inf     0.00000e+00            3.69     0.00000e+00
  70 -3.41005149e+04             inf     0.00000e+00            4.61     0.00000e+00
  80 -3.40993513e+04             inf     0.00000e+00            5.54     0.00000e+00
  90 -3.40986357e+04             inf     0.00000e+00            6.57     0.00000e+00
 100 -3.40982839e+04             inf     0.00000e+00            7.65     0.00000e+00
 110 -3.40978741e+04             inf     0.00000e+00            8.84     0.00000e+00
 120 -3.40975527e+04             inf     0.00000e+00           10.35     0.00000e+00
 130 -3.40972098e+04             inf     0.00000e+00           11.78     0.00000e+00
 140 -3.40970204e+04             inf     0.00000e+00           13.32     0.00000e+00
 150 -3.40969055e+04             inf     0.00000e+00           15.18     0.00000e+00
 160 -3.40966948e+04             inf     0.00000e+00           17.13     0.00000e+00
 170 -3.40964906e+04             inf     0.00000e+00           19.10     0.00000e+00
 175 -3.40963911e+04             inf     0.00000e+00           20.08     0.00000e+00
Time profiling
           Pass        # LPs        setup      simplex       output   cut update      cut gen        other        total
        Forward         2112         0.37         1.19         0.13         0.01         0.00         0.47         2.18
       Backward         9625         1.94         5.31         8.64         0.03         1.70         0.28        17.90
==============================================================================================
Pass              LB             iUB             iHW       F time       B time    Wall time
Sim500    -3.40964e+04    -3.45334e+04     2.04747e+02         0.00         0.00        33.31
==============================================================================================
Mean:   	 -34533.42
Median: 	 -34490.99
SD:     	   2289.14
20-80: 	( -36275.18,  -32685.35)
10-90: 	( -37367.31,  -31597.99)
05-95: 	( -38379.60,  -30844.52)
