Hydro_R2_AR1_T12_N5_15_I10000_Time300_DW_DUAL_MC_DS_0.0800_None
Multicut: True
Dynamic Sampling: True
==============================================================================================
Pass              LB             iUB             iHW    Wall time           Other
==============================================================================================
   0 -1.00000858e+08             inf     0.00000e+00            0.01     0.00000e+00
  10 -5.02734604e+03             inf     0.00000e+00            0.85     0.00000e+00
  20 -5.01789716e+03             inf     0.00000e+00            2.44     0.00000e+00
  30 -5.01535967e+03             inf     0.00000e+00            4.29     0.00000e+00
  40 -5.01369338e+03             inf     0.00000e+00            6.36     0.00000e+00
  50 -5.01338276e+03             inf     0.00000e+00            8.51     0.00000e+00
  60 -5.01324943e+03             inf     0.00000e+00           11.00     0.00000e+00
  70 -5.01321886e+03             inf     0.00000e+00           13.89     0.00000e+00
  80 -5.01306039e+03             inf     0.00000e+00           18.05     0.00000e+00
  90 -5.01301400e+03             inf     0.00000e+00           22.90     0.00000e+00
 100 -5.01279367e+03             inf     0.00000e+00           27.90     0.00000e+00
 110 -5.01229339e+03             inf     0.00000e+00           33.36     0.00000e+00
 120 -5.01212610e+03             inf     0.00000e+00           38.30     0.00000e+00
 130 -5.01210670e+03             inf     0.00000e+00           43.75     0.00000e+00
 140 -5.01209314e+03             inf     0.00000e+00           50.79     0.00000e+00
 150 -5.01208489e+03             inf     0.00000e+00           58.61     0.00000e+00
 160 -5.01207880e+03             inf     0.00000e+00           67.03     0.00000e+00
 170 -5.01200592e+03             inf     0.00000e+00           76.01     0.00000e+00
 180 -5.01192127e+03             inf     0.00000e+00           85.45     0.00000e+00
 190 -5.01180239e+03             inf     0.00000e+00           95.40     0.00000e+00
 200 -5.01175579e+03             inf     0.00000e+00          105.88     0.00000e+00
 210 -5.01174775e+03             inf     0.00000e+00          116.89     0.00000e+00
 220 -5.01174589e+03             inf     0.00000e+00          128.45     0.00000e+00
 230 -5.01174441e+03             inf     0.00000e+00          139.72     0.00000e+00
 240 -5.01174270e+03             inf     0.00000e+00          152.35     0.00000e+00
 250 -5.01174121e+03             inf     0.00000e+00          165.79     0.00000e+00
 260 -5.01173995e+03             inf     0.00000e+00          179.49     0.00000e+00
 270 -5.01173694e+03             inf     0.00000e+00          194.84     0.00000e+00
 280 -5.01171181e+03             inf     0.00000e+00          213.32     0.00000e+00
 290 -5.01171030e+03             inf     0.00000e+00          231.89     0.00000e+00
 300 -5.01168528e+03             inf     0.00000e+00          250.98     0.00000e+00
 310 -5.01167492e+03             inf     0.00000e+00          270.53     0.00000e+00
 320 -5.01167198e+03             inf     0.00000e+00          290.58     0.00000e+00
 325 -5.01166894e+03             inf     0.00000e+00          300.53     0.00000e+00
==============================================================================================
Pass              LB             iUB             iHW       F time       B time    Wall time
Sim1000    -5.01167e+03    -2.95380e+03     8.23111e+02         0.00         0.00       332.13
==============================================================================================
