Hydro_R2_AR1_T12_N5_15_I10000_Time300_DW_DUAL_MC_DS_0.8000_None
Multicut: True
Dynamic Sampling: True
==============================================================================================
Pass              LB             iUB             iHW    Wall time           Other
==============================================================================================
   0 -1.00000858e+08             inf     0.00000e+00            0.01     0.00000e+00
  10 -4.64365638e+03             inf     0.00000e+00            0.82     0.00000e+00
  20 -4.63422489e+03             inf     0.00000e+00            1.98     0.00000e+00
  30 -4.63198571e+03             inf     0.00000e+00            3.45     0.00000e+00
  40 -4.63102003e+03             inf     0.00000e+00            5.37     0.00000e+00
  50 -4.63095074e+03             inf     0.00000e+00            7.52     0.00000e+00
  60 -4.63085302e+03             inf     0.00000e+00            9.97     0.00000e+00
  70 -4.63081908e+03             inf     0.00000e+00           12.72     0.00000e+00
  80 -4.63073865e+03             inf     0.00000e+00           15.69     0.00000e+00
  90 -4.63071333e+03             inf     0.00000e+00           19.10     0.00000e+00
 100 -4.63045829e+03             inf     0.00000e+00           22.79     0.00000e+00
 110 -4.63014796e+03             inf     0.00000e+00           26.83     0.00000e+00
 120 -4.63007405e+03             inf     0.00000e+00           31.34     0.00000e+00
 130 -4.63005693e+03             inf     0.00000e+00           36.31     0.00000e+00
 140 -4.63001554e+03             inf     0.00000e+00           41.83     0.00000e+00
 150 -4.62991166e+03             inf     0.00000e+00           47.79     0.00000e+00
 160 -4.62988793e+03             inf     0.00000e+00           54.22     0.00000e+00
 170 -4.62982166e+03             inf     0.00000e+00           61.25     0.00000e+00
 180 -4.62980367e+03             inf     0.00000e+00           68.67     0.00000e+00
 190 -4.62960267e+03             inf     0.00000e+00           76.68     0.00000e+00
 200 -4.62959777e+03             inf     0.00000e+00           85.13     0.00000e+00
 210 -4.62952825e+03             inf     0.00000e+00           94.18     0.00000e+00
 220 -4.62952377e+03             inf     0.00000e+00          103.77     0.00000e+00
 230 -4.62951732e+03             inf     0.00000e+00          113.91     0.00000e+00
 240 -4.62950796e+03             inf     0.00000e+00          124.78     0.00000e+00
 250 -4.62949513e+03             inf     0.00000e+00          136.31     0.00000e+00
 260 -4.62941679e+03             inf     0.00000e+00          148.24     0.00000e+00
 270 -4.62939671e+03             inf     0.00000e+00          160.72     0.00000e+00
 280 -4.62938284e+03             inf     0.00000e+00          173.84     0.00000e+00
 290 -4.62938223e+03             inf     0.00000e+00          187.45     0.00000e+00
 300 -4.62937567e+03             inf     0.00000e+00          201.68     0.00000e+00
 310 -4.62937264e+03             inf     0.00000e+00          216.50     0.00000e+00
 320 -4.62936718e+03             inf     0.00000e+00          231.96     0.00000e+00
 330 -4.62934598e+03             inf     0.00000e+00          248.05     0.00000e+00
 340 -4.62927415e+03             inf     0.00000e+00          265.17     0.00000e+00
 350 -4.62926186e+03             inf     0.00000e+00          282.17     0.00000e+00
 360 -4.62926075e+03             inf     0.00000e+00          299.77     0.00000e+00
 361 -4.62926018e+03             inf     0.00000e+00          301.54     0.00000e+00
==============================================================================================
Pass              LB             iUB             iHW       F time       B time    Wall time
Sim1000    -4.62926e+03    -2.95375e+03     8.23102e+02         0.00         0.00       327.63
==============================================================================================
