Hydro_R10_AR1_T12_N10_10_I10000_Time20_DW_DUAL_MC_DS_0.0200000_None
Multicut: True
Dynamic Sampling: True
==============================================================================================
Pass              LB             iUB             iHW    Wall time           Other
==============================================================================================
   0 -1.00004104e+08             inf     0.00000e+00            0.01     0.00000e+00
  10 -3.40582794e+04             inf     0.00000e+00            0.82     0.00000e+00
  20 -3.39495566e+04             inf     0.00000e+00            1.87     0.00000e+00
  30 -3.39159272e+04             inf     0.00000e+00            3.16     0.00000e+00
  40 -3.39073096e+04             inf     0.00000e+00            4.78     0.00000e+00
  50 -3.38995661e+04             inf     0.00000e+00            6.72     0.00000e+00
  60 -3.38974035e+04             inf     0.00000e+00            8.91     0.00000e+00
  70 -3.38952855e+04             inf     0.00000e+00           11.34     0.00000e+00
  80 -3.38937869e+04             inf     0.00000e+00           14.09     0.00000e+00
  90 -3.38919652e+04             inf     0.00000e+00           17.15     0.00000e+00
  99 -3.38912576e+04             inf     0.00000e+00           20.16     0.00000e+00
Time profiling
           Pass        # LPs        setup      simplex       output   cut update      cut gen        other        total
        Forward         1200         0.19         0.79         0.07         0.00         0.00         0.39         1.45
       Backward        10890         1.89         6.03         8.96         0.03         1.53         0.27        18.71
==============================================================================================
Pass              LB             iUB             iHW       F time       B time    Wall time
Sim500    -3.38913e+04    -3.45381e+04     2.05052e+02         0.00         0.00        33.66
==============================================================================================
Mean:   	 -34538.12
Median: 	 -34504.87
SD:     	   2292.55
20-80: 	( -36268.73,  -32698.66)
10-90: 	( -37377.62,  -31626.42)
05-95: 	( -38386.56,  -30830.92)
