Hydro_R10_AR1_T12_N3_9_I101000_DW_DUAL_MC_DS_10.000000
Multicut: True
Dynamic Sampling: True
==============================================================================================
Pass              LB             iUB             iHW    Wall time           Other
==============================================================================================
   0 -1.00006458e+08             inf     0.00000e+00            0.02     0.00000e+00
  10 -5.27698566e+04             inf     0.00000e+00            0.80     0.00000e+00
  20 -5.24768728e+04             inf     0.00000e+00            1.87     0.00000e+00
  30 -5.24302008e+04             inf     0.00000e+00            3.03     0.00000e+00
  40 -5.24185977e+04             inf     0.00000e+00            4.45     0.00000e+00
  50 -5.24042890e+04             inf     0.00000e+00            6.10     0.00000e+00
  60 -5.23946234e+04             inf     0.00000e+00            7.89     0.00000e+00
  70 -5.23899946e+04             inf     0.00000e+00            9.91     0.00000e+00
  80 -5.23865927e+04             inf     0.00000e+00           12.42     0.00000e+00
  90 -5.23833901e+04             inf     0.00000e+00           14.85     0.00000e+00
 100 -5.23817133e+04             inf     0.00000e+00           17.45     0.00000e+00
 110 -5.23795807e+04             inf     0.00000e+00           20.26     0.00000e+00
 120 -5.23779109e+04             inf     0.00000e+00           23.31     0.00000e+00
 130 -5.23763381e+04             inf     0.00000e+00           26.79     0.00000e+00
 140 -5.23756967e+04             inf     0.00000e+00           30.54     0.00000e+00
 150 -5.23746074e+04             inf     0.00000e+00           34.54     0.00000e+00
 160 -5.23741269e+04             inf     0.00000e+00           38.74     0.00000e+00
 170 -5.23733782e+04             inf     0.00000e+00           43.12     0.00000e+00
 180 -5.23726271e+04             inf     0.00000e+00           47.80     0.00000e+00
 185 -5.23724560e+04             inf     0.00000e+00           50.23     0.00000e+00
==============================================================================================
Pass              LB             iUB             iHW       F time       B time    Wall time
Sim1000    -5.23725e+04    -5.27640e+04     2.12584e+03         0.00         0.00        84.51
==============================================================================================
