Hydro_R2_AR1_T12_N5_15_I10000_Time300_DW_DUAL_MC_DS_0.0800_cube
Multicut: True
Dynamic Sampling: True
==============================================================================================
Pass              LB             iUB             iHW    Wall time           Other
==============================================================================================
   0 -1.00000858e+08             inf     0.00000e+00            0.01     0.00000e+00
  10 -5.03303807e+03             inf     0.00000e+00            1.01     0.00000e+00
  20 -5.02310032e+03             inf     0.00000e+00            2.73     0.00000e+00
  30 -5.02119393e+03             inf     0.00000e+00            4.91     0.00000e+00
  40 -5.01904824e+03             inf     0.00000e+00            7.52     0.00000e+00
  50 -5.01881198e+03             inf     0.00000e+00           11.35     0.00000e+00
  60 -5.01867844e+03             inf     0.00000e+00           15.11     0.00000e+00
  70 -5.01865665e+03             inf     0.00000e+00           19.19     0.00000e+00
  80 -5.01833970e+03             inf     0.00000e+00           23.93     0.00000e+00
  90 -5.01827402e+03             inf     0.00000e+00           29.67     0.00000e+00
 100 -5.01819097e+03             inf     0.00000e+00           36.03     0.00000e+00
 110 -5.01732653e+03             inf     0.00000e+00           43.33     0.00000e+00
 120 -5.01727852e+03             inf     0.00000e+00           51.32     0.00000e+00
 130 -5.01727125e+03             inf     0.00000e+00           59.02     0.00000e+00
 140 -5.01725384e+03             inf     0.00000e+00           67.19     0.00000e+00
 150 -5.01725103e+03             inf     0.00000e+00           75.32     0.00000e+00
 160 -5.01724762e+03             inf     0.00000e+00           83.93     0.00000e+00
 170 -5.01715879e+03             inf     0.00000e+00           94.42     0.00000e+00
 180 -5.01709633e+03             inf     0.00000e+00          105.52     0.00000e+00
 190 -5.01694947e+03             inf     0.00000e+00          117.80     0.00000e+00
 200 -5.01690012e+03             inf     0.00000e+00          131.51     0.00000e+00
 210 -5.01689413e+03             inf     0.00000e+00          145.64     0.00000e+00
 220 -5.01689191e+03             inf     0.00000e+00          160.26     0.00000e+00
 230 -5.01689135e+03             inf     0.00000e+00          174.81     0.00000e+00
 240 -5.01688859e+03             inf     0.00000e+00          190.35     0.00000e+00
 250 -5.01688805e+03             inf     0.00000e+00          206.79     0.00000e+00
 260 -5.01688683e+03             inf     0.00000e+00          222.93     0.00000e+00
 270 -5.01688436e+03             inf     0.00000e+00          239.42     0.00000e+00
 280 -5.01685955e+03             inf     0.00000e+00          256.48     0.00000e+00
 290 -5.01685865e+03             inf     0.00000e+00          274.87     0.00000e+00
 300 -5.01677420e+03             inf     0.00000e+00          292.50     0.00000e+00
 304 -5.01676818e+03             inf     0.00000e+00          300.31     0.00000e+00
==============================================================================================
Pass              LB             iUB             iHW       F time       B time    Wall time
Sim1000    -5.01677e+03    -1.18766e+03     8.75150e+02         0.00         0.00       328.23
==============================================================================================
