Hydro_R2_AR1_T12_N5_15_I10000_Time300_DW_DUAL_MC_DS_0.0008_cvx_hull2
Multicut: True
Dynamic Sampling: True
==============================================================================================
Pass              LB             iUB             iHW    Wall time           Other
==============================================================================================
   0 -1.00000858e+08             inf     0.00000e+00            0.01     0.00000e+00
  10 -5.07285119e+03             inf     0.00000e+00            0.64     0.00000e+00
  20 -5.06217945e+03             inf     0.00000e+00            1.78     0.00000e+00
  30 -5.06080559e+03             inf     0.00000e+00            3.10     0.00000e+00
  40 -5.05852045e+03             inf     0.00000e+00            4.88     0.00000e+00
  50 -5.05840369e+03             inf     0.00000e+00            6.94     0.00000e+00
  60 -5.05827473e+03             inf     0.00000e+00            9.23     0.00000e+00
  70 -5.05825577e+03             inf     0.00000e+00           11.78     0.00000e+00
  80 -5.05796820e+03             inf     0.00000e+00           14.62     0.00000e+00
  90 -5.05794015e+03             inf     0.00000e+00           17.88     0.00000e+00
 100 -5.05777933e+03             inf     0.00000e+00           21.32     0.00000e+00
 110 -5.05676901e+03             inf     0.00000e+00           25.09     0.00000e+00
 120 -5.05657277e+03             inf     0.00000e+00           29.21     0.00000e+00
 130 -5.05655500e+03             inf     0.00000e+00           33.76     0.00000e+00
 140 -5.05653580e+03             inf     0.00000e+00           38.67     0.00000e+00
 150 -5.05652892e+03             inf     0.00000e+00           44.07     0.00000e+00
 160 -5.05652364e+03             inf     0.00000e+00           49.91     0.00000e+00
 170 -5.05645227e+03             inf     0.00000e+00           56.18     0.00000e+00
 180 -5.05639040e+03             inf     0.00000e+00           62.87     0.00000e+00
 190 -5.05627792e+03             inf     0.00000e+00           69.94     0.00000e+00
 200 -5.05623560e+03             inf     0.00000e+00           77.45     0.00000e+00
 210 -5.05623205e+03             inf     0.00000e+00           85.45     0.00000e+00
 220 -5.05622982e+03             inf     0.00000e+00           93.90     0.00000e+00
 230 -5.05622803e+03             inf     0.00000e+00          102.85     0.00000e+00
 240 -5.05622734e+03             inf     0.00000e+00          112.61     0.00000e+00
 250 -5.05622644e+03             inf     0.00000e+00          122.64     0.00000e+00
 260 -5.05622516e+03             inf     0.00000e+00          133.06     0.00000e+00
 270 -5.05621748e+03             inf     0.00000e+00          144.05     0.00000e+00
 280 -5.05617873e+03             inf     0.00000e+00          155.52     0.00000e+00
 290 -5.05617797e+03             inf     0.00000e+00          167.56     0.00000e+00
 300 -5.05613087e+03             inf     0.00000e+00          179.97     0.00000e+00
 310 -5.05612527e+03             inf     0.00000e+00          192.94     0.00000e+00
 320 -5.05612231e+03             inf     0.00000e+00          206.36     0.00000e+00
 330 -5.05611587e+03             inf     0.00000e+00          220.49     0.00000e+00
 340 -5.05611303e+03             inf     0.00000e+00          235.17     0.00000e+00
 350 -5.05611162e+03             inf     0.00000e+00          250.17     0.00000e+00
 360 -5.05611046e+03             inf     0.00000e+00          265.72     0.00000e+00
 370 -5.05604861e+03             inf     0.00000e+00          282.84     0.00000e+00
 380 -5.05602940e+03             inf     0.00000e+00          300.52     0.00000e+00
==============================================================================================
Pass              LB             iUB             iHW       F time       B time    Wall time
Sim1000    -5.05603e+03    -2.37979e+03     8.38307e+02         0.00         0.00       325.60
==============================================================================================
