Hydro_R10_AR1_T2_N10_I101000ESS_PRIMAL_MC_DW_10.000000_DS
Multicut: True
Dynamic Sampling: True
==============================================================================================
Pass              LB             iUB             iHW    Wall time           Other
==============================================================================================
   0 -1.00006458e+08             inf     0.00000e+00            0.01     0.00000e+00
  10 -1.45704369e+04             inf     0.00000e+00            0.10     0.00000e+00
  20 -1.45704369e+04             inf     0.00000e+00            0.19     0.00000e+00
  30 -1.45704369e+04             inf     0.00000e+00            0.27     0.00000e+00
  40 -1.45704369e+04             inf     0.00000e+00            0.37     0.00000e+00
  50 -1.45704369e+04             inf     0.00000e+00            0.46     0.00000e+00
  60 -1.45704369e+04             inf     0.00000e+00            0.55     0.00000e+00
  70 -1.45704369e+04             inf     0.00000e+00            0.64     0.00000e+00
  80 -1.45704369e+04             inf     0.00000e+00            0.73     0.00000e+00
  90 -1.45704369e+04             inf     0.00000e+00            0.82     0.00000e+00
 100 -1.45704369e+04             inf     0.00000e+00            0.92     0.00000e+00
 110 -1.45704369e+04             inf     0.00000e+00            1.01     0.00000e+00
 120 -1.45704369e+04             inf     0.00000e+00            1.11     0.00000e+00
 130 -1.45704369e+04             inf     0.00000e+00            1.22     0.00000e+00
 140 -1.45704369e+04             inf     0.00000e+00            1.32     0.00000e+00
 150 -1.45704369e+04             inf     0.00000e+00            1.42     0.00000e+00
 160 -1.45704369e+04             inf     0.00000e+00            1.52     0.00000e+00
 170 -1.45704369e+04             inf     0.00000e+00            1.61     0.00000e+00
 180 -1.45704369e+04             inf     0.00000e+00            1.71     0.00000e+00
 190 -1.45704369e+04             inf     0.00000e+00            1.80     0.00000e+00
 200 -1.45704369e+04             inf     0.00000e+00            1.91     0.00000e+00
 210 -1.45704369e+04             inf     0.00000e+00            2.00     0.00000e+00
 220 -1.45704369e+04             inf     0.00000e+00            2.10     0.00000e+00
 230 -1.45704369e+04             inf     0.00000e+00            2.19     0.00000e+00
 240 -1.45704369e+04             inf     0.00000e+00            2.32     0.00000e+00
 250 -1.45704369e+04             inf     0.00000e+00            2.43     0.00000e+00
 260 -1.45704369e+04             inf     0.00000e+00            2.53     0.00000e+00
 270 -1.45704369e+04             inf     0.00000e+00            2.63     0.00000e+00
 280 -1.45704369e+04             inf     0.00000e+00            2.73     0.00000e+00
 290 -1.45704369e+04             inf     0.00000e+00            2.83     0.00000e+00
 300 -1.45704369e+04             inf     0.00000e+00            2.93     0.00000e+00
 310 -1.45704369e+04             inf     0.00000e+00            3.04     0.00000e+00
 320 -1.45704369e+04             inf     0.00000e+00            3.14     0.00000e+00
 330 -1.45704369e+04             inf     0.00000e+00            3.24     0.00000e+00
 340 -1.45704369e+04             inf     0.00000e+00            3.35     0.00000e+00
 350 -1.45704369e+04             inf     0.00000e+00            3.45     0.00000e+00
 360 -1.45704369e+04             inf     0.00000e+00            3.56     0.00000e+00
 370 -1.45704369e+04             inf     0.00000e+00            3.66     0.00000e+00
 380 -1.45704369e+04             inf     0.00000e+00            3.77     0.00000e+00
 390 -1.45704369e+04             inf     0.00000e+00            3.87     0.00000e+00
 400 -1.45704369e+04             inf     0.00000e+00            3.98     0.00000e+00
 410 -1.45704369e+04             inf     0.00000e+00            4.08     0.00000e+00
 420 -1.45704369e+04             inf     0.00000e+00            4.18     0.00000e+00
 430 -1.45704369e+04             inf     0.00000e+00            4.30     0.00000e+00
 440 -1.45704369e+04             inf     0.00000e+00            4.40     0.00000e+00
 450 -1.45704369e+04             inf     0.00000e+00            4.51     0.00000e+00
 460 -1.45704369e+04             inf     0.00000e+00            4.62     0.00000e+00
 470 -1.45704369e+04             inf     0.00000e+00            4.73     0.00000e+00
 480 -1.45704369e+04             inf     0.00000e+00            4.84     0.00000e+00
 490 -1.45704369e+04             inf     0.00000e+00            4.95     0.00000e+00
 500 -1.45704369e+04             inf     0.00000e+00            5.06     0.00000e+00
 510 -1.45704369e+04             inf     0.00000e+00            5.18     0.00000e+00
 520 -1.45704369e+04             inf     0.00000e+00            5.30     0.00000e+00
 530 -1.45704369e+04             inf     0.00000e+00            5.41     0.00000e+00
 540 -1.45704369e+04             inf     0.00000e+00            5.52     0.00000e+00
 550 -1.45704369e+04             inf     0.00000e+00            5.64     0.00000e+00
 560 -1.45704369e+04             inf     0.00000e+00            5.75     0.00000e+00
 570 -1.45704369e+04             inf     0.00000e+00            5.87     0.00000e+00
 580 -1.45704369e+04             inf     0.00000e+00            5.98     0.00000e+00
 590 -1.45704369e+04             inf     0.00000e+00            6.08     0.00000e+00
 600 -1.45704369e+04             inf     0.00000e+00            6.20     0.00000e+00
 610 -1.45704369e+04             inf     0.00000e+00            6.32     0.00000e+00
 620 -1.45704369e+04             inf     0.00000e+00            6.44     0.00000e+00
 630 -1.45704369e+04             inf     0.00000e+00            6.56     0.00000e+00
 640 -1.45704369e+04             inf     0.00000e+00            6.67     0.00000e+00
 650 -1.45704369e+04             inf     0.00000e+00            6.80     0.00000e+00
 660 -1.45704369e+04             inf     0.00000e+00            6.91     0.00000e+00
 670 -1.45704369e+04             inf     0.00000e+00            7.04     0.00000e+00
 680 -1.45704369e+04             inf     0.00000e+00            7.16     0.00000e+00
 690 -1.45704369e+04             inf     0.00000e+00            7.28     0.00000e+00
 700 -1.45704369e+04             inf     0.00000e+00            7.40     0.00000e+00
 710 -1.45704369e+04             inf     0.00000e+00            7.53     0.00000e+00
 720 -1.45704369e+04             inf     0.00000e+00            7.65     0.00000e+00
 730 -1.45704369e+04             inf     0.00000e+00            7.77     0.00000e+00
 740 -1.45704369e+04             inf     0.00000e+00            7.88     0.00000e+00
 750 -1.45704369e+04             inf     0.00000e+00            8.01     0.00000e+00
 760 -1.45704369e+04             inf     0.00000e+00            8.14     0.00000e+00
 770 -1.45704369e+04             inf     0.00000e+00            8.26     0.00000e+00
 780 -1.45704369e+04             inf     0.00000e+00            8.39     0.00000e+00
 790 -1.45704369e+04             inf     0.00000e+00            8.51     0.00000e+00
 800 -1.45704369e+04             inf     0.00000e+00            8.64     0.00000e+00
 810 -1.45704369e+04             inf     0.00000e+00            8.77     0.00000e+00
 820 -1.45704369e+04             inf     0.00000e+00            8.90     0.00000e+00
 830 -1.45704369e+04             inf     0.00000e+00            9.02     0.00000e+00
 840 -1.45704369e+04             inf     0.00000e+00            9.16     0.00000e+00
 850 -1.45704369e+04             inf     0.00000e+00            9.28     0.00000e+00
 860 -1.45704369e+04             inf     0.00000e+00            9.41     0.00000e+00
 870 -1.45704369e+04             inf     0.00000e+00            9.54     0.00000e+00
 880 -1.45704369e+04             inf     0.00000e+00            9.66     0.00000e+00
 890 -1.45704369e+04             inf     0.00000e+00            9.80     0.00000e+00
 900 -1.45704369e+04             inf     0.00000e+00            9.93     0.00000e+00
 910 -1.45704369e+04             inf     0.00000e+00           10.06     0.00000e+00
 920 -1.45704369e+04             inf     0.00000e+00           10.19     0.00000e+00
 930 -1.45704369e+04             inf     0.00000e+00           10.33     0.00000e+00
 940 -1.45704369e+04             inf     0.00000e+00           10.46     0.00000e+00
 950 -1.45704369e+04             inf     0.00000e+00           10.59     0.00000e+00
 960 -1.45704369e+04             inf     0.00000e+00           10.72     0.00000e+00
 970 -1.45704369e+04             inf     0.00000e+00           10.86     0.00000e+00
 980 -1.45704369e+04             inf     0.00000e+00           10.99     0.00000e+00
 990 -1.45704369e+04             inf     0.00000e+00           11.13     0.00000e+00
1000 -1.45704369e+04             inf     0.00000e+00           11.26     0.00000e+00
1010 -1.45704369e+04             inf     0.00000e+00           11.40     0.00000e+00
1020 -1.45704369e+04             inf     0.00000e+00           11.53     0.00000e+00
1030 -1.45704369e+04             inf     0.00000e+00           11.67     0.00000e+00
1040 -1.45704369e+04             inf     0.00000e+00           11.82     0.00000e+00
1050 -1.45704369e+04             inf     0.00000e+00           11.95     0.00000e+00
1060 -1.45704369e+04             inf     0.00000e+00           12.08     0.00000e+00
1070 -1.45704369e+04             inf     0.00000e+00           12.21     0.00000e+00
1080 -1.45704369e+04             inf     0.00000e+00           12.34     0.00000e+00
1090 -1.45704369e+04             inf     0.00000e+00           12.47     0.00000e+00
1100 -1.45704369e+04             inf     0.00000e+00           12.61     0.00000e+00
1110 -1.45704369e+04             inf     0.00000e+00           12.74     0.00000e+00
1120 -1.45704369e+04             inf     0.00000e+00           12.87     0.00000e+00
1130 -1.45704369e+04             inf     0.00000e+00           13.00     0.00000e+00
1140 -1.45704369e+04             inf     0.00000e+00           13.14     0.00000e+00
1150 -1.45704369e+04             inf     0.00000e+00           13.27     0.00000e+00
1160 -1.45704369e+04             inf     0.00000e+00           13.41     0.00000e+00
1170 -1.45704369e+04             inf     0.00000e+00           13.55     0.00000e+00
1180 -1.45704369e+04             inf     0.00000e+00           13.69     0.00000e+00
1190 -1.45704369e+04             inf     0.00000e+00           13.84     0.00000e+00
1200 -1.45704369e+04             inf     0.00000e+00           13.97     0.00000e+00
1210 -1.45704369e+04             inf     0.00000e+00           14.10     0.00000e+00
1220 -1.45704369e+04             inf     0.00000e+00           14.24     0.00000e+00
1230 -1.45704369e+04             inf     0.00000e+00           14.40     0.00000e+00
1240 -1.45704369e+04             inf     0.00000e+00           14.57     0.00000e+00
1250 -1.45704369e+04             inf     0.00000e+00           14.73     0.00000e+00
1260 -1.45704369e+04             inf     0.00000e+00           14.89     0.00000e+00
1270 -1.45704369e+04             inf     0.00000e+00           15.05     0.00000e+00
1280 -1.45704369e+04             inf     0.00000e+00           15.21     0.00000e+00
1290 -1.45704369e+04             inf     0.00000e+00           15.38     0.00000e+00
1300 -1.45704369e+04             inf     0.00000e+00           15.54     0.00000e+00
1310 -1.45704369e+04             inf     0.00000e+00           15.70     0.00000e+00
1320 -1.45704369e+04             inf     0.00000e+00           15.86     0.00000e+00
1330 -1.45704369e+04             inf     0.00000e+00           16.02     0.00000e+00
1340 -1.45704369e+04             inf     0.00000e+00           16.17     0.00000e+00
1350 -1.45704369e+04             inf     0.00000e+00           16.34     0.00000e+00
1360 -1.45704369e+04             inf     0.00000e+00           16.55     0.00000e+00
1370 -1.45704369e+04             inf     0.00000e+00           16.70     0.00000e+00
1380 -1.45704369e+04             inf     0.00000e+00           16.88     0.00000e+00
1390 -1.45704369e+04             inf     0.00000e+00           17.04     0.00000e+00
1400 -1.45704369e+04             inf     0.00000e+00           17.20     0.00000e+00
1410 -1.45704369e+04             inf     0.00000e+00           17.38     0.00000e+00
1420 -1.45704369e+04             inf     0.00000e+00           17.54     0.00000e+00
1430 -1.45704369e+04             inf     0.00000e+00           17.71     0.00000e+00
1440 -1.45704369e+04             inf     0.00000e+00           17.88     0.00000e+00
1450 -1.45704369e+04             inf     0.00000e+00           18.05     0.00000e+00
1460 -1.45704369e+04             inf     0.00000e+00           18.22     0.00000e+00
1470 -1.45704369e+04             inf     0.00000e+00           18.39     0.00000e+00
1480 -1.45704369e+04             inf     0.00000e+00           18.56     0.00000e+00
1490 -1.45704369e+04             inf     0.00000e+00           18.74     0.00000e+00
1500 -1.45704369e+04             inf     0.00000e+00           18.92     0.00000e+00
1510 -1.45704369e+04             inf     0.00000e+00           19.09     0.00000e+00
1520 -1.45704369e+04             inf     0.00000e+00           19.26     0.00000e+00
1530 -1.45704369e+04             inf     0.00000e+00           19.43     0.00000e+00
1540 -1.45704369e+04             inf     0.00000e+00           19.61     0.00000e+00
1550 -1.45704369e+04             inf     0.00000e+00           19.78     0.00000e+00
1560 -1.45704369e+04             inf     0.00000e+00           19.96     0.00000e+00
1570 -1.45704369e+04             inf     0.00000e+00           20.13     0.00000e+00
1580 -1.45704369e+04             inf     0.00000e+00           20.30     0.00000e+00
1590 -1.45704369e+04             inf     0.00000e+00           20.49     0.00000e+00
1600 -1.45704369e+04             inf     0.00000e+00           20.67     0.00000e+00
1610 -1.45704369e+04             inf     0.00000e+00           20.84     0.00000e+00
1620 -1.45704369e+04             inf     0.00000e+00           21.03     0.00000e+00
1630 -1.45704369e+04             inf     0.00000e+00           21.22     0.00000e+00
1640 -1.45704369e+04             inf     0.00000e+00           21.44     0.00000e+00
1650 -1.45704369e+04             inf     0.00000e+00           21.65     0.00000e+00
1660 -1.45704369e+04             inf     0.00000e+00           21.87     0.00000e+00
1670 -1.45704369e+04             inf     0.00000e+00           22.09     0.00000e+00
1680 -1.45704369e+04             inf     0.00000e+00           22.30     0.00000e+00
1690 -1.45704369e+04             inf     0.00000e+00           22.51     0.00000e+00
1700 -1.45704369e+04             inf     0.00000e+00           22.72     0.00000e+00
1710 -1.45704369e+04             inf     0.00000e+00           22.93     0.00000e+00
1720 -1.45704369e+04             inf     0.00000e+00           23.15     0.00000e+00
1730 -1.45704369e+04             inf     0.00000e+00           23.37     0.00000e+00
1740 -1.45704369e+04             inf     0.00000e+00           23.59     0.00000e+00
1750 -1.45704369e+04             inf     0.00000e+00           23.81     0.00000e+00
1760 -1.45704369e+04             inf     0.00000e+00           24.03     0.00000e+00
1770 -1.45704369e+04             inf     0.00000e+00           24.25     0.00000e+00
1780 -1.45704369e+04             inf     0.00000e+00           24.48     0.00000e+00
1790 -1.45704369e+04             inf     0.00000e+00           24.70     0.00000e+00
1800 -1.45704369e+04             inf     0.00000e+00           24.92     0.00000e+00
1810 -1.45704369e+04             inf     0.00000e+00           25.13     0.00000e+00
1820 -1.45704369e+04             inf     0.00000e+00           25.35     0.00000e+00
1830 -1.45704369e+04             inf     0.00000e+00           25.56     0.00000e+00
1840 -1.45704369e+04             inf     0.00000e+00           25.78     0.00000e+00
1850 -1.45704369e+04             inf     0.00000e+00           26.00     0.00000e+00
1860 -1.45704369e+04             inf     0.00000e+00           26.22     0.00000e+00
1870 -1.45704369e+04             inf     0.00000e+00           26.44     0.00000e+00
1880 -1.45704369e+04             inf     0.00000e+00           26.67     0.00000e+00
1890 -1.45704369e+04             inf     0.00000e+00           26.90     0.00000e+00
1900 -1.45704369e+04             inf     0.00000e+00           27.12     0.00000e+00
1910 -1.45704369e+04             inf     0.00000e+00           27.35     0.00000e+00
1920 -1.45704369e+04             inf     0.00000e+00           27.57     0.00000e+00
1930 -1.45704369e+04             inf     0.00000e+00           27.81     0.00000e+00
1940 -1.45704369e+04             inf     0.00000e+00           28.03     0.00000e+00
1950 -1.45704369e+04             inf     0.00000e+00           28.26     0.00000e+00
1960 -1.45704369e+04             inf     0.00000e+00           28.48     0.00000e+00
1970 -1.45704369e+04             inf     0.00000e+00           28.71     0.00000e+00
1980 -1.45704369e+04             inf     0.00000e+00           28.95     0.00000e+00
1990 -1.45704369e+04             inf     0.00000e+00           29.17     0.00000e+00
2000 -1.45704369e+04             inf     0.00000e+00           29.41     0.00000e+00
2010 -1.45704369e+04             inf     0.00000e+00           29.64     0.00000e+00
2020 -1.45704369e+04             inf     0.00000e+00           29.87     0.00000e+00
2030 -1.45704369e+04             inf     0.00000e+00           30.11     0.00000e+00
2040 -1.45704369e+04             inf     0.00000e+00           30.33     0.00000e+00
2050 -1.45704369e+04             inf     0.00000e+00           30.57     0.00000e+00
2060 -1.45704369e+04             inf     0.00000e+00           30.81     0.00000e+00
2070 -1.45704369e+04             inf     0.00000e+00           31.08     0.00000e+00
2080 -1.45704369e+04             inf     0.00000e+00           31.34     0.00000e+00
2090 -1.45704369e+04             inf     0.00000e+00           31.60     0.00000e+00
2100 -1.45704369e+04             inf     0.00000e+00           31.86     0.00000e+00
2110 -1.45704369e+04             inf     0.00000e+00           32.12     0.00000e+00
2120 -1.45704369e+04             inf     0.00000e+00           32.38     0.00000e+00
2130 -1.45704369e+04             inf     0.00000e+00           32.65     0.00000e+00
2140 -1.45704369e+04             inf     0.00000e+00           32.91     0.00000e+00
2150 -1.45704369e+04             inf     0.00000e+00           33.18     0.00000e+00
2160 -1.45704369e+04             inf     0.00000e+00           33.45     0.00000e+00
2170 -1.45704369e+04             inf     0.00000e+00           33.70     0.00000e+00
2180 -1.45704369e+04             inf     0.00000e+00           33.97     0.00000e+00
2190 -1.45704369e+04             inf     0.00000e+00           34.23     0.00000e+00
2200 -1.45704369e+04             inf     0.00000e+00           34.49     0.00000e+00
2210 -1.45704369e+04             inf     0.00000e+00           34.76     0.00000e+00
2220 -1.45704369e+04             inf     0.00000e+00           35.02     0.00000e+00
2230 -1.45704369e+04             inf     0.00000e+00           35.29     0.00000e+00
2240 -1.45704369e+04             inf     0.00000e+00           35.57     0.00000e+00
2250 -1.45704369e+04             inf     0.00000e+00           35.84     0.00000e+00
2260 -1.45704369e+04             inf     0.00000e+00           36.10     0.00000e+00
2270 -1.45704369e+04             inf     0.00000e+00           36.37     0.00000e+00
2280 -1.45704369e+04             inf     0.00000e+00           36.64     0.00000e+00
2290 -1.45704369e+04             inf     0.00000e+00           36.92     0.00000e+00
2300 -1.45704369e+04             inf     0.00000e+00           37.19     0.00000e+00
2310 -1.45704369e+04             inf     0.00000e+00           37.47     0.00000e+00
2320 -1.45704369e+04             inf     0.00000e+00           37.74     0.00000e+00
2330 -1.45704369e+04             inf     0.00000e+00           38.01     0.00000e+00
2340 -1.45704369e+04             inf     0.00000e+00           38.28     0.00000e+00
2350 -1.45704369e+04             inf     0.00000e+00           38.56     0.00000e+00
2360 -1.45704369e+04             inf     0.00000e+00           38.85     0.00000e+00
2370 -1.45704369e+04             inf     0.00000e+00           39.14     0.00000e+00
2380 -1.45704369e+04             inf     0.00000e+00           39.42     0.00000e+00
2390 -1.45704369e+04             inf     0.00000e+00           39.70     0.00000e+00
2400 -1.45704369e+04             inf     0.00000e+00           39.98     0.00000e+00
2410 -1.45704369e+04             inf     0.00000e+00           40.26     0.00000e+00
2420 -1.45704369e+04             inf     0.00000e+00           40.54     0.00000e+00
2430 -1.45704369e+04             inf     0.00000e+00           40.82     0.00000e+00
2440 -1.45704369e+04             inf     0.00000e+00           41.11     0.00000e+00
2450 -1.45704369e+04             inf     0.00000e+00           41.40     0.00000e+00
2460 -1.45704369e+04             inf     0.00000e+00           41.70     0.00000e+00
2470 -1.45704369e+04             inf     0.00000e+00           41.99     0.00000e+00
2480 -1.45704369e+04             inf     0.00000e+00           42.34     0.00000e+00
2490 -1.45704369e+04             inf     0.00000e+00           42.63     0.00000e+00
2500 -1.45704369e+04             inf     0.00000e+00           42.92     0.00000e+00
2510 -1.45704369e+04             inf     0.00000e+00           43.20     0.00000e+00
2520 -1.45704369e+04             inf     0.00000e+00           43.49     0.00000e+00
2530 -1.45704369e+04             inf     0.00000e+00           43.77     0.00000e+00
2540 -1.45704369e+04             inf     0.00000e+00           44.07     0.00000e+00
2550 -1.45704369e+04             inf     0.00000e+00           44.36     0.00000e+00
2560 -1.45704369e+04             inf     0.00000e+00           44.72     0.00000e+00
2570 -1.45704369e+04             inf     0.00000e+00           45.03     0.00000e+00
2580 -1.45704369e+04             inf     0.00000e+00           45.36     0.00000e+00
2590 -1.45704369e+04             inf     0.00000e+00           45.69     0.00000e+00
2600 -1.45704369e+04             inf     0.00000e+00           46.02     0.00000e+00
2610 -1.45704369e+04             inf     0.00000e+00           46.35     0.00000e+00
2620 -1.45704369e+04             inf     0.00000e+00           46.68     0.00000e+00
2630 -1.45704369e+04             inf     0.00000e+00           47.01     0.00000e+00
2640 -1.45704369e+04             inf     0.00000e+00           47.34     0.00000e+00
2650 -1.45704369e+04             inf     0.00000e+00           47.66     0.00000e+00
2660 -1.45704369e+04             inf     0.00000e+00           48.00     0.00000e+00
2670 -1.45704369e+04             inf     0.00000e+00           48.34     0.00000e+00
2680 -1.45704369e+04             inf     0.00000e+00           48.68     0.00000e+00
2690 -1.45704369e+04             inf     0.00000e+00           49.02     0.00000e+00
2700 -1.45704369e+04             inf     0.00000e+00           49.37     0.00000e+00
2710 -1.45704369e+04             inf     0.00000e+00           49.71     0.00000e+00
2719 -1.45704369e+04             inf     0.00000e+00           50.01     0.00000e+00
==============================================================================================
Pass              LB             iUB             iHW       F time       B time    Wall time
Sim1000    -1.45704e+04    -1.46259e+04     1.00082e+01         0.00         0.00        51.61
==============================================================================================
