Hydro_R2_AR1_T12_N5_15_I10000_Time300_DW_DUAL_MC_DS_3.0000_None
Multicut: True
Dynamic Sampling: True
==============================================================================================
Pass              LB             iUB             iHW    Wall time           Other
==============================================================================================
   0 -1.00000858e+08             inf     0.00000e+00            0.01     0.00000e+00
  10 -3.44087219e+03             inf     0.00000e+00            0.75     0.00000e+00
  20 -3.43993303e+03             inf     0.00000e+00            1.87     0.00000e+00
  30 -3.43974281e+03             inf     0.00000e+00            3.25     0.00000e+00
  40 -3.43973269e+03             inf     0.00000e+00            4.95     0.00000e+00
  50 -3.43970543e+03             inf     0.00000e+00            7.03     0.00000e+00
  60 -3.43962469e+03             inf     0.00000e+00            9.37     0.00000e+00
  70 -3.43959636e+03             inf     0.00000e+00           12.02     0.00000e+00
  80 -3.43958599e+03             inf     0.00000e+00           14.99     0.00000e+00
  90 -3.43957819e+03             inf     0.00000e+00           18.41     0.00000e+00
 100 -3.43956535e+03             inf     0.00000e+00           22.14     0.00000e+00
 110 -3.43955579e+03             inf     0.00000e+00           26.13     0.00000e+00
 120 -3.43952026e+03             inf     0.00000e+00           30.61     0.00000e+00
 130 -3.43951663e+03             inf     0.00000e+00           35.55     0.00000e+00
 140 -3.43951411e+03             inf     0.00000e+00           41.10     0.00000e+00
 150 -3.43951076e+03             inf     0.00000e+00           47.08     0.00000e+00
 160 -3.43950944e+03             inf     0.00000e+00           53.56     0.00000e+00
 170 -3.43948120e+03             inf     0.00000e+00           60.48     0.00000e+00
 180 -3.43947912e+03             inf     0.00000e+00           67.91     0.00000e+00
 190 -3.43947766e+03             inf     0.00000e+00           75.88     0.00000e+00
 200 -3.43947671e+03             inf     0.00000e+00           84.46     0.00000e+00
 210 -3.43947605e+03             inf     0.00000e+00           93.58     0.00000e+00
 220 -3.43947551e+03             inf     0.00000e+00          103.36     0.00000e+00
 230 -3.43947472e+03             inf     0.00000e+00          113.75     0.00000e+00
 240 -3.43947425e+03             inf     0.00000e+00          124.73     0.00000e+00
 250 -3.43947408e+03             inf     0.00000e+00          136.24     0.00000e+00
 260 -3.43947359e+03             inf     0.00000e+00          148.35     0.00000e+00
 270 -3.43947324e+03             inf     0.00000e+00          161.03     0.00000e+00
 280 -3.43947183e+03             inf     0.00000e+00          174.42     0.00000e+00
 290 -3.43947148e+03             inf     0.00000e+00          188.24     0.00000e+00
 300 -3.43947108e+03             inf     0.00000e+00          202.81     0.00000e+00
 310 -3.43947076e+03             inf     0.00000e+00          217.87     0.00000e+00
 320 -3.43947052e+03             inf     0.00000e+00          233.38     0.00000e+00
 330 -3.43947035e+03             inf     0.00000e+00          247.55     0.00000e+00
 340 -3.43947024e+03             inf     0.00000e+00          262.86     0.00000e+00
 350 -3.43946991e+03             inf     0.00000e+00          280.16     0.00000e+00
 360 -3.43946983e+03             inf     0.00000e+00          298.03     0.00000e+00
 362 -3.43946982e+03             inf     0.00000e+00          301.67     0.00000e+00
==============================================================================================
Pass              LB             iUB             iHW       F time       B time    Wall time
Sim1000    -3.43947e+03    -2.94901e+03     8.22924e+02         0.00         0.00       327.96
==============================================================================================
