Hydro_R10_AR1_T12_N10_10_I10000_Time20_DW_DUAL_MC_DS_0.0900000_None
Multicut: True
Dynamic Sampling: True
==============================================================================================
Pass              LB             iUB             iHW    Wall time           Other
==============================================================================================
   0 -1.00004104e+08             inf     0.00000e+00            0.01     0.00000e+00
  10 -3.39386723e+04             inf     0.00000e+00            0.79     0.00000e+00
  20 -3.38668856e+04             inf     0.00000e+00            1.86     0.00000e+00
  30 -3.38401552e+04             inf     0.00000e+00            3.25     0.00000e+00
  40 -3.38331895e+04             inf     0.00000e+00            5.05     0.00000e+00
  50 -3.38253049e+04             inf     0.00000e+00            7.00     0.00000e+00
  60 -3.38218239e+04             inf     0.00000e+00            9.20     0.00000e+00
  70 -3.38196889e+04             inf     0.00000e+00           11.66     0.00000e+00
  80 -3.38181662e+04             inf     0.00000e+00           14.48     0.00000e+00
  90 -3.38163511e+04             inf     0.00000e+00           17.61     0.00000e+00
  98 -3.38156568e+04             inf     0.00000e+00           20.30     0.00000e+00
Time profiling
           Pass        # LPs        setup      simplex       output   cut update      cut gen        other        total
        Forward         1188         0.19         0.81         0.07         0.00         0.00         0.40         1.47
       Backward        10780         1.85         6.08         9.06         0.03         1.52         0.27        18.82
==============================================================================================
Pass              LB             iUB             iHW       F time       B time    Wall time
Sim500    -3.38157e+04    -3.45329e+04     2.04476e+02         0.00         0.00        33.59
==============================================================================================
Mean:   	 -34532.87
Median: 	 -34501.60
SD:     	   2286.11
20-80: 	( -36249.97,  -32703.46)
10-90: 	( -37354.00,  -31612.43)
05-95: 	( -38327.74,  -30812.42)
