Hydro_R2_AR1_T12_N5_30_I10000_Time100_DW_DUAL_MC_DS_0.0100_cube
Multicut: True
Dynamic Sampling: True
==============================================================================================
Pass              LB             iUB             iHW    Wall time           Other
==============================================================================================
   0 -1.00000858e+08             inf     0.00000e+00            0.01     0.00000e+00
  10 -5.08586873e+03             inf     0.00000e+00            1.99     0.00000e+00
  20 -5.05914089e+03             inf     0.00000e+00            5.63     0.00000e+00
  30 -5.05782958e+03             inf     0.00000e+00           10.82     0.00000e+00
  40 -5.05526084e+03             inf     0.00000e+00           17.60     0.00000e+00
  50 -5.05512398e+03             inf     0.00000e+00           25.72     0.00000e+00
  60 -5.05503499e+03             inf     0.00000e+00           37.21     0.00000e+00
  70 -5.05492810e+03             inf     0.00000e+00           50.08     0.00000e+00
  80 -5.05475999e+03             inf     0.00000e+00           63.63     0.00000e+00
  90 -5.05473130e+03             inf     0.00000e+00           80.62     0.00000e+00
 100 -5.05445100e+03             inf     0.00000e+00           99.75     0.00000e+00
 101 -5.05445100e+03             inf     0.00000e+00          101.79     0.00000e+00
==============================================================================================
Pass              LB             iUB             iHW       F time       B time    Wall time
Sim1000    -5.05445e+03    -1.19114e+03     8.75235e+02         0.00         0.00       124.19
==============================================================================================
