Hydro_R2_AR1_T12_N5_30_I10000_Time100_DW_DUAL_MC_DS_0.3000_None
Multicut: True
Dynamic Sampling: True
==============================================================================================
Pass              LB             iUB             iHW    Wall time           Other
==============================================================================================
   0 -1.00000858e+08             inf     0.00000e+00            0.01     0.00000e+00
  10 -4.90538664e+03             inf     0.00000e+00            2.39     0.00000e+00
  20 -4.89922290e+03             inf     0.00000e+00            5.67     0.00000e+00
  30 -4.89710197e+03             inf     0.00000e+00           10.03     0.00000e+00
  40 -4.89556921e+03             inf     0.00000e+00           15.43     0.00000e+00
  50 -4.89535964e+03             inf     0.00000e+00           21.84     0.00000e+00
  60 -4.89528356e+03             inf     0.00000e+00           29.48     0.00000e+00
  70 -4.89523660e+03             inf     0.00000e+00           38.69     0.00000e+00
  80 -4.89504249e+03             inf     0.00000e+00           51.71     0.00000e+00
  90 -4.89502744e+03             inf     0.00000e+00           64.28     0.00000e+00
 100 -4.89498177e+03             inf     0.00000e+00           79.11     0.00000e+00
 110 -4.89414591e+03             inf     0.00000e+00           96.46     0.00000e+00
 113 -4.89414148e+03             inf     0.00000e+00          101.60     0.00000e+00
==============================================================================================
Pass              LB             iUB             iHW       F time       B time    Wall time
Sim1000    -4.89414e+03    -3.01603e+03     8.23039e+02         0.00         0.00       122.69
==============================================================================================
