Hydro_R2_AR1_T12_N5_30_I10000_Time100_DW_DUAL_MC_DS_0.0008_None
Multicut: True
Dynamic Sampling: True
==============================================================================================
Pass              LB             iUB             iHW    Wall time           Other
==============================================================================================
   0 -1.00000858e+08             inf     0.00000e+00            0.01     0.00000e+00
  10 -5.07150857e+03             inf     0.00000e+00            2.16     0.00000e+00
  20 -5.06160690e+03             inf     0.00000e+00            5.91     0.00000e+00
  30 -5.05929711e+03             inf     0.00000e+00           10.34     0.00000e+00
  40 -5.05702332e+03             inf     0.00000e+00           15.58     0.00000e+00
  50 -5.05687115e+03             inf     0.00000e+00           22.05     0.00000e+00
  60 -5.05673908e+03             inf     0.00000e+00           29.86     0.00000e+00
  70 -5.05671989e+03             inf     0.00000e+00           39.61     0.00000e+00
  80 -5.05643214e+03             inf     0.00000e+00           50.32     0.00000e+00
  90 -5.05640177e+03             inf     0.00000e+00           62.84     0.00000e+00
 100 -5.05625332e+03             inf     0.00000e+00           77.39     0.00000e+00
 110 -5.05537013e+03             inf     0.00000e+00           93.83     0.00000e+00
 114 -5.05536633e+03             inf     0.00000e+00          101.17     0.00000e+00
==============================================================================================
Pass              LB             iUB             iHW       F time       B time    Wall time
Sim1000    -5.05537e+03    -1.86258e+03     8.64933e+02         0.00         0.00       123.10
==============================================================================================
