Hydro_R2_AR1_T12_N6_36_I10000_Time100_DW_DUAL_MC_DS_50.0000_None
Multicut: True
Dynamic Sampling: True
==============================================================================================
Pass              LB             iUB             iHW    Wall time           Other
==============================================================================================
   0 -1.00000858e+08             inf     0.00000e+00            0.01     0.00000e+00
  10 -1.92784905e+03             inf     0.00000e+00            2.39     0.00000e+00
  20 -1.92784905e+03             inf     0.00000e+00            7.40     0.00000e+00
  30 -1.92784905e+03             inf     0.00000e+00           15.01     0.00000e+00
  40 -1.92784905e+03             inf     0.00000e+00           24.02     0.00000e+00
  50 -1.92784905e+03             inf     0.00000e+00           35.41     0.00000e+00
  60 -1.92784905e+03             inf     0.00000e+00           55.43     0.00000e+00
  70 -1.92784905e+03             inf     0.00000e+00           77.31     0.00000e+00
  80 -1.92784905e+03             inf     0.00000e+00           96.26     0.00000e+00
  82 -1.92784905e+03             inf     0.00000e+00          100.86     0.00000e+00
==============================================================================================
Pass              LB             iUB             iHW       F time       B time    Wall time
Sim1000    -1.92785e+03    -3.31316e+03     3.65187e+02         0.00         0.00       120.95
==============================================================================================
