Hydro_R10_AR1_T12_N10_10_I10000_Time20_DW_DUAL_MC_DS_60.0000000_None
Multicut: True
Dynamic Sampling: True
==============================================================================================
Pass              LB             iUB             iHW    Wall time           Other
==============================================================================================
   0 -1.00004104e+08             inf     0.00000e+00            0.02     0.00000e+00
  10 -2.57137441e+04             inf     0.00000e+00            0.75     0.00000e+00
  20 -2.55672660e+04             inf     0.00000e+00            1.66     0.00000e+00
  30 -2.55520714e+04             inf     0.00000e+00            2.63     0.00000e+00
  40 -2.55506454e+04             inf     0.00000e+00            3.78     0.00000e+00
  50 -2.55502896e+04             inf     0.00000e+00            5.07     0.00000e+00
  60 -2.55502896e+04             inf     0.00000e+00            6.49     0.00000e+00
  70 -2.55502896e+04             inf     0.00000e+00            8.02     0.00000e+00
  80 -2.55502896e+04             inf     0.00000e+00            9.68     0.00000e+00
  90 -2.55502896e+04             inf     0.00000e+00           11.43     0.00000e+00
 100 -2.55502896e+04             inf     0.00000e+00           13.34     0.00000e+00
 110 -2.55502896e+04             inf     0.00000e+00           15.37     0.00000e+00
 120 -2.55502896e+04             inf     0.00000e+00           17.59     0.00000e+00
 130 -2.55502896e+04             inf     0.00000e+00           19.94     0.00000e+00
 131 -2.55502896e+04             inf     0.00000e+00           20.27     0.00000e+00
Time profiling
           Pass        # LPs        setup      simplex       output   cut update      cut gen        other        total
        Forward         1584         0.25         0.65         0.08         0.00         0.00         0.50         1.49
       Backward        14410         2.41         5.56         8.61         0.03         1.89         0.28        18.78
==============================================================================================
Pass              LB             iUB             iHW       F time       B time    Wall time
Sim500    -2.55503e+04    -3.33813e+04     1.72530e+02         0.00         0.00        30.54
==============================================================================================
Mean:   	 -33381.30
Median: 	 -33310.05
SD:     	   1928.94
20-80: 	( -34926.89,  -31763.91)
10-90: 	( -35748.05,  -30966.63)
05-95: 	( -36585.73,  -30421.21)
