Hydro_R2_AR1_T12_N5_30_I10000_Time100_DW_DUAL_MC_DS_0.0001_None
Multicut: True
Dynamic Sampling: True
==============================================================================================
Pass              LB             iUB             iHW    Wall time           Other
==============================================================================================
   0 -1.00000858e+08             inf     0.00000e+00            0.01     0.00000e+00
  10 -5.07572431e+03             inf     0.00000e+00            2.18     0.00000e+00
  20 -5.06586921e+03             inf     0.00000e+00            5.45     0.00000e+00
  30 -5.06330949e+03             inf     0.00000e+00           10.24     0.00000e+00
  40 -5.06101938e+03             inf     0.00000e+00           15.52     0.00000e+00
  50 -5.06070325e+03             inf     0.00000e+00           21.98     0.00000e+00
  60 -5.06055271e+03             inf     0.00000e+00           29.75     0.00000e+00
  70 -5.06053683e+03             inf     0.00000e+00           39.00     0.00000e+00
  80 -5.06025369e+03             inf     0.00000e+00           50.03     0.00000e+00
  90 -5.06022488e+03             inf     0.00000e+00           61.80     0.00000e+00
 100 -5.06008020e+03             inf     0.00000e+00           76.32     0.00000e+00
 110 -5.05920376e+03             inf     0.00000e+00           92.72     0.00000e+00
 115 -5.05919983e+03             inf     0.00000e+00          101.70     0.00000e+00
==============================================================================================
Pass              LB             iUB             iHW       F time       B time    Wall time
Sim1000    -5.05920e+03    -4.63172e+00     9.40034e+02         0.00         0.00       122.81
==============================================================================================
