Hydro_R2_AR1_T12_N5_15_I10000_Time60_DW_DUAL_MC_DS_70.0000_cvx_hull2
Multicut: True
Dynamic Sampling: True
==============================================================================================
Pass              LB             iUB             iHW    Wall time           Other
==============================================================================================
   0 -1.00000858e+08             inf     0.00000e+00            0.02     0.00000e+00
  10 -2.33366191e+03             inf     0.00000e+00            1.17     0.00000e+00
  20 -2.33366191e+03             inf     0.00000e+00            2.75     0.00000e+00
  30 -2.33366191e+03             inf     0.00000e+00            5.20     0.00000e+00
  40 -2.33366191e+03             inf     0.00000e+00            8.45     0.00000e+00
  50 -2.33366191e+03             inf     0.00000e+00           11.57     0.00000e+00
  60 -2.33366191e+03             inf     0.00000e+00           15.31     0.00000e+00
  70 -2.33366191e+03             inf     0.00000e+00           20.16     0.00000e+00
  80 -2.33366191e+03             inf     0.00000e+00           24.94     0.00000e+00
  90 -2.33366191e+03             inf     0.00000e+00           30.10     0.00000e+00
 100 -2.33366191e+03             inf     0.00000e+00           35.71     0.00000e+00
 110 -2.33366191e+03             inf     0.00000e+00           41.70     0.00000e+00
 120 -2.33366191e+03             inf     0.00000e+00           48.46     0.00000e+00
 130 -2.33366191e+03             inf     0.00000e+00           56.44     0.00000e+00
 135 -2.33366191e+03             inf     0.00000e+00           60.04     0.00000e+00
==============================================================================================
Pass              LB             iUB             iHW       F time       B time    Wall time
Sim1000    -2.33366e+03    -2.59007e+03     8.29260e+02         0.00         0.00        88.33
==============================================================================================
