Hydro_R10_AR1_T12_N5_5_I101000_Time20_PhiVar_DUAL_MC_ES_10.0000000_None
Multicut: True
Dynamic Sampling: False
==============================================================================================
Pass              LB             iUB             iHW    Wall time           Other
==============================================================================================
   0 -1.00006609e+08             inf     0.00000e+00            0.01     0.00000e+00
  10 -8.02308217e+04             inf     0.00000e+00            0.43     0.00000e+00
  20 -8.02235104e+04             inf     0.00000e+00            0.87     0.00000e+00
  30 -8.02235104e+04             inf     0.00000e+00            1.33     0.00000e+00
  40 -8.00955061e+04             inf     0.00000e+00            1.83     0.00000e+00
  50 -8.00484795e+04             inf     0.00000e+00            2.38     0.00000e+00
  60 -8.00484795e+04             inf     0.00000e+00            2.96     0.00000e+00
  70 -8.00479366e+04             inf     0.00000e+00            3.55     0.00000e+00
  80 -8.00468593e+04             inf     0.00000e+00            4.16     0.00000e+00
  90 -8.00170457e+04             inf     0.00000e+00            4.81     0.00000e+00
 100 -7.99958868e+04             inf     0.00000e+00            5.51     0.00000e+00
 110 -7.99938704e+04             inf     0.00000e+00            6.25     0.00000e+00
 120 -7.99937174e+04             inf     0.00000e+00            7.01     0.00000e+00
 130 -7.99937174e+04             inf     0.00000e+00            7.79     0.00000e+00
 140 -7.99937174e+04             inf     0.00000e+00            8.69     0.00000e+00
 150 -7.99936000e+04             inf     0.00000e+00            9.59     0.00000e+00
 160 -7.99932697e+04             inf     0.00000e+00           10.54     0.00000e+00
 170 -7.99932697e+04             inf     0.00000e+00           11.62     0.00000e+00
 180 -7.99932697e+04             inf     0.00000e+00           12.63     0.00000e+00
 190 -7.99932391e+04             inf     0.00000e+00           13.74     0.00000e+00
 200 -7.99932391e+04             inf     0.00000e+00           14.88     0.00000e+00
 210 -7.99932391e+04             inf     0.00000e+00           16.02     0.00000e+00
 220 -7.99932391e+04             inf     0.00000e+00           17.23     0.00000e+00
 230 -7.99932391e+04             inf     0.00000e+00           18.47     0.00000e+00
 240 -7.99932391e+04             inf     0.00000e+00           19.79     0.00000e+00
 242 -7.99932391e+04             inf     0.00000e+00           20.06     0.00000e+00
==============================================================================================
Pass              LB             iUB             iHW       F time       B time    Wall time
Sim1000    -7.99932e+04    -7.68705e+04     4.41951e+02         0.00         0.00        38.61
==============================================================================================
