Hydro_R10_AR1_T12_N10_10_I101000_Time20_DW_DUAL_MC_ES_20.0000000_None
Multicut: True
Dynamic Sampling: False
==============================================================================================
Pass              LB             iUB             iHW    Wall time           Other
==============================================================================================
   0 -1.00004104e+08             inf     0.00000e+00            0.01     0.00000e+00
  10 -3.11093244e+04             inf     0.00000e+00            0.71     0.00000e+00
  20 -3.03180293e+04             inf     0.00000e+00            1.59     0.00000e+00
  30 -3.01788305e+04             inf     0.00000e+00            2.65     0.00000e+00
  40 -3.01742614e+04             inf     0.00000e+00            3.77     0.00000e+00
  50 -3.01741740e+04             inf     0.00000e+00            5.07     0.00000e+00
  60 -3.01712669e+04             inf     0.00000e+00            6.51     0.00000e+00
  70 -3.01675667e+04             inf     0.00000e+00            8.08     0.00000e+00
  80 -3.01671880e+04             inf     0.00000e+00            9.68     0.00000e+00
  90 -3.01667643e+04             inf     0.00000e+00           11.41     0.00000e+00
 100 -3.01660610e+04             inf     0.00000e+00           13.22     0.00000e+00
 110 -3.01599760e+04             inf     0.00000e+00           15.16     0.00000e+00
 120 -3.01580776e+04             inf     0.00000e+00           17.24     0.00000e+00
 130 -3.01580776e+04             inf     0.00000e+00           19.54     0.00000e+00
 132 -3.01580776e+04             inf     0.00000e+00           20.02     0.00000e+00
Time profiling
           Pass        # LPs        setup      simplex       output   cut update      cut gen        other        total
        Forward         1596         0.23         0.89         0.08         0.00         0.00         0.12         1.33
       Backward        14520         2.35         5.63         8.73         0.04         1.70         0.24        18.69
==============================================================================================
Pass              LB             iUB             iHW       F time       B time    Wall time
Sim100    -3.01581e+04    -3.81402e+04     4.49815e+02         0.00         0.00        23.06
==============================================================================================
Mean:   	 -38140.17
Median: 	 -38305.57
SD:     	   2249.08
20-80: 	( -40364.27,  -36448.48)
10-90: 	( -40850.14,  -35589.35)
05-95: 	( -41411.96,  -33674.78)
