Hydro_R2_AR1_T12_N5_30_I10000_Time100_DW_DUAL_MC_DS_0.1000_cube
Multicut: True
Dynamic Sampling: True
==============================================================================================
Pass              LB             iUB             iHW    Wall time           Other
==============================================================================================
   0 -1.00000858e+08             inf     0.00000e+00            0.01     0.00000e+00
  10 -5.02256265e+03             inf     0.00000e+00            1.92     0.00000e+00
  20 -5.01213350e+03             inf     0.00000e+00            6.37     0.00000e+00
  30 -5.01066663e+03             inf     0.00000e+00           12.79     0.00000e+00
  40 -5.00869090e+03             inf     0.00000e+00           20.90     0.00000e+00
  50 -5.00835598e+03             inf     0.00000e+00           31.88     0.00000e+00
  60 -5.00821244e+03             inf     0.00000e+00           43.51     0.00000e+00
  70 -5.00803253e+03             inf     0.00000e+00           56.07     0.00000e+00
  80 -5.00791430e+03             inf     0.00000e+00           74.05     0.00000e+00
  90 -5.00790156e+03             inf     0.00000e+00           95.19     0.00000e+00
  93 -5.00788867e+03             inf     0.00000e+00          101.72     0.00000e+00
==============================================================================================
Pass              LB             iUB             iHW       F time       B time    Wall time
Sim1000    -5.00789e+03    -1.19121e+03     8.75236e+02         0.00         0.00       125.15
==============================================================================================
