Hydro_R2_AR1_T12_N5_30_I10000_Time100_DW_DUAL_MC_DS_3.0000_cube
Multicut: True
Dynamic Sampling: True
==============================================================================================
Pass              LB             iUB             iHW    Wall time           Other
==============================================================================================
   0 -1.00000858e+08             inf     0.00000e+00            0.01     0.00000e+00
  10 -3.47754545e+03             inf     0.00000e+00            1.88     0.00000e+00
  20 -3.47754545e+03             inf     0.00000e+00            5.27     0.00000e+00
  30 -3.47754544e+03             inf     0.00000e+00           10.11     0.00000e+00
  40 -3.47754544e+03             inf     0.00000e+00           15.99     0.00000e+00
  50 -3.47754533e+03             inf     0.00000e+00           23.44     0.00000e+00
  60 -3.47754533e+03             inf     0.00000e+00           32.50     0.00000e+00
  70 -3.47754532e+03             inf     0.00000e+00           43.62     0.00000e+00
  80 -3.47754532e+03             inf     0.00000e+00           57.05     0.00000e+00
  90 -3.47754531e+03             inf     0.00000e+00           72.51     0.00000e+00
 100 -3.47754531e+03             inf     0.00000e+00           90.31     0.00000e+00
 105 -3.47754531e+03             inf     0.00000e+00          100.21     0.00000e+00
==============================================================================================
Pass              LB             iUB             iHW       F time       B time    Wall time
Sim1000    -3.47755e+03    -1.27563e+03     8.72868e+02         0.00         0.00       121.45
==============================================================================================
