Hydro_R2_AR1_T12_N5_15_I10000_Time60_DW_DUAL_MC_DS_0.0050_cube
Multicut: True
Dynamic Sampling: True
==============================================================================================
Pass              LB             iUB             iHW    Wall time           Other
==============================================================================================
   0 -1.00000858e+08             inf     0.00000e+00            0.01     0.00000e+00
  10 -5.07234592e+03             inf     0.00000e+00            0.98     0.00000e+00
  20 -5.06273911e+03             inf     0.00000e+00            2.84     0.00000e+00
  30 -5.06071242e+03             inf     0.00000e+00            4.95     0.00000e+00
  40 -5.05820412e+03             inf     0.00000e+00            7.94     0.00000e+00
  50 -5.05782432e+03             inf     0.00000e+00           10.92     0.00000e+00
  60 -5.05774135e+03             inf     0.00000e+00           13.75     0.00000e+00
  70 -5.05772292e+03             inf     0.00000e+00           17.25     0.00000e+00
  80 -5.05746179e+03             inf     0.00000e+00           22.05     0.00000e+00
  90 -5.05742987e+03             inf     0.00000e+00           27.41     0.00000e+00
 100 -5.05724524e+03             inf     0.00000e+00           33.20     0.00000e+00
 110 -5.05667071e+03             inf     0.00000e+00           39.19     0.00000e+00
 120 -5.05660801e+03             inf     0.00000e+00           47.00     0.00000e+00
 130 -5.05659545e+03             inf     0.00000e+00           54.59     0.00000e+00
 137 -5.05658858e+03             inf     0.00000e+00           60.87     0.00000e+00
==============================================================================================
Pass              LB             iUB             iHW       F time       B time    Wall time
Sim1000    -5.05659e+03    -1.19094e+03     8.75227e+02         0.00         0.00        83.26
==============================================================================================
