Hydro_R10_AR1_T12_N5_5_I101000_Time20_PhiVar_DUAL_MC_ES_10.0000_None
Multicut: True
Dynamic Sampling: False
==============================================================================================
Pass              LB             iUB             iHW    Wall time           Other
==============================================================================================
   0 -1.00006458e+08             inf     0.00000e+00            0.01     0.00000e+00
  10 -4.99856936e+04             inf     0.00000e+00            0.48     0.00000e+00
  20 -4.89152094e+04             inf     0.00000e+00            0.98     0.00000e+00
  30 -4.87671518e+04             inf     0.00000e+00            1.51     0.00000e+00
  40 -4.86919516e+04             inf     0.00000e+00            2.09     0.00000e+00
  50 -4.86878536e+04             inf     0.00000e+00            2.79     0.00000e+00
  60 -4.86781525e+04             inf     0.00000e+00            3.55     0.00000e+00
  70 -4.86708956e+04             inf     0.00000e+00            4.34     0.00000e+00
  80 -4.86231709e+04             inf     0.00000e+00            5.15     0.00000e+00
  90 -4.86071903e+04             inf     0.00000e+00            6.04     0.00000e+00
 100 -4.86050593e+04             inf     0.00000e+00            7.05     0.00000e+00
 110 -4.86045985e+04             inf     0.00000e+00            8.08     0.00000e+00
 120 -4.86043333e+04             inf     0.00000e+00            9.14     0.00000e+00
 130 -4.86035438e+04             inf     0.00000e+00           10.23     0.00000e+00
 140 -4.86034081e+04             inf     0.00000e+00           11.42     0.00000e+00
 150 -4.86034030e+04             inf     0.00000e+00           12.69     0.00000e+00
 160 -4.86034030e+04             inf     0.00000e+00           14.01     0.00000e+00
 170 -4.86030799e+04             inf     0.00000e+00           15.32     0.00000e+00
 180 -4.85988651e+04             inf     0.00000e+00           16.71     0.00000e+00
 190 -4.85972475e+04             inf     0.00000e+00           18.17     0.00000e+00
 200 -4.85952441e+04             inf     0.00000e+00           19.69     0.00000e+00
 202 -4.85952441e+04             inf     0.00000e+00           20.00     0.00000e+00
==============================================================================================
Pass              LB             iUB             iHW       F time       B time    Wall time
Sim1000    -4.85952e+04    -5.35889e+04     1.24182e+03         0.00         0.00        38.35
==============================================================================================
