Hydro_R2_AR1_T12_N5_30_I10000_Time100_DW_DUAL_MC_DS_0.0008_cvx_hull2
Multicut: True
Dynamic Sampling: True
==============================================================================================
Pass              LB             iUB             iHW    Wall time           Other
==============================================================================================
   0 -1.00000858e+08             inf     0.00000e+00            0.01     0.00000e+00
  10 -5.06860570e+03             inf     0.00000e+00            2.17     0.00000e+00
  20 -5.06292805e+03             inf     0.00000e+00            5.49     0.00000e+00
  30 -5.06040116e+03             inf     0.00000e+00           10.11     0.00000e+00
  40 -5.05840895e+03             inf     0.00000e+00           15.49     0.00000e+00
  50 -5.05812567e+03             inf     0.00000e+00           22.06     0.00000e+00
  60 -5.05800378e+03             inf     0.00000e+00           30.20     0.00000e+00
  70 -5.05798560e+03             inf     0.00000e+00           40.29     0.00000e+00
  80 -5.05772902e+03             inf     0.00000e+00           51.74     0.00000e+00
  90 -5.05770229e+03             inf     0.00000e+00           65.05     0.00000e+00
 100 -5.05754352e+03             inf     0.00000e+00           83.88     0.00000e+00
 110 -5.05665706e+03             inf     0.00000e+00          100.34     0.00000e+00
==============================================================================================
Pass              LB             iUB             iHW       F time       B time    Wall time
Sim1000    -5.05666e+03    -2.41449e+03     8.39503e+02         0.00         0.00       120.17
==============================================================================================
