Hydro_R2_AR1_T12_N5_15_I10000_Time300_DW_DUAL_MC_DS_5.0000_cvx_hull
Multicut: True
Dynamic Sampling: True
==============================================================================================
Pass              LB             iUB             iHW    Wall time           Other
==============================================================================================
   0 -1.00000858e+08             inf     0.00000e+00            0.01     0.00000e+00
  10 -3.29336880e+03             inf     0.00000e+00            0.80     0.00000e+00
  20 -3.29336880e+03             inf     0.00000e+00            1.84     0.00000e+00
  30 -3.29336880e+03             inf     0.00000e+00            3.26     0.00000e+00
  40 -3.29336880e+03             inf     0.00000e+00            4.92     0.00000e+00
  50 -3.29336880e+03             inf     0.00000e+00            7.11     0.00000e+00
  60 -3.29336880e+03             inf     0.00000e+00            9.51     0.00000e+00
  70 -3.29336880e+03             inf     0.00000e+00           12.27     0.00000e+00
  80 -3.29336880e+03             inf     0.00000e+00           15.52     0.00000e+00
  90 -3.29336880e+03             inf     0.00000e+00           19.12     0.00000e+00
 100 -3.29336880e+03             inf     0.00000e+00           23.10     0.00000e+00
 110 -3.29336880e+03             inf     0.00000e+00           27.53     0.00000e+00
 120 -3.29336880e+03             inf     0.00000e+00           32.44     0.00000e+00
 130 -3.29336880e+03             inf     0.00000e+00           37.87     0.00000e+00
 140 -3.29336880e+03             inf     0.00000e+00           43.89     0.00000e+00
 150 -3.29336880e+03             inf     0.00000e+00           50.14     0.00000e+00
 160 -3.29336880e+03             inf     0.00000e+00           57.05     0.00000e+00
 170 -3.29336880e+03             inf     0.00000e+00           64.37     0.00000e+00
 180 -3.29336880e+03             inf     0.00000e+00           72.16     0.00000e+00
 190 -3.29336880e+03             inf     0.00000e+00           80.48     0.00000e+00
 200 -3.29336880e+03             inf     0.00000e+00           89.21     0.00000e+00
 210 -3.29336880e+03             inf     0.00000e+00           99.09     0.00000e+00
 220 -3.29336880e+03             inf     0.00000e+00          109.67     0.00000e+00
 230 -3.29336880e+03             inf     0.00000e+00          122.29     0.00000e+00
 240 -3.29336880e+03             inf     0.00000e+00          133.32     0.00000e+00
 250 -3.29336880e+03             inf     0.00000e+00          145.10     0.00000e+00
 260 -3.29336880e+03             inf     0.00000e+00          157.35     0.00000e+00
 270 -3.29336880e+03             inf     0.00000e+00          171.00     0.00000e+00
 280 -3.29336880e+03             inf     0.00000e+00          182.81     0.00000e+00
 290 -3.29336880e+03             inf     0.00000e+00          196.67     0.00000e+00
 300 -3.29336880e+03             inf     0.00000e+00          211.59     0.00000e+00
 310 -3.29336880e+03             inf     0.00000e+00          227.16     0.00000e+00
 320 -3.29336880e+03             inf     0.00000e+00          243.16     0.00000e+00
 330 -3.29336880e+03             inf     0.00000e+00          259.28     0.00000e+00
 340 -3.29336880e+03             inf     0.00000e+00          276.54     0.00000e+00
 350 -3.29336880e+03             inf     0.00000e+00          294.45     0.00000e+00
 353 -3.29336880e+03             inf     0.00000e+00          300.09     0.00000e+00
==============================================================================================
Pass              LB             iUB             iHW       F time       B time    Wall time
Sim1000    -3.29337e+03     3.40338e+02     9.87656e+02         0.00         0.00       324.27
==============================================================================================
