Hydro_R2_AR1_T12_N5_15_I10000_Time300_DW_DUAL_MC_DS_0.8000_cube
Multicut: True
Dynamic Sampling: True
==============================================================================================
Pass              LB             iUB             iHW    Wall time           Other
==============================================================================================
   0 -1.00000858e+08             inf     0.00000e+00            0.01     0.00000e+00
  10 -4.64972730e+03             inf     0.00000e+00            0.76     0.00000e+00
  20 -4.64332302e+03             inf     0.00000e+00            1.96     0.00000e+00
  30 -4.64275890e+03             inf     0.00000e+00            3.50     0.00000e+00
  40 -4.64161761e+03             inf     0.00000e+00            5.59     0.00000e+00
  50 -4.64155384e+03             inf     0.00000e+00            8.07     0.00000e+00
  60 -4.64151425e+03             inf     0.00000e+00           10.95     0.00000e+00
  70 -4.64151071e+03             inf     0.00000e+00           14.13     0.00000e+00
  80 -4.64150267e+03             inf     0.00000e+00           17.78     0.00000e+00
  90 -4.64149283e+03             inf     0.00000e+00           21.96     0.00000e+00
 100 -4.64128703e+03             inf     0.00000e+00           26.57     0.00000e+00
 110 -4.64114752e+03             inf     0.00000e+00           31.77     0.00000e+00
 120 -4.64110705e+03             inf     0.00000e+00           37.71     0.00000e+00
 130 -4.64110282e+03             inf     0.00000e+00           44.30     0.00000e+00
 140 -4.64108743e+03             inf     0.00000e+00           51.45     0.00000e+00
 150 -4.64108342e+03             inf     0.00000e+00           59.08     0.00000e+00
 160 -4.64107790e+03             inf     0.00000e+00           67.41     0.00000e+00
 170 -4.64096221e+03             inf     0.00000e+00           76.54     0.00000e+00
 180 -4.64091618e+03             inf     0.00000e+00           86.05     0.00000e+00
 190 -4.64070625e+03             inf     0.00000e+00           96.35     0.00000e+00
 200 -4.64070614e+03             inf     0.00000e+00          107.55     0.00000e+00
 210 -4.64064858e+03             inf     0.00000e+00          119.31     0.00000e+00
 220 -4.64064634e+03             inf     0.00000e+00          131.71     0.00000e+00
 230 -4.64064547e+03             inf     0.00000e+00          145.49     0.00000e+00
 240 -4.64060885e+03             inf     0.00000e+00          159.87     0.00000e+00
 250 -4.64058714e+03             inf     0.00000e+00          174.72     0.00000e+00
 260 -4.64058608e+03             inf     0.00000e+00          188.45     0.00000e+00
 270 -4.64051188e+03             inf     0.00000e+00          204.59     0.00000e+00
 280 -4.64047645e+03             inf     0.00000e+00          221.56     0.00000e+00
 290 -4.64047217e+03             inf     0.00000e+00          239.18     0.00000e+00
 300 -4.64046955e+03             inf     0.00000e+00          257.21     0.00000e+00
 310 -4.64046448e+03             inf     0.00000e+00          276.90     0.00000e+00
 320 -4.64045312e+03             inf     0.00000e+00          296.36     0.00000e+00
 322 -4.64045167e+03             inf     0.00000e+00          300.32     0.00000e+00
==============================================================================================
Pass              LB             iUB             iHW       F time       B time    Wall time
Sim1000    -4.64045e+03    -1.22195e+03     8.74801e+02         0.00         0.00       328.24
==============================================================================================
