Hydro_R2_AR1_T12_N5_30_I10000_Time100_DW_DUAL_MC_DS_0.0030_cvx_hull
Multicut: True
Dynamic Sampling: True
==============================================================================================
Pass              LB             iUB             iHW    Wall time           Other
==============================================================================================
   0 -1.00000858e+08             inf     0.00000e+00            0.01     0.00000e+00
  10 -5.07400240e+03             inf     0.00000e+00            2.03     0.00000e+00
  20 -5.06383297e+03             inf     0.00000e+00            6.01     0.00000e+00
  30 -5.06236825e+03             inf     0.00000e+00           11.52     0.00000e+00
  40 -5.05974311e+03             inf     0.00000e+00           18.50     0.00000e+00
  50 -5.05959687e+03             inf     0.00000e+00           27.69     0.00000e+00
  60 -5.05945011e+03             inf     0.00000e+00           39.22     0.00000e+00
  70 -5.05942998e+03             inf     0.00000e+00           53.27     0.00000e+00
  80 -5.05919198e+03             inf     0.00000e+00           69.89     0.00000e+00
  90 -5.05916104e+03             inf     0.00000e+00           88.96     0.00000e+00
  95 -5.05899783e+03             inf     0.00000e+00          100.48     0.00000e+00
==============================================================================================
Pass              LB             iUB             iHW       F time       B time    Wall time
Sim1000    -5.05900e+03     1.14000e+01     9.40298e+02         0.00         0.00       122.89
==============================================================================================
