Hydro_R10_AR1_T12_N10_10_I10000_Time20_DW_DUAL_MC_DS_0.0400000_None
Multicut: True
Dynamic Sampling: True
==============================================================================================
Pass              LB             iUB             iHW    Wall time           Other
==============================================================================================
   0 -1.00004104e+08             inf     0.00000e+00            0.02     0.00000e+00
  10 -3.40521822e+04             inf     0.00000e+00            0.80     0.00000e+00
  20 -3.39117068e+04             inf     0.00000e+00            1.89     0.00000e+00
  30 -3.38876778e+04             inf     0.00000e+00            3.29     0.00000e+00
  40 -3.38823909e+04             inf     0.00000e+00            5.01     0.00000e+00
  50 -3.38759923e+04             inf     0.00000e+00            6.95     0.00000e+00
  60 -3.38746554e+04             inf     0.00000e+00            9.16     0.00000e+00
  70 -3.38727119e+04             inf     0.00000e+00           11.61     0.00000e+00
  80 -3.38712502e+04             inf     0.00000e+00           14.39     0.00000e+00
  90 -3.38697453e+04             inf     0.00000e+00           17.53     0.00000e+00
  98 -3.38692037e+04             inf     0.00000e+00           20.17     0.00000e+00
Time profiling
           Pass        # LPs        setup      simplex       output   cut update      cut gen        other        total
        Forward         1188         0.19         0.80         0.07         0.00         0.00         0.40         1.45
       Backward        10780         1.92         6.07         8.88         0.03         1.54         0.27        18.71
==============================================================================================
Pass              LB             iUB             iHW       F time       B time    Wall time
Sim500    -3.38692e+04    -3.45329e+04     2.04416e+02         0.00         0.00        33.66
==============================================================================================
Mean:   	 -34532.90
Median: 	 -34508.62
SD:     	   2285.44
20-80: 	( -36254.30,  -32696.80)
10-90: 	( -37353.92,  -31629.48)
05-95: 	( -38372.10,  -30824.10)
