Hydro_R2_AR1_T12_N5_15_I10000_Time60_DW_DUAL_MC_DS_0.0800_cvx_hull
Multicut: True
Dynamic Sampling: True
==============================================================================================
Pass              LB             iUB             iHW    Wall time           Other
==============================================================================================
   0 -1.00000858e+08             inf     0.00000e+00            0.01     0.00000e+00
  10 -5.03333346e+03             inf     0.00000e+00            0.76     0.00000e+00
  20 -5.02340510e+03             inf     0.00000e+00            1.98     0.00000e+00
  30 -5.02254659e+03             inf     0.00000e+00            3.37     0.00000e+00
  40 -5.02095312e+03             inf     0.00000e+00            5.10     0.00000e+00
  50 -5.02066599e+03             inf     0.00000e+00            7.29     0.00000e+00
  60 -5.02048446e+03             inf     0.00000e+00            9.75     0.00000e+00
  70 -5.02042453e+03             inf     0.00000e+00           12.52     0.00000e+00
  80 -5.02012840e+03             inf     0.00000e+00           15.67     0.00000e+00
  90 -5.02011774e+03             inf     0.00000e+00           19.22     0.00000e+00
 100 -5.02009089e+03             inf     0.00000e+00           23.08     0.00000e+00
 110 -5.01932572e+03             inf     0.00000e+00           27.34     0.00000e+00
 120 -5.01891769e+03             inf     0.00000e+00           31.96     0.00000e+00
 130 -5.01889969e+03             inf     0.00000e+00           36.99     0.00000e+00
 140 -5.01883720e+03             inf     0.00000e+00           42.57     0.00000e+00
 150 -5.01881947e+03             inf     0.00000e+00           48.54     0.00000e+00
 160 -5.01881241e+03             inf     0.00000e+00           55.19     0.00000e+00
 165 -5.01878258e+03             inf     0.00000e+00           60.53     0.00000e+00
==============================================================================================
Pass              LB             iUB             iHW       F time       B time    Wall time
Sim1000    -5.01878e+03    -2.49219e+01     9.39120e+02         0.00         0.00        80.14
==============================================================================================
