Hydro_R2_AR1_T12_N5_15_I10000_Time60_DW_DUAL_MC_DS_0.5000_cube
Multicut: True
Dynamic Sampling: True
==============================================================================================
Pass              LB             iUB             iHW    Wall time           Other
==============================================================================================
   0 -1.00000858e+08             inf     0.00000e+00            0.01     0.00000e+00
  10 -4.80563874e+03             inf     0.00000e+00            0.80     0.00000e+00
  20 -4.80055548e+03             inf     0.00000e+00            2.01     0.00000e+00
  30 -4.79999928e+03             inf     0.00000e+00            3.58     0.00000e+00
  40 -4.79963260e+03             inf     0.00000e+00            5.85     0.00000e+00
  50 -4.79956726e+03             inf     0.00000e+00            8.26     0.00000e+00
  60 -4.79951306e+03             inf     0.00000e+00           10.93     0.00000e+00
  70 -4.79948791e+03             inf     0.00000e+00           14.08     0.00000e+00
  80 -4.79924820e+03             inf     0.00000e+00           17.63     0.00000e+00
  90 -4.79923001e+03             inf     0.00000e+00           21.67     0.00000e+00
 100 -4.79910335e+03             inf     0.00000e+00           26.21     0.00000e+00
 110 -4.79896959e+03             inf     0.00000e+00           31.23     0.00000e+00
 120 -4.79891202e+03             inf     0.00000e+00           36.85     0.00000e+00
 130 -4.79889972e+03             inf     0.00000e+00           43.16     0.00000e+00
 140 -4.79887566e+03             inf     0.00000e+00           50.20     0.00000e+00
 150 -4.79886642e+03             inf     0.00000e+00           57.75     0.00000e+00
 153 -4.79886620e+03             inf     0.00000e+00           60.10     0.00000e+00
==============================================================================================
Pass              LB             iUB             iHW       F time       B time    Wall time
Sim1000    -4.79887e+03    -1.21747e+03     8.75396e+02         0.00         0.00        79.49
==============================================================================================
