Hydro_R2_AR1_T12_N5_30_I10000_Time100_DW_DUAL_MC_DS_0.0008_cvx_hull
Multicut: True
Dynamic Sampling: True
==============================================================================================
Pass              LB             iUB             iHW    Wall time           Other
==============================================================================================
   0 -1.00000858e+08             inf     0.00000e+00            0.02     0.00000e+00
  10 -5.07515146e+03             inf     0.00000e+00            2.28     0.00000e+00
  20 -5.06498860e+03             inf     0.00000e+00            6.22     0.00000e+00
  30 -5.06351213e+03             inf     0.00000e+00           11.47     0.00000e+00
  40 -5.06089217e+03             inf     0.00000e+00           18.32     0.00000e+00
  50 -5.06072709e+03             inf     0.00000e+00           27.29     0.00000e+00
  60 -5.06059876e+03             inf     0.00000e+00           38.67     0.00000e+00
  70 -5.06057832e+03             inf     0.00000e+00           52.41     0.00000e+00
  80 -5.06033898e+03             inf     0.00000e+00           69.04     0.00000e+00
  90 -5.06031100e+03             inf     0.00000e+00           88.85     0.00000e+00
  96 -5.06014643e+03             inf     0.00000e+00          100.73     0.00000e+00
==============================================================================================
Pass              LB             iUB             iHW       F time       B time    Wall time
Sim1000    -5.06015e+03     1.10028e+01     9.40286e+02         0.00         0.00       123.45
==============================================================================================
