Hydro_R2_AR1_T12_N5_15_I10000_Time300_DW_DUAL_MC_DS_0.8000_cvx_hull2
Multicut: True
Dynamic Sampling: True
==============================================================================================
Pass              LB             iUB             iHW    Wall time           Other
==============================================================================================
   0 -1.00000858e+08             inf     0.00000e+00            0.01     0.00000e+00
  10 -4.63857015e+03             inf     0.00000e+00            0.75     0.00000e+00
  20 -4.63193711e+03             inf     0.00000e+00            1.87     0.00000e+00
  30 -4.62964101e+03             inf     0.00000e+00            3.16     0.00000e+00
  40 -4.62836956e+03             inf     0.00000e+00            4.91     0.00000e+00
  50 -4.62830846e+03             inf     0.00000e+00            6.92     0.00000e+00
  60 -4.62827766e+03             inf     0.00000e+00            9.18     0.00000e+00
  70 -4.62826956e+03             inf     0.00000e+00           11.76     0.00000e+00
  80 -4.62826232e+03             inf     0.00000e+00           14.65     0.00000e+00
  90 -4.62824464e+03             inf     0.00000e+00           17.95     0.00000e+00
 100 -4.62801565e+03             inf     0.00000e+00           21.58     0.00000e+00
 110 -4.62790664e+03             inf     0.00000e+00           25.69     0.00000e+00
 120 -4.62786273e+03             inf     0.00000e+00           30.13     0.00000e+00
 130 -4.62785641e+03             inf     0.00000e+00           34.99     0.00000e+00
 140 -4.62781713e+03             inf     0.00000e+00           40.42     0.00000e+00
 150 -4.62780844e+03             inf     0.00000e+00           46.40     0.00000e+00
 160 -4.62779198e+03             inf     0.00000e+00           52.65     0.00000e+00
 170 -4.62754491e+03             inf     0.00000e+00           59.36     0.00000e+00
 180 -4.62752985e+03             inf     0.00000e+00           66.50     0.00000e+00
 190 -4.62723211e+03             inf     0.00000e+00           74.12     0.00000e+00
 200 -4.62723200e+03             inf     0.00000e+00           82.36     0.00000e+00
 210 -4.62716865e+03             inf     0.00000e+00           91.12     0.00000e+00
 220 -4.62716501e+03             inf     0.00000e+00          100.41     0.00000e+00
 230 -4.62716392e+03             inf     0.00000e+00          110.40     0.00000e+00
 240 -4.62716090e+03             inf     0.00000e+00          120.98     0.00000e+00
 250 -4.62714487e+03             inf     0.00000e+00          132.12     0.00000e+00
 260 -4.62714393e+03             inf     0.00000e+00          143.71     0.00000e+00
 270 -4.62703334e+03             inf     0.00000e+00          155.81     0.00000e+00
 280 -4.62697721e+03             inf     0.00000e+00          168.50     0.00000e+00
 290 -4.62697210e+03             inf     0.00000e+00          181.69     0.00000e+00
 300 -4.62696983e+03             inf     0.00000e+00          195.52     0.00000e+00
 310 -4.62696382e+03             inf     0.00000e+00          209.80     0.00000e+00
 320 -4.62695624e+03             inf     0.00000e+00          224.74     0.00000e+00
 330 -4.62693440e+03             inf     0.00000e+00          240.21     0.00000e+00
 340 -4.62686468e+03             inf     0.00000e+00          256.27     0.00000e+00
 350 -4.62685508e+03             inf     0.00000e+00          272.78     0.00000e+00
 360 -4.62685203e+03             inf     0.00000e+00          289.79     0.00000e+00
 366 -4.62684685e+03             inf     0.00000e+00          300.22     0.00000e+00
==============================================================================================
Pass              LB             iUB             iHW       F time       B time    Wall time
Sim1000    -4.62685e+03    -2.69647e+03     8.27227e+02         0.00         0.00       325.42
==============================================================================================
