Hydro_R2_AR1_T12_N5_30_I10000_Time100_DW_DUAL_MC_DS_0.0100_cvx_hull2
Multicut: True
Dynamic Sampling: True
==============================================================================================
Pass              LB             iUB             iHW    Wall time           Other
==============================================================================================
   0 -1.00000858e+08             inf     0.00000e+00            0.01     0.00000e+00
  10 -5.06345751e+03             inf     0.00000e+00            2.13     0.00000e+00
  20 -5.05833378e+03             inf     0.00000e+00            5.77     0.00000e+00
  30 -5.05540244e+03             inf     0.00000e+00           10.36     0.00000e+00
  40 -5.05343091e+03             inf     0.00000e+00           15.86     0.00000e+00
  50 -5.05312497e+03             inf     0.00000e+00           22.46     0.00000e+00
  60 -5.05299479e+03             inf     0.00000e+00           30.36     0.00000e+00
  70 -5.05297673e+03             inf     0.00000e+00           40.06     0.00000e+00
  80 -5.05271910e+03             inf     0.00000e+00           52.30     0.00000e+00
  90 -5.05268415e+03             inf     0.00000e+00           66.96     0.00000e+00
 100 -5.05252851e+03             inf     0.00000e+00           83.22     0.00000e+00
 110 -5.05160853e+03             inf     0.00000e+00           99.35     0.00000e+00
 111 -5.05160208e+03             inf     0.00000e+00          101.04     0.00000e+00
==============================================================================================
Pass              LB             iUB             iHW       F time       B time    Wall time
Sim1000    -5.05160e+03    -2.76821e+03     8.26191e+02         0.00         0.00       121.60
==============================================================================================
