Hydro_R2_AR1_T12_N5_15_I10000_Time60_DW_DUAL_MC_DS_0.0010_None
Multicut: True
Dynamic Sampling: True
==============================================================================================
Pass              LB             iUB             iHW    Wall time           Other
==============================================================================================
   0 -1.00000858e+08             inf     0.00000e+00            0.01     0.00000e+00
  10 -5.06913766e+03             inf     0.00000e+00            1.21     0.00000e+00
  20 -5.06072048e+03             inf     0.00000e+00            3.10     0.00000e+00
  30 -5.05793313e+03             inf     0.00000e+00            5.31     0.00000e+00
  40 -5.05614130e+03             inf     0.00000e+00            8.58     0.00000e+00
  50 -5.05577610e+03             inf     0.00000e+00           12.65     0.00000e+00
  60 -5.05559982e+03             inf     0.00000e+00           16.40     0.00000e+00
  70 -5.05556695e+03             inf     0.00000e+00           21.72     0.00000e+00
  80 -5.05532761e+03             inf     0.00000e+00           27.62     0.00000e+00
  90 -5.05530358e+03             inf     0.00000e+00           32.98     0.00000e+00
 100 -5.05514705e+03             inf     0.00000e+00           38.97     0.00000e+00
 110 -5.05476435e+03             inf     0.00000e+00           45.91     0.00000e+00
 120 -5.05463226e+03             inf     0.00000e+00           52.99     0.00000e+00
 129 -5.05461690e+03             inf     0.00000e+00           60.22     0.00000e+00
==============================================================================================
Pass              LB             iUB             iHW       F time       B time    Wall time
Sim1000    -5.05462e+03    -1.86078e+03     8.63260e+02         0.00         0.00        85.97
==============================================================================================
