Hydro_R20_AR1_T12_N5_5_I101000_Time50_DW_DUAL_MC_ES_10.0000_None
Multicut: True
Dynamic Sampling: False
==============================================================================================
Pass              LB             iUB             iHW    Wall time           Other
==============================================================================================
   0 -1.00013607e+08             inf     0.00000e+00            0.02     0.00000e+00
  10 -1.24052790e+05             inf     0.00000e+00            0.72     0.00000e+00
  20 -1.23792013e+05             inf     0.00000e+00            1.51     0.00000e+00
  30 -1.23756048e+05             inf     0.00000e+00            2.42     0.00000e+00
  40 -1.23738402e+05             inf     0.00000e+00            3.42     0.00000e+00
  50 -1.23693456e+05             inf     0.00000e+00            4.50     0.00000e+00
  60 -1.23687672e+05             inf     0.00000e+00            5.67     0.00000e+00
  70 -1.23680674e+05             inf     0.00000e+00            7.03     0.00000e+00
  80 -1.23677023e+05             inf     0.00000e+00            8.72     0.00000e+00
  90 -1.23674418e+05             inf     0.00000e+00           10.40     0.00000e+00
 100 -1.23670795e+05             inf     0.00000e+00           12.10     0.00000e+00
 110 -1.23667878e+05             inf     0.00000e+00           13.94     0.00000e+00
 120 -1.23666471e+05             inf     0.00000e+00           15.91     0.00000e+00
 130 -1.23661631e+05             inf     0.00000e+00           17.98     0.00000e+00
 140 -1.23658195e+05             inf     0.00000e+00           20.14     0.00000e+00
 150 -1.23656588e+05             inf     0.00000e+00           22.40     0.00000e+00
 160 -1.23654843e+05             inf     0.00000e+00           24.82     0.00000e+00
 170 -1.23652507e+05             inf     0.00000e+00           27.37     0.00000e+00
 180 -1.23648087e+05             inf     0.00000e+00           30.07     0.00000e+00
 190 -1.23646287e+05             inf     0.00000e+00           32.86     0.00000e+00
 200 -1.23643051e+05             inf     0.00000e+00           35.85     0.00000e+00
 210 -1.23642697e+05             inf     0.00000e+00           38.90     0.00000e+00
 220 -1.23641883e+05             inf     0.00000e+00           42.11     0.00000e+00
 230 -1.23640790e+05             inf     0.00000e+00           45.43     0.00000e+00
 240 -1.23638689e+05             inf     0.00000e+00           48.91     0.00000e+00
 243 -1.23637922e+05             inf     0.00000e+00           50.02     0.00000e+00
==============================================================================================
Pass              LB             iUB             iHW       F time       B time    Wall time
Sim1000    -1.23638e+05    -1.27086e+05     3.62310e+02         0.00         0.00        88.22
==============================================================================================
