Hydro_R2_AR1_T12_N5_15_I10000_Time60_DW_DUAL_MC_DS_0.0150_cvx_hull2
Multicut: True
Dynamic Sampling: True
==============================================================================================
Pass              LB             iUB             iHW    Wall time           Other
==============================================================================================
   0 -1.00000858e+08             inf     0.00000e+00            0.01     0.00000e+00
  10 -5.06499549e+03             inf     0.00000e+00            0.99     0.00000e+00
  20 -5.05490850e+03             inf     0.00000e+00            2.83     0.00000e+00
  30 -5.05318611e+03             inf     0.00000e+00            5.43     0.00000e+00
  40 -5.05086820e+03             inf     0.00000e+00            9.26     0.00000e+00
  50 -5.05063986e+03             inf     0.00000e+00           14.91     0.00000e+00
  60 -5.05053188e+03             inf     0.00000e+00           19.99     0.00000e+00
  70 -5.05051315e+03             inf     0.00000e+00           26.00     0.00000e+00
  80 -5.05022525e+03             inf     0.00000e+00           32.11     0.00000e+00
  90 -5.05019774e+03             inf     0.00000e+00           39.23     0.00000e+00
 100 -5.05003618e+03             inf     0.00000e+00           45.95     0.00000e+00
 110 -5.04904294e+03             inf     0.00000e+00           53.63     0.00000e+00
 119 -5.04894259e+03             inf     0.00000e+00           60.65     0.00000e+00
==============================================================================================
Pass              LB             iUB             iHW       F time       B time    Wall time
Sim1000    -5.04894e+03    -2.69286e+03     8.27217e+02         0.00         0.00        88.82
==============================================================================================
