Hydro_R10_AR1_T12_N5_10_I101000_DW_DUAL_MC_DS_10.000000
Multicut: True
Dynamic Sampling: True
==============================================================================================
Pass              LB             iUB             iHW    Wall time           Other
==============================================================================================
   0 -1.00006458e+08             inf     0.00000e+00            0.01     0.00000e+00
  10 -5.36744867e+04             inf     0.00000e+00            0.99     0.00000e+00
  20 -5.34115357e+04             inf     0.00000e+00            2.14     0.00000e+00
  30 -5.33653638e+04             inf     0.00000e+00            3.61     0.00000e+00
  40 -5.33418535e+04             inf     0.00000e+00            5.22     0.00000e+00
  50 -5.33254948e+04             inf     0.00000e+00            7.09     0.00000e+00
  60 -5.33175089e+04             inf     0.00000e+00            9.18     0.00000e+00
  70 -5.33127896e+04             inf     0.00000e+00           11.52     0.00000e+00
  80 -5.33065086e+04             inf     0.00000e+00           14.11     0.00000e+00
  90 -5.33039658e+04             inf     0.00000e+00           16.92     0.00000e+00
 100 -5.33019138e+04             inf     0.00000e+00           19.92     0.00000e+00
 110 -5.32993482e+04             inf     0.00000e+00           23.32     0.00000e+00
 120 -5.32968770e+04             inf     0.00000e+00           26.91     0.00000e+00
 130 -5.32951075e+04             inf     0.00000e+00           30.89     0.00000e+00
 140 -5.32940080e+04             inf     0.00000e+00           35.25     0.00000e+00
 150 -5.32925098e+04             inf     0.00000e+00           40.03     0.00000e+00
 160 -5.32914915e+04             inf     0.00000e+00           45.15     0.00000e+00
 169 -5.32908294e+04             inf     0.00000e+00           50.01     0.00000e+00
==============================================================================================
Pass              LB             iUB             iHW       F time       B time    Wall time
Sim1000    -5.32908e+04    -5.27267e+04     2.13980e+03         0.00         0.00        86.76
==============================================================================================
