Hydro_R2_AR1_T12_N5_15_I10000_Time300_DW_DUAL_MC_DS_0.0080_None
Multicut: True
Dynamic Sampling: True
==============================================================================================
Pass              LB             iUB             iHW    Wall time           Other
==============================================================================================
   0 -1.00000858e+08             inf     0.00000e+00            0.01     0.00000e+00
  10 -5.06487138e+03             inf     0.00000e+00            0.80     0.00000e+00
  20 -5.05678446e+03             inf     0.00000e+00            2.14     0.00000e+00
  30 -5.05391943e+03             inf     0.00000e+00            4.04     0.00000e+00
  40 -5.05210477e+03             inf     0.00000e+00            5.95     0.00000e+00
  50 -5.05174415e+03             inf     0.00000e+00            8.43     0.00000e+00
  60 -5.05156548e+03             inf     0.00000e+00           11.02     0.00000e+00
  70 -5.05153491e+03             inf     0.00000e+00           13.87     0.00000e+00
  80 -5.05128117e+03             inf     0.00000e+00           17.09     0.00000e+00
  90 -5.05125311e+03             inf     0.00000e+00           20.57     0.00000e+00
 100 -5.05109079e+03             inf     0.00000e+00           24.51     0.00000e+00
 110 -5.05080084e+03             inf     0.00000e+00           28.77     0.00000e+00
 120 -5.05065100e+03             inf     0.00000e+00           33.37     0.00000e+00
 130 -5.05063547e+03             inf     0.00000e+00           39.69     0.00000e+00
 140 -5.05043431e+03             inf     0.00000e+00           46.51     0.00000e+00
 150 -5.05043032e+03             inf     0.00000e+00           53.91     0.00000e+00
 160 -5.05042492e+03             inf     0.00000e+00           61.99     0.00000e+00
 170 -5.05035378e+03             inf     0.00000e+00           70.68     0.00000e+00
 180 -5.05030451e+03             inf     0.00000e+00           79.76     0.00000e+00
 190 -5.05018313e+03             inf     0.00000e+00           89.70     0.00000e+00
 200 -5.05014359e+03             inf     0.00000e+00           98.16     0.00000e+00
 210 -5.05013823e+03             inf     0.00000e+00          108.94     0.00000e+00
 220 -5.05013574e+03             inf     0.00000e+00          118.46     0.00000e+00
 230 -5.05013298e+03             inf     0.00000e+00          129.96     0.00000e+00
 240 -5.05013246e+03             inf     0.00000e+00          140.44     0.00000e+00
 250 -5.05013169e+03             inf     0.00000e+00          151.42     0.00000e+00
 260 -5.05013133e+03             inf     0.00000e+00          164.39     0.00000e+00
 270 -5.05013014e+03             inf     0.00000e+00          178.57     0.00000e+00
 280 -5.05010594e+03             inf     0.00000e+00          193.16     0.00000e+00
 290 -5.05010388e+03             inf     0.00000e+00          208.21     0.00000e+00
 300 -5.05006991e+03             inf     0.00000e+00          224.71     0.00000e+00
 310 -5.05006735e+03             inf     0.00000e+00          242.71     0.00000e+00
 320 -5.05006535e+03             inf     0.00000e+00          258.30     0.00000e+00
 330 -5.05006408e+03             inf     0.00000e+00          276.46     0.00000e+00
 340 -5.05006348e+03             inf     0.00000e+00          299.87     0.00000e+00
 341 -5.05006342e+03             inf     0.00000e+00          301.56     0.00000e+00
==============================================================================================
Pass              LB             iUB             iHW       F time       B time    Wall time
Sim1000    -5.05006e+03    -2.95278e+03     8.23120e+02         0.00         0.00       333.65
==============================================================================================
