Hydro_R10_AR1_T12_N10_10_I10000_Time20_DW_DUAL_MC_DS_0.7000000_None
Multicut: True
Dynamic Sampling: True
==============================================================================================
Pass              LB             iUB             iHW    Wall time           Other
==============================================================================================
   0 -1.00004104e+08             inf     0.00000e+00            0.01     0.00000e+00
  10 -3.33568119e+04             inf     0.00000e+00            0.80     0.00000e+00
  20 -3.31945398e+04             inf     0.00000e+00            1.92     0.00000e+00
  30 -3.31744632e+04             inf     0.00000e+00            3.26     0.00000e+00
  40 -3.31689503e+04             inf     0.00000e+00            5.03     0.00000e+00
  50 -3.31648075e+04             inf     0.00000e+00            6.99     0.00000e+00
  60 -3.31627800e+04             inf     0.00000e+00            9.20     0.00000e+00
  70 -3.31599861e+04             inf     0.00000e+00           11.60     0.00000e+00
  80 -3.31587405e+04             inf     0.00000e+00           14.35     0.00000e+00
  90 -3.31574822e+04             inf     0.00000e+00           17.37     0.00000e+00
  98 -3.31567955e+04             inf     0.00000e+00           20.08     0.00000e+00
Time profiling
           Pass        # LPs        setup      simplex       output   cut update      cut gen        other        total
        Forward         1188         0.19         0.79         0.07         0.00         0.00         0.39         1.45
       Backward        10780         1.90         6.04         8.84         0.03         1.54         0.28        18.63
==============================================================================================
Pass              LB             iUB             iHW       F time       B time    Wall time
Sim500    -3.31568e+04    -3.45033e+04     2.01576e+02         0.00         0.00        33.42
==============================================================================================
Mean:   	 -34503.27
Median: 	 -34460.38
SD:     	   2253.69
20-80: 	( -36229.32,  -32683.71)
10-90: 	( -37263.84,  -31653.18)
05-95: 	( -38255.61,  -30870.94)
