Hydro_R10_AR1_T12_N10_10_I10000_Time20_DW_DUAL_MC_DS_9.0000000_None
Multicut: True
Dynamic Sampling: True
==============================================================================================
Pass              LB             iUB             iHW    Wall time           Other
==============================================================================================
   0 -1.00004104e+08             inf     0.00000e+00            0.02     0.00000e+00
  10 -2.76781765e+04             inf     0.00000e+00            0.77     0.00000e+00
  20 -2.75740607e+04             inf     0.00000e+00            1.69     0.00000e+00
  30 -2.75679516e+04             inf     0.00000e+00            2.71     0.00000e+00
  40 -2.75645338e+04             inf     0.00000e+00            3.98     0.00000e+00
  50 -2.75631884e+04             inf     0.00000e+00            5.30     0.00000e+00
  60 -2.75610362e+04             inf     0.00000e+00            6.74     0.00000e+00
  70 -2.75607177e+04             inf     0.00000e+00            8.28     0.00000e+00
  80 -2.75604338e+04             inf     0.00000e+00            9.95     0.00000e+00
  90 -2.75603274e+04             inf     0.00000e+00           11.73     0.00000e+00
 100 -2.75602721e+04             inf     0.00000e+00           13.64     0.00000e+00
 110 -2.75601765e+04             inf     0.00000e+00           15.74     0.00000e+00
 120 -2.75601334e+04             inf     0.00000e+00           17.96     0.00000e+00
 129 -2.75600801e+04             inf     0.00000e+00           20.07     0.00000e+00
Time profiling
           Pass        # LPs        setup      simplex       output   cut update      cut gen        other        total
        Forward         1560         0.25         0.72         0.09         0.00         0.00         0.51         1.56
       Backward        14190         2.38         5.35         8.59         0.03         1.88         0.27        18.50
==============================================================================================
Pass              LB             iUB             iHW       F time       B time    Wall time
Sim500    -2.75601e+04    -3.37297e+04     1.77069e+02         0.00         0.00        30.82
==============================================================================================
Mean:   	 -33729.75
Median: 	 -33709.86
SD:     	   1979.69
20-80: 	( -35309.93,  -32068.64)
10-90: 	( -36198.89,  -31302.91)
05-95: 	( -36898.95,  -30660.57)
