Hydro_R2_AR1_T12_N6_36_I10000_Time100_DW_DUAL_MC_DS_10.0000_cube
Multicut: True
Dynamic Sampling: True
==============================================================================================
Pass              LB             iUB             iHW    Wall time           Other
==============================================================================================
   0 -1.00000858e+08             inf     0.00000e+00            0.02     0.00000e+00
  10 -3.21944836e+03             inf     0.00000e+00            2.93     0.00000e+00
  20 -3.21944836e+03             inf     0.00000e+00            8.63     0.00000e+00
  30 -3.21944836e+03             inf     0.00000e+00           16.04     0.00000e+00
  40 -3.21944836e+03             inf     0.00000e+00           27.74     0.00000e+00
  50 -3.21944836e+03             inf     0.00000e+00           39.84     0.00000e+00
  60 -3.21944836e+03             inf     0.00000e+00           55.60     0.00000e+00
  70 -3.21944836e+03             inf     0.00000e+00           74.49     0.00000e+00
  80 -3.21944836e+03             inf     0.00000e+00           98.25     0.00000e+00
  81 -3.21944836e+03             inf     0.00000e+00          101.05     0.00000e+00
==============================================================================================
Pass              LB             iUB             iHW       F time       B time    Wall time
Sim1000    -3.21945e+03    -8.51326e+02     9.22746e+02         0.00         0.00       124.03
==============================================================================================
