Hydro_R2_AR1_T12_N5_15_I10000_Time300_DW_DUAL_MC_DS_0.0100_cvx_hull
Multicut: True
Dynamic Sampling: True
==============================================================================================
Pass              LB             iUB             iHW    Wall time           Other
==============================================================================================
   0 -1.00000858e+08             inf     0.00000e+00            0.01     0.00000e+00
  10 -5.07036109e+03             inf     0.00000e+00            0.78     0.00000e+00
  20 -5.05976183e+03             inf     0.00000e+00            2.18     0.00000e+00
  30 -5.05856245e+03             inf     0.00000e+00            3.90     0.00000e+00
  40 -5.05626105e+03             inf     0.00000e+00            6.20     0.00000e+00
  50 -5.05605684e+03             inf     0.00000e+00            9.21     0.00000e+00
  60 -5.05601797e+03             inf     0.00000e+00           12.47     0.00000e+00
  70 -5.05599866e+03             inf     0.00000e+00           16.15     0.00000e+00
  80 -5.05573346e+03             inf     0.00000e+00           20.70     0.00000e+00
  90 -5.05572263e+03             inf     0.00000e+00           25.37     0.00000e+00
 100 -5.05565636e+03             inf     0.00000e+00           30.40     0.00000e+00
 110 -5.05483512e+03             inf     0.00000e+00           36.09     0.00000e+00
 120 -5.05458786e+03             inf     0.00000e+00           43.19     0.00000e+00
 130 -5.05457837e+03             inf     0.00000e+00           51.32     0.00000e+00
 140 -5.05444046e+03             inf     0.00000e+00           59.12     0.00000e+00
 150 -5.05443383e+03             inf     0.00000e+00           68.27     0.00000e+00
 160 -5.05443058e+03             inf     0.00000e+00           78.00     0.00000e+00
 170 -5.05434064e+03             inf     0.00000e+00           87.47     0.00000e+00
 180 -5.05429761e+03             inf     0.00000e+00           97.99     0.00000e+00
 190 -5.05416513e+03             inf     0.00000e+00          109.09     0.00000e+00
 200 -5.05412371e+03             inf     0.00000e+00          120.47     0.00000e+00
 210 -5.05407153e+03             inf     0.00000e+00          132.38     0.00000e+00
 220 -5.05405828e+03             inf     0.00000e+00          144.51     0.00000e+00
 230 -5.05405658e+03             inf     0.00000e+00          157.58     0.00000e+00
 240 -5.05405366e+03             inf     0.00000e+00          171.26     0.00000e+00
 250 -5.05405232e+03             inf     0.00000e+00          185.95     0.00000e+00
 260 -5.05405130e+03             inf     0.00000e+00          201.88     0.00000e+00
 270 -5.05404957e+03             inf     0.00000e+00          219.63     0.00000e+00
 280 -5.05400698e+03             inf     0.00000e+00          237.25     0.00000e+00
 290 -5.05400602e+03             inf     0.00000e+00          254.49     0.00000e+00
 300 -5.05395712e+03             inf     0.00000e+00          276.04     0.00000e+00
 310 -5.05393935e+03             inf     0.00000e+00          300.79     0.00000e+00
==============================================================================================
Pass              LB             iUB             iHW       F time       B time    Wall time
Sim1000    -5.05394e+03     8.34210e+00     9.39778e+02         0.00         0.00       336.04
==============================================================================================
