Hydro_R2_AR1_T12_N5_15_I10000_Time300_DW_DUAL_MC_DS_0.1000_cube
Multicut: True
Dynamic Sampling: True
==============================================================================================
Pass              LB             iUB             iHW    Wall time           Other
==============================================================================================
   0 -1.00000858e+08             inf     0.00000e+00            0.01     0.00000e+00
  10 -5.01647134e+03             inf     0.00000e+00            0.93     0.00000e+00
  20 -5.01233867e+03             inf     0.00000e+00            2.38     0.00000e+00
  30 -5.01056710e+03             inf     0.00000e+00            4.34     0.00000e+00
  40 -5.00859023e+03             inf     0.00000e+00            6.61     0.00000e+00
  50 -5.00836224e+03             inf     0.00000e+00            9.23     0.00000e+00
  60 -5.00822494e+03             inf     0.00000e+00           12.50     0.00000e+00
  70 -5.00820088e+03             inf     0.00000e+00           16.29     0.00000e+00
  80 -5.00794482e+03             inf     0.00000e+00           20.57     0.00000e+00
  90 -5.00791680e+03             inf     0.00000e+00           26.04     0.00000e+00
 100 -5.00785863e+03             inf     0.00000e+00           31.72     0.00000e+00
 110 -5.00704987e+03             inf     0.00000e+00           38.58     0.00000e+00
 120 -5.00694417e+03             inf     0.00000e+00           46.30     0.00000e+00
 130 -5.00693177e+03             inf     0.00000e+00           54.70     0.00000e+00
 140 -5.00690883e+03             inf     0.00000e+00           63.96     0.00000e+00
 150 -5.00690208e+03             inf     0.00000e+00           73.10     0.00000e+00
 160 -5.00689751e+03             inf     0.00000e+00           83.21     0.00000e+00
 170 -5.00680499e+03             inf     0.00000e+00           94.03     0.00000e+00
 180 -5.00673048e+03             inf     0.00000e+00          104.47     0.00000e+00
 190 -5.00659207e+03             inf     0.00000e+00          114.84     0.00000e+00
 200 -5.00654300e+03             inf     0.00000e+00          126.77     0.00000e+00
 210 -5.00652664e+03             inf     0.00000e+00          138.23     0.00000e+00
 220 -5.00652253e+03             inf     0.00000e+00          150.22     0.00000e+00
 230 -5.00652216e+03             inf     0.00000e+00          162.78     0.00000e+00
 240 -5.00650691e+03             inf     0.00000e+00          176.36     0.00000e+00
 250 -5.00649637e+03             inf     0.00000e+00          190.75     0.00000e+00
 260 -5.00649479e+03             inf     0.00000e+00          205.54     0.00000e+00
 270 -5.00649096e+03             inf     0.00000e+00          222.94     0.00000e+00
 280 -5.00646598e+03             inf     0.00000e+00          241.45     0.00000e+00
 290 -5.00646496e+03             inf     0.00000e+00          259.56     0.00000e+00
 300 -5.00638294e+03             inf     0.00000e+00          277.96     0.00000e+00
 310 -5.00637593e+03             inf     0.00000e+00          294.56     0.00000e+00
 313 -5.00637580e+03             inf     0.00000e+00          300.92     0.00000e+00
==============================================================================================
Pass              LB             iUB             iHW       F time       B time    Wall time
Sim1000    -5.00638e+03    -1.19112e+03     8.75232e+02         0.00         0.00       327.99
==============================================================================================
