Hydro_R2_AR1_T12_N5_15_I10000_Time300_DW_DUAL_MC_DS_0.0500_cvx_hull
Multicut: True
Dynamic Sampling: True
==============================================================================================
Pass              LB             iUB             iHW    Wall time           Other
==============================================================================================
   0 -1.00000858e+08             inf     0.00000e+00            0.01     0.00000e+00
  10 -5.04550538e+03             inf     0.00000e+00            0.92     0.00000e+00
  20 -5.03901309e+03             inf     0.00000e+00            2.41     0.00000e+00
  30 -5.03728351e+03             inf     0.00000e+00            4.32     0.00000e+00
  40 -5.03517424e+03             inf     0.00000e+00            6.56     0.00000e+00
  50 -5.03497406e+03             inf     0.00000e+00            9.24     0.00000e+00
  60 -5.03482985e+03             inf     0.00000e+00           12.45     0.00000e+00
  70 -5.03479681e+03             inf     0.00000e+00           16.01     0.00000e+00
  80 -5.03478881e+03             inf     0.00000e+00           20.21     0.00000e+00
  90 -5.03473887e+03             inf     0.00000e+00           25.68     0.00000e+00
 100 -5.03447486e+03             inf     0.00000e+00           31.56     0.00000e+00
 110 -5.03401006e+03             inf     0.00000e+00           38.39     0.00000e+00
 120 -5.03377478e+03             inf     0.00000e+00           45.84     0.00000e+00
 130 -5.03376420e+03             inf     0.00000e+00           53.07     0.00000e+00
 140 -5.03362088e+03             inf     0.00000e+00           59.92     0.00000e+00
 150 -5.03359430e+03             inf     0.00000e+00           68.30     0.00000e+00
 160 -5.03358714e+03             inf     0.00000e+00           76.87     0.00000e+00
 170 -5.03350042e+03             inf     0.00000e+00           86.11     0.00000e+00
 180 -5.03342660e+03             inf     0.00000e+00           95.58     0.00000e+00
 190 -5.03329298e+03             inf     0.00000e+00          106.80     0.00000e+00
 200 -5.03324456e+03             inf     0.00000e+00          119.82     0.00000e+00
 210 -5.03323715e+03             inf     0.00000e+00          130.15     0.00000e+00
 220 -5.03323476e+03             inf     0.00000e+00          142.85     0.00000e+00
 230 -5.03323214e+03             inf     0.00000e+00          157.24     0.00000e+00
 240 -5.03322154e+03             inf     0.00000e+00          170.99     0.00000e+00
 250 -5.03321870e+03             inf     0.00000e+00          186.23     0.00000e+00
 260 -5.03321635e+03             inf     0.00000e+00          202.77     0.00000e+00
 270 -5.03321466e+03             inf     0.00000e+00          218.06     0.00000e+00
 280 -5.03318552e+03             inf     0.00000e+00          235.38     0.00000e+00
 290 -5.03318468e+03             inf     0.00000e+00          255.00     0.00000e+00
 300 -5.03314891e+03             inf     0.00000e+00          274.94     0.00000e+00
 310 -5.03314450e+03             inf     0.00000e+00          292.76     0.00000e+00
 315 -5.03314384e+03             inf     0.00000e+00          302.27     0.00000e+00
==============================================================================================
Pass              LB             iUB             iHW       F time       B time    Wall time
Sim1000    -5.03314e+03     8.41033e+00     9.39774e+02         0.00         0.00       332.06
==============================================================================================
