Hydro_R10_AR1_T12_N10_I100000ESS_DUAL_MC_DW_10.000000_ES
Multicut: True
Dynamic Sampling: False
==============================================================================================
Pass              LB             iUB             iHW    Wall time           Other
==============================================================================================
   0 -1.00006458e+08             inf     0.00000e+00            0.02     0.00000e+00
  10 -5.75210413e+04             inf     0.00000e+00            0.85     0.00000e+00
  20 -5.66086660e+04             inf     0.00000e+00            2.07     0.00000e+00
  30 -5.65434602e+04             inf     0.00000e+00            3.38     0.00000e+00
  40 -5.64916539e+04             inf     0.00000e+00            4.90     0.00000e+00
  50 -5.64714491e+04             inf     0.00000e+00            6.61     0.00000e+00
  60 -5.64469894e+04             inf     0.00000e+00            8.69     0.00000e+00
  70 -5.64273578e+04             inf     0.00000e+00           10.80     0.00000e+00
  80 -5.64092300e+04             inf     0.00000e+00           13.22     0.00000e+00
  90 -5.63669257e+04             inf     0.00000e+00           15.89     0.00000e+00
 100 -5.63628721e+04             inf     0.00000e+00           18.86     0.00000e+00
 110 -5.63574362e+04             inf     0.00000e+00           22.19     0.00000e+00
 120 -5.63522487e+04             inf     0.00000e+00           25.57     0.00000e+00
 130 -5.63478927e+04             inf     0.00000e+00           29.23     0.00000e+00
 140 -5.63429347e+04             inf     0.00000e+00           33.15     0.00000e+00
 150 -5.63392764e+04             inf     0.00000e+00           38.05     0.00000e+00
 160 -5.63349094e+04             inf     0.00000e+00           42.89     0.00000e+00
 170 -5.63291951e+04             inf     0.00000e+00           48.17     0.00000e+00
 180 -5.63228401e+04             inf     0.00000e+00           53.68     0.00000e+00
 190 -5.63178945e+04             inf     0.00000e+00           59.51     0.00000e+00
 200 -5.63136112e+04             inf     0.00000e+00           65.74     0.00000e+00
 210 -5.63123578e+04             inf     0.00000e+00           72.18     0.00000e+00
 220 -5.63061255e+04             inf     0.00000e+00           78.89     0.00000e+00
 230 -5.63044449e+04             inf     0.00000e+00           86.07     0.00000e+00
 240 -5.63030761e+04             inf     0.00000e+00           93.52     0.00000e+00
 250 -5.63012423e+04             inf     0.00000e+00          101.53     0.00000e+00
 260 -5.62998238e+04             inf     0.00000e+00          109.72     0.00000e+00
 270 -5.62991201e+04             inf     0.00000e+00          118.25     0.00000e+00
 280 -5.62981243e+04             inf     0.00000e+00          127.13     0.00000e+00
 290 -5.62969202e+04             inf     0.00000e+00          136.23     0.00000e+00
 300 -5.62962046e+04             inf     0.00000e+00          145.71     0.00000e+00
 310 -5.62956690e+04             inf     0.00000e+00          155.51     0.00000e+00
 320 -5.62947366e+04             inf     0.00000e+00          165.67     0.00000e+00
 330 -5.62938052e+04             inf     0.00000e+00          176.14     0.00000e+00
 340 -5.62933232e+04             inf     0.00000e+00          187.04     0.00000e+00
 350 -5.62914817e+04             inf     0.00000e+00          198.19     0.00000e+00
 360 -5.62904898e+04             inf     0.00000e+00          209.78     0.00000e+00
 370 -5.62895323e+04             inf     0.00000e+00          221.70     0.00000e+00
 380 -5.62869657e+04             inf     0.00000e+00          233.90     0.00000e+00
 390 -5.62842386e+04             inf     0.00000e+00          246.61     0.00000e+00
 400 -5.62832298e+04             inf     0.00000e+00          259.66     0.00000e+00
 410 -5.62807681e+04             inf     0.00000e+00          272.87     0.00000e+00
 420 -5.62754839e+04             inf     0.00000e+00          286.66     0.00000e+00
 430 -5.62740948e+04             inf     0.00000e+00          300.56     0.00000e+00
 440 -5.62727159e+04             inf     0.00000e+00          315.01     0.00000e+00
 450 -5.62689560e+04             inf     0.00000e+00          329.69     0.00000e+00
 460 -5.62671482e+04             inf     0.00000e+00          344.77     0.00000e+00
 470 -5.62659936e+04             inf     0.00000e+00          360.11     0.00000e+00
 480 -5.62606720e+04             inf     0.00000e+00          375.90     0.00000e+00
 490 -5.62572582e+04             inf     0.00000e+00          392.17     0.00000e+00
 500 -5.62560664e+04             inf     0.00000e+00          408.72     0.00000e+00
 510 -5.62550471e+04             inf     0.00000e+00          425.59     0.00000e+00
 520 -5.62536412e+04             inf     0.00000e+00          442.86     0.00000e+00
 530 -5.62524482e+04             inf     0.00000e+00          460.47     0.00000e+00
 540 -5.62509257e+04             inf     0.00000e+00          478.45     0.00000e+00
 550 -5.62504133e+04             inf     0.00000e+00          496.81     0.00000e+00
 560 -5.62497910e+04             inf     0.00000e+00          515.41     0.00000e+00
 570 -5.62489869e+04             inf     0.00000e+00          534.36     0.00000e+00
 580 -5.62483343e+04             inf     0.00000e+00          553.53     0.00000e+00
 590 -5.62473927e+04             inf     0.00000e+00          573.48     0.00000e+00
 600 -5.62465650e+04             inf     0.00000e+00          593.21     0.00000e+00
 610 -5.62456298e+04             inf     0.00000e+00          611.74     0.00000e+00
 620 -5.62452526e+04             inf     0.00000e+00          632.32     0.00000e+00
 630 -5.62449030e+04             inf     0.00000e+00          653.51     0.00000e+00
 640 -5.62427692e+04             inf     0.00000e+00          675.17     0.00000e+00
 650 -5.62407979e+04             inf     0.00000e+00          697.12     0.00000e+00
 660 -5.62394394e+04             inf     0.00000e+00          719.27     0.00000e+00
 670 -5.62389244e+04             inf     0.00000e+00          742.02     0.00000e+00
 680 -5.62381993e+04             inf     0.00000e+00          764.97     0.00000e+00
 690 -5.62368261e+04             inf     0.00000e+00          788.38     0.00000e+00
 700 -5.62358203e+04             inf     0.00000e+00          812.13     0.00000e+00
 710 -5.62347534e+04             inf     0.00000e+00          836.34     0.00000e+00
 720 -5.62332251e+04             inf     0.00000e+00          861.93     0.00000e+00
 730 -5.62324143e+04             inf     0.00000e+00          886.87     0.00000e+00
 740 -5.62318954e+04             inf     0.00000e+00          911.95     0.00000e+00
 750 -5.62314834e+04             inf     0.00000e+00          937.22     0.00000e+00
 760 -5.62310711e+04             inf     0.00000e+00          956.90     0.00000e+00
 770 -5.62307078e+04             inf     0.00000e+00          980.08     0.00000e+00
 780 -5.62293070e+04             inf     0.00000e+00         1005.01     0.00000e+00
 790 -5.62290366e+04             inf     0.00000e+00         1032.15     0.00000e+00
 800 -5.62285958e+04             inf     0.00000e+00         1059.79     0.00000e+00
 810 -5.62279835e+04             inf     0.00000e+00         1088.06     0.00000e+00
 820 -5.62272478e+04             inf     0.00000e+00         1116.41     0.00000e+00
 830 -5.62269537e+04             inf     0.00000e+00         1145.56     0.00000e+00
 840 -5.62267103e+04             inf     0.00000e+00         2114.19     0.00000e+00
 850 -5.62263529e+04             inf     0.00000e+00         2139.10     0.00000e+00
 860 -5.62259733e+04             inf     0.00000e+00         2167.80     0.00000e+00
 870 -5.62255535e+04             inf     0.00000e+00         2198.05     0.00000e+00
 880 -5.62251397e+04             inf     0.00000e+00         2228.59     0.00000e+00
 890 -5.62248279e+04             inf     0.00000e+00         2259.27     0.00000e+00
 900 -5.62246602e+04             inf     0.00000e+00         2290.65     0.00000e+00
 910 -5.62244466e+04             inf     0.00000e+00         2322.42     0.00000e+00
 920 -5.62243201e+04             inf     0.00000e+00         2354.36     0.00000e+00
 930 -5.62238549e+04             inf     0.00000e+00         2386.69     0.00000e+00
 940 -5.62220272e+04             inf     0.00000e+00         2419.67     0.00000e+00
 950 -5.62217948e+04             inf     0.00000e+00         2453.10     0.00000e+00
 960 -5.62212406e+04             inf     0.00000e+00         2486.70     0.00000e+00
 970 -5.62201855e+04             inf     0.00000e+00         2520.76     0.00000e+00
 980 -5.62193780e+04             inf     0.00000e+00         2555.50     0.00000e+00
 990 -5.62190572e+04             inf     0.00000e+00         2590.26     0.00000e+00
1000 -5.62187169e+04             inf     0.00000e+00         2625.31     0.00000e+00
1010 -5.62184684e+04             inf     0.00000e+00         2660.96     0.00000e+00
1020 -5.62180779e+04             inf     0.00000e+00         2696.65     0.00000e+00
1030 -5.62179735e+04             inf     0.00000e+00         2732.82     0.00000e+00
1040 -5.62177682e+04             inf     0.00000e+00         2769.33     0.00000e+00
1050 -5.62171178e+04             inf     0.00000e+00         2806.20     0.00000e+00
1060 -5.62169345e+04             inf     0.00000e+00         2843.50     0.00000e+00
1070 -5.62168582e+04             inf     0.00000e+00         2881.30     0.00000e+00
1080 -5.62165778e+04             inf     0.00000e+00         2919.51     0.00000e+00
1090 -5.62163766e+04             inf     0.00000e+00         2957.88     0.00000e+00
1100 -5.62162127e+04             inf     0.00000e+00         2995.96     0.00000e+00
1110 -5.62160735e+04             inf     0.00000e+00         3035.34     0.00000e+00
1120 -5.62158434e+04             inf     0.00000e+00         3075.08     0.00000e+00
1130 -5.62157463e+04             inf     0.00000e+00         3114.63     0.00000e+00
1140 -5.62155470e+04             inf     0.00000e+00         3155.24     0.00000e+00
1150 -5.62154837e+04             inf     0.00000e+00         3195.80     0.00000e+00
1160 -5.62151779e+04             inf     0.00000e+00         3233.78     0.00000e+00
1170 -5.62145440e+04             inf     0.00000e+00         3275.28     0.00000e+00
1180 -5.62142173e+04             inf     0.00000e+00         3317.52     0.00000e+00
1190 -5.62140521e+04             inf     0.00000e+00         3360.01     0.00000e+00
1200 -5.62138619e+04             inf     0.00000e+00         3402.42     0.00000e+00
1210 -5.62135496e+04             inf     0.00000e+00         3445.50     0.00000e+00
1220 -5.62133170e+04             inf     0.00000e+00         3488.95     0.00000e+00
1230 -5.62131776e+04             inf     0.00000e+00         3532.79     0.00000e+00
1240 -5.62129935e+04             inf     0.00000e+00         3576.69     0.00000e+00
1250 -5.62128309e+04             inf     0.00000e+00         3621.29     0.00000e+00
1260 -5.62127552e+04             inf     0.00000e+00         3666.45     0.00000e+00
1270 -5.62125286e+04             inf     0.00000e+00         3712.07     0.00000e+00
1280 -5.62122749e+04             inf     0.00000e+00         3757.24     0.00000e+00
1290 -5.62122472e+04             inf     0.00000e+00         3803.02     0.00000e+00
1300 -5.62121444e+04             inf     0.00000e+00         3849.24     0.00000e+00
1310 -5.62119850e+04             inf     0.00000e+00         3896.35     0.00000e+00
1320 -5.62117375e+04             inf     0.00000e+00         3943.35     0.00000e+00
1330 -5.62115984e+04             inf     0.00000e+00         3992.02     0.00000e+00
1340 -5.62114548e+04             inf     0.00000e+00         4040.09     0.00000e+00
1350 -5.62113440e+04             inf     0.00000e+00         4089.25     0.00000e+00
1360 -5.62110928e+04             inf     0.00000e+00         4139.42     0.00000e+00
1370 -5.62110264e+04             inf     0.00000e+00         6306.78     0.00000e+00
1380 -5.62108478e+04             inf     0.00000e+00         6362.92     0.00000e+00
1390 -5.62107560e+04             inf     0.00000e+00         6481.94     0.00000e+00
1400 -5.62106809e+04             inf     0.00000e+00         6544.12     0.00000e+00
1410 -5.62106325e+04             inf     0.00000e+00         6595.22     0.00000e+00
1420 -5.62105621e+04             inf     0.00000e+00         6648.29     0.00000e+00
1430 -5.62105105e+04             inf     0.00000e+00         6701.18     0.00000e+00
1440 -5.62104318e+04             inf     0.00000e+00         6754.39     0.00000e+00
1450 -5.62102657e+04             inf     0.00000e+00         6809.73     0.00000e+00
1460 -5.62101636e+04             inf     0.00000e+00         6865.40     0.00000e+00
1470 -5.62101155e+04             inf     0.00000e+00         6914.54     0.00000e+00
1480 -5.62099514e+04             inf     0.00000e+00         6971.63     0.00000e+00
1490 -5.62099033e+04             inf     0.00000e+00         7028.51     0.00000e+00
1500 -5.62096401e+04             inf     0.00000e+00         7085.93     0.00000e+00
1510 -5.62095706e+04             inf     0.00000e+00         7142.33     0.00000e+00
1520 -5.62094650e+04             inf     0.00000e+00         7198.52     0.00000e+00
1530 -5.62093188e+04             inf     0.00000e+00         7257.47     0.00000e+00
1540 -5.62092520e+04             inf     0.00000e+00         7314.87     0.00000e+00
