Hydro_R2_AR1_T12_N5_30_I10000_Time100_DW_DUAL_MC_DS_0.0001_cvx_hull
Multicut: True
Dynamic Sampling: True
==============================================================================================
Pass              LB             iUB             iHW    Wall time           Other
==============================================================================================
   0 -1.00000858e+08             inf     0.00000e+00            0.01     0.00000e+00
  10 -5.07551689e+03             inf     0.00000e+00            2.30     0.00000e+00
  20 -5.06456733e+03             inf     0.00000e+00            6.34     0.00000e+00
  30 -5.06355415e+03             inf     0.00000e+00           11.56     0.00000e+00
  40 -5.06114876e+03             inf     0.00000e+00           18.61     0.00000e+00
  50 -5.06102269e+03             inf     0.00000e+00           27.76     0.00000e+00
  60 -5.06093597e+03             inf     0.00000e+00           39.31     0.00000e+00
  70 -5.06091478e+03             inf     0.00000e+00           53.47     0.00000e+00
  80 -5.06067194e+03             inf     0.00000e+00           70.26     0.00000e+00
  90 -5.06064419e+03             inf     0.00000e+00           90.06     0.00000e+00
  95 -5.06048035e+03             inf     0.00000e+00          101.02     0.00000e+00
==============================================================================================
Pass              LB             iUB             iHW       F time       B time    Wall time
Sim1000    -5.06048e+03     6.36954e+00     9.40338e+02         0.00         0.00       124.18
==============================================================================================
