Hydro_R10_AR1_T24_N5_10_I101000_Time50_DW_DUAL_MC_DS_5.0000_None
Multicut: True
Dynamic Sampling: True
==============================================================================================
Pass              LB             iUB             iHW    Wall time           Other
==============================================================================================
   0 -1.00006458e+08             inf     0.00000e+00            0.03     0.00000e+00
  10 -8.20766072e+04             inf     0.00000e+00            2.13     0.00000e+00
  20 -8.16417516e+04             inf     0.00000e+00            5.14     0.00000e+00
  30 -8.15772817e+04             inf     0.00000e+00            8.24     0.00000e+00
  40 -8.15358756e+04             inf     0.00000e+00           11.96     0.00000e+00
  50 -8.15165943e+04             inf     0.00000e+00           16.01     0.00000e+00
  60 -8.15064226e+04             inf     0.00000e+00           20.45     0.00000e+00
  70 -8.14980537e+04             inf     0.00000e+00           25.47     0.00000e+00
  80 -8.14892168e+04             inf     0.00000e+00           31.43     0.00000e+00
  90 -8.14833591e+04             inf     0.00000e+00           38.71     0.00000e+00
 100 -8.14777125e+04             inf     0.00000e+00           45.97     0.00000e+00
 106 -8.14763918e+04             inf     0.00000e+00           50.51     0.00000e+00
==============================================================================================
Pass              LB             iUB             iHW       F time       B time    Wall time
Sim1000    -8.14764e+04    -1.04444e+05     5.77618e+02         0.00         0.00       116.77
==============================================================================================
