Hydro_R2_AR1_T12_N5_15_I10000_Time60_DW_DUAL_MC_DS_800.0000_cvx_hull2
Multicut: True
Dynamic Sampling: True
==============================================================================================
Pass              LB             iUB             iHW    Wall time           Other
==============================================================================================
   0 -1.00000858e+08             inf     0.00000e+00            0.01     0.00000e+00
  10 -2.33366191e+03             inf     0.00000e+00            0.85     0.00000e+00
  20 -2.33366191e+03             inf     0.00000e+00            1.99     0.00000e+00
  30 -2.33366191e+03             inf     0.00000e+00            3.15     0.00000e+00
  40 -2.33366191e+03             inf     0.00000e+00            4.60     0.00000e+00
  50 -2.33366191e+03             inf     0.00000e+00            6.43     0.00000e+00
  60 -2.33366191e+03             inf     0.00000e+00            8.93     0.00000e+00
  70 -2.33366191e+03             inf     0.00000e+00           11.29     0.00000e+00
  80 -2.33366191e+03             inf     0.00000e+00           14.02     0.00000e+00
  90 -2.33366191e+03             inf     0.00000e+00           17.01     0.00000e+00
 100 -2.33366191e+03             inf     0.00000e+00           20.32     0.00000e+00
 110 -2.33366191e+03             inf     0.00000e+00           24.74     0.00000e+00
 120 -2.33366191e+03             inf     0.00000e+00           29.28     0.00000e+00
 130 -2.33366191e+03             inf     0.00000e+00           33.41     0.00000e+00
 140 -2.33366191e+03             inf     0.00000e+00           37.87     0.00000e+00
 150 -2.33366191e+03             inf     0.00000e+00           43.26     0.00000e+00
 160 -2.33366191e+03             inf     0.00000e+00           50.18     0.00000e+00
 170 -2.33366191e+03             inf     0.00000e+00           55.77     0.00000e+00
 178 -2.33366191e+03             inf     0.00000e+00           60.30     0.00000e+00
==============================================================================================
Pass              LB             iUB             iHW       F time       B time    Wall time
Sim1000    -2.33366e+03    -2.59007e+03     8.29260e+02         0.00         0.00        79.57
==============================================================================================
