Hydro_R10_AR1_T12_N10_10_I10000_Time20_DW_DUAL_MC_DS_0.0100000_None
Multicut: True
Dynamic Sampling: True
==============================================================================================
Pass              LB             iUB             iHW    Wall time           Other
==============================================================================================
   0 -1.00004104e+08             inf     0.00000e+00            0.01     0.00000e+00
  10 -3.40559180e+04             inf     0.00000e+00            0.76     0.00000e+00
  20 -3.39546002e+04             inf     0.00000e+00            1.80     0.00000e+00
  30 -3.39287723e+04             inf     0.00000e+00            3.08     0.00000e+00
  40 -3.39202633e+04             inf     0.00000e+00            4.81     0.00000e+00
  50 -3.39120686e+04             inf     0.00000e+00            6.79     0.00000e+00
  60 -3.39086230e+04             inf     0.00000e+00            9.09     0.00000e+00
  70 -3.39063147e+04             inf     0.00000e+00           11.74     0.00000e+00
  80 -3.39048513e+04             inf     0.00000e+00           14.51     0.00000e+00
  90 -3.39027057e+04             inf     0.00000e+00           17.67     0.00000e+00
  97 -3.39021218e+04             inf     0.00000e+00           20.05     0.00000e+00
Time profiling
           Pass        # LPs        setup      simplex       output   cut update      cut gen        other        total
        Forward         1176         0.18         0.78         0.07         0.00         0.00         0.38         1.41
       Backward        10670         1.84         6.00         9.00         0.03         1.49         0.28        18.64
==============================================================================================
Pass              LB             iUB             iHW       F time       B time    Wall time
Sim500    -3.39021e+04    -3.45347e+04     2.04490e+02         0.00         0.00        33.29
==============================================================================================
Mean:   	 -34534.70
Median: 	 -34499.51
SD:     	   2286.27
20-80: 	( -36258.48,  -32693.91)
10-90: 	( -37367.75,  -31607.49)
05-95: 	( -38371.09,  -30824.30)
