Hydro_R10_AR1_T52_N10_10_I10000_Time20_DW_DUAL_MC_DS_8.0000000_None
Multicut: True
Dynamic Sampling: True
==============================================================================================
Pass              LB             iUB             iHW    Wall time           Other
==============================================================================================
   0 -1.00006609e+08             inf     0.00000e+00            0.07     0.00000e+00
  10 -3.31848831e+05             inf     0.00000e+00            4.10     0.00000e+00
  20 -3.29607342e+05             inf     0.00000e+00            9.26     0.00000e+00
  30 -3.29481726e+05             inf     0.00000e+00           15.29     0.00000e+00
  37 -3.29428952e+05             inf     0.00000e+00           20.07     0.00000e+00
==============================================================================================
Pass              LB             iUB             iHW       F time       B time    Wall time
Sim1000    -3.29429e+05    -3.36341e+05     1.83727e+02         0.00         0.00       105.37
==============================================================================================
Mean:   	-336341.15
Median: 	-336765.59
SD:     	   2904.97
20-80: 	(-338670.33, -334347.02)
10-90: 	(-339628.02, -332567.38)
05-95: 	(-340191.24, -330994.51)
