Hydro_R2_AR1_T12_N5_15_I10000_Time300_DW_DUAL_MC_DS_30.0000_cvx_hull2
Multicut: True
Dynamic Sampling: True
==============================================================================================
Pass              LB             iUB             iHW    Wall time           Other
==============================================================================================
   0 -1.00000858e+08             inf     0.00000e+00            0.01     0.00000e+00
  10 -2.26104212e+03             inf     0.00000e+00            0.77     0.00000e+00
  20 -2.26104212e+03             inf     0.00000e+00            2.05     0.00000e+00
  30 -2.26104212e+03             inf     0.00000e+00            3.44     0.00000e+00
  40 -2.26104212e+03             inf     0.00000e+00            5.08     0.00000e+00
  50 -2.26104212e+03             inf     0.00000e+00            7.17     0.00000e+00
  60 -2.26104212e+03             inf     0.00000e+00            9.45     0.00000e+00
  70 -2.26104212e+03             inf     0.00000e+00           11.74     0.00000e+00
  80 -2.26104212e+03             inf     0.00000e+00           14.44     0.00000e+00
  90 -2.26104212e+03             inf     0.00000e+00           17.49     0.00000e+00
 100 -2.26104212e+03             inf     0.00000e+00           20.93     0.00000e+00
 110 -2.26104212e+03             inf     0.00000e+00           24.85     0.00000e+00
 120 -2.26104212e+03             inf     0.00000e+00           29.96     0.00000e+00
 130 -2.26104212e+03             inf     0.00000e+00           34.90     0.00000e+00
 140 -2.26104212e+03             inf     0.00000e+00           40.04     0.00000e+00
 150 -2.26104212e+03             inf     0.00000e+00           45.33     0.00000e+00
 160 -2.26104212e+03             inf     0.00000e+00           50.89     0.00000e+00
 170 -2.26104212e+03             inf     0.00000e+00           56.89     0.00000e+00
 180 -2.26104212e+03             inf     0.00000e+00           63.19     0.00000e+00
 190 -2.26104212e+03             inf     0.00000e+00           70.01     0.00000e+00
 200 -2.26104212e+03             inf     0.00000e+00           77.25     0.00000e+00
 210 -2.26104212e+03             inf     0.00000e+00           84.84     0.00000e+00
 220 -2.26104212e+03             inf     0.00000e+00           92.80     0.00000e+00
 230 -2.26104212e+03             inf     0.00000e+00          101.26     0.00000e+00
 240 -2.26104212e+03             inf     0.00000e+00          110.44     0.00000e+00
 250 -2.26104212e+03             inf     0.00000e+00          121.77     0.00000e+00
 260 -2.26104212e+03             inf     0.00000e+00          133.41     0.00000e+00
 270 -2.26104212e+03             inf     0.00000e+00          144.75     0.00000e+00
 280 -2.26104212e+03             inf     0.00000e+00          155.23     0.00000e+00
 290 -2.26104212e+03             inf     0.00000e+00          165.38     0.00000e+00
 300 -2.26104212e+03             inf     0.00000e+00          177.27     0.00000e+00
 310 -2.26104212e+03             inf     0.00000e+00          189.43     0.00000e+00
 320 -2.26104212e+03             inf     0.00000e+00          201.83     0.00000e+00
 330 -2.26104212e+03             inf     0.00000e+00          214.09     0.00000e+00
 340 -2.26104212e+03             inf     0.00000e+00          226.67     0.00000e+00
 350 -2.26104212e+03             inf     0.00000e+00          241.84     0.00000e+00
 360 -2.26104212e+03             inf     0.00000e+00          257.69     0.00000e+00
 370 -2.26104212e+03             inf     0.00000e+00          272.25     0.00000e+00
 380 -2.26104212e+03             inf     0.00000e+00          286.83     0.00000e+00
 390 -2.26104212e+03             inf     0.00000e+00          301.49     0.00000e+00
==============================================================================================
Pass              LB             iUB             iHW       F time       B time    Wall time
Sim1000    -2.26104e+03    -3.05700e+03     3.88138e+02         0.00         0.00       327.27
==============================================================================================
