Hydro_R2_AR1_T12_N5_15_I10000_Time300_DW_DUAL_MC_DS_10.0000_cube
Multicut: True
Dynamic Sampling: True
==============================================================================================
Pass              LB             iUB             iHW    Wall time           Other
==============================================================================================
   0 -1.00000858e+08             inf     0.00000e+00            0.01     0.00000e+00
  10 -3.21944836e+03             inf     0.00000e+00            0.80     0.00000e+00
  20 -3.21944836e+03             inf     0.00000e+00            2.13     0.00000e+00
  30 -3.21944836e+03             inf     0.00000e+00            3.69     0.00000e+00
  40 -3.21944836e+03             inf     0.00000e+00            5.65     0.00000e+00
  50 -3.21944836e+03             inf     0.00000e+00            7.96     0.00000e+00
  60 -3.21944836e+03             inf     0.00000e+00           10.70     0.00000e+00
  70 -3.21944836e+03             inf     0.00000e+00           13.77     0.00000e+00
  80 -3.21944836e+03             inf     0.00000e+00           18.00     0.00000e+00
  90 -3.21944836e+03             inf     0.00000e+00           22.79     0.00000e+00
 100 -3.21944836e+03             inf     0.00000e+00           27.16     0.00000e+00
 110 -3.21944836e+03             inf     0.00000e+00           32.00     0.00000e+00
 120 -3.21944836e+03             inf     0.00000e+00           38.26     0.00000e+00
 130 -3.21944836e+03             inf     0.00000e+00           45.26     0.00000e+00
 140 -3.21944836e+03             inf     0.00000e+00           53.25     0.00000e+00
 150 -3.21944836e+03             inf     0.00000e+00           59.37     0.00000e+00
 160 -3.21944836e+03             inf     0.00000e+00           65.85     0.00000e+00
 170 -3.21944836e+03             inf     0.00000e+00           72.75     0.00000e+00
 180 -3.21944836e+03             inf     0.00000e+00           80.01     0.00000e+00
 190 -3.21944836e+03             inf     0.00000e+00           87.99     0.00000e+00
 200 -3.21944836e+03             inf     0.00000e+00           96.38     0.00000e+00
 210 -3.21944836e+03             inf     0.00000e+00          105.13     0.00000e+00
 220 -3.21944836e+03             inf     0.00000e+00          114.90     0.00000e+00
 230 -3.21944836e+03             inf     0.00000e+00          124.69     0.00000e+00
 240 -3.21944836e+03             inf     0.00000e+00          134.87     0.00000e+00
 250 -3.21944836e+03             inf     0.00000e+00          146.17     0.00000e+00
 260 -3.21944836e+03             inf     0.00000e+00          158.78     0.00000e+00
 270 -3.21944836e+03             inf     0.00000e+00          173.16     0.00000e+00
 280 -3.21944836e+03             inf     0.00000e+00          186.44     0.00000e+00
 290 -3.21944836e+03             inf     0.00000e+00          201.93     0.00000e+00
 300 -3.21944836e+03             inf     0.00000e+00          218.65     0.00000e+00
 310 -3.21944836e+03             inf     0.00000e+00          236.71     0.00000e+00
 320 -3.21944836e+03             inf     0.00000e+00          253.60     0.00000e+00
 330 -3.21944836e+03             inf     0.00000e+00          269.53     0.00000e+00
 340 -3.21944836e+03             inf     0.00000e+00          286.21     0.00000e+00
 347 -3.21944836e+03             inf     0.00000e+00          300.19     0.00000e+00
==============================================================================================
Pass              LB             iUB             iHW       F time       B time    Wall time
Sim1000    -3.21945e+03    -8.91140e+02     9.21778e+02         0.00         0.00       332.90
==============================================================================================
