Hydro_R2_AR1_T12_N5_5_I10000_Time10_DW_DUAL_MC_DS_0.0500000_None
Multicut: True
Dynamic Sampling: True
==============================================================================================
Pass              LB             iUB             iHW    Wall time           Other
==============================================================================================
   0 -9.99966359e+07             inf     0.00000e+00            0.01     0.00000e+00
  10  5.40257343e+04             inf     0.00000e+00            0.20     0.00000e+00
  20  5.40259736e+04             inf     0.00000e+00            0.43     0.00000e+00
  30  5.40259898e+04             inf     0.00000e+00            0.69     0.00000e+00
  40  5.40259951e+04             inf     0.00000e+00            1.05     0.00000e+00
  50  5.40259970e+04             inf     0.00000e+00            1.45     0.00000e+00
  60  5.40259983e+04             inf     0.00000e+00            1.96     0.00000e+00
  70  5.40259996e+04             inf     0.00000e+00            2.50     0.00000e+00
  80  5.40259999e+04             inf     0.00000e+00            3.11     0.00000e+00
  90  5.40260006e+04             inf     0.00000e+00            3.76     0.00000e+00
 100  5.40260008e+04             inf     0.00000e+00            4.45     0.00000e+00
 110  5.40260015e+04             inf     0.00000e+00            5.17     0.00000e+00
 120  5.40260017e+04             inf     0.00000e+00            5.98     0.00000e+00
 130  5.40260024e+04             inf     0.00000e+00            6.81     0.00000e+00
 140  5.40260025e+04             inf     0.00000e+00            7.71     0.00000e+00
 150  5.40260026e+04             inf     0.00000e+00            8.69     0.00000e+00
 160  5.40260026e+04             inf     0.00000e+00            9.66     0.00000e+00
 164  5.40260026e+04             inf     0.00000e+00           10.09     0.00000e+00
Time profiling
           Pass        # LPs        setup      simplex       output   cut update      cut gen        other        total
        Forward         1980         0.09         0.32         0.06         0.00         0.00         0.33         0.81
       Backward         9020         0.51         1.40         6.50         0.02         0.62         0.23         9.28
==============================================================================================
Pass              LB             iUB             iHW       F time       B time    Wall time
Sim500     5.40260e+04     5.38746e+04     3.49624e+01         0.00         0.00        16.93
==============================================================================================
Mean:   	  53874.62
Median: 	  53884.99
SD:     	    390.89
20-80: 	(  53593.32,   54200.82)
10-90: 	(  53358.70,   54334.01)
05-95: 	(  53202.96,   54473.59)
