Hydro_R2_AR1_T12_N5_15_I10000_Time300_DW_DUAL_MC_DS_0.0010_cvx_hull2
Multicut: True
Dynamic Sampling: True
==============================================================================================
Pass              LB             iUB             iHW    Wall time           Other
==============================================================================================
   0 -1.00000858e+08             inf     0.00000e+00            0.01     0.00000e+00
  10 -5.07264520e+03             inf     0.00000e+00            0.99     0.00000e+00
  20 -5.06223557e+03             inf     0.00000e+00            2.76     0.00000e+00
  30 -5.06068730e+03             inf     0.00000e+00            5.26     0.00000e+00
  40 -5.05834057e+03             inf     0.00000e+00            8.48     0.00000e+00
  50 -5.05822175e+03             inf     0.00000e+00           11.66     0.00000e+00
  60 -5.05809091e+03             inf     0.00000e+00           15.91     0.00000e+00
  70 -5.05807200e+03             inf     0.00000e+00           20.15     0.00000e+00
  80 -5.05778446e+03             inf     0.00000e+00           25.47     0.00000e+00
  90 -5.05775601e+03             inf     0.00000e+00           30.78     0.00000e+00
 100 -5.05759499e+03             inf     0.00000e+00           37.08     0.00000e+00
 110 -5.05657764e+03             inf     0.00000e+00           43.52     0.00000e+00
 120 -5.05639282e+03             inf     0.00000e+00           49.98     0.00000e+00
 130 -5.05637644e+03             inf     0.00000e+00           56.97     0.00000e+00
 140 -5.05635724e+03             inf     0.00000e+00           64.28     0.00000e+00
 150 -5.05635035e+03             inf     0.00000e+00           72.55     0.00000e+00
 160 -5.05634507e+03             inf     0.00000e+00           82.31     0.00000e+00
 170 -5.05627660e+03             inf     0.00000e+00           94.66     0.00000e+00
 180 -5.05622985e+03             inf     0.00000e+00          108.34     0.00000e+00
 190 -5.05611740e+03             inf     0.00000e+00          120.02     0.00000e+00
 200 -5.05607886e+03             inf     0.00000e+00          130.74     0.00000e+00
 210 -5.05607530e+03             inf     0.00000e+00          140.96     0.00000e+00
 220 -5.05607307e+03             inf     0.00000e+00          152.18     0.00000e+00
 230 -5.05607128e+03             inf     0.00000e+00          164.43     0.00000e+00
 240 -5.05607059e+03             inf     0.00000e+00          177.38     0.00000e+00
 250 -5.05606970e+03             inf     0.00000e+00          190.99     0.00000e+00
 260 -5.05606841e+03             inf     0.00000e+00          205.11     0.00000e+00
 270 -5.05606072e+03             inf     0.00000e+00          219.35     0.00000e+00
 280 -5.05602199e+03             inf     0.00000e+00          235.44     0.00000e+00
 290 -5.05602123e+03             inf     0.00000e+00          250.42     0.00000e+00
 300 -5.05597414e+03             inf     0.00000e+00          264.13     0.00000e+00
 310 -5.05596854e+03             inf     0.00000e+00          277.27     0.00000e+00
 320 -5.05596558e+03             inf     0.00000e+00          290.71     0.00000e+00
 327 -5.05595939e+03             inf     0.00000e+00          300.57     0.00000e+00
==============================================================================================
Pass              LB             iUB             iHW       F time       B time    Wall time
Sim1000    -5.05596e+03    -2.53614e+03     8.31923e+02         0.00         0.00       327.05
==============================================================================================
