Hydro_R2_AR1_T12_N5_15_I10000_Time60_DW_DUAL_MC_DS_0.8000_cvx_hull
Multicut: True
Dynamic Sampling: True
==============================================================================================
Pass              LB             iUB             iHW    Wall time           Other
==============================================================================================
   0 -1.00000858e+08             inf     0.00000e+00            0.03     0.00000e+00
  10 -4.68556552e+03             inf     0.00000e+00            0.82     0.00000e+00
  20 -4.68214578e+03             inf     0.00000e+00            2.00     0.00000e+00
  30 -4.68094491e+03             inf     0.00000e+00            4.00     0.00000e+00
  40 -4.67973372e+03             inf     0.00000e+00            6.06     0.00000e+00
  50 -4.67950006e+03             inf     0.00000e+00            8.33     0.00000e+00
  60 -4.67945258e+03             inf     0.00000e+00           10.89     0.00000e+00
  70 -4.67944229e+03             inf     0.00000e+00           13.77     0.00000e+00
  80 -4.67943850e+03             inf     0.00000e+00           17.17     0.00000e+00
  90 -4.67942127e+03             inf     0.00000e+00           21.35     0.00000e+00
 100 -4.67940326e+03             inf     0.00000e+00           26.17     0.00000e+00
 110 -4.67916852e+03             inf     0.00000e+00           32.33     0.00000e+00
 120 -4.67912033e+03             inf     0.00000e+00           40.61     0.00000e+00
 130 -4.67911333e+03             inf     0.00000e+00           49.70     0.00000e+00
 140 -4.67883876e+03             inf     0.00000e+00           59.25     0.00000e+00
 141 -4.67883816e+03             inf     0.00000e+00           60.06     0.00000e+00
==============================================================================================
Pass              LB             iUB             iHW       F time       B time    Wall time
Sim1000    -4.67884e+03    -7.23197e+01     9.37903e+02         0.00         0.00        82.48
==============================================================================================
