Hydro_R2_AR1_T12_N5_30_I10000_Time100_DW_DUAL_MC_DS_0.0300_cube
Multicut: True
Dynamic Sampling: True
==============================================================================================
Pass              LB             iUB             iHW    Wall time           Other
==============================================================================================
   0 -1.00000858e+08             inf     0.00000e+00            0.02     0.00000e+00
  10 -5.07532958e+03             inf     0.00000e+00            2.14     0.00000e+00
  20 -5.04859343e+03             inf     0.00000e+00            5.98     0.00000e+00
  30 -5.04736754e+03             inf     0.00000e+00           11.57     0.00000e+00
  40 -5.04491469e+03             inf     0.00000e+00           18.85     0.00000e+00
  50 -5.04475354e+03             inf     0.00000e+00           28.80     0.00000e+00
  60 -5.04462254e+03             inf     0.00000e+00           38.73     0.00000e+00
  70 -5.04451770e+03             inf     0.00000e+00           51.56     0.00000e+00
  80 -5.04434165e+03             inf     0.00000e+00           67.00     0.00000e+00
  90 -5.04431617e+03             inf     0.00000e+00           84.43     0.00000e+00
  98 -5.04415995e+03             inf     0.00000e+00          101.67     0.00000e+00
==============================================================================================
Pass              LB             iUB             iHW       F time       B time    Wall time
Sim1000    -5.04416e+03    -1.19112e+03     8.75235e+02         0.00         0.00       124.91
==============================================================================================
