Hydro_R10_AR1_T24_N10_10_I10000_Time30_SP_MC_ES
Multicut: True
Dynamic Sampling: False
==============================================================================================
Pass              LB             iUB             iHW    Wall time           Other
==============================================================================================
   0 -1.00000391e+09             inf     0.00000e+00            0.02     0.00000e+00
  10 -1.20386485e+05             inf     0.00000e+00            2.58     0.00000e+00
  20 -1.20136965e+05             inf     0.00000e+00            5.45     0.00000e+00
  30 -1.20089035e+05             inf     0.00000e+00            8.70     0.00000e+00
  40 -1.20088481e+05             inf     0.00000e+00           12.37     0.00000e+00
  50 -1.20088481e+05             inf     0.00000e+00           16.36     0.00000e+00
  60 -1.20088481e+05             inf     0.00000e+00           20.80     0.00000e+00
  70 -1.20088481e+05             inf     0.00000e+00           25.62     0.00000e+00
  79 -1.20088481e+05             inf     0.00000e+00           30.36     0.00000e+00
Time profiling
           Pass        # LPs        setup      simplex       output   cut update      cut gen        other        total
        Forward         1920         0.30         0.33         0.09         0.00         0.00         0.21         0.93
       Backward        18170         3.10         2.39        12.53         0.04        11.02         0.35        29.42
==============================================================================================
Pass              LB             iUB             iHW       F time       B time    Wall time
Sim500    -1.20088e+05    -1.20692e+05     3.19255e+02         0.00         0.00        55.53
==============================================================================================
Mean:   	-120692.25
Median: 	-121077.87
SD:     	   3569.38
20-80: 	(-123784.94, -117933.23)
10-90: 	(-124828.78, -115914.19)
05-95: 	(-125879.43, -114354.18)
