Hydro_R2_AR1_T12_N5_15_I10000_Time300_DW_DUAL_MC_DS_0.0008_None
Multicut: True
Dynamic Sampling: True
==============================================================================================
Pass              LB             iUB             iHW    Wall time           Other
==============================================================================================
   0 -1.00000858e+08             inf     0.00000e+00            0.01     0.00000e+00
  10 -5.06979999e+03             inf     0.00000e+00            0.70     0.00000e+00
  20 -5.06113337e+03             inf     0.00000e+00            1.82     0.00000e+00
  30 -5.05859027e+03             inf     0.00000e+00            3.15     0.00000e+00
  40 -5.05662003e+03             inf     0.00000e+00            4.76     0.00000e+00
  50 -5.05639506e+03             inf     0.00000e+00            6.70     0.00000e+00
  60 -5.05626681e+03             inf     0.00000e+00            8.89     0.00000e+00
  70 -5.05623671e+03             inf     0.00000e+00           11.32     0.00000e+00
  80 -5.05599885e+03             inf     0.00000e+00           14.06     0.00000e+00
  90 -5.05597446e+03             inf     0.00000e+00           17.18     0.00000e+00
 100 -5.05581707e+03             inf     0.00000e+00           20.53     0.00000e+00
 110 -5.05542817e+03             inf     0.00000e+00           24.23     0.00000e+00
 120 -5.05529339e+03             inf     0.00000e+00           28.16     0.00000e+00
 130 -5.05527957e+03             inf     0.00000e+00           32.44     0.00000e+00
 140 -5.05525285e+03             inf     0.00000e+00           37.29     0.00000e+00
 150 -5.05524677e+03             inf     0.00000e+00           42.52     0.00000e+00
 160 -5.05524207e+03             inf     0.00000e+00           48.23     0.00000e+00
 170 -5.05518951e+03             inf     0.00000e+00           54.40     0.00000e+00
 180 -5.05515462e+03             inf     0.00000e+00           60.91     0.00000e+00
 190 -5.05503720e+03             inf     0.00000e+00           67.93     0.00000e+00
 200 -5.05500045e+03             inf     0.00000e+00           75.43     0.00000e+00
 210 -5.05499342e+03             inf     0.00000e+00           83.23     0.00000e+00
 220 -5.05499086e+03             inf     0.00000e+00           91.52     0.00000e+00
 230 -5.05498981e+03             inf     0.00000e+00          100.28     0.00000e+00
 240 -5.05498912e+03             inf     0.00000e+00          109.58     0.00000e+00
 250 -5.05498768e+03             inf     0.00000e+00          119.40     0.00000e+00
 260 -5.05498736e+03             inf     0.00000e+00          129.59     0.00000e+00
 270 -5.05498490e+03             inf     0.00000e+00          140.42     0.00000e+00
 280 -5.05495959e+03             inf     0.00000e+00          151.67     0.00000e+00
 290 -5.05495749e+03             inf     0.00000e+00          163.56     0.00000e+00
 300 -5.05492472e+03             inf     0.00000e+00          176.07     0.00000e+00
 310 -5.05492148e+03             inf     0.00000e+00          189.10     0.00000e+00
 320 -5.05491940e+03             inf     0.00000e+00          202.85     0.00000e+00
 330 -5.05491563e+03             inf     0.00000e+00          216.83     0.00000e+00
 340 -5.05491328e+03             inf     0.00000e+00          231.53     0.00000e+00
 350 -5.05491174e+03             inf     0.00000e+00          246.68     0.00000e+00
 360 -5.05491018e+03             inf     0.00000e+00          262.18     0.00000e+00
 370 -5.05484945e+03             inf     0.00000e+00          278.20     0.00000e+00
 380 -5.05482930e+03             inf     0.00000e+00          294.72     0.00000e+00
 384 -5.05482924e+03             inf     0.00000e+00          301.56     0.00000e+00
==============================================================================================
Pass              LB             iUB             iHW       F time       B time    Wall time
Sim1000    -5.05483e+03    -1.86066e+03     8.63248e+02         0.00         0.00       327.02
==============================================================================================
