Hydro_R10_AR1_T12_N10_10_I101000_Time20_PhiVar_DUAL_MC_ES_0.1000000_None
Multicut: True
Dynamic Sampling: False
==============================================================================================
Pass              LB             iUB             iHW    Wall time           Other
==============================================================================================
   0 -1.00006609e+08             inf     0.00000e+00            0.01     0.00000e+00
  10 -8.03735063e+04             inf     0.00000e+00            0.96     0.00000e+00
  20 -8.00566179e+04             inf     0.00000e+00            2.07     0.00000e+00
  30 -8.00005944e+04             inf     0.00000e+00            3.38     0.00000e+00
  40 -7.99522211e+04             inf     0.00000e+00            4.96     0.00000e+00
  50 -7.99241982e+04             inf     0.00000e+00            6.67     0.00000e+00
  60 -7.99053883e+04             inf     0.00000e+00            8.56     0.00000e+00
  70 -7.98925659e+04             inf     0.00000e+00           10.67     0.00000e+00
  80 -7.98811639e+04             inf     0.00000e+00           13.13     0.00000e+00
  90 -7.98749917e+04             inf     0.00000e+00           15.86     0.00000e+00
 100 -7.98705710e+04             inf     0.00000e+00           18.76     0.00000e+00
 105 -7.98689709e+04             inf     0.00000e+00           20.26     0.00000e+00
==============================================================================================
Pass              LB             iUB             iHW       F time       B time    Wall time
Sim1000    -7.98690e+04    -7.72005e+04     4.22022e+02         0.00         0.00        44.90
==============================================================================================
Mean:   	 -77200.49
Median: 	 -79292.11
SD:     	   6672.76
20-80: 	( -82279.09,  -73080.55)
10-90: 	( -83110.47,  -68385.14)
05-95: 	( -83577.61,  -64228.01)
