Hydro_R10_AR1_T24_N30_30_I10000_Time20_DW_DUAL_MC_ES_2.0000000_None
Multicut: True
Dynamic Sampling: False
==============================================================================================
Pass              LB             iUB             iHW    Wall time           Other
==============================================================================================
   0 -1.00003909e+08             inf     0.00000e+00            0.07     0.00000e+00
  10  1.71420035e+04             inf     0.00000e+00            7.85     0.00000e+00
  20  1.81281516e+04             inf     0.00000e+00           20.52     0.00000e+00
Time profiling
           Pass        # LPs        setup      simplex       output   cut update      cut gen        other        total
        Forward          504         0.08         0.64         0.03         0.00         0.00         0.04         0.79
       Backward        13800         2.29         7.99         7.51         0.04         1.66         0.23        19.73
==============================================================================================
Pass              LB             iUB             iHW       F time       B time    Wall time
Sim100     1.81282e+04     1.80552e+03     2.16011e+03         0.00         0.00        26.76
==============================================================================================
Mean:   	   1805.52
Median: 	    853.24
SD:     	  10800.57
20-80: 	(  -7518.11,   11679.88)
10-90: 	( -11922.59,   15023.55)
05-95: 	( -13515.16,   19219.62)
