Hydro_R10_AR1_T12_N5_15_I101000_Time50_DW_DUAL_MC_DS_0.1000_cube
Multicut: True
Dynamic Sampling: True
==============================================================================================
Pass              LB             iUB             iHW    Wall time           Other
==============================================================================================
   0 -1.00006458e+08             inf     0.00000e+00            0.01     0.00000e+00
  10 -6.02458564e+04             inf     0.00000e+00            1.33     0.00000e+00
  20 -6.00535111e+04             inf     0.00000e+00            3.25     0.00000e+00
  30 -6.00117785e+04             inf     0.00000e+00            5.78     0.00000e+00
  40 -5.99900381e+04             inf     0.00000e+00            8.86     0.00000e+00
  50 -5.99754458e+04             inf     0.00000e+00           12.50     0.00000e+00
  60 -5.99659649e+04             inf     0.00000e+00           16.69     0.00000e+00
  70 -5.99560203e+04             inf     0.00000e+00           21.65     0.00000e+00
  80 -5.99513804e+04             inf     0.00000e+00           27.26     0.00000e+00
  90 -5.99476821e+04             inf     0.00000e+00           33.81     0.00000e+00
 100 -5.99445302e+04             inf     0.00000e+00           41.50     0.00000e+00
 110 -5.99418087e+04             inf     0.00000e+00           49.50     0.00000e+00
 111 -5.99412848e+04             inf     0.00000e+00           50.35     0.00000e+00
==============================================================================================
Pass              LB             iUB             iHW       F time       B time    Wall time
Sim1000    -5.99413e+04    -4.78444e+04     2.22005e+03         0.00         0.00        88.41
==============================================================================================
