Hydro_R10_AR1_T12_N5_5_I10000_Time20_DW_DUAL_MC_DS_0.6000000_None
Multicut: True
Dynamic Sampling: True
==============================================================================================
Pass              LB             iUB             iHW    Wall time           Other
==============================================================================================
   0 -1.00004104e+08             inf     0.00000e+00            0.01     0.00000e+00
  10 -3.41181795e+04             inf     0.00000e+00            0.59     0.00000e+00
  20 -3.40425302e+04             inf     0.00000e+00            1.21     0.00000e+00
  30 -3.40260952e+04             inf     0.00000e+00            1.88     0.00000e+00
  40 -3.40167079e+04             inf     0.00000e+00            2.58     0.00000e+00
  50 -3.40144632e+04             inf     0.00000e+00            3.35     0.00000e+00
  60 -3.40115699e+04             inf     0.00000e+00            4.34     0.00000e+00
  70 -3.40093497e+04             inf     0.00000e+00            5.42     0.00000e+00
  80 -3.40083198e+04             inf     0.00000e+00            6.52     0.00000e+00
  90 -3.40074087e+04             inf     0.00000e+00            7.92     0.00000e+00
 100 -3.40068335e+04             inf     0.00000e+00            9.23     0.00000e+00
 110 -3.40062483e+04             inf     0.00000e+00           10.46     0.00000e+00
 120 -3.40057333e+04             inf     0.00000e+00           11.95     0.00000e+00
 130 -3.40054410e+04             inf     0.00000e+00           13.67     0.00000e+00
 140 -3.40051365e+04             inf     0.00000e+00           15.20     0.00000e+00
 150 -3.40049294e+04             inf     0.00000e+00           16.77     0.00000e+00
 160 -3.40046960e+04             inf     0.00000e+00           18.43     0.00000e+00
 169 -3.40044443e+04             inf     0.00000e+00           20.04     0.00000e+00
Time profiling
           Pass        # LPs        setup      simplex       output   cut update      cut gen        other        total
        Forward         2040         0.40         1.18         0.14         0.01         0.00         0.49         2.22
       Backward         9295         2.11         5.21         8.38         0.03         1.80         0.29        17.82
==============================================================================================
Pass              LB             iUB             iHW       F time       B time    Wall time
Sim500    -3.40044e+04    -3.45335e+04     2.04690e+02         0.00         0.00        32.30
==============================================================================================
Mean:   	 -34533.45
Median: 	 -34485.22
SD:     	   2288.50
20-80: 	( -36296.69,  -32692.41)
10-90: 	( -37379.33,  -31607.14)
05-95: 	( -38379.68,  -30851.99)
