Hydro_R2_AR1_T12_N5_30_I10000_Time100_DW_DUAL_MC_DS_80.0000_cvx_hull
Multicut: True
Dynamic Sampling: True
==============================================================================================
Pass              LB             iUB             iHW    Wall time           Other
==============================================================================================
   0 -1.00000858e+08             inf     0.00000e+00            0.01     0.00000e+00
  10 -3.29336880e+03             inf     0.00000e+00            1.94     0.00000e+00
  20 -3.29336880e+03             inf     0.00000e+00            5.26     0.00000e+00
  30 -3.29336880e+03             inf     0.00000e+00           10.08     0.00000e+00
  40 -3.29336880e+03             inf     0.00000e+00           16.47     0.00000e+00
  50 -3.29336880e+03             inf     0.00000e+00           25.06     0.00000e+00
  60 -3.29336880e+03             inf     0.00000e+00           34.88     0.00000e+00
  70 -3.29336880e+03             inf     0.00000e+00           47.65     0.00000e+00
  80 -3.29336880e+03             inf     0.00000e+00           64.00     0.00000e+00
  90 -3.29336880e+03             inf     0.00000e+00           81.01     0.00000e+00
  99 -3.29336880e+03             inf     0.00000e+00          100.13     0.00000e+00
==============================================================================================
Pass              LB             iUB             iHW       F time       B time    Wall time
Sim1000    -3.29337e+03     3.71994e+02     9.88915e+02         0.00         0.00       122.15
==============================================================================================
