Hydro_R2_AR1_T12_N5_30_I10000_Time100_DW_DUAL_MC_DS_0.1000_None
Multicut: True
Dynamic Sampling: True
==============================================================================================
Pass              LB             iUB             iHW    Wall time           Other
==============================================================================================
   0 -1.00000858e+08             inf     0.00000e+00            0.01     0.00000e+00
  10 -5.01351461e+03             inf     0.00000e+00            1.86     0.00000e+00
  20 -5.00778184e+03             inf     0.00000e+00            5.26     0.00000e+00
  30 -5.00478236e+03             inf     0.00000e+00            9.75     0.00000e+00
  40 -5.00315077e+03             inf     0.00000e+00           15.23     0.00000e+00
  50 -5.00291509e+03             inf     0.00000e+00           21.90     0.00000e+00
  60 -5.00276547e+03             inf     0.00000e+00           30.74     0.00000e+00
  70 -5.00273007e+03             inf     0.00000e+00           48.86     0.00000e+00
  80 -5.00257239e+03             inf     0.00000e+00           67.36     0.00000e+00
  90 -5.00255537e+03             inf     0.00000e+00           86.81     0.00000e+00
  99 -5.00252073e+03             inf     0.00000e+00          100.29     0.00000e+00
==============================================================================================
Pass              LB             iUB             iHW       F time       B time    Wall time
Sim1000    -5.00252e+03    -3.01600e+03     8.23040e+02         0.00         0.00       120.12
==============================================================================================
