Hydro_R10_AR1_T12_N10_I101000ESS_DUAL_MC_DW_20.000000_DS
Multicut: True
Dynamic Sampling: True
==============================================================================================
Pass              LB             iUB             iHW    Wall time           Other
==============================================================================================
   0 -1.00006458e+08             inf     0.00000e+00            0.01     0.00000e+00
  10 -5.21247819e+04             inf     0.00000e+00            0.91     0.00000e+00
  20 -5.19433861e+04             inf     0.00000e+00            1.93     0.00000e+00
  30 -5.19112799e+04             inf     0.00000e+00            3.19     0.00000e+00
  40 -5.18678051e+04             inf     0.00000e+00            4.47     0.00000e+00
  50 -5.18587974e+04             inf     0.00000e+00            5.96     0.00000e+00
  60 -5.18498658e+04             inf     0.00000e+00            7.62     0.00000e+00
  70 -5.18462403e+04             inf     0.00000e+00            9.44     0.00000e+00
  80 -5.18423994e+04             inf     0.00000e+00           11.47     0.00000e+00
  90 -5.18396859e+04             inf     0.00000e+00           13.63     0.00000e+00
 100 -5.18373299e+04             inf     0.00000e+00           15.98     0.00000e+00
 110 -5.18354114e+04             inf     0.00000e+00           18.54     0.00000e+00
 120 -5.18343058e+04             inf     0.00000e+00           21.20     0.00000e+00
 130 -5.18318855e+04             inf     0.00000e+00           24.09     0.00000e+00
 140 -5.18301473e+04             inf     0.00000e+00           27.40     0.00000e+00
 150 -5.18292361e+04             inf     0.00000e+00           31.08     0.00000e+00
 160 -5.18283018e+04             inf     0.00000e+00           35.12     0.00000e+00
 170 -5.18279772e+04             inf     0.00000e+00           39.19     0.00000e+00
 180 -5.18276468e+04             inf     0.00000e+00           43.53     0.00000e+00
 190 -5.18270582e+04             inf     0.00000e+00           48.08     0.00000e+00
 200 -5.18262832e+04             inf     0.00000e+00           52.97     0.00000e+00
 210 -5.18256557e+04             inf     0.00000e+00           58.13     0.00000e+00
 220 -5.18252790e+04             inf     0.00000e+00           63.54     0.00000e+00
 230 -5.18245975e+04             inf     0.00000e+00           69.39     0.00000e+00
 240 -5.18243768e+04             inf     0.00000e+00           75.45     0.00000e+00
 250 -5.18239783e+04             inf     0.00000e+00           81.84     0.00000e+00
 260 -5.18236250e+04             inf     0.00000e+00           88.53     0.00000e+00
 270 -5.18232565e+04             inf     0.00000e+00           95.62     0.00000e+00
 280 -5.18228456e+04             inf     0.00000e+00          102.89     0.00000e+00
 290 -5.18226386e+04             inf     0.00000e+00          110.50     0.00000e+00
 300 -5.18221701e+04             inf     0.00000e+00          117.91     0.00000e+00
 310 -5.18220241e+04             inf     0.00000e+00          126.07     0.00000e+00
 320 -5.18218613e+04             inf     0.00000e+00          134.57     0.00000e+00
 330 -5.18216487e+04             inf     0.00000e+00          143.37     0.00000e+00
 340 -5.18213510e+04             inf     0.00000e+00          152.44     0.00000e+00
 350 -5.18211665e+04             inf     0.00000e+00          161.76     0.00000e+00
 360 -5.18210094e+04             inf     0.00000e+00          171.28     0.00000e+00
 370 -5.18208098e+04             inf     0.00000e+00          181.13     0.00000e+00
 380 -5.18206338e+04             inf     0.00000e+00          191.50     0.00000e+00
 390 -5.18204907e+04             inf     0.00000e+00          202.02     0.00000e+00
 400 -5.18202774e+04             inf     0.00000e+00          214.31     0.00000e+00
 410 -5.18201622e+04             inf     0.00000e+00          226.69     0.00000e+00
 420 -5.18200765e+04             inf     0.00000e+00          239.51     0.00000e+00
 430 -5.18199599e+04             inf     0.00000e+00          251.21     0.00000e+00
 440 -5.18197690e+04             inf     0.00000e+00          263.55     0.00000e+00
 450 -5.18196074e+04             inf     0.00000e+00          276.69     0.00000e+00
 460 -5.18194652e+04             inf     0.00000e+00          289.21     0.00000e+00
 469 -5.18193806e+04             inf     0.00000e+00          300.60     0.00000e+00
==============================================================================================
Pass              LB             iUB             iHW       F time       B time    Wall time
Sim1000    -5.18194e+04    -5.26425e+04     1.58092e+03         0.00         0.00       351.13
==============================================================================================
