Hydro_R10_AR1_T24_N10_10_I10000_Time30_DW_DUAL_MC_ES_3.0000000_None
Multicut: True
Dynamic Sampling: False
==============================================================================================
Pass              LB             iUB             iHW    Wall time           Other
==============================================================================================
   0 -1.00003909e+08             inf     0.00000e+00            0.02     0.00000e+00
  10 -1.17030454e+05             inf     0.00000e+00            1.68     0.00000e+00
  20 -1.16201426e+05             inf     0.00000e+00            3.80     0.00000e+00
  30 -1.16050992e+05             inf     0.00000e+00            6.55     0.00000e+00
  40 -1.15997337e+05             inf     0.00000e+00            9.82     0.00000e+00
  50 -1.15927885e+05             inf     0.00000e+00           13.71     0.00000e+00
  60 -1.15898904e+05             inf     0.00000e+00           18.53     0.00000e+00
  70 -1.15871694e+05             inf     0.00000e+00           23.74     0.00000e+00
  80 -1.15861153e+05             inf     0.00000e+00           29.63     0.00000e+00
  81 -1.15857742e+05             inf     0.00000e+00           30.31     0.00000e+00
Time profiling
           Pass        # LPs        setup      simplex       output   cut update      cut gen        other        total
        Forward         1968         0.33         1.32         0.11         0.01         0.00         0.17         1.94
       Backward        18630         3.30         8.95        13.16         0.05         2.53         0.38        28.37
==============================================================================================
Pass              LB             iUB             iHW       F time       B time    Wall time
Sim100    -1.15858e+05    -1.21287e+05     6.63793e+02         0.00         0.00        36.48
==============================================================================================
Mean:   	-121287.05
Median: 	-121643.56
SD:     	   3318.96
20-80: 	(-124232.87, -118594.21)
10-90: 	(-125252.91, -116671.35)
05-95: 	(-126014.76, -116006.10)
