Hydro_R2_AR1_T12_N5_15_I10000_Time300_DW_DUAL_MC_DS_0.0000_cvx_hull
Multicut: True
Dynamic Sampling: True
==============================================================================================
Pass              LB             iUB             iHW    Wall time           Other
==============================================================================================
   0 -1.00000858e+08             inf     0.00000e+00            0.01     0.00000e+00
  10 -5.07556003e+03             inf     0.00000e+00            0.69     0.00000e+00
  20 -5.06461314e+03             inf     0.00000e+00            2.22     0.00000e+00
  30 -5.06360260e+03             inf     0.00000e+00            3.78     0.00000e+00
  40 -5.06116124e+03             inf     0.00000e+00            5.79     0.00000e+00
  50 -5.06097995e+03             inf     0.00000e+00            8.19     0.00000e+00
  60 -5.06094448e+03             inf     0.00000e+00           11.09     0.00000e+00
  70 -5.06092644e+03             inf     0.00000e+00           14.83     0.00000e+00
  80 -5.06068451e+03             inf     0.00000e+00           19.14     0.00000e+00
  90 -5.06065709e+03             inf     0.00000e+00           24.45     0.00000e+00
 100 -5.06049898e+03             inf     0.00000e+00           29.41     0.00000e+00
 110 -5.05993310e+03             inf     0.00000e+00           35.46     0.00000e+00
 120 -5.05976472e+03             inf     0.00000e+00           41.94     0.00000e+00
 130 -5.05975187e+03             inf     0.00000e+00           48.69     0.00000e+00
 140 -5.05953439e+03             inf     0.00000e+00           57.17     0.00000e+00
 150 -5.05952776e+03             inf     0.00000e+00           66.96     0.00000e+00
 160 -5.05952302e+03             inf     0.00000e+00           80.98     0.00000e+00
 170 -5.05945657e+03             inf     0.00000e+00           90.59     0.00000e+00
 180 -5.05943150e+03             inf     0.00000e+00          100.06     0.00000e+00
 190 -5.05931139e+03             inf     0.00000e+00          110.21     0.00000e+00
 200 -5.05927857e+03             inf     0.00000e+00          121.08     0.00000e+00
 210 -5.05927387e+03             inf     0.00000e+00          132.70     0.00000e+00
 220 -5.05927220e+03             inf     0.00000e+00          145.15     0.00000e+00
 230 -5.05926993e+03             inf     0.00000e+00          158.54     0.00000e+00
 240 -5.05926893e+03             inf     0.00000e+00          172.36     0.00000e+00
 250 -5.05926787e+03             inf     0.00000e+00          185.28     0.00000e+00
 260 -5.05926701e+03             inf     0.00000e+00          200.64     0.00000e+00
 270 -5.05926241e+03             inf     0.00000e+00          216.79     0.00000e+00
 280 -5.05923314e+03             inf     0.00000e+00          233.53     0.00000e+00
 290 -5.05923222e+03             inf     0.00000e+00          250.90     0.00000e+00
 300 -5.05919025e+03             inf     0.00000e+00          267.88     0.00000e+00
 310 -5.05918596e+03             inf     0.00000e+00          286.92     0.00000e+00
 318 -5.05918480e+03             inf     0.00000e+00          301.17     0.00000e+00
==============================================================================================
Pass              LB             iUB             iHW       F time       B time    Wall time
Sim1000    -5.05918e+03     7.75255e+00     9.39761e+02         0.00         0.00       328.78
==============================================================================================
