Hydro_R2_AR1_T12_N5_15_I10000_Time300_DW_DUAL_MC_DS_0.0005_cube
Multicut: True
Dynamic Sampling: True
==============================================================================================
Pass              LB             iUB             iHW    Wall time           Other
==============================================================================================
   0 -1.00000858e+08             inf     0.00000e+00            0.01     0.00000e+00
  10 -5.07474667e+03             inf     0.00000e+00            0.71     0.00000e+00
  20 -5.06356849e+03             inf     0.00000e+00            1.85     0.00000e+00
  30 -5.06255937e+03             inf     0.00000e+00            3.51     0.00000e+00
  40 -5.06021165e+03             inf     0.00000e+00            5.66     0.00000e+00
  50 -5.06003334e+03             inf     0.00000e+00            7.90     0.00000e+00
  60 -5.06000057e+03             inf     0.00000e+00           10.52     0.00000e+00
  70 -5.05998228e+03             inf     0.00000e+00           13.62     0.00000e+00
  80 -5.05972413e+03             inf     0.00000e+00           17.15     0.00000e+00
  90 -5.05969130e+03             inf     0.00000e+00           21.04     0.00000e+00
 100 -5.05950562e+03             inf     0.00000e+00           25.29     0.00000e+00
 110 -5.05891660e+03             inf     0.00000e+00           30.23     0.00000e+00
 120 -5.05878277e+03             inf     0.00000e+00           35.70     0.00000e+00
 130 -5.05876989e+03             inf     0.00000e+00           41.71     0.00000e+00
 140 -5.05851638e+03             inf     0.00000e+00           48.36     0.00000e+00
 150 -5.05850964e+03             inf     0.00000e+00           55.50     0.00000e+00
 160 -5.05850492e+03             inf     0.00000e+00           63.31     0.00000e+00
 170 -5.05842878e+03             inf     0.00000e+00           71.58     0.00000e+00
 180 -5.05839653e+03             inf     0.00000e+00           80.48     0.00000e+00
 190 -5.05827107e+03             inf     0.00000e+00           90.02     0.00000e+00
 200 -5.05823544e+03             inf     0.00000e+00          100.27     0.00000e+00
 210 -5.05822977e+03             inf     0.00000e+00          111.38     0.00000e+00
 220 -5.05822712e+03             inf     0.00000e+00          122.91     0.00000e+00
 230 -5.05822436e+03             inf     0.00000e+00          135.35     0.00000e+00
 240 -5.05822240e+03             inf     0.00000e+00          148.45     0.00000e+00
 250 -5.05822129e+03             inf     0.00000e+00          162.21     0.00000e+00
 260 -5.05821942e+03             inf     0.00000e+00          176.55     0.00000e+00
 270 -5.05821708e+03             inf     0.00000e+00          191.64     0.00000e+00
 280 -5.05817819e+03             inf     0.00000e+00          207.32     0.00000e+00
 290 -5.05817628e+03             inf     0.00000e+00          223.57     0.00000e+00
 300 -5.05814995e+03             inf     0.00000e+00          240.54     0.00000e+00
 310 -5.05814755e+03             inf     0.00000e+00          256.18     0.00000e+00
 320 -5.05814367e+03             inf     0.00000e+00          274.52     0.00000e+00
 330 -5.05813738e+03             inf     0.00000e+00          293.68     0.00000e+00
 334 -5.05813639e+03             inf     0.00000e+00          301.58     0.00000e+00
==============================================================================================
Pass              LB             iUB             iHW       F time       B time    Wall time
Sim1000    -5.05814e+03    -1.18471e+03     8.75306e+02         0.00         0.00       328.41
==============================================================================================
