Hydro_R2_AR1_T12_N5_15_I10000_Time300_DW_DUAL_MC_DS_8.0000_cvx_hull
Multicut: True
Dynamic Sampling: True
==============================================================================================
Pass              LB             iUB             iHW    Wall time           Other
==============================================================================================
   0 -1.00000858e+08             inf     0.00000e+00            0.02     0.00000e+00
  10 -3.29336880e+03             inf     0.00000e+00            0.75     0.00000e+00
  20 -3.29336880e+03             inf     0.00000e+00            2.01     0.00000e+00
  30 -3.29336880e+03             inf     0.00000e+00            3.40     0.00000e+00
  40 -3.29336880e+03             inf     0.00000e+00            5.27     0.00000e+00
  50 -3.29336880e+03             inf     0.00000e+00            7.36     0.00000e+00
  60 -3.29336880e+03             inf     0.00000e+00            9.78     0.00000e+00
  70 -3.29336880e+03             inf     0.00000e+00           12.69     0.00000e+00
  80 -3.29336880e+03             inf     0.00000e+00           15.99     0.00000e+00
  90 -3.29336880e+03             inf     0.00000e+00           19.75     0.00000e+00
 100 -3.29336880e+03             inf     0.00000e+00           23.97     0.00000e+00
 110 -3.29336880e+03             inf     0.00000e+00           28.60     0.00000e+00
 120 -3.29336880e+03             inf     0.00000e+00           33.69     0.00000e+00
 130 -3.29336880e+03             inf     0.00000e+00           39.21     0.00000e+00
 140 -3.29336880e+03             inf     0.00000e+00           45.26     0.00000e+00
 150 -3.29336880e+03             inf     0.00000e+00           51.44     0.00000e+00
 160 -3.29336880e+03             inf     0.00000e+00           58.47     0.00000e+00
 170 -3.29336880e+03             inf     0.00000e+00           66.93     0.00000e+00
 180 -3.29336880e+03             inf     0.00000e+00           75.00     0.00000e+00
 190 -3.29336880e+03             inf     0.00000e+00           83.51     0.00000e+00
 200 -3.29336880e+03             inf     0.00000e+00           92.63     0.00000e+00
 210 -3.29336880e+03             inf     0.00000e+00          102.22     0.00000e+00
 220 -3.29336880e+03             inf     0.00000e+00          112.32     0.00000e+00
 230 -3.29336880e+03             inf     0.00000e+00          123.19     0.00000e+00
 240 -3.29336880e+03             inf     0.00000e+00          134.53     0.00000e+00
 250 -3.29336880e+03             inf     0.00000e+00          146.44     0.00000e+00
 260 -3.29336880e+03             inf     0.00000e+00          158.90     0.00000e+00
 270 -3.29336880e+03             inf     0.00000e+00          171.78     0.00000e+00
 280 -3.29336880e+03             inf     0.00000e+00          185.37     0.00000e+00
 290 -3.29336880e+03             inf     0.00000e+00          199.50     0.00000e+00
 300 -3.29336880e+03             inf     0.00000e+00          214.32     0.00000e+00
 310 -3.29336880e+03             inf     0.00000e+00          229.65     0.00000e+00
 320 -3.29336880e+03             inf     0.00000e+00          246.15     0.00000e+00
 330 -3.29336880e+03             inf     0.00000e+00          270.47     0.00000e+00
 340 -3.29336880e+03             inf     0.00000e+00          290.43     0.00000e+00
 345 -3.29336880e+03             inf     0.00000e+00          302.28     0.00000e+00
==============================================================================================
Pass              LB             iUB             iHW       F time       B time    Wall time
Sim1000    -3.29337e+03     3.38386e+02     9.87724e+02         0.00         0.00       327.11
==============================================================================================
