Hydro_R2_AR1_T12_N6_36_I10000_Time100_DW_DUAL_MC_DS_5.0000_cvx_hull2
Multicut: True
Dynamic Sampling: True
==============================================================================================
Pass              LB             iUB             iHW    Wall time           Other
==============================================================================================
   0 -1.00000858e+08             inf     0.00000e+00            0.01     0.00000e+00
  10 -2.43678120e+03             inf     0.00000e+00            2.69     0.00000e+00
  20 -2.43624347e+03             inf     0.00000e+00            7.32     0.00000e+00
  30 -2.43535091e+03             inf     0.00000e+00           14.74     0.00000e+00
  40 -2.43523188e+03             inf     0.00000e+00           23.35     0.00000e+00
  50 -2.43522949e+03             inf     0.00000e+00           34.15     0.00000e+00
  60 -2.43522182e+03             inf     0.00000e+00           47.28     0.00000e+00
  70 -2.43521744e+03             inf     0.00000e+00           63.93     0.00000e+00
  80 -2.43521742e+03             inf     0.00000e+00           80.10     0.00000e+00
  90 -2.43521643e+03             inf     0.00000e+00          100.16     0.00000e+00
==============================================================================================
Pass              LB             iUB             iHW       F time       B time    Wall time
Sim1000    -2.43522e+03    -3.28606e+03     3.70434e+02         0.00         0.00       119.74
==============================================================================================
