Hydro_R10_AR1_T12_N10_10_I10000_Time20_DW_DUAL_MC_DS_7.0000000_None
Multicut: True
Dynamic Sampling: True
==============================================================================================
Pass              LB             iUB             iHW    Wall time           Other
==============================================================================================
   0 -1.00004104e+08             inf     0.00000e+00            0.01     0.00000e+00
  10 -2.85140866e+04             inf     0.00000e+00            0.76     0.00000e+00
  20 -2.83984759e+04             inf     0.00000e+00            1.73     0.00000e+00
  30 -2.83871451e+04             inf     0.00000e+00            2.81     0.00000e+00
  40 -2.83843353e+04             inf     0.00000e+00            4.15     0.00000e+00
  50 -2.83830181e+04             inf     0.00000e+00            5.65     0.00000e+00
  60 -2.83814122e+04             inf     0.00000e+00            7.31     0.00000e+00
  70 -2.83810102e+04             inf     0.00000e+00            9.05     0.00000e+00
  80 -2.83804802e+04             inf     0.00000e+00           10.95     0.00000e+00
  90 -2.83796709e+04             inf     0.00000e+00           13.02     0.00000e+00
 100 -2.83794995e+04             inf     0.00000e+00           15.31     0.00000e+00
 110 -2.83791991e+04             inf     0.00000e+00           17.81     0.00000e+00
 119 -2.83790939e+04             inf     0.00000e+00           20.18     0.00000e+00
Time profiling
           Pass        # LPs        setup      simplex       output   cut update      cut gen        other        total
        Forward         1440         0.22         0.77         0.08         0.00         0.00         0.47         1.54
       Backward        13090         2.16         5.79         8.69         0.03         1.69         0.28        18.63
==============================================================================================
Pass              LB             iUB             iHW       F time       B time    Wall time
Sim500    -2.83791e+04    -3.39414e+04     1.85470e+02         0.00         0.00        31.38
==============================================================================================
Mean:   	 -33941.42
Median: 	 -33837.97
SD:     	   2073.61
20-80: 	( -35612.95,  -32191.64)
10-90: 	( -36537.29,  -31402.13)
05-95: 	( -37397.40,  -30708.84)
