Hydro_R2_AR1_T12_N5_15_I10000_Time300_DW_DUAL_MC_DS_0.0300_cvx_hull
Multicut: True
Dynamic Sampling: True
==============================================================================================
Pass              LB             iUB             iHW    Wall time           Other
==============================================================================================
   0 -1.00000858e+08             inf     0.00000e+00            0.02     0.00000e+00
  10 -5.05515729e+03             inf     0.00000e+00            1.44     0.00000e+00
  20 -5.05094458e+03             inf     0.00000e+00            3.53     0.00000e+00
  30 -5.04844523e+03             inf     0.00000e+00            6.35     0.00000e+00
  40 -5.04604779e+03             inf     0.00000e+00            9.86     0.00000e+00
  50 -5.04574484e+03             inf     0.00000e+00           13.11     0.00000e+00
  60 -5.04560078e+03             inf     0.00000e+00           16.73     0.00000e+00
  70 -5.04557171e+03             inf     0.00000e+00           21.60     0.00000e+00
  80 -5.04535380e+03             inf     0.00000e+00           26.50     0.00000e+00
  90 -5.04531045e+03             inf     0.00000e+00           32.53     0.00000e+00
 100 -5.04512979e+03             inf     0.00000e+00           39.51     0.00000e+00
 110 -5.04444623e+03             inf     0.00000e+00           46.54     0.00000e+00
 120 -5.04429340e+03             inf     0.00000e+00           54.78     0.00000e+00
 130 -5.04428564e+03             inf     0.00000e+00           64.74     0.00000e+00
 140 -5.04406065e+03             inf     0.00000e+00           74.78     0.00000e+00
 150 -5.04404064e+03             inf     0.00000e+00           85.90     0.00000e+00
 160 -5.04402434e+03             inf     0.00000e+00           97.30     0.00000e+00
 170 -5.04389417e+03             inf     0.00000e+00          108.38     0.00000e+00
 180 -5.04384007e+03             inf     0.00000e+00          118.15     0.00000e+00
 190 -5.04371610e+03             inf     0.00000e+00          128.41     0.00000e+00
 200 -5.04367257e+03             inf     0.00000e+00          141.26     0.00000e+00
 210 -5.04366861e+03             inf     0.00000e+00          152.69     0.00000e+00
 220 -5.04366735e+03             inf     0.00000e+00          165.29     0.00000e+00
 230 -5.04366386e+03             inf     0.00000e+00          177.97     0.00000e+00
 240 -5.04366270e+03             inf     0.00000e+00          191.50     0.00000e+00
 250 -5.04366187e+03             inf     0.00000e+00          205.34     0.00000e+00
 260 -5.04365899e+03             inf     0.00000e+00          220.03     0.00000e+00
 270 -5.04365560e+03             inf     0.00000e+00          236.01     0.00000e+00
 280 -5.04362054e+03             inf     0.00000e+00          253.26     0.00000e+00
 290 -5.04361984e+03             inf     0.00000e+00          272.77     0.00000e+00
 300 -5.04357489e+03             inf     0.00000e+00          295.08     0.00000e+00
 303 -5.04357043e+03             inf     0.00000e+00          301.51     0.00000e+00
==============================================================================================
Pass              LB             iUB             iHW       F time       B time    Wall time
Sim1000    -5.04357e+03     8.25828e+00     9.39785e+02         0.00         0.00       334.50
==============================================================================================
