Hydro_R2_AR1_T12_N5_15_I10000_Time300_DW_DUAL_MC_DS_8.0000_None
Multicut: True
Dynamic Sampling: True
==============================================================================================
Pass              LB             iUB             iHW    Wall time           Other
==============================================================================================
   0 -1.00000858e+08             inf     0.00000e+00            0.01     0.00000e+00
  10 -1.98294035e+03             inf     0.00000e+00            0.69     0.00000e+00
  20 -1.98294035e+03             inf     0.00000e+00            1.72     0.00000e+00
  30 -1.98294035e+03             inf     0.00000e+00            2.93     0.00000e+00
  40 -1.98294035e+03             inf     0.00000e+00            4.45     0.00000e+00
  50 -1.98294035e+03             inf     0.00000e+00            6.30     0.00000e+00
  60 -1.98294035e+03             inf     0.00000e+00            8.38     0.00000e+00
  70 -1.98294035e+03             inf     0.00000e+00           10.68     0.00000e+00
  80 -1.98294035e+03             inf     0.00000e+00           13.23     0.00000e+00
  90 -1.98294035e+03             inf     0.00000e+00           16.11     0.00000e+00
 100 -1.98294035e+03             inf     0.00000e+00           19.21     0.00000e+00
 110 -1.98294035e+03             inf     0.00000e+00           22.65     0.00000e+00
 120 -1.98294035e+03             inf     0.00000e+00           26.35     0.00000e+00
 130 -1.98294035e+03             inf     0.00000e+00           30.33     0.00000e+00
 140 -1.98294035e+03             inf     0.00000e+00           34.65     0.00000e+00
 150 -1.98294035e+03             inf     0.00000e+00           39.34     0.00000e+00
 160 -1.98294035e+03             inf     0.00000e+00           44.35     0.00000e+00
 170 -1.98294035e+03             inf     0.00000e+00           50.18     0.00000e+00
 180 -1.98294035e+03             inf     0.00000e+00           57.23     0.00000e+00
 190 -1.98294035e+03             inf     0.00000e+00           64.12     0.00000e+00
 200 -1.98294035e+03             inf     0.00000e+00           71.53     0.00000e+00
 210 -1.98294035e+03             inf     0.00000e+00           79.57     0.00000e+00
 220 -1.98294035e+03             inf     0.00000e+00           87.91     0.00000e+00
 230 -1.98294035e+03             inf     0.00000e+00           96.79     0.00000e+00
 240 -1.98294035e+03             inf     0.00000e+00          106.16     0.00000e+00
 250 -1.98294035e+03             inf     0.00000e+00          115.95     0.00000e+00
 260 -1.98294035e+03             inf     0.00000e+00          126.13     0.00000e+00
 270 -1.98294035e+03             inf     0.00000e+00          136.74     0.00000e+00
 280 -1.98294035e+03             inf     0.00000e+00          147.65     0.00000e+00
 290 -1.98294035e+03             inf     0.00000e+00          159.13     0.00000e+00
 300 -1.98294035e+03             inf     0.00000e+00          171.20     0.00000e+00
 310 -1.98294035e+03             inf     0.00000e+00          183.73     0.00000e+00
 320 -1.98294035e+03             inf     0.00000e+00          196.69     0.00000e+00
 330 -1.98294035e+03             inf     0.00000e+00          210.05     0.00000e+00
 340 -1.98294035e+03             inf     0.00000e+00          223.96     0.00000e+00
 350 -1.98294035e+03             inf     0.00000e+00          238.45     0.00000e+00
 360 -1.98294035e+03             inf     0.00000e+00          253.33     0.00000e+00
 370 -1.98294035e+03             inf     0.00000e+00          266.65     0.00000e+00
 380 -1.98294035e+03             inf     0.00000e+00          279.72     0.00000e+00
 390 -1.98294035e+03             inf     0.00000e+00          293.06     0.00000e+00
 395 -1.98294035e+03             inf     0.00000e+00          300.14     0.00000e+00
==============================================================================================
Pass              LB             iUB             iHW       F time       B time    Wall time
Sim1000    -1.98294e+03    -4.36457e+03     6.42307e+01         0.00         0.00       323.85
==============================================================================================
