Hydro_R2_AR1_T12_N5_30_I10000_Time100_DW_DUAL_MC_DS_0.5000_cvx_hull2
Multicut: True
Dynamic Sampling: True
==============================================================================================
Pass              LB             iUB             iHW    Wall time           Other
==============================================================================================
   0 -1.00000858e+08             inf     0.00000e+00            0.01     0.00000e+00
  10 -4.79450589e+03             inf     0.00000e+00            1.80     0.00000e+00
  20 -4.79180778e+03             inf     0.00000e+00            4.88     0.00000e+00
  30 -4.79100477e+03             inf     0.00000e+00            9.23     0.00000e+00
  40 -4.79003672e+03             inf     0.00000e+00           14.43     0.00000e+00
  50 -4.78989759e+03             inf     0.00000e+00           20.83     0.00000e+00
  60 -4.78984289e+03             inf     0.00000e+00           28.57     0.00000e+00
  70 -4.78981157e+03             inf     0.00000e+00           37.78     0.00000e+00
  80 -4.78956738e+03             inf     0.00000e+00           48.75     0.00000e+00
  90 -4.78955169e+03             inf     0.00000e+00           61.45     0.00000e+00
 100 -4.78942718e+03             inf     0.00000e+00           76.07     0.00000e+00
 110 -4.78910799e+03             inf     0.00000e+00           92.89     0.00000e+00
 114 -4.78909489e+03             inf     0.00000e+00          100.16     0.00000e+00
==============================================================================================
Pass              LB             iUB             iHW       F time       B time    Wall time
Sim1000    -4.78909e+03    -2.78021e+03     8.26029e+02         0.00         0.00       120.90
==============================================================================================
