Hydro_R10_AR1_T12_N5_5_I101000_DW_DUAL_MC_DS_10.000000
Multicut: True
Dynamic Sampling: True
==============================================================================================
Pass              LB             iUB             iHW    Wall time           Other
==============================================================================================
   0 -1.00006458e+08             inf     0.00000e+00            0.01     0.00000e+00
  10 -5.59560983e+04             inf     0.00000e+00            0.46     0.00000e+00
  20 -5.58329934e+04             inf     0.00000e+00            1.03     0.00000e+00
  30 -5.57981619e+04             inf     0.00000e+00            1.67     0.00000e+00
  40 -5.57841890e+04             inf     0.00000e+00            2.62     0.00000e+00
  50 -5.57759856e+04             inf     0.00000e+00            3.38     0.00000e+00
  60 -5.57692544e+04             inf     0.00000e+00            4.19     0.00000e+00
  70 -5.57646862e+04             inf     0.00000e+00            5.14     0.00000e+00
  80 -5.57590050e+04             inf     0.00000e+00            6.21     0.00000e+00
  90 -5.57550711e+04             inf     0.00000e+00            7.33     0.00000e+00
 100 -5.57531558e+04             inf     0.00000e+00            8.55     0.00000e+00
 110 -5.57520922e+04             inf     0.00000e+00            9.88     0.00000e+00
 120 -5.57480503e+04             inf     0.00000e+00           11.28     0.00000e+00
 130 -5.57458892e+04             inf     0.00000e+00           12.64     0.00000e+00
 140 -5.57449181e+04             inf     0.00000e+00           14.16     0.00000e+00
 150 -5.57444004e+04             inf     0.00000e+00           15.74     0.00000e+00
 160 -5.57436824e+04             inf     0.00000e+00           17.44     0.00000e+00
 170 -5.57430249e+04             inf     0.00000e+00           19.20     0.00000e+00
 180 -5.57422820e+04             inf     0.00000e+00           21.15     0.00000e+00
 190 -5.57419168e+04             inf     0.00000e+00           23.22     0.00000e+00
 200 -5.57415912e+04             inf     0.00000e+00           25.34     0.00000e+00
 210 -5.57413347e+04             inf     0.00000e+00           27.54     0.00000e+00
 220 -5.57409022e+04             inf     0.00000e+00           29.86     0.00000e+00
 230 -5.57404732e+04             inf     0.00000e+00           32.28     0.00000e+00
 240 -5.57402822e+04             inf     0.00000e+00           34.86     0.00000e+00
 250 -5.57400924e+04             inf     0.00000e+00           37.47     0.00000e+00
 260 -5.57398289e+04             inf     0.00000e+00           40.19     0.00000e+00
 270 -5.57395859e+04             inf     0.00000e+00           43.04     0.00000e+00
 280 -5.57393920e+04             inf     0.00000e+00           45.98     0.00000e+00
 290 -5.57392291e+04             inf     0.00000e+00           48.95     0.00000e+00
 294 -5.57391645e+04             inf     0.00000e+00           50.09     0.00000e+00
==============================================================================================
Pass              LB             iUB             iHW       F time       B time    Wall time
Sim1000    -5.57392e+04    -4.89112e+04     2.20830e+03         0.00         0.00        82.26
==============================================================================================
