Hydro_R2_AR1_T12_N6_36_I10000_Time100_DW_DUAL_MC_DS_50.0000_cube
Multicut: True
Dynamic Sampling: True
==============================================================================================
Pass              LB             iUB             iHW    Wall time           Other
==============================================================================================
   0 -1.00000858e+08             inf     0.00000e+00            0.01     0.00000e+00
  10 -3.21944836e+03             inf     0.00000e+00            2.66     0.00000e+00
  20 -3.21944836e+03             inf     0.00000e+00            7.86     0.00000e+00
  30 -3.21944836e+03             inf     0.00000e+00           15.51     0.00000e+00
  40 -3.21944836e+03             inf     0.00000e+00           26.25     0.00000e+00
  50 -3.21944836e+03             inf     0.00000e+00           37.39     0.00000e+00
  60 -3.21944836e+03             inf     0.00000e+00           52.15     0.00000e+00
  70 -3.21944836e+03             inf     0.00000e+00           69.98     0.00000e+00
  80 -3.21944836e+03             inf     0.00000e+00           90.88     0.00000e+00
  84 -3.21944836e+03             inf     0.00000e+00          100.13     0.00000e+00
==============================================================================================
Pass              LB             iUB             iHW       F time       B time    Wall time
Sim1000    -3.21945e+03    -8.13990e+02     9.24149e+02         0.00         0.00       122.67
==============================================================================================
