Hydro_R2_AR1_T12_N5_15_I10000_Time60_DW_DUAL_MC_DS_0.0100_cube
Multicut: True
Dynamic Sampling: True
==============================================================================================
Pass              LB             iUB             iHW    Wall time           Other
==============================================================================================
   0 -1.00000858e+08             inf     0.00000e+00            0.01     0.00000e+00
  10 -5.06972539e+03             inf     0.00000e+00            0.94     0.00000e+00
  20 -5.06011309e+03             inf     0.00000e+00            2.50     0.00000e+00
  30 -5.05809063e+03             inf     0.00000e+00            5.17     0.00000e+00
  40 -5.05559061e+03             inf     0.00000e+00            7.54     0.00000e+00
  50 -5.05526575e+03             inf     0.00000e+00           10.29     0.00000e+00
  60 -5.05513523e+03             inf     0.00000e+00           13.23     0.00000e+00
  70 -5.05511299e+03             inf     0.00000e+00           16.79     0.00000e+00
  80 -5.05486721e+03             inf     0.00000e+00           20.70     0.00000e+00
  90 -5.05482881e+03             inf     0.00000e+00           25.01     0.00000e+00
 100 -5.05463720e+03             inf     0.00000e+00           30.30     0.00000e+00
 110 -5.05406842e+03             inf     0.00000e+00           38.56     0.00000e+00
 120 -5.05400083e+03             inf     0.00000e+00           45.90     0.00000e+00
 130 -5.05399163e+03             inf     0.00000e+00           53.86     0.00000e+00
 138 -5.05398342e+03             inf     0.00000e+00           60.07     0.00000e+00
==============================================================================================
Pass              LB             iUB             iHW       F time       B time    Wall time
Sim1000    -5.05398e+03    -1.18949e+03     8.75228e+02         0.00         0.00        80.86
==============================================================================================
