Hydro_R10_AR1_T12_N15_15_I101000_Time50_DW_DUAL_MC_DS_10.0000_none
Multicut: True
Dynamic Sampling: True
==============================================================================================
Pass              LB             iUB             iHW    Wall time           Other
==============================================================================================
   0 -1.00006458e+08             inf     0.00000e+00            0.02     0.00000e+00
  10 -4.66363613e+04             inf     0.00000e+00            1.45     0.00000e+00
  20 -4.65368845e+04             inf     0.00000e+00            3.37     0.00000e+00
  30 -4.65123805e+04             inf     0.00000e+00            5.72     0.00000e+00
  40 -4.64991277e+04             inf     0.00000e+00            8.60     0.00000e+00
  50 -4.64915246e+04             inf     0.00000e+00           12.18     0.00000e+00
  60 -4.64846012e+04             inf     0.00000e+00           16.11     0.00000e+00
  70 -4.64805941e+04             inf     0.00000e+00           20.31     0.00000e+00
  80 -4.64781148e+04             inf     0.00000e+00           24.94     0.00000e+00
  90 -4.64753362e+04             inf     0.00000e+00           30.47     0.00000e+00
 100 -4.64732031e+04             inf     0.00000e+00           40.39     0.00000e+00
 110 -4.64712050e+04             inf     0.00000e+00           49.01     0.00000e+00
 112 -4.64708899e+04             inf     0.00000e+00           50.80     0.00000e+00
==============================================================================================
Pass              LB             iUB             iHW       F time       B time    Wall time
Sim1000    -4.64709e+04    -5.44863e+04     1.25876e+02         0.00         0.00        83.50
==============================================================================================
