Hydro_R2_AR1_T12_N5_30_I10000_Time100_DW_DUAL_MC_DS_0.0050_cvx_hull2
Multicut: True
Dynamic Sampling: True
==============================================================================================
Pass              LB             iUB             iHW    Wall time           Other
==============================================================================================
   0 -1.00000858e+08             inf     0.00000e+00            0.01     0.00000e+00
  10 -5.06615783e+03             inf     0.00000e+00            2.05     0.00000e+00
  20 -5.06102551e+03             inf     0.00000e+00            5.48     0.00000e+00
  30 -5.05808230e+03             inf     0.00000e+00            9.90     0.00000e+00
  40 -5.05611358e+03             inf     0.00000e+00           15.52     0.00000e+00
  50 -5.05580444e+03             inf     0.00000e+00           22.21     0.00000e+00
  60 -5.05567769e+03             inf     0.00000e+00           30.57     0.00000e+00
  70 -5.05565979e+03             inf     0.00000e+00           40.33     0.00000e+00
  80 -5.05540108e+03             inf     0.00000e+00           51.70     0.00000e+00
  90 -5.05536801e+03             inf     0.00000e+00           64.66     0.00000e+00
 100 -5.05520982e+03             inf     0.00000e+00           79.44     0.00000e+00
 110 -5.05429485e+03             inf     0.00000e+00           99.35     0.00000e+00
 111 -5.05428386e+03             inf     0.00000e+00          100.80     0.00000e+00
==============================================================================================
Pass              LB             iUB             iHW       F time       B time    Wall time
Sim1000    -5.05428e+03    -2.76740e+03     8.26205e+02         0.00         0.00       121.76
==============================================================================================
