Hydro_R10_AR1_T12_N10_I500ESS_PRIMAL_SC_DW_0.000000_ES
Multicut: False
Dynamic Sampling: False
==============================================================================================
Pass              LB             iUB             iHW    Wall time           Other
==============================================================================================
   0 -1.00006458e+08             inf     0.00000e+00            0.01     0.00000e+00
  10 -6.32751973e+04             inf     0.00000e+00            0.57     0.00000e+00
  20 -6.26696853e+04             inf     0.00000e+00            1.16     0.00000e+00
  30 -6.25557788e+04             inf     0.00000e+00            1.84     0.00000e+00
  40 -6.24815260e+04             inf     0.00000e+00            2.57     0.00000e+00
  50 -6.24214841e+04             inf     0.00000e+00            3.36     0.00000e+00
  60 -6.23752925e+04             inf     0.00000e+00            4.22     0.00000e+00
  70 -6.23510349e+04             inf     0.00000e+00            5.17     0.00000e+00
  80 -6.23360625e+04             inf     0.00000e+00            6.18     0.00000e+00
  90 -6.23230323e+04             inf     0.00000e+00            7.22     0.00000e+00
 100 -6.23133698e+04             inf     0.00000e+00            8.41     0.00000e+00
 110 -6.23057551e+04             inf     0.00000e+00            9.82     0.00000e+00
 120 -6.22983802e+04             inf     0.00000e+00           11.14     0.00000e+00
 130 -6.22927339e+04             inf     0.00000e+00           12.48     0.00000e+00
 140 -6.22867935e+04             inf     0.00000e+00           13.97     0.00000e+00
 150 -6.22803013e+04             inf     0.00000e+00           15.55     0.00000e+00
 160 -6.22740297e+04             inf     0.00000e+00           16.95     0.00000e+00
 170 -6.22692663e+04             inf     0.00000e+00           18.37     0.00000e+00
 180 -6.22654575e+04             inf     0.00000e+00           19.92     0.00000e+00
 190 -6.22617650e+04             inf     0.00000e+00           21.66     0.00000e+00
 200 -6.22586804e+04             inf     0.00000e+00           23.25     0.00000e+00
 210 -6.22568339e+04             inf     0.00000e+00           24.95     0.00000e+00
 220 -6.22547908e+04             inf     0.00000e+00           26.70     0.00000e+00
 230 -6.22518717e+04             inf     0.00000e+00           28.48     0.00000e+00
 240 -6.22475547e+04             inf     0.00000e+00           30.30     0.00000e+00
 250 -6.22448184e+04             inf     0.00000e+00           32.19     0.00000e+00
 260 -6.22423023e+04             inf     0.00000e+00           34.07     0.00000e+00
 270 -6.22406995e+04             inf     0.00000e+00           36.05     0.00000e+00
 280 -6.22388132e+04             inf     0.00000e+00           38.09     0.00000e+00
 290 -6.22368210e+04             inf     0.00000e+00           40.17     0.00000e+00
 300 -6.22356896e+04             inf     0.00000e+00           42.36     0.00000e+00
 310 -6.22336222e+04             inf     0.00000e+00           44.57     0.00000e+00
 320 -6.22325313e+04             inf     0.00000e+00           46.81     0.00000e+00
 330 -6.22311989e+04             inf     0.00000e+00           49.10     0.00000e+00
 340 -6.22296285e+04             inf     0.00000e+00           51.45     0.00000e+00
 350 -6.22280328e+04             inf     0.00000e+00           53.84     0.00000e+00
 360 -6.22271138e+04             inf     0.00000e+00           56.28     0.00000e+00
 370 -6.22260419e+04             inf     0.00000e+00           58.78     0.00000e+00
 380 -6.22247422e+04             inf     0.00000e+00           61.30     0.00000e+00
 390 -6.22236586e+04             inf     0.00000e+00           63.90     0.00000e+00
 400 -6.22228111e+04             inf     0.00000e+00           66.53     0.00000e+00
 410 -6.22217964e+04             inf     0.00000e+00           69.26     0.00000e+00
 420 -6.22204237e+04             inf     0.00000e+00           72.08     0.00000e+00
 430 -6.22194849e+04             inf     0.00000e+00           74.97     0.00000e+00
 440 -6.22186152e+04             inf     0.00000e+00           77.92     0.00000e+00
 450 -6.22173804e+04             inf     0.00000e+00           80.88     0.00000e+00
 460 -6.22167390e+04             inf     0.00000e+00           83.89     0.00000e+00
 470 -6.22158703e+04             inf     0.00000e+00           86.92     0.00000e+00
 480 -6.22153035e+04             inf     0.00000e+00           89.95     0.00000e+00
 490 -6.22143827e+04             inf     0.00000e+00           93.11     0.00000e+00
 500 -6.22129142e+04             inf     0.00000e+00           96.31     0.00000e+00
==============================================================================================
Pass              LB             iUB             iHW       F time       B time    Wall time
Sim1000    -6.22129e+04    -5.08732e+04     1.65404e+03         0.00         0.00       133.68
==============================================================================================
