Hydro_R10_AR1_T12_N10_10_I10000_Time20_DW_DUAL_MC_DS_1.5000000_None
Multicut: True
Dynamic Sampling: True
==============================================================================================
Pass              LB             iUB             iHW    Wall time           Other
==============================================================================================
   0 -1.00004104e+08             inf     0.00000e+00            0.01     0.00000e+00
  10 -3.24824741e+04             inf     0.00000e+00            0.81     0.00000e+00
  20 -3.23412183e+04             inf     0.00000e+00            1.92     0.00000e+00
  30 -3.23322646e+04             inf     0.00000e+00            3.32     0.00000e+00
  40 -3.23269792e+04             inf     0.00000e+00            5.01     0.00000e+00
  50 -3.23232123e+04             inf     0.00000e+00            6.95     0.00000e+00
  60 -3.23208319e+04             inf     0.00000e+00            9.09     0.00000e+00
  70 -3.23184416e+04             inf     0.00000e+00           11.42     0.00000e+00
  80 -3.23173511e+04             inf     0.00000e+00           14.05     0.00000e+00
  90 -3.23163126e+04             inf     0.00000e+00           16.91     0.00000e+00
 100 -3.23156427e+04             inf     0.00000e+00           20.20     0.00000e+00
Time profiling
           Pass        # LPs        setup      simplex       output   cut update      cut gen        other        total
        Forward         1212         0.20         0.79         0.07         0.00         0.00         0.41         1.47
       Backward        11000         1.92         5.96         8.94         0.03         1.59         0.28        18.72
==============================================================================================
Pass              LB             iUB             iHW       F time       B time    Wall time
Sim500    -3.23156e+04    -3.44478e+04     1.98345e+02         0.00         0.00        33.23
==============================================================================================
Mean:   	 -34447.77
Median: 	 -34404.14
SD:     	   2217.57
20-80: 	( -36122.50,  -32662.87)
10-90: 	( -37173.21,  -31702.17)
05-95: 	( -38163.07,  -30922.24)
