Hydro_R2_AR1_T12_N5_15_I10000_Time300_DW_DUAL_MC_DS_50.0000_cvx_hull2
Multicut: True
Dynamic Sampling: True
==============================================================================================
Pass              LB             iUB             iHW    Wall time           Other
==============================================================================================
   0 -1.00000858e+08             inf     0.00000e+00            0.01     0.00000e+00
  10 -2.26104212e+03             inf     0.00000e+00            0.86     0.00000e+00
  20 -2.26104212e+03             inf     0.00000e+00            2.10     0.00000e+00
  30 -2.26104212e+03             inf     0.00000e+00            3.64     0.00000e+00
  40 -2.26104212e+03             inf     0.00000e+00            5.38     0.00000e+00
  50 -2.26104212e+03             inf     0.00000e+00            7.50     0.00000e+00
  60 -2.26104212e+03             inf     0.00000e+00           10.05     0.00000e+00
  70 -2.26104212e+03             inf     0.00000e+00           12.84     0.00000e+00
  80 -2.26104212e+03             inf     0.00000e+00           16.15     0.00000e+00
  90 -2.26104212e+03             inf     0.00000e+00           20.59     0.00000e+00
 100 -2.26104212e+03             inf     0.00000e+00           25.19     0.00000e+00
 110 -2.26104212e+03             inf     0.00000e+00           30.57     0.00000e+00
 120 -2.26104212e+03             inf     0.00000e+00           35.50     0.00000e+00
 130 -2.26104212e+03             inf     0.00000e+00           41.33     0.00000e+00
 140 -2.26104212e+03             inf     0.00000e+00           46.67     0.00000e+00
 150 -2.26104212e+03             inf     0.00000e+00           52.38     0.00000e+00
 160 -2.26104212e+03             inf     0.00000e+00           58.79     0.00000e+00
 170 -2.26104212e+03             inf     0.00000e+00           66.09     0.00000e+00
 180 -2.26104212e+03             inf     0.00000e+00           73.32     0.00000e+00
 190 -2.26104212e+03             inf     0.00000e+00           81.20     0.00000e+00
 200 -2.26104212e+03             inf     0.00000e+00           88.64     0.00000e+00
 210 -2.26104212e+03             inf     0.00000e+00           96.38     0.00000e+00
 220 -2.26104212e+03             inf     0.00000e+00          103.92     0.00000e+00
 230 -2.26104212e+03             inf     0.00000e+00          111.70     0.00000e+00
 240 -2.26104212e+03             inf     0.00000e+00          121.13     0.00000e+00
 250 -2.26104212e+03             inf     0.00000e+00          130.89     0.00000e+00
 260 -2.26104212e+03             inf     0.00000e+00          141.33     0.00000e+00
 270 -2.26104212e+03             inf     0.00000e+00          152.46     0.00000e+00
 280 -2.26104212e+03             inf     0.00000e+00          164.76     0.00000e+00
 290 -2.26104212e+03             inf     0.00000e+00          176.76     0.00000e+00
 300 -2.26104212e+03             inf     0.00000e+00          189.24     0.00000e+00
 310 -2.26104212e+03             inf     0.00000e+00          201.49     0.00000e+00
 320 -2.26104212e+03             inf     0.00000e+00          214.43     0.00000e+00
 330 -2.26104212e+03             inf     0.00000e+00          228.59     0.00000e+00
 340 -2.26104212e+03             inf     0.00000e+00          241.89     0.00000e+00
 350 -2.26104212e+03             inf     0.00000e+00          255.28     0.00000e+00
 360 -2.26104212e+03             inf     0.00000e+00          269.08     0.00000e+00
 370 -2.26104212e+03             inf     0.00000e+00          283.07     0.00000e+00
 380 -2.26104212e+03             inf     0.00000e+00          298.26     0.00000e+00
 382 -2.26104212e+03             inf     0.00000e+00          301.20     0.00000e+00
==============================================================================================
Pass              LB             iUB             iHW       F time       B time    Wall time
Sim1000    -2.26104e+03    -3.05700e+03     3.88138e+02         0.00         0.00       324.44
==============================================================================================
