Hydro_R2_AR1_T12_N5_15_I10000_Time300_DW_DUAL_MC_DS_1.0000_cvx_hull
Multicut: True
Dynamic Sampling: True
==============================================================================================
Pass              LB             iUB             iHW    Wall time           Other
==============================================================================================
   0 -1.00000858e+08             inf     0.00000e+00            0.01     0.00000e+00
  10 -4.59353632e+03             inf     0.00000e+00            0.69     0.00000e+00
  20 -4.58723227e+03             inf     0.00000e+00            1.86     0.00000e+00
  30 -4.58556272e+03             inf     0.00000e+00            3.27     0.00000e+00
  40 -4.58435405e+03             inf     0.00000e+00            5.02     0.00000e+00
  50 -4.58421492e+03             inf     0.00000e+00            7.15     0.00000e+00
  60 -4.58419367e+03             inf     0.00000e+00            9.60     0.00000e+00
  70 -4.58418575e+03             inf     0.00000e+00           12.43     0.00000e+00
  80 -4.58417656e+03             inf     0.00000e+00           15.61     0.00000e+00
  90 -4.58416593e+03             inf     0.00000e+00           19.06     0.00000e+00
 100 -4.58414534e+03             inf     0.00000e+00           22.88     0.00000e+00
 110 -4.58395902e+03             inf     0.00000e+00           27.02     0.00000e+00
 120 -4.58387418e+03             inf     0.00000e+00           31.63     0.00000e+00
 130 -4.58386812e+03             inf     0.00000e+00           36.79     0.00000e+00
 140 -4.58348737e+03             inf     0.00000e+00           42.31     0.00000e+00
 150 -4.58339318e+03             inf     0.00000e+00           48.43     0.00000e+00
 160 -4.58337923e+03             inf     0.00000e+00           54.91     0.00000e+00
 170 -4.58316928e+03             inf     0.00000e+00           61.91     0.00000e+00
 180 -4.58314527e+03             inf     0.00000e+00           69.42     0.00000e+00
 190 -4.58305231e+03             inf     0.00000e+00           77.39     0.00000e+00
 200 -4.58305220e+03             inf     0.00000e+00           85.90     0.00000e+00
 210 -4.58294274e+03             inf     0.00000e+00           94.97     0.00000e+00
 220 -4.58293930e+03             inf     0.00000e+00          104.56     0.00000e+00
 230 -4.58293541e+03             inf     0.00000e+00          114.73     0.00000e+00
 240 -4.58292463e+03             inf     0.00000e+00          125.54     0.00000e+00
 250 -4.58291215e+03             inf     0.00000e+00          136.83     0.00000e+00
 260 -4.58291175e+03             inf     0.00000e+00          148.73     0.00000e+00
 270 -4.58287632e+03             inf     0.00000e+00          161.22     0.00000e+00
 280 -4.58283864e+03             inf     0.00000e+00          174.19     0.00000e+00
 290 -4.58283395e+03             inf     0.00000e+00          187.73     0.00000e+00
 300 -4.58283170e+03             inf     0.00000e+00          201.68     0.00000e+00
 310 -4.58283033e+03             inf     0.00000e+00          216.25     0.00000e+00
 320 -4.58282375e+03             inf     0.00000e+00          231.36     0.00000e+00
 330 -4.58281411e+03             inf     0.00000e+00          247.08     0.00000e+00
 340 -4.58279199e+03             inf     0.00000e+00          263.49     0.00000e+00
 350 -4.58279073e+03             inf     0.00000e+00          280.20     0.00000e+00
 360 -4.58278250e+03             inf     0.00000e+00          295.63     0.00000e+00
 363 -4.58278033e+03             inf     0.00000e+00          300.95     0.00000e+00
==============================================================================================
Pass              LB             iUB             iHW       F time       B time    Wall time
Sim1000    -4.58278e+03    -7.17397e+01     9.37903e+02         0.00         0.00       325.75
==============================================================================================
