Hydro_R2_AR1_T12_N5_15_I10000_Time60_DW_DUAL_MC_DS_0.1000_cube
Multicut: True
Dynamic Sampling: True
==============================================================================================
Pass              LB             iUB             iHW    Wall time           Other
==============================================================================================
   0 -1.00000858e+08             inf     0.00000e+00            0.01     0.00000e+00
  10 -5.01647134e+03             inf     0.00000e+00            0.69     0.00000e+00
  20 -5.01233867e+03             inf     0.00000e+00            2.01     0.00000e+00
  30 -5.01056710e+03             inf     0.00000e+00            3.69     0.00000e+00
  40 -5.00859023e+03             inf     0.00000e+00            5.83     0.00000e+00
  50 -5.00836224e+03             inf     0.00000e+00            8.25     0.00000e+00
  60 -5.00822494e+03             inf     0.00000e+00           11.09     0.00000e+00
  70 -5.00820088e+03             inf     0.00000e+00           14.16     0.00000e+00
  80 -5.00794482e+03             inf     0.00000e+00           17.70     0.00000e+00
  90 -5.00791680e+03             inf     0.00000e+00           21.87     0.00000e+00
 100 -5.00785863e+03             inf     0.00000e+00           26.30     0.00000e+00
 110 -5.00704987e+03             inf     0.00000e+00           31.38     0.00000e+00
 120 -5.00694417e+03             inf     0.00000e+00           37.00     0.00000e+00
 130 -5.00693177e+03             inf     0.00000e+00           43.24     0.00000e+00
 140 -5.00690883e+03             inf     0.00000e+00           50.11     0.00000e+00
 150 -5.00690208e+03             inf     0.00000e+00           57.04     0.00000e+00
 155 -5.00689995e+03             inf     0.00000e+00           60.68     0.00000e+00
==============================================================================================
Pass              LB             iUB             iHW       F time       B time    Wall time
Sim1000    -5.00690e+03    -1.19117e+03     8.75234e+02         0.00         0.00        79.92
==============================================================================================
