Hydro_R2_AR1_T12_N5_15_I10000_Time300_DW_DUAL_MC_DS_80.0000_cvx_hull2
Multicut: True
Dynamic Sampling: True
==============================================================================================
Pass              LB             iUB             iHW    Wall time           Other
==============================================================================================
   0 -1.00000858e+08             inf     0.00000e+00            0.01     0.00000e+00
  10 -2.26104212e+03             inf     0.00000e+00            0.79     0.00000e+00
  20 -2.26104212e+03             inf     0.00000e+00            1.99     0.00000e+00
  30 -2.26104212e+03             inf     0.00000e+00            3.33     0.00000e+00
  40 -2.26104212e+03             inf     0.00000e+00            5.06     0.00000e+00
  50 -2.26104212e+03             inf     0.00000e+00            7.24     0.00000e+00
  60 -2.26104212e+03             inf     0.00000e+00            9.34     0.00000e+00
  70 -2.26104212e+03             inf     0.00000e+00           11.54     0.00000e+00
  80 -2.26104212e+03             inf     0.00000e+00           14.05     0.00000e+00
  90 -2.26104212e+03             inf     0.00000e+00           16.96     0.00000e+00
 100 -2.26104212e+03             inf     0.00000e+00           20.13     0.00000e+00
 110 -2.26104212e+03             inf     0.00000e+00           23.68     0.00000e+00
 120 -2.26104212e+03             inf     0.00000e+00           28.82     0.00000e+00
 130 -2.26104212e+03             inf     0.00000e+00           33.57     0.00000e+00
 140 -2.26104212e+03             inf     0.00000e+00           38.42     0.00000e+00
 150 -2.26104212e+03             inf     0.00000e+00           43.63     0.00000e+00
 160 -2.26104212e+03             inf     0.00000e+00           49.66     0.00000e+00
 170 -2.26104212e+03             inf     0.00000e+00           56.19     0.00000e+00
 180 -2.26104212e+03             inf     0.00000e+00           63.58     0.00000e+00
 190 -2.26104212e+03             inf     0.00000e+00           71.61     0.00000e+00
 200 -2.26104212e+03             inf     0.00000e+00           80.21     0.00000e+00
 210 -2.26104212e+03             inf     0.00000e+00           89.45     0.00000e+00
 220 -2.26104212e+03             inf     0.00000e+00           98.10     0.00000e+00
 230 -2.26104212e+03             inf     0.00000e+00          107.60     0.00000e+00
 240 -2.26104212e+03             inf     0.00000e+00          117.50     0.00000e+00
 250 -2.26104212e+03             inf     0.00000e+00          127.65     0.00000e+00
 260 -2.26104212e+03             inf     0.00000e+00          136.85     0.00000e+00
 270 -2.26104212e+03             inf     0.00000e+00          146.61     0.00000e+00
 280 -2.26104212e+03             inf     0.00000e+00          157.27     0.00000e+00
 290 -2.26104212e+03             inf     0.00000e+00          167.72     0.00000e+00
 300 -2.26104212e+03             inf     0.00000e+00          178.47     0.00000e+00
 310 -2.26104212e+03             inf     0.00000e+00          189.32     0.00000e+00
 320 -2.26104212e+03             inf     0.00000e+00          201.07     0.00000e+00
 330 -2.26104212e+03             inf     0.00000e+00          213.39     0.00000e+00
 340 -2.26104212e+03             inf     0.00000e+00          225.90     0.00000e+00
 350 -2.26104212e+03             inf     0.00000e+00          239.37     0.00000e+00
 360 -2.26104212e+03             inf     0.00000e+00          254.94     0.00000e+00
 370 -2.26104212e+03             inf     0.00000e+00          271.07     0.00000e+00
 380 -2.26104212e+03             inf     0.00000e+00          286.29     0.00000e+00
 389 -2.26104212e+03             inf     0.00000e+00          300.00     0.00000e+00
==============================================================================================
Pass              LB             iUB             iHW       F time       B time    Wall time
Sim1000    -2.26104e+03    -3.05700e+03     3.88138e+02         0.00         0.00       322.72
==============================================================================================
