Hydro_R2_AR1_T12_N5_30_I10000_Time100_DW_DUAL_MC_DS_0.0500_cube
Multicut: True
Dynamic Sampling: True
==============================================================================================
Pass              LB             iUB             iHW    Wall time           Other
==============================================================================================
   0 -1.00000858e+08             inf     0.00000e+00            0.01     0.00000e+00
  10 -5.06480059e+03             inf     0.00000e+00            2.07     0.00000e+00
  20 -5.03807205e+03             inf     0.00000e+00            6.34     0.00000e+00
  30 -5.03698433e+03             inf     0.00000e+00           13.09     0.00000e+00
  40 -5.03467720e+03             inf     0.00000e+00           19.86     0.00000e+00
  50 -5.03454024e+03             inf     0.00000e+00           29.03     0.00000e+00
  60 -5.03445711e+03             inf     0.00000e+00           40.04     0.00000e+00
  70 -5.03428993e+03             inf     0.00000e+00           52.98     0.00000e+00
  80 -5.03414483e+03             inf     0.00000e+00           68.30     0.00000e+00
  90 -5.03410462e+03             inf     0.00000e+00           84.90     0.00000e+00
  97 -5.03393741e+03             inf     0.00000e+00          101.09     0.00000e+00
==============================================================================================
Pass              LB             iUB             iHW       F time       B time    Wall time
Sim1000    -5.03394e+03    -1.19153e+03     8.75245e+02         0.00         0.00       122.27
==============================================================================================
