Hydro_R10_AR1_T12_N10_10_I10000_Time20_DW_DUAL_MC_DS_0.0500000_None
Multicut: True
Dynamic Sampling: True
==============================================================================================
Pass              LB             iUB             iHW    Wall time           Other
==============================================================================================
   0 -1.00004104e+08             inf     0.00000e+00            0.01     0.00000e+00
  10 -3.39898350e+04             inf     0.00000e+00            0.77     0.00000e+00
  20 -3.39000493e+04             inf     0.00000e+00            1.86     0.00000e+00
  30 -3.38782590e+04             inf     0.00000e+00            3.21     0.00000e+00
  40 -3.38730615e+04             inf     0.00000e+00            4.87     0.00000e+00
  50 -3.38666382e+04             inf     0.00000e+00            6.81     0.00000e+00
  60 -3.38643112e+04             inf     0.00000e+00            9.02     0.00000e+00
  70 -3.38620473e+04             inf     0.00000e+00           11.46     0.00000e+00
  80 -3.38611841e+04             inf     0.00000e+00           14.21     0.00000e+00
  90 -3.38594271e+04             inf     0.00000e+00           17.31     0.00000e+00
  98 -3.38588563e+04             inf     0.00000e+00           20.02     0.00000e+00
Time profiling
           Pass        # LPs        setup      simplex       output   cut update      cut gen        other        total
        Forward         1188         0.18         0.78         0.06         0.00         0.00         0.38         1.41
       Backward        10780         1.84         6.07         8.88         0.03         1.51         0.27        18.60
==============================================================================================
Pass              LB             iUB             iHW       F time       B time    Wall time
Sim500    -3.38589e+04    -3.45338e+04     2.04493e+02         0.00         0.00        33.31
==============================================================================================
Mean:   	 -34533.79
Median: 	 -34499.40
SD:     	   2286.30
20-80: 	( -36253.58,  -32694.43)
10-90: 	( -37391.19,  -31632.71)
05-95: 	( -38372.78,  -30819.44)
