Hydro_R2_AR1_T12_N5_15_I10000_Time300_DW_DUAL_MC_DS_50.0000_None
Multicut: True
Dynamic Sampling: True
==============================================================================================
Pass              LB             iUB             iHW    Wall time           Other
==============================================================================================
   0 -1.00000858e+08             inf     0.00000e+00            0.01     0.00000e+00
  10 -1.98294035e+03             inf     0.00000e+00            0.76     0.00000e+00
  20 -1.98294035e+03             inf     0.00000e+00            2.11     0.00000e+00
  30 -1.98294035e+03             inf     0.00000e+00            3.59     0.00000e+00
  40 -1.98294035e+03             inf     0.00000e+00            5.55     0.00000e+00
  50 -1.98294035e+03             inf     0.00000e+00            7.78     0.00000e+00
  60 -1.98294035e+03             inf     0.00000e+00           10.20     0.00000e+00
  70 -1.98294035e+03             inf     0.00000e+00           13.00     0.00000e+00
  80 -1.98294035e+03             inf     0.00000e+00           15.80     0.00000e+00
  90 -1.98294035e+03             inf     0.00000e+00           18.93     0.00000e+00
 100 -1.98294035e+03             inf     0.00000e+00           22.54     0.00000e+00
 110 -1.98294035e+03             inf     0.00000e+00           26.38     0.00000e+00
 120 -1.98294035e+03             inf     0.00000e+00           31.42     0.00000e+00
 130 -1.98294035e+03             inf     0.00000e+00           36.85     0.00000e+00
 140 -1.98294035e+03             inf     0.00000e+00           42.25     0.00000e+00
 150 -1.98294035e+03             inf     0.00000e+00           47.81     0.00000e+00
 160 -1.98294035e+03             inf     0.00000e+00           54.62     0.00000e+00
 170 -1.98294035e+03             inf     0.00000e+00           62.07     0.00000e+00
 180 -1.98294035e+03             inf     0.00000e+00           70.14     0.00000e+00
 190 -1.98294035e+03             inf     0.00000e+00           78.94     0.00000e+00
 200 -1.98294035e+03             inf     0.00000e+00           86.06     0.00000e+00
 210 -1.98294035e+03             inf     0.00000e+00           94.36     0.00000e+00
 220 -1.98294035e+03             inf     0.00000e+00          102.85     0.00000e+00
 230 -1.98294035e+03             inf     0.00000e+00          111.84     0.00000e+00
 240 -1.98294035e+03             inf     0.00000e+00          121.16     0.00000e+00
 250 -1.98294035e+03             inf     0.00000e+00          130.98     0.00000e+00
 260 -1.98294035e+03             inf     0.00000e+00          142.66     0.00000e+00
 270 -1.98294035e+03             inf     0.00000e+00          154.81     0.00000e+00
 280 -1.98294035e+03             inf     0.00000e+00          164.98     0.00000e+00
 290 -1.98294035e+03             inf     0.00000e+00          177.78     0.00000e+00
 300 -1.98294035e+03             inf     0.00000e+00          190.51     0.00000e+00
 310 -1.98294035e+03             inf     0.00000e+00          203.84     0.00000e+00
 320 -1.98294035e+03             inf     0.00000e+00          218.07     0.00000e+00
 330 -1.98294035e+03             inf     0.00000e+00          233.26     0.00000e+00
 340 -1.98294035e+03             inf     0.00000e+00          247.14     0.00000e+00
 350 -1.98294035e+03             inf     0.00000e+00          262.95     0.00000e+00
 360 -1.98294035e+03             inf     0.00000e+00          280.16     0.00000e+00
 370 -1.98294035e+03             inf     0.00000e+00          297.30     0.00000e+00
 372 -1.98294035e+03             inf     0.00000e+00          300.95     0.00000e+00
==============================================================================================
Pass              LB             iUB             iHW       F time       B time    Wall time
Sim1000    -1.98294e+03    -4.36457e+03     6.42307e+01         0.00         0.00       328.17
==============================================================================================
