Hydro_R10_AR1_T12_N5_5_I10000_Time20_DW_DUAL_MC_DS_0.0300000_None
Multicut: True
Dynamic Sampling: True
==============================================================================================
Pass              LB             iUB             iHW    Wall time           Other
==============================================================================================
   0 -1.00003827e+08             inf     0.00000e+00            0.01     0.00000e+00
  10 -3.52406480e+04             inf     0.00000e+00            0.56     0.00000e+00
  20 -3.51234580e+04             inf     0.00000e+00            1.08     0.00000e+00
  30 -3.51117866e+04             inf     0.00000e+00            1.76     0.00000e+00
  40 -3.51007421e+04             inf     0.00000e+00            2.38     0.00000e+00
  50 -3.50978315e+04             inf     0.00000e+00            3.13     0.00000e+00
  60 -3.50955096e+04             inf     0.00000e+00            4.01     0.00000e+00
  70 -3.50939812e+04             inf     0.00000e+00            4.96     0.00000e+00
  80 -3.50928106e+04             inf     0.00000e+00            6.11     0.00000e+00
  90 -3.50919680e+04             inf     0.00000e+00            7.29     0.00000e+00
 100 -3.50910896e+04             inf     0.00000e+00            8.61     0.00000e+00
 110 -3.50904729e+04             inf     0.00000e+00            9.99     0.00000e+00
 120 -3.50902375e+04             inf     0.00000e+00           11.53     0.00000e+00
 130 -3.50899117e+04             inf     0.00000e+00           13.26     0.00000e+00
 140 -3.50895239e+04             inf     0.00000e+00           15.13     0.00000e+00
 150 -3.50892740e+04             inf     0.00000e+00           16.93     0.00000e+00
 160 -3.50889577e+04             inf     0.00000e+00           19.03     0.00000e+00
 165 -3.50888505e+04             inf     0.00000e+00           20.12     0.00000e+00
Time profiling
           Pass        # LPs        setup      simplex       output   cut update      cut gen        other        total
        Forward         1992         0.36         1.26         0.14         0.01         0.00         0.49         2.26
       Backward         9075         2.02         5.30         8.48         0.03         1.73         0.29        17.85
==============================================================================================
Pass              LB             iUB             iHW       F time       B time    Wall time
Sim500    -3.50889e+04    -3.51502e+04     2.34040e+02         0.00         0.00        33.07
==============================================================================================
Mean:   	 -35150.22
Median: 	 -35075.66
SD:     	   2616.65
20-80: 	( -37317.79,  -32983.38)
10-90: 	( -38404.08,  -31885.99)
05-95: 	( -39471.11,  -30992.76)
