Hydro_R2_AR1_T12_N5_5_I10000_Time10_DW_DUAL_MC_DS_0.0700000_None
Multicut: True
Dynamic Sampling: True
==============================================================================================
Pass              LB             iUB             iHW    Wall time           Other
==============================================================================================
   0 -9.99966359e+07             inf     0.00000e+00            0.01     0.00000e+00
  10  5.40379261e+04             inf     0.00000e+00            0.17     0.00000e+00
  20  5.40382404e+04             inf     0.00000e+00            0.41     0.00000e+00
  30  5.40382583e+04             inf     0.00000e+00            0.70     0.00000e+00
  40  5.40382620e+04             inf     0.00000e+00            1.07     0.00000e+00
  50  5.40382635e+04             inf     0.00000e+00            1.61     0.00000e+00
  60  5.40382645e+04             inf     0.00000e+00            2.05     0.00000e+00
  70  5.40382655e+04             inf     0.00000e+00            2.59     0.00000e+00
  80  5.40382656e+04             inf     0.00000e+00            3.13     0.00000e+00
  90  5.40382659e+04             inf     0.00000e+00            3.77     0.00000e+00
 100  5.40382661e+04             inf     0.00000e+00            4.43     0.00000e+00
 110  5.40382666e+04             inf     0.00000e+00            5.15     0.00000e+00
 120  5.40382667e+04             inf     0.00000e+00            5.91     0.00000e+00
 130  5.40382671e+04             inf     0.00000e+00            6.79     0.00000e+00
 140  5.40382671e+04             inf     0.00000e+00            7.69     0.00000e+00
 150  5.40382672e+04             inf     0.00000e+00            8.67     0.00000e+00
 160  5.40382672e+04             inf     0.00000e+00            9.68     0.00000e+00
 163  5.40382672e+04             inf     0.00000e+00           10.01     0.00000e+00
Time profiling
           Pass        # LPs        setup      simplex       output   cut update      cut gen        other        total
        Forward         1968         0.09         0.32         0.06         0.00         0.00         0.33         0.80
       Backward         8965         0.52         1.41         6.39         0.02         0.62         0.23         9.20
==============================================================================================
Pass              LB             iUB             iHW       F time       B time    Wall time
Sim500     5.40383e+04     5.38747e+04     3.49533e+01         0.00         0.00        17.40
==============================================================================================
Mean:   	  53874.69
Median: 	  53885.10
SD:     	    390.79
20-80: 	(  53593.44,   54200.86)
10-90: 	(  53358.82,   54333.87)
05-95: 	(  53203.08,   54473.34)
