Hydro_R2_AR1_T12_N5_15_I10000_Time300_DW_DUAL_MC_DS_0.0001_cvx_hull
Multicut: True
Dynamic Sampling: True
==============================================================================================
Pass              LB             iUB             iHW    Wall time           Other
==============================================================================================
   0 -1.00000858e+08             inf     0.00000e+00            0.01     0.00000e+00
  10 -5.07550779e+03             inf     0.00000e+00            0.71     0.00000e+00
  20 -5.06456092e+03             inf     0.00000e+00            1.90     0.00000e+00
  30 -5.06355050e+03             inf     0.00000e+00            3.72     0.00000e+00
  40 -5.06110925e+03             inf     0.00000e+00            5.71     0.00000e+00
  50 -5.06093527e+03             inf     0.00000e+00            8.08     0.00000e+00
  60 -5.06089416e+03             inf     0.00000e+00           10.73     0.00000e+00
  70 -5.06087581e+03             inf     0.00000e+00           13.75     0.00000e+00
  80 -5.06063396e+03             inf     0.00000e+00           17.23     0.00000e+00
  90 -5.06060607e+03             inf     0.00000e+00           21.18     0.00000e+00
 100 -5.06044427e+03             inf     0.00000e+00           25.46     0.00000e+00
 110 -5.05987951e+03             inf     0.00000e+00           30.12     0.00000e+00
 120 -5.05971145e+03             inf     0.00000e+00           35.32     0.00000e+00
 130 -5.05969858e+03             inf     0.00000e+00           41.12     0.00000e+00
 140 -5.05948142e+03             inf     0.00000e+00           47.53     0.00000e+00
 150 -5.05947504e+03             inf     0.00000e+00           54.58     0.00000e+00
 160 -5.05946908e+03             inf     0.00000e+00           62.19     0.00000e+00
 170 -5.05940243e+03             inf     0.00000e+00           70.45     0.00000e+00
 180 -5.05937923e+03             inf     0.00000e+00           79.09     0.00000e+00
 190 -5.05925760e+03             inf     0.00000e+00           88.33     0.00000e+00
 200 -5.05922480e+03             inf     0.00000e+00           98.78     0.00000e+00
 210 -5.05921982e+03             inf     0.00000e+00          109.24     0.00000e+00
 220 -5.05921799e+03             inf     0.00000e+00          120.31     0.00000e+00
 230 -5.05921581e+03             inf     0.00000e+00          132.08     0.00000e+00
 240 -5.05921477e+03             inf     0.00000e+00          144.64     0.00000e+00
 250 -5.05921370e+03             inf     0.00000e+00          157.75     0.00000e+00
 260 -5.05921287e+03             inf     0.00000e+00          171.50     0.00000e+00
 270 -5.05920948e+03             inf     0.00000e+00          186.15     0.00000e+00
 280 -5.05918087e+03             inf     0.00000e+00          201.31     0.00000e+00
 290 -5.05917990e+03             inf     0.00000e+00          217.30     0.00000e+00
 300 -5.05913828e+03             inf     0.00000e+00          233.61     0.00000e+00
 310 -5.05913394e+03             inf     0.00000e+00          250.62     0.00000e+00
 320 -5.05913123e+03             inf     0.00000e+00          268.20     0.00000e+00
 330 -5.05912550e+03             inf     0.00000e+00          286.46     0.00000e+00
 338 -5.05912449e+03             inf     0.00000e+00          301.52     0.00000e+00
==============================================================================================
Pass              LB             iUB             iHW       F time       B time    Wall time
Sim1000    -5.05912e+03     7.73346e+00     9.39761e+02         0.00         0.00       328.62
==============================================================================================
