Hydro_R2_AR1_T12_N5_15_I10000_Time60_DW_DUAL_MC_DS_0.3000_None
Multicut: True
Dynamic Sampling: True
==============================================================================================
Pass              LB             iUB             iHW    Wall time           Other
==============================================================================================
   0 -1.00000858e+08             inf     0.00000e+00            0.01     0.00000e+00
  10 -4.90838192e+03             inf     0.00000e+00            1.03     0.00000e+00
  20 -4.90023467e+03             inf     0.00000e+00            2.40     0.00000e+00
  30 -4.89754432e+03             inf     0.00000e+00            4.14     0.00000e+00
  40 -4.89586973e+03             inf     0.00000e+00            6.29     0.00000e+00
  50 -4.89568347e+03             inf     0.00000e+00            8.36     0.00000e+00
  60 -4.89557675e+03             inf     0.00000e+00           11.21     0.00000e+00
  70 -4.89553324e+03             inf     0.00000e+00           13.72     0.00000e+00
  80 -4.89542542e+03             inf     0.00000e+00           16.46     0.00000e+00
  90 -4.89536442e+03             inf     0.00000e+00           19.85     0.00000e+00
 100 -4.89505606e+03             inf     0.00000e+00           23.34     0.00000e+00
 110 -4.89492430e+03             inf     0.00000e+00           27.32     0.00000e+00
 120 -4.89465534e+03             inf     0.00000e+00           31.31     0.00000e+00
 130 -4.89459083e+03             inf     0.00000e+00           35.92     0.00000e+00
 140 -4.89455917e+03             inf     0.00000e+00           40.99     0.00000e+00
 150 -4.89454702e+03             inf     0.00000e+00           46.74     0.00000e+00
 160 -4.89453590e+03             inf     0.00000e+00           52.69     0.00000e+00
 170 -4.89447671e+03             inf     0.00000e+00           59.32     0.00000e+00
 172 -4.89446891e+03             inf     0.00000e+00           60.63     0.00000e+00
==============================================================================================
Pass              LB             iUB             iHW       F time       B time    Wall time
Sim1000    -4.89447e+03    -2.95381e+03     8.23110e+02         0.00         0.00        79.01
==============================================================================================
