Hydro_R10_AR1_T12_N10_10_I10000_Time20_DW_DUAL_MC_DS_15.0000000_None
Multicut: True
Dynamic Sampling: True
==============================================================================================
Pass              LB             iUB             iHW    Wall time           Other
==============================================================================================
   0 -1.00004104e+08             inf     0.00000e+00            0.01     0.00000e+00
  10 -2.63366976e+04             inf     0.00000e+00            0.74     0.00000e+00
  20 -2.62444478e+04             inf     0.00000e+00            1.70     0.00000e+00
  30 -2.62336086e+04             inf     0.00000e+00            2.68     0.00000e+00
  40 -2.62330083e+04             inf     0.00000e+00            3.87     0.00000e+00
  50 -2.62317635e+04             inf     0.00000e+00            5.13     0.00000e+00
  60 -2.62312749e+04             inf     0.00000e+00            6.68     0.00000e+00
  70 -2.62309730e+04             inf     0.00000e+00            8.26     0.00000e+00
  80 -2.62308628e+04             inf     0.00000e+00           10.01     0.00000e+00
  90 -2.62307540e+04             inf     0.00000e+00           11.83     0.00000e+00
 100 -2.62306154e+04             inf     0.00000e+00           13.79     0.00000e+00
 110 -2.62305934e+04             inf     0.00000e+00           15.90     0.00000e+00
 120 -2.62305643e+04             inf     0.00000e+00           18.14     0.00000e+00
 128 -2.62305414e+04             inf     0.00000e+00           20.08     0.00000e+00
Time profiling
           Pass        # LPs        setup      simplex       output   cut update      cut gen        other        total
        Forward         1548         0.24         0.73         0.08         0.00         0.00         0.49         1.55
       Backward        14080         2.31         5.52         8.62         0.03         1.77         0.27        18.53
==============================================================================================
Pass              LB             iUB             iHW       F time       B time    Wall time
Sim500    -2.62305e+04    -3.34771e+04     1.74371e+02         0.00         0.00        31.15
==============================================================================================
Mean:   	 -33477.05
Median: 	 -33368.53
SD:     	   1949.52
20-80: 	( -35053.55,  -31851.32)
10-90: 	( -35992.12,  -31107.47)
05-95: 	( -36780.13,  -30615.19)
