Hydro_R2_AR1_T12_N6_36_I10000_Time100_DW_DUAL_MC_DS_30.0000_None
Multicut: True
Dynamic Sampling: True
==============================================================================================
Pass              LB             iUB             iHW    Wall time           Other
==============================================================================================
   0 -1.00000858e+08             inf     0.00000e+00            0.02     0.00000e+00
  10 -1.92784905e+03             inf     0.00000e+00            2.80     0.00000e+00
  20 -1.92784905e+03             inf     0.00000e+00            7.83     0.00000e+00
  30 -1.92784905e+03             inf     0.00000e+00           14.17     0.00000e+00
  40 -1.92784905e+03             inf     0.00000e+00           24.01     0.00000e+00
  50 -1.92784905e+03             inf     0.00000e+00           35.78     0.00000e+00
  60 -1.92784905e+03             inf     0.00000e+00           47.88     0.00000e+00
  70 -1.92784905e+03             inf     0.00000e+00           62.66     0.00000e+00
  80 -1.92784905e+03             inf     0.00000e+00           83.09     0.00000e+00
  87 -1.92784905e+03             inf     0.00000e+00          100.64     0.00000e+00
==============================================================================================
Pass              LB             iUB             iHW       F time       B time    Wall time
Sim1000    -1.92785e+03    -3.31316e+03     3.65187e+02         0.00         0.00       121.15
==============================================================================================
