Hydro_R2_AR1_T12_N5_30_I10000_Time100_DW_DUAL_MC_DS_0.0001_cvx_hull2
Multicut: True
Dynamic Sampling: True
==============================================================================================
Pass              LB             iUB             iHW    Wall time           Other
==============================================================================================
   0 -1.00000858e+08             inf     0.00000e+00            0.01     0.00000e+00
  10 -5.07184725e+03             inf     0.00000e+00            2.32     0.00000e+00
  20 -5.06537106e+03             inf     0.00000e+00            5.46     0.00000e+00
  30 -5.06318100e+03             inf     0.00000e+00            9.71     0.00000e+00
  40 -5.06099258e+03             inf     0.00000e+00           14.51     0.00000e+00
  50 -5.06083729e+03             inf     0.00000e+00           20.48     0.00000e+00
  60 -5.06069992e+03             inf     0.00000e+00           27.59     0.00000e+00
  70 -5.06067482e+03             inf     0.00000e+00           36.13     0.00000e+00
  80 -5.06042391e+03             inf     0.00000e+00           46.14     0.00000e+00
  90 -5.06039710e+03             inf     0.00000e+00           57.92     0.00000e+00
 100 -5.06023525e+03             inf     0.00000e+00           71.06     0.00000e+00
 110 -5.05933114e+03             inf     0.00000e+00           86.12     0.00000e+00
 119 -5.05921438e+03             inf     0.00000e+00          101.20     0.00000e+00
==============================================================================================
Pass              LB             iUB             iHW       F time       B time    Wall time
Sim1000    -5.05921e+03     6.38936e+00     9.40343e+02         0.00         0.00       121.77
==============================================================================================
