Hydro_R2_AR1_T12_N5_15_I10000_Time60_DW_DUAL_MC_DS_0.0030_cube
Multicut: True
Dynamic Sampling: True
==============================================================================================
Pass              LB             iUB             iHW    Wall time           Other
==============================================================================================
   0 -1.00000858e+08             inf     0.00000e+00            0.01     0.00000e+00
  10 -5.07339417e+03             inf     0.00000e+00            1.18     0.00000e+00
  20 -5.06381671e+03             inf     0.00000e+00            3.29     0.00000e+00
  30 -5.06176411e+03             inf     0.00000e+00            6.03     0.00000e+00
  40 -5.05925028e+03             inf     0.00000e+00            9.65     0.00000e+00
  50 -5.05886814e+03             inf     0.00000e+00           14.61     0.00000e+00
  60 -5.05878467e+03             inf     0.00000e+00           19.80     0.00000e+00
  70 -5.05876627e+03             inf     0.00000e+00           25.41     0.00000e+00
  80 -5.05850560e+03             inf     0.00000e+00           31.97     0.00000e+00
  90 -5.05847332e+03             inf     0.00000e+00           39.14     0.00000e+00
 100 -5.05828837e+03             inf     0.00000e+00           47.31     0.00000e+00
 110 -5.05771252e+03             inf     0.00000e+00           57.04     0.00000e+00
 114 -5.05770729e+03             inf     0.00000e+00           60.50     0.00000e+00
==============================================================================================
Pass              LB             iUB             iHW       F time       B time    Wall time
Sim1000    -5.05771e+03    -1.19062e+03     8.75240e+02         0.00         0.00        87.49
==============================================================================================
