Hydro_R2_AR1_T12_N5_15_I10000_Time60_DW_DUAL_MC_DS_10.0000_cvx_hull2
Multicut: True
Dynamic Sampling: True
==============================================================================================
Pass              LB             iUB             iHW    Wall time           Other
==============================================================================================
   0 -1.00000858e+08             inf     0.00000e+00            0.02     0.00000e+00
  10 -2.33366191e+03             inf     0.00000e+00            1.01     0.00000e+00
  20 -2.33366191e+03             inf     0.00000e+00            2.37     0.00000e+00
  30 -2.33366191e+03             inf     0.00000e+00            4.49     0.00000e+00
  40 -2.33366191e+03             inf     0.00000e+00            6.76     0.00000e+00
  50 -2.33366191e+03             inf     0.00000e+00           10.06     0.00000e+00
  60 -2.33366191e+03             inf     0.00000e+00           13.05     0.00000e+00
  70 -2.33366191e+03             inf     0.00000e+00           17.01     0.00000e+00
  80 -2.33366191e+03             inf     0.00000e+00           21.26     0.00000e+00
  90 -2.33366191e+03             inf     0.00000e+00           25.77     0.00000e+00
 100 -2.33366191e+03             inf     0.00000e+00           30.80     0.00000e+00
 110 -2.33366191e+03             inf     0.00000e+00           37.75     0.00000e+00
 120 -2.33366191e+03             inf     0.00000e+00           48.18     0.00000e+00
 130 -2.33366191e+03             inf     0.00000e+00           55.43     0.00000e+00
 137 -2.33366191e+03             inf     0.00000e+00           60.52     0.00000e+00
==============================================================================================
Pass              LB             iUB             iHW       F time       B time    Wall time
Sim1000    -2.33366e+03    -2.59007e+03     8.29260e+02         0.00         0.00        85.39
==============================================================================================
