Hydro_R2_AR1_T12_N5_30_I10000_Time100_DW_DUAL_MC_DS_0.0300_None
Multicut: True
Dynamic Sampling: True
==============================================================================================
Pass              LB             iUB             iHW    Wall time           Other
==============================================================================================
   0 -1.00000858e+08             inf     0.00000e+00            0.01     0.00000e+00
  10 -5.05365805e+03             inf     0.00000e+00            1.94     0.00000e+00
  20 -5.04501108e+03             inf     0.00000e+00            5.34     0.00000e+00
  30 -5.04224944e+03             inf     0.00000e+00           10.09     0.00000e+00
  40 -5.04044875e+03             inf     0.00000e+00           16.38     0.00000e+00
  50 -5.04002616e+03             inf     0.00000e+00           25.36     0.00000e+00
  60 -5.03984847e+03             inf     0.00000e+00           33.41     0.00000e+00
  70 -5.03981489e+03             inf     0.00000e+00           43.77     0.00000e+00
  80 -5.03955863e+03             inf     0.00000e+00           54.51     0.00000e+00
  90 -5.03952577e+03             inf     0.00000e+00           68.42     0.00000e+00
 100 -5.03936377e+03             inf     0.00000e+00           83.19     0.00000e+00
 110 -5.03880205e+03             inf     0.00000e+00          100.84     0.00000e+00
==============================================================================================
Pass              LB             iUB             iHW       F time       B time    Wall time
Sim1000    -5.03880e+03    -3.01660e+03     8.23054e+02         0.00         0.00       123.70
==============================================================================================
