Hydro_R10_AR1_T12_N10_I500ESS_SDDP_SC_SP_-1.000000_ES
Multicut: False
Dynamic Sampling: False
==============================================================================================
Pass              LB             iUB             iHW    Wall time           Other
==============================================================================================
   0 -1.00006458e+08             inf     0.00000e+00            0.01     0.00000e+00
  10 -6.32751973e+04             inf     0.00000e+00            0.52     0.00000e+00
  20 -6.26696853e+04             inf     0.00000e+00            1.08     0.00000e+00
  30 -6.25557788e+04             inf     0.00000e+00            1.70     0.00000e+00
  40 -6.24815260e+04             inf     0.00000e+00            2.31     0.00000e+00
  50 -6.24214841e+04             inf     0.00000e+00            2.95     0.00000e+00
  60 -6.23752925e+04             inf     0.00000e+00            3.63     0.00000e+00
  70 -6.23510349e+04             inf     0.00000e+00            4.35     0.00000e+00
  80 -6.23360625e+04             inf     0.00000e+00            5.11     0.00000e+00
  90 -6.23230323e+04             inf     0.00000e+00            5.87     0.00000e+00
 100 -6.23133698e+04             inf     0.00000e+00            6.74     0.00000e+00
 110 -6.23057551e+04             inf     0.00000e+00            7.57     0.00000e+00
 120 -6.22983802e+04             inf     0.00000e+00            8.43     0.00000e+00
 130 -6.22927339e+04             inf     0.00000e+00            9.33     0.00000e+00
 140 -6.22867935e+04             inf     0.00000e+00           10.23     0.00000e+00
 150 -6.22803013e+04             inf     0.00000e+00           11.20     0.00000e+00
 160 -6.22740297e+04             inf     0.00000e+00           12.22     0.00000e+00
 170 -6.22692663e+04             inf     0.00000e+00           13.22     0.00000e+00
 180 -6.22654575e+04             inf     0.00000e+00           14.24     0.00000e+00
 190 -6.22617648e+04             inf     0.00000e+00           15.31     0.00000e+00
 200 -6.22587335e+04             inf     0.00000e+00           16.40     0.00000e+00
 210 -6.22570679e+04             inf     0.00000e+00           17.52     0.00000e+00
 220 -6.22539251e+04             inf     0.00000e+00           18.79     0.00000e+00
 230 -6.22517912e+04             inf     0.00000e+00           20.00     0.00000e+00
 240 -6.22483632e+04             inf     0.00000e+00           21.22     0.00000e+00
 250 -6.22456891e+04             inf     0.00000e+00           22.57     0.00000e+00
 260 -6.22424087e+04             inf     0.00000e+00           24.04     0.00000e+00
 270 -6.22410523e+04             inf     0.00000e+00           25.53     0.00000e+00
 280 -6.22387834e+04             inf     0.00000e+00           27.16     0.00000e+00
 290 -6.22371423e+04             inf     0.00000e+00           28.56     0.00000e+00
 300 -6.22357126e+04             inf     0.00000e+00           30.37     0.00000e+00
 310 -6.22337131e+04             inf     0.00000e+00           32.22     0.00000e+00
 320 -6.22325597e+04             inf     0.00000e+00           33.84     0.00000e+00
 330 -6.22309300e+04             inf     0.00000e+00           35.39     0.00000e+00
 340 -6.22301750e+04             inf     0.00000e+00           37.01     0.00000e+00
 350 -6.22285277e+04             inf     0.00000e+00           38.73     0.00000e+00
 360 -6.22273727e+04             inf     0.00000e+00           40.45     0.00000e+00
 370 -6.22260892e+04             inf     0.00000e+00           42.39     0.00000e+00
 380 -6.22248986e+04             inf     0.00000e+00           44.27     0.00000e+00
 390 -6.22238751e+04             inf     0.00000e+00           46.18     0.00000e+00
 400 -6.22228705e+04             inf     0.00000e+00           48.03     0.00000e+00
 410 -6.22216307e+04             inf     0.00000e+00           49.92     0.00000e+00
 420 -6.22201313e+04             inf     0.00000e+00           51.86     0.00000e+00
 430 -6.22191110e+04             inf     0.00000e+00           53.89     0.00000e+00
 440 -6.22181085e+04             inf     0.00000e+00           55.91     0.00000e+00
 450 -6.22171532e+04             inf     0.00000e+00           57.95     0.00000e+00
 460 -6.22163538e+04             inf     0.00000e+00           60.08     0.00000e+00
 470 -6.22156112e+04             inf     0.00000e+00           62.28     0.00000e+00
 480 -6.22148162e+04             inf     0.00000e+00           64.37     0.00000e+00
 490 -6.22137937e+04             inf     0.00000e+00           66.49     0.00000e+00
 500 -6.22126503e+04             inf     0.00000e+00           68.73     0.00000e+00
==============================================================================================
Pass              LB             iUB             iHW       F time       B time    Wall time
Sim1000    -6.22127e+04    -5.06975e+04     1.65718e+03         0.00         0.00       105.37
==============================================================================================
