Hydro_R2_AR1_T12_N5_5_I10000_Time10_DW_DUAL_MC_DS_0.6000000_None
Multicut: True
Dynamic Sampling: True
==============================================================================================
Pass              LB             iUB             iHW    Wall time           Other
==============================================================================================
   0 -9.99966359e+07             inf     0.00000e+00            0.01     0.00000e+00
  10  5.43085789e+04             inf     0.00000e+00            0.16     0.00000e+00
  20  5.43087018e+04             inf     0.00000e+00            0.38     0.00000e+00
  30  5.43087083e+04             inf     0.00000e+00            0.65     0.00000e+00
  40  5.43087258e+04             inf     0.00000e+00            1.04     0.00000e+00
  50  5.43087265e+04             inf     0.00000e+00            1.43     0.00000e+00
  60  5.43087281e+04             inf     0.00000e+00            1.84     0.00000e+00
  70  5.43087291e+04             inf     0.00000e+00            2.25     0.00000e+00
  80  5.43087291e+04             inf     0.00000e+00            2.75     0.00000e+00
  90  5.43087292e+04             inf     0.00000e+00            3.21     0.00000e+00
 100  5.43087292e+04             inf     0.00000e+00            3.74     0.00000e+00
 110  5.43087292e+04             inf     0.00000e+00            4.26     0.00000e+00
 120  5.43087293e+04             inf     0.00000e+00            4.85     0.00000e+00
 130  5.43087293e+04             inf     0.00000e+00            5.45     0.00000e+00
 140  5.43087293e+04             inf     0.00000e+00            6.18     0.00000e+00
 150  5.43087293e+04             inf     0.00000e+00            6.93     0.00000e+00
 160  5.43087293e+04             inf     0.00000e+00            7.67     0.00000e+00
 170  5.43087293e+04             inf     0.00000e+00            8.48     0.00000e+00
 180  5.43087293e+04             inf     0.00000e+00            9.32     0.00000e+00
 188  5.43087293e+04             inf     0.00000e+00           10.03     0.00000e+00
Time profiling
           Pass        # LPs        setup      simplex       output   cut update      cut gen        other        total
        Forward         2268         0.10         0.34         0.06         0.01         0.00         0.38         0.89
       Backward        10340         0.55         1.33         6.34         0.02         0.66         0.22         9.13
==============================================================================================
Pass              LB             iUB             iHW       F time       B time    Wall time
Sim500     5.43087e+04     5.38769e+04     3.47688e+01         0.00         0.00        16.95
==============================================================================================
Mean:   	  53876.89
Median: 	  53888.29
SD:     	    388.73
20-80: 	(  53599.12,   54201.31)
10-90: 	(  53363.68,   54335.61)
05-95: 	(  53205.31,   54473.59)
