Hydro_R2_AR1_T12_N5_15_I10000_Time300_DW_DUAL_MC_DS_0.0080_cvx_hull
Multicut: True
Dynamic Sampling: True
==============================================================================================
Pass              LB             iUB             iHW    Wall time           Other
==============================================================================================
   0 -1.00000858e+08             inf     0.00000e+00            0.01     0.00000e+00
  10 -5.07140556e+03             inf     0.00000e+00            0.80     0.00000e+00
  20 -5.06254941e+03             inf     0.00000e+00            2.22     0.00000e+00
  30 -5.06006734e+03             inf     0.00000e+00            3.89     0.00000e+00
  40 -5.05759869e+03             inf     0.00000e+00            6.12     0.00000e+00
  50 -5.05722013e+03             inf     0.00000e+00            8.84     0.00000e+00
  60 -5.05713653e+03             inf     0.00000e+00           11.89     0.00000e+00
  70 -5.05711833e+03             inf     0.00000e+00           15.70     0.00000e+00
  80 -5.05685274e+03             inf     0.00000e+00           20.43     0.00000e+00
  90 -5.05684345e+03             inf     0.00000e+00           25.97     0.00000e+00
 100 -5.05677515e+03             inf     0.00000e+00           32.33     0.00000e+00
 110 -5.05597153e+03             inf     0.00000e+00           39.79     0.00000e+00
 120 -5.05569968e+03             inf     0.00000e+00           47.27     0.00000e+00
 130 -5.05569309e+03             inf     0.00000e+00           55.10     0.00000e+00
 140 -5.05554810e+03             inf     0.00000e+00           62.69     0.00000e+00
 150 -5.05553473e+03             inf     0.00000e+00           70.92     0.00000e+00
 160 -5.05552550e+03             inf     0.00000e+00           79.73     0.00000e+00
 170 -5.05541060e+03             inf     0.00000e+00           89.21     0.00000e+00
 180 -5.05534258e+03             inf     0.00000e+00           99.70     0.00000e+00
 190 -5.05520819e+03             inf     0.00000e+00          110.09     0.00000e+00
 200 -5.05516022e+03             inf     0.00000e+00          121.23     0.00000e+00
 210 -5.05510701e+03             inf     0.00000e+00          132.78     0.00000e+00
 220 -5.05509319e+03             inf     0.00000e+00          146.45     0.00000e+00
 230 -5.05509132e+03             inf     0.00000e+00          160.99     0.00000e+00
 240 -5.05508834e+03             inf     0.00000e+00          174.89     0.00000e+00
 250 -5.05508675e+03             inf     0.00000e+00          191.30     0.00000e+00
 260 -5.05508500e+03             inf     0.00000e+00          208.02     0.00000e+00
 270 -5.05508216e+03             inf     0.00000e+00          224.96     0.00000e+00
 280 -5.05505536e+03             inf     0.00000e+00          241.23     0.00000e+00
 290 -5.05505422e+03             inf     0.00000e+00          258.41     0.00000e+00
 300 -5.05501542e+03             inf     0.00000e+00          275.42     0.00000e+00
 310 -5.05501115e+03             inf     0.00000e+00          293.77     0.00000e+00
 313 -5.05501057e+03             inf     0.00000e+00          300.77     0.00000e+00
==============================================================================================
Pass              LB             iUB             iHW       F time       B time    Wall time
Sim1000    -5.05501e+03     8.44690e+00     9.39774e+02         0.00         0.00       330.54
==============================================================================================
