Hydro_R2_AR1_T12_N5_15_I10000_Time60_DW_DUAL_MC_DS_0.5000_None
Multicut: True
Dynamic Sampling: True
==============================================================================================
Pass              LB             iUB             iHW    Wall time           Other
==============================================================================================
   0 -1.00000858e+08             inf     0.00000e+00            0.01     0.00000e+00
  10 -4.80020124e+03             inf     0.00000e+00            0.75     0.00000e+00
  20 -4.79323199e+03             inf     0.00000e+00            1.90     0.00000e+00
  30 -4.79092679e+03             inf     0.00000e+00            3.26     0.00000e+00
  40 -4.78969962e+03             inf     0.00000e+00            4.85     0.00000e+00
  50 -4.78935779e+03             inf     0.00000e+00            6.88     0.00000e+00
  60 -4.78896632e+03             inf     0.00000e+00            9.25     0.00000e+00
  70 -4.78891373e+03             inf     0.00000e+00           11.84     0.00000e+00
  80 -4.78882743e+03             inf     0.00000e+00           14.80     0.00000e+00
  90 -4.78879824e+03             inf     0.00000e+00           18.24     0.00000e+00
 100 -4.78868157e+03             inf     0.00000e+00           21.91     0.00000e+00
 110 -4.78847094e+03             inf     0.00000e+00           25.87     0.00000e+00
 120 -4.78835799e+03             inf     0.00000e+00           30.36     0.00000e+00
 130 -4.78834097e+03             inf     0.00000e+00           35.28     0.00000e+00
 140 -4.78831663e+03             inf     0.00000e+00           40.64     0.00000e+00
 150 -4.78829428e+03             inf     0.00000e+00           46.60     0.00000e+00
 160 -4.78827710e+03             inf     0.00000e+00           52.89     0.00000e+00
 170 -4.78818408e+03             inf     0.00000e+00           59.63     0.00000e+00
 171 -4.78817935e+03             inf     0.00000e+00           60.36     0.00000e+00
==============================================================================================
Pass              LB             iUB             iHW       F time       B time    Wall time
Sim1000    -4.78818e+03    -2.95365e+03     8.23106e+02         0.00         0.00        79.04
==============================================================================================
