Hydro_R2_AR1_T12_N5_15_I10000_Time60_DW_DUAL_MC_DS_0.0001_None
Multicut: True
Dynamic Sampling: True
==============================================================================================
Pass              LB             iUB             iHW    Wall time           Other
==============================================================================================
   0 -1.00000858e+08             inf     0.00000e+00            0.01     0.00000e+00
  10 -5.07486607e+03             inf     0.00000e+00            0.69     0.00000e+00
  20 -5.06316266e+03             inf     0.00000e+00            1.80     0.00000e+00
  30 -5.06209414e+03             inf     0.00000e+00            3.22     0.00000e+00
  40 -5.06031335e+03             inf     0.00000e+00            5.05     0.00000e+00
  50 -5.06006656e+03             inf     0.00000e+00            7.10     0.00000e+00
  60 -5.05994708e+03             inf     0.00000e+00            9.29     0.00000e+00
  70 -5.05992764e+03             inf     0.00000e+00           11.78     0.00000e+00
  80 -5.05968368e+03             inf     0.00000e+00           14.58     0.00000e+00
  90 -5.05964946e+03             inf     0.00000e+00           17.65     0.00000e+00
 100 -5.05948126e+03             inf     0.00000e+00           21.11     0.00000e+00
 110 -5.05926414e+03             inf     0.00000e+00           24.82     0.00000e+00
 120 -5.05910623e+03             inf     0.00000e+00           28.84     0.00000e+00
 130 -5.05909034e+03             inf     0.00000e+00           33.37     0.00000e+00
 140 -5.05892644e+03             inf     0.00000e+00           38.13     0.00000e+00
 150 -5.05892098e+03             inf     0.00000e+00           43.39     0.00000e+00
 160 -5.05891507e+03             inf     0.00000e+00           49.22     0.00000e+00
 170 -5.05884783e+03             inf     0.00000e+00           55.53     0.00000e+00
 178 -5.05883533e+03             inf     0.00000e+00           60.40     0.00000e+00
==============================================================================================
Pass              LB             iUB             iHW       F time       B time    Wall time
Sim1000    -5.05884e+03     3.30976e+01     9.41715e+02         0.00         0.00        78.74
==============================================================================================
