Hydro_R10_AR1_T12_N5_5_I10000_Time20_DW_DUAL_MC_DS_0.8000000_None
Multicut: True
Dynamic Sampling: True
==============================================================================================
Pass              LB             iUB             iHW    Wall time           Other
==============================================================================================
   0 -1.00004104e+08             inf     0.00000e+00            0.01     0.00000e+00
  10 -3.40097016e+04             inf     0.00000e+00            0.43     0.00000e+00
  20 -3.38563086e+04             inf     0.00000e+00            0.98     0.00000e+00
  30 -3.38387710e+04             inf     0.00000e+00            1.77     0.00000e+00
  40 -3.38306574e+04             inf     0.00000e+00            2.42     0.00000e+00
  50 -3.38282301e+04             inf     0.00000e+00            3.21     0.00000e+00
  60 -3.38258613e+04             inf     0.00000e+00            4.15     0.00000e+00
  70 -3.38242222e+04             inf     0.00000e+00            5.15     0.00000e+00
  80 -3.38231099e+04             inf     0.00000e+00            6.27     0.00000e+00
  90 -3.38221183e+04             inf     0.00000e+00            7.47     0.00000e+00
 100 -3.38215802e+04             inf     0.00000e+00            8.70     0.00000e+00
 110 -3.38211274e+04             inf     0.00000e+00            9.95     0.00000e+00
 120 -3.38208158e+04             inf     0.00000e+00           11.37     0.00000e+00
 130 -3.38204620e+04             inf     0.00000e+00           12.86     0.00000e+00
 140 -3.38201383e+04             inf     0.00000e+00           14.70     0.00000e+00
 150 -3.38199946e+04             inf     0.00000e+00           16.45     0.00000e+00
 160 -3.38198225e+04             inf     0.00000e+00           18.33     0.00000e+00
 168 -3.38196169e+04             inf     0.00000e+00           20.02     0.00000e+00
Time profiling
           Pass        # LPs        setup      simplex       output   cut update      cut gen        other        total
        Forward         2028         0.38         1.20         0.14         0.01         0.00         0.50         2.23
       Backward         9240         2.08         5.23         8.38         0.03         1.77         0.30        17.79
