Hydro_R2_AR1_T12_N5_15_I10000_Time300_DW_DUAL_MC_DS_0.0030_cvx_hull
Multicut: True
Dynamic Sampling: True
==============================================================================================
Pass              LB             iUB             iHW    Wall time           Other
==============================================================================================
   0 -1.00000858e+08             inf     0.00000e+00            0.01     0.00000e+00
  10 -5.07399302e+03             inf     0.00000e+00            0.70     0.00000e+00
  20 -5.06305176e+03             inf     0.00000e+00            2.00     0.00000e+00
  30 -5.06203831e+03             inf     0.00000e+00            3.75     0.00000e+00
  40 -5.05963940e+03             inf     0.00000e+00            5.93     0.00000e+00
  50 -5.05946728e+03             inf     0.00000e+00            9.50     0.00000e+00
  60 -5.05942715e+03             inf     0.00000e+00           13.55     0.00000e+00
  70 -5.05940925e+03             inf     0.00000e+00           17.27     0.00000e+00
  80 -5.05916252e+03             inf     0.00000e+00           21.76     0.00000e+00
  90 -5.05913565e+03             inf     0.00000e+00           26.01     0.00000e+00
 100 -5.05897328e+03             inf     0.00000e+00           31.21     0.00000e+00
 110 -5.05840380e+03             inf     0.00000e+00           37.05     0.00000e+00
 120 -5.05824545e+03             inf     0.00000e+00           45.11     0.00000e+00
 130 -5.05823209e+03             inf     0.00000e+00           53.71     0.00000e+00
 140 -5.05797336e+03             inf     0.00000e+00           63.66     0.00000e+00
 150 -5.05796630e+03             inf     0.00000e+00           75.49     0.00000e+00
 160 -5.05796094e+03             inf     0.00000e+00           85.50     0.00000e+00
 170 -5.05789177e+03             inf     0.00000e+00           95.98     0.00000e+00
 180 -5.05787895e+03             inf     0.00000e+00          107.26     0.00000e+00
 190 -5.05774723e+03             inf     0.00000e+00          119.14     0.00000e+00
 200 -5.05771324e+03             inf     0.00000e+00          134.87     0.00000e+00
 210 -5.05770824e+03             inf     0.00000e+00          148.22     0.00000e+00
 220 -5.05770690e+03             inf     0.00000e+00          162.34     0.00000e+00
 230 -5.05770517e+03             inf     0.00000e+00          180.75     0.00000e+00
 240 -5.05770400e+03             inf     0.00000e+00          196.93     0.00000e+00
 250 -5.05770274e+03             inf     0.00000e+00          212.86     0.00000e+00
 260 -5.05770156e+03             inf     0.00000e+00          229.97     0.00000e+00
 270 -5.05769957e+03             inf     0.00000e+00          249.89     0.00000e+00
 280 -5.05767117e+03             inf     0.00000e+00          269.30     0.00000e+00
 290 -5.05766976e+03             inf     0.00000e+00          289.96     0.00000e+00
 295 -5.05766171e+03             inf     0.00000e+00          300.21     0.00000e+00
==============================================================================================
Pass              LB             iUB             iHW       F time       B time    Wall time
Sim1000    -5.05766e+03     8.29191e+00     9.39779e+02         0.00         0.00       334.46
==============================================================================================
