Hydro_R2_AR1_T12_N5_15_I10000_Time300_DW_DUAL_MC_DS_30.0000_None
Multicut: True
Dynamic Sampling: True
==============================================================================================
Pass              LB             iUB             iHW    Wall time           Other
==============================================================================================
   0 -1.00000858e+08             inf     0.00000e+00            0.02     0.00000e+00
  10 -1.98294035e+03             inf     0.00000e+00            1.08     0.00000e+00
  20 -1.98294035e+03             inf     0.00000e+00            2.50     0.00000e+00
  30 -1.98294035e+03             inf     0.00000e+00            4.51     0.00000e+00
  40 -1.98294035e+03             inf     0.00000e+00            6.83     0.00000e+00
  50 -1.98294035e+03             inf     0.00000e+00            9.65     0.00000e+00
  60 -1.98294035e+03             inf     0.00000e+00           13.00     0.00000e+00
  70 -1.98294035e+03             inf     0.00000e+00           16.82     0.00000e+00
  80 -1.98294035e+03             inf     0.00000e+00           20.98     0.00000e+00
  90 -1.98294035e+03             inf     0.00000e+00           26.58     0.00000e+00
 100 -1.98294035e+03             inf     0.00000e+00           32.81     0.00000e+00
 110 -1.98294035e+03             inf     0.00000e+00           37.91     0.00000e+00
 120 -1.98294035e+03             inf     0.00000e+00           43.37     0.00000e+00
 130 -1.98294035e+03             inf     0.00000e+00           49.07     0.00000e+00
 140 -1.98294035e+03             inf     0.00000e+00           55.41     0.00000e+00
 150 -1.98294035e+03             inf     0.00000e+00           62.90     0.00000e+00
 160 -1.98294035e+03             inf     0.00000e+00           69.92     0.00000e+00
 170 -1.98294035e+03             inf     0.00000e+00           77.95     0.00000e+00
 180 -1.98294035e+03             inf     0.00000e+00           87.61     0.00000e+00
 190 -1.98294035e+03             inf     0.00000e+00           97.08     0.00000e+00
 200 -1.98294035e+03             inf     0.00000e+00          107.14     0.00000e+00
 210 -1.98294035e+03             inf     0.00000e+00          118.14     0.00000e+00
 220 -1.98294035e+03             inf     0.00000e+00          129.13     0.00000e+00
 230 -1.98294035e+03             inf     0.00000e+00          138.03     0.00000e+00
 240 -1.98294035e+03             inf     0.00000e+00          147.19     0.00000e+00
 250 -1.98294035e+03             inf     0.00000e+00          157.57     0.00000e+00
 260 -1.98294035e+03             inf     0.00000e+00          168.92     0.00000e+00
 270 -1.98294035e+03             inf     0.00000e+00          179.36     0.00000e+00
 280 -1.98294035e+03             inf     0.00000e+00          190.75     0.00000e+00
 290 -1.98294035e+03             inf     0.00000e+00          202.01     0.00000e+00
 300 -1.98294035e+03             inf     0.00000e+00          213.72     0.00000e+00
 310 -1.98294035e+03             inf     0.00000e+00          226.15     0.00000e+00
 320 -1.98294035e+03             inf     0.00000e+00          238.85     0.00000e+00
 330 -1.98294035e+03             inf     0.00000e+00          252.36     0.00000e+00
 340 -1.98294035e+03             inf     0.00000e+00          267.53     0.00000e+00
 350 -1.98294035e+03             inf     0.00000e+00          282.13     0.00000e+00
 360 -1.98294035e+03             inf     0.00000e+00          300.49     0.00000e+00
==============================================================================================
Pass              LB             iUB             iHW       F time       B time    Wall time
Sim1000    -1.98294e+03    -4.36457e+03     6.42307e+01         0.00         0.00       332.59
==============================================================================================
