Hydro_R2_AR1_T12_N5_15_I10000_Time60_DW_DUAL_MC_DS_0.0030_cvx_hull
Multicut: True
Dynamic Sampling: True
==============================================================================================
Pass              LB             iUB             iHW    Wall time           Other
==============================================================================================
   0 -1.00000858e+08             inf     0.00000e+00            0.01     0.00000e+00
  10 -5.07399302e+03             inf     0.00000e+00            1.31     0.00000e+00
  20 -5.06305176e+03             inf     0.00000e+00            3.77     0.00000e+00
  30 -5.06203831e+03             inf     0.00000e+00            6.46     0.00000e+00
  40 -5.05963940e+03             inf     0.00000e+00            9.66     0.00000e+00
  50 -5.05946728e+03             inf     0.00000e+00           13.73     0.00000e+00
  60 -5.05942715e+03             inf     0.00000e+00           18.66     0.00000e+00
  70 -5.05940925e+03             inf     0.00000e+00           23.96     0.00000e+00
  80 -5.05916252e+03             inf     0.00000e+00           30.46     0.00000e+00
  90 -5.05913565e+03             inf     0.00000e+00           38.12     0.00000e+00
 100 -5.05897328e+03             inf     0.00000e+00           46.72     0.00000e+00
 110 -5.05840380e+03             inf     0.00000e+00           56.32     0.00000e+00
 115 -5.05840005e+03             inf     0.00000e+00           60.71     0.00000e+00
==============================================================================================
Pass              LB             iUB             iHW       F time       B time    Wall time
Sim1000    -5.05840e+03    -6.62117e+00     9.39807e+02         0.00         0.00        91.92
==============================================================================================
