Hydro_R2_AR1_T12_N5_15_I10000_Time300_DW_DUAL_MC_DS_5.0000_cvx_hull2
Multicut: True
Dynamic Sampling: True
==============================================================================================
Pass              LB             iUB             iHW    Wall time           Other
==============================================================================================
   0 -1.00000858e+08             inf     0.00000e+00            0.01     0.00000e+00
  10 -2.60916852e+03             inf     0.00000e+00            0.62     0.00000e+00
  20 -2.60903566e+03             inf     0.00000e+00            1.58     0.00000e+00
  30 -2.60903008e+03             inf     0.00000e+00            2.77     0.00000e+00
  40 -2.60900680e+03             inf     0.00000e+00            4.12     0.00000e+00
  50 -2.60900108e+03             inf     0.00000e+00            5.75     0.00000e+00
  60 -2.60900036e+03             inf     0.00000e+00            7.71     0.00000e+00
  70 -2.60899599e+03             inf     0.00000e+00            9.91     0.00000e+00
  80 -2.60899599e+03             inf     0.00000e+00           12.41     0.00000e+00
  90 -2.60899546e+03             inf     0.00000e+00           15.02     0.00000e+00
 100 -2.60899524e+03             inf     0.00000e+00           18.01     0.00000e+00
 110 -2.60899514e+03             inf     0.00000e+00           21.19     0.00000e+00
 120 -2.60899490e+03             inf     0.00000e+00           24.68     0.00000e+00
 130 -2.60899490e+03             inf     0.00000e+00           28.57     0.00000e+00
 140 -2.60899483e+03             inf     0.00000e+00           32.79     0.00000e+00
 150 -2.60899481e+03             inf     0.00000e+00           37.34     0.00000e+00
 160 -2.60899469e+03             inf     0.00000e+00           42.26     0.00000e+00
 170 -2.60899465e+03             inf     0.00000e+00           47.50     0.00000e+00
 180 -2.60899465e+03             inf     0.00000e+00           53.17     0.00000e+00
 190 -2.60899464e+03             inf     0.00000e+00           59.24     0.00000e+00
 200 -2.60899463e+03             inf     0.00000e+00           65.67     0.00000e+00
 210 -2.60899463e+03             inf     0.00000e+00           72.40     0.00000e+00
 220 -2.60899463e+03             inf     0.00000e+00           79.70     0.00000e+00
 230 -2.60899463e+03             inf     0.00000e+00           87.40     0.00000e+00
 240 -2.60899462e+03             inf     0.00000e+00           95.50     0.00000e+00
 250 -2.60899462e+03             inf     0.00000e+00          104.06     0.00000e+00
 260 -2.60899461e+03             inf     0.00000e+00          113.19     0.00000e+00
 270 -2.60899460e+03             inf     0.00000e+00          122.66     0.00000e+00
 280 -2.60899455e+03             inf     0.00000e+00          132.57     0.00000e+00
 290 -2.60899450e+03             inf     0.00000e+00          143.02     0.00000e+00
 300 -2.60899445e+03             inf     0.00000e+00          153.94     0.00000e+00
 310 -2.60899444e+03             inf     0.00000e+00          165.28     0.00000e+00
 320 -2.60899444e+03             inf     0.00000e+00          177.07     0.00000e+00
 330 -2.60899443e+03             inf     0.00000e+00          189.33     0.00000e+00
 340 -2.60899442e+03             inf     0.00000e+00          202.28     0.00000e+00
 350 -2.60899442e+03             inf     0.00000e+00          215.70     0.00000e+00
 360 -2.60899442e+03             inf     0.00000e+00          229.41     0.00000e+00
 370 -2.60899442e+03             inf     0.00000e+00          243.57     0.00000e+00
 380 -2.60899442e+03             inf     0.00000e+00          256.94     0.00000e+00
 390 -2.60899442e+03             inf     0.00000e+00          269.18     0.00000e+00
 400 -2.60899442e+03             inf     0.00000e+00          281.79     0.00000e+00
 410 -2.60899442e+03             inf     0.00000e+00          294.75     0.00000e+00
 415 -2.60899442e+03             inf     0.00000e+00          301.28     0.00000e+00
==============================================================================================
Pass              LB             iUB             iHW       F time       B time    Wall time
Sim1000    -2.60899e+03    -2.89842e+03     4.13524e+02         0.00         0.00       323.26
==============================================================================================
