Hydro_R2_AR1_T12_N5_15_I10000_Time60_DW_DUAL_MC_DS_0.0001_cvx_hull
Multicut: True
Dynamic Sampling: True
==============================================================================================
Pass              LB             iUB             iHW    Wall time           Other
==============================================================================================
   0 -1.00000858e+08             inf     0.00000e+00            0.01     0.00000e+00
  10 -5.07550779e+03             inf     0.00000e+00            0.64     0.00000e+00
  20 -5.06456092e+03             inf     0.00000e+00            1.78     0.00000e+00
  30 -5.06355050e+03             inf     0.00000e+00            3.30     0.00000e+00
  40 -5.06110925e+03             inf     0.00000e+00            5.07     0.00000e+00
  50 -5.06093527e+03             inf     0.00000e+00            7.27     0.00000e+00
  60 -5.06089416e+03             inf     0.00000e+00           10.05     0.00000e+00
  70 -5.06087581e+03             inf     0.00000e+00           13.14     0.00000e+00
  80 -5.06063396e+03             inf     0.00000e+00           16.57     0.00000e+00
  90 -5.06060607e+03             inf     0.00000e+00           20.30     0.00000e+00
 100 -5.06044427e+03             inf     0.00000e+00           24.32     0.00000e+00
 110 -5.05987951e+03             inf     0.00000e+00           29.00     0.00000e+00
 120 -5.05971145e+03             inf     0.00000e+00           34.38     0.00000e+00
 130 -5.05969858e+03             inf     0.00000e+00           40.35     0.00000e+00
 140 -5.05948142e+03             inf     0.00000e+00           46.82     0.00000e+00
 150 -5.05947504e+03             inf     0.00000e+00           53.90     0.00000e+00
 158 -5.05947249e+03             inf     0.00000e+00           60.02     0.00000e+00
==============================================================================================
Pass              LB             iUB             iHW       F time       B time    Wall time
Sim1000    -5.05947e+03    -7.40580e+00     9.39786e+02         0.00         0.00        79.37
==============================================================================================
