Hydro_R2_AR1_T12_N5_15_I10000_Time300_DW_DUAL_MC_DS_80.0000_cvx_hull
Multicut: True
Dynamic Sampling: True
==============================================================================================
Pass              LB             iUB             iHW    Wall time           Other
==============================================================================================
   0 -1.00000858e+08             inf     0.00000e+00            0.02     0.00000e+00
  10 -3.29336880e+03             inf     0.00000e+00            0.96     0.00000e+00
  20 -3.29336880e+03             inf     0.00000e+00            2.64     0.00000e+00
  30 -3.29336880e+03             inf     0.00000e+00            4.89     0.00000e+00
  40 -3.29336880e+03             inf     0.00000e+00            7.57     0.00000e+00
  50 -3.29336880e+03             inf     0.00000e+00           10.49     0.00000e+00
  60 -3.29336880e+03             inf     0.00000e+00           14.03     0.00000e+00
  70 -3.29336880e+03             inf     0.00000e+00           18.14     0.00000e+00
  80 -3.29336880e+03             inf     0.00000e+00           22.86     0.00000e+00
  90 -3.29336880e+03             inf     0.00000e+00           28.54     0.00000e+00
 100 -3.29336880e+03             inf     0.00000e+00           35.04     0.00000e+00
 110 -3.29336880e+03             inf     0.00000e+00           41.88     0.00000e+00
 120 -3.29336880e+03             inf     0.00000e+00           49.31     0.00000e+00
 130 -3.29336880e+03             inf     0.00000e+00           56.73     0.00000e+00
 140 -3.29336880e+03             inf     0.00000e+00           64.91     0.00000e+00
 150 -3.29336880e+03             inf     0.00000e+00           75.23     0.00000e+00
 160 -3.29336880e+03             inf     0.00000e+00           85.46     0.00000e+00
 170 -3.29336880e+03             inf     0.00000e+00           95.75     0.00000e+00
 180 -3.29336880e+03             inf     0.00000e+00          107.06     0.00000e+00
 190 -3.29336880e+03             inf     0.00000e+00          118.32     0.00000e+00
 200 -3.29336880e+03             inf     0.00000e+00          130.21     0.00000e+00
 210 -3.29336880e+03             inf     0.00000e+00          143.13     0.00000e+00
 220 -3.29336880e+03             inf     0.00000e+00          156.05     0.00000e+00
 230 -3.29336880e+03             inf     0.00000e+00          166.97     0.00000e+00
 240 -3.29336880e+03             inf     0.00000e+00          178.55     0.00000e+00
 250 -3.29336880e+03             inf     0.00000e+00          190.51     0.00000e+00
 260 -3.29336880e+03             inf     0.00000e+00          202.98     0.00000e+00
 270 -3.29336880e+03             inf     0.00000e+00          217.72     0.00000e+00
 280 -3.29336880e+03             inf     0.00000e+00          233.88     0.00000e+00
 290 -3.29336880e+03             inf     0.00000e+00          251.04     0.00000e+00
 300 -3.29336880e+03             inf     0.00000e+00          265.96     0.00000e+00
 310 -3.29336880e+03             inf     0.00000e+00          283.91     0.00000e+00
 320 -3.29336880e+03             inf     0.00000e+00          299.65     0.00000e+00
 321 -3.29336880e+03             inf     0.00000e+00          301.19     0.00000e+00
==============================================================================================
Pass              LB             iUB             iHW       F time       B time    Wall time
Sim1000    -3.29337e+03     3.38311e+02     9.87727e+02         0.00         0.00       328.83
==============================================================================================
