Hydro_R10_AR1_T12_N5_5_I10000_Time20_DW_DUAL_MC_DS_0.0800000_None
Multicut: True
Dynamic Sampling: True
==============================================================================================
Pass              LB             iUB             iHW    Wall time           Other
==============================================================================================
   0 -1.00004104e+08             inf     0.00000e+00            0.01     0.00000e+00
  10 -3.45691523e+04             inf     0.00000e+00            0.41     0.00000e+00
  20 -3.45096209e+04             inf     0.00000e+00            0.85     0.00000e+00
  30 -3.45014981e+04             inf     0.00000e+00            1.44     0.00000e+00
  40 -3.44946077e+04             inf     0.00000e+00            2.04     0.00000e+00
  50 -3.44913337e+04             inf     0.00000e+00            2.69     0.00000e+00
  60 -3.44890571e+04             inf     0.00000e+00            3.48     0.00000e+00
  70 -3.44878360e+04             inf     0.00000e+00            4.34     0.00000e+00
  80 -3.44865195e+04             inf     0.00000e+00            5.30     0.00000e+00
  90 -3.44852963e+04             inf     0.00000e+00            6.34     0.00000e+00
 100 -3.44846065e+04             inf     0.00000e+00            7.44     0.00000e+00
 110 -3.44841426e+04             inf     0.00000e+00            8.66     0.00000e+00
 120 -3.44838010e+04             inf     0.00000e+00            9.91     0.00000e+00
 130 -3.44833609e+04             inf     0.00000e+00           11.28     0.00000e+00
 140 -3.44830701e+04             inf     0.00000e+00           12.75     0.00000e+00
 150 -3.44828284e+04             inf     0.00000e+00           14.21     0.00000e+00
 160 -3.44825514e+04             inf     0.00000e+00           15.76     0.00000e+00
 170 -3.44823717e+04             inf     0.00000e+00           17.46     0.00000e+00
 180 -3.44822164e+04             inf     0.00000e+00           19.26     0.00000e+00
 184 -3.44821559e+04             inf     0.00000e+00           20.02     0.00000e+00
Time profiling
           Pass        # LPs        setup      simplex       output   cut update      cut gen        other        total
        Forward         2220         0.36         1.25         0.13         0.01         0.00         0.45         2.20
       Backward        10120         1.92         5.45         8.48         0.03         1.67         0.28        17.82
==============================================================================================
Pass              LB             iUB             iHW       F time       B time    Wall time
Sim500    -3.44822e+04    -3.45440e+04     2.06032e+02         0.00         0.00        32.43
==============================================================================================
Mean:   	 -34543.97
Median: 	 -34488.90
SD:     	   2303.51
20-80: 	( -36334.84,  -32684.21)
10-90: 	( -37399.36,  -31587.18)
05-95: 	( -38438.95,  -30799.23)
