Hydro_R2_AR1_T12_N5_15_I10000_Time300_DW_DUAL_MC_DS_3.0000_cvx_hull
Multicut: True
Dynamic Sampling: True
==============================================================================================
Pass              LB             iUB             iHW    Wall time           Other
==============================================================================================
   0 -1.00000858e+08             inf     0.00000e+00            0.01     0.00000e+00
  10 -3.61300806e+03             inf     0.00000e+00            0.73     0.00000e+00
  20 -3.61294069e+03             inf     0.00000e+00            1.81     0.00000e+00
  30 -3.61294069e+03             inf     0.00000e+00            3.11     0.00000e+00
  40 -3.61294040e+03             inf     0.00000e+00            4.77     0.00000e+00
  50 -3.61294038e+03             inf     0.00000e+00            6.82     0.00000e+00
  60 -3.61294038e+03             inf     0.00000e+00           12.14     0.00000e+00
  70 -3.61292955e+03             inf     0.00000e+00           22.03     0.00000e+00
  80 -3.61292597e+03             inf     0.00000e+00           25.10     0.00000e+00
  90 -3.61282446e+03             inf     0.00000e+00           28.64     0.00000e+00
 100 -3.61280268e+03             inf     0.00000e+00           32.64     0.00000e+00
 101 -3.61280268e+03             inf     0.00000e+00          405.71     0.00000e+00
==============================================================================================
Pass              LB             iUB             iHW       F time       B time    Wall time
Sim1000    -3.61280e+03     4.46701e+02     9.91590e+02         0.00         0.00       432.16
==============================================================================================
