Hydro_R10_AR1_T12_N10_10_I101000_Time20_DW_DUAL_MC_ES_1.0000000_None
Multicut: True
Dynamic Sampling: False
==============================================================================================
Pass              LB             iUB             iHW    Wall time           Other
==============================================================================================
   0 -1.00004104e+08             inf     0.00000e+00            0.02     0.00000e+00
  10 -5.27878031e+04             inf     0.00000e+00            0.81     0.00000e+00
  20 -5.26922357e+04             inf     0.00000e+00            1.78     0.00000e+00
  30 -5.26776157e+04             inf     0.00000e+00            3.06     0.00000e+00
  40 -5.26680947e+04             inf     0.00000e+00            4.54     0.00000e+00
  50 -5.26619425e+04             inf     0.00000e+00            6.15     0.00000e+00
  60 -5.26598670e+04             inf     0.00000e+00            8.00     0.00000e+00
  70 -5.26578861e+04             inf     0.00000e+00            9.92     0.00000e+00
  80 -5.26566830e+04             inf     0.00000e+00           12.09     0.00000e+00
  90 -5.26548148e+04             inf     0.00000e+00           14.52     0.00000e+00
 100 -5.26537057e+04             inf     0.00000e+00           17.12     0.00000e+00
 109 -5.26527888e+04             inf     0.00000e+00           20.07     0.00000e+00
Time profiling
           Pass        # LPs        setup      simplex       output   cut update      cut gen        other        total
        Forward         1320         0.21         0.74         0.08         0.00         0.00         0.11         1.14
       Backward        11990         2.11         4.55        10.48         0.03         1.50         0.25        18.93
==============================================================================================
Pass              LB             iUB             iHW       F time       B time    Wall time
Sim1000    -5.26528e+04    -5.31672e+04     8.57041e+01         0.00         0.00        43.58
==============================================================================================
Mean:   	 -53167.19
Median: 	 -53154.22
SD:     	   1355.10
20-80: 	( -54252.92,  -52040.00)
10-90: 	( -54866.67,  -51399.71)
05-95: 	( -55386.27,  -51018.65)
