Hydro_R2_AR1_T12_N6_36_I10000_Time100_DW_DUAL_MC_DS_10.0000_cvx_hull
Multicut: True
Dynamic Sampling: True
==============================================================================================
Pass              LB             iUB             iHW    Wall time           Other
==============================================================================================
   0 -1.00000858e+08             inf     0.00000e+00            0.01     0.00000e+00
  10 -3.29336880e+03             inf     0.00000e+00            3.01     0.00000e+00
  20 -3.29336880e+03             inf     0.00000e+00            8.49     0.00000e+00
  30 -3.29336880e+03             inf     0.00000e+00           14.89     0.00000e+00
  40 -3.29336880e+03             inf     0.00000e+00           23.58     0.00000e+00
  50 -3.29336880e+03             inf     0.00000e+00           34.39     0.00000e+00
  60 -3.29336880e+03             inf     0.00000e+00           48.35     0.00000e+00
  70 -3.29336880e+03             inf     0.00000e+00           65.93     0.00000e+00
  80 -3.29336880e+03             inf     0.00000e+00           91.42     0.00000e+00
  84 -3.29336880e+03             inf     0.00000e+00          100.63     0.00000e+00
==============================================================================================
Pass              LB             iUB             iHW       F time       B time    Wall time
Sim1000    -3.29337e+03     3.78342e+02     9.88818e+02         0.00         0.00       121.40
==============================================================================================
