Hydro_R2_AR1_T12_N5_15_I10000_Time300_DW_DUAL_MC_DS_10.0000_cvx_hull
Multicut: True
Dynamic Sampling: True
==============================================================================================
Pass              LB             iUB             iHW    Wall time           Other
==============================================================================================
   0 -1.00000858e+08             inf     0.00000e+00            0.01     0.00000e+00
  10 -3.29336880e+03             inf     0.00000e+00            0.75     0.00000e+00
  20 -3.29336880e+03             inf     0.00000e+00            2.12     0.00000e+00
  30 -3.29336880e+03             inf     0.00000e+00            3.60     0.00000e+00
  40 -3.29336880e+03             inf     0.00000e+00            5.66     0.00000e+00
  50 -3.29336880e+03             inf     0.00000e+00            8.11     0.00000e+00
  60 -3.29336880e+03             inf     0.00000e+00           10.98     0.00000e+00
  70 -3.29336880e+03             inf     0.00000e+00           14.20     0.00000e+00
  80 -3.29336880e+03             inf     0.00000e+00           18.48     0.00000e+00
  90 -3.29336880e+03             inf     0.00000e+00           23.23     0.00000e+00
 100 -3.29336880e+03             inf     0.00000e+00           27.84     0.00000e+00
 110 -3.29336880e+03             inf     0.00000e+00           33.07     0.00000e+00
 120 -3.29336880e+03             inf     0.00000e+00           38.49     0.00000e+00
 130 -3.29336880e+03             inf     0.00000e+00           44.52     0.00000e+00
 140 -3.29336880e+03             inf     0.00000e+00           51.09     0.00000e+00
 150 -3.29336880e+03             inf     0.00000e+00           57.91     0.00000e+00
 160 -3.29336880e+03             inf     0.00000e+00           65.84     0.00000e+00
 170 -3.29336880e+03             inf     0.00000e+00           73.68     0.00000e+00
 180 -3.29336880e+03             inf     0.00000e+00           82.10     0.00000e+00
 190 -3.29336880e+03             inf     0.00000e+00           91.35     0.00000e+00
 200 -3.29336880e+03             inf     0.00000e+00          102.22     0.00000e+00
 210 -3.29336880e+03             inf     0.00000e+00          113.76     0.00000e+00
 220 -3.29336880e+03             inf     0.00000e+00          124.79     0.00000e+00
 230 -3.29336880e+03             inf     0.00000e+00          135.90     0.00000e+00
 240 -3.29336880e+03             inf     0.00000e+00          148.82     0.00000e+00
 250 -3.29336880e+03             inf     0.00000e+00          161.72     0.00000e+00
 260 -3.29336880e+03             inf     0.00000e+00          176.84     0.00000e+00
 270 -3.29336880e+03             inf     0.00000e+00          191.13     0.00000e+00
 280 -3.29336880e+03             inf     0.00000e+00          206.02     0.00000e+00
 290 -3.29336880e+03             inf     0.00000e+00          220.99     0.00000e+00
 300 -3.29336880e+03             inf     0.00000e+00          236.94     0.00000e+00
 310 -3.29336880e+03             inf     0.00000e+00          253.00     0.00000e+00
 320 -3.29336880e+03             inf     0.00000e+00          269.87     0.00000e+00
 330 -3.29336880e+03             inf     0.00000e+00          288.09     0.00000e+00
 337 -3.29336880e+03             inf     0.00000e+00          300.74     0.00000e+00
==============================================================================================
Pass              LB             iUB             iHW       F time       B time    Wall time
Sim1000    -3.29337e+03     3.38311e+02     9.87727e+02         0.00         0.00       328.66
==============================================================================================
