Hydro_R10_AR1_T12_N10_10_I10000_Time20_DW_DUAL_MC_DS_6.0000000_None
Multicut: True
Dynamic Sampling: True
==============================================================================================
Pass              LB             iUB             iHW    Wall time           Other
==============================================================================================
   0 -1.00004104e+08             inf     0.00000e+00            0.01     0.00000e+00
  10 -2.90306917e+04             inf     0.00000e+00            0.79     0.00000e+00
  20 -2.89143796e+04             inf     0.00000e+00            1.75     0.00000e+00
  30 -2.89000929e+04             inf     0.00000e+00            2.87     0.00000e+00
  40 -2.88950843e+04             inf     0.00000e+00            4.24     0.00000e+00
  50 -2.88935199e+04             inf     0.00000e+00            5.76     0.00000e+00
  60 -2.88916793e+04             inf     0.00000e+00            7.49     0.00000e+00
  70 -2.88909776e+04             inf     0.00000e+00            9.40     0.00000e+00
  80 -2.88901861e+04             inf     0.00000e+00           11.48     0.00000e+00
  90 -2.88897279e+04             inf     0.00000e+00           13.74     0.00000e+00
 100 -2.88893759e+04             inf     0.00000e+00           16.15     0.00000e+00
 110 -2.88890696e+04             inf     0.00000e+00           18.82     0.00000e+00
 115 -2.88889750e+04             inf     0.00000e+00           20.27     0.00000e+00
Time profiling
           Pass        # LPs        setup      simplex       output   cut update      cut gen        other        total
        Forward         1392         0.22         0.79         0.08         0.00         0.00         0.45         1.54
       Backward        12650         2.12         5.93         8.68         0.03         1.70         0.27        18.72
==============================================================================================
Pass              LB             iUB             iHW       F time       B time    Wall time
Sim500    -2.88890e+04    -3.40510e+04     1.86050e+02         0.00         0.00        31.95
==============================================================================================
Mean:   	 -34050.97
Median: 	 -33948.98
SD:     	   2080.10
20-80: 	( -35707.55,  -32287.37)
10-90: 	( -36681.14,  -31507.25)
05-95: 	( -37510.83,  -30749.11)
