Hydro_R10_AR1_T12_N10_10_I10000_Time20_DW_DUAL_MC_DS_8.0000000_None
Multicut: True
Dynamic Sampling: True
==============================================================================================
Pass              LB             iUB             iHW    Wall time           Other
==============================================================================================
   0 -1.00004104e+08             inf     0.00000e+00            0.01     0.00000e+00
  10 -2.81796375e+04             inf     0.00000e+00            0.77     0.00000e+00
  20 -2.79551472e+04             inf     0.00000e+00            1.75     0.00000e+00
  30 -2.79435171e+04             inf     0.00000e+00            2.79     0.00000e+00
  40 -2.79408357e+04             inf     0.00000e+00            4.09     0.00000e+00
  50 -2.79392533e+04             inf     0.00000e+00            5.48     0.00000e+00
  60 -2.79379317e+04             inf     0.00000e+00            7.08     0.00000e+00
  70 -2.79373608e+04             inf     0.00000e+00            8.84     0.00000e+00
  80 -2.79370200e+04             inf     0.00000e+00           10.75     0.00000e+00
  90 -2.79367544e+04             inf     0.00000e+00           12.76     0.00000e+00
 100 -2.79364407e+04             inf     0.00000e+00           14.94     0.00000e+00
 110 -2.79362588e+04             inf     0.00000e+00           17.30     0.00000e+00
 120 -2.79361791e+04             inf     0.00000e+00           19.83     0.00000e+00
 121 -2.79361726e+04             inf     0.00000e+00           20.10     0.00000e+00
Time profiling
           Pass        # LPs        setup      simplex       output   cut update      cut gen        other        total
        Forward         1464         0.22         0.73         0.08         0.00         0.00         0.47         1.51
       Backward        13310         2.21         5.54         8.76         0.03         1.77         0.27        18.58
==============================================================================================
Pass              LB             iUB             iHW       F time       B time    Wall time
Sim500    -2.79362e+04    -3.39225e+04     1.85738e+02         0.00         0.00        30.97
==============================================================================================
Mean:   	 -33922.45
Median: 	 -33846.44
SD:     	   2076.61
20-80: 	( -35538.45,  -32162.91)
10-90: 	( -36524.10,  -31340.27)
05-95: 	( -37378.91,  -30685.78)
