Hydro_R2_AR1_T12_N5_15_I10000_Time60_DW_DUAL_MC_DS_0.0008_cvx_hull
Multicut: True
Dynamic Sampling: True
==============================================================================================
Pass              LB             iUB             iHW    Wall time           Other
==============================================================================================
   0 -1.00000858e+08             inf     0.00000e+00            0.01     0.00000e+00
  10 -5.07514216e+03             inf     0.00000e+00            1.01     0.00000e+00
  20 -5.06419540e+03             inf     0.00000e+00            2.88     0.00000e+00
  30 -5.06318581e+03             inf     0.00000e+00            5.84     0.00000e+00
  40 -5.06074531e+03             inf     0.00000e+00            9.12     0.00000e+00
  50 -5.06057145e+03             inf     0.00000e+00           12.99     0.00000e+00
  60 -5.06053010e+03             inf     0.00000e+00           17.40     0.00000e+00
  70 -5.06051264e+03             inf     0.00000e+00           23.95     0.00000e+00
  80 -5.06027020e+03             inf     0.00000e+00           31.48     0.00000e+00
  90 -5.06024199e+03             inf     0.00000e+00           40.89     0.00000e+00
 100 -5.06007984e+03             inf     0.00000e+00           54.13     0.00000e+00
 106 -5.05943026e+03             inf     0.00000e+00           60.98     0.00000e+00
==============================================================================================
Pass              LB             iUB             iHW       F time       B time    Wall time
Sim1000    -5.05943e+03    -7.30642e+00     9.39792e+02         0.00         0.00        90.66
==============================================================================================
