Hydro_R2_AR1_T12_N5_15_I10000_Time60_DW_DUAL_MC_DS_0.0700_cvx_hull2
Multicut: True
Dynamic Sampling: True
==============================================================================================
Pass              LB             iUB             iHW    Wall time           Other
==============================================================================================
   0 -1.00000858e+08             inf     0.00000e+00            0.01     0.00000e+00
  10 -5.03542069e+03             inf     0.00000e+00            1.44     0.00000e+00
  20 -5.02526277e+03             inf     0.00000e+00            3.46     0.00000e+00
  30 -5.02374202e+03             inf     0.00000e+00            5.90     0.00000e+00
  40 -5.02138506e+03             inf     0.00000e+00            9.01     0.00000e+00
  50 -5.02117786e+03             inf     0.00000e+00           12.88     0.00000e+00
  60 -5.02107926e+03             inf     0.00000e+00           18.35     0.00000e+00
  70 -5.02105870e+03             inf     0.00000e+00           23.30     0.00000e+00
  80 -5.02076571e+03             inf     0.00000e+00           28.91     0.00000e+00
  90 -5.02073849e+03             inf     0.00000e+00           35.47     0.00000e+00
 100 -5.02059020e+03             inf     0.00000e+00           42.43     0.00000e+00
 110 -5.01966616e+03             inf     0.00000e+00           48.94     0.00000e+00
 120 -5.01956330e+03             inf     0.00000e+00           55.91     0.00000e+00
 126 -5.01955706e+03             inf     0.00000e+00           60.71     0.00000e+00
==============================================================================================
Pass              LB             iUB             iHW       F time       B time    Wall time
Sim1000    -5.01956e+03    -2.69315e+03     8.27222e+02         0.00         0.00        89.45
==============================================================================================
