Hydro_R10_AR1_T12_N10_10_I101000_Time20_SP_MC_ES
Multicut: True
Dynamic Sampling: False
==============================================================================================
Pass              LB             iUB             iHW    Wall time           Other
==============================================================================================
   0 -1.00000410e+09             inf     0.00000e+00            0.01     0.00000e+00
  10 -3.40693271e+04             inf     0.00000e+00            1.24     0.00000e+00
  20 -3.39552842e+04             inf     0.00000e+00            2.64     0.00000e+00
  30 -3.39343729e+04             inf     0.00000e+00            4.34     0.00000e+00
  40 -3.39288804e+04             inf     0.00000e+00            6.27     0.00000e+00
  50 -3.39215822e+04             inf     0.00000e+00            8.52     0.00000e+00
  60 -3.39181974e+04             inf     0.00000e+00           11.04     0.00000e+00
  70 -3.39163327e+04             inf     0.00000e+00           13.70     0.00000e+00
  80 -3.39148145e+04             inf     0.00000e+00           16.68     0.00000e+00
  90 -3.39130564e+04             inf     0.00000e+00           19.91     0.00000e+00
  91 -3.39130364e+04             inf     0.00000e+00           20.26     0.00000e+00
Time profiling
           Pass        # LPs        setup      simplex       output   cut update      cut gen        other        total
        Forward         1104         0.16         0.60         0.06         0.00         0.00         0.08         0.90
       Backward        10010         1.62         4.69         7.09         0.02         5.74         0.19        19.36
==============================================================================================
Pass              LB             iUB             iHW       F time       B time    Wall time
Sim500    -3.39130e+04    -3.45359e+04     2.05026e+02         0.00         0.00        32.53
==============================================================================================
Mean:   	 -34535.91
Median: 	 -34509.92
SD:     	   2292.25
20-80: 	( -36255.49,  -32702.85)
10-90: 	( -37360.37,  -31621.79)
05-95: 	( -38419.53,  -30802.28)
