Hydro_R2_AR1_T12_N5_5_I10000_Time10_DW_DUAL_MC_DS_0.0200000_None
Multicut: True
Dynamic Sampling: True
==============================================================================================
Pass              LB             iUB             iHW    Wall time           Other
==============================================================================================
   0 -9.99966359e+07             inf     0.00000e+00            0.01     0.00000e+00
  10  5.40073694e+04             inf     0.00000e+00            0.23     0.00000e+00
  20  5.40075618e+04             inf     0.00000e+00            0.53     0.00000e+00
  30  5.40075857e+04             inf     0.00000e+00            0.91     0.00000e+00
  40  5.40075930e+04             inf     0.00000e+00            1.45     0.00000e+00
  50  5.40075955e+04             inf     0.00000e+00            1.96     0.00000e+00
  60  5.40075964e+04             inf     0.00000e+00            2.59     0.00000e+00
  70  5.40075984e+04             inf     0.00000e+00            3.25     0.00000e+00
  80  5.40075990e+04             inf     0.00000e+00            4.02     0.00000e+00
  90  5.40076001e+04             inf     0.00000e+00            4.73     0.00000e+00
 100  5.40076009e+04             inf     0.00000e+00            5.55     0.00000e+00
 110  5.40076016e+04             inf     0.00000e+00            6.50     0.00000e+00
 120  5.40076022e+04             inf     0.00000e+00            7.61     0.00000e+00
 130  5.40076036e+04             inf     0.00000e+00            8.77     0.00000e+00
 138  5.40076036e+04             inf     0.00000e+00           10.04     0.00000e+00
Time profiling
           Pass        # LPs        setup      simplex       output   cut update      cut gen        other        total
        Forward         1668         0.10         0.30         0.07         0.01         0.00         0.38         0.86
       Backward         7590         0.58         1.33         6.30         0.03         0.71         0.23         9.18
==============================================================================================
Pass              LB             iUB             iHW       F time       B time    Wall time
Sim500     5.40076e+04     5.38745e+04     3.49734e+01         0.00         0.00        18.62
==============================================================================================
Mean:   	  53874.53
Median: 	  53884.80
SD:     	    391.01
20-80: 	(  53593.13,   54200.74)
10-90: 	(  53358.40,   54334.44)
05-95: 	(  53202.77,   54474.00)
