Hydro_R2_AR1_T12_N5_15_I10000_Time60_DW_DUAL_MC_DS_0.0300_cvx_hull
Multicut: True
Dynamic Sampling: True
==============================================================================================
Pass              LB             iUB             iHW    Wall time           Other
==============================================================================================
   0 -1.00000858e+08             inf     0.00000e+00            0.01     0.00000e+00
  10 -5.05515729e+03             inf     0.00000e+00            1.01     0.00000e+00
  20 -5.05094458e+03             inf     0.00000e+00            2.77     0.00000e+00
  30 -5.04844523e+03             inf     0.00000e+00            5.00     0.00000e+00
  40 -5.04604779e+03             inf     0.00000e+00            6.97     0.00000e+00
  50 -5.04574484e+03             inf     0.00000e+00            9.40     0.00000e+00
  60 -5.04560078e+03             inf     0.00000e+00           12.32     0.00000e+00
  70 -5.04557171e+03             inf     0.00000e+00           15.94     0.00000e+00
  80 -5.04535380e+03             inf     0.00000e+00           19.85     0.00000e+00
  90 -5.04531045e+03             inf     0.00000e+00           24.77     0.00000e+00
 100 -5.04512979e+03             inf     0.00000e+00           29.85     0.00000e+00
 110 -5.04444623e+03             inf     0.00000e+00           35.93     0.00000e+00
 120 -5.04429340e+03             inf     0.00000e+00           42.45     0.00000e+00
 130 -5.04428564e+03             inf     0.00000e+00           49.84     0.00000e+00
 140 -5.04406065e+03             inf     0.00000e+00           57.81     0.00000e+00
 143 -5.04405768e+03             inf     0.00000e+00           60.45     0.00000e+00
==============================================================================================
Pass              LB             iUB             iHW       F time       B time    Wall time
Sim1000    -5.04406e+03    -6.92953e+00     9.39808e+02         0.00         0.00        81.05
==============================================================================================
