Hydro_R2_AR1_T12_N5_30_I10000_Time100_DW_DUAL_MC_DS_1.0000_cvx_hull2
Multicut: True
Dynamic Sampling: True
==============================================================================================
Pass              LB             iUB             iHW    Wall time           Other
==============================================================================================
   0 -1.00000858e+08             inf     0.00000e+00            0.01     0.00000e+00
  10 -4.52656665e+03             inf     0.00000e+00            2.05     0.00000e+00
  20 -4.52186881e+03             inf     0.00000e+00            5.25     0.00000e+00
  30 -4.52015235e+03             inf     0.00000e+00            9.56     0.00000e+00
  40 -4.51899926e+03             inf     0.00000e+00           14.86     0.00000e+00
  50 -4.51868338e+03             inf     0.00000e+00           21.23     0.00000e+00
  60 -4.51864244e+03             inf     0.00000e+00           29.31     0.00000e+00
  70 -4.51862290e+03             inf     0.00000e+00           38.78     0.00000e+00
  80 -4.51861080e+03             inf     0.00000e+00           50.20     0.00000e+00
  90 -4.51858317e+03             inf     0.00000e+00           63.10     0.00000e+00
 100 -4.51840802e+03             inf     0.00000e+00           77.68     0.00000e+00
 110 -4.51832555e+03             inf     0.00000e+00           94.50     0.00000e+00
 113 -4.51831488e+03             inf     0.00000e+00          100.35     0.00000e+00
==============================================================================================
Pass              LB             iUB             iHW       F time       B time    Wall time
Sim1000    -4.51831e+03    -2.76953e+03     8.26182e+02         0.00         0.00       121.49
==============================================================================================
