Hydro_R2_AR1_T12_N5_15_I10000_Time300_DW_DUAL_MC_DS_0.0010_None
Multicut: True
Dynamic Sampling: True
==============================================================================================
Pass              LB             iUB             iHW    Wall time           Other
==============================================================================================
   0 -1.00000858e+08             inf     0.00000e+00            0.01     0.00000e+00
  10 -5.06913766e+03             inf     0.00000e+00            0.76     0.00000e+00
  20 -5.06072048e+03             inf     0.00000e+00            1.88     0.00000e+00
  30 -5.05793313e+03             inf     0.00000e+00            3.39     0.00000e+00
  40 -5.05614130e+03             inf     0.00000e+00            5.32     0.00000e+00
  50 -5.05577610e+03             inf     0.00000e+00            7.26     0.00000e+00
  60 -5.05559982e+03             inf     0.00000e+00            9.49     0.00000e+00
  70 -5.05556695e+03             inf     0.00000e+00           12.11     0.00000e+00
  80 -5.05532761e+03             inf     0.00000e+00           14.90     0.00000e+00
  90 -5.05530358e+03             inf     0.00000e+00           18.26     0.00000e+00
 100 -5.05514705e+03             inf     0.00000e+00           21.73     0.00000e+00
 110 -5.05476435e+03             inf     0.00000e+00           25.51     0.00000e+00
 120 -5.05463226e+03             inf     0.00000e+00           29.78     0.00000e+00
 130 -5.05461684e+03             inf     0.00000e+00           34.28     0.00000e+00
 140 -5.05458670e+03             inf     0.00000e+00           39.39     0.00000e+00
 150 -5.05458048e+03             inf     0.00000e+00           44.87     0.00000e+00
 160 -5.05457610e+03             inf     0.00000e+00           50.89     0.00000e+00
 170 -5.05451616e+03             inf     0.00000e+00           57.31     0.00000e+00
 180 -5.05446298e+03             inf     0.00000e+00           64.32     0.00000e+00
 190 -5.05434554e+03             inf     0.00000e+00           71.84     0.00000e+00
 200 -5.05430493e+03             inf     0.00000e+00           79.78     0.00000e+00
 210 -5.05429829e+03             inf     0.00000e+00           88.56     0.00000e+00
 220 -5.05429593e+03             inf     0.00000e+00           97.66     0.00000e+00
 230 -5.05429472e+03             inf     0.00000e+00          107.31     0.00000e+00
 240 -5.05429402e+03             inf     0.00000e+00          117.54     0.00000e+00
 250 -5.05429240e+03             inf     0.00000e+00          128.55     0.00000e+00
 260 -5.05429208e+03             inf     0.00000e+00          139.88     0.00000e+00
 270 -5.05428996e+03             inf     0.00000e+00          152.19     0.00000e+00
 280 -5.05426604e+03             inf     0.00000e+00          164.79     0.00000e+00
 290 -5.05426415e+03             inf     0.00000e+00          177.82     0.00000e+00
 300 -5.05423294e+03             inf     0.00000e+00          191.48     0.00000e+00
 310 -5.05422991e+03             inf     0.00000e+00          205.71     0.00000e+00
 320 -5.05422679e+03             inf     0.00000e+00          220.56     0.00000e+00
 330 -5.05422303e+03             inf     0.00000e+00          236.10     0.00000e+00
 340 -5.05422091e+03             inf     0.00000e+00          252.19     0.00000e+00
 350 -5.05422039e+03             inf     0.00000e+00          269.34     0.00000e+00
 360 -5.05421878e+03             inf     0.00000e+00          288.91     0.00000e+00
 367 -5.05421783e+03             inf     0.00000e+00          301.69     0.00000e+00
==============================================================================================
Pass              LB             iUB             iHW       F time       B time    Wall time
Sim1000    -5.05422e+03    -1.86096e+03     8.63258e+02         0.00         0.00       327.53
==============================================================================================
