Hydro_R2_AR1_T12_N5_5_I10000_Time10_DW_DUAL_MC_DS_0.1500000_None
Multicut: True
Dynamic Sampling: True
==============================================================================================
Pass              LB             iUB             iHW    Wall time           Other
==============================================================================================
   0 -9.99966359e+07             inf     0.00000e+00            0.01     0.00000e+00
  10  5.40853670e+04             inf     0.00000e+00            0.16     0.00000e+00
  20  5.40854488e+04             inf     0.00000e+00            0.36     0.00000e+00
  30  5.40854729e+04             inf     0.00000e+00            0.69     0.00000e+00
  40  5.40854781e+04             inf     0.00000e+00            1.05     0.00000e+00
  50  5.40854814e+04             inf     0.00000e+00            1.41     0.00000e+00
  60  5.40854823e+04             inf     0.00000e+00            2.00     0.00000e+00
  70  5.40854836e+04             inf     0.00000e+00            2.48     0.00000e+00
  80  5.40854843e+04             inf     0.00000e+00            3.03     0.00000e+00
  90  5.40854847e+04             inf     0.00000e+00            3.61     0.00000e+00
 100  5.40854848e+04             inf     0.00000e+00            4.22     0.00000e+00
 110  5.40854852e+04             inf     0.00000e+00            4.94     0.00000e+00
 120  5.40854852e+04             inf     0.00000e+00            5.67     0.00000e+00
 130  5.40854854e+04             inf     0.00000e+00            6.46     0.00000e+00
 140  5.40854854e+04             inf     0.00000e+00            7.27     0.00000e+00
 150  5.40854854e+04             inf     0.00000e+00            8.18     0.00000e+00
 160  5.40854854e+04             inf     0.00000e+00            9.14     0.00000e+00
 169  5.40854854e+04             inf     0.00000e+00           10.02     0.00000e+00
Time profiling
           Pass        # LPs        setup      simplex       output   cut update      cut gen        other        total
        Forward         2040         0.09         0.33         0.06         0.00         0.00         0.34         0.82
       Backward         9295         0.51         1.39         6.43         0.02         0.62         0.21         9.19
==============================================================================================
Pass              LB             iUB             iHW       F time       B time    Wall time
Sim500     5.40855e+04     5.38750e+04     3.49244e+01         0.00         0.00        16.86
==============================================================================================
Mean:   	  53874.98
Median: 	  53885.54
SD:     	    390.47
20-80: 	(  53594.13,   54200.89)
10-90: 	(  53358.47,   54334.16)
05-95: 	(  53203.55,   54472.38)
