Hydro_R2_AR1_T12_N5_15_I10000_Time60_DW_DUAL_MC_DS_0.2000_cvx_hull2
Multicut: True
Dynamic Sampling: True
==============================================================================================
Pass              LB             iUB             iHW    Wall time           Other
==============================================================================================
   0 -1.00000858e+08             inf     0.00000e+00            0.01     0.00000e+00
  10 -4.95636586e+03             inf     0.00000e+00            0.69     0.00000e+00
  20 -4.94854583e+03             inf     0.00000e+00            1.82     0.00000e+00
  30 -4.94762479e+03             inf     0.00000e+00            3.30     0.00000e+00
  40 -4.94471739e+03             inf     0.00000e+00            5.16     0.00000e+00
  50 -4.94386405e+03             inf     0.00000e+00            7.55     0.00000e+00
  60 -4.94343480e+03             inf     0.00000e+00           10.38     0.00000e+00
  70 -4.94297550e+03             inf     0.00000e+00           13.62     0.00000e+00
  80 -4.94268394e+03             inf     0.00000e+00           17.30     0.00000e+00
  90 -4.94257894e+03             inf     0.00000e+00           21.46     0.00000e+00
 100 -4.94246483e+03             inf     0.00000e+00           26.26     0.00000e+00
 110 -4.94204925e+03             inf     0.00000e+00           31.69     0.00000e+00
 120 -4.94197935e+03             inf     0.00000e+00           37.59     0.00000e+00
 130 -4.94195292e+03             inf     0.00000e+00           43.97     0.00000e+00
 140 -4.94192265e+03             inf     0.00000e+00           50.86     0.00000e+00
 150 -4.94188412e+03             inf     0.00000e+00           58.31     0.00000e+00
 153 -4.94188003e+03             inf     0.00000e+00           60.61     0.00000e+00
==============================================================================================
Pass              LB             iUB             iHW       F time       B time    Wall time
Sim1000    -4.94188e+03    -3.27851e+03     7.09805e+02         0.00         0.00        83.01
==============================================================================================
