Hydro_R10_AR1_T12_N10_10_I10000_Time20_DW_DUAL_MC_DS_0.0600000_None
Multicut: True
Dynamic Sampling: True
==============================================================================================
Pass              LB             iUB             iHW    Wall time           Other
==============================================================================================
   0 -1.00004104e+08             inf     0.00000e+00            0.01     0.00000e+00
  10 -3.40112788e+04             inf     0.00000e+00            0.79     0.00000e+00
  20 -3.38978817e+04             inf     0.00000e+00            1.88     0.00000e+00
  30 -3.38745733e+04             inf     0.00000e+00            3.28     0.00000e+00
  40 -3.38647061e+04             inf     0.00000e+00            5.07     0.00000e+00
  50 -3.38588146e+04             inf     0.00000e+00            6.97     0.00000e+00
  60 -3.38554872e+04             inf     0.00000e+00            9.09     0.00000e+00
  70 -3.38530874e+04             inf     0.00000e+00           11.47     0.00000e+00
  80 -3.38517094e+04             inf     0.00000e+00           14.24     0.00000e+00
  90 -3.38495776e+04             inf     0.00000e+00           17.31     0.00000e+00
  98 -3.38489248e+04             inf     0.00000e+00           20.07     0.00000e+00
Time profiling
           Pass        # LPs        setup      simplex       output   cut update      cut gen        other        total
        Forward         1188         0.19         0.78         0.07         0.00         0.00         0.40         1.43
       Backward        10780         1.89         6.03         8.86         0.03         1.54         0.28        18.63
==============================================================================================
Pass              LB             iUB             iHW       F time       B time    Wall time
Sim500    -3.38489e+04    -3.45322e+04     2.04278e+02         0.00         0.00        33.32
==============================================================================================
Mean:   	 -34532.17
Median: 	 -34490.14
SD:     	   2283.90
20-80: 	( -36250.74,  -32707.65)
10-90: 	( -37357.54,  -31621.96)
05-95: 	( -38362.31,  -30826.35)
