Hydro_R2_AR1_T12_N5_30_I10000_Time100_DW_DUAL_MC_DS_0.0030_cube
Multicut: True
Dynamic Sampling: True
==============================================================================================
Pass              LB             iUB             iHW    Wall time           Other
==============================================================================================
   0 -1.00000858e+08             inf     0.00000e+00            0.01     0.00000e+00
  10 -5.07307217e+03             inf     0.00000e+00            2.01     0.00000e+00
  20 -5.06353924e+03             inf     0.00000e+00            7.27     0.00000e+00
  30 -5.06175611e+03             inf     0.00000e+00           12.69     0.00000e+00
  40 -5.05919644e+03             inf     0.00000e+00           19.84     0.00000e+00
  50 -5.05895799e+03             inf     0.00000e+00           28.85     0.00000e+00
  60 -5.05880191e+03             inf     0.00000e+00           40.12     0.00000e+00
  70 -5.05868919e+03             inf     0.00000e+00           53.91     0.00000e+00
  80 -5.05852502e+03             inf     0.00000e+00           72.49     0.00000e+00
  90 -5.05849855e+03             inf     0.00000e+00           91.16     0.00000e+00
  95 -5.05825485e+03             inf     0.00000e+00          101.15     0.00000e+00
==============================================================================================
Pass              LB             iUB             iHW       F time       B time    Wall time
Sim1000    -5.05825e+03    -1.19068e+03     8.75246e+02         0.00         0.00       123.50
==============================================================================================
