Hydro_R2_AR1_T12_N5_15_I10000_Time60_DW_DUAL_MC_DS_5.0000_cvx_hull2
Multicut: True
Dynamic Sampling: True
==============================================================================================
Pass              LB             iUB             iHW    Wall time           Other
==============================================================================================
   0 -1.00000858e+08             inf     0.00000e+00            0.02     0.00000e+00
  10 -2.56406173e+03             inf     0.00000e+00            1.25     0.00000e+00
  20 -2.56356305e+03             inf     0.00000e+00            3.20     0.00000e+00
  30 -2.56347036e+03             inf     0.00000e+00            5.05     0.00000e+00
  40 -2.56331605e+03             inf     0.00000e+00            7.42     0.00000e+00
  50 -2.56331215e+03             inf     0.00000e+00           10.29     0.00000e+00
  60 -2.56331095e+03             inf     0.00000e+00           13.07     0.00000e+00
  70 -2.56331093e+03             inf     0.00000e+00           16.48     0.00000e+00
  80 -2.56331009e+03             inf     0.00000e+00           21.27     0.00000e+00
  90 -2.56331009e+03             inf     0.00000e+00           25.40     0.00000e+00
 100 -2.56331009e+03             inf     0.00000e+00           29.68     0.00000e+00
 110 -2.56331009e+03             inf     0.00000e+00           36.25     0.00000e+00
 120 -2.56330999e+03             inf     0.00000e+00           41.56     0.00000e+00
 130 -2.56330999e+03             inf     0.00000e+00           47.18     0.00000e+00
 140 -2.56330989e+03             inf     0.00000e+00           53.03     0.00000e+00
 150 -2.56330988e+03             inf     0.00000e+00           59.32     0.00000e+00
 152 -2.56330988e+03             inf     0.00000e+00           60.57     0.00000e+00
==============================================================================================
Pass              LB             iUB             iHW       F time       B time    Wall time
Sim1000    -2.56331e+03    -3.15058e+03     3.78952e+02         0.00         0.00        83.80
==============================================================================================
