Hydro_R10_AR1_T12_N5_5_I10000_Time20_DW_DUAL_MC_DS_0.0500000_None
Multicut: True
Dynamic Sampling: True
==============================================================================================
Pass              LB             iUB             iHW    Wall time           Other
==============================================================================================
   0 -1.00003827e+08             inf     0.00000e+00            0.01     0.00000e+00
  10 -3.51508858e+04             inf     0.00000e+00            0.63     0.00000e+00
  20 -3.50942508e+04             inf     0.00000e+00            1.12     0.00000e+00
  30 -3.50862511e+04             inf     0.00000e+00            1.76     0.00000e+00
  40 -3.50794496e+04             inf     0.00000e+00            2.37     0.00000e+00
  50 -3.50771316e+04             inf     0.00000e+00            3.28     0.00000e+00
  60 -3.50753729e+04             inf     0.00000e+00            4.15     0.00000e+00
  70 -3.50736783e+04             inf     0.00000e+00            5.14     0.00000e+00
  80 -3.50725206e+04             inf     0.00000e+00            6.32     0.00000e+00
  90 -3.50716691e+04             inf     0.00000e+00            7.55     0.00000e+00
 100 -3.50708974e+04             inf     0.00000e+00            8.67     0.00000e+00
 110 -3.50702855e+04             inf     0.00000e+00           10.02     0.00000e+00
 120 -3.50698569e+04             inf     0.00000e+00           11.58     0.00000e+00
 130 -3.50694000e+04             inf     0.00000e+00           13.07     0.00000e+00
 140 -3.50690116e+04             inf     0.00000e+00           14.81     0.00000e+00
 150 -3.50688522e+04             inf     0.00000e+00           16.45     0.00000e+00
 160 -3.50685620e+04             inf     0.00000e+00           18.34     0.00000e+00
 169 -3.50682988e+04             inf     0.00000e+00           20.08     0.00000e+00
Time profiling
           Pass        # LPs        setup      simplex       output   cut update      cut gen        other        total
        Forward         2040         0.37         1.26         0.14         0.01         0.00         0.49         2.27
       Backward         9295         2.02         5.33         8.37         0.03         1.76         0.29        17.80
