Hydro_R2_AR1_T12_N5_15_I10000_Time300_DW_DUAL_MC_DS_5.0000_None
Multicut: True
Dynamic Sampling: True
==============================================================================================
Pass              LB             iUB             iHW    Wall time           Other
==============================================================================================
   0 -1.00000858e+08             inf     0.00000e+00            0.01     0.00000e+00
  10 -2.50611704e+03             inf     0.00000e+00            0.68     0.00000e+00
  20 -2.50507369e+03             inf     0.00000e+00            1.72     0.00000e+00
  30 -2.50504930e+03             inf     0.00000e+00            3.08     0.00000e+00
  40 -2.50499445e+03             inf     0.00000e+00            4.54     0.00000e+00
  50 -2.50488722e+03             inf     0.00000e+00            6.45     0.00000e+00
  60 -2.50487554e+03             inf     0.00000e+00            8.77     0.00000e+00
  70 -2.50487001e+03             inf     0.00000e+00           11.55     0.00000e+00
  80 -2.50486764e+03             inf     0.00000e+00           14.29     0.00000e+00
  90 -2.50486635e+03             inf     0.00000e+00           17.50     0.00000e+00
 100 -2.50486552e+03             inf     0.00000e+00           21.70     0.00000e+00
 110 -2.50486510e+03             inf     0.00000e+00           26.06     0.00000e+00
 120 -2.50486416e+03             inf     0.00000e+00           30.03     0.00000e+00
 130 -2.50486271e+03             inf     0.00000e+00           34.46     0.00000e+00
 140 -2.50486161e+03             inf     0.00000e+00           39.23     0.00000e+00
 150 -2.50486138e+03             inf     0.00000e+00           44.42     0.00000e+00
 160 -2.50486122e+03             inf     0.00000e+00           51.97     0.00000e+00
 170 -2.50486113e+03             inf     0.00000e+00           60.05     0.00000e+00
 180 -2.50486108e+03             inf     0.00000e+00           70.42     0.00000e+00
 190 -2.50486099e+03             inf     0.00000e+00           81.79     0.00000e+00
 200 -2.50486098e+03             inf     0.00000e+00           91.12     0.00000e+00
 210 -2.50486082e+03             inf     0.00000e+00          100.09     0.00000e+00
 220 -2.50486074e+03             inf     0.00000e+00          109.52     0.00000e+00
 230 -2.50486058e+03             inf     0.00000e+00          119.37     0.00000e+00
 240 -2.50486058e+03             inf     0.00000e+00          130.38     0.00000e+00
 250 -2.50486057e+03             inf     0.00000e+00          141.59     0.00000e+00
 260 -2.50486056e+03             inf     0.00000e+00          152.31     0.00000e+00
 270 -2.50486054e+03             inf     0.00000e+00          162.73     0.00000e+00
 280 -2.50486052e+03             inf     0.00000e+00          174.97     0.00000e+00
 290 -2.50486049e+03             inf     0.00000e+00          187.49     0.00000e+00
 300 -2.50485830e+03             inf     0.00000e+00          201.28     0.00000e+00
 310 -2.50485807e+03             inf     0.00000e+00          215.44     0.00000e+00
 320 -2.50485783e+03             inf     0.00000e+00          229.80     0.00000e+00
 330 -2.50485783e+03             inf     0.00000e+00          244.65     0.00000e+00
 340 -2.50485782e+03             inf     0.00000e+00          260.25     0.00000e+00
 350 -2.50485770e+03             inf     0.00000e+00          276.27     0.00000e+00
 360 -2.50485770e+03             inf     0.00000e+00          291.24     0.00000e+00
 366 -2.50485770e+03             inf     0.00000e+00          300.33     0.00000e+00
==============================================================================================
Pass              LB             iUB             iHW       F time       B time    Wall time
Sim1000    -2.50486e+03    -4.39434e+03     6.63590e+01         0.00         0.00       324.84
==============================================================================================
