Hydro_R2_AR1_T12_N5_15_I10000_Time60_DW_DUAL_MC_DS_3.0000_cvx_hull2
Multicut: True
Dynamic Sampling: True
==============================================================================================
Pass              LB             iUB             iHW    Wall time           Other
==============================================================================================
   0 -1.00000858e+08             inf     0.00000e+00            0.01     0.00000e+00
  10 -3.51925914e+03             inf     0.00000e+00            0.83     0.00000e+00
  20 -3.51572013e+03             inf     0.00000e+00            2.10     0.00000e+00
  30 -3.51372940e+03             inf     0.00000e+00            4.40     0.00000e+00
  40 -3.51341109e+03             inf     0.00000e+00            6.45     0.00000e+00
  50 -3.51265996e+03             inf     0.00000e+00            9.13     0.00000e+00
  60 -3.51229261e+03             inf     0.00000e+00           12.50     0.00000e+00
  70 -3.51224501e+03             inf     0.00000e+00           16.53     0.00000e+00
  80 -3.51212947e+03             inf     0.00000e+00           20.80     0.00000e+00
  90 -3.51210156e+03             inf     0.00000e+00           24.94     0.00000e+00
 100 -3.51206340e+03             inf     0.00000e+00           31.58     0.00000e+00
 110 -3.51194371e+03             inf     0.00000e+00           38.59     0.00000e+00
 120 -3.51192028e+03             inf     0.00000e+00           45.59     0.00000e+00
 130 -3.51191210e+03             inf     0.00000e+00           54.42     0.00000e+00
 138 -3.51184657e+03             inf     0.00000e+00           60.10     0.00000e+00
==============================================================================================
Pass              LB             iUB             iHW       F time       B time    Wall time
Sim1000    -3.51185e+03    -4.24550e+03     1.29753e+02         0.00         0.00        82.78
==============================================================================================
