Hydro_R2_AR1_T12_N5_30_I10000_Time100_DW_DUAL_MC_DS_0.3000_cvx_hull
Multicut: True
Dynamic Sampling: True
==============================================================================================
Pass              LB             iUB             iHW    Wall time           Other
==============================================================================================
   0 -1.00000858e+08             inf     0.00000e+00            0.01     0.00000e+00
  10 -4.93092873e+03             inf     0.00000e+00            2.09     0.00000e+00
  20 -4.92027178e+03             inf     0.00000e+00            5.91     0.00000e+00
  30 -4.91890413e+03             inf     0.00000e+00           10.78     0.00000e+00
  40 -4.91750529e+03             inf     0.00000e+00           17.83     0.00000e+00
  50 -4.91733309e+03             inf     0.00000e+00           27.28     0.00000e+00
  60 -4.91717979e+03             inf     0.00000e+00           40.14     0.00000e+00
  70 -4.91712401e+03             inf     0.00000e+00           54.95     0.00000e+00
  80 -4.91681985e+03             inf     0.00000e+00           75.50     0.00000e+00
  90 -4.91679327e+03             inf     0.00000e+00           94.93     0.00000e+00
  93 -4.91678831e+03             inf     0.00000e+00          100.37     0.00000e+00
==============================================================================================
Pass              LB             iUB             iHW       F time       B time    Wall time
Sim1000    -4.91679e+03    -3.38917e+01     9.38538e+02         0.00         0.00       135.61
==============================================================================================
