Hydro_R2_AR1_T12_N5_15_I10000_Time60_DW_DUAL_MC_DS_300.0000_cvx_hull2
Multicut: True
Dynamic Sampling: True
==============================================================================================
Pass              LB             iUB             iHW    Wall time           Other
==============================================================================================
   0 -1.00000858e+08             inf     0.00000e+00            0.01     0.00000e+00
  10 -2.33366191e+03             inf     0.00000e+00            1.20     0.00000e+00
  20 -2.33366191e+03             inf     0.00000e+00            2.69     0.00000e+00
  30 -2.33366191e+03             inf     0.00000e+00            4.72     0.00000e+00
  40 -2.33366191e+03             inf     0.00000e+00            7.13     0.00000e+00
  50 -2.33366191e+03             inf     0.00000e+00           10.33     0.00000e+00
  60 -2.33366191e+03             inf     0.00000e+00           14.03     0.00000e+00
  70 -2.33366191e+03             inf     0.00000e+00           18.26     0.00000e+00
  80 -2.33366191e+03             inf     0.00000e+00           23.25     0.00000e+00
  90 -2.33366191e+03             inf     0.00000e+00           27.82     0.00000e+00
 100 -2.33366191e+03             inf     0.00000e+00           32.72     0.00000e+00
 110 -2.33366191e+03             inf     0.00000e+00           38.00     0.00000e+00
 120 -2.33366191e+03             inf     0.00000e+00           44.33     0.00000e+00
 130 -2.33366191e+03             inf     0.00000e+00           52.19     0.00000e+00
 140 -2.33366191e+03             inf     0.00000e+00           60.51     0.00000e+00
==============================================================================================
Pass              LB             iUB             iHW       F time       B time    Wall time
Sim1000    -2.33366e+03    -2.59007e+03     8.29260e+02         0.00         0.00        86.25
==============================================================================================
