Hydro_R10_AR1_T24_N10_10_I10000_Time20_DW_DUAL_MC_ES_5.0000000_None
Multicut: True
Dynamic Sampling: False
==============================================================================================
Pass              LB             iUB             iHW    Wall time           Other
==============================================================================================
   0 -1.00003909e+08             inf     0.00000e+00            0.02     0.00000e+00
  10 -1.15215790e+05             inf     0.00000e+00            1.75     0.00000e+00
  20 -1.13945919e+05             inf     0.00000e+00            3.80     0.00000e+00
  30 -1.13820546e+05             inf     0.00000e+00            6.44     0.00000e+00
  40 -1.13676536e+05             inf     0.00000e+00            9.72     0.00000e+00
  50 -1.13577707e+05             inf     0.00000e+00           13.59     0.00000e+00
  60 -1.13526896e+05             inf     0.00000e+00           18.06     0.00000e+00
  65 -1.13517223e+05             inf     0.00000e+00           20.55     0.00000e+00
Time profiling
           Pass        # LPs        setup      simplex       output   cut update      cut gen        other        total
        Forward         1584         0.27         0.94         0.09         0.00         0.00         0.14         1.44
       Backward        14950         2.65         5.73         8.40         0.04         2.03         0.27        19.11
==============================================================================================
Pass              LB             iUB             iHW       F time       B time    Wall time
Sim100    -1.13517e+05    -1.21066e+05     6.35393e+02         0.00         0.00        26.00
==============================================================================================
Mean:   	-121065.80
Median: 	-121315.05
SD:     	   3176.97
20-80: 	(-123878.20, -118493.47)
10-90: 	(-124767.11, -116555.44)
05-95: 	(-125369.83, -116004.32)
