Hydro_R2_AR1_T12_N5_30_I10000_Time100_DW_DUAL_MC_DS_0.0500_None
Multicut: True
Dynamic Sampling: True
==============================================================================================
Pass              LB             iUB             iHW    Wall time           Other
==============================================================================================
   0 -1.00000858e+08             inf     0.00000e+00            0.01     0.00000e+00
  10 -5.04287965e+03             inf     0.00000e+00            2.00     0.00000e+00
  20 -5.03421619e+03             inf     0.00000e+00            5.46     0.00000e+00
  30 -5.03148507e+03             inf     0.00000e+00           10.14     0.00000e+00
  40 -5.02971255e+03             inf     0.00000e+00           15.84     0.00000e+00
  50 -5.02930165e+03             inf     0.00000e+00           22.88     0.00000e+00
  60 -5.02912918e+03             inf     0.00000e+00           30.73     0.00000e+00
  70 -5.02909714e+03             inf     0.00000e+00           40.04     0.00000e+00
  80 -5.02883444e+03             inf     0.00000e+00           51.55     0.00000e+00
  90 -5.02880766e+03             inf     0.00000e+00           64.85     0.00000e+00
 100 -5.02864415e+03             inf     0.00000e+00           80.81     0.00000e+00
 110 -5.02808562e+03             inf     0.00000e+00           98.07     0.00000e+00
 112 -5.02808477e+03             inf     0.00000e+00          101.86     0.00000e+00
==============================================================================================
Pass              LB             iUB             iHW       F time       B time    Wall time
Sim1000    -5.02808e+03    -3.01662e+03     8.23056e+02         0.00         0.00       122.70
==============================================================================================
