Hydro_R2_AR1_T12_N5_15_I10000_Time300_DW_DUAL_MC_DS_0.0001_cvx_hull2
Multicut: True
Dynamic Sampling: True
==============================================================================================
Pass              LB             iUB             iHW    Wall time           Other
==============================================================================================
   0 -1.00000858e+08             inf     0.00000e+00            0.01     0.00000e+00
  10 -5.07517747e+03             inf     0.00000e+00            0.70     0.00000e+00
  20 -5.06411091e+03             inf     0.00000e+00            1.73     0.00000e+00
  30 -5.06309521e+03             inf     0.00000e+00            3.21     0.00000e+00
  40 -5.06068811e+03             inf     0.00000e+00            5.08     0.00000e+00
  50 -5.06055268e+03             inf     0.00000e+00            6.96     0.00000e+00
  60 -5.06047522e+03             inf     0.00000e+00            9.07     0.00000e+00
  70 -5.06045221e+03             inf     0.00000e+00           11.46     0.00000e+00
  80 -5.06020870e+03             inf     0.00000e+00           14.14     0.00000e+00
  90 -5.06018163e+03             inf     0.00000e+00           17.21     0.00000e+00
 100 -5.06002307e+03             inf     0.00000e+00           20.49     0.00000e+00
 110 -5.05944804e+03             inf     0.00000e+00           24.14     0.00000e+00
 120 -5.05928078e+03             inf     0.00000e+00           27.97     0.00000e+00
 130 -5.05926730e+03             inf     0.00000e+00           32.20     0.00000e+00
 140 -5.05901746e+03             inf     0.00000e+00           36.92     0.00000e+00
 150 -5.05900850e+03             inf     0.00000e+00           42.01     0.00000e+00
 160 -5.05900220e+03             inf     0.00000e+00           47.42     0.00000e+00
 170 -5.05893526e+03             inf     0.00000e+00           53.38     0.00000e+00
 180 -5.05890830e+03             inf     0.00000e+00           59.59     0.00000e+00
 190 -5.05878560e+03             inf     0.00000e+00           67.22     0.00000e+00
 200 -5.05875133e+03             inf     0.00000e+00           74.33     0.00000e+00
 210 -5.05874667e+03             inf     0.00000e+00           81.88     0.00000e+00
 220 -5.05874425e+03             inf     0.00000e+00           89.94     0.00000e+00
 230 -5.05874127e+03             inf     0.00000e+00           98.47     0.00000e+00
 240 -5.05874021e+03             inf     0.00000e+00          107.56     0.00000e+00
 250 -5.05873935e+03             inf     0.00000e+00          117.09     0.00000e+00
 260 -5.05873847e+03             inf     0.00000e+00          127.05     0.00000e+00
 270 -5.05873452e+03             inf     0.00000e+00          137.47     0.00000e+00
 280 -5.05870640e+03             inf     0.00000e+00          148.46     0.00000e+00
 290 -5.05870519e+03             inf     0.00000e+00          160.17     0.00000e+00
 300 -5.05866436e+03             inf     0.00000e+00          172.21     0.00000e+00
 310 -5.05866000e+03             inf     0.00000e+00          185.06     0.00000e+00
 320 -5.05865733e+03             inf     0.00000e+00          198.10     0.00000e+00
 330 -5.05865181e+03             inf     0.00000e+00          210.77     0.00000e+00
 340 -5.05865015e+03             inf     0.00000e+00          225.00     0.00000e+00
 350 -5.05864942e+03             inf     0.00000e+00          239.53     0.00000e+00
 360 -5.05864827e+03             inf     0.00000e+00          254.67     0.00000e+00
 370 -5.05858495e+03             inf     0.00000e+00          270.10     0.00000e+00
 380 -5.05856765e+03             inf     0.00000e+00          286.05     0.00000e+00
 389 -5.05856288e+03             inf     0.00000e+00          300.90     0.00000e+00
==============================================================================================
Pass              LB             iUB             iHW       F time       B time    Wall time
Sim1000    -5.05856e+03     2.54762e+01     9.40304e+02         0.00         0.00       326.40
==============================================================================================
