Hydro_R2_AR1_T12_N5_15_I10000_Time60_DW_DUAL_MC_DS_0.0800_cube
Multicut: True
Dynamic Sampling: True
==============================================================================================
Pass              LB             iUB             iHW    Wall time           Other
==============================================================================================
   0 -1.00000858e+08             inf     0.00000e+00            0.01     0.00000e+00
  10 -5.03303807e+03             inf     0.00000e+00            0.83     0.00000e+00
  20 -5.02310032e+03             inf     0.00000e+00            2.13     0.00000e+00
  30 -5.02119393e+03             inf     0.00000e+00            3.64     0.00000e+00
  40 -5.01904824e+03             inf     0.00000e+00            5.68     0.00000e+00
  50 -5.01881198e+03             inf     0.00000e+00            8.20     0.00000e+00
  60 -5.01867844e+03             inf     0.00000e+00           10.95     0.00000e+00
  70 -5.01865665e+03             inf     0.00000e+00           14.05     0.00000e+00
  80 -5.01833970e+03             inf     0.00000e+00           17.57     0.00000e+00
  90 -5.01827402e+03             inf     0.00000e+00           21.58     0.00000e+00
 100 -5.01819097e+03             inf     0.00000e+00           25.94     0.00000e+00
 110 -5.01732653e+03             inf     0.00000e+00           30.95     0.00000e+00
 120 -5.01727852e+03             inf     0.00000e+00           36.36     0.00000e+00
 130 -5.01727125e+03             inf     0.00000e+00           41.95     0.00000e+00
 140 -5.01725384e+03             inf     0.00000e+00           47.98     0.00000e+00
 150 -5.01725103e+03             inf     0.00000e+00           54.49     0.00000e+00
 158 -5.01724881e+03             inf     0.00000e+00           60.02     0.00000e+00
==============================================================================================
Pass              LB             iUB             iHW       F time       B time    Wall time
Sim1000    -5.01725e+03    -1.19118e+03     8.75234e+02         0.00         0.00        79.16
==============================================================================================
