Hydro_R2_AR1_T12_N5_15_I10000_Time300_DW_DUAL_MC_DS_0.3000_None
Multicut: True
Dynamic Sampling: True
==============================================================================================
Pass              LB             iUB             iHW    Wall time           Other
==============================================================================================
   0 -1.00000858e+08             inf     0.00000e+00            0.01     0.00000e+00
  10 -4.90838192e+03             inf     0.00000e+00            0.74     0.00000e+00
  20 -4.90023467e+03             inf     0.00000e+00            1.92     0.00000e+00
  30 -4.89754432e+03             inf     0.00000e+00            3.39     0.00000e+00
  40 -4.89586973e+03             inf     0.00000e+00            5.31     0.00000e+00
  50 -4.89568347e+03             inf     0.00000e+00            7.32     0.00000e+00
  60 -4.89557675e+03             inf     0.00000e+00            9.81     0.00000e+00
  70 -4.89553324e+03             inf     0.00000e+00           12.31     0.00000e+00
  80 -4.89542542e+03             inf     0.00000e+00           15.19     0.00000e+00
  90 -4.89536442e+03             inf     0.00000e+00           18.40     0.00000e+00
 100 -4.89505606e+03             inf     0.00000e+00           21.92     0.00000e+00
 110 -4.89492430e+03             inf     0.00000e+00           25.70     0.00000e+00
 120 -4.89465534e+03             inf     0.00000e+00           29.90     0.00000e+00
 130 -4.89459083e+03             inf     0.00000e+00           34.65     0.00000e+00
 140 -4.89455917e+03             inf     0.00000e+00           39.98     0.00000e+00
 150 -4.89454702e+03             inf     0.00000e+00           45.77     0.00000e+00
 160 -4.89453590e+03             inf     0.00000e+00           52.07     0.00000e+00
 170 -4.89447671e+03             inf     0.00000e+00           58.92     0.00000e+00
 180 -4.89440979e+03             inf     0.00000e+00           66.47     0.00000e+00
 190 -4.89430112e+03             inf     0.00000e+00           74.00     0.00000e+00
 200 -4.89426258e+03             inf     0.00000e+00           81.34     0.00000e+00
 210 -4.89425464e+03             inf     0.00000e+00           89.17     0.00000e+00
 220 -4.89425154e+03             inf     0.00000e+00           98.48     0.00000e+00
 230 -4.89424700e+03             inf     0.00000e+00          108.73     0.00000e+00
 240 -4.89424493e+03             inf     0.00000e+00          119.61     0.00000e+00
 250 -4.89424310e+03             inf     0.00000e+00          131.04     0.00000e+00
 260 -4.89423041e+03             inf     0.00000e+00          143.01     0.00000e+00
 270 -4.89422660e+03             inf     0.00000e+00          155.57     0.00000e+00
 280 -4.89419846e+03             inf     0.00000e+00          168.77     0.00000e+00
 290 -4.89419724e+03             inf     0.00000e+00          182.68     0.00000e+00
 300 -4.89415891e+03             inf     0.00000e+00          197.05     0.00000e+00
 310 -4.89414823e+03             inf     0.00000e+00          211.72     0.00000e+00
 320 -4.89414501e+03             inf     0.00000e+00          226.27     0.00000e+00
 330 -4.89413951e+03             inf     0.00000e+00          241.48     0.00000e+00
 340 -4.89413329e+03             inf     0.00000e+00          257.23     0.00000e+00
 350 -4.89413236e+03             inf     0.00000e+00          273.42     0.00000e+00
 360 -4.89413114e+03             inf     0.00000e+00          290.18     0.00000e+00
 366 -4.89412953e+03             inf     0.00000e+00          300.56     0.00000e+00
==============================================================================================
Pass              LB             iUB             iHW       F time       B time    Wall time
Sim1000    -4.89413e+03    -2.95395e+03     8.23110e+02         0.00         0.00       325.96
==============================================================================================
