Hydro_R2_AR1_T12_N5_15_I10000_Time60_DW_DUAL_MC_DS_0.0006_cvx_hull2
Multicut: True
Dynamic Sampling: True
==============================================================================================
Pass              LB             iUB             iHW    Wall time           Other
==============================================================================================
   0 -1.00000858e+08             inf     0.00000e+00            0.02     0.00000e+00
  10 -5.07211050e+03             inf     0.00000e+00            1.34     0.00000e+00
  20 -5.06106776e+03             inf     0.00000e+00            3.25     0.00000e+00
  30 -5.05996451e+03             inf     0.00000e+00            5.25     0.00000e+00
  40 -5.05637659e+03             inf     0.00000e+00            7.65     0.00000e+00
  50 -5.05544303e+03             inf     0.00000e+00           10.08     0.00000e+00
  60 -5.05510836e+03             inf     0.00000e+00           12.99     0.00000e+00
  70 -5.05453529e+03             inf     0.00000e+00           16.24     0.00000e+00
  80 -5.05436573e+03             inf     0.00000e+00           20.01     0.00000e+00
  90 -5.05428234e+03             inf     0.00000e+00           25.05     0.00000e+00
 100 -5.05421124e+03             inf     0.00000e+00           30.75     0.00000e+00
 110 -5.05390884e+03             inf     0.00000e+00           36.53     0.00000e+00
 120 -5.05386983e+03             inf     0.00000e+00           42.43     0.00000e+00
 130 -5.05380307e+03             inf     0.00000e+00           49.42     0.00000e+00
 140 -5.05379550e+03             inf     0.00000e+00           57.99     0.00000e+00
 143 -5.05376523e+03             inf     0.00000e+00           60.52     0.00000e+00
==============================================================================================
Pass              LB             iUB             iHW       F time       B time    Wall time
Sim1000    -5.05377e+03    -2.85946e+03     7.16486e+02         0.00         0.00        86.13
==============================================================================================
