Hydro_R2_AR1_T12_N5_15_I10000_Time300_DW_DUAL_MC_DS_0.5000_cvx_hull
Multicut: True
Dynamic Sampling: True
==============================================================================================
Pass              LB             iUB             iHW    Wall time           Other
==============================================================================================
   0 -1.00000858e+08             inf     0.00000e+00            0.01     0.00000e+00
  10 -4.82908289e+03             inf     0.00000e+00            0.74     0.00000e+00
  20 -4.82478404e+03             inf     0.00000e+00            1.84     0.00000e+00
  30 -4.82350053e+03             inf     0.00000e+00            3.31     0.00000e+00
  40 -4.82240108e+03             inf     0.00000e+00            5.28     0.00000e+00
  50 -4.82223018e+03             inf     0.00000e+00            7.55     0.00000e+00
  60 -4.82211041e+03             inf     0.00000e+00           10.00     0.00000e+00
  70 -4.82207668e+03             inf     0.00000e+00           12.72     0.00000e+00
  80 -4.82187885e+03             inf     0.00000e+00           15.85     0.00000e+00
  90 -4.82186836e+03             inf     0.00000e+00           19.34     0.00000e+00
 100 -4.82186446e+03             inf     0.00000e+00           23.18     0.00000e+00
 110 -4.82159758e+03             inf     0.00000e+00           27.40     0.00000e+00
 120 -4.82159358e+03             inf     0.00000e+00           32.08     0.00000e+00
 130 -4.82159137e+03             inf     0.00000e+00           37.33     0.00000e+00
 140 -4.82139817e+03             inf     0.00000e+00           42.95     0.00000e+00
 150 -4.82132210e+03             inf     0.00000e+00           49.09     0.00000e+00
 160 -4.82131972e+03             inf     0.00000e+00           55.62     0.00000e+00
 170 -4.82102309e+03             inf     0.00000e+00           62.76     0.00000e+00
 180 -4.82099205e+03             inf     0.00000e+00           70.29     0.00000e+00
 190 -4.82077038e+03             inf     0.00000e+00           78.27     0.00000e+00
 200 -4.82073211e+03             inf     0.00000e+00           87.78     0.00000e+00
 210 -4.82067947e+03             inf     0.00000e+00           97.38     0.00000e+00
 220 -4.82067847e+03             inf     0.00000e+00          107.50     0.00000e+00
 230 -4.82066204e+03             inf     0.00000e+00          117.54     0.00000e+00
 240 -4.82064342e+03             inf     0.00000e+00          128.48     0.00000e+00
 250 -4.82063088e+03             inf     0.00000e+00          139.97     0.00000e+00
 260 -4.82056348e+03             inf     0.00000e+00          152.57     0.00000e+00
 270 -4.82052174e+03             inf     0.00000e+00          165.23     0.00000e+00
 280 -4.82051774e+03             inf     0.00000e+00          178.43     0.00000e+00
 290 -4.82051755e+03             inf     0.00000e+00          192.22     0.00000e+00
 300 -4.82051524e+03             inf     0.00000e+00          206.42     0.00000e+00
 310 -4.82051354e+03             inf     0.00000e+00          221.20     0.00000e+00
 320 -4.82051157e+03             inf     0.00000e+00          236.58     0.00000e+00
 330 -4.82050499e+03             inf     0.00000e+00          252.63     0.00000e+00
 340 -4.82043615e+03             inf     0.00000e+00          269.15     0.00000e+00
 350 -4.82042950e+03             inf     0.00000e+00          286.10     0.00000e+00
 359 -4.82042914e+03             inf     0.00000e+00          301.78     0.00000e+00
==============================================================================================
Pass              LB             iUB             iHW       F time       B time    Wall time
Sim1000    -4.82043e+03    -4.90878e+01     9.38009e+02         0.00         0.00       326.60
==============================================================================================
