Hydro_R2_AR1_T12_N5_30_I10000_Time100_DW_DUAL_MC_DS_0.0008_cube
Multicut: True
Dynamic Sampling: True
==============================================================================================
Pass              LB             iUB             iHW    Wall time           Other
==============================================================================================
   0 -1.00000858e+08             inf     0.00000e+00            0.01     0.00000e+00
  10 -5.07422914e+03             inf     0.00000e+00            2.16     0.00000e+00
  20 -5.06469446e+03             inf     0.00000e+00            6.52     0.00000e+00
  30 -5.06290970e+03             inf     0.00000e+00           11.86     0.00000e+00
  40 -5.06034598e+03             inf     0.00000e+00           18.62     0.00000e+00
  50 -5.06010740e+03             inf     0.00000e+00           27.36     0.00000e+00
  60 -5.05995127e+03             inf     0.00000e+00           38.36     0.00000e+00
  70 -5.05983852e+03             inf     0.00000e+00           51.53     0.00000e+00
  80 -5.05967413e+03             inf     0.00000e+00           69.42     0.00000e+00
  90 -5.05964765e+03             inf     0.00000e+00           88.50     0.00000e+00
  96 -5.05940318e+03             inf     0.00000e+00          100.96     0.00000e+00
==============================================================================================
Pass              LB             iUB             iHW       F time       B time    Wall time
Sim1000    -5.05940e+03    -1.18790e+03     8.75380e+02         0.00         0.00       123.57
==============================================================================================
