Hydro_R10_AR1_T12_N5_5_I10000_Time20_DW_DUAL_MC_DS_0.0700000_None
Multicut: True
Dynamic Sampling: True
==============================================================================================
Pass              LB             iUB             iHW    Wall time           Other
==============================================================================================
   0 -1.00004104e+08             inf     0.00000e+00            0.02     0.00000e+00
  10 -3.46084861e+04             inf     0.00000e+00            0.44     0.00000e+00
  20 -3.45268217e+04             inf     0.00000e+00            1.00     0.00000e+00
  30 -3.45111171e+04             inf     0.00000e+00            1.66     0.00000e+00
  40 -3.45048956e+04             inf     0.00000e+00            2.25     0.00000e+00
  50 -3.45009048e+04             inf     0.00000e+00            2.91     0.00000e+00
  60 -3.44970707e+04             inf     0.00000e+00            3.72     0.00000e+00
  70 -3.44956732e+04             inf     0.00000e+00            4.63     0.00000e+00
  80 -3.44946271e+04             inf     0.00000e+00            5.59     0.00000e+00
  90 -3.44937369e+04             inf     0.00000e+00            6.60     0.00000e+00
 100 -3.44931505e+04             inf     0.00000e+00            7.69     0.00000e+00
 110 -3.44927123e+04             inf     0.00000e+00            8.82     0.00000e+00
 120 -3.44924457e+04             inf     0.00000e+00           10.03     0.00000e+00
 130 -3.44921680e+04             inf     0.00000e+00           11.33     0.00000e+00
 140 -3.44917851e+04             inf     0.00000e+00           12.80     0.00000e+00
 150 -3.44915829e+04             inf     0.00000e+00           14.31     0.00000e+00
 160 -3.44913381e+04             inf     0.00000e+00           15.94     0.00000e+00
 170 -3.44911755e+04             inf     0.00000e+00           17.65     0.00000e+00
 180 -3.44910728e+04             inf     0.00000e+00           19.47     0.00000e+00
 183 -3.44910549e+04             inf     0.00000e+00           20.05     0.00000e+00
Time profiling
           Pass        # LPs        setup      simplex       output   cut update      cut gen        other        total
        Forward         2208         0.36         1.22         0.13         0.01         0.00         0.46         2.18
       Backward        10065         1.94         5.43         8.47         0.03         1.70         0.28        17.86
==============================================================================================
Pass              LB             iUB             iHW       F time       B time    Wall time
Sim500    -3.44911e+04    -3.45442e+04     2.05923e+02         0.00         0.00        32.52
==============================================================================================
Mean:   	 -34544.17
Median: 	 -34490.16
SD:     	   2302.29
20-80: 	( -36321.48,  -32684.46)
10-90: 	( -37403.96,  -31584.97)
05-95: 	( -38419.14,  -30770.51)
