Hydro_R10_AR1_T12_N10_I101000ESS_DUAL_MC_DW_16.000000_DS
Multicut: True
Dynamic Sampling: True
==============================================================================================
Pass              LB             iUB             iHW    Wall time           Other
==============================================================================================
   0 -1.00006458e+08             inf     0.00000e+00            0.01     0.00000e+00
  10 -5.41076135e+04             inf     0.00000e+00            0.85     0.00000e+00
  20 -5.36360290e+04             inf     0.00000e+00            1.89     0.00000e+00
  30 -5.35844690e+04             inf     0.00000e+00            3.18     0.00000e+00
  40 -5.35370755e+04             inf     0.00000e+00            4.61     0.00000e+00
  50 -5.35214737e+04             inf     0.00000e+00            6.24     0.00000e+00
  60 -5.35057155e+04             inf     0.00000e+00            8.08     0.00000e+00
  70 -5.34977446e+04             inf     0.00000e+00           10.17     0.00000e+00
  80 -5.34926846e+04             inf     0.00000e+00           12.48     0.00000e+00
  90 -5.34866516e+04             inf     0.00000e+00           15.09     0.00000e+00
 100 -5.34832808e+04             inf     0.00000e+00           18.50     0.00000e+00
 110 -5.34793866e+04             inf     0.00000e+00           21.96     0.00000e+00
 120 -5.34767852e+04             inf     0.00000e+00           25.44     0.00000e+00
 130 -5.34740730e+04             inf     0.00000e+00           29.23     0.00000e+00
 140 -5.34717423e+04             inf     0.00000e+00           33.60     0.00000e+00
 150 -5.34700633e+04             inf     0.00000e+00           38.48     0.00000e+00
 160 -5.34688721e+04             inf     0.00000e+00           43.40     0.00000e+00
 170 -5.34670712e+04             inf     0.00000e+00           48.55     0.00000e+00
 180 -5.34656768e+04             inf     0.00000e+00           54.36     0.00000e+00
 190 -5.34649478e+04             inf     0.00000e+00           59.41     0.00000e+00
 200 -5.34638436e+04             inf     0.00000e+00           64.61     0.00000e+00
 210 -5.34629342e+04             inf     0.00000e+00           70.77     0.00000e+00
 220 -5.34621242e+04             inf     0.00000e+00           78.01     0.00000e+00
 230 -5.34612376e+04             inf     0.00000e+00           86.13     0.00000e+00
 240 -5.34605256e+04             inf     0.00000e+00           94.60     0.00000e+00
 250 -5.34598482e+04             inf     0.00000e+00          103.10     0.00000e+00
 260 -5.34591631e+04             inf     0.00000e+00          111.42     0.00000e+00
 270 -5.34588502e+04             inf     0.00000e+00          119.91     0.00000e+00
 280 -5.34580296e+04             inf     0.00000e+00          128.61     0.00000e+00
 290 -5.34576820e+04             inf     0.00000e+00          138.56     0.00000e+00
 300 -5.34573810e+04             inf     0.00000e+00          148.05     0.00000e+00
 310 -5.34568767e+04             inf     0.00000e+00          158.38     0.00000e+00
 320 -5.34565157e+04             inf     0.00000e+00          168.66     0.00000e+00
 330 -5.34559296e+04             inf     0.00000e+00          179.29     0.00000e+00
 340 -5.34555086e+04             inf     0.00000e+00          190.22     0.00000e+00
 349 -5.34550395e+04             inf     0.00000e+00          200.51     0.00000e+00
==============================================================================================
Pass              LB             iUB             iHW       F time       B time    Wall time
Sim1000    -5.34550e+04    -5.15678e+04     1.68482e+03         0.00         0.00       259.98
==============================================================================================
