Hydro_R2_AR1_T12_N5_15_I10000_Time60_DW_DUAL_MC_DS_0.0050_None
Multicut: True
Dynamic Sampling: True
==============================================================================================
Pass              LB             iUB             iHW    Wall time           Other
==============================================================================================
   0 -1.00000858e+08             inf     0.00000e+00            0.01     0.00000e+00
  10 -5.06648251e+03             inf     0.00000e+00            1.93     0.00000e+00
  20 -5.05824508e+03             inf     0.00000e+00            4.05     0.00000e+00
  30 -5.05512249e+03             inf     0.00000e+00            6.80     0.00000e+00
  40 -5.05329951e+03             inf     0.00000e+00           10.77     0.00000e+00
  50 -5.05289074e+03             inf     0.00000e+00           14.51     0.00000e+00
  60 -5.05271665e+03             inf     0.00000e+00           20.13     0.00000e+00
  70 -5.05269331e+03             inf     0.00000e+00           29.77     0.00000e+00
  80 -5.05249045e+03             inf     0.00000e+00           37.35     0.00000e+00
  90 -5.05245938e+03             inf     0.00000e+00           46.38     0.00000e+00
 100 -5.05228678e+03             inf     0.00000e+00           52.72     0.00000e+00
 110 -5.05215405e+03             inf     0.00000e+00           58.11     0.00000e+00
 113 -5.05215041e+03             inf     0.00000e+00           60.29     0.00000e+00
==============================================================================================
Pass              LB             iUB             iHW       F time       B time    Wall time
Sim1000    -5.05215e+03    -2.95202e+03     8.23126e+02         0.00         0.00        82.06
==============================================================================================
