Hydro_R2_AR1_T12_N5_5_I10000_Time10_DW_DUAL_MC_DS_0.0400000_None
Multicut: True
Dynamic Sampling: True
==============================================================================================
Pass              LB             iUB             iHW    Wall time           Other
==============================================================================================
   0 -9.99966359e+07             inf     0.00000e+00            0.01     0.00000e+00
  10  5.40196177e+04             inf     0.00000e+00            0.21     0.00000e+00
  20  5.40198402e+04             inf     0.00000e+00            0.43     0.00000e+00
  30  5.40198574e+04             inf     0.00000e+00            0.70     0.00000e+00
  40  5.40198629e+04             inf     0.00000e+00            1.17     0.00000e+00
  50  5.40198649e+04             inf     0.00000e+00            1.57     0.00000e+00
  60  5.40198655e+04             inf     0.00000e+00            2.07     0.00000e+00
  70  5.40198668e+04             inf     0.00000e+00            2.54     0.00000e+00
  80  5.40198672e+04             inf     0.00000e+00            3.12     0.00000e+00
  90  5.40198677e+04             inf     0.00000e+00            3.70     0.00000e+00
 100  5.40198679e+04             inf     0.00000e+00            4.41     0.00000e+00
 110  5.40198682e+04             inf     0.00000e+00            5.17     0.00000e+00
 120  5.40198684e+04             inf     0.00000e+00            5.94     0.00000e+00
 130  5.40198695e+04             inf     0.00000e+00            6.80     0.00000e+00
 140  5.40198696e+04             inf     0.00000e+00            7.67     0.00000e+00
 150  5.40198697e+04             inf     0.00000e+00            8.56     0.00000e+00
 160  5.40198697e+04             inf     0.00000e+00            9.49     0.00000e+00
 166  5.40198698e+04             inf     0.00000e+00           10.09     0.00000e+00
Time profiling
           Pass        # LPs        setup      simplex       output   cut update      cut gen        other        total
        Forward         2004         0.09         0.33         0.06         0.00         0.00         0.34         0.82
       Backward         9130         0.52         1.41         6.45         0.02         0.63         0.22         9.26
==============================================================================================
Pass              LB             iUB             iHW       F time       B time    Wall time
Sim500     5.40199e+04     5.38746e+04     3.49665e+01         0.00         0.00        16.97
==============================================================================================
Mean:   	  53874.59
Median: 	  53884.92
SD:     	    390.94
20-80: 	(  53593.25,   54200.80)
10-90: 	(  53358.63,   54334.16)
05-95: 	(  53202.89,   54473.73)
