Hydro_R10_AR1_T12_N10_10_I101000_Time50_PhiVar_DUAL_MC_ES_0.3000_None
Multicut: True
Dynamic Sampling: False
==============================================================================================
Pass              LB             iUB             iHW    Wall time           Other
==============================================================================================
   0 -1.00006458e+08             inf     0.00000e+00            0.01     0.00000e+00
  10 -5.66665937e+04             inf     0.00000e+00            1.00     0.00000e+00
  20 -5.62085042e+04             inf     0.00000e+00            2.63     0.00000e+00
  30 -5.60956938e+04             inf     0.00000e+00            4.11     0.00000e+00
  40 -5.60519349e+04             inf     0.00000e+00            5.89     0.00000e+00
  50 -5.60221280e+04             inf     0.00000e+00            8.01     0.00000e+00
  60 -5.60066722e+04             inf     0.00000e+00           10.47     0.00000e+00
  70 -5.59912363e+04             inf     0.00000e+00           12.93     0.00000e+00
  80 -5.59843492e+04             inf     0.00000e+00           15.71     0.00000e+00
  90 -5.59802975e+04             inf     0.00000e+00           18.99     0.00000e+00
 100 -5.59765153e+04             inf     0.00000e+00           22.84     0.00000e+00
 110 -5.59731835e+04             inf     0.00000e+00           26.86     0.00000e+00
 120 -5.59668127e+04             inf     0.00000e+00           31.21     0.00000e+00
 130 -5.59631228e+04             inf     0.00000e+00           36.05     0.00000e+00
 140 -5.59592954e+04             inf     0.00000e+00           41.27     0.00000e+00
 150 -5.59577357e+04             inf     0.00000e+00           46.71     0.00000e+00
 156 -5.59564242e+04             inf     0.00000e+00           50.09     0.00000e+00
==============================================================================================
Pass              LB             iUB             iHW       F time       B time    Wall time
Sim1000    -5.59564e+04    -5.24564e+04     2.15181e+03         0.00         0.00        92.13
==============================================================================================
