Hydro_R10_AR1_T12_N5_5_I10000_Time20_DW_DUAL_MC_DS_0.7000000_None
Multicut: True
Dynamic Sampling: True
==============================================================================================
Pass              LB             iUB             iHW    Wall time           Other
==============================================================================================
   0 -1.00004104e+08             inf     0.00000e+00            0.01     0.00000e+00
  10 -3.40338095e+04             inf     0.00000e+00            0.40     0.00000e+00
  20 -3.39392435e+04             inf     0.00000e+00            0.88     0.00000e+00
  30 -3.39290645e+04             inf     0.00000e+00            1.45     0.00000e+00
  40 -3.39226500e+04             inf     0.00000e+00            2.10     0.00000e+00
  50 -3.39204553e+04             inf     0.00000e+00            2.83     0.00000e+00
  60 -3.39176887e+04             inf     0.00000e+00            3.65     0.00000e+00
  70 -3.39163625e+04             inf     0.00000e+00            4.59     0.00000e+00
  80 -3.39155865e+04             inf     0.00000e+00            5.57     0.00000e+00
  90 -3.39147114e+04             inf     0.00000e+00            6.61     0.00000e+00
 100 -3.39141413e+04             inf     0.00000e+00            7.70     0.00000e+00
 110 -3.39137433e+04             inf     0.00000e+00            8.91     0.00000e+00
 120 -3.39133830e+04             inf     0.00000e+00           10.19     0.00000e+00
 130 -3.39130234e+04             inf     0.00000e+00           11.58     0.00000e+00
 140 -3.39126479e+04             inf     0.00000e+00           13.07     0.00000e+00
 150 -3.39125190e+04             inf     0.00000e+00           14.62     0.00000e+00
 160 -3.39122060e+04             inf     0.00000e+00           16.26     0.00000e+00
 170 -3.39119779e+04             inf     0.00000e+00           18.20     0.00000e+00
 180 -3.39118125e+04             inf     0.00000e+00           20.18     0.00000e+00
Time profiling
           Pass        # LPs        setup      simplex       output   cut update      cut gen        other        total
        Forward         2172         0.36         1.24         0.13         0.01         0.00         0.47         2.21
       Backward         9900         1.99         5.47         8.52         0.03         1.69         0.28        17.97
==============================================================================================
Pass              LB             iUB             iHW       F time       B time    Wall time
Sim500    -3.39118e+04    -3.45345e+04     2.04852e+02         0.00         0.00        33.23
==============================================================================================
Mean:   	 -34534.52
Median: 	 -34482.57
SD:     	   2290.31
20-80: 	( -36285.20,  -32696.00)
10-90: 	( -37358.81,  -31596.41)
05-95: 	( -38372.94,  -30859.80)
