Hydro_R2_AR1_T12_N5_15_I10000_Time300_DW_DUAL_MC_DS_50.0000_cvx_hull
Multicut: True
Dynamic Sampling: True
==============================================================================================
Pass              LB             iUB             iHW    Wall time           Other
==============================================================================================
   0 -1.00000858e+08             inf     0.00000e+00            0.01     0.00000e+00
  10 -3.29336880e+03             inf     0.00000e+00            0.86     0.00000e+00
  20 -3.29336880e+03             inf     0.00000e+00            2.34     0.00000e+00
  30 -3.29336880e+03             inf     0.00000e+00            4.11     0.00000e+00
  40 -3.29336880e+03             inf     0.00000e+00            6.19     0.00000e+00
  50 -3.29336880e+03             inf     0.00000e+00            8.66     0.00000e+00
  60 -3.29336880e+03             inf     0.00000e+00           11.11     0.00000e+00
  70 -3.29336880e+03             inf     0.00000e+00           13.91     0.00000e+00
  80 -3.29336880e+03             inf     0.00000e+00           17.35     0.00000e+00
  90 -3.29336880e+03             inf     0.00000e+00           21.52     0.00000e+00
 100 -3.29336880e+03             inf     0.00000e+00           25.73     0.00000e+00
 110 -3.29336880e+03             inf     0.00000e+00           31.42     0.00000e+00
 120 -3.29336880e+03             inf     0.00000e+00           37.42     0.00000e+00
 130 -3.29336880e+03             inf     0.00000e+00           42.88     0.00000e+00
 140 -3.29336880e+03             inf     0.00000e+00           50.35     0.00000e+00
 150 -3.29336880e+03             inf     0.00000e+00           58.62     0.00000e+00
 160 -3.29336880e+03             inf     0.00000e+00           66.47     0.00000e+00
 170 -3.29336880e+03             inf     0.00000e+00           74.14     0.00000e+00
 180 -3.29336880e+03             inf     0.00000e+00           84.08     0.00000e+00
 190 -3.29336880e+03             inf     0.00000e+00           94.81     0.00000e+00
 200 -3.29336880e+03             inf     0.00000e+00          106.16     0.00000e+00
 210 -3.29336880e+03             inf     0.00000e+00          118.01     0.00000e+00
 220 -3.29336880e+03             inf     0.00000e+00          130.47     0.00000e+00
 230 -3.29336880e+03             inf     0.00000e+00          143.54     0.00000e+00
 240 -3.29336880e+03             inf     0.00000e+00          157.31     0.00000e+00
 250 -3.29336880e+03             inf     0.00000e+00          170.81     0.00000e+00
 260 -3.29336880e+03             inf     0.00000e+00          185.78     0.00000e+00
 270 -3.29336880e+03             inf     0.00000e+00          201.48     0.00000e+00
 280 -3.29336880e+03             inf     0.00000e+00          218.65     0.00000e+00
 290 -3.29336880e+03             inf     0.00000e+00          238.07     0.00000e+00
 300 -3.29336880e+03             inf     0.00000e+00          259.30     0.00000e+00
 310 -3.29336880e+03             inf     0.00000e+00          280.64     0.00000e+00
 319 -3.29336880e+03             inf     0.00000e+00          300.70     0.00000e+00
==============================================================================================
Pass              LB             iUB             iHW       F time       B time    Wall time
Sim1000    -3.29337e+03     3.38311e+02     9.87727e+02         0.00         0.00       334.09
==============================================================================================
