Hydro_R2_AR1_T12_N5_15_I10000_Time300_DW_DUAL_MC_DS_0.0100_None
Multicut: True
Dynamic Sampling: True
==============================================================================================
Pass              LB             iUB             iHW    Wall time           Other
==============================================================================================
   0 -1.00000858e+08             inf     0.00000e+00            0.02     0.00000e+00
  10 -5.06379805e+03             inf     0.00000e+00            0.93     0.00000e+00
  20 -5.05571132e+03             inf     0.00000e+00            2.35     0.00000e+00
  30 -5.05285065e+03             inf     0.00000e+00            3.97     0.00000e+00
  40 -5.05103984e+03             inf     0.00000e+00            6.23     0.00000e+00
  50 -5.05068015e+03             inf     0.00000e+00            8.78     0.00000e+00
  60 -5.05050112e+03             inf     0.00000e+00           11.60     0.00000e+00
  70 -5.05047039e+03             inf     0.00000e+00           14.63     0.00000e+00
  80 -5.05021636e+03             inf     0.00000e+00           18.26     0.00000e+00
  90 -5.05018819e+03             inf     0.00000e+00           22.11     0.00000e+00
 100 -5.05002551e+03             inf     0.00000e+00           26.60     0.00000e+00
 110 -5.04973481e+03             inf     0.00000e+00           31.20     0.00000e+00
 120 -5.04958585e+03             inf     0.00000e+00           36.62     0.00000e+00
 130 -5.04957003e+03             inf     0.00000e+00           42.31     0.00000e+00
 140 -5.04936899e+03             inf     0.00000e+00           48.37     0.00000e+00
 150 -5.04936494e+03             inf     0.00000e+00           54.97     0.00000e+00
 160 -5.04935893e+03             inf     0.00000e+00           61.76     0.00000e+00
 170 -5.04928786e+03             inf     0.00000e+00           69.32     0.00000e+00
 180 -5.04923811e+03             inf     0.00000e+00           77.17     0.00000e+00
 190 -5.04911693e+03             inf     0.00000e+00           85.93     0.00000e+00
 200 -5.04907740e+03             inf     0.00000e+00           95.78     0.00000e+00
 210 -5.04907201e+03             inf     0.00000e+00          105.50     0.00000e+00
 220 -5.04906942e+03             inf     0.00000e+00          115.34     0.00000e+00
 230 -5.04906664e+03             inf     0.00000e+00          126.33     0.00000e+00
 240 -5.04906608e+03             inf     0.00000e+00          138.93     0.00000e+00
 250 -5.04906528e+03             inf     0.00000e+00          152.20     0.00000e+00
 260 -5.04906462e+03             inf     0.00000e+00          168.03     0.00000e+00
 270 -5.04906346e+03             inf     0.00000e+00          182.94     0.00000e+00
 280 -5.04903918e+03             inf     0.00000e+00          197.04     0.00000e+00
 290 -5.04903715e+03             inf     0.00000e+00          210.31     0.00000e+00
 300 -5.04900250e+03             inf     0.00000e+00          224.13     0.00000e+00
 310 -5.04899938e+03             inf     0.00000e+00          238.45     0.00000e+00
 320 -5.04899707e+03             inf     0.00000e+00          253.17     0.00000e+00
 330 -5.04899483e+03             inf     0.00000e+00          270.30     0.00000e+00
 340 -5.04899391e+03             inf     0.00000e+00          286.76     0.00000e+00
 348 -5.04899344e+03             inf     0.00000e+00          300.60     0.00000e+00
==============================================================================================
Pass              LB             iUB             iHW       F time       B time    Wall time
Sim1000    -5.04899e+03    -2.95355e+03     8.23115e+02         0.00         0.00       330.36
==============================================================================================
