Hydro_R2_AR1_T12_N5_15_I10000_Time60_DW_DUAL_MC_DS_0.0100_None
Multicut: True
Dynamic Sampling: True
==============================================================================================
Pass              LB             iUB             iHW    Wall time           Other
==============================================================================================
   0 -1.00000858e+08             inf     0.00000e+00            0.02     0.00000e+00
  10 -5.06379805e+03             inf     0.00000e+00            0.99     0.00000e+00
  20 -5.05571132e+03             inf     0.00000e+00            2.50     0.00000e+00
  30 -5.05285065e+03             inf     0.00000e+00            4.06     0.00000e+00
  40 -5.05103984e+03             inf     0.00000e+00            5.85     0.00000e+00
  50 -5.05068015e+03             inf     0.00000e+00            8.01     0.00000e+00
  60 -5.05050112e+03             inf     0.00000e+00           11.22     0.00000e+00
  70 -5.05047039e+03             inf     0.00000e+00           14.71     0.00000e+00
  80 -5.05021636e+03             inf     0.00000e+00           19.55     0.00000e+00
  90 -5.05018819e+03             inf     0.00000e+00           27.88     0.00000e+00
 100 -5.05002551e+03             inf     0.00000e+00           37.91     0.00000e+00
 110 -5.04973481e+03             inf     0.00000e+00           43.31     0.00000e+00
 120 -5.04958585e+03             inf     0.00000e+00           48.93     0.00000e+00
 130 -5.04957003e+03             inf     0.00000e+00           54.26     0.00000e+00
 140 -5.04936899e+03             inf     0.00000e+00           60.22     0.00000e+00
==============================================================================================
Pass              LB             iUB             iHW       F time       B time    Wall time
Sim1000    -5.04937e+03    -2.95346e+03     8.23118e+02         0.00         0.00        79.49
==============================================================================================
