Hydro_R2_AR1_T12_N5_15_I10000_Time60_DW_DUAL_MC_DS_0.0900_cvx_hull2
Multicut: True
Dynamic Sampling: True
==============================================================================================
Pass              LB             iUB             iHW    Wall time           Other
==============================================================================================
   0 -1.00000858e+08             inf     0.00000e+00            0.01     0.00000e+00
  10 -5.02495715e+03             inf     0.00000e+00            1.20     0.00000e+00
  20 -5.01479516e+03             inf     0.00000e+00            2.94     0.00000e+00
  30 -5.01247010e+03             inf     0.00000e+00            5.07     0.00000e+00
  40 -5.01042328e+03             inf     0.00000e+00            7.93     0.00000e+00
  50 -5.01032650e+03             inf     0.00000e+00           11.41     0.00000e+00
  60 -5.01024026e+03             inf     0.00000e+00           16.09     0.00000e+00
  70 -5.01021907e+03             inf     0.00000e+00           20.81     0.00000e+00
  80 -5.00992893e+03             inf     0.00000e+00           26.66     0.00000e+00
  90 -5.00990858e+03             inf     0.00000e+00           32.47     0.00000e+00
 100 -5.00978762e+03             inf     0.00000e+00           39.33     0.00000e+00
 110 -5.00898753e+03             inf     0.00000e+00           46.01     0.00000e+00
 120 -5.00886075e+03             inf     0.00000e+00           54.93     0.00000e+00
 126 -5.00885448e+03             inf     0.00000e+00           60.55     0.00000e+00
==============================================================================================
Pass              LB             iUB             iHW       F time       B time    Wall time
Sim1000    -5.00885e+03    -2.69263e+03     8.27213e+02         0.00         0.00        96.07
==============================================================================================
