Hydro_R2_AR1_T12_N5_15_I10000_Time300_DW_DUAL_MC_DS_0.0050_None
Multicut: True
Dynamic Sampling: True
==============================================================================================
Pass              LB             iUB             iHW    Wall time           Other
==============================================================================================
   0 -1.00000858e+08             inf     0.00000e+00            0.01     0.00000e+00
  10 -5.06648251e+03             inf     0.00000e+00            1.19     0.00000e+00
  20 -5.05824508e+03             inf     0.00000e+00            2.77     0.00000e+00
  30 -5.05512249e+03             inf     0.00000e+00            4.68     0.00000e+00
  40 -5.05329951e+03             inf     0.00000e+00            7.21     0.00000e+00
  50 -5.05289074e+03             inf     0.00000e+00           12.24     0.00000e+00
  60 -5.05271665e+03             inf     0.00000e+00           16.99     0.00000e+00
  70 -5.05269331e+03             inf     0.00000e+00           21.05     0.00000e+00
  80 -5.05249045e+03             inf     0.00000e+00           25.40     0.00000e+00
  90 -5.05245938e+03             inf     0.00000e+00           31.23     0.00000e+00
 100 -5.05228678e+03             inf     0.00000e+00           39.42     0.00000e+00
 110 -5.05215405e+03             inf     0.00000e+00           46.25     0.00000e+00
 120 -5.05202581e+03             inf     0.00000e+00           52.96     0.00000e+00
 130 -5.05201056e+03             inf     0.00000e+00           60.51     0.00000e+00
 140 -5.05198998e+03             inf     0.00000e+00           68.45     0.00000e+00
 150 -5.05198637e+03             inf     0.00000e+00           76.93     0.00000e+00
 160 -5.05198089e+03             inf     0.00000e+00           85.84     0.00000e+00
 170 -5.05195094e+03             inf     0.00000e+00           94.36     0.00000e+00
 180 -5.05188962e+03             inf     0.00000e+00          103.53     0.00000e+00
 190 -5.05177924e+03             inf     0.00000e+00          112.84     0.00000e+00
 200 -5.05173932e+03             inf     0.00000e+00          125.12     0.00000e+00
 210 -5.05173424e+03             inf     0.00000e+00          136.98     0.00000e+00
 220 -5.05173138e+03             inf     0.00000e+00          149.12     0.00000e+00
 230 -5.05172855e+03             inf     0.00000e+00          163.44     0.00000e+00
 240 -5.05172802e+03             inf     0.00000e+00          176.51     0.00000e+00
 250 -5.05172723e+03             inf     0.00000e+00          190.64     0.00000e+00
 260 -5.05172685e+03             inf     0.00000e+00          204.50     0.00000e+00
 270 -5.05172439e+03             inf     0.00000e+00          219.28     0.00000e+00
 280 -5.05170172e+03             inf     0.00000e+00          234.13     0.00000e+00
 290 -5.05169983e+03             inf     0.00000e+00          249.55     0.00000e+00
 300 -5.05166813e+03             inf     0.00000e+00          266.30     0.00000e+00
 310 -5.05166566e+03             inf     0.00000e+00          285.65     0.00000e+00
 318 -5.05166405e+03             inf     0.00000e+00          301.50     0.00000e+00
==============================================================================================
Pass              LB             iUB             iHW       F time       B time    Wall time
Sim1000    -5.05166e+03    -2.95210e+03     8.23125e+02         0.00         0.00       335.59
==============================================================================================
