Hydro_R2_AR1_T12_N6_36_I10000_Time100_DW_DUAL_MC_DS_8.0000_cube
Multicut: True
Dynamic Sampling: True
==============================================================================================
Pass              LB             iUB             iHW    Wall time           Other
==============================================================================================
   0 -1.00000858e+08             inf     0.00000e+00            0.01     0.00000e+00
  10 -3.21944836e+03             inf     0.00000e+00            2.65     0.00000e+00
  20 -3.21944836e+03             inf     0.00000e+00            7.63     0.00000e+00
  30 -3.21944836e+03             inf     0.00000e+00           14.94     0.00000e+00
  40 -3.21944836e+03             inf     0.00000e+00           24.46     0.00000e+00
  50 -3.21944836e+03             inf     0.00000e+00           36.97     0.00000e+00
  60 -3.21944836e+03             inf     0.00000e+00           53.19     0.00000e+00
  70 -3.21944836e+03             inf     0.00000e+00           72.79     0.00000e+00
  80 -3.21944836e+03             inf     0.00000e+00           97.05     0.00000e+00
  81 -3.21944836e+03             inf     0.00000e+00          100.14     0.00000e+00
==============================================================================================
Pass              LB             iUB             iHW       F time       B time    Wall time
Sim1000    -3.21945e+03    -8.67967e+02     9.22536e+02         0.00         0.00       123.20
==============================================================================================
