Hydro_R2_AR1_T12_N5_30_I10000_Time100_DW_DUAL_MC_DS_0.0003_None
Multicut: True
Dynamic Sampling: True
==============================================================================================
Pass              LB             iUB             iHW    Wall time           Other
==============================================================================================
   0 -1.00000858e+08             inf     0.00000e+00            0.01     0.00000e+00
  10 -5.07316267e+03             inf     0.00000e+00            2.24     0.00000e+00
  20 -5.06327873e+03             inf     0.00000e+00            5.75     0.00000e+00
  30 -5.06183295e+03             inf     0.00000e+00           10.04     0.00000e+00
  40 -5.05956014e+03             inf     0.00000e+00           15.31     0.00000e+00
  50 -5.05939083e+03             inf     0.00000e+00           21.84     0.00000e+00
  60 -5.05926202e+03             inf     0.00000e+00           29.75     0.00000e+00
  70 -5.05924698e+03             inf     0.00000e+00           38.94     0.00000e+00
  80 -5.05896261e+03             inf     0.00000e+00           49.77     0.00000e+00
  90 -5.05893456e+03             inf     0.00000e+00           62.23     0.00000e+00
 100 -5.05879033e+03             inf     0.00000e+00           78.54     0.00000e+00
 110 -5.05790209e+03             inf     0.00000e+00           95.91     0.00000e+00
 113 -5.05789888e+03             inf     0.00000e+00          101.85     0.00000e+00
==============================================================================================
Pass              LB             iUB             iHW       F time       B time    Wall time
Sim1000    -5.05790e+03    -8.71262e+01     9.38225e+02         0.00         0.00       123.95
==============================================================================================
