Hydro_R2_AR1_T12_N5_15_I10000_Time60_DW_DUAL_MC_DS_0.0020_cvx_hull2
Multicut: True
Dynamic Sampling: True
==============================================================================================
Pass              LB             iUB             iHW    Wall time           Other
==============================================================================================
   0 -1.00000858e+08             inf     0.00000e+00            0.01     0.00000e+00
  10 -5.07197544e+03             inf     0.00000e+00            1.09     0.00000e+00
  20 -5.06190326e+03             inf     0.00000e+00            2.81     0.00000e+00
  30 -5.06015642e+03             inf     0.00000e+00            5.30     0.00000e+00
  40 -5.05783299e+03             inf     0.00000e+00            7.99     0.00000e+00
  50 -5.05760228e+03             inf     0.00000e+00           11.15     0.00000e+00
  60 -5.05749336e+03             inf     0.00000e+00           14.83     0.00000e+00
  70 -5.05747482e+03             inf     0.00000e+00           19.47     0.00000e+00
  80 -5.05718646e+03             inf     0.00000e+00           24.91     0.00000e+00
  90 -5.05715810e+03             inf     0.00000e+00           30.73     0.00000e+00
 100 -5.05699718e+03             inf     0.00000e+00           36.53     0.00000e+00
 110 -5.05598836e+03             inf     0.00000e+00           43.25     0.00000e+00
 120 -5.05586631e+03             inf     0.00000e+00           51.95     0.00000e+00
 130 -5.05585240e+03             inf     0.00000e+00           59.57     0.00000e+00
 131 -5.05585239e+03             inf     0.00000e+00           60.33     0.00000e+00
==============================================================================================
Pass              LB             iUB             iHW       F time       B time    Wall time
Sim1000    -5.05585e+03    -2.69027e+03     8.27257e+02         0.00         0.00        86.73
==============================================================================================
