Hydro_R2_AR1_T12_N5_15_I10000_Time300_DW_DUAL_MC_DS_5.0000_cube
Multicut: True
Dynamic Sampling: True
==============================================================================================
Pass              LB             iUB             iHW    Wall time           Other
==============================================================================================
   0 -1.00000858e+08             inf     0.00000e+00            0.02     0.00000e+00
  10 -3.21944836e+03             inf     0.00000e+00            0.83     0.00000e+00
  20 -3.21944836e+03             inf     0.00000e+00            1.98     0.00000e+00
  30 -3.21944836e+03             inf     0.00000e+00            3.26     0.00000e+00
  40 -3.21944836e+03             inf     0.00000e+00            4.85     0.00000e+00
  50 -3.21944836e+03             inf     0.00000e+00            6.76     0.00000e+00
  60 -3.21944836e+03             inf     0.00000e+00            9.14     0.00000e+00
  70 -3.21944836e+03             inf     0.00000e+00           11.76     0.00000e+00
  80 -3.21944836e+03             inf     0.00000e+00           14.66     0.00000e+00
  90 -3.21944836e+03             inf     0.00000e+00           18.13     0.00000e+00
 100 -3.21944836e+03             inf     0.00000e+00           21.86     0.00000e+00
 110 -3.21944836e+03             inf     0.00000e+00           26.03     0.00000e+00
 120 -3.21944836e+03             inf     0.00000e+00           30.54     0.00000e+00
 130 -3.21944836e+03             inf     0.00000e+00           35.63     0.00000e+00
 140 -3.21944836e+03             inf     0.00000e+00           40.96     0.00000e+00
 150 -3.21944836e+03             inf     0.00000e+00           46.84     0.00000e+00
 160 -3.21944836e+03             inf     0.00000e+00           53.22     0.00000e+00
 170 -3.21944836e+03             inf     0.00000e+00           60.03     0.00000e+00
 180 -3.21944836e+03             inf     0.00000e+00           67.18     0.00000e+00
 190 -3.21944836e+03             inf     0.00000e+00           74.77     0.00000e+00
 200 -3.21944836e+03             inf     0.00000e+00           82.95     0.00000e+00
 210 -3.21944836e+03             inf     0.00000e+00           91.61     0.00000e+00
 220 -3.21944836e+03             inf     0.00000e+00          100.60     0.00000e+00
 230 -3.21944836e+03             inf     0.00000e+00          110.10     0.00000e+00
 240 -3.21944836e+03             inf     0.00000e+00          120.18     0.00000e+00
 250 -3.21944836e+03             inf     0.00000e+00          130.79     0.00000e+00
 260 -3.21944836e+03             inf     0.00000e+00          141.75     0.00000e+00
 270 -3.21944836e+03             inf     0.00000e+00          153.17     0.00000e+00
 280 -3.21944836e+03             inf     0.00000e+00          165.06     0.00000e+00
 290 -3.21944836e+03             inf     0.00000e+00          177.56     0.00000e+00
 300 -3.21944836e+03             inf     0.00000e+00          190.27     0.00000e+00
 310 -3.21944836e+03             inf     0.00000e+00          202.05     0.00000e+00
 320 -3.21944836e+03             inf     0.00000e+00          214.14     0.00000e+00
 330 -3.21944836e+03             inf     0.00000e+00          228.54     0.00000e+00
 340 -3.21944836e+03             inf     0.00000e+00          243.86     0.00000e+00
 350 -3.21944836e+03             inf     0.00000e+00          259.25     0.00000e+00
 360 -3.21944836e+03             inf     0.00000e+00          274.91     0.00000e+00
 370 -3.21944836e+03             inf     0.00000e+00          291.51     0.00000e+00
 376 -3.21944836e+03             inf     0.00000e+00          301.66     0.00000e+00
==============================================================================================
Pass              LB             iUB             iHW       F time       B time    Wall time
Sim1000    -3.21945e+03    -8.89458e+02     9.21721e+02         0.00         0.00       326.59
==============================================================================================
