Hydro_R2_AR1_T12_N5_15_I10000_Time300_DW_DUAL_MC_DS_0.0030_cvx_hull2
Multicut: True
Dynamic Sampling: True
==============================================================================================
Pass              LB             iUB             iHW    Wall time           Other
==============================================================================================
   0 -1.00000858e+08             inf     0.00000e+00            0.01     0.00000e+00
  10 -5.07143796e+03             inf     0.00000e+00            1.20     0.00000e+00
  20 -5.06136469e+03             inf     0.00000e+00            2.65     0.00000e+00
  30 -5.05961976e+03             inf     0.00000e+00            4.46     0.00000e+00
  40 -5.05729678e+03             inf     0.00000e+00            6.89     0.00000e+00
  50 -5.05706628e+03             inf     0.00000e+00           10.58     0.00000e+00
  60 -5.05695747e+03             inf     0.00000e+00           14.02     0.00000e+00
  70 -5.05693899e+03             inf     0.00000e+00           18.18     0.00000e+00
  80 -5.05665046e+03             inf     0.00000e+00           22.23     0.00000e+00
  90 -5.05662184e+03             inf     0.00000e+00           26.84     0.00000e+00
 100 -5.05646126e+03             inf     0.00000e+00           31.98     0.00000e+00
 110 -5.05545368e+03             inf     0.00000e+00           37.43     0.00000e+00
 120 -5.05533178e+03             inf     0.00000e+00           43.29     0.00000e+00
 130 -5.05531787e+03             inf     0.00000e+00           49.81     0.00000e+00
 140 -5.05530195e+03             inf     0.00000e+00           55.99     0.00000e+00
 150 -5.05529648e+03             inf     0.00000e+00           62.70     0.00000e+00
 160 -5.05529132e+03             inf     0.00000e+00           69.44     0.00000e+00
 170 -5.05522538e+03             inf     0.00000e+00           76.68     0.00000e+00
 180 -5.05516265e+03             inf     0.00000e+00           84.56     0.00000e+00
 190 -5.05505034e+03             inf     0.00000e+00           92.80     0.00000e+00
 200 -5.05500809e+03             inf     0.00000e+00          101.58     0.00000e+00
 210 -5.05500313e+03             inf     0.00000e+00          109.56     0.00000e+00
 220 -5.05500095e+03             inf     0.00000e+00          119.48     0.00000e+00
 230 -5.05500007e+03             inf     0.00000e+00          130.07     0.00000e+00
 240 -5.05499921e+03             inf     0.00000e+00          140.57     0.00000e+00
 250 -5.05499859e+03             inf     0.00000e+00          152.14     0.00000e+00
 260 -5.05499725e+03             inf     0.00000e+00          164.11     0.00000e+00
 270 -5.05498990e+03             inf     0.00000e+00          177.63     0.00000e+00
 280 -5.05495131e+03             inf     0.00000e+00          193.36     0.00000e+00
 290 -5.05495062e+03             inf     0.00000e+00          213.96     0.00000e+00
 300 -5.05482325e+03             inf     0.00000e+00          232.56     0.00000e+00
 310 -5.05481521e+03             inf     0.00000e+00          251.90     0.00000e+00
 320 -5.05481116e+03             inf     0.00000e+00          268.48     0.00000e+00
 330 -5.05480210e+03             inf     0.00000e+00          286.26     0.00000e+00
 338 -5.05480030e+03             inf     0.00000e+00          300.15     0.00000e+00
==============================================================================================
Pass              LB             iUB             iHW       F time       B time    Wall time
Sim1000    -5.05480e+03    -2.69186e+03     8.27233e+02         0.00         0.00       330.85
==============================================================================================
