Hydro_R2_AR1_T12_N5_15_I10000_Time300_DW_DUAL_MC_DS_0.0001_None
Multicut: True
Dynamic Sampling: True
==============================================================================================
Pass              LB             iUB             iHW    Wall time           Other
==============================================================================================
   0 -1.00000858e+08             inf     0.00000e+00            0.01     0.00000e+00
  10 -5.07486607e+03             inf     0.00000e+00            0.63     0.00000e+00
  20 -5.06316266e+03             inf     0.00000e+00            1.82     0.00000e+00
  30 -5.06209414e+03             inf     0.00000e+00            3.23     0.00000e+00
  40 -5.06031335e+03             inf     0.00000e+00            4.98     0.00000e+00
  50 -5.06006656e+03             inf     0.00000e+00            7.03     0.00000e+00
  60 -5.05994708e+03             inf     0.00000e+00            9.18     0.00000e+00
  70 -5.05992764e+03             inf     0.00000e+00           11.69     0.00000e+00
  80 -5.05968368e+03             inf     0.00000e+00           14.46     0.00000e+00
  90 -5.05964946e+03             inf     0.00000e+00           17.58     0.00000e+00
 100 -5.05948126e+03             inf     0.00000e+00           21.06     0.00000e+00
 110 -5.05926414e+03             inf     0.00000e+00           24.80     0.00000e+00
 120 -5.05910623e+03             inf     0.00000e+00           28.89     0.00000e+00
 130 -5.05909034e+03             inf     0.00000e+00           33.32     0.00000e+00
 140 -5.05892644e+03             inf     0.00000e+00           38.24     0.00000e+00
 150 -5.05892098e+03             inf     0.00000e+00           43.51     0.00000e+00
 160 -5.05891507e+03             inf     0.00000e+00           49.99     0.00000e+00
 170 -5.05884783e+03             inf     0.00000e+00           57.93     0.00000e+00
 180 -5.05881749e+03             inf     0.00000e+00           64.87     0.00000e+00
 190 -5.05869296e+03             inf     0.00000e+00           72.20     0.00000e+00
 200 -5.05865810e+03             inf     0.00000e+00           79.61     0.00000e+00
 210 -5.05864964e+03             inf     0.00000e+00           87.66     0.00000e+00
 220 -5.05864723e+03             inf     0.00000e+00           96.81     0.00000e+00
 230 -5.05864589e+03             inf     0.00000e+00          106.17     0.00000e+00
 240 -5.05864492e+03             inf     0.00000e+00          115.84     0.00000e+00
 250 -5.05864260e+03             inf     0.00000e+00          126.04     0.00000e+00
 260 -5.05864168e+03             inf     0.00000e+00          136.75     0.00000e+00
 270 -5.05863844e+03             inf     0.00000e+00          148.04     0.00000e+00
 280 -5.05861032e+03             inf     0.00000e+00          159.84     0.00000e+00
 290 -5.05860824e+03             inf     0.00000e+00          172.13     0.00000e+00
 300 -5.05856853e+03             inf     0.00000e+00          185.14     0.00000e+00
 310 -5.05856516e+03             inf     0.00000e+00          198.65     0.00000e+00
 320 -5.05856325e+03             inf     0.00000e+00          212.04     0.00000e+00
 330 -5.05855628e+03             inf     0.00000e+00          226.10     0.00000e+00
 340 -5.05855450e+03             inf     0.00000e+00          241.57     0.00000e+00
 350 -5.05855312e+03             inf     0.00000e+00          257.32     0.00000e+00
 360 -5.05855099e+03             inf     0.00000e+00          273.77     0.00000e+00
 370 -5.05849022e+03             inf     0.00000e+00          290.73     0.00000e+00
 376 -5.05848729e+03             inf     0.00000e+00          301.04     0.00000e+00
==============================================================================================
Pass              LB             iUB             iHW       F time       B time    Wall time
Sim1000    -5.05849e+03     6.73739e+00     9.39695e+02         0.00         0.00       326.50
==============================================================================================
