Hydro_R2_AR1_T12_N5_15_I10000_Time60_DW_DUAL_MC_DS_0.0005_None
Multicut: True
Dynamic Sampling: True
==============================================================================================
Pass              LB             iUB             iHW    Wall time           Other
==============================================================================================
   0 -1.00000858e+08             inf     0.00000e+00            0.01     0.00000e+00
  10 -5.07186691e+03             inf     0.00000e+00            0.62     0.00000e+00
  20 -5.06177062e+03             inf     0.00000e+00            1.66     0.00000e+00
  30 -5.05997079e+03             inf     0.00000e+00            3.12     0.00000e+00
  40 -5.05811694e+03             inf     0.00000e+00            4.76     0.00000e+00
  50 -5.05778956e+03             inf     0.00000e+00            6.82     0.00000e+00
  60 -5.05764270e+03             inf     0.00000e+00            9.08     0.00000e+00
  70 -5.05761521e+03             inf     0.00000e+00           11.55     0.00000e+00
  80 -5.05737561e+03             inf     0.00000e+00           14.26     0.00000e+00
  90 -5.05734832e+03             inf     0.00000e+00           17.30     0.00000e+00
 100 -5.05719062e+03             inf     0.00000e+00           20.69     0.00000e+00
 110 -5.05683333e+03             inf     0.00000e+00           24.38     0.00000e+00
 120 -5.05669635e+03             inf     0.00000e+00           28.47     0.00000e+00
 130 -5.05668080e+03             inf     0.00000e+00           32.94     0.00000e+00
 140 -5.05664171e+03             inf     0.00000e+00           37.79     0.00000e+00
 150 -5.05663400e+03             inf     0.00000e+00           43.09     0.00000e+00
 160 -5.05662908e+03             inf     0.00000e+00           48.87     0.00000e+00
 170 -5.05655718e+03             inf     0.00000e+00           55.14     0.00000e+00
 178 -5.05654595e+03             inf     0.00000e+00           60.32     0.00000e+00
==============================================================================================
Pass              LB             iUB             iHW       F time       B time    Wall time
Sim1000    -5.05655e+03    -2.18062e+02     9.32225e+02         0.00         0.00        78.90
==============================================================================================
