Hydro_R2_AR1_T12_N5_15_I10000_Time60_DW_DUAL_MC_DS_0.0000_cube
Multicut: True
Dynamic Sampling: True
==============================================================================================
Pass              LB             iUB             iHW    Wall time           Other
==============================================================================================
   0 -1.00000858e+08             inf     0.00000e+00            0.03     0.00000e+00
  10 -5.07556003e+03             inf     0.00000e+00            1.32     0.00000e+00
  20 -5.06453282e+03             inf     0.00000e+00            3.02     0.00000e+00
  30 -5.06357634e+03             inf     0.00000e+00            5.26     0.00000e+00
  40 -5.06113766e+03             inf     0.00000e+00            8.33     0.00000e+00
  50 -5.06097019e+03             inf     0.00000e+00           11.83     0.00000e+00
  60 -5.06094089e+03             inf     0.00000e+00           18.03     0.00000e+00
  70 -5.06092254e+03             inf     0.00000e+00           23.03     0.00000e+00
  80 -5.06068313e+03             inf     0.00000e+00           28.77     0.00000e+00
  90 -5.06065194e+03             inf     0.00000e+00           35.01     0.00000e+00
 100 -5.06046481e+03             inf     0.00000e+00           41.96     0.00000e+00
 110 -5.05989086e+03             inf     0.00000e+00           50.67     0.00000e+00
 120 -5.05975215e+03             inf     0.00000e+00           58.73     0.00000e+00
 122 -5.05975159e+03             inf     0.00000e+00           60.41     0.00000e+00
==============================================================================================
Pass              LB             iUB             iHW       F time       B time    Wall time
Sim1000    -5.05975e+03     2.95879e+01     9.41769e+02         0.00         0.00        87.53
==============================================================================================
