Hydro_R2_AR1_T12_N6_36_I10000_Time100_DW_DUAL_MC_DS_8.0000_cvx_hull
Multicut: True
Dynamic Sampling: True
==============================================================================================
Pass              LB             iUB             iHW    Wall time           Other
==============================================================================================
   0 -1.00000858e+08             inf     0.00000e+00            0.01     0.00000e+00
  10 -3.29336880e+03             inf     0.00000e+00            2.67     0.00000e+00
  20 -3.29336880e+03             inf     0.00000e+00            7.55     0.00000e+00
  30 -3.29336880e+03             inf     0.00000e+00           14.28     0.00000e+00
  40 -3.29336880e+03             inf     0.00000e+00           24.54     0.00000e+00
  50 -3.29336880e+03             inf     0.00000e+00           37.48     0.00000e+00
  60 -3.29336880e+03             inf     0.00000e+00           51.67     0.00000e+00
  70 -3.29336880e+03             inf     0.00000e+00           70.50     0.00000e+00
  80 -3.29336880e+03             inf     0.00000e+00           91.43     0.00000e+00
  84 -3.29336880e+03             inf     0.00000e+00          100.62     0.00000e+00
==============================================================================================
Pass              LB             iUB             iHW       F time       B time    Wall time
Sim1000    -3.29337e+03     3.78342e+02     9.88818e+02         0.00         0.00       124.00
==============================================================================================
