Hydro_R2_AR1_T12_N5_15_I10000_Time60_DW_DUAL_MC_DS_2.0000_cvx_hull2
Multicut: True
Dynamic Sampling: True
==============================================================================================
Pass              LB             iUB             iHW    Wall time           Other
==============================================================================================
   0 -1.00000858e+08             inf     0.00000e+00            0.01     0.00000e+00
  10 -4.01793108e+03             inf     0.00000e+00            0.81     0.00000e+00
  20 -4.01526120e+03             inf     0.00000e+00            1.97     0.00000e+00
  30 -4.01170673e+03             inf     0.00000e+00            4.08     0.00000e+00
  40 -4.00976180e+03             inf     0.00000e+00            6.58     0.00000e+00
  50 -4.00854089e+03             inf     0.00000e+00           10.86     0.00000e+00
  60 -4.00787012e+03             inf     0.00000e+00           15.25     0.00000e+00
  70 -4.00779648e+03             inf     0.00000e+00           20.17     0.00000e+00
  80 -4.00760348e+03             inf     0.00000e+00           25.50     0.00000e+00
  90 -4.00756344e+03             inf     0.00000e+00           30.79     0.00000e+00
 100 -4.00750889e+03             inf     0.00000e+00           36.69     0.00000e+00
 110 -4.00740448e+03             inf     0.00000e+00           41.84     0.00000e+00
 120 -4.00732640e+03             inf     0.00000e+00           47.85     0.00000e+00
 130 -4.00730000e+03             inf     0.00000e+00           54.16     0.00000e+00
 138 -4.00708344e+03             inf     0.00000e+00           60.06     0.00000e+00
==============================================================================================
Pass              LB             iUB             iHW       F time       B time    Wall time
Sim1000    -4.00708e+03    -4.22840e+03     1.32268e+02         0.00         0.00        81.43
==============================================================================================
