Hydro_R2_AR1_T12_N5_30_I10000_Time100_DW_DUAL_MC_DS_0.1000_cvx_hull2
Multicut: True
Dynamic Sampling: True
==============================================================================================
Pass              LB             iUB             iHW    Wall time           Other
==============================================================================================
   0 -1.00000858e+08             inf     0.00000e+00            0.02     0.00000e+00
  10 -5.01526412e+03             inf     0.00000e+00            3.11     0.00000e+00
  20 -5.00918058e+03             inf     0.00000e+00            8.07     0.00000e+00
  30 -5.00682954e+03             inf     0.00000e+00           13.85     0.00000e+00
  40 -5.00548047e+03             inf     0.00000e+00           21.15     0.00000e+00
  50 -5.00530446e+03             inf     0.00000e+00           28.92     0.00000e+00
  60 -5.00525823e+03             inf     0.00000e+00           37.95     0.00000e+00
  70 -5.00523563e+03             inf     0.00000e+00           49.46     0.00000e+00
  80 -5.00492648e+03             inf     0.00000e+00           60.55     0.00000e+00
  90 -5.00490974e+03             inf     0.00000e+00           73.35     0.00000e+00
 100 -5.00473969e+03             inf     0.00000e+00           88.51     0.00000e+00
 107 -5.00397281e+03             inf     0.00000e+00          102.14     0.00000e+00
==============================================================================================
Pass              LB             iUB             iHW       F time       B time    Wall time
Sim1000    -5.00397e+03    -2.76834e+03     8.26192e+02         0.00         0.00       124.51
==============================================================================================
