Hydro_R10_AR1_T12_N20_20_I101000_Time300_SP_SC_ES
Multicut: False
Dynamic Sampling: False
==============================================================================================
Pass              LB             iUB             iHW    Wall time           Other
==============================================================================================
   0 -1.00006458e+08             inf     0.00000e+00            0.01     0.00000e+00
  10 -5.89590859e+04             inf     0.00000e+00            1.17     0.00000e+00
  20 -5.84319828e+04             inf     0.00000e+00            2.38     0.00000e+00
  30 -5.82809291e+04             inf     0.00000e+00            3.61     0.00000e+00
  40 -5.82253272e+04             inf     0.00000e+00            4.86     0.00000e+00
  50 -5.81851921e+04             inf     0.00000e+00            6.20     0.00000e+00
  60 -5.81621852e+04             inf     0.00000e+00            7.60     0.00000e+00
  70 -5.81341526e+04             inf     0.00000e+00            9.10     0.00000e+00
  80 -5.81222925e+04             inf     0.00000e+00           10.58     0.00000e+00
  90 -5.81064277e+04             inf     0.00000e+00           12.15     0.00000e+00
 100 -5.80981325e+04             inf     0.00000e+00           13.75     0.00000e+00
 110 -5.80906607e+04             inf     0.00000e+00           15.35     0.00000e+00
 120 -5.80837338e+04             inf     0.00000e+00           17.04     0.00000e+00
 130 -5.80765993e+04             inf     0.00000e+00           18.83     0.00000e+00
 140 -5.80731454e+04             inf     0.00000e+00           20.67     0.00000e+00
 150 -5.80680584e+04             inf     0.00000e+00           22.54     0.00000e+00
 160 -5.80644424e+04             inf     0.00000e+00           24.45     0.00000e+00
 170 -5.80607631e+04             inf     0.00000e+00           26.42     0.00000e+00
 180 -5.80564579e+04             inf     0.00000e+00           28.42     0.00000e+00
 190 -5.80526620e+04             inf     0.00000e+00           30.43     0.00000e+00
 200 -5.80486762e+04             inf     0.00000e+00           32.54     0.00000e+00
 210 -5.80443637e+04             inf     0.00000e+00           34.70     0.00000e+00
 220 -5.80415750e+04             inf     0.00000e+00           36.95     0.00000e+00
 230 -5.80393736e+04             inf     0.00000e+00           39.30     0.00000e+00
 240 -5.80369118e+04             inf     0.00000e+00           41.60     0.00000e+00
 250 -5.80345222e+04             inf     0.00000e+00           44.05     0.00000e+00
 260 -5.80314890e+04             inf     0.00000e+00           46.58     0.00000e+00
 270 -5.80294799e+04             inf     0.00000e+00           49.11     0.00000e+00
 280 -5.80274777e+04             inf     0.00000e+00           51.72     0.00000e+00
 290 -5.80259370e+04             inf     0.00000e+00           54.49     0.00000e+00
 300 -5.80244726e+04             inf     0.00000e+00           57.24     0.00000e+00
 310 -5.80224788e+04             inf     0.00000e+00           60.03     0.00000e+00
 320 -5.80207954e+04             inf     0.00000e+00           62.87     0.00000e+00
 330 -5.80196544e+04             inf     0.00000e+00           65.77     0.00000e+00
 340 -5.80169277e+04             inf     0.00000e+00           68.82     0.00000e+00
 350 -5.80141852e+04             inf     0.00000e+00           71.82     0.00000e+00
 360 -5.80128604e+04             inf     0.00000e+00           74.96     0.00000e+00
 370 -5.80107590e+04             inf     0.00000e+00           78.09     0.00000e+00
 380 -5.80084291e+04             inf     0.00000e+00           81.26     0.00000e+00
 390 -5.80069297e+04             inf     0.00000e+00           84.56     0.00000e+00
 400 -5.80042674e+04             inf     0.00000e+00           87.80     0.00000e+00
 410 -5.80031268e+04             inf     0.00000e+00           91.19     0.00000e+00
 420 -5.80011922e+04             inf     0.00000e+00           98.31     0.00000e+00
 430 -5.79997553e+04             inf     0.00000e+00          104.73     0.00000e+00
 440 -5.79986368e+04             inf     0.00000e+00          109.18     0.00000e+00
 450 -5.79974397e+04             inf     0.00000e+00          112.80     0.00000e+00
 460 -5.79961216e+04             inf     0.00000e+00          116.58     0.00000e+00
 470 -5.79952820e+04             inf     0.00000e+00          120.46     0.00000e+00
 480 -5.79941440e+04             inf     0.00000e+00          124.33     0.00000e+00
 490 -5.79927146e+04             inf     0.00000e+00          128.23     0.00000e+00
 500 -5.79918343e+04             inf     0.00000e+00          132.58     0.00000e+00
 510 -5.79910667e+04             inf     0.00000e+00          137.37     0.00000e+00
 520 -5.79901211e+04             inf     0.00000e+00          142.77     0.00000e+00
 530 -5.79890688e+04             inf     0.00000e+00          148.86     0.00000e+00
 540 -5.79882110e+04             inf     0.00000e+00          153.56     0.00000e+00
 550 -5.79876733e+04             inf     0.00000e+00          157.83     0.00000e+00
 560 -5.79868739e+04             inf     0.00000e+00          162.06     0.00000e+00
 570 -5.79860628e+04             inf     0.00000e+00          166.49     0.00000e+00
 580 -5.79853460e+04             inf     0.00000e+00          170.95     0.00000e+00
 590 -5.79845254e+04             inf     0.00000e+00          175.52     0.00000e+00
 600 -5.79838345e+04             inf     0.00000e+00          180.14     0.00000e+00
 610 -5.79831716e+04             inf     0.00000e+00          184.95     0.00000e+00
 620 -5.79825831e+04             inf     0.00000e+00          190.08     0.00000e+00
 630 -5.79817935e+04             inf     0.00000e+00          195.41     0.00000e+00
 640 -5.79807336e+04             inf     0.00000e+00          200.78     0.00000e+00
 650 -5.79801103e+04             inf     0.00000e+00          206.00     0.00000e+00
 660 -5.79796948e+04             inf     0.00000e+00          211.31     0.00000e+00
 670 -5.79791130e+04             inf     0.00000e+00          216.57     0.00000e+00
 680 -5.79784525e+04             inf     0.00000e+00          222.05     0.00000e+00
 690 -5.79778098e+04             inf     0.00000e+00          227.62     0.00000e+00
 700 -5.79772583e+04             inf     0.00000e+00          233.31     0.00000e+00
 710 -5.79765321e+04             inf     0.00000e+00          239.09     0.00000e+00
 720 -5.79759850e+04             inf     0.00000e+00          244.98     0.00000e+00
 730 -5.79755465e+04             inf     0.00000e+00          250.90     0.00000e+00
 740 -5.79748231e+04             inf     0.00000e+00          256.89     0.00000e+00
 750 -5.79741987e+04             inf     0.00000e+00          262.99     0.00000e+00
 760 -5.79738206e+04             inf     0.00000e+00          269.18     0.00000e+00
 770 -5.79734839e+04             inf     0.00000e+00          275.39     0.00000e+00
 780 -5.79731196e+04             inf     0.00000e+00          281.67     0.00000e+00
 790 -5.79727856e+04             inf     0.00000e+00          288.20     0.00000e+00
 800 -5.79722873e+04             inf     0.00000e+00          294.73     0.00000e+00
 808 -5.79719258e+04             inf     0.00000e+00          300.05     0.00000e+00
==============================================================================================
Pass              LB             iUB             iHW       F time       B time    Wall time
Sim1000    -5.79719e+04    -5.79085e+04     3.82266e+02         0.00         0.00       321.95
==============================================================================================
