Hydro_R2_AR1_T12_N5_30_I10000_Time100_DW_DUAL_MC_DS_0.8000_cube
Multicut: True
Dynamic Sampling: True
==============================================================================================
Pass              LB             iUB             iHW    Wall time           Other
==============================================================================================
   0 -1.00000858e+08             inf     0.00000e+00            0.01     0.00000e+00
  10 -4.65174787e+03             inf     0.00000e+00            2.25     0.00000e+00
  20 -4.64398837e+03             inf     0.00000e+00            5.79     0.00000e+00
  30 -4.64337533e+03             inf     0.00000e+00           10.98     0.00000e+00
  40 -4.64218770e+03             inf     0.00000e+00           17.54     0.00000e+00
  50 -4.64204395e+03             inf     0.00000e+00           25.85     0.00000e+00
  60 -4.64197598e+03             inf     0.00000e+00           35.88     0.00000e+00
  70 -4.64196793e+03             inf     0.00000e+00           48.68     0.00000e+00
  80 -4.64179649e+03             inf     0.00000e+00           63.74     0.00000e+00
  90 -4.64174776e+03             inf     0.00000e+00           81.08     0.00000e+00
 100 -4.64154725e+03             inf     0.00000e+00          100.98     0.00000e+00
==============================================================================================
Pass              LB             iUB             iHW       F time       B time    Wall time
Sim1000    -4.64155e+03    -1.22835e+03     8.74826e+02         0.00         0.00       122.95
==============================================================================================
