Hydro_R2_AR1_T12_N5_30_I10000_Time100_DW_DUAL_MC_DS_0.5000_cvx_hull
Multicut: True
Dynamic Sampling: True
==============================================================================================
Pass              LB             iUB             iHW    Wall time           Other
==============================================================================================
   0 -1.00000858e+08             inf     0.00000e+00            0.01     0.00000e+00
  10 -4.83557694e+03             inf     0.00000e+00            1.86     0.00000e+00
  20 -4.82534287e+03             inf     0.00000e+00            5.66     0.00000e+00
  30 -4.82389187e+03             inf     0.00000e+00           11.01     0.00000e+00
  40 -4.82258418e+03             inf     0.00000e+00           21.57     0.00000e+00
  50 -4.82244371e+03             inf     0.00000e+00           35.72     0.00000e+00
  60 -4.82230782e+03             inf     0.00000e+00           50.68     0.00000e+00
  70 -4.82226762e+03             inf     0.00000e+00           64.87     0.00000e+00
  80 -4.82203804e+03             inf     0.00000e+00           79.94     0.00000e+00
  90 -4.82202338e+03             inf     0.00000e+00           96.00     0.00000e+00
  93 -4.82201957e+03             inf     0.00000e+00          100.93     0.00000e+00
==============================================================================================
Pass              LB             iUB             iHW       F time       B time    Wall time
Sim1000    -4.82202e+03    -3.49420e+01     9.38562e+02         0.00         0.00       121.28
==============================================================================================
