Hydro_R2_AR1_T12_N5_30_I10000_Time100_DW_DUAL_MC_DS_0.0003_cvx_hull
Multicut: True
Dynamic Sampling: True
==============================================================================================
Pass              LB             iUB             iHW    Wall time           Other
==============================================================================================
   0 -1.00000858e+08             inf     0.00000e+00            0.01     0.00000e+00
  10 -5.07541248e+03             inf     0.00000e+00            2.22     0.00000e+00
  20 -5.06446287e+03             inf     0.00000e+00            6.33     0.00000e+00
  30 -5.06344986e+03             inf     0.00000e+00           11.97     0.00000e+00
  40 -5.06104467e+03             inf     0.00000e+00           18.78     0.00000e+00
  50 -5.06090462e+03             inf     0.00000e+00           27.67     0.00000e+00
  60 -5.06083013e+03             inf     0.00000e+00           38.90     0.00000e+00
  70 -5.06080984e+03             inf     0.00000e+00           52.46     0.00000e+00
  80 -5.06056833e+03             inf     0.00000e+00           68.92     0.00000e+00
  90 -5.06054019e+03             inf     0.00000e+00           88.24     0.00000e+00
  96 -5.06037562e+03             inf     0.00000e+00          101.19     0.00000e+00
==============================================================================================
Pass              LB             iUB             iHW       F time       B time    Wall time
Sim1000    -5.06038e+03     6.36176e+00     9.40338e+02         0.00         0.00       124.39
==============================================================================================
