Hydro_R10_AR1_T12_N10_10_I10000_Time20_DW_DUAL_MC_DS_0.1000000_None
Multicut: True
Dynamic Sampling: True
==============================================================================================
Pass              LB             iUB             iHW    Wall time           Other
==============================================================================================
   0 -1.00004104e+08             inf     0.00000e+00            0.01     0.00000e+00
  10 -3.39051348e+04             inf     0.00000e+00            0.79     0.00000e+00
  20 -3.38502820e+04             inf     0.00000e+00            1.83     0.00000e+00
  30 -3.38273113e+04             inf     0.00000e+00            3.17     0.00000e+00
  40 -3.38233359e+04             inf     0.00000e+00            4.82     0.00000e+00
  50 -3.38166130e+04             inf     0.00000e+00            6.74     0.00000e+00
  60 -3.38129101e+04             inf     0.00000e+00            8.93     0.00000e+00
  70 -3.38096684e+04             inf     0.00000e+00           11.38     0.00000e+00
  80 -3.38076884e+04             inf     0.00000e+00           14.09     0.00000e+00
  90 -3.38057868e+04             inf     0.00000e+00           17.14     0.00000e+00
  99 -3.38050716e+04             inf     0.00000e+00           20.17     0.00000e+00
Time profiling
           Pass        # LPs        setup      simplex       output   cut update      cut gen        other        total
        Forward         1200         0.18         0.80         0.07         0.00         0.00         0.39         1.44
       Backward        10890         1.81         6.08         9.04         0.03         1.49         0.27        18.72
==============================================================================================
Pass              LB             iUB             iHW       F time       B time    Wall time
Sim500    -3.38051e+04    -3.45294e+04     2.03554e+02         0.00         0.00        33.53
==============================================================================================
Mean:   	 -34529.43
Median: 	 -34508.58
SD:     	   2275.81
20-80: 	( -36237.56,  -32700.57)
10-90: 	( -37367.12,  -31625.74)
05-95: 	( -38354.11,  -30825.27)
