Hydro_R2_AR1_T12_N5_30_I10000_Time100_DW_DUAL_MC_DS_0.0005_cube
Multicut: True
Dynamic Sampling: True
==============================================================================================
Pass              LB             iUB             iHW    Wall time           Other
==============================================================================================
   0 -1.00000858e+08             inf     0.00000e+00            0.01     0.00000e+00
  10 -5.07438724e+03             inf     0.00000e+00            2.11     0.00000e+00
  20 -5.06485206e+03             inf     0.00000e+00            5.82     0.00000e+00
  30 -5.06306707e+03             inf     0.00000e+00           11.27     0.00000e+00
  40 -5.06050284e+03             inf     0.00000e+00           18.14     0.00000e+00
  50 -5.06025410e+03             inf     0.00000e+00           26.97     0.00000e+00
  60 -5.06010736e+03             inf     0.00000e+00           38.13     0.00000e+00
  70 -5.05999317e+03             inf     0.00000e+00           51.52     0.00000e+00
  80 -5.05982945e+03             inf     0.00000e+00           67.63     0.00000e+00
  90 -5.05980300e+03             inf     0.00000e+00           87.90     0.00000e+00
  96 -5.05955873e+03             inf     0.00000e+00          101.41     0.00000e+00
==============================================================================================
Pass              LB             iUB             iHW       F time       B time    Wall time
Sim1000    -5.05956e+03    -1.18790e+03     8.75380e+02         0.00         0.00       125.06
==============================================================================================
