Hydro_R10_AR1_T12_N30_30_I101000_Time20_DW_DUAL_MC_ES_15.0000000_None
Multicut: True
Dynamic Sampling: False
==============================================================================================
Pass              LB             iUB             iHW    Wall time           Other
==============================================================================================
   0 -1.00006609e+08             inf     0.00000e+00            0.03     0.00000e+00
  10 -6.73605862e+04             inf     0.00000e+00            4.95     0.00000e+00
  20 -6.62540608e+04             inf     0.00000e+00           12.71     0.00000e+00
  28 -6.56205830e+04             inf     0.00000e+00           20.84     0.00000e+00
Time profiling
           Pass        # LPs        setup      simplex       output   cut update      cut gen        other        total
        Forward          348         0.06         0.54         0.02         0.00         0.00         0.03         0.65
       Backward         9240         1.63        10.40         6.81         0.03         1.13         0.18        20.18
==============================================================================================
Pass              LB             iUB             iHW       F time       B time    Wall time
Sim10    -6.56206e+04    -7.81671e+04     1.00263e+03         0.00         0.00        21.35
==============================================================================================
Mean:   	 -78167.12
Median: 	 -78384.96
SD:     	   1585.30
20-80: 	( -79637.06,  -76635.81)
10-90: 	( -79827.95,  -76414.10)
05-95: 	( -80292.21,  -75909.03)
