Hydro_R2_AR1_T12_N5_15_I10000_Time60_DW_DUAL_MC_DS_0.0010_cube
Multicut: True
Dynamic Sampling: True
==============================================================================================
Pass              LB             iUB             iHW    Wall time           Other
==============================================================================================
   0 -1.00000858e+08             inf     0.00000e+00            0.01     0.00000e+00
  10 -5.07448365e+03             inf     0.00000e+00            1.07     0.00000e+00
  20 -5.06330582e+03             inf     0.00000e+00            3.03     0.00000e+00
  30 -5.06229725e+03             inf     0.00000e+00            5.59     0.00000e+00
  40 -5.05995042e+03             inf     0.00000e+00            8.74     0.00000e+00
  50 -5.05977219e+03             inf     0.00000e+00           12.62     0.00000e+00
  60 -5.05973941e+03             inf     0.00000e+00           17.28     0.00000e+00
  70 -5.05972112e+03             inf     0.00000e+00           23.71     0.00000e+00
  80 -5.05946295e+03             inf     0.00000e+00           30.16     0.00000e+00
  90 -5.05943012e+03             inf     0.00000e+00           37.49     0.00000e+00
 100 -5.05924444e+03             inf     0.00000e+00           45.34     0.00000e+00
 110 -5.05865576e+03             inf     0.00000e+00           54.28     0.00000e+00
 115 -5.05864903e+03             inf     0.00000e+00           60.50     0.00000e+00
==============================================================================================
Pass              LB             iUB             iHW       F time       B time    Wall time
Sim1000    -5.05865e+03    -1.18790e+03     8.75378e+02         0.00         0.00        94.29
==============================================================================================
