Hydro_R2_AR1_T12_N5_15_I10000_Time60_DW_DUAL_MC_DS_0.0050_cvx_hull2
Multicut: True
Dynamic Sampling: True
==============================================================================================
Pass              LB             iUB             iHW    Wall time           Other
==============================================================================================
   0 -1.00000858e+08             inf     0.00000e+00            0.03     0.00000e+00
  10 -5.07036390e+03             inf     0.00000e+00            1.34     0.00000e+00
  20 -5.06028846e+03             inf     0.00000e+00            3.03     0.00000e+00
  30 -5.05854734e+03             inf     0.00000e+00            5.41     0.00000e+00
  40 -5.05622522e+03             inf     0.00000e+00            8.58     0.00000e+00
  50 -5.05599502e+03             inf     0.00000e+00           11.98     0.00000e+00
  60 -5.05588639e+03             inf     0.00000e+00           16.80     0.00000e+00
  70 -5.05586787e+03             inf     0.00000e+00           21.89     0.00000e+00
  80 -5.05557874e+03             inf     0.00000e+00           27.10     0.00000e+00
  90 -5.05555097e+03             inf     0.00000e+00           32.44     0.00000e+00
 100 -5.05539025e+03             inf     0.00000e+00           38.27     0.00000e+00
 110 -5.05438503e+03             inf     0.00000e+00           46.35     0.00000e+00
 120 -5.05426341e+03             inf     0.00000e+00           53.84     0.00000e+00
 129 -5.05424955e+03             inf     0.00000e+00           60.02     0.00000e+00
==============================================================================================
Pass              LB             iUB             iHW       F time       B time    Wall time
Sim1000    -5.05425e+03    -2.69197e+03     8.27234e+02         0.00         0.00        86.32
==============================================================================================
