Hydro_R2_AR1_T12_N5_30_I10000_Time100_DW_DUAL_MC_DS_0.0000_cube
Multicut: True
Dynamic Sampling: True
==============================================================================================
Pass              LB             iUB             iHW    Wall time           Other
==============================================================================================
   0 -1.00000858e+08             inf     0.00000e+00            0.03     0.00000e+00
  10 -5.09179864e+03             inf     0.00000e+00            3.17     0.00000e+00
  20 -5.06529246e+03             inf     0.00000e+00           10.37     0.00000e+00
  30 -5.06388735e+03             inf     0.00000e+00           19.72     0.00000e+00
  40 -5.06135370e+03             inf     0.00000e+00           33.49     0.00000e+00
  50 -5.06112385e+03             inf     0.00000e+00           44.43     0.00000e+00
  60 -5.06100626e+03             inf     0.00000e+00           55.86     0.00000e+00
  70 -5.06087582e+03             inf     0.00000e+00           70.62     0.00000e+00
  80 -5.06073834e+03             inf     0.00000e+00           88.85     0.00000e+00
  86 -5.06073452e+03             inf     0.00000e+00          100.65     0.00000e+00
==============================================================================================
Pass              LB             iUB             iHW       F time       B time    Wall time
Sim1000    -5.06073e+03     4.57187e+01     9.42387e+02         0.00         0.00       126.87
==============================================================================================
