Hydro_R10_AR1_T5_N10_I10000ESS_DUAL_MC_DW_10.000000_DS
Multicut: True
Dynamic Sampling: True
==============================================================================================
Pass              LB             iUB             iHW    Wall time           Other
==============================================================================================
   0 -1.00006458e+08             inf     0.00000e+00            0.01     0.00000e+00
  10 -2.89045703e+04             inf     0.00000e+00            0.38     0.00000e+00
  20 -2.88977285e+04             inf     0.00000e+00            0.85     0.00000e+00
  30 -2.88961063e+04             inf     0.00000e+00            1.43     0.00000e+00
  40 -2.88954902e+04             inf     0.00000e+00            2.05     0.00000e+00
  50 -2.88949866e+04             inf     0.00000e+00            2.78     0.00000e+00
  60 -2.88947186e+04             inf     0.00000e+00            3.50     0.00000e+00
  70 -2.88945301e+04             inf     0.00000e+00            4.29     0.00000e+00
  80 -2.88943857e+04             inf     0.00000e+00            5.15     0.00000e+00
  90 -2.88943180e+04             inf     0.00000e+00            5.93     0.00000e+00
 100 -2.88942732e+04             inf     0.00000e+00            6.78     0.00000e+00
 110 -2.88942435e+04             inf     0.00000e+00            7.72     0.00000e+00
 120 -2.88942135e+04             inf     0.00000e+00            8.68     0.00000e+00
 130 -2.88941335e+04             inf     0.00000e+00            9.73     0.00000e+00
 140 -2.88941289e+04             inf     0.00000e+00           10.57     0.00000e+00
 150 -2.88941166e+04             inf     0.00000e+00           11.49     0.00000e+00
 160 -2.88941157e+04             inf     0.00000e+00           12.37     0.00000e+00
 170 -2.88940771e+04             inf     0.00000e+00           13.24     0.00000e+00
 180 -2.88940712e+04             inf     0.00000e+00           14.21     0.00000e+00
 190 -2.88940691e+04             inf     0.00000e+00           15.03     0.00000e+00
 200 -2.88940680e+04             inf     0.00000e+00           15.94     0.00000e+00
 210 -2.88940657e+04             inf     0.00000e+00           16.85     0.00000e+00
 220 -2.88940436e+04             inf     0.00000e+00           17.87     0.00000e+00
 230 -2.88940424e+04             inf     0.00000e+00           18.67     0.00000e+00
 240 -2.88940390e+04             inf     0.00000e+00           19.52     0.00000e+00
 250 -2.88940279e+04             inf     0.00000e+00           20.50     0.00000e+00
 260 -2.88940251e+04             inf     0.00000e+00           21.51     0.00000e+00
 270 -2.88940241e+04             inf     0.00000e+00           22.49     0.00000e+00
 280 -2.88940241e+04             inf     0.00000e+00           23.59     0.00000e+00
 290 -2.88940241e+04             inf     0.00000e+00           24.64     0.00000e+00
 300 -2.88940241e+04             inf     0.00000e+00           25.65     0.00000e+00
 310 -2.88940241e+04             inf     0.00000e+00           26.67     0.00000e+00
 320 -2.88940240e+04             inf     0.00000e+00           27.84     0.00000e+00
 330 -2.88940239e+04             inf     0.00000e+00           29.04     0.00000e+00
