Hydro_R2_AR1_T12_N5_15_I10000_Time60_DW_DUAL_MC_DS_0.0003_cvx_hull2
Multicut: True
Dynamic Sampling: True
==============================================================================================
Pass              LB             iUB             iHW    Wall time           Other
==============================================================================================
   0 -1.00000858e+08             inf     0.00000e+00            0.01     0.00000e+00
  10 -5.07427501e+03             inf     0.00000e+00            0.69     0.00000e+00
  20 -5.06326206e+03             inf     0.00000e+00            1.88     0.00000e+00
  30 -5.06214903e+03             inf     0.00000e+00            3.12     0.00000e+00
  40 -5.06000059e+03             inf     0.00000e+00            4.68     0.00000e+00
  50 -5.05986292e+03             inf     0.00000e+00            6.61     0.00000e+00
  60 -5.05978509e+03             inf     0.00000e+00            8.84     0.00000e+00
  70 -5.05976118e+03             inf     0.00000e+00           11.25     0.00000e+00
  80 -5.05947697e+03             inf     0.00000e+00           13.92     0.00000e+00
  90 -5.05945036e+03             inf     0.00000e+00           16.99     0.00000e+00
 100 -5.05929165e+03             inf     0.00000e+00           20.30     0.00000e+00
 110 -5.05826072e+03             inf     0.00000e+00           24.13     0.00000e+00
 120 -5.05807878e+03             inf     0.00000e+00           28.31     0.00000e+00
 130 -5.05806078e+03             inf     0.00000e+00           32.61     0.00000e+00
 140 -5.05804492e+03             inf     0.00000e+00           37.31     0.00000e+00
 150 -5.05803842e+03             inf     0.00000e+00           42.45     0.00000e+00
 160 -5.05803329e+03             inf     0.00000e+00           47.96     0.00000e+00
 170 -5.05797659e+03             inf     0.00000e+00           54.01     0.00000e+00
 180 -5.05791902e+03             inf     0.00000e+00           60.23     0.00000e+00
==============================================================================================
Pass              LB             iUB             iHW       F time       B time    Wall time
Sim1000    -5.05792e+03    -4.36017e+01     9.38199e+02         0.00         0.00        78.28
==============================================================================================
