Hydro_R2_AR1_T12_N5_15_I10000_Time60_DW_DUAL_MC_DS_0.0300_None
Multicut: True
Dynamic Sampling: True
==============================================================================================
Pass              LB             iUB             iHW    Wall time           Other
==============================================================================================
   0 -1.00000858e+08             inf     0.00000e+00            0.01     0.00000e+00
  10 -5.05304825e+03             inf     0.00000e+00            0.78     0.00000e+00
  20 -5.04492728e+03             inf     0.00000e+00            2.06     0.00000e+00
  30 -5.04211644e+03             inf     0.00000e+00            3.57     0.00000e+00
  40 -5.04034589e+03             inf     0.00000e+00            5.52     0.00000e+00
  50 -5.04000238e+03             inf     0.00000e+00            8.04     0.00000e+00
  60 -5.03982408e+03             inf     0.00000e+00           10.53     0.00000e+00
  70 -5.03979301e+03             inf     0.00000e+00           13.33     0.00000e+00
  80 -5.03954107e+03             inf     0.00000e+00           16.49     0.00000e+00
  90 -5.03951205e+03             inf     0.00000e+00           20.29     0.00000e+00
 100 -5.03934344e+03             inf     0.00000e+00           24.55     0.00000e+00
 110 -5.03906895e+03             inf     0.00000e+00           30.26     0.00000e+00
 120 -5.03892733e+03             inf     0.00000e+00           35.33     0.00000e+00
 130 -5.03890586e+03             inf     0.00000e+00           40.41     0.00000e+00
 140 -5.03869948e+03             inf     0.00000e+00           45.82     0.00000e+00
 150 -5.03869418e+03             inf     0.00000e+00           52.05     0.00000e+00
 160 -5.03868866e+03             inf     0.00000e+00           58.05     0.00000e+00
 163 -5.03866534e+03             inf     0.00000e+00           60.02     0.00000e+00
==============================================================================================
Pass              LB             iUB             iHW       F time       B time    Wall time
Sim1000    -5.03867e+03    -2.95395e+03     8.23113e+02         0.00         0.00        80.84
==============================================================================================
