Hydro_R10_AR1_T12_N10_10_I10000_Time20_DW_DUAL_MC_DS_0.2000000_None
Multicut: True
Dynamic Sampling: True
==============================================================================================
Pass              LB             iUB             iHW    Wall time           Other
==============================================================================================
   0 -1.00004104e+08             inf     0.00000e+00            0.01     0.00000e+00
  10 -3.38087230e+04             inf     0.00000e+00            0.82     0.00000e+00
  20 -3.37404819e+04             inf     0.00000e+00            1.91     0.00000e+00
  30 -3.37135957e+04             inf     0.00000e+00            3.24     0.00000e+00
  40 -3.37096139e+04             inf     0.00000e+00            4.93     0.00000e+00
  50 -3.37029186e+04             inf     0.00000e+00            6.86     0.00000e+00
  60 -3.37009816e+04             inf     0.00000e+00            9.14     0.00000e+00
  70 -3.36997157e+04             inf     0.00000e+00           11.62     0.00000e+00
  80 -3.36987085e+04             inf     0.00000e+00           14.41     0.00000e+00
  90 -3.36970458e+04             inf     0.00000e+00           17.49     0.00000e+00
  98 -3.36964769e+04             inf     0.00000e+00           20.21     0.00000e+00
Time profiling
           Pass        # LPs        setup      simplex       output   cut update      cut gen        other        total
        Forward         1188         0.19         0.80         0.07         0.00         0.00         0.39         1.44
       Backward        10780         1.85         6.06         9.02         0.03         1.53         0.27        18.76
==============================================================================================
Pass              LB             iUB             iHW       F time       B time    Wall time
Sim500    -3.36965e+04    -3.45264e+04     2.03298e+02         0.00         0.00        33.66
==============================================================================================
Mean:   	 -34526.40
Median: 	 -34490.77
SD:     	   2272.94
20-80: 	( -36253.00,  -32690.44)
10-90: 	( -37358.55,  -31624.11)
05-95: 	( -38335.85,  -30838.43)
