Hydro_R2_AR1_T12_N5_5_I10000_Time10_DW_DUAL_MC_DS_0.5000000_None
Multicut: True
Dynamic Sampling: True
==============================================================================================
Pass              LB             iUB             iHW    Wall time           Other
==============================================================================================
   0 -9.99966359e+07             inf     0.00000e+00            0.01     0.00000e+00
  10  5.42652366e+04             inf     0.00000e+00            0.17     0.00000e+00
  20  5.42653762e+04             inf     0.00000e+00            0.36     0.00000e+00
  30  5.42653885e+04             inf     0.00000e+00            0.61     0.00000e+00
  40  5.42653978e+04             inf     0.00000e+00            0.96     0.00000e+00
  50  5.42653991e+04             inf     0.00000e+00            1.26     0.00000e+00
  60  5.42654026e+04             inf     0.00000e+00            1.64     0.00000e+00
  70  5.42654036e+04             inf     0.00000e+00            2.03     0.00000e+00
  80  5.42654037e+04             inf     0.00000e+00            2.50     0.00000e+00
  90  5.42654037e+04             inf     0.00000e+00            2.96     0.00000e+00
 100  5.42654039e+04             inf     0.00000e+00            3.48     0.00000e+00
 110  5.42654040e+04             inf     0.00000e+00            4.16     0.00000e+00
 120  5.42654041e+04             inf     0.00000e+00            4.85     0.00000e+00
 130  5.42654041e+04             inf     0.00000e+00            5.53     0.00000e+00
 140  5.42654042e+04             inf     0.00000e+00            6.19     0.00000e+00
 150  5.42654042e+04             inf     0.00000e+00            6.93     0.00000e+00
 160  5.42654042e+04             inf     0.00000e+00            7.70     0.00000e+00
 170  5.42654042e+04             inf     0.00000e+00            8.50     0.00000e+00
 180  5.42654042e+04             inf     0.00000e+00            9.36     0.00000e+00
 188  5.42654042e+04             inf     0.00000e+00           10.05     0.00000e+00
Time profiling
           Pass        # LPs        setup      simplex       output   cut update      cut gen        other        total
        Forward         2268         0.10         0.34         0.06         0.01         0.00         0.36         0.87
       Backward        10340         0.54         1.37         6.39         0.02         0.63         0.21         9.17
==============================================================================================
Pass              LB             iUB             iHW       F time       B time    Wall time
Sim500     5.42654e+04     5.38765e+04     3.47875e+01         0.00         0.00        16.95
==============================================================================================
Mean:   	  53876.54
Median: 	  53888.02
SD:     	    388.94
20-80: 	(  53598.13,   54201.63)
10-90: 	(  53362.61,   54335.34)
05-95: 	(  53205.02,   54473.27)
