Hydro_R2_AR1_T12_N5_5_I10000_Time10_DW_DUAL_MC_DS_0.0150000_None
Multicut: True
Dynamic Sampling: True
==============================================================================================
Pass              LB             iUB             iHW    Wall time           Other
==============================================================================================
   0 -9.99966359e+07             inf     0.00000e+00            0.01     0.00000e+00
  10  5.40042949e+04             inf     0.00000e+00            0.26     0.00000e+00
  20  5.40044982e+04             inf     0.00000e+00            0.62     0.00000e+00
  30  5.40045228e+04             inf     0.00000e+00            1.02     0.00000e+00
  40  5.40045295e+04             inf     0.00000e+00            1.52     0.00000e+00
  50  5.40045321e+04             inf     0.00000e+00            2.12     0.00000e+00
  60  5.40045334e+04             inf     0.00000e+00            2.81     0.00000e+00
  70  5.40045352e+04             inf     0.00000e+00            3.57     0.00000e+00
  80  5.40045354e+04             inf     0.00000e+00            4.59     0.00000e+00
  90  5.40045360e+04             inf     0.00000e+00            5.56     0.00000e+00
 100  5.40045362e+04             inf     0.00000e+00            6.53     0.00000e+00
 110  5.40045366e+04             inf     0.00000e+00            7.76     0.00000e+00
 120  5.40045366e+04             inf     0.00000e+00            8.98     0.00000e+00
 130  5.40045373e+04             inf     0.00000e+00           10.08     0.00000e+00
Time profiling
           Pass        # LPs        setup      simplex       output   cut update      cut gen        other        total
        Forward         1572         0.11         0.30         0.07         0.01         0.00         0.41         0.90
       Backward         7150         0.62         1.29         6.22         0.03         0.76         0.25         9.17
==============================================================================================
Pass              LB             iUB             iHW       F time       B time    Wall time
Sim500     5.40045e+04     5.38745e+04     3.49780e+01         0.00         0.00        18.29
==============================================================================================
Mean:   	  53874.51
Median: 	  53884.78
SD:     	    391.07
20-80: 	(  53593.11,   54200.65)
10-90: 	(  53358.35,   54334.49)
05-95: 	(  53202.75,   54474.05)
