Hydro_R2_AR1_T12_N5_15_I10000_Time60_DW_DUAL_MC_DS_0.0500_cube
Multicut: True
Dynamic Sampling: True
==============================================================================================
Pass              LB             iUB             iHW    Wall time           Other
==============================================================================================
   0 -1.00000858e+08             inf     0.00000e+00            0.02     0.00000e+00
  10 -5.04878766e+03             inf     0.00000e+00            0.88     0.00000e+00
  20 -5.03912502e+03             inf     0.00000e+00            2.12     0.00000e+00
  30 -5.03725665e+03             inf     0.00000e+00            3.98     0.00000e+00
  40 -5.03487676e+03             inf     0.00000e+00            7.29     0.00000e+00
  50 -5.03460213e+03             inf     0.00000e+00           10.07     0.00000e+00
  60 -5.03448509e+03             inf     0.00000e+00           13.67     0.00000e+00
  70 -5.03439265e+03             inf     0.00000e+00           18.27     0.00000e+00
  80 -5.03416893e+03             inf     0.00000e+00           22.98     0.00000e+00
  90 -5.03411361e+03             inf     0.00000e+00           27.53     0.00000e+00
 100 -5.03396237e+03             inf     0.00000e+00           37.46     0.00000e+00
 110 -5.03297826e+03             inf     0.00000e+00           44.80     0.00000e+00
 120 -5.03292674e+03             inf     0.00000e+00           52.85     0.00000e+00
 130 -5.03291376e+03             inf     0.00000e+00           60.50     0.00000e+00
==============================================================================================
Pass              LB             iUB             iHW       F time       B time    Wall time
Sim1000    -5.03291e+03    -1.19102e+03     8.75231e+02         0.00         0.00        80.42
==============================================================================================
