Hydro_R2_AR1_T12_N5_15_I10000_Time300_DW_DUAL_MC_DS_0.0005_None
Multicut: True
Dynamic Sampling: True
==============================================================================================
Pass              LB             iUB             iHW    Wall time           Other
==============================================================================================
   0 -1.00000858e+08             inf     0.00000e+00            0.01     0.00000e+00
  10 -5.07186691e+03             inf     0.00000e+00            0.68     0.00000e+00
  20 -5.06177062e+03             inf     0.00000e+00            1.83     0.00000e+00
  30 -5.05997079e+03             inf     0.00000e+00            3.25     0.00000e+00
  40 -5.05811694e+03             inf     0.00000e+00            5.18     0.00000e+00
  50 -5.05778956e+03             inf     0.00000e+00            7.12     0.00000e+00
  60 -5.05764270e+03             inf     0.00000e+00            9.30     0.00000e+00
  70 -5.05761521e+03             inf     0.00000e+00           11.89     0.00000e+00
  80 -5.05737561e+03             inf     0.00000e+00           15.19     0.00000e+00
  90 -5.05734832e+03             inf     0.00000e+00           18.30     0.00000e+00
 100 -5.05719062e+03             inf     0.00000e+00           21.70     0.00000e+00
 110 -5.05683333e+03             inf     0.00000e+00           25.37     0.00000e+00
 120 -5.05669635e+03             inf     0.00000e+00           29.33     0.00000e+00
 130 -5.05668080e+03             inf     0.00000e+00           33.64     0.00000e+00
 140 -5.05664171e+03             inf     0.00000e+00           38.46     0.00000e+00
 150 -5.05663400e+03             inf     0.00000e+00           43.77     0.00000e+00
 160 -5.05662908e+03             inf     0.00000e+00           49.58     0.00000e+00
 170 -5.05655718e+03             inf     0.00000e+00           55.86     0.00000e+00
 180 -5.05650204e+03             inf     0.00000e+00           62.50     0.00000e+00
 190 -5.05638201e+03             inf     0.00000e+00           69.50     0.00000e+00
 200 -5.05634161e+03             inf     0.00000e+00           77.02     0.00000e+00
 210 -5.05633382e+03             inf     0.00000e+00           84.96     0.00000e+00
 220 -5.05633065e+03             inf     0.00000e+00           93.35     0.00000e+00
 230 -5.05632947e+03             inf     0.00000e+00          102.25     0.00000e+00
 240 -5.05632853e+03             inf     0.00000e+00          111.66     0.00000e+00
 250 -5.05632668e+03             inf     0.00000e+00          121.66     0.00000e+00
 260 -5.05632614e+03             inf     0.00000e+00          132.12     0.00000e+00
 270 -5.05632302e+03             inf     0.00000e+00          143.08     0.00000e+00
 280 -5.05629722e+03             inf     0.00000e+00          154.64     0.00000e+00
 290 -5.05629471e+03             inf     0.00000e+00          166.73     0.00000e+00
 300 -5.05626038e+03             inf     0.00000e+00          179.31     0.00000e+00
 310 -5.05625644e+03             inf     0.00000e+00          192.59     0.00000e+00
 320 -5.05625482e+03             inf     0.00000e+00          206.29     0.00000e+00
 330 -5.05624915e+03             inf     0.00000e+00          220.49     0.00000e+00
 340 -5.05624563e+03             inf     0.00000e+00          235.29     0.00000e+00
 350 -5.05624401e+03             inf     0.00000e+00          250.57     0.00000e+00
 360 -5.05624197e+03             inf     0.00000e+00          266.40     0.00000e+00
 370 -5.05618147e+03             inf     0.00000e+00          283.08     0.00000e+00
 380 -5.05616114e+03             inf     0.00000e+00          300.13     0.00000e+00
==============================================================================================
Pass              LB             iUB             iHW       F time       B time    Wall time
Sim1000    -5.05616e+03    -2.21463e+02     9.32112e+02         0.00         0.00       325.84
==============================================================================================
