Hydro_R10_AR1_T12_N15_15_I101000_Time50_DW_DUAL_MC_DS_0.0000_none
Multicut: True
Dynamic Sampling: True
==============================================================================================
Pass              LB             iUB             iHW    Wall time           Other
==============================================================================================
   0 -1.00006458e+08             inf     0.00000e+00            0.02     0.00000e+00
  10 -5.59018453e+04             inf     0.00000e+00            1.44     0.00000e+00
  20 -5.55251595e+04             inf     0.00000e+00            3.63     0.00000e+00
  30 -5.54201970e+04             inf     0.00000e+00            6.46     0.00000e+00
  40 -5.53973122e+04             inf     0.00000e+00            9.92     0.00000e+00
  50 -5.53800292e+04             inf     0.00000e+00           14.05     0.00000e+00
  60 -5.53521008e+04             inf     0.00000e+00           18.90     0.00000e+00
  70 -5.53333439e+04             inf     0.00000e+00           24.52     0.00000e+00
  80 -5.53285559e+04             inf     0.00000e+00           30.86     0.00000e+00
  90 -5.53238851e+04             inf     0.00000e+00           38.15     0.00000e+00
 100 -5.53163745e+04             inf     0.00000e+00           46.13     0.00000e+00
 105 -5.53136759e+04             inf     0.00000e+00           50.41     0.00000e+00
==============================================================================================
Pass              LB             iUB             iHW       F time       B time    Wall time
Sim1000    -5.53137e+04    -5.36754e+04     2.12681e+03         0.00         0.00        92.26
==============================================================================================
