Hydro_R10_AR1_T12_N10_10_I10000_Time20_DW_DUAL_MC_DS_0.0700000_None
Multicut: True
Dynamic Sampling: True
==============================================================================================
Pass              LB             iUB             iHW    Wall time           Other
==============================================================================================
   0 -1.00004104e+08             inf     0.00000e+00            0.01     0.00000e+00
  10 -3.39775961e+04             inf     0.00000e+00            0.82     0.00000e+00
  20 -3.38902443e+04             inf     0.00000e+00            1.91     0.00000e+00
  30 -3.38653539e+04             inf     0.00000e+00            3.23     0.00000e+00
  40 -3.38546185e+04             inf     0.00000e+00            4.91     0.00000e+00
  50 -3.38463787e+04             inf     0.00000e+00            6.85     0.00000e+00
  60 -3.38436873e+04             inf     0.00000e+00            9.11     0.00000e+00
  70 -3.38411232e+04             inf     0.00000e+00           11.53     0.00000e+00
  80 -3.38400002e+04             inf     0.00000e+00           14.27     0.00000e+00
  90 -3.38379583e+04             inf     0.00000e+00           17.32     0.00000e+00
  98 -3.38372936e+04             inf     0.00000e+00           20.05     0.00000e+00
Time profiling
           Pass        # LPs        setup      simplex       output   cut update      cut gen        other        total
        Forward         1188         0.18         0.78         0.06         0.00         0.00         0.38         1.41
       Backward        10780         1.86         6.03         8.92         0.03         1.52         0.27        18.63
==============================================================================================
Pass              LB             iUB             iHW       F time       B time    Wall time
Sim500    -3.38373e+04    -3.45316e+04     2.04381e+02         0.00         0.00        33.65
==============================================================================================
Mean:   	 -34531.60
Median: 	 -34496.81
SD:     	   2285.05
20-80: 	( -36250.45,  -32700.99)
10-90: 	( -37390.78,  -31629.43)
05-95: 	( -38361.67,  -30808.02)
