Hydro_R10_AR1_T12_N10_10_I10000_Time20_DW_DUAL_MC_DS_70.0000000_None
Multicut: True
Dynamic Sampling: True
==============================================================================================
Pass              LB             iUB             iHW    Wall time           Other
==============================================================================================
   0 -1.00004104e+08             inf     0.00000e+00            0.02     0.00000e+00
  10 -2.57137441e+04             inf     0.00000e+00            0.74     0.00000e+00
  20 -2.55672660e+04             inf     0.00000e+00            1.69     0.00000e+00
  30 -2.55520714e+04             inf     0.00000e+00            2.67     0.00000e+00
  40 -2.55506454e+04             inf     0.00000e+00            3.87     0.00000e+00
  50 -2.55502896e+04             inf     0.00000e+00            5.23     0.00000e+00
  60 -2.55502896e+04             inf     0.00000e+00            6.69     0.00000e+00
  70 -2.55502896e+04             inf     0.00000e+00            8.29     0.00000e+00
  80 -2.55502896e+04             inf     0.00000e+00            9.99     0.00000e+00
  90 -2.55502896e+04             inf     0.00000e+00           11.77     0.00000e+00
 100 -2.55502896e+04             inf     0.00000e+00           13.67     0.00000e+00
 110 -2.55502896e+04             inf     0.00000e+00           15.74     0.00000e+00
 120 -2.55502896e+04             inf     0.00000e+00           17.96     0.00000e+00
 129 -2.55502896e+04             inf     0.00000e+00           20.07     0.00000e+00
Time profiling
           Pass        # LPs        setup      simplex       output   cut update      cut gen        other        total
        Forward         1560         0.24         0.63         0.08         0.00         0.00         0.50         1.45
       Backward        14190         2.40         5.44         8.66         0.03         1.80         0.28        18.61
==============================================================================================
Pass              LB             iUB             iHW       F time       B time    Wall time
Sim500    -2.55503e+04    -3.33764e+04     1.72589e+02         0.00         0.00        30.48
==============================================================================================
Mean:   	 -33376.39
Median: 	 -33284.70
SD:     	   1929.60
20-80: 	( -34912.85,  -31763.91)
10-90: 	( -35688.99,  -30929.17)
05-95: 	( -36601.04,  -30421.96)
