Hydro_R2_AR1_T12_N5_15_I10000_Time300_DW_DUAL_MC_DS_0.0003_cvx_hull
Multicut: True
Dynamic Sampling: True
==============================================================================================
Pass              LB             iUB             iHW    Wall time           Other
==============================================================================================
   0 -1.00000858e+08             inf     0.00000e+00            0.01     0.00000e+00
  10 -5.07540333e+03             inf     0.00000e+00            0.73     0.00000e+00
  20 -5.06445648e+03             inf     0.00000e+00            1.92     0.00000e+00
  30 -5.06344630e+03             inf     0.00000e+00            3.34     0.00000e+00
  40 -5.06100526e+03             inf     0.00000e+00            5.15     0.00000e+00
  50 -5.06083130e+03             inf     0.00000e+00            7.53     0.00000e+00
  60 -5.06079019e+03             inf     0.00000e+00           10.22     0.00000e+00
  70 -5.06077252e+03             inf     0.00000e+00           13.22     0.00000e+00
  80 -5.06053022e+03             inf     0.00000e+00           16.64     0.00000e+00
  90 -5.06050205e+03             inf     0.00000e+00           20.50     0.00000e+00
 100 -5.06034014e+03             inf     0.00000e+00           24.70     0.00000e+00
 110 -5.05977537e+03             inf     0.00000e+00           29.42     0.00000e+00
 120 -5.05960764e+03             inf     0.00000e+00           34.65     0.00000e+00
 130 -5.05959453e+03             inf     0.00000e+00           41.50     0.00000e+00
 140 -5.05937724e+03             inf     0.00000e+00           48.04     0.00000e+00
 150 -5.05937044e+03             inf     0.00000e+00           55.25     0.00000e+00
 160 -5.05936490e+03             inf     0.00000e+00           63.01     0.00000e+00
 170 -5.05929824e+03             inf     0.00000e+00           71.17     0.00000e+00
 180 -5.05927500e+03             inf     0.00000e+00           79.04     0.00000e+00
 190 -5.05915339e+03             inf     0.00000e+00           87.46     0.00000e+00
 200 -5.05912059e+03             inf     0.00000e+00           96.52     0.00000e+00
 210 -5.05911560e+03             inf     0.00000e+00          106.79     0.00000e+00
 220 -5.05911378e+03             inf     0.00000e+00          118.23     0.00000e+00
 230 -5.05911162e+03             inf     0.00000e+00          130.50     0.00000e+00
 240 -5.05911059e+03             inf     0.00000e+00          143.32     0.00000e+00
 250 -5.05910951e+03             inf     0.00000e+00          156.91     0.00000e+00
 260 -5.05910868e+03             inf     0.00000e+00          171.10     0.00000e+00
 270 -5.05910532e+03             inf     0.00000e+00          186.07     0.00000e+00
 280 -5.05907676e+03             inf     0.00000e+00          201.65     0.00000e+00
 290 -5.05907598e+03             inf     0.00000e+00          217.89     0.00000e+00
 300 -5.05903421e+03             inf     0.00000e+00          234.65     0.00000e+00
 310 -5.05903003e+03             inf     0.00000e+00          252.20     0.00000e+00
 320 -5.05902730e+03             inf     0.00000e+00          270.28     0.00000e+00
 330 -5.05902149e+03             inf     0.00000e+00          288.80     0.00000e+00
 336 -5.05902058e+03             inf     0.00000e+00          300.29     0.00000e+00
==============================================================================================
Pass              LB             iUB             iHW       F time       B time    Wall time
Sim1000    -5.05902e+03     7.77346e+00     9.39761e+02         0.00         0.00       327.09
==============================================================================================
