Hydro_R10_AR1_T12_N10_10_I101000_Time20_DW_DUAL_MC_ES_0.0000000_None
Multicut: True
Dynamic Sampling: False
==============================================================================================
Pass              LB             iUB             iHW    Wall time           Other
==============================================================================================
   0 -1.00004104e+08             inf     0.00000e+00            0.01     0.00000e+00
  10 -5.11231362e+04             inf     0.00000e+00            0.71     0.00000e+00
  20 -5.10546516e+04             inf     0.00000e+00            1.67     0.00000e+00
  30 -5.10379870e+04             inf     0.00000e+00            2.96     0.00000e+00
  40 -5.10337957e+04             inf     0.00000e+00            4.45     0.00000e+00
  50 -5.10312143e+04             inf     0.00000e+00            6.54     0.00000e+00
  60 -5.10287709e+04             inf     0.00000e+00            8.96     0.00000e+00
  70 -5.10280032e+04             inf     0.00000e+00           11.45     0.00000e+00
  80 -5.10270848e+04             inf     0.00000e+00           14.08     0.00000e+00
  90 -5.10262645e+04             inf     0.00000e+00           17.03     0.00000e+00
 100 -5.10258722e+04             inf     0.00000e+00           20.25     0.00000e+00
Time profiling
           Pass        # LPs        setup      simplex       output   cut update      cut gen        other        total
        Forward         1212         0.21         0.70         0.07         0.00         0.00         0.11         1.10
       Backward        11000         2.06         5.19        10.13         0.04         1.46         0.27        19.15
==============================================================================================
Pass              LB             iUB             iHW       F time       B time    Wall time
Sim1000    -5.10259e+04    -5.13637e+04     5.76956e+01         0.00         0.00        44.15
==============================================================================================
Mean:   	 -51363.71
Median: 	 -51356.07
SD:     	    912.25
20-80: 	( -52082.85,  -50583.62)
10-90: 	( -52525.89,  -50204.50)
05-95: 	( -52882.02,  -49856.37)
