Hydro_R2_AR1_T12_N5_15_I10000_Time300_DW_DUAL_MC_DS_0.0500_None
Multicut: True
Dynamic Sampling: True
==============================================================================================
Pass              LB             iUB             iHW    Wall time           Other
==============================================================================================
   0 -1.00000858e+08             inf     0.00000e+00            0.01     0.00000e+00
  10 -5.04287710e+03             inf     0.00000e+00            1.07     0.00000e+00
  20 -5.03359928e+03             inf     0.00000e+00            2.72     0.00000e+00
  30 -5.03134909e+03             inf     0.00000e+00            4.43     0.00000e+00
  40 -5.02961585e+03             inf     0.00000e+00            6.54     0.00000e+00
  50 -5.02933449e+03             inf     0.00000e+00            9.02     0.00000e+00
  60 -5.02916893e+03             inf     0.00000e+00           11.76     0.00000e+00
  70 -5.02914094e+03             inf     0.00000e+00           15.26     0.00000e+00
  80 -5.02888637e+03             inf     0.00000e+00           18.54     0.00000e+00
  90 -5.02885518e+03             inf     0.00000e+00           22.22     0.00000e+00
 100 -5.02868130e+03             inf     0.00000e+00           26.88     0.00000e+00
 110 -5.02840369e+03             inf     0.00000e+00           32.40     0.00000e+00
 120 -5.02826923e+03             inf     0.00000e+00           38.58     0.00000e+00
 130 -5.02824240e+03             inf     0.00000e+00           45.66     0.00000e+00
 140 -5.02804640e+03             inf     0.00000e+00           52.55     0.00000e+00
 150 -5.02804175e+03             inf     0.00000e+00           59.42     0.00000e+00
 160 -5.02803651e+03             inf     0.00000e+00           67.32     0.00000e+00
 170 -5.02796088e+03             inf     0.00000e+00           74.88     0.00000e+00
 180 -5.02791081e+03             inf     0.00000e+00           82.66     0.00000e+00
 190 -5.02778743e+03             inf     0.00000e+00           90.93     0.00000e+00
 200 -5.02774750e+03             inf     0.00000e+00           99.60     0.00000e+00
 210 -5.02774475e+03             inf     0.00000e+00          108.69     0.00000e+00
 220 -5.02774371e+03             inf     0.00000e+00          118.20     0.00000e+00
 230 -5.02774257e+03             inf     0.00000e+00          128.20     0.00000e+00
 240 -5.02774155e+03             inf     0.00000e+00          138.97     0.00000e+00
 250 -5.02774073e+03             inf     0.00000e+00          150.97     0.00000e+00
 260 -5.02774021e+03             inf     0.00000e+00          162.80     0.00000e+00
 270 -5.02773857e+03             inf     0.00000e+00          177.12     0.00000e+00
 280 -5.02771385e+03             inf     0.00000e+00          191.01     0.00000e+00
 290 -5.02771206e+03             inf     0.00000e+00          204.52     0.00000e+00
 300 -5.02767915e+03             inf     0.00000e+00          218.11     0.00000e+00
 310 -5.02767508e+03             inf     0.00000e+00          232.04     0.00000e+00
 320 -5.02767209e+03             inf     0.00000e+00          246.56     0.00000e+00
 330 -5.02766924e+03             inf     0.00000e+00          261.93     0.00000e+00
 340 -5.02766829e+03             inf     0.00000e+00          278.04     0.00000e+00
 350 -5.02766728e+03             inf     0.00000e+00          293.61     0.00000e+00
 355 -5.02766720e+03             inf     0.00000e+00          301.30     0.00000e+00
==============================================================================================
Pass              LB             iUB             iHW       F time       B time    Wall time
Sim1000    -5.02767e+03    -2.95395e+03     8.23111e+02         0.00         0.00       329.37
==============================================================================================
