Hydro_R2_AR1_T12_N5_5_I10000_Time10_DW_DUAL_MC_DS_0.0800000_None
Multicut: True
Dynamic Sampling: True
==============================================================================================
Pass              LB             iUB             iHW    Wall time           Other
==============================================================================================
   0 -9.99966359e+07             inf     0.00000e+00            0.01     0.00000e+00
  10  5.40440657e+04             inf     0.00000e+00            0.18     0.00000e+00
  20  5.40443236e+04             inf     0.00000e+00            0.41     0.00000e+00
  30  5.40443423e+04             inf     0.00000e+00            0.70     0.00000e+00
  40  5.40443475e+04             inf     0.00000e+00            1.07     0.00000e+00
  50  5.40443509e+04             inf     0.00000e+00            1.43     0.00000e+00
  60  5.40443523e+04             inf     0.00000e+00            1.95     0.00000e+00
  70  5.40443541e+04             inf     0.00000e+00            2.43     0.00000e+00
  80  5.40443544e+04             inf     0.00000e+00            2.95     0.00000e+00
  90  5.40443548e+04             inf     0.00000e+00            3.55     0.00000e+00
 100  5.40443550e+04             inf     0.00000e+00            4.25     0.00000e+00
 110  5.40443554e+04             inf     0.00000e+00            4.99     0.00000e+00
 120  5.40443555e+04             inf     0.00000e+00            5.75     0.00000e+00
 130  5.40443557e+04             inf     0.00000e+00            6.60     0.00000e+00
 140  5.40443558e+04             inf     0.00000e+00            7.48     0.00000e+00
 150  5.40443558e+04             inf     0.00000e+00            8.38     0.00000e+00
 160  5.40443558e+04             inf     0.00000e+00            9.37     0.00000e+00
 166  5.40443558e+04             inf     0.00000e+00           10.10     0.00000e+00
Time profiling
           Pass        # LPs        setup      simplex       output   cut update      cut gen        other        total
        Forward         2004         0.09         0.33         0.06         0.00         0.00         0.34         0.83
       Backward         9130         0.51         1.42         6.48         0.02         0.61         0.22         9.26
==============================================================================================
Pass              LB             iUB             iHW       F time       B time    Wall time
Sim500     5.40444e+04     5.38747e+04     3.49501e+01         0.00         0.00        17.51
==============================================================================================
Mean:   	  53874.72
Median: 	  53885.16
SD:     	    390.75
20-80: 	(  53593.56,   54200.87)
10-90: 	(  53358.60,   54333.91)
05-95: 	(  53203.14,   54473.23)
