Hydro_R2_AR1_T12_N6_36_I10000_Time100_DW_DUAL_MC_DS_30.0000_cvx_hull
Multicut: True
Dynamic Sampling: True
==============================================================================================
Pass              LB             iUB             iHW    Wall time           Other
==============================================================================================
   0 -1.00000858e+08             inf     0.00000e+00            0.01     0.00000e+00
  10 -3.29336880e+03             inf     0.00000e+00            2.64     0.00000e+00
  20 -3.29336880e+03             inf     0.00000e+00            7.94     0.00000e+00
  30 -3.29336880e+03             inf     0.00000e+00           15.41     0.00000e+00
  40 -3.29336880e+03             inf     0.00000e+00           25.08     0.00000e+00
  50 -3.29336880e+03             inf     0.00000e+00           36.95     0.00000e+00
  60 -3.29336880e+03             inf     0.00000e+00           50.15     0.00000e+00
  70 -3.29336880e+03             inf     0.00000e+00           67.65     0.00000e+00
  80 -3.29336880e+03             inf     0.00000e+00           88.90     0.00000e+00
  85 -3.29336880e+03             inf     0.00000e+00          101.73     0.00000e+00
==============================================================================================
Pass              LB             iUB             iHW       F time       B time    Wall time
Sim1000    -3.29337e+03     3.78342e+02     9.88818e+02         0.00         0.00       124.03
==============================================================================================
