Hydro_R10_AR1_T12_N10_10_I10000_Time20_DW_DUAL_MC_DS_4.0000000_None
Multicut: True
Dynamic Sampling: True
==============================================================================================
Pass              LB             iUB             iHW    Wall time           Other
==============================================================================================
   0 -1.00004104e+08             inf     0.00000e+00            0.01     0.00000e+00
  10 -3.02812286e+04             inf     0.00000e+00            0.78     0.00000e+00
  20 -3.01952294e+04             inf     0.00000e+00            1.80     0.00000e+00
  30 -3.01785004e+04             inf     0.00000e+00            2.99     0.00000e+00
  40 -3.01730229e+04             inf     0.00000e+00            4.41     0.00000e+00
  50 -3.01685911e+04             inf     0.00000e+00            6.05     0.00000e+00
  60 -3.01663880e+04             inf     0.00000e+00            7.96     0.00000e+00
  70 -3.01653513e+04             inf     0.00000e+00            9.99     0.00000e+00
  80 -3.01645834e+04             inf     0.00000e+00           12.23     0.00000e+00
  90 -3.01636536e+04             inf     0.00000e+00           14.66     0.00000e+00
 100 -3.01629555e+04             inf     0.00000e+00           17.32     0.00000e+00
 108 -3.01625412e+04             inf     0.00000e+00           20.04     0.00000e+00
Time profiling
           Pass        # LPs        setup      simplex       output   cut update      cut gen        other        total
        Forward         1308         0.20         0.74         0.07         0.00         0.00         0.42         1.44
       Backward        11880         2.01         5.88         8.82         0.03         1.60         0.27        18.60
==============================================================================================
Pass              LB             iUB             iHW       F time       B time    Wall time
Sim500    -3.01625e+04    -3.42354e+04     1.90626e+02         0.00         0.00        32.61
==============================================================================================
Mean:   	 -34235.35
Median: 	 -34182.21
SD:     	   2131.27
20-80: 	( -35912.34,  -32465.28)
10-90: 	( -36915.23,  -31625.36)
05-95: 	( -37799.88,  -30882.47)
