Hydro_R2_AR1_T12_N5_15_I10000_Time60_DW_DUAL_MC_DS_0.0500_None
Multicut: True
Dynamic Sampling: True
==============================================================================================
Pass              LB             iUB             iHW    Wall time           Other
==============================================================================================
   0 -1.00000858e+08             inf     0.00000e+00            0.01     0.00000e+00
  10 -5.04287710e+03             inf     0.00000e+00            0.95     0.00000e+00
  20 -5.03359928e+03             inf     0.00000e+00            2.09     0.00000e+00
  30 -5.03134909e+03             inf     0.00000e+00            3.81     0.00000e+00
  40 -5.02961585e+03             inf     0.00000e+00            5.63     0.00000e+00
  50 -5.02933449e+03             inf     0.00000e+00            7.80     0.00000e+00
  60 -5.02916893e+03             inf     0.00000e+00           10.42     0.00000e+00
  70 -5.02914094e+03             inf     0.00000e+00           13.16     0.00000e+00
  80 -5.02888637e+03             inf     0.00000e+00           16.31     0.00000e+00
  90 -5.02885518e+03             inf     0.00000e+00           20.41     0.00000e+00
 100 -5.02868130e+03             inf     0.00000e+00           25.12     0.00000e+00
 110 -5.02840369e+03             inf     0.00000e+00           29.88     0.00000e+00
 120 -5.02826923e+03             inf     0.00000e+00           35.61     0.00000e+00
 130 -5.02824240e+03             inf     0.00000e+00           41.74     0.00000e+00
 140 -5.02804640e+03             inf     0.00000e+00           48.85     0.00000e+00
 150 -5.02804175e+03             inf     0.00000e+00           54.92     0.00000e+00
 158 -5.02803938e+03             inf     0.00000e+00           60.52     0.00000e+00
==============================================================================================
Pass              LB             iUB             iHW       F time       B time    Wall time
Sim1000    -5.02804e+03    -2.95396e+03     8.23113e+02         0.00         0.00        79.89
==============================================================================================
