Hydro_R10_AR1_T12_N30_30_I101000_Time10_DW_DUAL_MC_ES_10.0000000_None
Multicut: True
Dynamic Sampling: False
==============================================================================================
Pass              LB             iUB             iHW    Wall time           Other
==============================================================================================
   0 -1.00004104e+08             inf     0.00000e+00            0.04     0.00000e+00
  10 -6.84329418e+04             inf     0.00000e+00            4.34     0.00000e+00
  19 -6.76867373e+04             inf     0.00000e+00           10.55     0.00000e+00
Time profiling
           Pass        # LPs        setup      simplex       output   cut update      cut gen        other        total
        Forward          240         0.04         0.31         0.01         0.00         0.00         0.02         0.38
       Backward         6270         1.00         5.25         3.10         0.02         0.71         0.10        10.17
==============================================================================================
Pass              LB             iUB             iHW       F time       B time    Wall time
Sim10    -6.76867e+04    -7.62928e+04     8.16409e+02         0.00         0.00        10.92
==============================================================================================
Mean:   	 -76292.78
Median: 	 -76478.03
SD:     	   1290.86
20-80: 	( -77627.34,  -74932.30)
10-90: 	( -77697.71,  -74732.59)
05-95: 	( -77776.02,  -74336.75)
