Hydro_R10_AR1_T12_N5_5_I101000_Time50_DW_PRIMAL_MC_DS_0.0000_None
Multicut: True
Dynamic Sampling: True
==============================================================================================
Pass              LB             iUB             iHW    Wall time           Other
==============================================================================================
   0 -1.00006458e+08             inf     0.00000e+00            0.04     0.00000e+00
  10 -5.90747359e+04             inf     0.00000e+00            0.82     0.00000e+00
  20 -5.88042898e+04             inf     0.00000e+00            1.68     0.00000e+00
  30 -5.87619819e+04             inf     0.00000e+00            2.67     0.00000e+00
  40 -5.87461859e+04             inf     0.00000e+00            3.84     0.00000e+00
  50 -5.87400539e+04             inf     0.00000e+00            5.20     0.00000e+00
  60 -5.87273086e+04             inf     0.00000e+00            6.70     0.00000e+00
  70 -5.87212525e+04             inf     0.00000e+00            8.35     0.00000e+00
  80 -5.87166533e+04             inf     0.00000e+00           10.22     0.00000e+00
  90 -5.87120656e+04             inf     0.00000e+00           12.22     0.00000e+00
 100 -5.87091366e+04             inf     0.00000e+00           14.58     0.00000e+00
 110 -5.87059738e+04             inf     0.00000e+00           17.22     0.00000e+00
 120 -5.87011881e+04             inf     0.00000e+00           19.76     0.00000e+00
 130 -5.86991101e+04             inf     0.00000e+00           22.89     0.00000e+00
 140 -5.86955888e+04             inf     0.00000e+00           25.92     0.00000e+00
 150 -5.86934482e+04             inf     0.00000e+00           29.16     0.00000e+00
 160 -5.86921815e+04             inf     0.00000e+00           32.56     0.00000e+00
 170 -5.86903372e+04             inf     0.00000e+00           36.99     0.00000e+00
 180 -5.86888129e+04             inf     0.00000e+00           41.40     0.00000e+00
 190 -5.86872115e+04             inf     0.00000e+00           45.67     0.00000e+00
 200 -5.86861463e+04             inf     0.00000e+00           50.31     0.00000e+00
==============================================================================================
Pass              LB             iUB             iHW       F time       B time    Wall time
Sim1000    -5.86861e+04    -5.60381e+04     1.76200e+02         0.00         0.00        75.82
==============================================================================================
