Hydro_R2_AR1_T12_N5_15_I10000_Time300_DW_DUAL_MC_DS_0.0300_cvx_hull2
Multicut: True
Dynamic Sampling: True
==============================================================================================
Pass              LB             iUB             iHW    Wall time           Other
==============================================================================================
   0 -1.00000858e+08             inf     0.00000e+00            0.01     0.00000e+00
  10 -5.05690196e+03             inf     0.00000e+00            0.89     0.00000e+00
  20 -5.04679234e+03             inf     0.00000e+00            2.61     0.00000e+00
  30 -5.04522488e+03             inf     0.00000e+00            4.60     0.00000e+00
  40 -5.04280795e+03             inf     0.00000e+00            7.19     0.00000e+00
  50 -5.04263957e+03             inf     0.00000e+00           10.25     0.00000e+00
  60 -5.04248815e+03             inf     0.00000e+00           13.71     0.00000e+00
  70 -5.04246867e+03             inf     0.00000e+00           17.70     0.00000e+00
  80 -5.04219384e+03             inf     0.00000e+00           22.02     0.00000e+00
  90 -5.04216729e+03             inf     0.00000e+00           26.77     0.00000e+00
 100 -5.04200781e+03             inf     0.00000e+00           31.94     0.00000e+00
 110 -5.04104303e+03             inf     0.00000e+00           37.68     0.00000e+00
 120 -5.04092016e+03             inf     0.00000e+00           43.78     0.00000e+00
 130 -5.04090648e+03             inf     0.00000e+00           49.59     0.00000e+00
 140 -5.04089090e+03             inf     0.00000e+00           55.80     0.00000e+00
 150 -5.04087837e+03             inf     0.00000e+00           62.39     0.00000e+00
 160 -5.04087278e+03             inf     0.00000e+00           70.54     0.00000e+00
 170 -5.04080874e+03             inf     0.00000e+00           78.12     0.00000e+00
 180 -5.04074535e+03             inf     0.00000e+00           86.12     0.00000e+00
 190 -5.04063265e+03             inf     0.00000e+00           95.04     0.00000e+00
 200 -5.04059204e+03             inf     0.00000e+00          105.82     0.00000e+00
 210 -5.04058808e+03             inf     0.00000e+00          115.15     0.00000e+00
 220 -5.04058675e+03             inf     0.00000e+00          125.56     0.00000e+00
 230 -5.04058601e+03             inf     0.00000e+00          135.78     0.00000e+00
 240 -5.04058520e+03             inf     0.00000e+00          147.46     0.00000e+00
 250 -5.04058454e+03             inf     0.00000e+00          168.03     0.00000e+00
 260 -5.04058250e+03             inf     0.00000e+00          185.78     0.00000e+00
 270 -5.04057435e+03             inf     0.00000e+00          202.39     0.00000e+00
 280 -5.04053762e+03             inf     0.00000e+00          220.80     0.00000e+00
 290 -5.04053688e+03             inf     0.00000e+00          235.74     0.00000e+00
 300 -5.04042522e+03             inf     0.00000e+00          251.72     0.00000e+00
 310 -5.04041825e+03             inf     0.00000e+00          272.09     0.00000e+00
 320 -5.04041524e+03             inf     0.00000e+00          292.32     0.00000e+00
 326 -5.04040701e+03             inf     0.00000e+00          304.01     0.00000e+00
==============================================================================================
Pass              LB             iUB             iHW       F time       B time    Wall time
Sim1000    -5.04041e+03    -2.69268e+03     8.27215e+02         0.00         0.00       336.95
==============================================================================================
