Hydro_R2_AR1_T12_N5_30_I10000_Time100_DW_DUAL_MC_DS_0.1000_cvx_hull
Multicut: True
Dynamic Sampling: True
==============================================================================================
Pass              LB             iUB             iHW    Wall time           Other
==============================================================================================
   0 -1.00000858e+08             inf     0.00000e+00            0.01     0.00000e+00
  10 -5.02556219e+03             inf     0.00000e+00            1.86     0.00000e+00
  20 -5.01506421e+03             inf     0.00000e+00            5.43     0.00000e+00
  30 -5.01357969e+03             inf     0.00000e+00           10.25     0.00000e+00
  40 -5.01162160e+03             inf     0.00000e+00           16.57     0.00000e+00
  50 -5.01138484e+03             inf     0.00000e+00           24.31     0.00000e+00
  60 -5.01115960e+03             inf     0.00000e+00           33.87     0.00000e+00
  70 -5.01109752e+03             inf     0.00000e+00           45.40     0.00000e+00
  80 -5.01078242e+03             inf     0.00000e+00           59.25     0.00000e+00
  90 -5.01076700e+03             inf     0.00000e+00           76.87     0.00000e+00
 100 -5.01071686e+03             inf     0.00000e+00           97.25     0.00000e+00
 102 -5.01071432e+03             inf     0.00000e+00          107.01     0.00000e+00
==============================================================================================
Pass              LB             iUB             iHW       F time       B time    Wall time
Sim1000    -5.01071e+03    -3.12130e+01     9.38524e+02         0.00         0.00       150.93
==============================================================================================
