Hydro_R10_AR1_T12_N10_10_I10000_Time20_DW_DUAL_MC_DS_0.0800000_None
Multicut: True
Dynamic Sampling: True
==============================================================================================
Pass              LB             iUB             iHW    Wall time           Other
==============================================================================================
   0 -1.00004104e+08             inf     0.00000e+00            0.01     0.00000e+00
  10 -3.39586001e+04             inf     0.00000e+00            0.79     0.00000e+00
  20 -3.38723424e+04             inf     0.00000e+00            1.83     0.00000e+00
  30 -3.38496081e+04             inf     0.00000e+00            3.10     0.00000e+00
  40 -3.38444617e+04             inf     0.00000e+00            4.68     0.00000e+00
  50 -3.38363439e+04             inf     0.00000e+00            6.62     0.00000e+00
  60 -3.38329175e+04             inf     0.00000e+00            8.82     0.00000e+00
  70 -3.38305857e+04             inf     0.00000e+00           11.37     0.00000e+00
  80 -3.38294072e+04             inf     0.00000e+00           14.15     0.00000e+00
  90 -3.38278122e+04             inf     0.00000e+00           17.28     0.00000e+00
  99 -3.38269805e+04             inf     0.00000e+00           20.37     0.00000e+00
Time profiling
           Pass        # LPs        setup      simplex       output   cut update      cut gen        other        total
        Forward         1200         0.18         0.79         0.07         0.00         0.00         0.38         1.43
       Backward        10890         1.84         6.15         9.13         0.03         1.51         0.27        18.94
==============================================================================================
Pass              LB             iUB             iHW       F time       B time    Wall time
Sim500    -3.38270e+04    -3.45336e+04     2.04655e+02         0.00         0.00        33.73
==============================================================================================
Mean:   	 -34533.57
Median: 	 -34518.22
SD:     	   2288.11
20-80: 	( -36249.28,  -32699.31)
10-90: 	( -37359.17,  -31629.37)
05-95: 	( -38372.58,  -30821.39)
