Hydro_R10_AR1_T12_N5_5_I10000_Time20_DW_DUAL_MC_DS_0.0600000_None
Multicut: True
Dynamic Sampling: True
==============================================================================================
Pass              LB             iUB             iHW    Wall time           Other
==============================================================================================
   0 -1.00004104e+08             inf     0.00000e+00            0.01     0.00000e+00
  10 -3.46288911e+04             inf     0.00000e+00            0.43     0.00000e+00
  20 -3.45288524e+04             inf     0.00000e+00            1.12     0.00000e+00
  30 -3.45189982e+04             inf     0.00000e+00            1.87     0.00000e+00
  40 -3.45127773e+04             inf     0.00000e+00            2.62     0.00000e+00
  50 -3.45098394e+04             inf     0.00000e+00            3.32     0.00000e+00
  60 -3.45068593e+04             inf     0.00000e+00            4.21     0.00000e+00
  70 -3.45053429e+04             inf     0.00000e+00            5.30     0.00000e+00
  80 -3.45043720e+04             inf     0.00000e+00            6.35     0.00000e+00
  90 -3.45035440e+04             inf     0.00000e+00            7.66     0.00000e+00
 100 -3.45029768e+04             inf     0.00000e+00            8.90     0.00000e+00
 110 -3.45025431e+04             inf     0.00000e+00           10.35     0.00000e+00
 120 -3.45022164e+04             inf     0.00000e+00           11.81     0.00000e+00
 130 -3.45016868e+04             inf     0.00000e+00           13.51     0.00000e+00
 140 -3.45012675e+04             inf     0.00000e+00           15.45     0.00000e+00
 150 -3.45010458e+04             inf     0.00000e+00           17.12     0.00000e+00
 160 -3.45008234e+04             inf     0.00000e+00           19.38     0.00000e+00
 163 -3.45007981e+04             inf     0.00000e+00           20.06     0.00000e+00
Time profiling
           Pass        # LPs        setup      simplex       output   cut update      cut gen        other        total
        Forward         1968         0.42         1.15         0.15         0.01         0.00         0.51         2.24
       Backward         8965         2.18         5.06         8.45         0.04         1.81         0.28        17.82
==============================================================================================
Pass              LB             iUB             iHW       F time       B time    Wall time
Sim500    -3.45008e+04    -3.45439e+04     2.06111e+02         0.00         0.00        32.45
==============================================================================================
Mean:   	 -34543.91
Median: 	 -34485.33
SD:     	   2304.39
20-80: 	( -36335.48,  -32690.34)
10-90: 	( -37396.84,  -31565.77)
05-95: 	( -38429.99,  -30839.91)
