Hydro_R2_AR1_T12_N5_15_I10000_Time60_DW_DUAL_MC_DS_0.0008_cube
Multicut: True
Dynamic Sampling: True
==============================================================================================
Pass              LB             iUB             iHW    Wall time           Other
==============================================================================================
   0 -1.00000858e+08             inf     0.00000e+00            0.01     0.00000e+00
  10 -5.07458884e+03             inf     0.00000e+00            1.40     0.00000e+00
  20 -5.06341089e+03             inf     0.00000e+00            3.45     0.00000e+00
  30 -5.06240210e+03             inf     0.00000e+00            6.12     0.00000e+00
  40 -5.06005491e+03             inf     0.00000e+00            9.29     0.00000e+00
  50 -5.05987665e+03             inf     0.00000e+00           13.40     0.00000e+00
  60 -5.05984387e+03             inf     0.00000e+00           18.58     0.00000e+00
  70 -5.05982558e+03             inf     0.00000e+00           25.30     0.00000e+00
  80 -5.05956743e+03             inf     0.00000e+00           33.19     0.00000e+00
  90 -5.05953460e+03             inf     0.00000e+00           40.98     0.00000e+00
 100 -5.05934892e+03             inf     0.00000e+00           48.80     0.00000e+00
 110 -5.05876011e+03             inf     0.00000e+00           56.90     0.00000e+00
 114 -5.05875459e+03             inf     0.00000e+00           60.33     0.00000e+00
==============================================================================================
Pass              LB             iUB             iHW       F time       B time    Wall time
Sim1000    -5.05875e+03    -1.18786e+03     8.75378e+02         0.00         0.00        85.42
==============================================================================================
