Hydro_R10_AR1_T12_N10_10_I10000_Time20_DW_DUAL_MC_DS_3000.0000000_None
Multicut: True
Dynamic Sampling: True
==============================================================================================
Pass              LB             iUB             iHW    Wall time           Other
==============================================================================================
   0 -1.00006609e+08             inf     0.00000e+00            0.01     0.00000e+00
  10 -2.69704604e+04             inf     0.00000e+00            0.90     0.00000e+00
  20 -2.68732660e+04             inf     0.00000e+00            1.85     0.00000e+00
  30 -2.68732244e+04             inf     0.00000e+00            2.81     0.00000e+00
  40 -2.68732244e+04             inf     0.00000e+00            3.91     0.00000e+00
  50 -2.68732244e+04             inf     0.00000e+00            5.09     0.00000e+00
  60 -2.68732244e+04             inf     0.00000e+00            6.33     0.00000e+00
  70 -2.68732244e+04             inf     0.00000e+00            7.90     0.00000e+00
  80 -2.68732244e+04             inf     0.00000e+00            9.29     0.00000e+00
  90 -2.68732244e+04             inf     0.00000e+00           10.84     0.00000e+00
 100 -2.68732244e+04             inf     0.00000e+00           12.41     0.00000e+00
 110 -2.68732244e+04             inf     0.00000e+00           14.36     0.00000e+00
 120 -2.68732244e+04             inf     0.00000e+00           16.40     0.00000e+00
 130 -2.68732244e+04             inf     0.00000e+00           18.62     0.00000e+00
 135 -2.68732244e+04             inf     0.00000e+00           20.37     0.00000e+00
==============================================================================================
Pass              LB             iUB             iHW       F time       B time    Wall time
Sim1000    -2.68732e+04    -6.44321e+04     3.58910e+02         0.00         0.00        42.38
==============================================================================================
Mean:   	 -64432.14
Median: 	 -65017.84
SD:     	   5674.87
20-80: 	( -69164.39,  -59707.37)
10-90: 	( -71388.74,  -57085.22)
05-95: 	( -73110.13,  -54618.23)
