Hydro_R2_AR1_T12_N5_15_I10000_Time60_DW_DUAL_MC_DS_0.5000_cvx_hull
Multicut: True
Dynamic Sampling: True
==============================================================================================
Pass              LB             iUB             iHW    Wall time           Other
==============================================================================================
   0 -1.00000858e+08             inf     0.00000e+00            0.01     0.00000e+00
  10 -4.82908289e+03             inf     0.00000e+00            0.75     0.00000e+00
  20 -4.82478404e+03             inf     0.00000e+00            1.96     0.00000e+00
  30 -4.82350053e+03             inf     0.00000e+00            3.48     0.00000e+00
  40 -4.82240108e+03             inf     0.00000e+00            5.29     0.00000e+00
  50 -4.82223018e+03             inf     0.00000e+00            7.36     0.00000e+00
  60 -4.82211041e+03             inf     0.00000e+00            9.72     0.00000e+00
  70 -4.82207668e+03             inf     0.00000e+00           12.39     0.00000e+00
  80 -4.82187885e+03             inf     0.00000e+00           15.49     0.00000e+00
  90 -4.82186836e+03             inf     0.00000e+00           18.88     0.00000e+00
 100 -4.82186446e+03             inf     0.00000e+00           22.54     0.00000e+00
 110 -4.82159758e+03             inf     0.00000e+00           26.49     0.00000e+00
 120 -4.82159358e+03             inf     0.00000e+00           31.15     0.00000e+00
 130 -4.82159137e+03             inf     0.00000e+00           36.28     0.00000e+00
 140 -4.82139817e+03             inf     0.00000e+00           41.79     0.00000e+00
 150 -4.82132210e+03             inf     0.00000e+00           47.95     0.00000e+00
 160 -4.82131972e+03             inf     0.00000e+00           54.42     0.00000e+00
 169 -4.82102316e+03             inf     0.00000e+00           60.70     0.00000e+00
==============================================================================================
Pass              LB             iUB             iHW       F time       B time    Wall time
Sim1000    -4.82102e+03    -5.51406e+01     9.38058e+02         0.00         0.00        79.27
==============================================================================================
