Hydro_R2_AR1_T12_N5_15_I10000_Time300_DW_DUAL_MC_DS_0.0100_cvx_hull2
Multicut: True
Dynamic Sampling: True
==============================================================================================
Pass              LB             iUB             iHW    Wall time           Other
==============================================================================================
   0 -1.00000858e+08             inf     0.00000e+00            0.01     0.00000e+00
  10 -5.06767948e+03             inf     0.00000e+00            0.81     0.00000e+00
  20 -5.05759832e+03             inf     0.00000e+00            2.25     0.00000e+00
  30 -5.05586663e+03             inf     0.00000e+00            3.96     0.00000e+00
  40 -5.05354664e+03             inf     0.00000e+00            6.17     0.00000e+00
  50 -5.05331756e+03             inf     0.00000e+00            8.75     0.00000e+00
  60 -5.05320915e+03             inf     0.00000e+00           11.78     0.00000e+00
  70 -5.05319055e+03             inf     0.00000e+00           15.91     0.00000e+00
  80 -5.05290203e+03             inf     0.00000e+00           20.84     0.00000e+00
  90 -5.05287439e+03             inf     0.00000e+00           26.50     0.00000e+00
 100 -5.05271326e+03             inf     0.00000e+00           32.95     0.00000e+00
 110 -5.05171405e+03             inf     0.00000e+00           37.88     0.00000e+00
 120 -5.05159312e+03             inf     0.00000e+00           43.14     0.00000e+00
 130 -5.05157923e+03             inf     0.00000e+00           48.83     0.00000e+00
 140 -5.05156313e+03             inf     0.00000e+00           55.02     0.00000e+00
 150 -5.05155770e+03             inf     0.00000e+00           61.64     0.00000e+00
 160 -5.05155255e+03             inf     0.00000e+00           68.69     0.00000e+00
 170 -5.05148741e+03             inf     0.00000e+00           76.27     0.00000e+00
 180 -5.05142515e+03             inf     0.00000e+00           84.09     0.00000e+00
 190 -5.05131372e+03             inf     0.00000e+00           92.98     0.00000e+00
 200 -5.05127194e+03             inf     0.00000e+00          102.01     0.00000e+00
 210 -5.05126741e+03             inf     0.00000e+00          111.42     0.00000e+00
 220 -5.05126524e+03             inf     0.00000e+00          121.29     0.00000e+00
 230 -5.05126437e+03             inf     0.00000e+00          132.95     0.00000e+00
 240 -5.05126356e+03             inf     0.00000e+00          145.82     0.00000e+00
 250 -5.05126294e+03             inf     0.00000e+00          158.67     0.00000e+00
 260 -5.05126159e+03             inf     0.00000e+00          171.72     0.00000e+00
 270 -5.05125420e+03             inf     0.00000e+00          187.26     0.00000e+00
 280 -5.05121611e+03             inf     0.00000e+00          203.40     0.00000e+00
 290 -5.05121539e+03             inf     0.00000e+00          220.95     0.00000e+00
 300 -5.05109083e+03             inf     0.00000e+00          236.11     0.00000e+00
 310 -5.05108306e+03             inf     0.00000e+00          251.65     0.00000e+00
 320 -5.05107892e+03             inf     0.00000e+00          267.50     0.00000e+00
 330 -5.05106977e+03             inf     0.00000e+00          287.18     0.00000e+00
 337 -5.05106823e+03             inf     0.00000e+00          300.72     0.00000e+00
==============================================================================================
Pass              LB             iUB             iHW       F time       B time    Wall time
Sim1000    -5.05107e+03    -2.69265e+03     8.27217e+02         0.00         0.00       330.89
==============================================================================================
