Hydro_R10_AR1_T12_N5_5_I10000_Time20_DW_DUAL_MC_DS_0.4000000_None
Multicut: True
Dynamic Sampling: True
==============================================================================================
Pass              LB             iUB             iHW    Wall time           Other
==============================================================================================
   0 -1.00004104e+08             inf     0.00000e+00            0.01     0.00000e+00
  10 -3.42769006e+04             inf     0.00000e+00            0.41     0.00000e+00
  20 -3.42140319e+04             inf     0.00000e+00            0.89     0.00000e+00
  30 -3.42053034e+04             inf     0.00000e+00            1.45     0.00000e+00
  40 -3.42010442e+04             inf     0.00000e+00            2.07     0.00000e+00
  50 -3.41982952e+04             inf     0.00000e+00            2.73     0.00000e+00
  60 -3.41955784e+04             inf     0.00000e+00            3.62     0.00000e+00
  70 -3.41934799e+04             inf     0.00000e+00            4.59     0.00000e+00
  80 -3.41919262e+04             inf     0.00000e+00            5.74     0.00000e+00
  90 -3.41910267e+04             inf     0.00000e+00            6.97     0.00000e+00
 100 -3.41905091e+04             inf     0.00000e+00            8.17     0.00000e+00
 110 -3.41900667e+04             inf     0.00000e+00            9.44     0.00000e+00
 120 -3.41897701e+04             inf     0.00000e+00           10.77     0.00000e+00
 130 -3.41894023e+04             inf     0.00000e+00           12.21     0.00000e+00
 140 -3.41891297e+04             inf     0.00000e+00           13.80     0.00000e+00
 150 -3.41889665e+04             inf     0.00000e+00           15.42     0.00000e+00
 160 -3.41887888e+04             inf     0.00000e+00           17.24     0.00000e+00
 170 -3.41885479e+04             inf     0.00000e+00           19.20     0.00000e+00
 175 -3.41884484e+04             inf     0.00000e+00           20.10     0.00000e+00
Time profiling
           Pass        # LPs        setup      simplex       output   cut update      cut gen        other        total
        Forward         2112         0.38         1.23         0.14         0.01         0.00         0.49         2.25
       Backward         9625         1.99         5.34         8.48         0.03         1.71         0.29        17.84
==============================================================================================
Pass              LB             iUB             iHW       F time       B time    Wall time
Sim500    -3.41884e+04    -3.45367e+04     2.05255e+02         0.00         0.00        32.91
==============================================================================================
Mean:   	 -34536.71
Median: 	 -34487.35
SD:     	   2294.82
20-80: 	( -36302.04,  -32676.07)
10-90: 	( -37377.32,  -31579.28)
05-95: 	( -38372.75,  -30770.20)
