Hydro_R2_AR1_T12_N5_15_I101000_Time50_DW_DUAL_MC_DS_1.0000_cvx_hull2
Multicut: True
Dynamic Sampling: True
==============================================================================================
Pass              LB             iUB             iHW    Wall time           Other
==============================================================================================
   0 -1.00000858e+08             inf     0.00000e+00            0.01     0.00000e+00
  10 -4.54425840e+03             inf     0.00000e+00            0.94     0.00000e+00
  20 -4.51488477e+03             inf     0.00000e+00            2.64     0.00000e+00
  30 -4.50914248e+03             inf     0.00000e+00            5.14     0.00000e+00
  40 -4.50753934e+03             inf     0.00000e+00            8.50     0.00000e+00
  50 -4.50689438e+03             inf     0.00000e+00           12.38     0.00000e+00
  60 -4.50659941e+03             inf     0.00000e+00           17.15     0.00000e+00
  70 -4.50595636e+03             inf     0.00000e+00           22.62     0.00000e+00
  80 -4.50529687e+03             inf     0.00000e+00           28.72     0.00000e+00
  90 -4.50516524e+03             inf     0.00000e+00           35.64     0.00000e+00
 100 -4.50507293e+03             inf     0.00000e+00           43.45     0.00000e+00
 105 -4.50506821e+03             inf     0.00000e+00           50.25     0.00000e+00
Hydro_R2_AR1_T12_N5_15_I101000_Time50_DW_DUAL_MC_DS_1.0000_cvx_hull2
Multicut: True
Dynamic Sampling: True
==============================================================================================
Pass              LB             iUB             iHW    Wall time           Other
==============================================================================================
 110 -4.50506481e+03             inf     0.00000e+00            3.33     0.00000e+00
 120 -4.50505678e+03             inf     0.00000e+00            9.77     0.00000e+00
 130 -4.50487539e+03             inf     0.00000e+00           16.39     0.00000e+00
 140 -4.50480331e+03             inf     0.00000e+00           23.55     0.00000e+00
 150 -4.50479991e+03             inf     0.00000e+00           31.36     0.00000e+00
 160 -4.50479858e+03             inf     0.00000e+00           39.76     0.00000e+00
 170 -4.50466855e+03             inf     0.00000e+00           48.62     0.00000e+00
 172 -4.50466830e+03             inf     0.00000e+00           50.42     0.00000e+00
