Hydro_R2_AR1_T12_N5_15_I10000_Time60_DW_DUAL_MC_DS_400.0000_cvx_hull2
Multicut: True
Dynamic Sampling: True
==============================================================================================
Pass              LB             iUB             iHW    Wall time           Other
==============================================================================================
   0 -1.00000858e+08             inf     0.00000e+00            0.01     0.00000e+00
  10 -2.33366191e+03             inf     0.00000e+00            1.09     0.00000e+00
  20 -2.33366191e+03             inf     0.00000e+00            2.62     0.00000e+00
  30 -2.33366191e+03             inf     0.00000e+00            4.48     0.00000e+00
  40 -2.33366191e+03             inf     0.00000e+00            6.92     0.00000e+00
  50 -2.33366191e+03             inf     0.00000e+00           10.33     0.00000e+00
  60 -2.33366191e+03             inf     0.00000e+00           14.13     0.00000e+00
  70 -2.33366191e+03             inf     0.00000e+00           18.06     0.00000e+00
  80 -2.33366191e+03             inf     0.00000e+00           22.39     0.00000e+00
  90 -2.33366191e+03             inf     0.00000e+00           27.19     0.00000e+00
 100 -2.33366191e+03             inf     0.00000e+00           32.63     0.00000e+00
 110 -2.33366191e+03             inf     0.00000e+00           38.00     0.00000e+00
 120 -2.33366191e+03             inf     0.00000e+00           44.58     0.00000e+00
 130 -2.33366191e+03             inf     0.00000e+00           52.75     0.00000e+00
 140 -2.33366191e+03             inf     0.00000e+00           60.30     0.00000e+00
==============================================================================================
Pass              LB             iUB             iHW       F time       B time    Wall time
Sim1000    -2.33366e+03    -2.59007e+03     8.29260e+02         0.00         0.00        86.03
==============================================================================================
