Hydro_R2_AR1_T12_N5_30_I10000_Time100_DW_DUAL_MC_DS_0.0080_cube
Multicut: True
Dynamic Sampling: True
==============================================================================================
Pass              LB             iUB             iHW    Wall time           Other
==============================================================================================
   0 -1.00000858e+08             inf     0.00000e+00            0.01     0.00000e+00
  10 -5.07044625e+03             inf     0.00000e+00            1.95     0.00000e+00
  20 -5.06091677e+03             inf     0.00000e+00            5.64     0.00000e+00
  30 -5.05913744e+03             inf     0.00000e+00           10.98     0.00000e+00
  40 -5.05658687e+03             inf     0.00000e+00           18.07     0.00000e+00
  50 -5.05634814e+03             inf     0.00000e+00           27.22     0.00000e+00
  60 -5.05619194e+03             inf     0.00000e+00           38.68     0.00000e+00
  70 -5.05607912e+03             inf     0.00000e+00           52.27     0.00000e+00
  80 -5.05591554e+03             inf     0.00000e+00           68.57     0.00000e+00
  90 -5.05588896e+03             inf     0.00000e+00           88.71     0.00000e+00
  96 -5.05564612e+03             inf     0.00000e+00          101.67     0.00000e+00
==============================================================================================
Pass              LB             iUB             iHW       F time       B time    Wall time
Sim1000    -5.05565e+03    -1.19104e+03     8.75233e+02         0.00         0.00       124.05
==============================================================================================
