Hydro_R2_AR1_T12_N5_15_I10000_Time300_DW_DUAL_MC_DS_0.0000_cube
Multicut: True
Dynamic Sampling: True
==============================================================================================
Pass              LB             iUB             iHW    Wall time           Other
==============================================================================================
   0 -1.00000858e+08             inf     0.00000e+00            0.01     0.00000e+00
  10 -5.07556003e+03             inf     0.00000e+00            0.67     0.00000e+00
  20 -5.06453282e+03             inf     0.00000e+00            1.85     0.00000e+00
  30 -5.06357634e+03             inf     0.00000e+00            3.37     0.00000e+00
  40 -5.06113766e+03             inf     0.00000e+00            5.30     0.00000e+00
  50 -5.06097019e+03             inf     0.00000e+00            7.76     0.00000e+00
  60 -5.06094089e+03             inf     0.00000e+00           10.59     0.00000e+00
  70 -5.06092254e+03             inf     0.00000e+00           13.74     0.00000e+00
  80 -5.06068313e+03             inf     0.00000e+00           17.32     0.00000e+00
  90 -5.06065194e+03             inf     0.00000e+00           21.47     0.00000e+00
 100 -5.06046481e+03             inf     0.00000e+00           26.06     0.00000e+00
 110 -5.05989086e+03             inf     0.00000e+00           31.43     0.00000e+00
 120 -5.05975215e+03             inf     0.00000e+00           37.40     0.00000e+00
 130 -5.05973920e+03             inf     0.00000e+00           43.83     0.00000e+00
 140 -5.05952896e+03             inf     0.00000e+00           50.76     0.00000e+00
 150 -5.05952202e+03             inf     0.00000e+00           58.18     0.00000e+00
 160 -5.05951739e+03             inf     0.00000e+00           66.30     0.00000e+00
 170 -5.05944867e+03             inf     0.00000e+00           75.19     0.00000e+00
 180 -5.05942555e+03             inf     0.00000e+00           84.46     0.00000e+00
 190 -5.05930010e+03             inf     0.00000e+00           94.27     0.00000e+00
 200 -5.05926641e+03             inf     0.00000e+00          104.85     0.00000e+00
 210 -5.05926210e+03             inf     0.00000e+00          116.23     0.00000e+00
 220 -5.05925990e+03             inf     0.00000e+00          128.15     0.00000e+00
 230 -5.05925735e+03             inf     0.00000e+00          140.55     0.00000e+00
 240 -5.05925595e+03             inf     0.00000e+00          154.30     0.00000e+00
 250 -5.05925503e+03             inf     0.00000e+00          169.69     0.00000e+00
 260 -5.05925381e+03             inf     0.00000e+00          185.35     0.00000e+00
 270 -5.05925067e+03             inf     0.00000e+00          201.02     0.00000e+00
 280 -5.05921232e+03             inf     0.00000e+00          216.27     0.00000e+00
 290 -5.05921014e+03             inf     0.00000e+00          233.33     0.00000e+00
 300 -5.05918414e+03             inf     0.00000e+00          251.56     0.00000e+00
 310 -5.05918194e+03             inf     0.00000e+00          269.28     0.00000e+00
 320 -5.05917916e+03             inf     0.00000e+00          287.56     0.00000e+00
 327 -5.05917391e+03             inf     0.00000e+00          301.21     0.00000e+00
==============================================================================================
Pass              LB             iUB             iHW       F time       B time    Wall time
Sim1000    -5.05917e+03     7.62044e+00     9.39767e+02         0.00         0.00       328.94
==============================================================================================
