Hydro_R20_AR1_T52_N5_5_I101000_Time50_DW_DUAL_MC_ES_10.0000_None
Multicut: True
Dynamic Sampling: False
==============================================================================================
Pass              LB             iUB             iHW    Wall time           Other
==============================================================================================
   0 -1.00013607e+08             inf     0.00000e+00            0.09     0.00000e+00
  10 -4.39006657e+05             inf     0.00000e+00            3.53     0.00000e+00
  20 -4.31213122e+05             inf     0.00000e+00            7.44     0.00000e+00
  30 -4.29797831e+05             inf     0.00000e+00           11.68     0.00000e+00
  40 -4.28912196e+05             inf     0.00000e+00           16.41     0.00000e+00
  50 -4.27943000e+05             inf     0.00000e+00           21.95     0.00000e+00
  60 -4.27683127e+05             inf     0.00000e+00           27.98     0.00000e+00
  70 -4.27592288e+05             inf     0.00000e+00           34.71     0.00000e+00
  80 -4.27588904e+05             inf     0.00000e+00           42.20     0.00000e+00
  90 -4.27431988e+05             inf     0.00000e+00           50.27     0.00000e+00
==============================================================================================
Pass              LB             iUB             iHW       F time       B time    Wall time
Sim1000    -4.27432e+05    -4.57983e+05     7.54833e+02         0.00         0.00       170.21
==============================================================================================
