Hydro_R2_AR1_T12_N5_15_I10000_Time60_DW_DUAL_MC_DS_1.0000_cvx_hull
Multicut: True
Dynamic Sampling: True
==============================================================================================
Pass              LB             iUB             iHW    Wall time           Other
==============================================================================================
   0 -1.00000858e+08             inf     0.00000e+00            0.01     0.00000e+00
  10 -4.59353632e+03             inf     0.00000e+00            0.76     0.00000e+00
  20 -4.58723227e+03             inf     0.00000e+00            1.91     0.00000e+00
  30 -4.58556272e+03             inf     0.00000e+00            3.33     0.00000e+00
  40 -4.58435405e+03             inf     0.00000e+00            4.97     0.00000e+00
  50 -4.58421492e+03             inf     0.00000e+00            7.10     0.00000e+00
  60 -4.58419367e+03             inf     0.00000e+00            9.64     0.00000e+00
  70 -4.58418575e+03             inf     0.00000e+00           12.40     0.00000e+00
  80 -4.58417656e+03             inf     0.00000e+00           15.37     0.00000e+00
  90 -4.58416593e+03             inf     0.00000e+00           18.87     0.00000e+00
 100 -4.58414534e+03             inf     0.00000e+00           22.65     0.00000e+00
 110 -4.58395902e+03             inf     0.00000e+00           26.84     0.00000e+00
 120 -4.58387418e+03             inf     0.00000e+00           31.37     0.00000e+00
 130 -4.58386812e+03             inf     0.00000e+00           36.61     0.00000e+00
 140 -4.58348737e+03             inf     0.00000e+00           42.10     0.00000e+00
 150 -4.58339318e+03             inf     0.00000e+00           48.35     0.00000e+00
 160 -4.58337923e+03             inf     0.00000e+00           55.68     0.00000e+00
 166 -4.58316972e+03             inf     0.00000e+00           60.29     0.00000e+00
==============================================================================================
Pass              LB             iUB             iHW       F time       B time    Wall time
Sim1000    -4.58317e+03    -7.28778e+01     9.37897e+02         0.00         0.00        78.64
==============================================================================================
