Hydro_R2_AR1_T12_N5_30_I10000_Time100_DW_DUAL_MC_DS_0.0001_cube
Multicut: True
Dynamic Sampling: True
==============================================================================================
Pass              LB             iUB             iHW    Wall time           Other
==============================================================================================
   0 -1.00000858e+08             inf     0.00000e+00            0.01     0.00000e+00
  10 -5.09152270e+03             inf     0.00000e+00            2.10     0.00000e+00
  20 -5.06494545e+03             inf     0.00000e+00            6.28     0.00000e+00
  30 -5.06358176e+03             inf     0.00000e+00           11.72     0.00000e+00
  40 -5.06096549e+03             inf     0.00000e+00           18.37     0.00000e+00
  50 -5.06072288e+03             inf     0.00000e+00           27.07     0.00000e+00
  60 -5.06060774e+03             inf     0.00000e+00           37.90     0.00000e+00
  70 -5.06050274e+03             inf     0.00000e+00           50.93     0.00000e+00
  80 -5.06034509e+03             inf     0.00000e+00           66.71     0.00000e+00
  90 -5.06031960e+03             inf     0.00000e+00           85.00     0.00000e+00
  98 -5.06002584e+03             inf     0.00000e+00          101.54     0.00000e+00
==============================================================================================
Pass              LB             iUB             iHW       F time       B time    Wall time
Sim1000    -5.06003e+03     6.47895e+01     9.43468e+02         0.00         0.00       124.17
==============================================================================================
