Hydro_R2_AR1_T12_N6_36_I10000_Time100_DW_DUAL_MC_DS_10.0000_cvx_hull2
Multicut: True
Dynamic Sampling: True
==============================================================================================
Pass              LB             iUB             iHW    Wall time           Other
==============================================================================================
   0 -1.00000858e+08             inf     0.00000e+00            0.01     0.00000e+00
  10 -2.16481222e+03             inf     0.00000e+00            3.18     0.00000e+00
  20 -2.16481222e+03             inf     0.00000e+00            8.06     0.00000e+00
  30 -2.16481222e+03             inf     0.00000e+00           14.51     0.00000e+00
  40 -2.16481222e+03             inf     0.00000e+00           22.54     0.00000e+00
  50 -2.16481222e+03             inf     0.00000e+00           32.58     0.00000e+00
  60 -2.16481222e+03             inf     0.00000e+00           45.86     0.00000e+00
  70 -2.16481222e+03             inf     0.00000e+00           61.47     0.00000e+00
  80 -2.16481222e+03             inf     0.00000e+00           82.83     0.00000e+00
  88 -2.16481222e+03             inf     0.00000e+00          100.99     0.00000e+00
==============================================================================================
Pass              LB             iUB             iHW       F time       B time    Wall time
Sim1000    -2.16481e+03    -2.81405e+03     8.23478e+02         0.00         0.00       122.83
==============================================================================================
