Hydro_R10_AR1_T12_N5_5_I10000_Time20_DW_DUAL_MC_ES_2.0000000_None
Multicut: True
Dynamic Sampling: False
==============================================================================================
Pass              LB             iUB             iHW    Wall time           Other
==============================================================================================
   0 -1.00003692e+08             inf     0.00000e+00            0.01     0.00000e+00
  10  1.31569221e+04             inf     0.00000e+00            0.41     0.00000e+00
  20  1.33923481e+04             inf     0.00000e+00            0.87     0.00000e+00
  30  1.34255035e+04             inf     0.00000e+00            1.48     0.00000e+00
  40  1.34439812e+04             inf     0.00000e+00            2.10     0.00000e+00
  50  1.34592787e+04             inf     0.00000e+00            2.79     0.00000e+00
  60  1.34682337e+04             inf     0.00000e+00            3.72     0.00000e+00
  70  1.34711818e+04             inf     0.00000e+00            4.65     0.00000e+00
  80  1.34725154e+04             inf     0.00000e+00            5.67     0.00000e+00
  90  1.34733869e+04             inf     0.00000e+00            6.77     0.00000e+00
 100  1.34741054e+04             inf     0.00000e+00            7.90     0.00000e+00
 110  1.34747948e+04             inf     0.00000e+00            9.21     0.00000e+00
 120  1.34750075e+04             inf     0.00000e+00           10.57     0.00000e+00
 130  1.34752963e+04             inf     0.00000e+00           12.03     0.00000e+00
 140  1.34755323e+04             inf     0.00000e+00           13.55     0.00000e+00
 150  1.34756028e+04             inf     0.00000e+00           15.33     0.00000e+00
 160  1.34757654e+04             inf     0.00000e+00           17.17     0.00000e+00
 170  1.34758877e+04             inf     0.00000e+00           19.10     0.00000e+00
 175  1.34759614e+04             inf     0.00000e+00           20.12     0.00000e+00
Time profiling
           Pass        # LPs        setup      simplex       output   cut update      cut gen        other        total
        Forward         2112         0.33         1.47         0.12         0.01         0.00         0.17         2.10
       Backward         9625         1.82         6.71         7.71         0.03         1.51         0.23        18.01
==============================================================================================
Pass              LB             iUB             iHW       F time       B time    Wall time
Sim100     1.34760e+04     6.81254e+03     1.12013e+03         0.00         0.00        22.95
==============================================================================================
Mean:   	   6812.54
Median: 	   5712.96
SD:     	   5600.63
20-80: 	(   2112.81,   11510.42)
10-90: 	(    334.22,   15478.91)
05-95: 	(   -597.40,   16440.36)
