Hydro_R10_AR1_T12_N10_10_I10000_Time20_DW_DUAL_MC_DS_2.0000000_None
Multicut: True
Dynamic Sampling: True
==============================================================================================
Pass              LB             iUB             iHW    Wall time           Other
==============================================================================================
   0 -1.00004104e+08             inf     0.00000e+00            0.01     0.00000e+00
  10 -3.19597195e+04             inf     0.00000e+00            0.80     0.00000e+00
  20 -3.18698581e+04             inf     0.00000e+00            1.88     0.00000e+00
  30 -3.18510498e+04             inf     0.00000e+00            3.17     0.00000e+00
  40 -3.18448698e+04             inf     0.00000e+00            4.76     0.00000e+00
  50 -3.18421060e+04             inf     0.00000e+00            6.55     0.00000e+00
  60 -3.18404825e+04             inf     0.00000e+00            8.65     0.00000e+00
  70 -3.18390230e+04             inf     0.00000e+00           10.95     0.00000e+00
  80 -3.18377614e+04             inf     0.00000e+00           13.51     0.00000e+00
  90 -3.18364891e+04             inf     0.00000e+00           16.38     0.00000e+00
 100 -3.18357728e+04             inf     0.00000e+00           19.51     0.00000e+00
 102 -3.18356839e+04             inf     0.00000e+00           20.18     0.00000e+00
Time profiling
           Pass        # LPs        setup      simplex       output   cut update      cut gen        other        total
        Forward         1236         0.20         0.79         0.07         0.00         0.00         0.41         1.47
       Backward        11220         1.90         5.99         8.95         0.03         1.56         0.27        18.70
==============================================================================================
Pass              LB             iUB             iHW       F time       B time    Wall time
Sim500    -3.18357e+04    -3.44114e+04     1.96603e+02         0.00         0.00        33.18
==============================================================================================
Mean:   	 -34411.43
Median: 	 -34354.55
SD:     	   2198.08
20-80: 	( -36113.28,  -32633.50)
10-90: 	( -37096.96,  -31710.05)
05-95: 	( -38135.95,  -30924.45)
