Hydro_R10_AR1_T12_N10_10_I101000_Time50_PhiVar_PRIMAL_MC_DS_0.3000_None
Multicut: True
Dynamic Sampling: True
==============================================================================================
Pass              LB             iUB             iHW    Wall time           Other
==============================================================================================
   0 -1.00006458e+08             inf     0.00000e+00            0.07     0.00000e+00
  10 -5.63092093e+04             inf     0.00000e+00            1.57     0.00000e+00
  20 -5.60919152e+04             inf     0.00000e+00            3.66     0.00000e+00
  30 -5.60329990e+04             inf     0.00000e+00            6.27     0.00000e+00
  40 -5.60031669e+04             inf     0.00000e+00            9.38     0.00000e+00
  50 -5.59859548e+04             inf     0.00000e+00           12.93     0.00000e+00
  60 -5.59747470e+04             inf     0.00000e+00           17.03     0.00000e+00
  70 -5.59635627e+04             inf     0.00000e+00           21.77     0.00000e+00
  80 -5.59532156e+04             inf     0.00000e+00           27.09     0.00000e+00
  90 -5.59475274e+04             inf     0.00000e+00           33.16     0.00000e+00
 100 -5.59419394e+04             inf     0.00000e+00           39.95     0.00000e+00
 110 -5.59384423e+04             inf     0.00000e+00           47.29     0.00000e+00
 114 -5.59372184e+04             inf     0.00000e+00           50.61     0.00000e+00
==============================================================================================
Pass              LB             iUB             iHW       F time       B time    Wall time
Sim1000    -5.59372e+04    -5.22667e+04     2.15616e+03         0.00         0.00        83.38
==============================================================================================
