Hydro_R2_AR1_T12_N6_36_I10000_Time100_DW_DUAL_MC_DS_8.0000_None
Multicut: True
Dynamic Sampling: True
==============================================================================================
Pass              LB             iUB             iHW    Wall time           Other
==============================================================================================
   0 -1.00000858e+08             inf     0.00000e+00            0.01     0.00000e+00
  10 -1.97031754e+03             inf     0.00000e+00            2.56     0.00000e+00
  20 -1.97031754e+03             inf     0.00000e+00            7.89     0.00000e+00
  30 -1.97031754e+03             inf     0.00000e+00           15.11     0.00000e+00
  40 -1.97031754e+03             inf     0.00000e+00           23.99     0.00000e+00
  50 -1.97031754e+03             inf     0.00000e+00           35.28     0.00000e+00
  60 -1.97031754e+03             inf     0.00000e+00           51.64     0.00000e+00
  70 -1.97031754e+03             inf     0.00000e+00           69.54     0.00000e+00
  80 -1.97031754e+03             inf     0.00000e+00           91.39     0.00000e+00
  84 -1.97031754e+03             inf     0.00000e+00          101.80     0.00000e+00
==============================================================================================
Pass              LB             iUB             iHW       F time       B time    Wall time
Sim1000    -1.97032e+03    -1.82921e+03     8.91324e+02         0.00         0.00       121.15
==============================================================================================
