Hydro_R10_AR1_T12_N10_10_I10000_Time20_DW_DUAL_MC_DS_3.0000000_None
Multicut: True
Dynamic Sampling: True
==============================================================================================
Pass              LB             iUB             iHW    Wall time           Other
==============================================================================================
   0 -1.00004104e+08             inf     0.00000e+00            0.01     0.00000e+00
  10 -3.10795507e+04             inf     0.00000e+00            0.78     0.00000e+00
  20 -3.09797622e+04             inf     0.00000e+00            1.85     0.00000e+00
  30 -3.09739333e+04             inf     0.00000e+00            3.18     0.00000e+00
  40 -3.09689995e+04             inf     0.00000e+00            4.73     0.00000e+00
  50 -3.09660189e+04             inf     0.00000e+00            6.46     0.00000e+00
  60 -3.09649754e+04             inf     0.00000e+00            8.44     0.00000e+00
  70 -3.09641240e+04             inf     0.00000e+00           10.64     0.00000e+00
  80 -3.09633028e+04             inf     0.00000e+00           13.02     0.00000e+00
  90 -3.09624596e+04             inf     0.00000e+00           15.66     0.00000e+00
 100 -3.09619578e+04             inf     0.00000e+00           18.55     0.00000e+00
 105 -3.09618149e+04             inf     0.00000e+00           20.12     0.00000e+00
Time profiling
           Pass        # LPs        setup      simplex       output   cut update      cut gen        other        total
        Forward         1272         0.20         0.77         0.07         0.00         0.00         0.41         1.45
       Backward        11550         2.00         5.97         8.78         0.03         1.62         0.27        18.66
==============================================================================================
Pass              LB             iUB             iHW       F time       B time    Wall time
Sim500    -3.09618e+04    -3.43081e+04     1.92170e+02         0.00         0.00        32.79
==============================================================================================
Mean:   	 -34308.12
Median: 	 -34216.59
SD:     	   2148.53
20-80: 	( -35984.28,  -32537.92)
10-90: 	( -36970.88,  -31666.62)
05-95: 	( -37914.89,  -30896.56)
