Hydro_R2_AR1_T12_N5_15_I10000_Time300_DW_DUAL_MC_DS_0.0003_None
Multicut: True
Dynamic Sampling: True
==============================================================================================
Pass              LB             iUB             iHW    Wall time           Other
==============================================================================================
   0 -1.00000858e+08             inf     0.00000e+00            0.01     0.00000e+00
  10 -5.07337425e+03             inf     0.00000e+00            0.75     0.00000e+00
  20 -5.06217768e+03             inf     0.00000e+00            1.80     0.00000e+00
  30 -5.06097422e+03             inf     0.00000e+00            3.07     0.00000e+00
  40 -5.05912643e+03             inf     0.00000e+00            4.77     0.00000e+00
  50 -5.05889456e+03             inf     0.00000e+00            6.65     0.00000e+00
  60 -5.05873117e+03             inf     0.00000e+00            8.85     0.00000e+00
  70 -5.05870987e+03             inf     0.00000e+00           11.25     0.00000e+00
  80 -5.05847017e+03             inf     0.00000e+00           13.99     0.00000e+00
  90 -5.05843700e+03             inf     0.00000e+00           17.10     0.00000e+00
 100 -5.05826994e+03             inf     0.00000e+00           20.45     0.00000e+00
 110 -5.05806956e+03             inf     0.00000e+00           24.08     0.00000e+00
 120 -5.05791129e+03             inf     0.00000e+00           28.07     0.00000e+00
 130 -5.05789658e+03             inf     0.00000e+00           32.59     0.00000e+00
 140 -5.05774307e+03             inf     0.00000e+00           37.38     0.00000e+00
 150 -5.05773517e+03             inf     0.00000e+00           42.58     0.00000e+00
 160 -5.05772952e+03             inf     0.00000e+00           48.12     0.00000e+00
 170 -5.05766411e+03             inf     0.00000e+00           54.32     0.00000e+00
 180 -5.05763295e+03             inf     0.00000e+00           60.81     0.00000e+00
 190 -5.05751005e+03             inf     0.00000e+00           67.81     0.00000e+00
 200 -5.05747503e+03             inf     0.00000e+00           75.13     0.00000e+00
 210 -5.05746657e+03             inf     0.00000e+00           82.90     0.00000e+00
 220 -5.05746398e+03             inf     0.00000e+00           91.11     0.00000e+00
 230 -5.05746267e+03             inf     0.00000e+00          100.53     0.00000e+00
 240 -5.05746177e+03             inf     0.00000e+00          109.68     0.00000e+00
 250 -5.05745952e+03             inf     0.00000e+00          119.41     0.00000e+00
 260 -5.05745874e+03             inf     0.00000e+00          129.85     0.00000e+00
 270 -5.05745555e+03             inf     0.00000e+00          140.58     0.00000e+00
 280 -5.05742744e+03             inf     0.00000e+00          151.76     0.00000e+00
 290 -5.05742524e+03             inf     0.00000e+00          163.62     0.00000e+00
 300 -5.05738640e+03             inf     0.00000e+00          176.29     0.00000e+00
 310 -5.05738284e+03             inf     0.00000e+00          189.27     0.00000e+00
 320 -5.05738041e+03             inf     0.00000e+00          202.72     0.00000e+00
 330 -5.05737410e+03             inf     0.00000e+00          216.58     0.00000e+00
 340 -5.05737221e+03             inf     0.00000e+00          231.19     0.00000e+00
 350 -5.05737125e+03             inf     0.00000e+00          246.68     0.00000e+00
 360 -5.05736896e+03             inf     0.00000e+00          262.17     0.00000e+00
 370 -5.05730806e+03             inf     0.00000e+00          278.35     0.00000e+00
 380 -5.05729007e+03             inf     0.00000e+00          294.94     0.00000e+00
 383 -5.05729005e+03             inf     0.00000e+00          300.02     0.00000e+00
==============================================================================================
Pass              LB             iUB             iHW       F time       B time    Wall time
Sim1000    -5.05729e+03    -8.02553e+01     9.37382e+02         0.00         0.00       325.27
==============================================================================================
