Hydro_R2_AR1_T12_N5_15_I10000_Time60_DW_DUAL_MC_DS_0.1500_cvx_hull2
Multicut: True
Dynamic Sampling: True
==============================================================================================
Pass              LB             iUB             iHW    Wall time           Other
==============================================================================================
   0 -1.00000858e+08             inf     0.00000e+00            0.01     0.00000e+00
  10 -4.98384985e+03             inf     0.00000e+00            0.75     0.00000e+00
  20 -4.97595436e+03             inf     0.00000e+00            1.84     0.00000e+00
  30 -4.97496785e+03             inf     0.00000e+00            3.40     0.00000e+00
  40 -4.97229197e+03             inf     0.00000e+00            5.33     0.00000e+00
  50 -4.97169944e+03             inf     0.00000e+00            7.94     0.00000e+00
  60 -4.97137210e+03             inf     0.00000e+00           10.79     0.00000e+00
  70 -4.97090104e+03             inf     0.00000e+00           13.91     0.00000e+00
  80 -4.97060393e+03             inf     0.00000e+00           17.55     0.00000e+00
  90 -4.97045042e+03             inf     0.00000e+00           21.71     0.00000e+00
 100 -4.97034355e+03             inf     0.00000e+00           26.59     0.00000e+00
 110 -4.96983149e+03             inf     0.00000e+00           31.90     0.00000e+00
 120 -4.96978919e+03             inf     0.00000e+00           38.00     0.00000e+00
 130 -4.96977224e+03             inf     0.00000e+00           45.14     0.00000e+00
 140 -4.96975038e+03             inf     0.00000e+00           52.24     0.00000e+00
 150 -4.96971601e+03             inf     0.00000e+00           59.96     0.00000e+00
 151 -4.96971497e+03             inf     0.00000e+00           60.75     0.00000e+00
==============================================================================================
Pass              LB             iUB             iHW       F time       B time    Wall time
Sim1000    -4.96971e+03    -3.27863e+03     7.09802e+02         0.00         0.00        82.21
==============================================================================================
