Hydro_R10_AR1_T10_N10_I10000ESS_DUAL_MC_DW_0.100000_DS
Multicut: True
Dynamic Sampling: True
==============================================================================================
Pass              LB             iUB             iHW    Wall time           Other
==============================================================================================
   0 -1.00006458e+08             inf     0.00000e+00            0.01     0.00000e+00
  10 -5.67991405e+04             inf     0.00000e+00            0.80     0.00000e+00
  20 -5.65671695e+04             inf     0.00000e+00            1.88     0.00000e+00
  30 -5.64500943e+04             inf     0.00000e+00            3.39     0.00000e+00
  40 -5.64117683e+04             inf     0.00000e+00            4.99     0.00000e+00
  50 -5.63804615e+04             inf     0.00000e+00            6.83     0.00000e+00
  60 -5.63654624e+04             inf     0.00000e+00            9.28     0.00000e+00
  70 -5.63529323e+04             inf     0.00000e+00           12.16     0.00000e+00
  80 -5.63443490e+04             inf     0.00000e+00           15.39     0.00000e+00
  90 -5.63387127e+04             inf     0.00000e+00           19.02     0.00000e+00
 100 -5.63321897e+04             inf     0.00000e+00           23.07     0.00000e+00
 110 -5.63288755e+04             inf     0.00000e+00           27.30     0.00000e+00
 120 -5.63260271e+04             inf     0.00000e+00           31.84     0.00000e+00
 130 -5.63198087e+04             inf     0.00000e+00           36.32     0.00000e+00
