Hydro_R2_AR1_T12_N5_15_I10000_Time60_DW_DUAL_MC_DS_0.0090_cvx_hull2
Multicut: True
Dynamic Sampling: True
==============================================================================================
Pass              LB             iUB             iHW    Wall time           Other
==============================================================================================
   0 -1.00000858e+08             inf     0.00000e+00            0.02     0.00000e+00
  10 -5.06821626e+03             inf     0.00000e+00            1.43     0.00000e+00
  20 -5.05813626e+03             inf     0.00000e+00            3.56     0.00000e+00
  30 -5.05640270e+03             inf     0.00000e+00            5.97     0.00000e+00
  40 -5.05408230e+03             inf     0.00000e+00            8.96     0.00000e+00
  50 -5.05385270e+03             inf     0.00000e+00           12.51     0.00000e+00
  60 -5.05374442e+03             inf     0.00000e+00           20.45     0.00000e+00
  70 -5.05372575e+03             inf     0.00000e+00           26.66     0.00000e+00
  80 -5.05343715e+03             inf     0.00000e+00           32.14     0.00000e+00
  90 -5.05340948e+03             inf     0.00000e+00           38.18     0.00000e+00
 100 -5.05324839e+03             inf     0.00000e+00           45.02     0.00000e+00
 110 -5.05224797e+03             inf     0.00000e+00           51.78     0.00000e+00
 120 -5.05212694e+03             inf     0.00000e+00           59.49     0.00000e+00
 121 -5.05212343e+03             inf     0.00000e+00           61.05     0.00000e+00
==============================================================================================
Pass              LB             iUB             iHW       F time       B time    Wall time
Sim1000    -5.05212e+03    -2.69272e+03     8.27219e+02         0.00         0.00        91.25
==============================================================================================
