Hydro_R10_AR1_T12_N10_10_I10000_Time20_DW_DUAL_MC_DS_5.0000000_None
Multicut: True
Dynamic Sampling: True
==============================================================================================
Pass              LB             iUB             iHW    Wall time           Other
==============================================================================================
   0 -1.00004104e+08             inf     0.00000e+00            0.01     0.00000e+00
  10 -2.96075319e+04             inf     0.00000e+00            0.80     0.00000e+00
  20 -2.95033321e+04             inf     0.00000e+00            1.78     0.00000e+00
  30 -2.94923314e+04             inf     0.00000e+00            2.91     0.00000e+00
  40 -2.94889270e+04             inf     0.00000e+00            4.37     0.00000e+00
  50 -2.94841808e+04             inf     0.00000e+00            6.04     0.00000e+00
  60 -2.94826146e+04             inf     0.00000e+00            7.79     0.00000e+00
  70 -2.94817540e+04             inf     0.00000e+00            9.67     0.00000e+00
  80 -2.94807737e+04             inf     0.00000e+00           11.72     0.00000e+00
  90 -2.94798868e+04             inf     0.00000e+00           14.46     0.00000e+00
 100 -2.94793100e+04             inf     0.00000e+00           17.37     0.00000e+00
 110 -2.94790813e+04             inf     0.00000e+00           20.08     0.00000e+00
Time profiling
           Pass        # LPs        setup      simplex       output   cut update      cut gen        other        total
        Forward         1332         0.22         0.78         0.08         0.00         0.00         0.46         1.53
       Backward        12100         2.08         5.75         8.75         0.03         1.65         0.28        18.55
==============================================================================================
Pass              LB             iUB             iHW       F time       B time    Wall time
Sim500    -2.94791e+04    -3.41479e+04     1.88002e+02         0.00         0.00        31.75
==============================================================================================
Mean:   	 -34147.88
Median: 	 -34082.52
SD:     	   2101.92
20-80: 	( -35795.26,  -32353.72)
10-90: 	( -36801.18,  -31576.04)
05-95: 	( -37668.12,  -30825.94)
