Hydro_R2_AR1_T12_N5_30_I10000_Time100_DW_DUAL_MC_DS_0.0300_cvx_hull2
Multicut: True
Dynamic Sampling: True
==============================================================================================
Pass              LB             iUB             iHW    Wall time           Other
==============================================================================================
   0 -1.00000858e+08             inf     0.00000e+00            0.01     0.00000e+00
  10 -5.05277194e+03             inf     0.00000e+00            1.85     0.00000e+00
  20 -5.04752529e+03             inf     0.00000e+00            4.86     0.00000e+00
  30 -5.04462287e+03             inf     0.00000e+00            8.88     0.00000e+00
  40 -5.04268353e+03             inf     0.00000e+00           14.22     0.00000e+00
  50 -5.04239597e+03             inf     0.00000e+00           20.58     0.00000e+00
  60 -5.04227267e+03             inf     0.00000e+00           28.14     0.00000e+00
  70 -5.04214301e+03             inf     0.00000e+00           37.71     0.00000e+00
  80 -5.04198875e+03             inf     0.00000e+00           48.59     0.00000e+00
  90 -5.04195809e+03             inf     0.00000e+00           61.10     0.00000e+00
 100 -5.04179617e+03             inf     0.00000e+00           75.41     0.00000e+00
 110 -5.04091485e+03             inf     0.00000e+00           90.79     0.00000e+00
 116 -5.04088701e+03             inf     0.00000e+00          100.20     0.00000e+00
==============================================================================================
Pass              LB             iUB             iHW       F time       B time    Wall time
Sim1000    -5.04089e+03    -2.77500e+03     8.26198e+02         0.00         0.00       120.62
==============================================================================================
