Hydro_R10_AR1_T12_N10_10_I10000_Time20_DW_DUAL_MC_ES_20.0000000_None
Multicut: True
Dynamic Sampling: False
==============================================================================================
Pass              LB             iUB             iHW    Wall time           Other
==============================================================================================
   0 -1.00003692e+08             inf     0.00000e+00            0.02     0.00000e+00
  10 -1.03742620e+04             inf     0.00000e+00            0.89     0.00000e+00
  20 -9.94098395e+03             inf     0.00000e+00            1.96     0.00000e+00
  30 -9.93724317e+03             inf     0.00000e+00            3.21     0.00000e+00
  40 -9.93591038e+03             inf     0.00000e+00            4.65     0.00000e+00
  50 -9.93426581e+03             inf     0.00000e+00            6.49     0.00000e+00
  60 -9.93340688e+03             inf     0.00000e+00            8.37     0.00000e+00
  70 -9.93068907e+03             inf     0.00000e+00           10.46     0.00000e+00
  80 -9.92962673e+03             inf     0.00000e+00           12.81     0.00000e+00
  90 -9.92831376e+03             inf     0.00000e+00           15.48     0.00000e+00
 100 -9.92702407e+03             inf     0.00000e+00           18.53     0.00000e+00
 106 -9.92677581e+03             inf     0.00000e+00           20.26     0.00000e+00
Time profiling
           Pass        # LPs        setup      simplex       output   cut update      cut gen        other        total
        Forward         1284         0.20         0.90         0.07         0.00         0.00         0.10         1.28
       Backward        11660         2.02         6.83         8.36         0.03         1.51         0.22        18.98
==============================================================================================
Pass              LB             iUB             iHW       F time       B time    Wall time
Sim100    -9.92678e+03    -2.57299e+04     7.00864e+02         0.00         0.00        23.49
==============================================================================================
Mean:   	 -25729.90
Median: 	 -26337.20
SD:     	   3504.32
20-80: 	( -28596.35,  -22571.50)
10-90: 	( -29997.46,  -20768.68)
05-95: 	( -30392.56,  -19740.92)
