Hydro_R10_AR1_T12_N10_10_I10000_Time20_DW_DUAL_MC_DS_0.0300000_None
Multicut: True
Dynamic Sampling: True
==============================================================================================
Pass              LB             iUB             iHW    Wall time           Other
==============================================================================================
   0 -1.00004104e+08             inf     0.00000e+00            0.01     0.00000e+00
  10 -3.40530523e+04             inf     0.00000e+00            0.78     0.00000e+00
  20 -3.39238465e+04             inf     0.00000e+00            1.88     0.00000e+00
  30 -3.38980591e+04             inf     0.00000e+00            3.21     0.00000e+00
  40 -3.38944260e+04             inf     0.00000e+00            4.86     0.00000e+00
  50 -3.38872505e+04             inf     0.00000e+00            6.82     0.00000e+00
  60 -3.38853468e+04             inf     0.00000e+00            9.03     0.00000e+00
  70 -3.38836149e+04             inf     0.00000e+00           11.47     0.00000e+00
  80 -3.38822962e+04             inf     0.00000e+00           14.24     0.00000e+00
  90 -3.38805096e+04             inf     0.00000e+00           17.30     0.00000e+00
  99 -3.38799822e+04             inf     0.00000e+00           20.33     0.00000e+00
Time profiling
           Pass        # LPs        setup      simplex       output   cut update      cut gen        other        total
        Forward         1200         0.19         0.81         0.07         0.00         0.00         0.40         1.46
       Backward        10890         1.84         6.12         9.05         0.03         1.55         0.28        18.87
==============================================================================================
Pass              LB             iUB             iHW       F time       B time    Wall time
Sim500    -3.38800e+04    -3.45338e+04     2.04726e+02         0.00         0.00        33.69
==============================================================================================
Mean:   	 -34533.80
Median: 	 -34502.25
SD:     	   2288.91
20-80: 	( -36270.50,  -32695.60)
10-90: 	( -37378.11,  -31628.31)
05-95: 	( -38376.71,  -30825.22)
