Hydro_R2_AR1_T12_N5_15_I10000_Time60_DW_DUAL_MC_DS_4.0000_cvx_hull2
Multicut: True
Dynamic Sampling: True
==============================================================================================
Pass              LB             iUB             iHW    Wall time           Other
==============================================================================================
   0 -1.00000858e+08             inf     0.00000e+00            0.01     0.00000e+00
  10 -3.01441010e+03             inf     0.00000e+00            0.88     0.00000e+00
  20 -3.01235652e+03             inf     0.00000e+00            2.05     0.00000e+00
  30 -3.01125596e+03             inf     0.00000e+00            4.29     0.00000e+00
  40 -3.01072253e+03             inf     0.00000e+00            6.57     0.00000e+00
  50 -3.00995656e+03             inf     0.00000e+00            9.33     0.00000e+00
  60 -3.00972893e+03             inf     0.00000e+00           13.75     0.00000e+00
  70 -3.00963082e+03             inf     0.00000e+00           16.87     0.00000e+00
  80 -3.00955596e+03             inf     0.00000e+00           21.31     0.00000e+00
  90 -3.00949293e+03             inf     0.00000e+00           27.14     0.00000e+00
 100 -3.00943945e+03             inf     0.00000e+00           34.50     0.00000e+00
 110 -3.00938895e+03             inf     0.00000e+00           44.91     0.00000e+00
 120 -3.00936233e+03             inf     0.00000e+00           54.10     0.00000e+00
 127 -3.00935377e+03             inf     0.00000e+00           60.17     0.00000e+00
==============================================================================================
Pass              LB             iUB             iHW       F time       B time    Wall time
Sim1000    -3.00935e+03    -4.26462e+03     1.20155e+02         0.00         0.00        89.63
==============================================================================================
