Hydro_R2_AR1_T12_N5_30_I10000_Time100_DW_DUAL_MC_DS_0.0030_cvx_hull2
Multicut: True
Dynamic Sampling: True
==============================================================================================
Pass              LB             iUB             iHW    Wall time           Other
==============================================================================================
   0 -1.00000858e+08             inf     0.00000e+00            0.01     0.00000e+00
  10 -5.06715693e+03             inf     0.00000e+00            2.25     0.00000e+00
  20 -5.06204265e+03             inf     0.00000e+00            5.79     0.00000e+00
  30 -5.05906205e+03             inf     0.00000e+00           10.28     0.00000e+00
  40 -5.05713823e+03             inf     0.00000e+00           15.55     0.00000e+00
  50 -5.05683239e+03             inf     0.00000e+00           22.05     0.00000e+00
  60 -5.05670528e+03             inf     0.00000e+00           30.05     0.00000e+00
  70 -5.05668712e+03             inf     0.00000e+00           39.52     0.00000e+00
  80 -5.05643147e+03             inf     0.00000e+00           50.59     0.00000e+00
  90 -5.05640299e+03             inf     0.00000e+00           63.45     0.00000e+00
 100 -5.05624562e+03             inf     0.00000e+00           77.67     0.00000e+00
 110 -5.05536336e+03             inf     0.00000e+00           94.08     0.00000e+00
 114 -5.05534545e+03             inf     0.00000e+00          101.19     0.00000e+00
==============================================================================================
Pass              LB             iUB             iHW       F time       B time    Wall time
Sim1000    -5.05535e+03    -2.76738e+03     8.26205e+02         0.00         0.00       122.13
==============================================================================================
