Hydro_R2_AR1_T12_N5_15_I10000_Time300_DW_DUAL_MC_DS_0.1000_None
Multicut: True
Dynamic Sampling: True
==============================================================================================
Pass              LB             iUB             iHW    Wall time           Other
==============================================================================================
   0 -1.00000858e+08             inf     0.00000e+00            0.01     0.00000e+00
  10 -5.01474374e+03             inf     0.00000e+00            1.10     0.00000e+00
  20 -5.00761743e+03             inf     0.00000e+00            2.79     0.00000e+00
  30 -5.00451139e+03             inf     0.00000e+00            5.00     0.00000e+00
  40 -5.00293910e+03             inf     0.00000e+00            7.73     0.00000e+00
  50 -5.00263733e+03             inf     0.00000e+00           10.83     0.00000e+00
  60 -5.00249510e+03             inf     0.00000e+00           14.63     0.00000e+00
  70 -5.00247195e+03             inf     0.00000e+00           19.02     0.00000e+00
  80 -5.00232688e+03             inf     0.00000e+00           23.43     0.00000e+00
  90 -5.00228085e+03             inf     0.00000e+00           28.53     0.00000e+00
 100 -5.00206949e+03             inf     0.00000e+00           34.08     0.00000e+00
 110 -5.00183680e+03             inf     0.00000e+00           41.24     0.00000e+00
 120 -5.00159051e+03             inf     0.00000e+00           48.40     0.00000e+00
 130 -5.00156507e+03             inf     0.00000e+00           56.32     0.00000e+00
 140 -5.00148178e+03             inf     0.00000e+00           64.15     0.00000e+00
 150 -5.00147499e+03             inf     0.00000e+00           72.85     0.00000e+00
 160 -5.00146642e+03             inf     0.00000e+00           82.02     0.00000e+00
 170 -5.00134933e+03             inf     0.00000e+00           91.42     0.00000e+00
 180 -5.00126422e+03             inf     0.00000e+00          101.38     0.00000e+00
 190 -5.00114414e+03             inf     0.00000e+00          112.41     0.00000e+00
 200 -5.00109742e+03             inf     0.00000e+00          124.04     0.00000e+00
 210 -5.00109132e+03             inf     0.00000e+00          133.14     0.00000e+00
 220 -5.00108954e+03             inf     0.00000e+00          143.02     0.00000e+00
 230 -5.00108659e+03             inf     0.00000e+00          153.68     0.00000e+00
 240 -5.00108510e+03             inf     0.00000e+00          164.19     0.00000e+00
 250 -5.00108366e+03             inf     0.00000e+00          175.24     0.00000e+00
 260 -5.00107894e+03             inf     0.00000e+00          188.56     0.00000e+00
 270 -5.00107695e+03             inf     0.00000e+00          202.93     0.00000e+00
 280 -5.00105118e+03             inf     0.00000e+00          218.77     0.00000e+00
 290 -5.00104907e+03             inf     0.00000e+00          232.21     0.00000e+00
 300 -5.00102069e+03             inf     0.00000e+00          247.43     0.00000e+00
 310 -5.00100994e+03             inf     0.00000e+00          262.90     0.00000e+00
 320 -5.00100703e+03             inf     0.00000e+00          277.18     0.00000e+00
 330 -5.00100328e+03             inf     0.00000e+00          293.41     0.00000e+00
 334 -5.00100180e+03             inf     0.00000e+00          300.02     0.00000e+00
==============================================================================================
Pass              LB             iUB             iHW       F time       B time    Wall time
Sim1000    -5.00100e+03    -2.95392e+03     8.23111e+02         0.00         0.00       326.09
==============================================================================================
