Hydro_R2_AR1_T12_N5_30_I10000_Time100_DW_DUAL_MC_DS_1.0000_cube
Multicut: True
Dynamic Sampling: True
==============================================================================================
Pass              LB             iUB             iHW    Wall time           Other
==============================================================================================
   0 -1.00000858e+08             inf     0.00000e+00            0.01     0.00000e+00
  10 -4.54548704e+03             inf     0.00000e+00            1.93     0.00000e+00
  20 -4.54008615e+03             inf     0.00000e+00            5.41     0.00000e+00
  30 -4.53795868e+03             inf     0.00000e+00           10.38     0.00000e+00
  40 -4.53659798e+03             inf     0.00000e+00           16.64     0.00000e+00
  50 -4.53635871e+03             inf     0.00000e+00           24.66     0.00000e+00
  60 -4.53631560e+03             inf     0.00000e+00           34.45     0.00000e+00
  70 -4.53629306e+03             inf     0.00000e+00           46.72     0.00000e+00
  80 -4.53621944e+03             inf     0.00000e+00           65.99     0.00000e+00
  90 -4.53614865e+03             inf     0.00000e+00           89.13     0.00000e+00
  95 -4.53595580e+03             inf     0.00000e+00          100.77     0.00000e+00
==============================================================================================
Pass              LB             iUB             iHW       F time       B time    Wall time
Sim1000    -4.53596e+03    -1.21961e+03     8.75109e+02         0.00         0.00       132.13
==============================================================================================
