Hydro_R2_AR1_T12_N5_15_I10000_Time300_DW_DUAL_MC_DS_0.0100_cube
Multicut: True
Dynamic Sampling: True
==============================================================================================
Pass              LB             iUB             iHW    Wall time           Other
==============================================================================================
   0 -1.00000858e+08             inf     0.00000e+00            0.01     0.00000e+00
  10 -5.06972539e+03             inf     0.00000e+00            0.79     0.00000e+00
  20 -5.06011309e+03             inf     0.00000e+00            2.36     0.00000e+00
  30 -5.05809063e+03             inf     0.00000e+00            4.22     0.00000e+00
  40 -5.05559061e+03             inf     0.00000e+00            6.65     0.00000e+00
  50 -5.05526575e+03             inf     0.00000e+00           10.27     0.00000e+00
  60 -5.05513523e+03             inf     0.00000e+00           14.25     0.00000e+00
  70 -5.05511299e+03             inf     0.00000e+00           18.89     0.00000e+00
  80 -5.05486721e+03             inf     0.00000e+00           23.27     0.00000e+00
  90 -5.05482881e+03             inf     0.00000e+00           29.08     0.00000e+00
 100 -5.05463720e+03             inf     0.00000e+00           34.80     0.00000e+00
 110 -5.05406842e+03             inf     0.00000e+00           40.76     0.00000e+00
 120 -5.05400083e+03             inf     0.00000e+00           47.17     0.00000e+00
 130 -5.05399163e+03             inf     0.00000e+00           54.81     0.00000e+00
 140 -5.05398302e+03             inf     0.00000e+00           62.65     0.00000e+00
 150 -5.05397431e+03             inf     0.00000e+00           71.48     0.00000e+00
 160 -5.05396804e+03             inf     0.00000e+00           80.43     0.00000e+00
 170 -5.05372179e+03             inf     0.00000e+00           89.14     0.00000e+00
 180 -5.05362180e+03             inf     0.00000e+00          102.46     0.00000e+00
 190 -5.05343206e+03             inf     0.00000e+00          115.44     0.00000e+00
 200 -5.05336431e+03             inf     0.00000e+00          128.94     0.00000e+00
 210 -5.05333651e+03             inf     0.00000e+00          144.39     0.00000e+00
 220 -5.05333434e+03             inf     0.00000e+00          156.76     0.00000e+00
 230 -5.05333297e+03             inf     0.00000e+00          171.31     0.00000e+00
 240 -5.05333073e+03             inf     0.00000e+00          186.86     0.00000e+00
 250 -5.05333019e+03             inf     0.00000e+00          202.91     0.00000e+00
 260 -5.05332857e+03             inf     0.00000e+00          225.33     0.00000e+00
 270 -5.05332469e+03             inf     0.00000e+00          245.70     0.00000e+00
 280 -5.05329815e+03             inf     0.00000e+00          266.08     0.00000e+00
 290 -5.05329688e+03             inf     0.00000e+00          283.51     0.00000e+00
 299 -5.05323369e+03             inf     0.00000e+00          301.10     0.00000e+00
==============================================================================================
Pass              LB             iUB             iHW       F time       B time    Wall time
Sim1000    -5.05323e+03    -1.18755e+03     8.75146e+02         0.00         0.00       332.38
==============================================================================================
