Hydro_R10_AR1_T12_N10_10_I10000_Time20_DW_DUAL_MC_DS_0.9000000_None
Multicut: True
Dynamic Sampling: True
==============================================================================================
Pass              LB             iUB             iHW    Wall time           Other
==============================================================================================
   0 -1.00004104e+08             inf     0.00000e+00            0.01     0.00000e+00
  10 -3.30619505e+04             inf     0.00000e+00            0.81     0.00000e+00
  20 -3.29825953e+04             inf     0.00000e+00            1.96     0.00000e+00
  30 -3.29611145e+04             inf     0.00000e+00            3.35     0.00000e+00
  40 -3.29540285e+04             inf     0.00000e+00            5.16     0.00000e+00
  50 -3.29482759e+04             inf     0.00000e+00            7.07     0.00000e+00
  60 -3.29461946e+04             inf     0.00000e+00            9.24     0.00000e+00
  70 -3.29433708e+04             inf     0.00000e+00           11.64     0.00000e+00
  80 -3.29421632e+04             inf     0.00000e+00           14.37     0.00000e+00
  90 -3.29410079e+04             inf     0.00000e+00           17.48     0.00000e+00
  98 -3.29404692e+04             inf     0.00000e+00           20.21     0.00000e+00
Time profiling
           Pass        # LPs        setup      simplex       output   cut update      cut gen        other        total
        Forward         1188         0.19         0.79         0.07         0.00         0.00         0.40         1.46
       Backward        10780         1.87         5.94         9.07         0.03         1.56         0.28        18.75
==============================================================================================
Pass              LB             iUB             iHW       F time       B time    Wall time
Sim500    -3.29405e+04    -3.44943e+04     2.01147e+02         0.00         0.00        33.55
==============================================================================================
Mean:   	 -34494.32
Median: 	 -34447.71
SD:     	   2248.89
20-80: 	( -36215.10,  -32660.64)
10-90: 	( -37265.73,  -31658.23)
05-95: 	( -38248.36,  -30887.05)
