Hydro_R2_AR1_T12_N5_15_I10000_Time300_DW_DUAL_MC_DS_0.0008_cvx_hull
Multicut: True
Dynamic Sampling: True
==============================================================================================
Pass              LB             iUB             iHW    Wall time           Other
==============================================================================================
   0 -1.00000858e+08             inf     0.00000e+00            0.01     0.00000e+00
  10 -5.07514216e+03             inf     0.00000e+00            0.66     0.00000e+00
  20 -5.06419540e+03             inf     0.00000e+00            1.84     0.00000e+00
  30 -5.06318581e+03             inf     0.00000e+00            3.37     0.00000e+00
  40 -5.06074531e+03             inf     0.00000e+00            5.51     0.00000e+00
  50 -5.06057145e+03             inf     0.00000e+00            7.81     0.00000e+00
  60 -5.06053010e+03             inf     0.00000e+00           10.34     0.00000e+00
  70 -5.06051264e+03             inf     0.00000e+00           13.33     0.00000e+00
  80 -5.06027020e+03             inf     0.00000e+00           16.71     0.00000e+00
  90 -5.06024199e+03             inf     0.00000e+00           20.55     0.00000e+00
 100 -5.06007984e+03             inf     0.00000e+00           24.70     0.00000e+00
 110 -5.05926091e+03             inf     0.00000e+00           29.34     0.00000e+00
 120 -5.05911737e+03             inf     0.00000e+00           34.50     0.00000e+00
 130 -5.05910425e+03             inf     0.00000e+00           40.32     0.00000e+00
 140 -5.05908951e+03             inf     0.00000e+00           46.77     0.00000e+00
 150 -5.05908265e+03             inf     0.00000e+00           53.85     0.00000e+00
 160 -5.05907751e+03             inf     0.00000e+00           61.50     0.00000e+00
 170 -5.05901474e+03             inf     0.00000e+00           69.60     0.00000e+00
 180 -5.05899047e+03             inf     0.00000e+00           78.43     0.00000e+00
 190 -5.05886863e+03             inf     0.00000e+00           87.74     0.00000e+00
 200 -5.05883535e+03             inf     0.00000e+00           97.67     0.00000e+00
 210 -5.05883049e+03             inf     0.00000e+00          108.37     0.00000e+00
 220 -5.05882840e+03             inf     0.00000e+00          119.68     0.00000e+00
 230 -5.05882603e+03             inf     0.00000e+00          131.75     0.00000e+00
 240 -5.05882482e+03             inf     0.00000e+00          144.80     0.00000e+00
 250 -5.05882370e+03             inf     0.00000e+00          158.17     0.00000e+00
 260 -5.05881996e+03             inf     0.00000e+00          172.29     0.00000e+00
 270 -5.05881533e+03             inf     0.00000e+00          186.85     0.00000e+00
 280 -5.05879659e+03             inf     0.00000e+00          202.39     0.00000e+00
 290 -5.05879542e+03             inf     0.00000e+00          218.35     0.00000e+00
 300 -5.05875059e+03             inf     0.00000e+00          234.96     0.00000e+00
 310 -5.05874684e+03             inf     0.00000e+00          252.24     0.00000e+00
 320 -5.05874353e+03             inf     0.00000e+00          270.24     0.00000e+00
 330 -5.05873874e+03             inf     0.00000e+00          288.68     0.00000e+00
 336 -5.05873841e+03             inf     0.00000e+00          300.14     0.00000e+00
==============================================================================================
Pass              LB             iUB             iHW       F time       B time    Wall time
Sim1000    -5.05874e+03     7.76951e+00     9.39761e+02         0.00         0.00       326.94
==============================================================================================
