Hydro_R10_AR1_T12_N10_10_I101000_Time50_PhiVar_DUAL_MC_DS_0.3000_None
Multicut: True
Dynamic Sampling: True
==============================================================================================
Pass              LB             iUB             iHW    Wall time           Other
==============================================================================================
   0 -1.00006458e+08             inf     0.00000e+00            0.02     0.00000e+00
  10 -5.64361813e+04             inf     0.00000e+00            0.90     0.00000e+00
  20 -5.60847925e+04             inf     0.00000e+00            2.13     0.00000e+00
  30 -5.60258709e+04             inf     0.00000e+00            3.56     0.00000e+00
  40 -5.59986465e+04             inf     0.00000e+00            5.36     0.00000e+00
  50 -5.59764211e+04             inf     0.00000e+00            7.43     0.00000e+00
  60 -5.59663448e+04             inf     0.00000e+00            9.73     0.00000e+00
  70 -5.59562910e+04             inf     0.00000e+00           12.25     0.00000e+00
  80 -5.59481470e+04             inf     0.00000e+00           15.09     0.00000e+00
  90 -5.59407637e+04             inf     0.00000e+00           18.32     0.00000e+00
 100 -5.59364819e+04             inf     0.00000e+00           21.99     0.00000e+00
 110 -5.59338559e+04             inf     0.00000e+00           25.99     0.00000e+00
 120 -5.59311680e+04             inf     0.00000e+00           30.36     0.00000e+00
 130 -5.59289174e+04             inf     0.00000e+00           35.16     0.00000e+00
 140 -5.59266399e+04             inf     0.00000e+00           40.38     0.00000e+00
 150 -5.59248548e+04             inf     0.00000e+00           45.90     0.00000e+00
 158 -5.59236994e+04             inf     0.00000e+00           50.59     0.00000e+00
==============================================================================================
Pass              LB             iUB             iHW       F time       B time    Wall time
Sim1000    -5.59237e+04    -5.23666e+04     2.15471e+03         0.00         0.00        88.65
==============================================================================================
