Hydro_R2_AR1_T12_N5_5_I10000_Time10_DW_DUAL_MC_DS_0.0900000_None
Multicut: True
Dynamic Sampling: True
==============================================================================================
Pass              LB             iUB             iHW    Wall time           Other
==============================================================================================
   0 -9.99966359e+07             inf     0.00000e+00            0.01     0.00000e+00
  10  5.40500310e+04             inf     0.00000e+00            0.17     0.00000e+00
  20  5.40502639e+04             inf     0.00000e+00            0.51     0.00000e+00
  30  5.40502863e+04             inf     0.00000e+00            0.99     0.00000e+00
  40  5.40502932e+04             inf     0.00000e+00            1.54     0.00000e+00
  50  5.40502962e+04             inf     0.00000e+00            1.99     0.00000e+00
  60  5.40502976e+04             inf     0.00000e+00            2.56     0.00000e+00
  70  5.40502991e+04             inf     0.00000e+00            3.18     0.00000e+00
  80  5.40502995e+04             inf     0.00000e+00            3.75     0.00000e+00
  90  5.40503000e+04             inf     0.00000e+00            4.45     0.00000e+00
 100  5.40503004e+04             inf     0.00000e+00            5.31     0.00000e+00
 110  5.40503009e+04             inf     0.00000e+00            6.19     0.00000e+00
 120  5.40503010e+04             inf     0.00000e+00            6.93     0.00000e+00
 130  5.40503013e+04             inf     0.00000e+00            7.71     0.00000e+00
 140  5.40503014e+04             inf     0.00000e+00            8.53     0.00000e+00
 150  5.40503014e+04             inf     0.00000e+00            9.50     0.00000e+00
 156  5.40503014e+04             inf     0.00000e+00           10.06     0.00000e+00
Time profiling
           Pass        # LPs        setup      simplex       output   cut update      cut gen        other        total
        Forward         1884         0.10         0.32         0.06         0.01         0.00         0.36         0.85
       Backward         8580         0.57         1.40         6.27         0.03         0.70         0.23         9.20
==============================================================================================
Pass              LB             iUB             iHW       F time       B time    Wall time
Sim500     5.40503e+04     5.38748e+04     3.49461e+01         0.00         0.00        17.07
==============================================================================================
Mean:   	  53874.75
Median: 	  53885.22
SD:     	    390.71
20-80: 	(  53593.63,   54200.88)
10-90: 	(  53358.49,   54333.95)
05-95: 	(  53203.20,   54473.09)
