Hydro_R10_AR1_T24_N10_10_I10000_Time30_DW_DUAL_MC_ES_0.0030000_None
Multicut: True
Dynamic Sampling: False
==============================================================================================
Pass              LB             iUB             iHW    Wall time           Other
==============================================================================================
   0 -1.00003909e+08             inf     0.00000e+00            0.02     0.00000e+00
  10 -1.20532179e+05             inf     0.00000e+00            1.69     0.00000e+00
  20 -1.20056969e+05             inf     0.00000e+00            4.02     0.00000e+00
  30 -1.19910405e+05             inf     0.00000e+00            7.02     0.00000e+00
  40 -1.19863924e+05             inf     0.00000e+00           10.80     0.00000e+00
  50 -1.19815327e+05             inf     0.00000e+00           15.04     0.00000e+00
  60 -1.19788916e+05             inf     0.00000e+00           19.95     0.00000e+00
  70 -1.19769208e+05             inf     0.00000e+00           25.41     0.00000e+00
  78 -1.19745636e+05             inf     0.00000e+00           30.35     0.00000e+00
Time profiling
           Pass        # LPs        setup      simplex       output   cut update      cut gen        other        total
        Forward         1896         0.34         1.34         0.12         0.01         0.00         0.17         1.98
       Backward        17940         3.44         8.97        12.91         0.06         2.57         0.42        28.37
==============================================================================================
Pass              LB             iUB             iHW       F time       B time    Wall time
Sim100    -1.19746e+05    -1.21338e+05     6.84916e+02         0.00         0.00        36.48
==============================================================================================
Mean:   	-121337.60
Median: 	-121646.47
SD:     	   3424.58
20-80: 	(-124442.64, -118688.10)
10-90: 	(-125209.16, -116631.46)
05-95: 	(-125893.90, -115901.45)
