Hydro_R2_AR1_T12_N5_15_I10000_Time60_DW_DUAL_MC_DS_3.0000_None
Multicut: True
Dynamic Sampling: True
==============================================================================================
Pass              LB             iUB             iHW    Wall time           Other
==============================================================================================
   0 -1.00000858e+08             inf     0.00000e+00            0.01     0.00000e+00
  10 -3.44087219e+03             inf     0.00000e+00            0.66     0.00000e+00
  20 -3.43993303e+03             inf     0.00000e+00            1.75     0.00000e+00
  30 -3.43974281e+03             inf     0.00000e+00            3.16     0.00000e+00
  40 -3.43973269e+03             inf     0.00000e+00            5.03     0.00000e+00
  50 -3.43970543e+03             inf     0.00000e+00            7.24     0.00000e+00
  60 -3.43962469e+03             inf     0.00000e+00            9.63     0.00000e+00
  70 -3.43959636e+03             inf     0.00000e+00           12.31     0.00000e+00
  80 -3.43958599e+03             inf     0.00000e+00           15.34     0.00000e+00
  90 -3.43957819e+03             inf     0.00000e+00           18.72     0.00000e+00
 100 -3.43956535e+03             inf     0.00000e+00           22.37     0.00000e+00
 110 -3.43955579e+03             inf     0.00000e+00           27.20     0.00000e+00
 120 -3.43952026e+03             inf     0.00000e+00           33.08     0.00000e+00
 130 -3.43951663e+03             inf     0.00000e+00           39.17     0.00000e+00
 140 -3.43951411e+03             inf     0.00000e+00           46.21     0.00000e+00
 150 -3.43951076e+03             inf     0.00000e+00           53.77     0.00000e+00
 160 -3.43950944e+03             inf     0.00000e+00           60.38     0.00000e+00
==============================================================================================
Pass              LB             iUB             iHW       F time       B time    Wall time
Sim1000    -3.43951e+03    -2.94853e+03     8.22923e+02         0.00         0.00        78.78
==============================================================================================
