Hydro_R10_AR1_T2_N5_10_I101000_DW_DUAL_MC_DS_10.000000
Multicut: True
Dynamic Sampling: True
==============================================================================================
Pass              LB             iUB             iHW    Wall time           Other
==============================================================================================
   0 -1.00006458e+08             inf     0.00000e+00            0.00     0.00000e+00
  10 -1.45517282e+04             inf     0.00000e+00            0.12     0.00000e+00
  20 -1.45517282e+04             inf     0.00000e+00            0.18     0.00000e+00
  30 -1.45517282e+04             inf     0.00000e+00            0.28     0.00000e+00
  40 -1.45517282e+04             inf     0.00000e+00            0.34     0.00000e+00
  50 -1.45517282e+04             inf     0.00000e+00            0.41     0.00000e+00
  60 -1.45517282e+04             inf     0.00000e+00            0.49     0.00000e+00
  70 -1.45517282e+04             inf     0.00000e+00            0.55     0.00000e+00
  80 -1.45517282e+04             inf     0.00000e+00            0.63     0.00000e+00
  90 -1.45517282e+04             inf     0.00000e+00            0.70     0.00000e+00
 100 -1.45517282e+04             inf     0.00000e+00            0.76     0.00000e+00
 110 -1.45517282e+04             inf     0.00000e+00            0.83     0.00000e+00
 120 -1.45517282e+04             inf     0.00000e+00            0.89     0.00000e+00
 130 -1.45517282e+04             inf     0.00000e+00            0.97     0.00000e+00
 140 -1.45517282e+04             inf     0.00000e+00            1.03     0.00000e+00
 150 -1.45517282e+04             inf     0.00000e+00            1.11     0.00000e+00
 160 -1.45517282e+04             inf     0.00000e+00            1.19     0.00000e+00
 170 -1.45517282e+04             inf     0.00000e+00            1.27     0.00000e+00
 180 -1.45517282e+04             inf     0.00000e+00            1.35     0.00000e+00
 190 -1.45517282e+04             inf     0.00000e+00            1.41     0.00000e+00
 200 -1.45517282e+04             inf     0.00000e+00            1.51     0.00000e+00
 210 -1.45517282e+04             inf     0.00000e+00            1.58     0.00000e+00
 220 -1.45517282e+04             inf     0.00000e+00            1.66     0.00000e+00
 230 -1.45517282e+04             inf     0.00000e+00            1.74     0.00000e+00
 240 -1.45517282e+04             inf     0.00000e+00            1.81     0.00000e+00
 250 -1.45517282e+04             inf     0.00000e+00            1.89     0.00000e+00
 260 -1.45517282e+04             inf     0.00000e+00            2.00     0.00000e+00
 270 -1.45517282e+04             inf     0.00000e+00            2.09     0.00000e+00
 280 -1.45517282e+04             inf     0.00000e+00            2.16     0.00000e+00
 290 -1.45517282e+04             inf     0.00000e+00            2.25     0.00000e+00
 300 -1.45517282e+04             inf     0.00000e+00            2.33     0.00000e+00
 310 -1.45517282e+04             inf     0.00000e+00            2.42     0.00000e+00
 320 -1.45517282e+04             inf     0.00000e+00            2.53     0.00000e+00
 330 -1.45517282e+04             inf     0.00000e+00            2.64     0.00000e+00
 340 -1.45517282e+04             inf     0.00000e+00            2.76     0.00000e+00
 350 -1.45517282e+04             inf     0.00000e+00            2.85     0.00000e+00
 360 -1.45517282e+04             inf     0.00000e+00            2.95     0.00000e+00
 370 -1.45517282e+04             inf     0.00000e+00            3.04     0.00000e+00
 380 -1.45517282e+04             inf     0.00000e+00            3.13     0.00000e+00
 390 -1.45517282e+04             inf     0.00000e+00            3.25     0.00000e+00
 400 -1.45517282e+04             inf     0.00000e+00            3.34     0.00000e+00
 410 -1.45517282e+04             inf     0.00000e+00            3.44     0.00000e+00
 420 -1.45517282e+04             inf     0.00000e+00            3.57     0.00000e+00
 430 -1.45517282e+04             inf     0.00000e+00            3.68     0.00000e+00
 440 -1.45517282e+04             inf     0.00000e+00            3.77     0.00000e+00
 450 -1.45517282e+04             inf     0.00000e+00            3.85     0.00000e+00
 460 -1.45517282e+04             inf     0.00000e+00            3.95     0.00000e+00
 470 -1.45517282e+04             inf     0.00000e+00            4.04     0.00000e+00
 480 -1.45517282e+04             inf     0.00000e+00            4.13     0.00000e+00
 490 -1.45517282e+04             inf     0.00000e+00            4.23     0.00000e+00
 500 -1.45517282e+04             inf     0.00000e+00            4.34     0.00000e+00
 510 -1.45517282e+04             inf     0.00000e+00            4.45     0.00000e+00
 520 -1.45517282e+04             inf     0.00000e+00            4.55     0.00000e+00
 530 -1.45517282e+04             inf     0.00000e+00            4.66     0.00000e+00
 540 -1.45517282e+04             inf     0.00000e+00            4.75     0.00000e+00
 550 -1.45517282e+04             inf     0.00000e+00            4.87     0.00000e+00
 560 -1.45517282e+04             inf     0.00000e+00            4.97     0.00000e+00
 570 -1.45517282e+04             inf     0.00000e+00            5.10     0.00000e+00
 580 -1.45517282e+04             inf     0.00000e+00            5.20     0.00000e+00
 590 -1.45517282e+04             inf     0.00000e+00            5.30     0.00000e+00
 600 -1.45517282e+04             inf     0.00000e+00            5.39     0.00000e+00
 610 -1.45517282e+04             inf     0.00000e+00            5.48     0.00000e+00
 620 -1.45517282e+04             inf     0.00000e+00            5.60     0.00000e+00
 630 -1.45517282e+04             inf     0.00000e+00            5.73     0.00000e+00
 640 -1.45517282e+04             inf     0.00000e+00            5.84     0.00000e+00
 650 -1.45517282e+04             inf     0.00000e+00            5.96     0.00000e+00
 660 -1.45517282e+04             inf     0.00000e+00            6.07     0.00000e+00
 670 -1.45517282e+04             inf     0.00000e+00            6.21     0.00000e+00
 680 -1.45517282e+04             inf     0.00000e+00            6.33     0.00000e+00
 690 -1.45517282e+04             inf     0.00000e+00            6.44     0.00000e+00
 700 -1.45517282e+04             inf     0.00000e+00            6.54     0.00000e+00
 710 -1.45517282e+04             inf     0.00000e+00            6.65     0.00000e+00
 720 -1.45517282e+04             inf     0.00000e+00            6.79     0.00000e+00
 730 -1.45517282e+04             inf     0.00000e+00            6.88     0.00000e+00
 740 -1.45517282e+04             inf     0.00000e+00            6.98     0.00000e+00
 750 -1.45517282e+04             inf     0.00000e+00            7.09     0.00000e+00
 760 -1.45517282e+04             inf     0.00000e+00            7.20     0.00000e+00
 770 -1.45517282e+04             inf     0.00000e+00            7.31     0.00000e+00
 780 -1.45517282e+04             inf     0.00000e+00            7.42     0.00000e+00
 790 -1.45517282e+04             inf     0.00000e+00            7.52     0.00000e+00
 800 -1.45517282e+04             inf     0.00000e+00            7.63     0.00000e+00
 810 -1.45517282e+04             inf     0.00000e+00            7.74     0.00000e+00
 820 -1.45517282e+04             inf     0.00000e+00            7.85     0.00000e+00
 830 -1.45517282e+04             inf     0.00000e+00            7.95     0.00000e+00
 840 -1.45517282e+04             inf     0.00000e+00            8.08     0.00000e+00
 850 -1.45517282e+04             inf     0.00000e+00            8.20     0.00000e+00
 860 -1.45517282e+04             inf     0.00000e+00            8.32     0.00000e+00
 870 -1.45517282e+04             inf     0.00000e+00            8.43     0.00000e+00
 880 -1.45517282e+04             inf     0.00000e+00            8.55     0.00000e+00
 890 -1.45517282e+04             inf     0.00000e+00            8.66     0.00000e+00
 900 -1.45517282e+04             inf     0.00000e+00            8.79     0.00000e+00
 910 -1.45517282e+04             inf     0.00000e+00            8.91     0.00000e+00
 920 -1.45517282e+04             inf     0.00000e+00            9.03     0.00000e+00
 930 -1.45517282e+04             inf     0.00000e+00            9.14     0.00000e+00
 940 -1.45517282e+04             inf     0.00000e+00            9.25     0.00000e+00
 950 -1.45517282e+04             inf     0.00000e+00            9.40     0.00000e+00
 960 -1.45517282e+04             inf     0.00000e+00            9.53     0.00000e+00
 970 -1.45517282e+04             inf     0.00000e+00            9.65     0.00000e+00
 980 -1.45517282e+04             inf     0.00000e+00            9.77     0.00000e+00
 990 -1.45517282e+04             inf     0.00000e+00            9.90     0.00000e+00
1000 -1.45517282e+04             inf     0.00000e+00           10.02     0.00000e+00
1010 -1.45517282e+04             inf     0.00000e+00           10.16     0.00000e+00
1020 -1.45517282e+04             inf     0.00000e+00           10.29     0.00000e+00
1030 -1.45517282e+04             inf     0.00000e+00           10.41     0.00000e+00
1040 -1.45517282e+04             inf     0.00000e+00           10.54     0.00000e+00
1050 -1.45517282e+04             inf     0.00000e+00           10.66     0.00000e+00
1060 -1.45517282e+04             inf     0.00000e+00           10.78     0.00000e+00
1070 -1.45517282e+04             inf     0.00000e+00           10.89     0.00000e+00
1080 -1.45517282e+04             inf     0.00000e+00           11.00     0.00000e+00
1090 -1.45517282e+04             inf     0.00000e+00           11.15     0.00000e+00
1100 -1.45517282e+04             inf     0.00000e+00           11.27     0.00000e+00
1110 -1.45517282e+04             inf     0.00000e+00           11.39     0.00000e+00
1120 -1.45517282e+04             inf     0.00000e+00           11.52     0.00000e+00
1130 -1.45517282e+04             inf     0.00000e+00           11.65     0.00000e+00
1140 -1.45517282e+04             inf     0.00000e+00           11.77     0.00000e+00
1150 -1.45517282e+04             inf     0.00000e+00           11.90     0.00000e+00
1160 -1.45517282e+04             inf     0.00000e+00           12.03     0.00000e+00
1170 -1.45517282e+04             inf     0.00000e+00           12.15     0.00000e+00
1180 -1.45517282e+04             inf     0.00000e+00           12.28     0.00000e+00
1190 -1.45517282e+04             inf     0.00000e+00           12.42     0.00000e+00
1200 -1.45517282e+04             inf     0.00000e+00           12.55     0.00000e+00
1210 -1.45517282e+04             inf     0.00000e+00           12.72     0.00000e+00
1220 -1.45517282e+04             inf     0.00000e+00           12.85     0.00000e+00
1230 -1.45517282e+04             inf     0.00000e+00           12.99     0.00000e+00
1240 -1.45517282e+04             inf     0.00000e+00           13.17     0.00000e+00
1250 -1.45517282e+04             inf     0.00000e+00           13.31     0.00000e+00
1260 -1.45517282e+04             inf     0.00000e+00           13.46     0.00000e+00
