Hydro_R2_AR1_T12_N5_15_I10000_Time60_DW_DUAL_MC_DS_0.0000_None
Multicut: True
Dynamic Sampling: True
==============================================================================================
Pass              LB             iUB             iHW    Wall time           Other
==============================================================================================
   0 -1.00000858e+08             inf     0.00000e+00            0.01     0.00000e+00
  10 -5.07284901e+03             inf     0.00000e+00            0.82     0.00000e+00
  20 -5.06217546e+03             inf     0.00000e+00            2.37     0.00000e+00
  30 -5.05999172e+03             inf     0.00000e+00            4.30     0.00000e+00
  40 -5.05807037e+03             inf     0.00000e+00            6.97     0.00000e+00
  50 -5.05723189e+03             inf     0.00000e+00           10.77     0.00000e+00
  60 -5.05640693e+03             inf     0.00000e+00           15.13     0.00000e+00
  70 -5.05612858e+03             inf     0.00000e+00           21.90     0.00000e+00
  80 -5.05582267e+03             inf     0.00000e+00           27.88     0.00000e+00
  90 -5.05561825e+03             inf     0.00000e+00           34.33     0.00000e+00
 100 -5.05552604e+03             inf     0.00000e+00           40.67     0.00000e+00
 110 -5.05517035e+03             inf     0.00000e+00           48.85     0.00000e+00
 120 -5.05512129e+03             inf     0.00000e+00           56.57     0.00000e+00
 125 -5.05508641e+03             inf     0.00000e+00           60.78     0.00000e+00
==============================================================================================
Pass              LB             iUB             iHW       F time       B time    Wall time
Sim1000    -5.05509e+03    -2.17539e+03     7.45308e+02         0.00         0.00        88.60
==============================================================================================
