Hydro_R2_AR1_T12_N5_15_I10000_Time60_DW_DUAL_MC_DS_0.8000_None
Multicut: True
Dynamic Sampling: True
==============================================================================================
Pass              LB             iUB             iHW    Wall time           Other
==============================================================================================
   0 -1.00000858e+08             inf     0.00000e+00            0.01     0.00000e+00
  10 -4.64365638e+03             inf     0.00000e+00            0.75     0.00000e+00
  20 -4.63422489e+03             inf     0.00000e+00            1.98     0.00000e+00
  30 -4.63198571e+03             inf     0.00000e+00            3.37     0.00000e+00
  40 -4.63102003e+03             inf     0.00000e+00            5.32     0.00000e+00
  50 -4.63095074e+03             inf     0.00000e+00            7.46     0.00000e+00
  60 -4.63085302e+03             inf     0.00000e+00            9.85     0.00000e+00
  70 -4.63081908e+03             inf     0.00000e+00           12.59     0.00000e+00
  80 -4.63073865e+03             inf     0.00000e+00           15.52     0.00000e+00
  90 -4.63071333e+03             inf     0.00000e+00           18.89     0.00000e+00
 100 -4.63045829e+03             inf     0.00000e+00           22.65     0.00000e+00
 110 -4.63014796e+03             inf     0.00000e+00           26.79     0.00000e+00
 120 -4.63007405e+03             inf     0.00000e+00           32.87     0.00000e+00
 130 -4.63005693e+03             inf     0.00000e+00           39.01     0.00000e+00
 140 -4.63001554e+03             inf     0.00000e+00           45.26     0.00000e+00
 150 -4.62991166e+03             inf     0.00000e+00           51.72     0.00000e+00
 160 -4.62988793e+03             inf     0.00000e+00           58.66     0.00000e+00
 162 -4.62988416e+03             inf     0.00000e+00           60.10     0.00000e+00
==============================================================================================
Pass              LB             iUB             iHW       F time       B time    Wall time
Sim1000    -4.62988e+03    -2.95372e+03     8.23101e+02         0.00         0.00        81.25
==============================================================================================
