Hydro_R2_AR1_T12_N5_5_I10000_Time10_DW_DUAL_MC_DS_0.1000000_None
Multicut: True
Dynamic Sampling: True
==============================================================================================
Pass              LB             iUB             iHW    Wall time           Other
==============================================================================================
   0 -9.99966359e+07             inf     0.00000e+00            0.01     0.00000e+00
  10  5.40561284e+04             inf     0.00000e+00            0.18     0.00000e+00
  20  5.40562249e+04             inf     0.00000e+00            0.40     0.00000e+00
  30  5.40562390e+04             inf     0.00000e+00            0.66     0.00000e+00
  40  5.40562430e+04             inf     0.00000e+00            1.02     0.00000e+00
  50  5.40562442e+04             inf     0.00000e+00            1.38     0.00000e+00
  60  5.40562444e+04             inf     0.00000e+00            1.81     0.00000e+00
  70  5.40562456e+04             inf     0.00000e+00            2.29     0.00000e+00
  80  5.40562460e+04             inf     0.00000e+00            2.82     0.00000e+00
  90  5.40562462e+04             inf     0.00000e+00            3.38     0.00000e+00
 100  5.40562463e+04             inf     0.00000e+00            3.97     0.00000e+00
 110  5.40562468e+04             inf     0.00000e+00            4.63     0.00000e+00
 120  5.40562469e+04             inf     0.00000e+00            5.38     0.00000e+00
 130  5.40562471e+04             inf     0.00000e+00            6.15     0.00000e+00
 140  5.40562472e+04             inf     0.00000e+00            6.95     0.00000e+00
 150  5.40562472e+04             inf     0.00000e+00            7.83     0.00000e+00
 160  5.40562472e+04             inf     0.00000e+00            8.74     0.00000e+00
 170  5.40562472e+04             inf     0.00000e+00            9.72     0.00000e+00
 173  5.40562472e+04             inf     0.00000e+00           10.03     0.00000e+00
Time profiling
           Pass        # LPs        setup      simplex       output   cut update      cut gen        other        total
        Forward         2088         0.09         0.33         0.05         0.00         0.00         0.33         0.81
       Backward         9515         0.50         1.43         6.44         0.02         0.61         0.22         9.21
==============================================================================================
Pass              LB             iUB             iHW       F time       B time    Wall time
Sim500     5.40562e+04     5.38748e+04     3.49426e+01         0.00         0.00        17.06
==============================================================================================
Mean:   	  53874.79
Median: 	  53885.27
SD:     	    390.67
20-80: 	(  53593.70,   54200.89)
10-90: 	(  53358.39,   54333.99)
05-95: 	(  53203.26,   54472.97)
