Hydro_R2_AR1_T12_N5_15_I10000_Time60_DW_DUAL_MC_DS_0.0050_cvx_hull
Multicut: True
Dynamic Sampling: True
==============================================================================================
Pass              LB             iUB             iHW    Wall time           Other
==============================================================================================
   0 -1.00000858e+08             inf     0.00000e+00            0.02     0.00000e+00
  10 -5.07297193e+03             inf     0.00000e+00            0.76     0.00000e+00
  20 -5.06412204e+03             inf     0.00000e+00            2.50     0.00000e+00
  30 -5.06164560e+03             inf     0.00000e+00            4.88     0.00000e+00
  40 -5.05910544e+03             inf     0.00000e+00            7.39     0.00000e+00
  50 -5.05873355e+03             inf     0.00000e+00            9.93     0.00000e+00
  60 -5.05864158e+03             inf     0.00000e+00           12.87     0.00000e+00
  70 -5.05862325e+03             inf     0.00000e+00           17.54     0.00000e+00
  80 -5.05836282e+03             inf     0.00000e+00           22.33     0.00000e+00
  90 -5.05833670e+03             inf     0.00000e+00           27.01     0.00000e+00
 100 -5.05816530e+03             inf     0.00000e+00           32.09     0.00000e+00
 110 -5.05718662e+03             inf     0.00000e+00           38.57     0.00000e+00
 120 -5.05702729e+03             inf     0.00000e+00           45.27     0.00000e+00
 130 -5.05701543e+03             inf     0.00000e+00           52.11     0.00000e+00
 140 -5.05700090e+03             inf     0.00000e+00           59.06     0.00000e+00
 142 -5.05700015e+03             inf     0.00000e+00           60.53     0.00000e+00
==============================================================================================
Pass              LB             iUB             iHW       F time       B time    Wall time
Sim1000    -5.05700e+03    -2.10823e+00     9.39755e+02         0.00         0.00        80.84
==============================================================================================
