Hydro_R2_AR1_T12_N5_15_I10000_Time60_DW_DUAL_MC_DS_8.0000_cube
Multicut: True
Dynamic Sampling: True
==============================================================================================
Pass              LB             iUB             iHW    Wall time           Other
==============================================================================================
   0 -1.00000858e+08             inf     0.00000e+00            0.01     0.00000e+00
  10 -3.21944836e+03             inf     0.00000e+00            0.63     0.00000e+00
  20 -3.21944836e+03             inf     0.00000e+00            1.63     0.00000e+00
  30 -3.21944836e+03             inf     0.00000e+00            2.91     0.00000e+00
  40 -3.21944836e+03             inf     0.00000e+00            4.58     0.00000e+00
  50 -3.21944836e+03             inf     0.00000e+00            6.48     0.00000e+00
  60 -3.21944836e+03             inf     0.00000e+00            8.79     0.00000e+00
  70 -3.21944836e+03             inf     0.00000e+00           11.26     0.00000e+00
  80 -3.21944836e+03             inf     0.00000e+00           13.94     0.00000e+00
  90 -3.21944836e+03             inf     0.00000e+00           17.05     0.00000e+00
 100 -3.21944836e+03             inf     0.00000e+00           20.41     0.00000e+00
 110 -3.21944836e+03             inf     0.00000e+00           23.93     0.00000e+00
 120 -3.21944836e+03             inf     0.00000e+00           27.74     0.00000e+00
 130 -3.21944836e+03             inf     0.00000e+00           31.91     0.00000e+00
 140 -3.21944836e+03             inf     0.00000e+00           36.36     0.00000e+00
 150 -3.21944836e+03             inf     0.00000e+00           41.19     0.00000e+00
 160 -3.21944836e+03             inf     0.00000e+00           46.29     0.00000e+00
 170 -3.21944836e+03             inf     0.00000e+00           52.23     0.00000e+00
 180 -3.21944836e+03             inf     0.00000e+00           59.01     0.00000e+00
 182 -3.21944836e+03             inf     0.00000e+00           60.40     0.00000e+00
==============================================================================================
Pass              LB             iUB             iHW       F time       B time    Wall time
Sim1000    -3.21945e+03    -7.08410e+02     9.40145e+02         0.00         0.00        77.86
==============================================================================================
