Hydro_R2_AR1_T12_N5_30_I10000_Time100_DW_DUAL_MC_DS_0.8000_cvx_hull2
Multicut: True
Dynamic Sampling: True
==============================================================================================
Pass              LB             iUB             iHW    Wall time           Other
==============================================================================================
   0 -1.00000858e+08             inf     0.00000e+00            0.02     0.00000e+00
  10 -4.63577326e+03             inf     0.00000e+00            1.89     0.00000e+00
  20 -4.62970197e+03             inf     0.00000e+00            5.24     0.00000e+00
  30 -4.62838583e+03             inf     0.00000e+00            9.74     0.00000e+00
  40 -4.62708866e+03             inf     0.00000e+00           15.01     0.00000e+00
  50 -4.62703431e+03             inf     0.00000e+00           21.42     0.00000e+00
  60 -4.62699574e+03             inf     0.00000e+00           29.48     0.00000e+00
  70 -4.62697438e+03             inf     0.00000e+00           40.88     0.00000e+00
  80 -4.62696314e+03             inf     0.00000e+00           54.20     0.00000e+00
  90 -4.62693064e+03             inf     0.00000e+00           66.43     0.00000e+00
 100 -4.62686830e+03             inf     0.00000e+00           80.37     0.00000e+00
 110 -4.62673709e+03             inf     0.00000e+00           96.21     0.00000e+00
 113 -4.62671345e+03             inf     0.00000e+00          101.45     0.00000e+00
==============================================================================================
Pass              LB             iUB             iHW       F time       B time    Wall time
Sim1000    -4.62671e+03    -2.76977e+03     8.26187e+02         0.00         0.00       123.40
==============================================================================================
