Hydro_R10_AR1_T24_N10_10_I10000_Time30_DW_DUAL_MC_ES_8.0000000_None
Multicut: True
Dynamic Sampling: False
==============================================================================================
Pass              LB             iUB             iHW    Wall time           Other
==============================================================================================
   0 -1.00003909e+08             inf     0.00000e+00            0.02     0.00000e+00
  10 -1.11716881e+05             inf     0.00000e+00            1.62     0.00000e+00
  20 -1.11012946e+05             inf     0.00000e+00            3.75     0.00000e+00
  30 -1.10954125e+05             inf     0.00000e+00            6.32     0.00000e+00
  40 -1.10753104e+05             inf     0.00000e+00            9.38     0.00000e+00
  50 -1.10672750e+05             inf     0.00000e+00           12.82     0.00000e+00
  60 -1.10594373e+05             inf     0.00000e+00           16.71     0.00000e+00
  70 -1.10525804e+05             inf     0.00000e+00           21.04     0.00000e+00
  80 -1.10501616e+05             inf     0.00000e+00           25.83     0.00000e+00
  89 -1.10375070e+05             inf     0.00000e+00           30.51     0.00000e+00
Time profiling
           Pass        # LPs        setup      simplex       output   cut update      cut gen        other        total
        Forward         2160         0.35         1.26         0.12         0.01         0.00         0.18         1.91
       Backward        20470         3.49         8.66        13.38         0.05         2.65         0.37        28.60
==============================================================================================
Pass              LB             iUB             iHW       F time       B time    Wall time
Sim100    -1.10375e+05    -1.20823e+05     6.22158e+02         0.00         0.00        35.75
==============================================================================================
Mean:   	-120823.39
Median: 	-121149.80
SD:     	   3110.79
20-80: 	(-123547.60, -118276.39)
10-90: 	(-124466.19, -116508.08)
05-95: 	(-125258.68, -115384.38)
