Hydro_R2_AR1_T12_N5_30_I10000_Time100_DW_DUAL_MC_DS_80.0000_cvx_hull2
Multicut: True
Dynamic Sampling: True
==============================================================================================
Pass              LB             iUB             iHW    Wall time           Other
==============================================================================================
   0 -1.00000858e+08             inf     0.00000e+00            0.01     0.00000e+00
  10 -2.17107489e+03             inf     0.00000e+00            1.85     0.00000e+00
  20 -2.17107489e+03             inf     0.00000e+00            4.87     0.00000e+00
  30 -2.17107489e+03             inf     0.00000e+00            9.18     0.00000e+00
  40 -2.17107489e+03             inf     0.00000e+00           14.56     0.00000e+00
  50 -2.17107489e+03             inf     0.00000e+00           23.10     0.00000e+00
  60 -2.17107489e+03             inf     0.00000e+00           32.80     0.00000e+00
  70 -2.17107489e+03             inf     0.00000e+00           45.52     0.00000e+00
  80 -2.17107489e+03             inf     0.00000e+00           56.68     0.00000e+00
  90 -2.17107489e+03             inf     0.00000e+00           71.79     0.00000e+00
 100 -2.17107489e+03             inf     0.00000e+00           88.17     0.00000e+00
 107 -2.17107489e+03             inf     0.00000e+00          101.66     0.00000e+00
==============================================================================================
Pass              LB             iUB             iHW       F time       B time    Wall time
Sim1000    -2.17107e+03    -1.80531e+03     8.91339e+02         0.00         0.00       121.43
==============================================================================================
