Hydro_R2_AR1_T12_N6_36_I10000_Time100_DW_DUAL_MC_DS_50.0000_cvx_hull
Multicut: True
Dynamic Sampling: True
==============================================================================================
Pass              LB             iUB             iHW    Wall time           Other
==============================================================================================
   0 -1.00000858e+08             inf     0.00000e+00            0.01     0.00000e+00
  10 -3.29336880e+03             inf     0.00000e+00            2.65     0.00000e+00
  20 -3.29336880e+03             inf     0.00000e+00            8.00     0.00000e+00
  30 -3.29336880e+03             inf     0.00000e+00           15.29     0.00000e+00
  40 -3.29336880e+03             inf     0.00000e+00           24.21     0.00000e+00
  50 -3.29336880e+03             inf     0.00000e+00           36.81     0.00000e+00
  60 -3.29336880e+03             inf     0.00000e+00           51.76     0.00000e+00
  70 -3.29336880e+03             inf     0.00000e+00           69.56     0.00000e+00
  80 -3.29336880e+03             inf     0.00000e+00           90.18     0.00000e+00
  84 -3.29336880e+03             inf     0.00000e+00          102.14     0.00000e+00
==============================================================================================
Pass              LB             iUB             iHW       F time       B time    Wall time
Sim1000    -3.29337e+03     3.78342e+02     9.88818e+02         0.00         0.00       124.69
==============================================================================================
