Hydro_R10_AR1_T12_N10_I100ESS_DUAL_MC_DW_20.000000_ES
Multicut: True
Dynamic Sampling: False
==============================================================================================
Pass              LB             iUB             iHW    Wall time           Other
==============================================================================================
   0 -1.00006458e+08             inf     0.00000e+00            0.01     0.00000e+00
  10 -5.42211611e+04             inf     0.00000e+00            0.84     0.00000e+00
  20 -5.30685378e+04             inf     0.00000e+00            1.78     0.00000e+00
  30 -5.30137608e+04             inf     0.00000e+00            2.93     0.00000e+00
  40 -5.25147939e+04             inf     0.00000e+00            4.22     0.00000e+00
  50 -5.23462814e+04             inf     0.00000e+00            5.64     0.00000e+00
  60 -5.22447372e+04             inf     0.00000e+00            7.24     0.00000e+00
  70 -5.22382306e+04             inf     0.00000e+00            9.03     0.00000e+00
  80 -5.22172041e+04             inf     0.00000e+00           10.98     0.00000e+00
  90 -5.22019048e+04             inf     0.00000e+00           13.09     0.00000e+00
 100 -5.21980545e+04             inf     0.00000e+00           15.43     0.00000e+00
==============================================================================================
Pass              LB             iUB             iHW       F time       B time    Wall time
Sim1000    -5.21981e+04    -5.19615e+04     1.67678e+03         0.00         0.00        56.15
==============================================================================================
