Hydro_R2_AR1_T12_N5_15_I10000_Time60_DW_DUAL_MC_DS_0.0004_cvx_hull2
Multicut: True
Dynamic Sampling: True
==============================================================================================
Pass              LB             iUB             iHW    Wall time           Other
==============================================================================================
   0 -1.00000858e+08             inf     0.00000e+00            0.02     0.00000e+00
  10 -5.07227492e+03             inf     0.00000e+00            0.84     0.00000e+00
  20 -5.06120454e+03             inf     0.00000e+00            2.13     0.00000e+00
  30 -5.06008269e+03             inf     0.00000e+00            4.15     0.00000e+00
  40 -5.05648917e+03             inf     0.00000e+00            6.50     0.00000e+00
  50 -5.05558231e+03             inf     0.00000e+00            8.88     0.00000e+00
  60 -5.05523861e+03             inf     0.00000e+00           11.42     0.00000e+00
  70 -5.05465215e+03             inf     0.00000e+00           14.45     0.00000e+00
  80 -5.05448958e+03             inf     0.00000e+00           17.92     0.00000e+00
  90 -5.05440507e+03             inf     0.00000e+00           21.96     0.00000e+00
 100 -5.05433326e+03             inf     0.00000e+00           27.33     0.00000e+00
 110 -5.05402526e+03             inf     0.00000e+00           32.17     0.00000e+00
 120 -5.05398575e+03             inf     0.00000e+00           37.91     0.00000e+00
 130 -5.05391996e+03             inf     0.00000e+00           45.14     0.00000e+00
 140 -5.05391251e+03             inf     0.00000e+00           53.27     0.00000e+00
 150 -5.05387456e+03             inf     0.00000e+00           60.63     0.00000e+00
==============================================================================================
Pass              LB             iUB             iHW       F time       B time    Wall time
Sim1000    -5.05387e+03    -2.79904e+03     7.19113e+02         0.00         0.00        82.26
==============================================================================================
