Hydro_R10_AR1_T12_N10_10_I101000_Time50_DW_DUAL_MC_DS_0.0500_None
Multicut: True
Dynamic Sampling: True
==============================================================================================
Pass              LB             iUB             iHW    Wall time           Other
==============================================================================================
   0 -1.00006458e+08             inf     0.00000e+00            0.03     0.00000e+00
  10 -5.73017194e+04             inf     0.00000e+00            1.03     0.00000e+00
  20 -5.69156593e+04             inf     0.00000e+00            2.42     0.00000e+00
  30 -5.68110008e+04             inf     0.00000e+00            4.11     0.00000e+00
  40 -5.67301839e+04             inf     0.00000e+00            6.04     0.00000e+00
  50 -5.66936436e+04             inf     0.00000e+00            8.21     0.00000e+00
  60 -5.66753242e+04             inf     0.00000e+00           10.76     0.00000e+00
  70 -5.66598810e+04             inf     0.00000e+00           13.53     0.00000e+00
  80 -5.66479369e+04             inf     0.00000e+00           16.69     0.00000e+00
  90 -5.66387275e+04             inf     0.00000e+00           19.98     0.00000e+00
 100 -5.66313508e+04             inf     0.00000e+00           23.85     0.00000e+00
 110 -5.66272060e+04             inf     0.00000e+00           28.12     0.00000e+00
 120 -5.66232709e+04             inf     0.00000e+00           32.82     0.00000e+00
 130 -5.66173494e+04             inf     0.00000e+00           37.88     0.00000e+00
 140 -5.66148741e+04             inf     0.00000e+00           43.47     0.00000e+00
 150 -5.66116657e+04             inf     0.00000e+00           49.38     0.00000e+00
 151 -5.66114528e+04             inf     0.00000e+00           50.01     0.00000e+00
==============================================================================================
Pass              LB             iUB             iHW       F time       B time    Wall time
Sim1000    -5.66115e+04    -5.73459e+04     6.05332e+02         0.00         0.00        85.20
==============================================================================================
