Hydro_R2_AR1_T12_N5_30_I10000_Time100_DW_DUAL_MC_DS_0.5000_None
Multicut: True
Dynamic Sampling: True
==============================================================================================
Pass              LB             iUB             iHW    Wall time           Other
==============================================================================================
   0 -1.00000858e+08             inf     0.00000e+00            0.02     0.00000e+00
  10 -4.79747383e+03             inf     0.00000e+00            2.06     0.00000e+00
  20 -4.79137122e+03             inf     0.00000e+00            5.37     0.00000e+00
  30 -4.78928540e+03             inf     0.00000e+00            9.52     0.00000e+00
  40 -4.78786040e+03             inf     0.00000e+00           15.43     0.00000e+00
  50 -4.78745791e+03             inf     0.00000e+00           22.02     0.00000e+00
  60 -4.78731605e+03             inf     0.00000e+00           29.93     0.00000e+00
  70 -4.78721556e+03             inf     0.00000e+00           38.98     0.00000e+00
  80 -4.78714345e+03             inf     0.00000e+00           49.65     0.00000e+00
  90 -4.78710480e+03             inf     0.00000e+00           64.18     0.00000e+00
 100 -4.78701711e+03             inf     0.00000e+00           81.09     0.00000e+00
 110 -4.78628045e+03             inf     0.00000e+00           97.64     0.00000e+00
 112 -4.78627027e+03             inf     0.00000e+00          101.10     0.00000e+00
==============================================================================================
Pass              LB             iUB             iHW       F time       B time    Wall time
Sim1000    -4.78627e+03    -3.01585e+03     8.23034e+02         0.00         0.00       121.62
==============================================================================================
