Hydro_R2_AR1_T12_N5_15_I10000_Time60_DW_DUAL_MC_DS_0.0007_cvx_hull2
Multicut: True
Dynamic Sampling: True
==============================================================================================
Pass              LB             iUB             iHW    Wall time           Other
==============================================================================================
   0 -1.00000858e+08             inf     0.00000e+00            0.01     0.00000e+00
  10 -5.07204747e+03             inf     0.00000e+00            0.78     0.00000e+00
  20 -5.06100608e+03             inf     0.00000e+00            2.24     0.00000e+00
  30 -5.05990413e+03             inf     0.00000e+00            3.70     0.00000e+00
  40 -5.05631431e+03             inf     0.00000e+00            5.56     0.00000e+00
  50 -5.05538217e+03             inf     0.00000e+00            7.79     0.00000e+00
  60 -5.05504580e+03             inf     0.00000e+00           10.66     0.00000e+00
  70 -5.05447180e+03             inf     0.00000e+00           14.34     0.00000e+00
  80 -5.05430397e+03             inf     0.00000e+00           18.12     0.00000e+00
  90 -5.05422078e+03             inf     0.00000e+00           22.90     0.00000e+00
 100 -5.05415036e+03             inf     0.00000e+00           28.37     0.00000e+00
 110 -5.05384763e+03             inf     0.00000e+00           33.37     0.00000e+00
 120 -5.05380836e+03             inf     0.00000e+00           39.48     0.00000e+00
 130 -5.05374175e+03             inf     0.00000e+00           45.13     0.00000e+00
 140 -5.05373451e+03             inf     0.00000e+00           53.75     0.00000e+00
 149 -5.05369702e+03             inf     0.00000e+00           60.26     0.00000e+00
==============================================================================================
Pass              LB             iUB             iHW       F time       B time    Wall time
Sim1000    -5.05370e+03    -2.85947e+03     7.16486e+02         0.00         0.00        82.98
==============================================================================================
