Hydro_R2_AR1_T12_N5_15_I10000_Time300_DW_DUAL_MC_DS_0.0010_cvx_hull
Multicut: True
Dynamic Sampling: True
==============================================================================================
Pass              LB             iUB             iHW    Wall time           Other
==============================================================================================
   0 -1.00000858e+08             inf     0.00000e+00            0.01     0.00000e+00
  10 -5.07503769e+03             inf     0.00000e+00            0.89     0.00000e+00
  20 -5.06409096e+03             inf     0.00000e+00            2.14     0.00000e+00
  30 -5.06308161e+03             inf     0.00000e+00            3.84     0.00000e+00
  40 -5.06064132e+03             inf     0.00000e+00            5.89     0.00000e+00
  50 -5.06046748e+03             inf     0.00000e+00            8.43     0.00000e+00
  60 -5.06042612e+03             inf     0.00000e+00           11.35     0.00000e+00
  70 -5.06040852e+03             inf     0.00000e+00           14.60     0.00000e+00
  80 -5.06016703e+03             inf     0.00000e+00           19.03     0.00000e+00
  90 -5.06013762e+03             inf     0.00000e+00           24.05     0.00000e+00
 100 -5.05997500e+03             inf     0.00000e+00           28.87     0.00000e+00
 110 -5.05915481e+03             inf     0.00000e+00           34.63     0.00000e+00
 120 -5.05901401e+03             inf     0.00000e+00           42.57     0.00000e+00
 130 -5.05900045e+03             inf     0.00000e+00           54.88     0.00000e+00
 140 -5.05898522e+03             inf     0.00000e+00           65.37     0.00000e+00
 150 -5.05897823e+03             inf     0.00000e+00           73.83     0.00000e+00
 160 -5.05897310e+03             inf     0.00000e+00           84.23     0.00000e+00
 170 -5.05890425e+03             inf     0.00000e+00           95.43     0.00000e+00
 180 -5.05889529e+03             inf     0.00000e+00          106.14     0.00000e+00
 190 -5.05876433e+03             inf     0.00000e+00          116.36     0.00000e+00
 200 -5.05873100e+03             inf     0.00000e+00          128.03     0.00000e+00
 210 -5.05872628e+03             inf     0.00000e+00          139.51     0.00000e+00
 220 -5.05872416e+03             inf     0.00000e+00          153.26     0.00000e+00
 230 -5.05872187e+03             inf     0.00000e+00          167.77     0.00000e+00
 240 -5.05872059e+03             inf     0.00000e+00          182.29     0.00000e+00
 250 -5.05871956e+03             inf     0.00000e+00          197.09     0.00000e+00
 260 -5.05871582e+03             inf     0.00000e+00          213.08     0.00000e+00
 270 -5.05871248e+03             inf     0.00000e+00          230.67     0.00000e+00
 280 -5.05869377e+03             inf     0.00000e+00          256.35     0.00000e+00
 290 -5.05869258e+03             inf     0.00000e+00          277.52     0.00000e+00
 300 -5.05864753e+03             inf     0.00000e+00          300.64     0.00000e+00
==============================================================================================
Pass              LB             iUB             iHW       F time       B time    Wall time
Sim1000    -5.05865e+03     8.31051e+00     9.39779e+02         0.00         0.00       338.65
==============================================================================================
