Hydro_R2_AR1_T12_N5_15_I10000_Time300_DW_DUAL_MC_DS_80.0000_None
Multicut: True
Dynamic Sampling: True
==============================================================================================
Pass              LB             iUB             iHW    Wall time           Other
==============================================================================================
   0 -1.00000858e+08             inf     0.00000e+00            0.01     0.00000e+00
  10 -1.98294035e+03             inf     0.00000e+00            0.85     0.00000e+00
  20 -1.98294035e+03             inf     0.00000e+00            2.09     0.00000e+00
  30 -1.98294035e+03             inf     0.00000e+00            3.61     0.00000e+00
  40 -1.98294035e+03             inf     0.00000e+00            5.52     0.00000e+00
  50 -1.98294035e+03             inf     0.00000e+00            7.61     0.00000e+00
  60 -1.98294035e+03             inf     0.00000e+00            9.96     0.00000e+00
  70 -1.98294035e+03             inf     0.00000e+00           12.45     0.00000e+00
  80 -1.98294035e+03             inf     0.00000e+00           15.20     0.00000e+00
  90 -1.98294035e+03             inf     0.00000e+00           18.38     0.00000e+00
 100 -1.98294035e+03             inf     0.00000e+00           21.99     0.00000e+00
 110 -1.98294035e+03             inf     0.00000e+00           25.88     0.00000e+00
 120 -1.98294035e+03             inf     0.00000e+00           30.82     0.00000e+00
 130 -1.98294035e+03             inf     0.00000e+00           36.62     0.00000e+00
 140 -1.98294035e+03             inf     0.00000e+00           42.93     0.00000e+00
 150 -1.98294035e+03             inf     0.00000e+00           49.18     0.00000e+00
 160 -1.98294035e+03             inf     0.00000e+00           54.99     0.00000e+00
 170 -1.98294035e+03             inf     0.00000e+00           66.95     0.00000e+00
 180 -1.98294035e+03             inf     0.00000e+00           79.12     0.00000e+00
 190 -1.98294035e+03             inf     0.00000e+00           87.81     0.00000e+00
 200 -1.98294035e+03             inf     0.00000e+00           96.34     0.00000e+00
 210 -1.98294035e+03             inf     0.00000e+00          104.92     0.00000e+00
 220 -1.98294035e+03             inf     0.00000e+00          114.45     0.00000e+00
 230 -1.98294035e+03             inf     0.00000e+00          123.75     0.00000e+00
 240 -1.98294035e+03             inf     0.00000e+00          133.66     0.00000e+00
 250 -1.98294035e+03             inf     0.00000e+00          144.88     0.00000e+00
 260 -1.98294035e+03             inf     0.00000e+00          155.17     0.00000e+00
 270 -1.98294035e+03             inf     0.00000e+00          167.23     0.00000e+00
 280 -1.98294035e+03             inf     0.00000e+00          179.32     0.00000e+00
 290 -1.98294035e+03             inf     0.00000e+00          191.82     0.00000e+00
 300 -1.98294035e+03             inf     0.00000e+00          206.21     0.00000e+00
 310 -1.98294035e+03             inf     0.00000e+00          219.05     0.00000e+00
 320 -1.98294035e+03             inf     0.00000e+00          233.22     0.00000e+00
 330 -1.98294035e+03             inf     0.00000e+00          246.60     0.00000e+00
 340 -1.98294035e+03             inf     0.00000e+00          263.00     0.00000e+00
 350 -1.98294035e+03             inf     0.00000e+00          278.70     0.00000e+00
 360 -1.98294035e+03             inf     0.00000e+00          293.79     0.00000e+00
 364 -1.98294035e+03             inf     0.00000e+00          300.01     0.00000e+00
==============================================================================================
Pass              LB             iUB             iHW       F time       B time    Wall time
Sim1000    -1.98294e+03    -4.36457e+03     6.42307e+01         0.00         0.00       335.70
==============================================================================================
