Hydro_R10_AR1_T12_N5_5_I101000_Time20_DW_PRIMAL_SC_DS_0.0000000_None
Multicut: False
Dynamic Sampling: True
==============================================================================================
Pass              LB             iUB             iHW    Wall time           Other
==============================================================================================
   0 -1.00003692e+08             inf     0.00000e+00            0.03     0.00000e+00
  10 -2.67218412e+04             inf     0.00000e+00            0.57     0.00000e+00
  20 -2.65242988e+04             inf     0.00000e+00            1.17     0.00000e+00
  30 -2.64300162e+04             inf     0.00000e+00            1.87     0.00000e+00
  40 -2.64149186e+04             inf     0.00000e+00            2.56     0.00000e+00
  50 -2.64089364e+04             inf     0.00000e+00            3.34     0.00000e+00
  60 -2.64045291e+04             inf     0.00000e+00            4.07     0.00000e+00
  70 -2.64016097e+04             inf     0.00000e+00            4.82     0.00000e+00
  80 -2.63985237e+04             inf     0.00000e+00            5.59     0.00000e+00
  90 -2.63954948e+04             inf     0.00000e+00            6.44     0.00000e+00
 100 -2.63939460e+04             inf     0.00000e+00            7.33     0.00000e+00
 110 -2.63929110e+04             inf     0.00000e+00            8.22     0.00000e+00
 120 -2.63922327e+04             inf     0.00000e+00            9.12     0.00000e+00
 130 -2.63911228e+04             inf     0.00000e+00           10.12     0.00000e+00
 140 -2.63905470e+04             inf     0.00000e+00           11.12     0.00000e+00
 150 -2.63900068e+04             inf     0.00000e+00           12.13     0.00000e+00
 160 -2.63892632e+04             inf     0.00000e+00           13.16     0.00000e+00
 170 -2.63887748e+04             inf     0.00000e+00           14.27     0.00000e+00
 180 -2.63882547e+04             inf     0.00000e+00           15.40     0.00000e+00
 190 -2.63878641e+04             inf     0.00000e+00           16.53     0.00000e+00
 200 -2.63875627e+04             inf     0.00000e+00           17.69     0.00000e+00
 210 -2.63871677e+04             inf     0.00000e+00           18.90     0.00000e+00
 219 -2.63868467e+04             inf     0.00000e+00           20.09     0.00000e+00
Time profiling
           Pass        # LPs        setup      simplex       output   cut update      cut gen        other        total
        Forward         2640         0.41         0.68         0.14         0.01         0.00         8.29         9.53
       Backward        12045         2.14         2.67         3.17         0.03         2.36         0.18        10.56
==============================================================================================
Pass              LB             iUB             iHW       F time       B time    Wall time
Sim500    -2.63868e+04    -2.63677e+04     4.72129e+02         0.00         0.00        29.22
==============================================================================================
