
Gurobi 7.0.2 (mac64, Python) logging started Fri Feb 23 14:45:58 2018

Changed value of parameter Outputflag to 1
   Prev: 0  Min: 0  Max: 1  Default: 1
Optimize a model with 101 rows, 173 columns and 651 nonzeros
Model has 1 quadratic constraint
Coefficient statistics:
  Matrix range     [3e-03, 1e+03]
  QMatrix range    [1e+00, 1e+00]
  Objective range  [3e-02, 1e+03]
  Bounds range     [4e-01, 1e+08]
  RHS range        [1e+00, 2e+04]
Presolve removed 21 rows and 54 columns
Presolve time: 0.00s
Presolved: 80 rows, 119 columns, 388 nonzeros
Presolved model has 1 second-order cone constraint
Ordering time: 0.00s

Barrier statistics:
 Free vars  : 1
 AA' NZ     : 1.074e+03
 Factor NZ  : 2.100e+03
 Factor Ops : 7.840e+04 (less than 1 second per iteration)
 Threads    : 1

                  Objective                Residual
Iter       Primal          Dual         Primal    Dual     Compl     Time
   0   7.87251530e+14 -3.10801243e+06  1.85e+09 4.66e+03  6.00e+12     0s
   1   2.77175413e+14 -8.90805465e+09  5.98e+08 6.00e+02  1.66e+12     0s
   2   7.08674925e+12  4.62131719e+10  1.48e+07 1.66e+02  4.73e+10     0s
   3   3.76816781e+11  1.35540757e+09  7.26e+05 4.58e+00  2.36e+09     0s
   4   1.24332049e+10 -7.85852487e+07  1.79e+04 4.31e-01  7.15e+07     0s
   5   1.31184987e+09 -1.83110856e+07  1.21e+02 6.58e-01  4.89e+06     0s
   6   5.71107064e+08 -1.43889951e+07  1.39e+00 7.17e-01  9.39e+05     0s
   7   4.48066521e+08 -8.26179086e+06  3.39e-01 7.25e-01  2.67e+05     0s
   8   4.39432893e+09 -7.21186411e+06  3.26e-01 6.72e-01  1.94e+06     0s
   9   2.47518985e+09 -9.94431595e+06  3.03e-01 6.06e-01  2.31e+06     0s
  10   1.52688051e+10 -6.28161700e+06  1.52e-01 4.01e-01  3.47e+07     0s
  11   3.20173704e+18 -3.18724703e+06  4.21e+18 4.78e+03  1.32e+21     0s

Barrier performed 11 iterations in 0.00 seconds
Numerical trouble encountered


Gurobi 7.0.2 (mac64, Python) logging started Fri Feb 23 14:46:11 2018

Changed value of parameter Outputflag to 1
   Prev: 0  Min: 0  Max: 1  Default: 1
Optimize a model with 101 rows, 173 columns and 651 nonzeros
Model has 1 quadratic constraint
Coefficient statistics:
  Matrix range     [3e-03, 1e+03]
  QMatrix range    [1e+00, 1e+00]
  Objective range  [3e-02, 1e+03]
  Bounds range     [4e-01, 1e+08]
  RHS range        [1e+00, 2e+04]
Presolve removed 21 rows and 54 columns
Presolve time: 0.00s
Presolved: 80 rows, 119 columns, 388 nonzeros
Presolved model has 1 second-order cone constraint
Ordering time: 0.00s

Barrier statistics:
 Free vars  : 1
 AA' NZ     : 1.074e+03
 Factor NZ  : 2.100e+03
 Factor Ops : 7.840e+04 (less than 1 second per iteration)
 Threads    : 1

                  Objective                Residual
Iter       Primal          Dual         Primal    Dual     Compl     Time
   0   7.87251530e+14 -3.10801243e+06  1.85e+09 4.66e+03  6.00e+12     0s
   1   2.77175413e+14 -8.90805465e+09  5.98e+08 6.00e+02  1.66e+12     0s
   2   7.08674925e+12  4.62131719e+10  1.48e+07 1.66e+02  4.73e+10     0s
   3   3.76816781e+11  1.35540757e+09  7.26e+05 4.58e+00  2.36e+09     0s
   4   1.24332049e+10 -7.85852487e+07  1.79e+04 4.31e-01  7.15e+07     0s
   5   1.31184987e+09 -1.83110856e+07  1.21e+02 6.58e-01  4.89e+06     0s
   6   5.71107064e+08 -1.43889951e+07  1.39e+00 7.17e-01  9.39e+05     0s
   7   4.48066521e+08 -8.26179086e+06  3.39e-01 7.25e-01  2.67e+05     0s
   8   4.39432893e+09 -7.21186411e+06  3.26e-01 6.72e-01  1.94e+06     0s
   9   2.47518985e+09 -9.94431595e+06  3.03e-01 6.06e-01  2.31e+06     0s
  10   1.52688051e+10 -6.28161700e+06  1.52e-01 4.01e-01  3.47e+07     0s
  11   3.20173704e+18 -3.18724703e+06  4.21e+18 4.78e+03  1.32e+21     0s

Barrier performed 11 iterations in 0.00 seconds
Numerical trouble encountered


Gurobi 7.0.2 (mac64) logging started Fri Feb 23 14:49:20 2018


Gurobi Optimizer version 7.0.2 build v7.0.2rc1 (mac64)
Copyright (c) 2017, Gurobi Optimization, Inc.

Read MPS format model from file subprob0.mps
Reading time = 0.00 seconds
Hydrovalley: 101 rows, 173 columns, 651 nonzeros
Optimize a model with 101 rows, 173 columns and 651 nonzeros
Model has 1 quadratic constraint
Coefficient statistics:
  Matrix range     [3e-03, 1e+03]
  QMatrix range    [1e+00, 1e+00]
  Objective range  [3e-02, 1e+03]
  Bounds range     [4e-01, 1e+08]
  RHS range        [1e+00, 2e+04]
Presolve removed 21 rows and 54 columns
Presolve time: 0.00s
Presolved: 80 rows, 119 columns, 388 nonzeros
Presolved model has 1 second-order cone constraint
Ordering time: 0.00s

Barrier statistics:
 Free vars  : 1
 AA' NZ     : 1.074e+03
 Factor NZ  : 2.100e+03
 Factor Ops : 7.840e+04 (less than 1 second per iteration)
 Threads    : 1

                  Objective                Residual
Iter       Primal          Dual         Primal    Dual     Compl     Time
   0   7.87251530e+14 -3.10801243e+06  1.85e+09 4.66e+03  6.00e+12     0s
   1   2.77175413e+14 -8.90805465e+09  5.98e+08 6.00e+02  1.66e+12     0s
   2   7.08674925e+12  4.62131719e+10  1.48e+07 1.66e+02  4.73e+10     0s
   3   3.76816781e+11  1.35540757e+09  7.26e+05 4.58e+00  2.36e+09     0s
   4   1.24332049e+10 -7.85852487e+07  1.79e+04 4.31e-01  7.15e+07     0s
   5   1.31184987e+09 -1.83110856e+07  1.21e+02 6.58e-01  4.89e+06     0s
   6   5.71107064e+08 -1.43889951e+07  1.39e+00 7.17e-01  9.39e+05     0s
   7   4.48066521e+08 -8.26179086e+06  3.39e-01 7.25e-01  2.67e+05     0s
   8   4.39432893e+09 -7.21186411e+06  3.26e-01 6.72e-01  1.94e+06     0s
   9   2.47518985e+09 -9.94431595e+06  3.03e-01 6.06e-01  2.31e+06     0s
  10   1.52688051e+10 -6.28161700e+06  1.52e-01 4.01e-01  3.47e+07     0s
  11   3.20173705e+18 -3.18724703e+06  4.21e+18 4.78e+03  1.32e+21     0s

Barrier performed 11 iterations in 0.00 seconds
Numerical trouble encountered


Gurobi 7.0.2 (mac64) logging started Fri Feb 23 14:51:15 2018


Gurobi Optimizer version 7.0.2 build v7.0.2rc1 (mac64)
Copyright (c) 2017, Gurobi Optimization, Inc.

Read MPS format model from file subprob0.mps
Reading time = 0.00 seconds
Hydrovalley: 101 rows, 173 columns, 651 nonzeros
Optimize a model with 101 rows, 173 columns and 651 nonzeros
Model has 1 quadratic constraint
Coefficient statistics:
  Matrix range     [3e-03, 1e+03]
  QMatrix range    [1e+00, 1e+00]
  Objective range  [3e-02, 1e+03]
  Bounds range     [4e-01, 1e+08]
  RHS range        [1e+00, 2e+04]
Presolve removed 21 rows and 54 columns
Presolve time: 0.00s
Presolved: 80 rows, 119 columns, 388 nonzeros
Presolved model has 1 second-order cone constraint
Ordering time: 0.00s

Barrier statistics:
 Free vars  : 1
 AA' NZ     : 1.074e+03
 Factor NZ  : 2.100e+03
 Factor Ops : 7.840e+04 (less than 1 second per iteration)
 Threads    : 1

                  Objective                Residual
Iter       Primal          Dual         Primal    Dual     Compl     Time
   0   7.87251530e+14 -3.10801243e+06  1.85e+09 4.66e+03  6.00e+12     0s
   1   2.77175413e+14 -8.90805465e+09  5.98e+08 6.00e+02  1.66e+12     0s
   2   7.08674925e+12  4.62131719e+10  1.48e+07 1.66e+02  4.73e+10     0s
   3   3.76816781e+11  1.35540757e+09  7.26e+05 4.58e+00  2.36e+09     0s
   4   1.24332049e+10 -7.85852487e+07  1.79e+04 4.31e-01  7.15e+07     0s
   5   1.31184987e+09 -1.83110856e+07  1.21e+02 6.58e-01  4.89e+06     0s
   6   5.71107064e+08 -1.43889951e+07  1.39e+00 7.17e-01  9.39e+05     0s
   7   4.48066521e+08 -8.26179086e+06  3.39e-01 7.25e-01  2.67e+05     0s
   8   4.39432893e+09 -7.21186411e+06  3.26e-01 6.72e-01  1.94e+06     0s
   9   2.47518985e+09 -9.94431595e+06  3.03e-01 6.06e-01  2.31e+06     0s
  10   1.52688051e+10 -6.28161700e+06  1.52e-01 4.01e-01  3.47e+07     0s
  11   3.20173705e+18 -3.18724703e+06  4.21e+18 4.78e+03  1.32e+21     0s

Barrier performed 11 iterations in 0.01 seconds
Numerical trouble encountered


Gurobi 7.0.2 (mac64) logging started Fri Feb 23 14:54:13 2018


Gurobi 7.0.2 (mac64, Python) logging started Fri Feb 23 14:54:56 2018

Changed value of parameter Outputflag to 1
   Prev: 0  Min: 0  Max: 1  Default: 1
Optimize a model with 101 rows, 173 columns and 651 nonzeros
Model has 1 quadratic constraint
Coefficient statistics:
  Matrix range     [3e-03, 1e+03]
  QMatrix range    [1e+00, 1e+00]
  Objective range  [3e-02, 1e+03]
  Bounds range     [4e-01, 1e+08]
  RHS range        [1e+00, 2e+04]
Presolve removed 21 rows and 54 columns
Presolve time: 0.00s
Presolved: 80 rows, 119 columns, 388 nonzeros
Presolved model has 1 second-order cone constraint
Ordering time: 0.00s

Barrier statistics:
 Free vars  : 1
 AA' NZ     : 1.074e+03
 Factor NZ  : 2.100e+03
 Factor Ops : 7.840e+04 (less than 1 second per iteration)
 Threads    : 1

                  Objective                Residual
Iter       Primal          Dual         Primal    Dual     Compl     Time
   0   7.87251530e+14 -3.10801243e+06  1.85e+09 4.66e+03  6.00e+12     0s
   1   2.77175413e+14 -8.90805465e+09  5.98e+08 6.00e+02  1.66e+12     0s
   2   7.08674925e+12  4.62131719e+10  1.48e+07 1.66e+02  4.73e+10     0s
   3   3.76816781e+11  1.35540757e+09  7.26e+05 4.58e+00  2.36e+09     0s
   4   1.24332049e+10 -7.85852487e+07  1.79e+04 4.31e-01  7.15e+07     0s
   5   1.31184987e+09 -1.83110856e+07  1.21e+02 6.58e-01  4.89e+06     0s
   6   5.71107064e+08 -1.43889951e+07  1.39e+00 7.17e-01  9.39e+05     0s
   7   4.48066521e+08 -8.26179086e+06  3.39e-01 7.25e-01  2.67e+05     0s
   8   4.39432893e+09 -7.21186411e+06  3.26e-01 6.72e-01  1.94e+06     0s
   9   2.47518985e+09 -9.94431595e+06  3.03e-01 6.06e-01  2.31e+06     0s
  10   1.52688051e+10 -6.28161700e+06  1.52e-01 4.01e-01  3.47e+07     0s
  11   3.20173704e+18 -3.18724703e+06  4.21e+18 4.78e+03  1.32e+21     0s

Barrier performed 11 iterations in 0.00 seconds
Numerical trouble encountered


Gurobi 7.5.2 (mac64) logging started Fri Feb 23 14:58:45 2018

Academic license - for non-commercial use only

Gurobi Optimizer version 7.5.2 build v7.5.2rc1 (mac64)
Copyright (c) 2017, Gurobi Optimization, Inc.

Read MPS format model from file subprob0.mps
Reading time = 0.00 seconds
Hydrovalley: 101 rows, 173 columns, 651 nonzeros
Optimize a model with 101 rows, 173 columns and 651 nonzeros
Model has 1 quadratic constraint
Coefficient statistics:
  Matrix range     [3e-03, 1e+03]
  QMatrix range    [1e+00, 1e+00]
  Objective range  [3e-02, 1e+03]
  Bounds range     [4e-01, 1e+08]
  RHS range        [1e+00, 2e+04]
Presolve removed 21 rows and 54 columns
Presolve time: 0.00s
Presolved: 80 rows, 119 columns, 388 nonzeros
Presolved model has 1 second-order cone constraint
Ordering time: 0.00s

Barrier statistics:
 Free vars  : 1
 AA' NZ     : 1.074e+03
 Factor NZ  : 2.100e+03
 Factor Ops : 7.840e+04 (less than 1 second per iteration)
 Threads    : 1

                  Objective                Residual
Iter       Primal          Dual         Primal    Dual     Compl     Time
   0   1.51391786e+12 -1.73124973e+06  4.74e+07 2.56e+02  1.15e+10     0s
   1   3.86973944e+11  1.87063206e+09  1.10e+07 2.25e+01  2.41e+09     0s
   2   4.91548392e+10  2.77178134e+08  1.37e+06 1.35e+01  2.99e+08     0s
   3   3.85714187e+09 -3.10010084e+07  1.01e+05 1.15e+00  2.19e+07     0s
   4   1.85432697e+08 -1.00754319e+07  5.28e+02 5.76e+00  4.25e+05     0s
   5   9.23407166e+07 -1.13353855e+07  5.50e+01 3.52e+00  2.70e+05     0s
   6   5.19505919e+07 -7.55926946e+05  8.60e-02 5.57e+00  2.34e+04     0s
   7   2.95960191e+08 -6.17462183e+05  7.58e-02 4.27e+00  4.09e+05     0s
   8   5.38475445e+08 -4.63993105e+05  4.39e-02 3.23e+00  1.22e+06     0s
   9   4.25652157e+08 -2.74490913e+05  3.02e-02 1.81e+00  1.48e+06     0s
  10   3.22296619e+08 -1.56796019e+05  1.79e-02 9.97e-01  1.34e+06     0s
  11   2.00869165e+08 -9.12330429e+04  1.03e-02 5.61e-01  9.13e+05     0s
  12   2.20251534e+06 -2.19597819e+04  1.59e-05 8.53e-03  1.12e+04     0s
  13   1.06379741e+05 -9.63722524e+03  6.18e-06 4.59e-04  5.83e+02     0s
  14   5.17059657e+03 -3.86137012e+03  1.86e-09 2.16e-04  4.54e+01     0s
  15   7.38815052e+02 -2.84544508e+03  1.86e-09 1.49e-04  1.80e+01     0s
  16  -1.67804430e+03 -2.21826418e+03  1.86e-09 3.40e-05  2.71e+00     0s
  17  -1.79908121e+03 -1.90134961e+03  1.86e-09 7.44e-06  5.14e-01     0s
  18  -1.80988899e+03 -1.83562040e+03  1.86e-09 1.96e-06  1.29e-01     0s
  19  -1.81675750e+03 -1.81780449e+03  1.86e-09 9.43e-08  5.26e-03     0s
  20  -1.81707767e+03 -1.81716001e+03  1.86e-09 7.53e-09  4.14e-04     0s
  21  -1.81708805e+03 -1.81709606e+03  1.86e-09 7.89e-10  4.02e-05     0s
  22  -1.81708970e+03 -1.81709025e+03  1.86e-09 3.01e-11  2.74e-06     0s
  23  -1.81708983e+03 -1.81708997e+03  1.86e-09 2.60e-12  7.38e-07     0s

Barrier solved model in 23 iterations and 0.01 seconds
Optimal objective -1.81708983e+03


Gurobi 7.5.2 (mac64) logging started Fri Feb 23 14:59:03 2018

Academic license - for non-commercial use only

Gurobi Optimizer version 7.5.2 build v7.5.2rc1 (mac64)
Copyright (c) 2017, Gurobi Optimization, Inc.

Read MPS format model from file subprob0.mps
Reading time = 0.00 seconds
Hydrovalley: 101 rows, 173 columns, 651 nonzeros
Optimize a model with 101 rows, 173 columns and 651 nonzeros
Model has 1 quadratic constraint
Coefficient statistics:
  Matrix range     [3e-03, 1e+03]
  QMatrix range    [1e+00, 1e+00]
  Objective range  [3e-02, 1e+03]
  Bounds range     [4e-01, 1e+08]
  RHS range        [1e+00, 2e+04]
Presolve removed 21 rows and 54 columns
Presolve time: 0.00s
Presolved: 80 rows, 119 columns, 388 nonzeros
Presolved model has 1 second-order cone constraint
Ordering time: 0.00s

Barrier statistics:
 Free vars  : 1
 AA' NZ     : 1.074e+03
 Factor NZ  : 2.100e+03
 Factor Ops : 7.840e+04 (less than 1 second per iteration)
 Threads    : 1

                  Objective                Residual
Iter       Primal          Dual         Primal    Dual     Compl     Time
   0   1.51391786e+12 -1.73124973e+06  4.74e+07 2.56e+02  1.15e+10     0s
   1   3.86973944e+11  1.87063206e+09  1.10e+07 2.25e+01  2.41e+09     0s
   2   4.91548392e+10  2.77178134e+08  1.37e+06 1.35e+01  2.99e+08     0s
   3   3.85714187e+09 -3.10010084e+07  1.01e+05 1.15e+00  2.19e+07     0s
   4   1.85432697e+08 -1.00754319e+07  5.28e+02 5.76e+00  4.25e+05     0s
   5   9.23407166e+07 -1.13353855e+07  5.50e+01 3.52e+00  2.70e+05     0s
   6   5.19505919e+07 -7.55926946e+05  8.60e-02 5.57e+00  2.34e+04     0s
   7   2.95960191e+08 -6.17462183e+05  7.58e-02 4.27e+00  4.09e+05     0s
   8   5.38475445e+08 -4.63993105e+05  4.39e-02 3.23e+00  1.22e+06     0s
   9   4.25652157e+08 -2.74490913e+05  3.02e-02 1.81e+00  1.48e+06     0s
  10   3.22296619e+08 -1.56796019e+05  1.79e-02 9.97e-01  1.34e+06     0s
  11   2.00869165e+08 -9.12330429e+04  1.03e-02 5.61e-01  9.13e+05     0s
  12   2.20251534e+06 -2.19597819e+04  1.59e-05 8.53e-03  1.12e+04     0s
  13   1.06379741e+05 -9.63722524e+03  6.18e-06 4.59e-04  5.83e+02     0s
  14   5.17059657e+03 -3.86137012e+03  1.86e-09 2.16e-04  4.54e+01     0s
  15   7.38815052e+02 -2.84544508e+03  1.86e-09 1.49e-04  1.80e+01     0s
  16  -1.67804430e+03 -2.21826418e+03  1.86e-09 3.40e-05  2.71e+00     0s
  17  -1.79908121e+03 -1.90134961e+03  1.86e-09 7.44e-06  5.14e-01     0s
  18  -1.80988899e+03 -1.83562040e+03  1.86e-09 1.96e-06  1.29e-01     0s
  19  -1.81675750e+03 -1.81780449e+03  1.86e-09 9.43e-08  5.26e-03     0s
  20  -1.81707767e+03 -1.81716001e+03  1.86e-09 7.53e-09  4.14e-04     0s
  21  -1.81708805e+03 -1.81709606e+03  1.86e-09 7.89e-10  4.02e-05     0s
  22  -1.81708970e+03 -1.81709025e+03  1.86e-09 3.01e-11  2.74e-06     0s
  23  -1.81708983e+03 -1.81708997e+03  1.86e-09 2.60e-12  7.38e-07     0s

Barrier solved model in 23 iterations and 0.01 seconds
Optimal objective -1.81708983e+03


Gurobi 7.5.2 (mac64, Python) logging started Fri Feb 23 18:12:21 2018

Academic license - for non-commercial use only
Changed value of parameter Outputflag to 1
   Prev: 0  Min: 0  Max: 1  Default: 1
Optimize a model with 251 rows, 173 columns and 1641 nonzeros
Model has 1 quadratic constraint
Coefficient statistics:
  Matrix range     [3e-03, 1e+03]
  QMatrix range    [1e+00, 1e+00]
  Objective range  [3e-02, 1e+03]
  Bounds range     [4e-01, 1e+08]
  RHS range        [1e+00, 2e+04]
Presolve removed 60 rows and 54 columns
Presolve time: 0.00s
Presolved: 191 rows, 119 columns, 850 nonzeros
Presolved model has 1 second-order cone constraint
Ordering time: 0.00s

Barrier statistics:
 Dense cols : 4
 Free vars  : 1
 AA' NZ     : 1.864e+03
 Factor NZ  : 3.113e+03
 Factor Ops : 8.283e+04 (less than 1 second per iteration)
 Threads    : 1

                  Objective                Residual
Iter       Primal          Dual         Primal    Dual     Compl     Time
   0   1.47122954e+12 -1.09007004e+06  4.61e+07 1.61e+02  7.34e+09     0s
   1   3.48836669e+11 -3.99322468e+08  9.62e+06 1.61e+01  1.38e+09     0s
   2   5.76609460e+10  2.73983685e+07  1.65e+06 1.06e+01  2.22e+08     0s
   3   3.22612534e+09 -1.27473156e+07  8.37e+04 8.17e-01  1.15e+07     0s
   4   1.76225217e+08 -4.14139055e+06  5.99e+02 5.63e+00  2.67e+05     0s
   5   7.05266597e+07 -1.89915159e+06  8.41e+00 5.26e+00  3.93e+04     0s
   6   3.28373130e+07 -5.02346674e+04  2.85e-04 5.81e+00  2.28e+03     0s
   7   1.92627628e+08 -4.85791134e+04  2.76e-04 5.57e+00  3.02e+04     0s
   8   3.81129808e+09 -4.71679029e+04  2.49e-04 5.43e+00  8.71e+05     0s
   9   8.45157822e+10 -3.07984573e+04  5.05e-04 3.97e+00  8.76e+07     0s
  10   2.06592773e+11 -1.32714269e+04  1.18e-02 3.10e+00  3.13e+08     0s
  11   3.45870359e+18 -6.75000000e+06  5.63e+17 1.00e+03  1.90e+20     0s

Barrier performed 11 iterations in 0.00 seconds
Numerical trouble encountered


Gurobi 7.5.2 (mac64, Python) logging started Fri Feb 23 18:13:50 2018

Academic license - for non-commercial use only
Changed value of parameter Outputflag to 1
   Prev: 0  Min: 0  Max: 1  Default: 1
Optimize a model with 251 rows, 173 columns and 1641 nonzeros
Model has 1 quadratic constraint
Coefficient statistics:
  Matrix range     [3e-03, 1e+03]
  QMatrix range    [1e+00, 1e+00]
  Objective range  [3e-02, 1e+03]
  Bounds range     [4e-01, 1e+08]
  RHS range        [1e+00, 2e+04]
Presolve removed 60 rows and 54 columns
Presolve time: 0.00s
Presolved: 191 rows, 119 columns, 850 nonzeros
Presolved model has 1 second-order cone constraint
Ordering time: 0.00s

Barrier statistics:
 Dense cols : 4
 Free vars  : 1
 AA' NZ     : 1.864e+03
 Factor NZ  : 3.113e+03
 Factor Ops : 8.283e+04 (less than 1 second per iteration)
 Threads    : 1

                  Objective                Residual
Iter       Primal          Dual         Primal    Dual     Compl     Time
   0   1.47122954e+12 -1.09007004e+06  4.61e+07 1.61e+02  7.34e+09     0s
   1   3.48836669e+11 -3.99322468e+08  9.62e+06 1.61e+01  1.38e+09     0s
   2   5.76609460e+10  2.73983685e+07  1.65e+06 1.06e+01  2.22e+08     0s
   3   3.22612534e+09 -1.27473156e+07  8.37e+04 8.17e-01  1.15e+07     0s
   4   1.76225217e+08 -4.14139055e+06  5.99e+02 5.63e+00  2.67e+05     0s
   5   7.05266597e+07 -1.89915159e+06  8.41e+00 5.26e+00  3.93e+04     0s
   6   3.28373130e+07 -5.02346674e+04  2.85e-04 5.81e+00  2.28e+03     0s
   7   1.92627628e+08 -4.85791134e+04  2.76e-04 5.57e+00  3.02e+04     0s
   8   3.81129808e+09 -4.71679029e+04  2.49e-04 5.43e+00  8.71e+05     0s
   9   8.45157822e+10 -3.07984573e+04  5.05e-04 3.97e+00  8.76e+07     0s
  10   2.06592773e+11 -1.32714269e+04  1.18e-02 3.10e+00  3.13e+08     0s
  11   3.45870359e+18 -6.75000000e+06  5.63e+17 1.00e+03  1.90e+20     0s

Barrier performed 11 iterations in 0.00 seconds
Numerical trouble encountered


Gurobi 7.5.2 (mac64, Python) logging started Fri Feb 23 18:14:14 2018

Academic license - for non-commercial use only
Changed value of parameter Outputflag to 1
   Prev: 0  Min: 0  Max: 1  Default: 1
Optimize a model with 251 rows, 173 columns and 1641 nonzeros
Model has 1 quadratic constraint
Coefficient statistics:
  Matrix range     [3e-03, 1e+03]
  QMatrix range    [1e+00, 1e+00]
  Objective range  [3e-02, 1e+03]
  Bounds range     [4e-01, 1e+08]
  RHS range        [1e+00, 2e+04]
Presolve removed 60 rows and 54 columns
Presolve time: 0.00s
Presolved: 191 rows, 119 columns, 850 nonzeros
Presolved model has 1 second-order cone constraint
Ordering time: 0.00s

Barrier statistics:
 Dense cols : 4
 Free vars  : 1
 AA' NZ     : 1.864e+03
 Factor NZ  : 3.113e+03
 Factor Ops : 8.283e+04 (less than 1 second per iteration)
 Threads    : 1

                  Objective                Residual
Iter       Primal          Dual         Primal    Dual     Compl     Time
   0   1.47122954e+12 -1.09007004e+06  4.61e+07 1.61e+02  7.34e+09     0s
   1   3.48836669e+11 -3.99322468e+08  9.62e+06 1.61e+01  1.38e+09     0s
   2   5.76609460e+10  2.73983685e+07  1.65e+06 1.06e+01  2.22e+08     0s
   3   3.22612534e+09 -1.27473156e+07  8.37e+04 8.17e-01  1.15e+07     0s
   4   1.76225217e+08 -4.14139055e+06  5.99e+02 5.63e+00  2.67e+05     0s
   5   7.05266597e+07 -1.89915159e+06  8.41e+00 5.26e+00  3.93e+04     0s
   6   3.28373130e+07 -5.02346674e+04  2.85e-04 5.81e+00  2.28e+03     0s
   7   1.92627628e+08 -4.85791134e+04  2.76e-04 5.57e+00  3.02e+04     0s
   8   3.81129808e+09 -4.71679029e+04  2.49e-04 5.43e+00  8.71e+05     0s
   9   8.45157822e+10 -3.07984573e+04  5.05e-04 3.97e+00  8.76e+07     0s
  10   2.06592773e+11 -1.32714269e+04  1.18e-02 3.10e+00  3.13e+08     0s
  11   3.45870359e+18 -6.75000000e+06  5.63e+17 1.00e+03  1.90e+20     0s

Barrier performed 11 iterations in 0.00 seconds
Numerical trouble encountered


Gurobi 7.5.2 (mac64, Python) logging started Fri Feb 23 18:14:25 2018

Academic license - for non-commercial use only
Changed value of parameter Outputflag to 1
   Prev: 0  Min: 0  Max: 1  Default: 1
Optimize a model with 251 rows, 173 columns and 1641 nonzeros
Model has 1 quadratic constraint
Coefficient statistics:
  Matrix range     [3e-03, 1e+03]
  QMatrix range    [1e+00, 1e+00]
  Objective range  [3e-02, 1e+03]
  Bounds range     [4e-01, 1e+08]
  RHS range        [1e+00, 2e+04]
Presolve removed 60 rows and 54 columns
Presolve time: 0.00s
Presolved: 191 rows, 119 columns, 850 nonzeros
Presolved model has 1 second-order cone constraint
Ordering time: 0.00s

Barrier statistics:
 Dense cols : 4
 Free vars  : 1
 AA' NZ     : 1.864e+03
 Factor NZ  : 3.113e+03
 Factor Ops : 8.283e+04 (less than 1 second per iteration)
 Threads    : 1

                  Objective                Residual
Iter       Primal          Dual         Primal    Dual     Compl     Time
   0   1.47122954e+12 -1.09007004e+06  4.61e+07 1.61e+02  7.34e+09     0s
   1   3.48836669e+11 -3.99322468e+08  9.62e+06 1.61e+01  1.38e+09     0s
   2   5.76609460e+10  2.73983685e+07  1.65e+06 1.06e+01  2.22e+08     0s
   3   3.22612534e+09 -1.27473156e+07  8.37e+04 8.17e-01  1.15e+07     0s
   4   1.76225217e+08 -4.14139055e+06  5.99e+02 5.63e+00  2.67e+05     0s
   5   7.05266597e+07 -1.89915159e+06  8.41e+00 5.26e+00  3.93e+04     0s
   6   3.28373130e+07 -5.02346674e+04  2.85e-04 5.81e+00  2.28e+03     0s
   7   1.92627628e+08 -4.85791134e+04  2.76e-04 5.57e+00  3.02e+04     0s
   8   3.81129808e+09 -4.71679029e+04  2.49e-04 5.43e+00  8.71e+05     0s
   9   8.45157822e+10 -3.07984573e+04  5.05e-04 3.97e+00  8.76e+07     0s
  10   2.06592773e+11 -1.32714269e+04  1.18e-02 3.10e+00  3.13e+08     0s
  11   3.45870359e+18 -6.75000000e+06  5.63e+17 1.00e+03  1.90e+20     0s

Barrier performed 11 iterations in 0.01 seconds
Numerical trouble encountered


Gurobi 7.5.2 (mac64, Python) logging started Fri Feb 23 18:14:32 2018

Academic license - for non-commercial use only
Changed value of parameter Outputflag to 1
   Prev: 0  Min: 0  Max: 1  Default: 1
Optimize a model with 251 rows, 173 columns and 1641 nonzeros
Model has 1 quadratic constraint
Coefficient statistics:
  Matrix range     [3e-03, 1e+03]
  QMatrix range    [1e+00, 1e+00]
  Objective range  [3e-02, 1e+03]
  Bounds range     [4e-01, 1e+08]
  RHS range        [1e+00, 2e+04]
Presolve removed 60 rows and 54 columns
Presolve time: 0.00s
Presolved: 191 rows, 119 columns, 850 nonzeros
Presolved model has 1 second-order cone constraint
Ordering time: 0.00s

Barrier statistics:
 Dense cols : 4
 Free vars  : 1
 AA' NZ     : 1.864e+03
 Factor NZ  : 3.113e+03
 Factor Ops : 8.283e+04 (less than 1 second per iteration)
 Threads    : 1

                  Objective                Residual
Iter       Primal          Dual         Primal    Dual     Compl     Time
   0   1.47122954e+12 -1.09007004e+06  4.61e+07 1.61e+02  7.34e+09     0s
   1   3.48836669e+11 -3.99322468e+08  9.62e+06 1.61e+01  1.38e+09     0s
   2   5.76609460e+10  2.73983685e+07  1.65e+06 1.06e+01  2.22e+08     0s
   3   3.22612534e+09 -1.27473156e+07  8.37e+04 8.17e-01  1.15e+07     0s
   4   1.76225217e+08 -4.14139055e+06  5.99e+02 5.63e+00  2.67e+05     0s
   5   7.05266597e+07 -1.89915159e+06  8.41e+00 5.26e+00  3.93e+04     0s
   6   3.28373130e+07 -5.02346674e+04  2.85e-04 5.81e+00  2.28e+03     0s
   7   1.92627628e+08 -4.85791134e+04  2.76e-04 5.57e+00  3.02e+04     0s
   8   3.81129808e+09 -4.71679029e+04  2.49e-04 5.43e+00  8.71e+05     0s
   9   8.45157822e+10 -3.07984573e+04  5.05e-04 3.97e+00  8.76e+07     0s
  10   2.06592773e+11 -1.32714269e+04  1.18e-02 3.10e+00  3.13e+08     0s
  11   3.45870359e+18 -6.75000000e+06  5.63e+17 1.00e+03  1.90e+20     0s

Barrier performed 11 iterations in 0.00 seconds
Numerical trouble encountered


Gurobi 7.5.2 (mac64, Python) logging started Fri Feb 23 18:16:42 2018

Academic license - for non-commercial use only

Gurobi 7.5.2 (mac64, Python) logging started Fri Feb 23 18:17:12 2018

Academic license - for non-commercial use only

Gurobi 7.5.2 (mac64, Python) logging started Fri Feb 23 18:20:39 2018

Academic license - for non-commercial use only

Gurobi 7.5.2 (mac64, Python) logging started Fri Feb 23 18:21:01 2018

Academic license - for non-commercial use only

Gurobi 7.5.2 (mac64, Python) logging started Fri Feb 23 18:25:12 2018

Academic license - for non-commercial use only

Gurobi 7.5.2 (mac64, Python) logging started Fri Feb 23 18:27:05 2018

Academic license - for non-commercial use only

Gurobi 7.5.2 (mac64, Python) logging started Fri Feb 23 18:27:36 2018

Academic license - for non-commercial use only

Gurobi 7.5.2 (mac64, Python) logging started Fri Feb 23 18:28:21 2018

Academic license - for non-commercial use only

Gurobi 7.5.2 (mac64, Python) logging started Fri Feb 23 18:31:38 2018

Academic license - for non-commercial use only

Gurobi 7.5.2 (mac64, Python) logging started Fri Feb 23 18:31:58 2018

Academic license - for non-commercial use only

Gurobi 7.5.2 (mac64, Python) logging started Sat Feb 24 10:18:22 2018

Academic license - for non-commercial use only

Gurobi 7.5.2 (mac64, Python) logging started Sat Feb 24 10:18:40 2018

Academic license - for non-commercial use only

Gurobi 7.5.2 (mac64, Python) logging started Sat Feb 24 10:19:50 2018

Academic license - for non-commercial use only

Gurobi 7.5.2 (mac64, Python) logging started Sat Feb 24 10:20:20 2018

Academic license - for non-commercial use only

Gurobi 7.5.2 (mac64, Python) logging started Sat Feb 24 10:20:32 2018

Academic license - for non-commercial use only

Gurobi 7.5.2 (mac64, Python) logging started Sat Feb 24 10:21:17 2018

Academic license - for non-commercial use only

Gurobi 7.5.2 (mac64, Python) logging started Sat Feb 24 10:22:00 2018

Academic license - for non-commercial use only

Gurobi 7.5.2 (mac64, Python) logging started Sat Feb 24 10:22:54 2018

Academic license - for non-commercial use only

Gurobi 7.5.2 (mac64, Python) logging started Sat Feb 24 10:26:21 2018

Academic license - for non-commercial use only

Gurobi 7.5.2 (mac64, Python) logging started Sat Feb 24 10:27:09 2018

Academic license - for non-commercial use only

Gurobi 7.5.2 (mac64, Python) logging started Sat Feb 24 10:27:36 2018

Academic license - for non-commercial use only

Gurobi 7.5.2 (mac64, Python) logging started Sat Feb 24 10:28:31 2018

Academic license - for non-commercial use only

Gurobi 7.5.2 (mac64, Python) logging started Sat Feb 24 10:29:06 2018

Academic license - for non-commercial use only

Gurobi 7.5.2 (mac64, Python) logging started Sat Feb 24 10:30:31 2018

Academic license - for non-commercial use only

Gurobi 7.5.2 (mac64, Python) logging started Sat Feb 24 10:39:20 2018

Academic license - for non-commercial use only

Gurobi 7.5.2 (mac64, Python) logging started Sat Feb 24 10:41:03 2018

Academic license - for non-commercial use only

Gurobi 7.5.2 (mac64, Python) logging started Sat Feb 24 10:43:35 2018

Academic license - for non-commercial use only

Gurobi 7.5.2 (mac64, Python) logging started Sat Feb 24 10:43:55 2018

Academic license - for non-commercial use only

Gurobi 7.5.2 (mac64, Python) logging started Sat Feb 24 10:44:17 2018

Academic license - for non-commercial use only

Gurobi 7.5.2 (mac64, Python) logging started Sat Feb 24 10:44:42 2018

Academic license - for non-commercial use only

Gurobi 7.5.2 (mac64, Python) logging started Sat Feb 24 10:44:52 2018

Academic license - for non-commercial use only

Gurobi 7.5.2 (mac64, Python) logging started Sat Feb 24 10:45:36 2018

Academic license - for non-commercial use only

Gurobi 7.5.2 (mac64, Python) logging started Sat Feb 24 10:47:43 2018

Academic license - for non-commercial use only

Gurobi 7.5.2 (mac64, Python) logging started Sat Feb 24 10:48:23 2018

Academic license - for non-commercial use only

Gurobi 7.5.2 (mac64, Python) logging started Sat Feb 24 10:49:27 2018

Academic license - for non-commercial use only

Gurobi 7.5.2 (mac64, Python) logging started Sat Feb 24 10:50:38 2018

Academic license - for non-commercial use only

Gurobi 7.5.2 (mac64, Python) logging started Sat Feb 24 10:51:05 2018

Academic license - for non-commercial use only

Gurobi 7.5.2 (mac64, Python) logging started Sat Feb 24 10:53:32 2018

Academic license - for non-commercial use only

Gurobi 7.5.2 (mac64, Python) logging started Sat Feb 24 11:13:05 2018

Academic license - for non-commercial use only

Gurobi 7.5.2 (mac64, Python) logging started Sat Feb 24 11:14:31 2018

Academic license - for non-commercial use only

Gurobi 7.5.2 (mac64, Python) logging started Sat Feb 24 11:18:16 2018

Academic license - for non-commercial use only

Gurobi 7.5.2 (mac64, Python) logging started Sat Feb 24 11:21:25 2018

Academic license - for non-commercial use only

Gurobi 7.5.2 (mac64, Python) logging started Sat Feb 24 11:21:44 2018

Academic license - for non-commercial use only

Gurobi 7.5.2 (mac64, Python) logging started Sat Feb 24 11:22:02 2018

Academic license - for non-commercial use only

Gurobi 7.5.2 (mac64, Python) logging started Sat Feb 24 11:22:16 2018

Academic license - for non-commercial use only

Gurobi 7.5.2 (mac64, Python) logging started Sat Feb 24 11:28:15 2018

Academic license - for non-commercial use only

Gurobi 7.5.2 (mac64, Python) logging started Sat Feb 24 11:29:46 2018

Academic license - for non-commercial use only

Gurobi 7.5.2 (mac64, Python) logging started Wed Feb 28 21:19:26 2018

Academic license - for non-commercial use only

Gurobi 7.5.2 (mac64, Python) logging started Wed Feb 28 21:21:24 2018

Academic license - for non-commercial use only

Gurobi 7.5.2 (mac64, Python) logging started Thu Mar  1 14:03:05 2018

Academic license - for non-commercial use only

Gurobi 7.5.2 (mac64, Python) logging started Thu Mar  1 15:55:00 2018

Academic license - for non-commercial use only

Gurobi 7.5.2 (mac64, Python) logging started Thu Mar  1 16:07:52 2018

Academic license - for non-commercial use only

Gurobi 7.5.2 (mac64, Python) logging started Thu Mar  1 16:11:52 2018

Academic license - for non-commercial use only

Gurobi 7.5.2 (mac64, Python) logging started Thu Mar  1 16:12:48 2018

Academic license - for non-commercial use only

Gurobi 7.5.2 (mac64, Python) logging started Thu Mar  1 16:26:55 2018

Academic license - for non-commercial use only

Gurobi 7.5.2 (mac64, Python) logging started Thu Mar  1 16:35:23 2018

Academic license - for non-commercial use only

Gurobi 7.5.2 (mac64, Python) logging started Thu Mar  1 16:35:43 2018

Academic license - for non-commercial use only

Gurobi 7.5.2 (mac64, Python) logging started Thu Mar  1 16:35:55 2018

Academic license - for non-commercial use only

Gurobi 7.5.2 (mac64, Python) logging started Thu Mar  1 16:37:34 2018

Academic license - for non-commercial use only

Gurobi 7.5.2 (mac64, Python) logging started Thu Mar  1 16:40:16 2018

Academic license - for non-commercial use only

Gurobi 7.5.2 (mac64, Python) logging started Thu Mar  1 16:43:41 2018

Academic license - for non-commercial use only

Gurobi 7.5.2 (mac64, Python) logging started Thu Mar  1 16:43:56 2018

Academic license - for non-commercial use only

Gurobi 7.5.2 (mac64, Python) logging started Thu Mar  1 16:44:39 2018

Academic license - for non-commercial use only

Gurobi 7.5.2 (mac64, Python) logging started Thu Mar  1 17:03:57 2018

Academic license - for non-commercial use only

Gurobi 7.5.2 (mac64, Python) logging started Thu Mar  1 17:05:07 2018

Academic license - for non-commercial use only

Gurobi 7.5.2 (mac64, Python) logging started Thu Mar  1 17:05:38 2018

Academic license - for non-commercial use only

Gurobi 7.5.2 (mac64, Python) logging started Thu Mar  1 17:06:12 2018

Academic license - for non-commercial use only

Gurobi 7.5.2 (mac64, Python) logging started Thu Mar  1 17:11:17 2018

Academic license - for non-commercial use only

Gurobi 7.5.2 (mac64, Python) logging started Thu Mar 15 19:09:10 2018

Academic license - for non-commercial use only

Gurobi 7.5.2 (mac64, Python) logging started Thu Mar 15 19:10:00 2018

Academic license - for non-commercial use only

Gurobi 7.5.2 (mac64, Python) logging started Thu Mar 15 19:10:06 2018

Academic license - for non-commercial use only

Gurobi 7.5.2 (mac64, Python) logging started Thu Mar 15 19:10:15 2018

Academic license - for non-commercial use only

Gurobi 7.5.2 (mac64, Python) logging started Thu Mar 15 19:10:55 2018

Academic license - for non-commercial use only

Gurobi 7.5.2 (mac64, Python) logging started Thu Mar 15 19:11:56 2018

Academic license - for non-commercial use only

Gurobi 7.5.2 (mac64, Python) logging started Thu Mar 15 19:12:16 2018

Academic license - for non-commercial use only

Gurobi 7.5.2 (mac64, Python) logging started Thu Mar 15 19:14:14 2018

Academic license - for non-commercial use only

Gurobi 7.5.2 (mac64, Python) logging started Thu Mar 15 19:16:13 2018

Academic license - for non-commercial use only

Gurobi 7.5.2 (mac64, Python) logging started Thu Mar 15 19:16:38 2018

Academic license - for non-commercial use only

Gurobi 7.5.2 (mac64, Python) logging started Thu Mar 15 19:16:52 2018

Academic license - for non-commercial use only

Gurobi 7.5.2 (mac64, Python) logging started Thu Mar 15 19:17:19 2018

Academic license - for non-commercial use only

Gurobi 7.5.2 (mac64, Python) logging started Thu Mar 15 19:17:52 2018

Academic license - for non-commercial use only

Gurobi 7.5.2 (mac64, Python) logging started Thu Mar 15 19:53:13 2018

Academic license - for non-commercial use only

Gurobi 7.5.2 (mac64, Python) logging started Thu Mar 15 19:53:29 2018

Academic license - for non-commercial use only

Gurobi 7.5.2 (mac64, Python) logging started Thu Mar 15 19:54:27 2018

Academic license - for non-commercial use only

Gurobi 7.5.2 (mac64, Python) logging started Thu Mar 15 19:55:46 2018

Academic license - for non-commercial use only

Gurobi 7.5.2 (mac64, Python) logging started Thu Mar 15 19:56:48 2018

Academic license - for non-commercial use only

Gurobi 7.5.2 (mac64, Python) logging started Thu Mar 15 19:57:33 2018

Academic license - for non-commercial use only

Gurobi 7.5.2 (mac64, Python) logging started Thu Mar 15 19:58:27 2018

Academic license - for non-commercial use only

Gurobi 7.5.2 (mac64, Python) logging started Thu Mar 15 19:58:52 2018

Academic license - for non-commercial use only

Gurobi 7.5.2 (mac64, Python) logging started Thu Mar 15 20:01:01 2018

Academic license - for non-commercial use only

Gurobi 7.5.2 (mac64, Python) logging started Thu Mar 15 20:01:23 2018

Academic license - for non-commercial use only

Gurobi 7.5.2 (mac64, Python) logging started Thu Mar 15 20:01:53 2018

Academic license - for non-commercial use only

Gurobi 7.5.2 (mac64, Python) logging started Thu Mar 15 20:02:56 2018

Academic license - for non-commercial use only

Gurobi 7.5.2 (mac64, Python) logging started Thu Mar 15 20:12:56 2018

Academic license - for non-commercial use only

Gurobi 7.5.2 (mac64, Python) logging started Thu Mar 15 20:15:30 2018

Academic license - for non-commercial use only
Changed value of parameter Outputflag to 1
   Prev: 0  Min: 0  Max: 1  Default: 1
Optimize a model with 189 rows, 85 columns and 885 nonzeros
Model has 1 quadratic constraint
Coefficient statistics:
  Matrix range     [1e-01, 1e+03]
  QMatrix range    [1e+00, 1e+00]
  Objective range  [3e-02, 1e+03]
  Bounds range     [1e+00, 1e+05]
  RHS range        [4e-01, 2e+04]
Presolve removed 13 rows and 13 columns
Presolve time: 0.00s
Presolved: 176 rows, 72 columns, 534 nonzeros
Presolved model has 1 second-order cone constraint
Ordering time: 0.00s

Barrier statistics:
 Dense cols : 2
 Free vars  : 1
 AA' NZ     : 1.135e+03
 Factor NZ  : 1.382e+03
 Factor Ops : 1.671e+04 (less than 1 second per iteration)
 Threads    : 1

                  Objective                Residual
Iter       Primal          Dual         Primal    Dual     Compl     Time
   0   2.94255911e+08 -4.67350950e+05  4.62e+04 7.29e+01  2.56e+06     0s
   1   1.09224924e+08 -6.55336071e+05  1.61e+04 2.61e+00  5.61e+05     0s
   2   5.57091251e+05 -4.61809877e+05  2.74e+01 1.66e-01  7.24e+03     0s
   3   2.33749721e+05 -1.02416585e+05  1.06e+01 1.67e-02  1.61e+03     0s
   4   1.65174591e+05 -4.17585383e+04  7.33e+00 1.76e-02  9.93e+02     0s
   5   1.15205279e+04 -2.02007359e+04  6.88e-01 8.12e-03  1.45e+02     0s
   6   6.60129867e+02 -1.00976316e+03  1.15e-05 1.76e-04  7.42e+00     0s
   7  -2.06048979e+02 -4.06428618e+02  9.18e-07 2.57e-05  8.91e-01     0s
   8  -2.32127553e+02 -3.57465161e+02  5.53e-07 1.55e-05  5.57e-01     0s
   9  -2.61660348e+02 -3.27345752e+02  2.67e-07 8.06e-06  2.92e-01     0s
  10  -2.83469396e+02 -3.07777591e+02  1.29e-07 1.85e-07  1.08e-01     0s
  11  -2.92407955e+02 -3.02024025e+02  4.35e-08 6.22e-08  4.27e-02     0s
  12  -2.94846942e+02 -2.96530101e+02  5.83e-09 9.97e-09  7.48e-03     0s
  13  -2.95342503e+02 -2.95466655e+02  5.75e-10 3.86e-10  5.52e-04     0s
  14  -2.95392447e+02 -2.95395836e+02  5.46e-12 1.35e-11  1.51e-05     0s
  15  -2.95393182e+02 -2.95393216e+02  1.22e-09 1.60e-11  1.48e-07     0s
  16  -2.95393183e+02 -2.95393215e+02  1.05e-05 1.54e-11  1.37e-07     0s
  17  -2.95393183e+02 -2.95393215e+02  1.05e-05 1.54e-11  1.37e-07     0s
  18  -2.95393183e+02 -2.95393215e+02  1.05e-05 1.54e-11  1.37e-07     0s
  19  -2.95393183e+02 -2.95393215e+02  1.05e-05 1.54e-11  1.37e-07     0s
  20  -2.95393183e+02 -2.95393215e+02  1.05e-05 1.54e-11  1.37e-07     0s
  21  -2.95393183e+02 -2.95393215e+02  1.05e-05 1.54e-11  1.37e-07     0s
  22  -2.95393183e+02 -2.95393215e+02  1.05e-05 1.54e-11  1.37e-07     0s
  23  -2.95393183e+02 -2.95393215e+02  1.05e-05 1.54e-11  1.37e-07     0s
  24  -2.95393183e+02 -2.95393215e+02  1.05e-05 1.54e-11  1.37e-07     0s
  25  -2.95393183e+02 -2.95393215e+02  1.05e-05 1.54e-11  1.37e-07     0s

Barrier performed 25 iterations in 0.01 seconds
Sub-optimal termination - objective -2.95392447e+02

Warning: failed to compute QCP dual solution due to inaccurate barrier solution
         Try decreasing BarQCPConvTol for more accuracy



Gurobi 7.5.2 (mac64, Python) logging started Thu Mar 15 20:16:03 2018

Academic license - for non-commercial use only

Gurobi 7.5.2 (mac64, Python) logging started Thu Mar 15 20:17:06 2018

Academic license - for non-commercial use only

Gurobi 7.5.2 (mac64, Python) logging started Thu Mar 15 20:17:57 2018

Academic license - for non-commercial use only

Gurobi 7.5.2 (mac64, Python) logging started Thu Mar 15 20:21:59 2018

Academic license - for non-commercial use only

Gurobi 7.5.2 (mac64, Python) logging started Thu Mar 15 20:25:11 2018

Academic license - for non-commercial use only

Gurobi 7.5.2 (mac64, Python) logging started Thu Mar 15 20:27:34 2018

Academic license - for non-commercial use only

Gurobi 7.5.2 (mac64, Python) logging started Thu Mar 15 20:32:47 2018

Academic license - for non-commercial use only

Gurobi 7.5.2 (mac64, Python) logging started Thu Mar 15 20:47:57 2018

Academic license - for non-commercial use only

Gurobi 7.5.2 (mac64, Python) logging started Fri Mar 16 10:12:57 2018

Academic license - for non-commercial use only

Gurobi 7.5.2 (mac64, Python) logging started Fri Mar 16 10:16:03 2018

Academic license - for non-commercial use only

Gurobi 7.5.2 (mac64, Python) logging started Fri Mar 16 10:20:29 2018

Academic license - for non-commercial use only

Gurobi 7.5.2 (mac64, Python) logging started Fri Mar 16 10:57:42 2018

Academic license - for non-commercial use only

Gurobi 7.5.2 (mac64, Python) logging started Fri Mar 16 10:57:59 2018

Academic license - for non-commercial use only

Gurobi 7.5.2 (mac64, Python) logging started Fri Mar 16 11:08:47 2018

Academic license - for non-commercial use only

Gurobi 7.5.2 (mac64, Python) logging started Fri Mar 16 11:08:55 2018

Academic license - for non-commercial use only

Gurobi 7.5.2 (mac64, Python) logging started Fri Mar 16 11:38:48 2018

Academic license - for non-commercial use only

Gurobi 7.5.2 (mac64, Python) logging started Fri Mar 16 11:43:29 2018

Academic license - for non-commercial use only

Gurobi 7.5.2 (mac64, Python) logging started Fri Mar 16 11:44:54 2018

Academic license - for non-commercial use only

Gurobi 7.5.2 (mac64, Python) logging started Fri Mar 16 11:45:20 2018

Academic license - for non-commercial use only

Gurobi 7.5.2 (mac64, Python) logging started Fri Mar 16 11:45:47 2018

Academic license - for non-commercial use only

Gurobi 7.5.2 (mac64, Python) logging started Fri Mar 16 11:50:51 2018

Academic license - for non-commercial use only

Gurobi 7.5.2 (mac64, Python) logging started Fri Mar 16 11:51:17 2018

Academic license - for non-commercial use only

Gurobi 7.5.2 (mac64, Python) logging started Fri Mar 16 11:51:51 2018

Academic license - for non-commercial use only

Gurobi 7.5.2 (mac64, Python) logging started Fri Mar 16 11:54:47 2018

Academic license - for non-commercial use only

Gurobi 7.5.2 (mac64, Python) logging started Fri Mar 16 13:43:23 2018

Academic license - for non-commercial use only

Gurobi 7.5.2 (mac64, Python) logging started Fri Mar 16 13:43:43 2018

Academic license - for non-commercial use only

Gurobi 7.5.2 (mac64, Python) logging started Fri Mar 16 13:45:32 2018

Academic license - for non-commercial use only

Gurobi 7.5.2 (mac64, Python) logging started Fri Mar 16 13:51:13 2018

Academic license - for non-commercial use only

Gurobi 7.5.2 (mac64, Python) logging started Fri Mar 16 13:51:21 2018

Academic license - for non-commercial use only

Gurobi 7.5.2 (mac64, Python) logging started Fri Mar 16 13:52:01 2018

Academic license - for non-commercial use only

Gurobi 7.5.2 (mac64, Python) logging started Fri Mar 16 13:53:27 2018

Academic license - for non-commercial use only

Gurobi 7.5.2 (mac64, Python) logging started Fri Mar 16 13:54:22 2018

Academic license - for non-commercial use only

Gurobi 7.5.2 (mac64, Python) logging started Fri Mar 16 13:54:23 2018

Academic license - for non-commercial use only

Gurobi 7.5.2 (mac64, Python) logging started Fri Mar 16 13:54:36 2018

Academic license - for non-commercial use only

Gurobi 7.5.2 (mac64, Python) logging started Fri Mar 16 13:54:58 2018

Academic license - for non-commercial use only

Gurobi 7.5.2 (mac64, Python) logging started Fri Mar 16 13:56:00 2018

Academic license - for non-commercial use only

Gurobi 7.5.2 (mac64, Python) logging started Fri Mar 16 13:56:09 2018

Academic license - for non-commercial use only

Gurobi 7.5.2 (mac64, Python) logging started Fri Mar 16 13:56:18 2018

Academic license - for non-commercial use only

Gurobi 7.5.2 (mac64, Python) logging started Fri Mar 16 13:56:29 2018

Academic license - for non-commercial use only

Gurobi 7.5.2 (mac64, Python) logging started Fri Mar 16 13:57:05 2018

Academic license - for non-commercial use only

Gurobi 7.5.2 (mac64, Python) logging started Fri Mar 16 13:57:13 2018

Academic license - for non-commercial use only

Gurobi 7.5.2 (mac64, Python) logging started Fri Mar 16 13:57:38 2018

Academic license - for non-commercial use only

Gurobi 7.5.2 (mac64, Python) logging started Fri Mar 16 13:57:52 2018

Academic license - for non-commercial use only

Gurobi 7.5.2 (mac64, Python) logging started Fri Mar 16 13:58:06 2018

Academic license - for non-commercial use only

Gurobi 7.5.2 (mac64, Python) logging started Fri Mar 16 13:58:21 2018

Academic license - for non-commercial use only

Gurobi 7.5.2 (mac64, Python) logging started Fri Mar 16 13:58:37 2018

Academic license - for non-commercial use only

Gurobi 7.5.2 (mac64, Python) logging started Fri Mar 16 13:58:53 2018

Academic license - for non-commercial use only

Gurobi 7.5.2 (mac64, Python) logging started Fri Mar 16 13:59:05 2018

Academic license - for non-commercial use only

Gurobi 7.5.2 (mac64, Python) logging started Fri Mar 16 13:59:28 2018

Academic license - for non-commercial use only

Gurobi 7.5.2 (mac64, Python) logging started Fri Mar 16 13:59:52 2018

Academic license - for non-commercial use only
Changed value of parameter Outputflag to 1
   Prev: 0  Min: 0  Max: 1  Default: 1
Optimize a model with 215 rows, 106 columns and 3563 nonzeros
Model has 1 quadratic constraint
Coefficient statistics:
  Matrix range     [1e-11, 1e+03]
  QMatrix range    [1e+00, 1e+00]
  Objective range  [5e-01, 1e+03]
  Bounds range     [6e-02, 1e+05]
  RHS range        [1e+00, 9e+04]
Warning: Model contains large matrix coefficient range
         Consider reformulating model or setting NumericFocus parameter
         to avoid numerical issues.
Presolve removed 19 rows and 48 columns
Presolve time: 0.00s
Presolved: 196 rows, 58 columns, 1875 nonzeros
Presolved model has 1 second-order cone constraint
Ordering time: 0.00s

Barrier statistics:
 Dense cols : 11
 Free vars  : 1
 AA' NZ     : 1.797e+03
 Factor NZ  : 2.251e+03
 Factor Ops : 2.529e+04 (less than 1 second per iteration)
 Threads    : 1

                  Objective                Residual
Iter       Primal          Dual         Primal    Dual     Compl     Time
   0   2.42820368e+08 -4.69910125e+06  8.46e+03 1.58e+02  1.39e+06     0s
   1   2.33481488e+07 -2.45134902e+06  4.65e+02 1.67e+01  1.36e+05     0s
   2   5.74000067e+05 -7.17951170e+04  6.37e+00 3.36e-03  2.36e+03     0s
   3   8.73868934e+03 -1.27865238e+04  1.64e-01 2.44e-03  7.72e+01     0s
   4  -8.53868398e+02 -1.80639292e+03  3.33e-03 6.39e-04  3.40e+00     0s
   5  -1.16314948e+03 -1.54185146e+03  5.96e-04 3.17e-04  1.35e+00     0s
   6  -1.25047137e+03 -1.30538538e+03  6.09e-05 2.27e-05  1.96e-01     0s
   7  -1.26334039e+03 -1.28517078e+03  7.90e-06 2.06e-05  7.80e-02     0s
   8  -1.27247110e+03 -1.27700885e+03  1.56e-06 8.03e-06  1.62e-02     0s
   9  -1.27424260e+03 -1.27565098e+03  5.70e-07 2.87e-06  5.03e-03     0s
  10  -1.27479168e+03 -1.27524161e+03  2.07e-07 7.35e-07  1.61e-03     0s
  11  -1.27500408e+03 -1.27511260e+03  5.32e-08 1.66e-07  3.88e-04     0s
  12  -1.27506976e+03 -1.27507338e+03  2.08e-12 9.84e-09  1.30e-05     0s
  13  -1.27507132e+03 -1.27507133e+03  3.64e-12 3.01e-09  5.50e-08     0s
  14  -1.27507132e+03 -1.27507136e+03  1.82e-12 2.62e-09  2.39e-08     0s
  15  -1.27507132e+03 -1.27504994e+03  1.82e-12 1.69e-06  6.37e-09     0s

Barrier solved model in 15 iterations and 0.00 seconds
Optimal objective -1.27507132e+03

Warning: failed to compute QCP dual solution due to inaccurate barrier solution
         Try decreasing BarQCPConvTol for more accuracy



Gurobi 7.5.2 (mac64, Python) logging started Fri Mar 16 14:00:44 2018

Academic license - for non-commercial use only
Changed value of parameter Outputflag to 1
   Prev: 0  Min: 0  Max: 1  Default: 1
Optimize a model with 49 rows, 106 columns and 409 nonzeros
Model has 1 quadratic constraint
Coefficient statistics:
  Matrix range     [4e-13, 1e+03]
  QMatrix range    [1e+00, 1e+00]
  Objective range  [1e-01, 1e+03]
  Bounds range     [5e-06, 1e+05]
  RHS range        [1e+00, 8e+04]
Warning: Model contains large matrix coefficient range
         Consider reformulating model or setting NumericFocus parameter
         to avoid numerical issues.
Presolve removed 19 rows and 48 columns
Presolve time: 0.00s
Presolved: 30 rows, 58 columns, 214 nonzeros
Presolved model has 1 second-order cone constraint
Ordering time: 0.00s

Barrier statistics:
 Free vars  : 1
 AA' NZ     : 1.690e+02
 Factor NZ  : 3.930e+02
 Factor Ops : 6.359e+03 (less than 1 second per iteration)
 Threads    : 1

                  Objective                Residual
Iter       Primal          Dual         Primal    Dual     Compl     Time
   0   3.56922353e+08 -1.10862848e+07  1.24e+04 3.85e+02  4.75e+06     0s
   1   5.37061936e+07 -6.89365072e+06  1.12e+03 3.42e+01  6.32e+05     0s
   2   5.74580004e+05 -4.76684878e+05  3.08e+00 2.84e-03  9.40e+03     0s
   3   3.32988759e+04 -1.36069470e+05  4.26e-01 1.30e-02  1.48e+03     0s
   4  -1.29114099e+04 -1.01856645e+05  2.38e-01 4.45e-03  7.73e+02     0s
   5  -4.37482842e+04 -7.58032446e+04  9.42e-02 1.19e-03  2.78e+02     0s
   6  -5.76283588e+04 -5.92497139e+04  1.21e-03 6.74e-05  1.42e+01     0s
   7  -5.86291146e+04 -5.87848771e+04  3.76e-06 4.97e-04  1.32e+00     0s
   8  -5.86871275e+04 -5.87283503e+04  4.13e-12 9.55e-05  3.53e-01     0s
   9  -5.87063175e+04 -5.87131402e+04  4.83e-13 2.72e-06  5.96e-02     0s
  10  -5.87095503e+04 -5.87100389e+04  2.73e-11 2.74e-07  4.26e-03     0s
  11  -5.87098778e+04 -5.87098789e+04  5.09e-11 5.12e-09  9.20e-06     0s
  12  -5.87098783e+04 -5.87098784e+04  9.80e-08 4.81e-09  1.42e-08     0s
  13  -5.87098784e+04 -5.87098784e+04  1.79e-05 4.81e-09  5.11e-09     0s

Barrier solved model in 13 iterations and 0.00 seconds
Optimal objective -5.87098784e+04

Warning: failed to compute QCP dual solution due to inaccurate barrier solution
         Try decreasing BarQCPConvTol for more accuracy



Gurobi 7.5.2 (mac64, Python) logging started Fri Mar 16 14:00:56 2018

Academic license - for non-commercial use only

Gurobi 7.5.2 (mac64, Python) logging started Fri Mar 16 14:01:49 2018

Academic license - for non-commercial use only

Gurobi 7.5.2 (mac64, Python) logging started Fri Mar 16 14:03:04 2018

Academic license - for non-commercial use only

Gurobi 7.5.2 (mac64, Python) logging started Fri Mar 16 14:03:39 2018

Academic license - for non-commercial use only

Gurobi 7.5.2 (mac64, Python) logging started Fri Mar 16 14:05:40 2018

Academic license - for non-commercial use only

Gurobi 7.5.2 (mac64, Python) logging started Fri Mar 16 14:06:11 2018

Academic license - for non-commercial use only

Gurobi 7.5.2 (mac64, Python) logging started Fri Mar 16 14:18:55 2018

Academic license - for non-commercial use only

Gurobi 7.5.2 (mac64, Python) logging started Fri Mar 16 14:19:35 2018

Academic license - for non-commercial use only

Gurobi 7.5.2 (mac64, Python) logging started Fri Mar 16 14:22:30 2018

Academic license - for non-commercial use only

Gurobi 7.5.2 (mac64, Python) logging started Fri Mar 16 14:26:58 2018

Academic license - for non-commercial use only

Gurobi 7.5.2 (mac64, Python) logging started Fri Mar 16 15:54:50 2018

Academic license - for non-commercial use only

Gurobi 7.5.2 (mac64, Python) logging started Fri Mar 16 16:00:46 2018

Academic license - for non-commercial use only

Gurobi 7.5.2 (mac64, Python) logging started Fri Mar 16 16:02:55 2018

Academic license - for non-commercial use only

Gurobi 7.5.2 (mac64, Python) logging started Fri Mar 16 16:04:10 2018

Academic license - for non-commercial use only

Gurobi 7.5.2 (mac64, Python) logging started Fri Mar 16 16:06:43 2018

Academic license - for non-commercial use only

Gurobi 7.5.2 (mac64, Python) logging started Fri Mar 16 16:07:18 2018

Academic license - for non-commercial use only

Gurobi 7.5.2 (mac64, Python) logging started Fri Mar 16 16:07:27 2018

Academic license - for non-commercial use only

Gurobi 7.5.2 (mac64, Python) logging started Fri Mar 16 16:07:39 2018

Academic license - for non-commercial use only

Gurobi 7.5.2 (mac64, Python) logging started Fri Mar 16 16:09:03 2018

Academic license - for non-commercial use only

Gurobi 7.5.2 (mac64, Python) logging started Fri Mar 16 16:10:28 2018

Academic license - for non-commercial use only

Gurobi 7.5.2 (mac64, Python) logging started Fri Mar 16 16:11:01 2018

Academic license - for non-commercial use only

Gurobi 7.5.2 (mac64, Python) logging started Fri Mar 16 16:11:18 2018

Academic license - for non-commercial use only

Gurobi 7.5.2 (mac64, Python) logging started Fri Mar 16 16:12:01 2018

Academic license - for non-commercial use only

Gurobi 7.5.2 (mac64, Python) logging started Fri Mar 16 16:12:26 2018

Academic license - for non-commercial use only

Gurobi 7.5.2 (mac64, Python) logging started Fri Mar 16 16:13:31 2018

Academic license - for non-commercial use only

Gurobi 7.5.2 (mac64, Python) logging started Fri Mar 16 16:15:44 2018

Academic license - for non-commercial use only

Gurobi 7.5.2 (mac64, Python) logging started Fri Mar 16 16:16:12 2018

Academic license - for non-commercial use only

Gurobi 7.5.2 (mac64, Python) logging started Fri Mar 16 16:18:23 2018

Academic license - for non-commercial use only

Gurobi 7.5.2 (mac64, Python) logging started Fri Mar 16 16:18:45 2018

Academic license - for non-commercial use only

Gurobi 7.5.2 (mac64, Python) logging started Fri Mar 16 16:19:04 2018

Academic license - for non-commercial use only

Gurobi 7.5.2 (mac64, Python) logging started Fri Mar 16 16:20:58 2018

Academic license - for non-commercial use only

Gurobi 7.5.2 (mac64, Python) logging started Fri Mar 16 16:21:09 2018

Academic license - for non-commercial use only

Gurobi 7.5.2 (mac64, Python) logging started Fri Mar 16 16:23:32 2018

Academic license - for non-commercial use only

Gurobi 7.5.2 (mac64, Python) logging started Fri Mar 16 16:23:48 2018

Academic license - for non-commercial use only

Gurobi 7.5.2 (mac64, Python) logging started Fri Mar 16 16:23:58 2018

Academic license - for non-commercial use only

Gurobi 7.5.2 (mac64, Python) logging started Fri Mar 16 16:24:09 2018

Academic license - for non-commercial use only

Gurobi 7.5.2 (mac64, Python) logging started Fri Mar 16 16:25:15 2018

Academic license - for non-commercial use only

Gurobi 7.5.2 (mac64, Python) logging started Fri Mar 16 16:25:31 2018

Academic license - for non-commercial use only

Gurobi 7.5.2 (mac64, Python) logging started Fri Mar 16 16:25:43 2018

Academic license - for non-commercial use only

Gurobi 7.5.2 (mac64, Python) logging started Fri Mar 16 16:25:54 2018

Academic license - for non-commercial use only

Gurobi 7.5.2 (mac64, Python) logging started Fri Mar 16 16:55:10 2018

Academic license - for non-commercial use only

Gurobi 7.5.2 (mac64, Python) logging started Fri Mar 16 16:55:25 2018

Academic license - for non-commercial use only

Gurobi 7.5.2 (mac64, Python) logging started Fri Mar 16 16:55:37 2018

Academic license - for non-commercial use only

Gurobi 7.5.2 (mac64, Python) logging started Fri Mar 16 16:56:04 2018

Academic license - for non-commercial use only

Gurobi 7.5.2 (mac64, Python) logging started Fri Mar 16 16:56:29 2018

Academic license - for non-commercial use only

Gurobi 7.5.2 (mac64, Python) logging started Fri Mar 16 16:57:26 2018

Academic license - for non-commercial use only

Gurobi 7.5.2 (mac64, Python) logging started Fri Mar 16 17:18:58 2018

Academic license - for non-commercial use only

Gurobi 7.5.2 (mac64, Python) logging started Fri Mar 16 17:19:12 2018

Academic license - for non-commercial use only

Gurobi 7.5.2 (mac64, Python) logging started Fri Mar 16 17:20:18 2018

Academic license - for non-commercial use only

Gurobi 7.5.2 (mac64, Python) logging started Fri Mar 16 17:20:38 2018

Academic license - for non-commercial use only

Gurobi 7.5.2 (mac64, Python) logging started Fri Mar 16 17:20:50 2018

Academic license - for non-commercial use only

Gurobi 7.5.2 (mac64, Python) logging started Fri Mar 16 17:21:35 2018

Academic license - for non-commercial use only

Gurobi 7.5.2 (mac64, Python) logging started Fri Mar 16 17:21:49 2018

Academic license - for non-commercial use only

Gurobi 7.5.2 (mac64, Python) logging started Fri Mar 16 17:22:14 2018

Academic license - for non-commercial use only

Gurobi 7.5.2 (mac64, Python) logging started Fri Mar 16 17:22:25 2018

Academic license - for non-commercial use only

Gurobi 7.5.2 (mac64, Python) logging started Fri Mar 16 17:22:41 2018

Academic license - for non-commercial use only

Gurobi 7.5.2 (mac64, Python) logging started Fri Mar 16 17:24:03 2018

Academic license - for non-commercial use only

Gurobi 7.5.2 (mac64, Python) logging started Fri Mar 16 17:25:21 2018

Academic license - for non-commercial use only

Gurobi 7.5.2 (mac64, Python) logging started Fri Mar 16 17:26:28 2018

Academic license - for non-commercial use only

Gurobi 7.5.2 (mac64, Python) logging started Fri Mar 16 17:28:35 2018

Academic license - for non-commercial use only

Gurobi 7.5.2 (mac64, Python) logging started Fri Mar 16 17:28:58 2018

Academic license - for non-commercial use only

Gurobi 7.5.2 (mac64, Python) logging started Fri Mar 16 17:29:18 2018

Academic license - for non-commercial use only

Gurobi 7.5.2 (mac64, Python) logging started Fri Mar 16 17:30:44 2018

Academic license - for non-commercial use only

Gurobi 7.5.2 (mac64, Python) logging started Fri Mar 16 17:31:33 2018

Academic license - for non-commercial use only

Gurobi 7.5.2 (mac64, Python) logging started Fri Mar 16 17:32:22 2018

Academic license - for non-commercial use only

Gurobi 7.5.2 (mac64, Python) logging started Fri Mar 16 17:32:43 2018

Academic license - for non-commercial use only

Gurobi 7.5.2 (mac64, Python) logging started Fri Mar 16 17:33:59 2018

Academic license - for non-commercial use only

Gurobi 7.5.2 (mac64, Python) logging started Fri Mar 16 17:34:14 2018

Academic license - for non-commercial use only

Gurobi 7.5.2 (mac64, Python) logging started Fri Mar 16 17:34:39 2018

Academic license - for non-commercial use only

Gurobi 7.5.2 (mac64, Python) logging started Fri Mar 16 17:35:46 2018

Academic license - for non-commercial use only

Gurobi 7.5.2 (mac64, Python) logging started Fri Mar 16 17:36:01 2018

Academic license - for non-commercial use only

Gurobi 7.5.2 (mac64, Python) logging started Fri Mar 16 17:41:52 2018

Academic license - for non-commercial use only

Gurobi 7.5.2 (mac64, Python) logging started Fri Mar 16 17:43:37 2018

Academic license - for non-commercial use only

Gurobi 7.5.2 (mac64, Python) logging started Fri Mar 16 17:44:03 2018

Academic license - for non-commercial use only

Gurobi 7.5.2 (mac64, Python) logging started Fri Mar 16 17:45:39 2018

Academic license - for non-commercial use only

Gurobi 7.5.2 (mac64, Python) logging started Fri Mar 16 17:46:05 2018

Academic license - for non-commercial use only

Gurobi 7.5.2 (mac64, Python) logging started Fri Mar 16 17:46:42 2018

Academic license - for non-commercial use only

Gurobi 7.5.2 (mac64, Python) logging started Fri Mar 16 17:46:50 2018

Academic license - for non-commercial use only

Gurobi 7.5.2 (mac64, Python) logging started Fri Mar 16 17:47:54 2018

Academic license - for non-commercial use only

Gurobi 7.5.2 (mac64, Python) logging started Fri Mar 16 17:48:24 2018

Academic license - for non-commercial use only

Gurobi 7.5.2 (mac64, Python) logging started Fri Mar 16 17:52:26 2018

Academic license - for non-commercial use only

Gurobi 7.5.2 (mac64, Python) logging started Fri Mar 16 17:52:39 2018

Academic license - for non-commercial use only

Gurobi 7.5.2 (mac64, Python) logging started Fri Mar 16 17:53:35 2018

Academic license - for non-commercial use only

Gurobi 7.5.2 (mac64, Python) logging started Fri Mar 16 17:53:44 2018

Academic license - for non-commercial use only

Gurobi 7.5.2 (mac64, Python) logging started Fri Mar 16 17:54:01 2018

Academic license - for non-commercial use only

Gurobi 7.5.2 (mac64, Python) logging started Fri Mar 16 17:54:10 2018

Academic license - for non-commercial use only

Gurobi 7.5.2 (mac64, Python) logging started Fri Mar 16 17:54:42 2018

Academic license - for non-commercial use only

Gurobi 7.5.2 (mac64, Python) logging started Fri Mar 16 17:55:02 2018

Academic license - for non-commercial use only

Gurobi 7.5.2 (mac64, Python) logging started Fri Mar 16 17:55:12 2018

Academic license - for non-commercial use only

Gurobi 7.5.2 (mac64, Python) logging started Fri Mar 16 17:55:23 2018

Academic license - for non-commercial use only

Gurobi 7.5.2 (mac64, Python) logging started Fri Mar 16 17:55:48 2018

Academic license - for non-commercial use only

Gurobi 7.5.2 (mac64, Python) logging started Fri Mar 16 17:56:53 2018

Academic license - for non-commercial use only

Gurobi 7.5.2 (mac64, Python) logging started Fri Mar 16 17:57:29 2018

Academic license - for non-commercial use only

Gurobi 7.5.2 (mac64, Python) logging started Fri Mar 16 17:57:47 2018

Academic license - for non-commercial use only

Gurobi 7.5.2 (mac64, Python) logging started Fri Mar 16 17:59:02 2018

Academic license - for non-commercial use only

Gurobi 7.5.2 (mac64, Python) logging started Fri Mar 16 18:11:58 2018

Academic license - for non-commercial use only

Gurobi 7.5.2 (mac64, Python) logging started Fri Mar 16 18:22:03 2018

Academic license - for non-commercial use only

Gurobi 7.5.2 (mac64, Python) logging started Fri Mar 16 18:32:12 2018

Academic license - for non-commercial use only

Gurobi 7.5.2 (mac64, Python) logging started Sat Mar 17 11:04:06 2018

Academic license - for non-commercial use only

Gurobi 7.5.2 (mac64, Python) logging started Sat Mar 17 11:14:39 2018

Academic license - for non-commercial use only

Gurobi 7.5.2 (mac64, Python) logging started Sat Mar 17 11:14:41 2018

Academic license - for non-commercial use only

Gurobi 7.5.2 (mac64, Python) logging started Sat Mar 17 11:15:32 2018

Academic license - for non-commercial use only

Gurobi 7.5.2 (mac64, Python) logging started Sat Mar 17 12:26:45 2018

Academic license - for non-commercial use only

Gurobi 7.5.2 (mac64, Python) logging started Sat Mar 17 13:43:41 2018

Academic license - for non-commercial use only

Gurobi 7.5.2 (mac64, Python) logging started Sat Mar 17 14:53:16 2018

Academic license - for non-commercial use only

Gurobi 7.5.2 (mac64, Python) logging started Sat Mar 17 21:34:54 2018

Academic license - for non-commercial use only

Gurobi 7.5.2 (mac64, Python) logging started Sat Mar 17 21:37:01 2018

Academic license - for non-commercial use only

Gurobi 7.5.2 (mac64, Python) logging started Sat Mar 17 21:43:04 2018

Academic license - for non-commercial use only

Gurobi 7.5.2 (mac64, Python) logging started Sat Mar 17 21:45:06 2018

Academic license - for non-commercial use only

Gurobi 7.5.2 (mac64, Python) logging started Sat Mar 17 21:46:36 2018

Academic license - for non-commercial use only

Gurobi 7.5.2 (mac64, Python) logging started Sat Mar 17 21:48:47 2018

Academic license - for non-commercial use only

Gurobi 7.5.2 (mac64, Python) logging started Sat Mar 17 21:49:31 2018

Academic license - for non-commercial use only
