Hydro_R5_AR1_T26_I50_ESS
T: 26
Number of passes: 50:
Sample paths per pass: 1:
==========================================================================================
Pass              LB             UB^           UB_hw       F time       B time    Wall time
==========================================================================================
  0    -1.00000e+08    -5.59364e+03     0.00000e+00         0.01         0.00         0.01
  5    -6.62311e+03    -6.47366e+03     0.00000e+00         0.01         0.14         0.73
 10    -6.50931e+03    -6.60896e+03     0.00000e+00         0.01         0.17         1.52
 15    -6.49811e+03    -6.69377e+03     0.00000e+00         0.01         0.16         2.35
 20    -6.49646e+03    -6.70782e+03     0.00000e+00         0.01         0.16         3.25
 25    -6.49349e+03    -6.45682e+03     0.00000e+00         0.01         0.16         4.11
 30    -6.49116e+03    -6.28118e+03     0.00000e+00         0.01         0.17         4.99
 35    -6.49037e+03    -6.48912e+03     0.00000e+00         0.01         0.18         5.93
 40    -6.48924e+03    -6.65452e+03     0.00000e+00         0.01         0.18         6.91
 45    -6.48818e+03    -6.31178e+03     0.00000e+00         0.01         0.20         7.98
Time profiling
           Pass        # LPs        setup      simplex       output   cut update      cut gen        other        total
        Forward         1300         0.09         0.09         0.15         0.00         0.00         0.09         0.42
       Backward        36750         2.64         1.76         2.90         0.06         0.69         0.34         8.39
==========================================================================================
Sim100    -6.48737e+03    -6.47608e+03     3.26949e+00         0.00         0.00         9.86
Hydro_R10_AR1_T26_I50_ESS
T: 26
Number of passes: 50:
Sample paths per pass: 1:
==========================================================================================
Pass              LB             UB^           UB_hw       F time       B time    Wall time
==========================================================================================
  0    -1.00001e+08    -1.47111e+04     0.00000e+00         0.01         0.00         0.01
  5    -1.60566e+04    -1.61092e+04     0.00000e+00         0.01         0.23         1.17
 10    -1.60117e+04    -1.57905e+04     0.00000e+00         0.01         0.24         2.35
 15    -1.60021e+04    -1.58960e+04     0.00000e+00         0.01         0.25         3.65
 20    -1.60001e+04    -1.61717e+04     0.00000e+00         0.01         0.26         4.98
 25    -1.59979e+04    -1.58016e+04     0.00000e+00         0.01         0.27         6.36
 30    -1.59968e+04    -1.60565e+04     0.00000e+00         0.01         0.25         7.73
 35    -1.59952e+04    -1.59531e+04     0.00000e+00         0.01         0.26         9.09
 40    -1.59933e+04    -1.61289e+04     0.00000e+00         0.01         0.28        10.51
 45    -1.59912e+04    -1.61962e+04     0.00000e+00         0.01         0.27        12.02
Time profiling
           Pass        # LPs        setup      simplex       output   cut update      cut gen        other        total
        Forward         1300         0.18         0.11         0.22         0.00         0.00         0.11         0.63
       Backward        36750         5.10         2.11         3.78         0.06         1.21         0.36        12.62
==========================================================================================
Sim100    -1.59906e+04    -1.59788e+04     3.25547e+00         0.00         0.00        14.71
Hydro_R50_AR1_T26_I50_ESS
T: 26
Number of passes: 50:
Sample paths per pass: 1:
==========================================================================================
Pass              LB             UB^           UB_hw       F time       B time    Wall time
==========================================================================================
  0    -1.00003e+08    -9.07311e+04     0.00000e+00         0.05         0.00         0.05
  5    -9.20510e+04    -9.21467e+04     0.00000e+00         0.04         0.85         4.63
 10    -9.20347e+04    -9.18149e+04     0.00000e+00         0.04         0.85         9.08
 15    -9.20254e+04    -9.19068e+04     0.00000e+00         0.04         0.87        13.60
 20    -9.20228e+04    -9.21922e+04     0.00000e+00         0.04         0.88        18.17
 25    -9.20183e+04    -9.18238e+04     0.00000e+00         0.04         0.89        22.80
 30    -9.20159e+04    -9.20595e+04     0.00000e+00         0.04         0.93        27.50
 35    -9.20132e+04    -9.19762e+04     0.00000e+00         0.04         0.95        32.30
 40    -9.20120e+04    -9.21492e+04     0.00000e+00         0.04         0.96        37.25
 45    -9.20103e+04    -9.22153e+04     0.00000e+00         0.05         1.04        42.78
Time profiling
           Pass        # LPs        setup      simplex       output   cut update      cut gen        other        total
        Forward         1300         0.87         0.22         0.69         0.00         0.00         0.31         2.08
       Backward        36750        24.38         4.30        10.34         0.07         5.48         0.46        45.04
==========================================================================================
Sim100    -9.20096e+04    -9.19980e+04     3.25845e+00         0.00         0.00        51.55
Hydro_R100_AR1_T26_I50_ESS
T: 26
Number of passes: 50:
Sample paths per pass: 1:
==========================================================================================
Pass              LB             UB^           UB_hw       F time       B time    Wall time
==========================================================================================
  0    -1.00007e+08    -1.85752e+05     0.00000e+00         0.10         0.00         0.10
  5    -1.87285e+05    -1.87074e+05     0.00000e+00         0.08         1.64         8.77
 10    -1.87056e+05    -1.86847e+05     0.00000e+00         0.08         1.82        17.69
 15    -1.87049e+05    -1.86939e+05     0.00000e+00         0.07         1.67        26.41
 20    -1.87045e+05    -1.87212e+05     0.00000e+00         0.08         1.72        35.31
 25    -1.87043e+05    -1.86849e+05     0.00000e+00         0.07         1.73        44.36
 30    -1.87042e+05    -1.87095e+05     0.00000e+00         0.07         1.67        53.31
 35    -1.87040e+05    -1.87002e+05     0.00000e+00         0.07         1.83        62.59
 40    -1.87038e+05    -1.87172e+05     0.00000e+00         0.10         2.03        72.18
 45    -1.87036e+05    -1.87242e+05     0.00000e+00         0.08         1.77        81.89
Time profiling
           Pass        # LPs        setup      simplex       output   cut update      cut gen        other        total
        Forward         1300         1.72         0.35         1.28         0.00         0.00         0.56         3.91
       Backward        36750        48.61         6.87        18.38         0.08        10.94         0.57        85.45
==========================================================================================
Sim100    -1.87035e+05    -1.87023e+05     3.27949e+00         0.00         0.00        97.20
Hydro_R500_AR1_T26_I50_ESS
T: 26
Number of passes: 50:
Sample paths per pass: 1:
==========================================================================================
Pass              LB             UB^           UB_hw       F time       B time    Wall time
==========================================================================================
  0    -1.00035e+08    -9.45771e+05     0.00000e+00         0.94         0.00         0.94
  5    -9.47476e+05    -9.47347e+05     0.00000e+00         0.36         8.44        45.46
 10    -9.47259e+05    -9.47081e+05     0.00000e+00         0.37         8.91        92.31
 15    -9.47248e+05    -9.47134e+05     0.00000e+00         0.38         8.41       136.69
 20    -9.47242e+05    -9.47410e+05     0.00000e+00         0.38         8.71       181.39
 25    -9.47241e+05    -9.47039e+05     0.00000e+00         0.36         8.51       226.48
 30    -9.47239e+05    -9.47304e+05     0.00000e+00         0.37         8.71       271.71
 35    -9.47238e+05    -9.47202e+05     0.00000e+00         0.46         9.60       318.46
 40    -9.47237e+05    -9.47368e+05     0.00000e+00         0.41        11.05       374.90
 45    -9.47236e+05    -9.47440e+05     0.00000e+00         0.36         8.31       420.98
Time profiling
           Pass        # LPs        setup      simplex       output   cut update      cut gen        other        total
        Forward         1300         9.22         1.86         6.46         0.01         0.00         2.78        20.32
       Backward        36750       257.71        29.93        89.44         0.16        56.58         1.56       435.38
==========================================================================================
Sim100    -9.47235e+05    -9.47223e+05     3.25575e+00         0.00         0.00       499.03
Hydro_R1000_AR1_T26_I50_ESS
T: 26
Number of passes: 50:
Sample paths per pass: 1:
==========================================================================================
Pass              LB             UB^           UB_hw       F time       B time    Wall time
==========================================================================================
  0    -1.00070e+08    -1.89620e+06     0.00000e+00         2.46         0.00         2.46
  5    -1.89754e+06    -1.89762e+06     0.00000e+00         1.00        20.76       103.91
 10    -1.89751e+06    -1.89729e+06     0.00000e+00         1.05        20.61       206.93
 15    -1.89750e+06    -1.89739e+06     0.00000e+00         0.94        19.20       310.08
 20    -1.89750e+06    -1.89766e+06     0.00000e+00         1.02        21.21       413.19
 25    -1.89750e+06    -1.89730e+06     0.00000e+00         0.73        20.52       525.94
 30    -1.89749e+06    -1.89755e+06     0.00000e+00         0.76        19.93       626.17
 35    -1.89749e+06    -1.89744e+06     0.00000e+00         0.71        17.54       723.29
 40    -1.89749e+06    -1.89762e+06     0.00000e+00         0.75        18.13       817.07
 45    -1.89749e+06    -1.89769e+06     0.00000e+00         0.74        18.07       910.70
Time profiling
           Pass        # LPs        setup      simplex       output   cut update      cut gen        other        total
        Forward         1300        18.52         4.21        12.98         0.01         0.00         5.63        41.35
       Backward        36750       559.16        61.56       198.60         0.24       121.34         2.76       943.66
==========================================================================================
Sim100    -1.89749e+06    -1.89747e+06     3.24139e+00         0.00         0.00      1059.00
