Hydro_R3_AR1_T52_I50_ESS
T: 52
Number of passes: 50:
Sample paths per pass: 1:
==========================================================================================
Pass              LB             UB^           UB_hw       F time       B time    Wall time
==========================================================================================
  0    -1.00000e+08     5.03363e+03     0.00000e+00         0.04         0.00         0.05
  5    -4.84704e+03    -1.28684e+03     0.00000e+00         0.02         0.48         2.59
 10    -1.48954e+03    -1.39851e+03     0.00000e+00         0.02         0.52         5.33
 15    -1.47639e+03    -1.31562e+03     0.00000e+00         0.03         0.59         8.28
 20    -1.46304e+03    -1.36397e+03     0.00000e+00         0.03         0.62        11.50
 25    -1.46200e+03    -1.60773e+03     0.00000e+00         0.03         0.69        14.95
 30    -1.46185e+03    -1.54616e+03     0.00000e+00         0.03         0.74        18.68
 35    -1.46171e+03    -1.57961e+03     0.00000e+00         0.03         0.77        22.68
 40    -1.46152e+03    -1.57311e+03     0.00000e+00         0.04         0.85        26.97
 45    -1.46142e+03    -1.44840e+03     0.00000e+00         0.04         0.87        31.44
Time profiling
           Pass        # LPs        setup      simplex       output   cut update      cut gen        other        total
        Forward         2600         0.18         0.14         0.72         0.05         0.00         0.49         1.58
       Backward        74970         4.92         2.23        17.19         1.34         5.88         2.05        33.62
