Hydro_R2_AR3_T24_I200_ESS
T: 24
Number of passes: 200:
Sample paths per pass: 1:
Multicut: False
==============================================================================================
Pass              LB             UB^    Wall time           Other
==============================================================================================
   0    -1.00000e+08    -6.32666e+02            0.01     0.00000e+00
  20    -9.84879e+02    -1.49990e+03            0.81     0.00000e+00
  40    -9.84873e+02    -1.55762e+03            1.60     0.00000e+00
  60    -9.79957e+02    -1.74591e+03            2.51     0.00000e+00
  80    -9.79957e+02    -1.51336e+03            3.56     0.00000e+00
 100    -9.79956e+02    -1.43770e+03            4.66     0.00000e+00
 120    -9.79956e+02    -1.75741e+03            6.03     0.00000e+00
 140    -9.79956e+02    -1.76722e+03            7.38     0.00000e+00
 160    -9.79956e+02    -1.53940e+03            8.83     0.00000e+00
 180    -9.79956e+02    -1.62106e+03           10.36     0.00000e+00
 200    -9.79956e+02    -1.55165e+03           11.97     0.00000e+00
==============================================================================================
Pass              LB             UB^           UB_hw       F time       B time    Wall time
Sim500    -9.79956e+02    -1.60202e+03     1.02012e+01         0.00         0.00        21.49
==============================================================================================
Hydro_R2_AR3_T24_I200_ESS
T: 24
Number of passes: 200:
Sample paths per pass: 1:
Multicut: True
==============================================================================================
Pass              LB             UB^    Wall time           Other
==============================================================================================
   0    -3.00092e+05     5.47154e+03            0.01     0.00000e+00
  20    -9.88343e+02    -1.64773e+03            0.95     0.00000e+00
  40    -9.73826e+02    -1.61138e+03            2.05     0.00000e+00
  60    -9.73823e+02    -1.77476e+03            3.35     0.00000e+00
  80    -9.73823e+02    -1.66585e+03            4.80     0.00000e+00
 100    -9.73820e+02    -1.57195e+03            6.40     0.00000e+00
 120    -9.69097e+02    -1.63300e+03            8.13     0.00000e+00
 140    -9.69097e+02    -1.58972e+03           10.02     0.00000e+00
 160    -9.69097e+02    -1.65086e+03           12.01     0.00000e+00
 180    -9.69097e+02    -1.55814e+03           14.17     0.00000e+00
 200    -9.69097e+02    -1.56890e+03           16.53     0.00000e+00
==============================================================================================
Pass              LB             UB^           UB_hw       F time       B time    Wall time
Sim500    -9.69097e+02    -1.57752e+03     1.01489e+01         0.00         0.00        28.97
==============================================================================================
Hydro_R2_AR3_T24_I200_ESS
T: 24
Number of passes: 200:
Sample paths per pass: 1:
Multicut: True
==============================================================================================
Pass              LB             UB^    Wall time           Other
==============================================================================================
   0    -1.00092e+05     5.47154e+03            0.01     0.00000e+00
  20    -9.90417e+02    -1.67274e+03            0.54     0.00000e+00
  40    -9.81981e+02    -1.61751e+03            1.21     0.00000e+00
  60    -9.81981e+02    -1.79317e+03            2.07     0.00000e+00
  80    -9.81981e+02    -1.67898e+03            3.06     0.00000e+00
 100    -9.81981e+02    -1.60479e+03            4.18     0.00000e+00
 120    -9.80575e+02    -1.65885e+03            5.46     0.00000e+00
 140    -9.80575e+02    -1.60816e+03            6.88     0.00000e+00
 160    -9.80575e+02    -1.68067e+03            8.50     0.00000e+00
 180    -9.80575e+02    -1.56877e+03           10.26     0.00000e+00
 200    -9.80575e+02    -1.58426e+03           12.13     0.00000e+00
==============================================================================================
Pass              LB             UB^           UB_hw       F time       B time    Wall time
Sim500    -9.80575e+02    -1.60225e+03     1.02303e+01         0.00         0.00        25.07
==============================================================================================
