Hydro_R5_AR1_T26_I50_CS
T: 26
Number of passes: 50:
Sample paths per pass: 1:
==========================================================================================
Pass              LB             UB^           UB_hw       F time       B time    Wall time
==========================================================================================
  0    -1.00000e+08    -5.59364e+03     0.00000e+00         0.01         0.00         0.01
  5    -6.62819e+03    -6.46782e+03     0.00000e+00         0.01         0.17         0.92
 10    -6.50329e+03    -6.60352e+03     0.00000e+00         0.01         0.23         1.95
 15    -6.49865e+03    -6.69147e+03     0.00000e+00         0.01         0.23         3.10
 20    -6.49664e+03    -6.70799e+03     0.00000e+00         0.01         0.26         4.38
 25    -6.49372e+03    -6.45521e+03     0.00000e+00         0.01         0.28         5.79
 30    -6.49079e+03    -6.27339e+03     0.00000e+00         0.01         0.31         7.34
 35    -6.48998e+03    -6.48786e+03     0.00000e+00         0.01         0.34         9.02
 40    -6.48883e+03    -6.65362e+03     0.00000e+00         0.02         0.36        10.84
 45    -6.48771e+03    -6.31316e+03     0.00000e+00         0.02         0.38        12.84
Time profiling
           Pass        # LPs        setup      simplex       output   cut update      cut gen        other        total
        Forward         1300         0.07         0.11         0.12         0.17         0.00         0.12         0.59
       Backward        36750         1.83         2.33         2.61         4.55         1.49         1.10        13.90
==========================================================================================
Sim100    -6.48742e+03    -6.47472e+03     3.27433e+00         0.00         0.00        16.25
Hydro_R10_AR1_T26_I50_CS
T: 26
Number of passes: 50:
Sample paths per pass: 1:
==========================================================================================
Pass              LB             UB^           UB_hw       F time       B time    Wall time
==========================================================================================
  0    -1.00001e+08    -1.47111e+04     0.00000e+00         0.01         0.00         0.01
  5    -1.60507e+04    -1.61072e+04     0.00000e+00         0.01         0.23         1.18
 10    -1.60093e+04    -1.57935e+04     0.00000e+00         0.01         0.26         2.52
 15    -1.59990e+04    -1.58960e+04     0.00000e+00         0.01         0.29         4.00
 20    -1.59974e+04    -1.61678e+04     0.00000e+00         0.01         0.32         5.63
 25    -1.59957e+04    -1.57997e+04     0.00000e+00         0.02         0.35         7.43
 30    -1.59948e+04    -1.60503e+04     0.00000e+00         0.02         0.38         9.35
 35    -1.59931e+04    -1.59578e+04     0.00000e+00         0.02         0.41        11.42
 40    -1.59922e+04    -1.61269e+04     0.00000e+00         0.02         0.43        13.62
 45    -1.59909e+04    -1.61958e+04     0.00000e+00         0.02         0.46        15.96
Time profiling
           Pass        # LPs        setup      simplex       output   cut update      cut gen        other        total
        Forward         1300         0.13         0.13         0.15         0.18         0.00         0.19         0.78
       Backward        36750         3.41         2.66         3.03         4.64         1.71         1.70        17.16
==========================================================================================
Sim100    -1.59902e+04    -1.59785e+04     3.27320e+00         0.00         0.00        20.51
Hydro_R50_AR1_T26_I50_CS
T: 26
Number of passes: 50:
Sample paths per pass: 1:
==========================================================================================
Pass              LB             UB^           UB_hw       F time       B time    Wall time
==========================================================================================
  0    -1.00003e+08    -9.07311e+04     0.00000e+00         0.07         0.00         0.08
  5    -9.20547e+04    -9.21256e+04     0.00000e+00         0.05         1.08         6.65
 10    -9.20342e+04    -9.18202e+04     0.00000e+00         0.05         1.12        12.28
 15    -9.20247e+04    -9.19178e+04     0.00000e+00         0.05         1.10        17.58
 20    -9.20210e+04    -9.21889e+04     0.00000e+00         0.06         1.30        23.56
 25    -9.20179e+04    -9.18166e+04     0.00000e+00         0.05         1.10        29.73
 30    -9.20165e+04    -9.20753e+04     0.00000e+00         0.06         1.28        35.92
 35    -9.20150e+04    -9.19731e+04     0.00000e+00         0.04         0.98        42.51
 40    -9.20132e+04    -9.21495e+04     0.00000e+00         0.04         0.94        47.53
 45    -9.20112e+04    -9.22158e+04     0.00000e+00         0.05         0.99        52.64
Time profiling
           Pass        # LPs        setup      simplex       output   cut update      cut gen        other        total
        Forward         1300         0.72         0.29         0.51         0.25         0.00         0.79         2.57
       Backward        36750        20.05         6.10         8.08         6.79         4.95         8.33        54.29
==========================================================================================
Sim100    -9.20101e+04    -9.19976e+04     3.24714e+00         0.00         0.00        63.10
Hydro_R100_AR1_T26_I50_CS
T: 26
Number of passes: 50:
Sample paths per pass: 1:
==========================================================================================
Pass              LB             UB^           UB_hw       F time       B time    Wall time
==========================================================================================
  0    -1.00007e+08    -1.85756e+05     0.00000e+00         0.14         0.00         0.14
  5    -1.87086e+05    -1.87186e+05     0.00000e+00         0.07         1.41         8.96
 10    -1.87055e+05    -1.86842e+05     0.00000e+00         0.10         1.61        18.43
 15    -1.87049e+05    -1.86944e+05     0.00000e+00         0.08         2.28        27.79
 20    -1.87044e+05    -1.87215e+05     0.00000e+00         0.08         1.61        36.26
 25    -1.87042e+05    -1.86848e+05     0.00000e+00         0.07         1.64        44.42
 30    -1.87040e+05    -1.87088e+05     0.00000e+00         0.08         1.58        52.61
 35    -1.87037e+05    -1.87003e+05     0.00000e+00         0.07         1.64        61.26
 40    -1.87036e+05    -1.87172e+05     0.00000e+00         0.08         1.85        70.57
 45    -1.87035e+05    -1.87240e+05     0.00000e+00         0.07         1.61        79.11
Time profiling
           Pass        # LPs        setup      simplex       output   cut update      cut gen        other        total
        Forward         1300         1.28         0.39         0.78         0.25         0.00         1.31         4.02
       Backward        36750        34.80         7.85        11.47         6.62         7.42        13.80        81.96
==========================================================================================
Sim100    -1.87034e+05    -1.87023e+05     3.24458e+00         0.00         0.00        94.43
Hydro_R500_AR1_T26_I50_CS
T: 26
Number of passes: 50:
Sample paths per pass: 1:
==========================================================================================
Pass              LB             UB^           UB_hw       F time       B time    Wall time
==========================================================================================
  0    -1.00035e+08    -9.45956e+05     0.00000e+00         0.91         0.00         0.91
  5    -9.47297e+05    -9.47342e+05     0.00000e+00         0.36         7.06        37.82
 10    -9.47258e+05    -9.47046e+05     0.00000e+00         0.32         6.77        74.15
 15    -9.47248e+05    -9.47142e+05     0.00000e+00         0.31         7.11       114.77
 20    -9.47245e+05    -9.47418e+05     0.00000e+00         0.31         6.86       151.45
 25    -9.47243e+05    -9.47049e+05     0.00000e+00         0.39         8.65       190.39
 30    -9.47241e+05    -9.47293e+05     0.00000e+00         0.31         7.22       232.97
 35    -9.47239e+05    -9.47201e+05     0.00000e+00         0.31         6.69       267.87
 40    -9.47237e+05    -9.47374e+05     0.00000e+00         0.32         6.71       302.91
 45    -9.47236e+05    -9.47441e+05     0.00000e+00         0.32         6.98       341.25
Time profiling
           Pass        # LPs        setup      simplex       output   cut update      cut gen        other        total
        Forward         1300         5.90         1.82         3.23         0.47         0.00         5.88        17.30
       Backward        36750       170.69        28.73        47.45        13.44        30.92        63.57       354.81
==========================================================================================
Sim100    -9.47235e+05    -9.47224e+05     3.27106e+00         0.00         0.00       404.91
Hydro_R1000_AR1_T26_I50_CS
T: 26
Number of passes: 50:
Sample paths per pass: 1:
==========================================================================================
Pass              LB             UB^           UB_hw       F time       B time    Wall time
==========================================================================================
  0    -1.00070e+08    -1.89621e+06     0.00000e+00         2.28         0.00         2.28
  5    -1.89755e+06    -1.89760e+06     0.00000e+00         0.61        13.01        70.39
 10    -1.89751e+06    -1.89728e+06     0.00000e+00         0.61        13.35       138.94
 15    -1.89750e+06    -1.89739e+06     0.00000e+00         0.60        13.15       208.78
 20    -1.89749e+06    -1.89767e+06     0.00000e+00         0.63        14.75       281.29
 25    -1.89749e+06    -1.89730e+06     0.00000e+00         0.64        14.21       356.20
 30    -1.89749e+06    -1.89755e+06     0.00000e+00         0.64        14.64       437.83
 35    -1.89749e+06    -1.89745e+06     0.00000e+00         0.87        16.85       523.59
 40    -1.89749e+06    -1.89762e+06     0.00000e+00         0.86        16.96       613.02
 45    -1.89749e+06    -1.89769e+06     0.00000e+00         0.65        14.93       696.85
Time profiling
           Pass        # LPs        setup      simplex       output   cut update      cut gen        other        total
        Forward         1300        12.16         3.96         6.61         0.77         0.00        12.15        35.65
       Backward        36750       357.03        57.01        99.88        22.90        61.25       128.12       726.20
==========================================================================================
Sim100    -1.89748e+06    -1.89747e+06     3.25156e+00         0.00         0.00       830.74
