Hydro_R10_AR1_T12_I1000_N10ESS
T: 12
Number of passes: 1000:
Sample paths per pass: 1:
Multicut: True
==============================================================================================
Pass              LB             iUB             iHW    Wall time           Other
==============================================================================================
   0 -1.00006458e+08             inf     0.00000e+00            0.01     0.00000e+00
   1 -1.79900345e+06             inf     0.00000e+00            0.08     0.00000e+00
   2 -8.16719589e+04             inf     0.00000e+00            0.14     0.00000e+00
   3 -8.16719589e+04             inf     0.00000e+00            0.21     0.00000e+00
   4 -6.65736466e+04             inf     0.00000e+00            0.28     0.00000e+00
   5 -6.21680389e+04             inf     0.00000e+00            0.35     0.00000e+00
   6 -5.81893484e+04             inf     0.00000e+00            0.43     0.00000e+00
   7 -5.71710743e+04             inf     0.00000e+00            0.50     0.00000e+00
   8 -5.69795026e+04             inf     0.00000e+00            0.58     0.00000e+00
   9 -5.67764517e+04             inf     0.00000e+00            0.66     0.00000e+00
  10 -5.67066795e+04 -4.03791428e+04     4.78951e+03            2.68     0.00000e+00
  11 -5.66524079e+04 -4.03791428e+04     4.78951e+03            2.76     0.00000e+00
  12 -5.66158015e+04 -4.03791428e+04     4.78951e+03            2.84     0.00000e+00
  13 -5.65816905e+04 -4.03791428e+04     4.78951e+03            2.92     0.00000e+00
  14 -5.65471126e+04 -4.03791428e+04     4.78951e+03            3.01     0.00000e+00
  15 -5.65096871e+04 -4.03791428e+04     4.78951e+03            3.09     0.00000e+00
  16 -5.64783247e+04 -4.03791428e+04     4.78951e+03            3.18     0.00000e+00
  17 -5.64543986e+04 -4.03791428e+04     4.78951e+03            3.27     0.00000e+00
  18 -5.64526003e+04 -4.03791428e+04     4.78951e+03            3.36     0.00000e+00
  19 -5.64422452e+04 -4.03791428e+04     4.78951e+03            3.45     0.00000e+00
  20 -5.64074117e+04 -5.20325160e+04     2.22994e+03            5.77     0.00000e+00
  21 -5.63969996e+04 -5.20325160e+04     2.22994e+03            5.86     0.00000e+00
  22 -5.63845683e+04 -5.20325160e+04     2.22994e+03            5.96     0.00000e+00
  23 -5.63659635e+04 -5.20325160e+04     2.22994e+03            6.06     0.00000e+00
  24 -5.63594270e+04 -5.20325160e+04     2.22994e+03            6.17     0.00000e+00
  25 -5.63546818e+04 -5.20325160e+04     2.22994e+03            6.27     0.00000e+00
  26 -5.63474241e+04 -5.20325160e+04     2.22994e+03            6.37     0.00000e+00
  27 -5.63388746e+04 -5.20325160e+04     2.22994e+03            6.47     0.00000e+00
  28 -5.63373433e+04 -5.20325160e+04     2.22994e+03            6.59     0.00000e+00
  29 -5.63315393e+04 -5.20325160e+04     2.22994e+03            6.69     0.00000e+00
  30 -5.63274020e+04 -5.13592530e+04     2.46978e+03            9.46     0.00000e+00
  31 -5.63259389e+04 -5.13592530e+04     2.46978e+03            9.57     0.00000e+00
  32 -5.63201366e+04 -5.13592530e+04     2.46978e+03            9.69     0.00000e+00
  33 -5.63157013e+04 -5.13592530e+04     2.46978e+03            9.81     0.00000e+00
  34 -5.63148298e+04 -5.13592530e+04     2.46978e+03            9.95     0.00000e+00
  35 -5.63089030e+04 -5.13592530e+04     2.46978e+03           10.08     0.00000e+00
  36 -5.63085234e+04 -5.13592530e+04     2.46978e+03           10.22     0.00000e+00
  37 -5.63053963e+04 -5.13592530e+04     2.46978e+03           10.35     0.00000e+00
  38 -5.63029824e+04 -5.13592530e+04     2.46978e+03           10.47     0.00000e+00
  39 -5.63016329e+04 -5.13592530e+04     2.46978e+03           10.59     0.00000e+00
  40 -5.63004057e+04 -5.30022561e+04     1.70267e+03           13.70     0.00000e+00
  41 -5.62972901e+04 -5.30022561e+04     1.70267e+03           13.82     0.00000e+00
  42 -5.62949565e+04 -5.30022561e+04     1.70267e+03           13.97     0.00000e+00
  43 -5.62920334e+04 -5.30022561e+04     1.70267e+03           14.10     0.00000e+00
  44 -5.62897830e+04 -5.30022561e+04     1.70267e+03           14.23     0.00000e+00
  45 -5.62878770e+04 -5.30022561e+04     1.70267e+03           14.37     0.00000e+00
  46 -5.62862749e+04 -5.30022561e+04     1.70267e+03           14.53     0.00000e+00
  47 -5.62827255e+04 -5.30022561e+04     1.70267e+03           14.66     0.00000e+00
  48 -5.62817775e+04 -5.30022561e+04     1.70267e+03           14.81     0.00000e+00
  49 -5.62801085e+04 -5.30022561e+04     1.70267e+03           14.94     0.00000e+00
  50 -5.62765196e+04 -5.54661796e+04     1.01939e+03           18.41     0.00000e+00
==============================================================================================
Pass              LB             iUB             iHW       F time       B time    Wall time
Sim1000    -5.62765e+04    -5.40545e+04     8.36644e+02         0.00         0.00        43.54
==============================================================================================
Hydro_R10_AR1_T12_I1000_N30ESS
T: 12
Number of passes: 1000:
Sample paths per pass: 1:
Multicut: True
==============================================================================================
Pass              LB             iUB             iHW    Wall time           Other
==============================================================================================
   0 -1.00006458e+08             inf     0.00000e+00            0.02     0.00000e+00
