Hydro_R5_AR1_T26_I10_CS
T: 26
Number of passes: 10:
Sample paths per pass: 1:
==========================================================================================
Pass              LB             UB^           UB_hw       F time       B time    Wall time
==========================================================================================
  0    -1.00000e+08    -5.59364e+03     0.00000e+00         0.01         0.00         0.01
  1    -7.74234e+03    -4.83791e+03     0.00000e+00         0.01         0.24         0.26
  2    -7.68977e+03    -5.77797e+03     0.00000e+00         0.01         0.17         0.44
  3    -6.63373e+03    -6.31129e+03     0.00000e+00         0.01         0.16         0.62
  4    -6.63117e+03    -6.62528e+03     0.00000e+00         0.01         0.16         0.78
  5    -6.62819e+03    -6.46782e+03     0.00000e+00         0.01         0.17         0.96
  6    -6.54161e+03    -6.68820e+03     0.00000e+00         0.01         0.18         1.16
  7    -6.53669e+03    -6.40956e+03     0.00000e+00         0.01         0.18         1.34
  8    -6.52275e+03    -6.51089e+03     0.00000e+00         0.01         0.19         1.54
  9    -6.52168e+03    -6.42420e+03     0.00000e+00         0.01         0.19         1.74
Time profiling
           Pass        # LPs        setup      simplex       output   cut update      cut gen        other        total
        Forward          260         0.01         0.02         0.01         0.01         0.00         0.03         0.08
       Backward         6750         0.33         0.34         0.26         0.25         0.27         0.20         1.66
==========================================================================================
Sim30    -6.52168e+03    -6.42083e+03     1.22646e+01         0.00         0.00         2.02
Hydro_R10_AR1_T26_I10_CS
T: 26
Number of passes: 10:
Sample paths per pass: 1:
==========================================================================================
Pass              LB             UB^           UB_hw       F time       B time    Wall time
==========================================================================================
  0    -1.00001e+08    -1.46885e+04     0.00000e+00         0.01         0.00         0.01
  1    -1.83616e+04    -1.41257e+04     0.00000e+00         0.01         0.21         0.23
  2    -1.72432e+04    -1.52810e+04     0.00000e+00         0.01         0.22         0.47
  3    -1.68498e+04    -1.55846e+04     0.00000e+00         0.01         0.22         0.70
  4    -1.62566e+04    -1.56623e+04     0.00000e+00         0.01         0.23         0.93
  5    -1.62441e+04    -1.59280e+04     0.00000e+00         0.01         0.24         1.19
  6    -1.62216e+04    -1.59188e+04     0.00000e+00         0.01         0.25         1.45
  7    -1.61130e+04    -1.59633e+04     0.00000e+00         0.01         0.26         1.72
  8    -1.60490e+04    -1.57518e+04     0.00000e+00         0.01         0.28         2.01
  9    -1.60465e+04    -1.59180e+04     0.00000e+00         0.01         0.27         2.29
Time profiling
           Pass        # LPs        setup      simplex       output   cut update      cut gen        other        total
        Forward          260         0.02         0.02         0.02         0.01         0.00         0.03         0.11
       Backward         6750         0.62         0.40         0.34         0.26         0.25         0.30         2.18
==========================================================================================
Sim30    -1.60465e+04    -1.59127e+04     1.13038e+01         0.00         0.00         2.71
Hydro_R50_AR1_T26_I10_CS
T: 26
Number of passes: 10:
Sample paths per pass: 1:
==========================================================================================
Pass              LB             UB^           UB_hw       F time       B time    Wall time
==========================================================================================
  0    -1.00003e+08    -9.07085e+04     0.00000e+00         0.04         0.00         0.04
  1    -9.43816e+04    -9.01457e+04     0.00000e+00         0.04         0.70         0.79
  2    -9.32632e+04    -9.12498e+04     0.00000e+00         0.04         0.73         1.56
  3    -9.29111e+04    -9.15690e+04     0.00000e+00         0.03         0.71         2.31
  4    -9.22730e+04    -9.17553e+04     0.00000e+00         0.03         0.73         3.07
  5    -9.22436e+04    -9.19962e+04     0.00000e+00         0.03         0.73         3.84
  6    -9.21423e+04    -9.19517e+04     0.00000e+00         0.03         0.75         4.62
  7    -9.20852e+04    -9.20012e+04     0.00000e+00         0.03         0.74         5.39
  8    -9.20671e+04    -9.18364e+04     0.00000e+00         0.04         0.78         6.20
  9    -9.20593e+04    -9.19491e+04     0.00000e+00         0.03         0.76         6.99
Time profiling
           Pass        # LPs        setup      simplex       output   cut update      cut gen        other        total
        Forward          260         0.11         0.05         0.07         0.01         0.00         0.12         0.37
       Backward         6750         2.84         0.73         0.92         0.36         0.63         1.15         6.62
==========================================================================================
Sim30    -9.20593e+04    -9.19212e+04     1.12343e+01         0.00         0.00         8.11
Hydro_R100_AR1_T26_I10_CS
T: 26
Number of passes: 10:
Sample paths per pass: 1:
==========================================================================================
Pass              LB             UB^           UB_hw       F time       B time    Wall time
==========================================================================================
  0    -1.00007e+08    -1.85733e+05     0.00000e+00         0.08         0.00         0.08
  1    -1.89407e+05    -1.85171e+05     0.00000e+00         0.06         1.34         1.48
  2    -1.88288e+05    -1.86250e+05     0.00000e+00         0.06         1.33         2.88
  3    -1.88001e+05    -1.86547e+05     0.00000e+00         0.06         1.34         4.27
  4    -1.87329e+05    -1.86785e+05     0.00000e+00         0.06         1.34         5.68
  5    -1.87271e+05    -1.87022e+05     0.00000e+00         0.06         1.35         7.09
  6    -1.87165e+05    -1.86977e+05     0.00000e+00         0.06         1.37         8.52
  7    -1.87112e+05    -1.87040e+05     0.00000e+00         0.06         1.39         9.98
  8    -1.87110e+05    -1.86865e+05     0.00000e+00         0.06         1.37        11.41
  9    -1.87088e+05    -1.86975e+05     0.00000e+00         0.06         1.38        12.85
Time profiling
           Pass        # LPs        setup      simplex       output   cut update      cut gen        other        total
        Forward          260         0.21         0.08         0.12         0.02         0.00         0.22         0.65
       Backward         6750         5.64         1.11         1.63         0.48         1.11         2.23        12.19
==========================================================================================
Sim30    -1.87088e+05    -1.86958e+05     1.02646e+01         0.00         0.00        14.85
Hydro_R500_AR1_T26_I10_CS
T: 26
Number of passes: 10:
Sample paths per pass: 1:
==========================================================================================
Pass              LB             UB^           UB_hw       F time       B time    Wall time
==========================================================================================
  0    -1.00035e+08    -9.45933e+05     0.00000e+00         0.95         0.00         0.95
  1    -9.49607e+05    -9.45371e+05     0.00000e+00         0.31         7.15         8.42
  2    -9.48488e+05    -9.46465e+05     0.00000e+00         0.31         6.49        15.22
  3    -9.48201e+05    -9.46743e+05     0.00000e+00         0.30         6.48        22.00
  4    -9.47529e+05    -9.46941e+05     0.00000e+00         0.32         6.59        28.92
  5    -9.47474e+05    -9.47235e+05     0.00000e+00         0.33         6.43        35.68
  6    -9.47379e+05    -9.47182e+05     0.00000e+00         0.31         6.41        42.41
  7    -9.47294e+05    -9.47226e+05     0.00000e+00         0.35         6.46        49.22
  8    -9.47292e+05    -9.47072e+05     0.00000e+00         0.31         8.18        57.71
  9    -9.47277e+05    -9.47179e+05     0.00000e+00         0.36         6.58        64.65
Time profiling
           Pass        # LPs        setup      simplex       output   cut update      cut gen        other        total
        Forward          260         1.15         0.87         0.63         0.06         0.00         1.16         3.87
       Backward         6750        29.80         4.64         7.98         1.63         5.33        11.39        60.78
==========================================================================================
Sim30    -9.47277e+05    -9.47155e+05     1.11122e+01         0.00         0.00        75.58
Hydro_R1000_AR1_T26_I10_CS
T: 26
Number of passes: 10:
Sample paths per pass: 1:
==========================================================================================
Pass              LB             UB^           UB_hw       F time       B time    Wall time
==========================================================================================
  0    -1.00070e+08    -1.89618e+06     0.00000e+00         2.51         0.00         2.51
  1    -1.89986e+06    -1.89562e+06     0.00000e+00         0.64        14.87        18.02
  2    -1.89874e+06    -1.89672e+06     0.00000e+00         0.62        13.82        32.46
  3    -1.89843e+06    -1.89699e+06     0.00000e+00         0.64        14.29        47.39
  4    -1.89775e+06    -1.89719e+06     0.00000e+00         0.67        14.02        62.09
  5    -1.89773e+06    -1.89743e+06     0.00000e+00         0.70        15.95        78.74
  6    -1.89770e+06    -1.89740e+06     0.00000e+00         0.64        13.87        93.25
  7    -1.89764e+06    -1.89743e+06     0.00000e+00         0.61        13.86       107.72
  8    -1.89755e+06    -1.89724e+06     0.00000e+00         0.74        14.08       122.54
  9    -1.89755e+06    -1.89741e+06     0.00000e+00         0.64        14.34       137.52
Time profiling
           Pass        # LPs        setup      simplex       output   cut update      cut gen        other        total
        Forward          260         2.35         2.27         1.27         0.10         0.00         2.40         8.40
       Backward         6750        64.38         9.53        17.58         3.24        11.07        23.32       129.11
==========================================================================================
Sim30    -1.89755e+06    -1.89741e+06     1.08413e+01         0.00         0.00       158.67
