Hydro_R5_AR1_T26_I200_CS
T: 26
Number of passes: 200:
Sample paths per pass: 1:
==========================================================================================
Pass              LB             UB^           UB_hw       F time       B time    Wall time
==========================================================================================
  0    -1.00000e+08    -5.59364e+03     0.00000e+00         0.01         0.00         0.01
 20    -6.49664e+03    -6.70799e+03     0.00000e+00         0.01         0.25         4.14
 40    -6.48883e+03    -6.65362e+03     0.00000e+00         0.01         0.34        10.36
 60    -6.48580e+03    -6.57291e+03     0.00000e+00         0.02         0.44        18.65
 80    -6.48386e+03    -6.47094e+03     0.00000e+00         0.02         0.55        29.05
100    -6.48248e+03    -6.51078e+03     0.00000e+00         0.02         0.64        41.53
120    -6.48151e+03    -6.51312e+03     0.00000e+00         0.03         0.73        55.79
140    -6.48080e+03    -6.57172e+03     0.00000e+00         0.03         0.88        72.32
160    -6.48034e+03    -6.51801e+03     0.00000e+00         0.04         0.94        90.74
180    -6.47988e+03    -6.33581e+03     0.00000e+00         0.04         1.03       111.77
Time profiling
           Pass        # LPs        setup      simplex       output   cut update      cut gen        other        total
        Forward         5200         0.27         0.64         1.14         2.56         0.00         0.50         5.11
       Backward       149250         7.21        13.72        26.95        64.29        11.72         4.49       128.38
==========================================================================================
Sim1000    -6.47950e+03    -6.47277e+03     3.24047e-01         0.00         0.00       181.26
Hydro_R10_AR1_T26_I200_CS
T: 26
Number of passes: 200:
Sample paths per pass: 1:
==========================================================================================
Pass              LB             UB^           UB_hw       F time       B time    Wall time
==========================================================================================
  0    -1.00001e+08    -1.47303e+04     0.00000e+00         0.01         0.00         0.01
 20    -1.59979e+04    -1.61139e+04     0.00000e+00         0.01         0.31         5.33
 40    -1.59900e+04    -1.59540e+04     0.00000e+00         0.02         0.44        13.13
 60    -1.59877e+04    -1.59399e+04     0.00000e+00         0.02         0.54        22.69
 80    -1.59858e+04    -1.56838e+04     0.00000e+00         0.02         0.62        34.33
100    -1.59848e+04    -1.59697e+04     0.00000e+00         0.03         0.71        48.66
120    -1.59838e+04    -1.60004e+04     0.00000e+00         0.03         0.79        64.73
140    -1.59829e+04    -1.59521e+04     0.00000e+00         0.03         0.92        86.34
160    -1.59825e+04    -1.60160e+04     0.00000e+00         0.04         1.00       106.83
180    -1.59821e+04    -1.58475e+04     0.00000e+00         0.04         1.10       128.87
Time profiling
           Pass        # LPs        setup      simplex       output   cut update      cut gen        other        total
        Forward         5200         0.51         0.72         1.32         2.67         0.00         0.75         5.96
       Backward       149250        13.71        15.66        29.53        66.78        13.12         7.00       145.81
==========================================================================================
Sim1000    -1.59818e+04    -1.59754e+04     3.23768e-01         0.00         0.00       203.60
Hydro_R50_AR1_T26_I200_CS
T: 26
Number of passes: 200:
Sample paths per pass: 1:
==========================================================================================
Pass              LB             UB^           UB_hw       F time       B time    Wall time
==========================================================================================
  0    -1.00003e+08    -9.07503e+04     0.00000e+00         0.04         0.00         0.04
 20    -9.20208e+04    -9.21380e+04     0.00000e+00         0.04         0.83        15.72
 40    -9.20105e+04    -9.19729e+04     0.00000e+00         0.04         0.90        33.67
 60    -9.20083e+04    -9.19589e+04     0.00000e+00         0.05         1.04        53.76
 80    -9.20066e+04    -9.17055e+04     0.00000e+00         0.05         1.12        76.18
100    -9.20053e+04    -9.19931e+04     0.00000e+00         0.05         1.21       100.52
120    -9.20042e+04    -9.20216e+04     0.00000e+00         0.06         1.33       127.20
140    -9.20033e+04    -9.19719e+04     0.00000e+00         0.06         1.44       156.16
160    -9.20029e+04    -9.20383e+04     0.00000e+00         0.07         1.62       188.59
180    -9.20025e+04    -9.18683e+04     0.00000e+00         0.09         2.07       228.85
Time profiling
           Pass        # LPs        setup      simplex       output   cut update      cut gen        other        total
        Forward         5200         2.38         1.18         2.49         2.99         0.00         2.62        11.66
       Backward       149250        65.25        25.38        45.54        74.55        23.09        26.96       260.77
==========================================================================================
Sim1000    -9.20021e+04    -9.19953e+04     3.23348e-01         0.00         0.00       360.57
Hydro_R100_AR1_T26_I200_CS
T: 26
Number of passes: 200:
Sample paths per pass: 1:
==========================================================================================
Pass              LB             UB^           UB_hw       F time       B time    Wall time
==========================================================================================
  0    -1.00007e+08    -1.85775e+05     0.00000e+00         0.12         0.00         0.12
 20    -1.87043e+05    -1.87174e+05     0.00000e+00         0.07         1.42        30.35
 40    -1.87035e+05    -1.87001e+05     0.00000e+00         0.08         1.61        65.27
 60    -1.87033e+05    -1.86984e+05     0.00000e+00         0.11         1.78       103.88
 80    -1.87031e+05    -1.86731e+05     0.00000e+00         0.08         1.75       143.15
100    -1.87030e+05    -1.87011e+05     0.00000e+00         0.10         2.02       184.08
120    -1.87029e+05    -1.87046e+05     0.00000e+00         0.10         2.03       227.50
140    -1.87028e+05    -1.86998e+05     0.00000e+00         0.13         2.11       278.38
160    -1.87028e+05    -1.87062e+05     0.00000e+00         0.11         2.22       329.62
180    -1.87027e+05    -1.86891e+05     0.00000e+00         0.12         2.59       387.46
Time profiling
           Pass        # LPs        setup      simplex       output   cut update      cut gen        other        total
        Forward         5200         5.15         1.78         4.11         3.40         0.00         5.26        19.70
       Backward       149250       138.62        38.49        67.63        83.08        36.79        55.08       419.71
==========================================================================================
Sim1000    -1.87027e+05    -1.87020e+05     3.23622e-01         0.00         0.00       562.23
Hydro_R500_AR1_T26_I200_CS
T: 26
Number of passes: 200:
Sample paths per pass: 1:
==========================================================================================
Pass              LB             UB^           UB_hw       F time       B time    Wall time
==========================================================================================
  0    -1.00035e+08    -9.45975e+05     0.00000e+00         0.91         0.00         0.92
 20    -9.47245e+05    -9.47359e+05     0.00000e+00         0.35         7.63       148.63
 40    -9.47235e+05    -9.47200e+05     0.00000e+00         0.40         9.40       307.27
 60    -9.47233e+05    -9.47184e+05     0.00000e+00         0.39         7.47       476.74
 80    -9.47231e+05    -9.46932e+05     0.00000e+00         0.35         8.38       645.00
100    -9.47230e+05    -9.47211e+05     0.00000e+00         0.37         7.83       808.46
120    -9.47229e+05    -9.47243e+05     0.00000e+00         0.36         7.26       962.60
140    -9.47228e+05    -9.47198e+05     0.00000e+00         0.36         7.43      1116.97
160    -9.47228e+05    -9.47262e+05     0.00000e+00         0.44         8.18      1281.01
180    -9.47227e+05    -9.47091e+05     0.00000e+00         0.37         8.48      1473.25
Time profiling
           Pass        # LPs        setup      simplex       output   cut update      cut gen        other        total
        Forward         5200        25.23         6.09        14.85         4.44         0.00        24.76        75.37
       Backward       149250       705.78       129.85       222.31       120.27       136.18       259.49      1573.88
==========================================================================================
Sim1000    -9.47227e+05    -9.47220e+05     3.23053e-01         0.00         0.00      2028.41
Hydro_R1000_AR1_T26_I200_CS
T: 26
Number of passes: 200:
Sample paths per pass: 1:
==========================================================================================
Pass              LB             UB^           UB_hw       F time       B time    Wall time
==========================================================================================
  0    -1.00070e+08    -1.89623e+06     0.00000e+00         2.16         0.00         2.16
 20    -1.89749e+06    -1.89762e+06     0.00000e+00         0.62        13.39       281.50
 40    -1.89749e+06    -1.89745e+06     0.00000e+00         0.61        13.49       570.00
 60    -1.89748e+06    -1.89743e+06     0.00000e+00         0.63        13.71       853.64
 80    -1.89748e+06    -1.89718e+06     0.00000e+00         0.63        14.02      1143.46
100    -1.89748e+06    -1.89747e+06     0.00000e+00         0.63        14.36      1439.75
120    -1.89748e+06    -1.89750e+06     0.00000e+00         0.64        14.59      1743.43
140    -1.89748e+06    -1.89745e+06     0.00000e+00         0.66        15.28      2054.90
160    -1.89748e+06    -1.89751e+06     0.00000e+00         0.67        15.46      2374.21
180    -1.89748e+06    -1.89734e+06     0.00000e+00         0.68        15.58      2698.13
Time profiling
           Pass        # LPs        setup      simplex       output   cut update      cut gen        other        total
        Forward         5200        45.02        10.47        25.64         4.97         0.00        44.32       130.42
       Backward       149250      1365.00       231.63       409.96       150.49       241.42       479.76      2878.26
==========================================================================================
Sim1000    -1.89748e+06    -1.89747e+06     3.23900e-01         0.00         0.00      3757.17
