Hydro_R100_AR6_T24_I100_ESS_EV
T: 24
Number of passes: 100:
Sample paths per pass: 1:
==========================================================================================
Pass              LB             UB^           UB_hw       F time       B time    Wall time
==========================================================================================
  0    -1.00007e+08    -1.65017e+05     0.00000e+00         0.28         0.00         0.28
 10    -1.65646e+05    -1.65645e+05     0.00000e+00         0.22         5.58        58.06
 20    -1.65646e+05    -1.65646e+05     0.00000e+00         0.24         5.55       117.53
 30    -1.65646e+05    -1.65646e+05     0.00000e+00         0.30         6.14       179.72
 40    -1.65646e+05    -1.65646e+05     0.00000e+00         0.23         6.20       247.24
 50    -1.65646e+05    -1.65646e+05     0.00000e+00         0.23         5.83       313.55
 60    -1.65646e+05    -1.65646e+05     0.00000e+00         0.24         5.81       376.18
 70    -1.65646e+05    -1.65646e+05     0.00000e+00         0.23         6.65       439.02
 80    -1.65646e+05    -1.65646e+05     0.00000e+00         0.23         5.65       499.28
 90    -1.65646e+05    -1.65646e+05     0.00000e+00         0.26         5.68       559.38
Time profiling
           Pass        # LPs        setup      simplex       output   cut update      cut gen        other        total
        Forward         2400        10.81         0.78        10.43         0.02         0.00         2.94        24.98
       Backward        68310       311.70        17.87       156.00         0.43        98.65         3.45       588.09
==========================================================================================
Sim100    -1.65646e+05    -1.65635e+05     1.08222e+00         0.00         0.00       636.23
