Hydro_R200_AR6_T24_I100_ESS
T: 24
Number of passes: 100:
Sample paths per pass: 1:
==========================================================================================
Pass              LB             UB^           UB_hw       F time       B time    Wall time
==========================================================================================
  0    -1.00014e+08    -3.32212e+05     0.00000e+00         0.48         0.00         0.48
 10    -3.32945e+05    -3.33021e+05     0.00000e+00         0.38         8.78        91.78
 20    -3.32941e+05    -3.32947e+05     0.00000e+00         0.39         8.85       183.80
 30    -3.32941e+05    -3.33001e+05     0.00000e+00         0.39         8.86       275.90
 40    -3.32940e+05    -3.32909e+05     0.00000e+00         0.39         8.91       368.44
 50    -3.32940e+05    -3.33034e+05     0.00000e+00         0.40         8.83       461.42
 60    -3.32940e+05    -3.32957e+05     0.00000e+00         0.40         8.99       554.94
 70    -3.32940e+05    -3.32941e+05     0.00000e+00         0.39         8.98       649.11
 80    -3.32939e+05    -3.32971e+05     0.00000e+00         0.39         9.11       743.77
 90    -3.32939e+05    -3.32937e+05     0.00000e+00         0.40         9.12       838.70
Time profiling
           Pass        # LPs        setup      simplex       output   cut update      cut gen        other        total
        Forward         2400        17.96         2.22        17.12         0.01         0.00         2.32        39.64
       Backward        68310       466.03        28.83       225.31         0.27       159.95         4.35       884.74
==========================================================================================
Sim100    -3.32939e+05    -3.32936e+05     1.07502e+00         0.00         0.00       964.71
