Hydro_R200_AR4_T24_I100_ESS
T: 24
Number of passes: 100:
Sample paths per pass: 1:
==========================================================================================
Pass              LB             UB^           UB_hw       F time       B time    Wall time
==========================================================================================
  0    -1.00014e+08    -3.29999e+05     0.00000e+00         0.35         0.00         0.35
 10    -3.32247e+05    -3.32310e+05     0.00000e+00         0.29         6.36        66.88
 20    -3.32231e+05    -3.32239e+05     0.00000e+00         0.28         6.42       133.69
 30    -3.32228e+05    -3.32349e+05     0.00000e+00         0.29         6.44       201.49
 40    -3.32226e+05    -3.32221e+05     0.00000e+00         0.31         6.45       268.92
 50    -3.32225e+05    -3.32425e+05     0.00000e+00         0.31         6.49       336.56
 60    -3.32225e+05    -3.32284e+05     0.00000e+00         0.30         6.58       405.41
 70    -3.32224e+05    -3.32237e+05     0.00000e+00         0.31         6.61       474.01
 80    -3.32224e+05    -3.32224e+05     0.00000e+00         0.31         6.62       543.01
 90    -3.32224e+05    -3.32227e+05     0.00000e+00         0.30         6.64       612.37
Time profiling
           Pass        # LPs        setup      simplex       output   cut update      cut gen        other        total
        Forward         2400        13.52         1.89        12.25         0.01         0.00         2.21        29.89
       Backward        68310       350.58        23.65       159.34         0.21       108.04         3.00       644.82
==========================================================================================
Sim100    -3.32224e+05    -3.32224e+05     1.76272e+00         0.00         0.00       705.52
Hydro_R200_AR5_T24_I100_ESS
T: 24
Number of passes: 100:
Sample paths per pass: 1:
==========================================================================================
Pass              LB             UB^           UB_hw       F time       B time    Wall time
==========================================================================================
  0    -1.00014e+08    -3.30775e+05     0.00000e+00         0.43         0.00         0.43
 10    -3.31823e+05    -3.31932e+05     0.00000e+00         0.35         7.46        78.31
 20    -3.31809e+05    -3.31813e+05     0.00000e+00         0.34         7.47       156.72
 30    -3.31808e+05    -3.31924e+05     0.00000e+00         0.35         7.61       235.50
 40    -3.31806e+05    -3.31723e+05     0.00000e+00         0.34         7.56       314.67
 50    -3.31806e+05    -3.31962e+05     0.00000e+00         0.35         7.68       394.29
 60    -3.31805e+05    -3.31853e+05     0.00000e+00         0.35         7.67       474.21
 70    -3.31805e+05    -3.31799e+05     0.00000e+00         0.34         7.62       554.52
 80    -3.31805e+05    -3.31881e+05     0.00000e+00         0.35         7.72       634.95
 90    -3.31805e+05    -3.31773e+05     0.00000e+00         0.35         7.78       715.74
Time profiling
           Pass        # LPs        setup      simplex       output   cut update      cut gen        other        total
        Forward         2400        15.73         2.08        14.58         0.01         0.00         2.23        34.63
       Backward        68310       405.82        26.10       188.57         0.24       129.93         3.38       754.05
==========================================================================================
Sim100    -3.31805e+05    -3.31794e+05     2.10975e+00         0.00         0.00       823.96
Hydro_R200_AR6_T24_I100_ESS
T: 24
Number of passes: 100:
Sample paths per pass: 1:
==========================================================================================
Pass              LB             UB^           UB_hw       F time       B time    Wall time
==========================================================================================
  0    -1.00014e+08    -3.32212e+05     0.00000e+00         0.48         0.00         0.48
 10    -3.32945e+05    -3.33021e+05     0.00000e+00         0.38         8.78        91.78
 20    -3.32941e+05    -3.32947e+05     0.00000e+00         0.39         8.85       183.80
 30    -3.32941e+05    -3.33001e+05     0.00000e+00         0.39         8.86       275.90
 40    -3.32940e+05    -3.32909e+05     0.00000e+00         0.39         8.91       368.44
 50    -3.32940e+05    -3.33034e+05     0.00000e+00         0.40         8.83       461.42
 60    -3.32940e+05    -3.32957e+05     0.00000e+00         0.40         8.99       554.94
 70    -3.32940e+05    -3.32941e+05     0.00000e+00         0.39         8.98       649.11
 80    -3.32939e+05    -3.32971e+05     0.00000e+00         0.39         9.11       743.77
 90    -3.32939e+05    -3.32937e+05     0.00000e+00         0.40         9.12       838.70
Time profiling
           Pass        # LPs        setup      simplex       output   cut update      cut gen        other        total
        Forward         2400        17.96         2.22        17.12         0.01         0.00         2.32        39.64
       Backward        68310       466.03        28.83       225.31         0.27       159.95         4.35       884.74
==========================================================================================
Sim100    -3.32939e+05    -3.32936e+05     1.07502e+00         0.00         0.00       964.71
