Hydro_R50_AR1_T52_I50_ESS_EV
T: 52
Number of passes: 50:
Sample paths per pass: 1:
==========================================================================================
Pass              LB             UB^           UB_hw       F time       B time    Wall time
==========================================================================================
  0    -1.00003e+08    -1.76137e+05     0.00000e+00         0.13         0.00         0.13
  5    -1.81839e+05    -1.80455e+05     0.00000e+00         0.10         1.73         9.29
 10    -1.81085e+05    -1.80875e+05     0.00000e+00         0.11         2.05        19.37
 15    -1.81000e+05    -1.80955e+05     0.00000e+00         0.09         1.77        29.51
 20    -1.80988e+05    -1.80951e+05     0.00000e+00         0.09         1.75        38.73
 25    -1.80976e+05    -1.80967e+05     0.00000e+00         0.09         1.78        48.09
 30    -1.80973e+05    -1.80970e+05     0.00000e+00         0.09         1.81        57.52
 35    -1.80972e+05    -1.80971e+05     0.00000e+00         0.09         1.80        67.03
 40    -1.80972e+05    -1.80971e+05     0.00000e+00         0.09         1.83        76.56
 45    -1.80972e+05    -1.80971e+05     0.00000e+00         0.09         1.82        86.22
Time profiling
           Pass        # LPs        setup      simplex       output   cut update      cut gen        other        total
        Forward         2600         1.85         0.43         1.44         0.01         0.00         1.24         4.95
       Backward        74970        51.06         4.93        21.10         0.15        11.26         0.96        89.45
==========================================================================================
Sim1000    -1.80972e+05    -1.80583e+05     2.02431e+00         0.00         0.00       190.20
