Hydro_R200_AR2_T24_I100_ESS
T: 24
Number of passes: 100:
Sample paths per pass: 1:
==========================================================================================
Pass              LB             UB^           UB_hw       F time       B time    Wall time
==========================================================================================
  0    -1.00014e+08    -3.27783e+05     0.00000e+00         0.27         0.00         0.27
 10    -3.30901e+05    -3.30732e+05     0.00000e+00         0.19         4.31        45.21
 20    -3.30848e+05    -3.30910e+05     0.00000e+00         0.20         4.45        90.70
 30    -3.30822e+05    -3.31060e+05     0.00000e+00         0.20         4.39       136.40
 40    -3.30809e+05    -3.30734e+05     0.00000e+00         0.20         4.37       182.10
 50    -3.30802e+05    -3.31156e+05     0.00000e+00         0.20         4.38       228.00
 60    -3.30798e+05    -3.30918e+05     0.00000e+00         0.21         4.42       274.21
 70    -3.30794e+05    -3.30840e+05     0.00000e+00         0.21         4.45       320.59
 80    -3.30792e+05    -3.30894e+05     0.00000e+00         0.22         4.45       367.20
 90    -3.30791e+05    -3.30893e+05     0.00000e+00         0.20         4.40       413.51
Time profiling
           Pass        # LPs        setup      simplex       output   cut update      cut gen        other        total
        Forward         2400         9.07         1.70         7.55         0.01         0.00         2.14        20.47
       Backward        68310       243.95        20.84       101.59         0.18        66.47         2.02       435.04
==========================================================================================
Sim100    -3.30790e+05    -3.30761e+05     5.60686e+00         0.00         0.00       477.14
Hydro_R200_AR3_T24_I100_ESS
T: 24
Number of passes: 100:
Sample paths per pass: 1:
==========================================================================================
Pass              LB             UB^           UB_hw       F time       B time    Wall time
==========================================================================================
  0    -1.00014e+08    -3.19781e+05     0.00000e+00         0.33         0.00         0.33
 10    -3.29710e+05    -3.28725e+05     0.00000e+00         0.24         5.45        57.51
 20    -3.29217e+05    -3.29076e+05     0.00000e+00         0.26         5.46       114.73
 30    -3.29073e+05    -3.29415e+05     0.00000e+00         0.27         5.54       172.26
 40    -3.29044e+05    -3.28893e+05     0.00000e+00         0.26         5.59       230.51
 50    -3.29034e+05    -3.29514e+05     0.00000e+00         0.26         5.35       288.88
 60    -3.29026e+05    -3.29314e+05     0.00000e+00         0.26         5.36       345.04
 70    -3.29022e+05    -3.29117e+05     0.00000e+00         0.25         5.39       401.45
 80    -3.29018e+05    -3.29163e+05     0.00000e+00         0.26         5.62       461.29
 90    -3.29015e+05    -3.28906e+05     0.00000e+00         0.27         5.51       520.80
Time profiling
           Pass        # LPs        setup      simplex       output   cut update      cut gen        other        total
        Forward         2400        11.42         1.99        10.00         0.01         0.00         2.19        25.60
       Backward        68310       299.81        23.82       131.87         0.21        88.24         2.72       546.67
==========================================================================================
Sim100    -3.29014e+05    -3.28964e+05     7.65876e+00         0.00         0.00       598.49
Hydro_R200_AR4_T24_I100_ESS
T: 24
Number of passes: 100:
Sample paths per pass: 1:
==========================================================================================
Pass              LB             UB^           UB_hw       F time       B time    Wall time
==========================================================================================
  0    -1.00014e+08    -3.29999e+05     0.00000e+00         0.35         0.00         0.35
 10    -3.32247e+05    -3.32310e+05     0.00000e+00         0.29         6.36        66.88
 20    -3.32231e+05    -3.32239e+05     0.00000e+00         0.28         6.42       133.69
 30    -3.32228e+05    -3.32349e+05     0.00000e+00         0.29         6.44       201.49
 40    -3.32226e+05    -3.32221e+05     0.00000e+00         0.31         6.45       268.92
 50    -3.32225e+05    -3.32425e+05     0.00000e+00         0.31         6.49       336.56
 60    -3.32225e+05    -3.32284e+05     0.00000e+00         0.30         6.58       405.41
 70    -3.32224e+05    -3.32237e+05     0.00000e+00         0.31         6.61       474.01
 80    -3.32224e+05    -3.32224e+05     0.00000e+00         0.31         6.62       543.01
 90    -3.32224e+05    -3.32227e+05     0.00000e+00         0.30         6.64       612.37
Time profiling
           Pass        # LPs        setup      simplex       output   cut update      cut gen        other        total
        Forward         2400        13.52         1.89        12.25         0.01         0.00         2.21        29.89
       Backward        68310       350.58        23.65       159.34         0.21       108.04         3.00       644.82
==========================================================================================
Sim100    -3.32224e+05    -3.32224e+05     1.76272e+00         0.00         0.00       705.52
Hydro_R200_AR5_T24_I100_ESS
T: 24
Number of passes: 100:
Sample paths per pass: 1:
==========================================================================================
Pass              LB             UB^           UB_hw       F time       B time    Wall time
==========================================================================================
  0    -1.00014e+08    -3.30775e+05     0.00000e+00         0.43         0.00         0.43
 10    -3.31823e+05    -3.31932e+05     0.00000e+00         0.35         7.46        78.31
 20    -3.31809e+05    -3.31813e+05     0.00000e+00         0.34         7.47       156.72
 30    -3.31808e+05    -3.31924e+05     0.00000e+00         0.35         7.61       235.50
 40    -3.31806e+05    -3.31723e+05     0.00000e+00         0.34         7.56       314.67
 50    -3.31806e+05    -3.31962e+05     0.00000e+00         0.35         7.68       394.29
 60    -3.31805e+05    -3.31853e+05     0.00000e+00         0.35         7.67       474.21
 70    -3.31805e+05    -3.31799e+05     0.00000e+00         0.34         7.62       554.52
 80    -3.31805e+05    -3.31881e+05     0.00000e+00         0.35         7.72       634.95
 90    -3.31805e+05    -3.31773e+05     0.00000e+00         0.35         7.78       715.74
Time profiling
           Pass        # LPs        setup      simplex       output   cut update      cut gen        other        total
        Forward         2400        15.73         2.08        14.58         0.01         0.00         2.23        34.63
       Backward        68310       405.82        26.10       188.57         0.24       129.93         3.38       754.05
==========================================================================================
Sim100    -3.31805e+05    -3.31794e+05     2.10975e+00         0.00         0.00       823.96
Hydro_R200_AR6_T24_I100_ESS
T: 24
Number of passes: 100:
Sample paths per pass: 1:
==========================================================================================
Pass              LB             UB^           UB_hw       F time       B time    Wall time
==========================================================================================
  0    -1.00014e+08    -3.32212e+05     0.00000e+00         0.48         0.00         0.48
 10    -3.32945e+05    -3.33021e+05     0.00000e+00         0.38         8.78        91.78
 20    -3.32941e+05    -3.32947e+05     0.00000e+00         0.39         8.85       183.80
 30    -3.32941e+05    -3.33001e+05     0.00000e+00         0.39         8.86       275.90
 40    -3.32940e+05    -3.32909e+05     0.00000e+00         0.39         8.91       368.44
 50    -3.32940e+05    -3.33034e+05     0.00000e+00         0.40         8.83       461.42
 60    -3.32940e+05    -3.32957e+05     0.00000e+00         0.40         8.99       554.94
 70    -3.32940e+05    -3.32941e+05     0.00000e+00         0.39         8.98       649.11
 80    -3.32939e+05    -3.32971e+05     0.00000e+00         0.39         9.11       743.77
 90    -3.32939e+05    -3.32937e+05     0.00000e+00         0.40         9.12       838.70
Time profiling
           Pass        # LPs        setup      simplex       output   cut update      cut gen        other        total
        Forward         2400        17.96         2.22        17.12         0.01         0.00         2.32        39.64
       Backward        68310       466.03        28.83       225.31         0.27       159.95         4.35       884.74
==========================================================================================
Sim100    -3.32939e+05    -3.32936e+05     1.07502e+00         0.00         0.00       964.71
